Test: InstallSnapshot RPC (3B) ...
  ... Passed --   3.9  3  2688   63
Test: snapshot size is reasonable (3B) ...
  ... Passed --   8.4  3  4949  800
Test: ops complete fast enough (3B) ...
  ... Passed --   9.9  3  5549    0
Test: restarts, snapshots, one client (3B) ...
  ... Passed --  19.4  5 16173 1478
Test: restarts, snapshots, many clients (3B) ...
unexpected fault address 0xffffffffffffffff
fatal error: fault
[signal 0xc0000005 code=0x0 addr=0xffffffffffffffff pc=0x339c25]

goroutine 250939 [running]:
runtime.throw({0x4338a0, 0x1e})
	D:/ProgramFiles/Go/src/runtime/panic.go:1198 +0x76 fp=0xc000664bc0 sp=0xc000664b90 pc=0x2a8e56
runtime.sigpanic()
	D:/ProgramFiles/Go/src/runtime/signal_windows.go:260 +0x10c fp=0xc000664c08 sp=0xc000664bc0 pc=0x2bd3ac
reflect.(*rtype).Kind(...)
	D:/ProgramFiles/Go/src/reflect/type.go:819
reflect.unpackEface(...)
	D:/ProgramFiles/Go/src/reflect/value.go:151
reflect.Value.Elem({0x406b20, 0xc000a483a0, 0xc000416ae0})
	D:/ProgramFiles/Go/src/reflect/value.go:1158 +0xc5 fp=0xc000664c48 sp=0xc000664c08 pc=0x339c25
encoding/gob.(*Encoder).encodeInterface(0xc00072f360, 0xc00072f398, {0x406b20, 0xc000a483a0, 0xc000664dd8})
	D:/ProgramFiles/Go/src/encoding/gob/encode.go:388 +0x6c fp=0xc000664d98 sp=0xc000664c48 pc=0x3b448c
encoding/gob.encOpFor.func5(0xc00011a480, 0xc000809180, {0x406b20, 0xc000a483a0, 0xc0005b76b0})
	D:/ProgramFiles/Go/src/encoding/gob/encode.go:589 +0x116 fp=0xc000664de8 sp=0xc000664d98 pc=0x3bd596
encoding/gob.(*Encoder).encodeStruct(0xc00072f360, 0xc00072f398, 0xc00028a8b8, {0x419740, 0xc000a483a0, 0x482520})
	D:/ProgramFiles/Go/src/encoding/gob/encode.go:328 +0x2d1 fp=0xc000664ea8 sp=0xc000664de8 pc=0x3b3991
encoding/gob.encOpFor.func4(0x3fbc80, 0xc0004ff140, {0x419740, 0xc000a483a0, 0xc0005b76b0})
	D:/ProgramFiles/Go/src/encoding/gob/encode.go:581 +0xec fp=0xc000664f18 sp=0xc000664ea8 pc=0x3b5e8c
encoding/gob.(*Encoder).encodeArray(0x3fbc80, 0xc0004ff140, {0x3fbc80, 0xc0004ff140, 0xc000665088}, 0xc00007b020, 0x0, 0x29, 0x0)
	D:/ProgramFiles/Go/src/encoding/gob/encode.go:351 +0x29d fp=0xc000664fe8 sp=0xc000664f18 pc=0x3b3d3d
encoding/gob.encOpFor.func1(0xc00007db60, 0xc000809100, {0x3fbc80, 0xc0004ff140, 0xc0006650e8})
	D:/ProgramFiles/Go/src/encoding/gob/encode.go:551 +0x136 fp=0xc000665070 sp=0xc000664fe8 pc=0x3b6396
encoding/gob.(*Encoder).encodeSingle(0x3fbc80, 0xc0004ff140, 0xc0000795c0, {0x3fbc80, 0xc0004ff140, 0xc000665158})
	D:/ProgramFiles/Go/src/encoding/gob/encode.go:301 +0x219 fp=0xc0006650f8 sp=0xc000665070 pc=0x3b35d9
encoding/gob.(*Encoder).encode(0xc00072f360, 0xc0005b7710, {0x3fbc80, 0xc0004ff140, 0xc0000795c0}, 0xc0000795c0)
	D:/ProgramFiles/Go/src/encoding/gob/encode.go:703 +0x1ac fp=0xc0006651a8 sp=0xc0006650f8 pc=0x3b738c
encoding/gob.(*Encoder).EncodeValue(0xc00072f360, {0x3fbc80, 0xc0004ff140, 0x3fbc80})
	D:/ProgramFiles/Go/src/encoding/gob/encoder.go:251 +0x42e fp=0xc000665278 sp=0xc0006651a8 pc=0x3b866e
encoding/gob.(*Encoder).Encode(0x3fbc80, {0x3fbc80, 0xc0004ff140})
	D:/ProgramFiles/Go/src/encoding/gob/encoder.go:176 +0xa5 fp=0xc0006652b8 sp=0xc000665278 pc=0x3b8045
6.824/labgob.(*LabEncoder).Encode(0xc0007147f8, {0x3fbc80, 0xc0004ff140})
	D:/Go/src/6.824/src/labgob/labgob.go:34 +0x45 fp=0xc0006652e0 sp=0xc0006652b8 pc=0x3bfec5
6.824/raft.(*Raft).GetRaftStateData(0xc0003400f0)
	D:/Go/src/6.824/src/raft/raft.go:136 +0x72 fp=0xc000665318 sp=0xc0006652e0 pc=0x3ca4b2
6.824/raft.(*Raft).persist(0xc0003400f0)
	D:/Go/src/6.824/src/raft/raft.go:142 +0x1e fp=0xc000665348 sp=0xc000665318 pc=0x3ca57e
6.824/raft.(*Raft).AppendLog(0xc0003400f0, 0xc0004a69c0, 0xc00040afc0)
	D:/Go/src/6.824/src/raft/raft.go:398 +0x52a fp=0xc000665478 sp=0xc000665348 pc=0x3cbe6a
runtime.call32(0xc000233a40, 0xc0001b00d0, 0x0, 0x0, 0x0, 0x18, 0xc0006659b8)
	D:/ProgramFiles/Go/src/runtime/asm_amd64.s:626 +0x50 fp=0xc0006654a8 sp=0xc000665478 pc=0x2d7c30
runtime.reflectcall(0x3f7940, 0xc00040afc0, 0x4, 0x436d1d, 0x0, 0x12, 0x3f7940)
	<autogenerated>:1 +0x3c fp=0xc0006654e8 sp=0xc0006654a8 pc=0x2dbf3c
reflect.Value.call({0xc0000da2a0, 0xc0001b00d0, 0xc000509b10}, {0x4335ed, 0x4}, {0xc000509c68, 0x3, 0xc000509b40})
	D:/ProgramFiles/Go/src/reflect/value.go:543 +0x814 fp=0xc000665ad8 sp=0xc0006654e8 pc=0x337354
reflect.Value.Call({0xc0000da2a0, 0xc0001b00d0, 0xc000108de8}, {0xc000509c68, 0x3, 0x3})
	D:/ProgramFiles/Go/src/reflect/value.go:339 +0xc5 fp=0xc000665b50 sp=0xc000665ad8 pc=0x336905
6.824/labrpc.(*Service).dispatch(0xc0004c2300, {0x4358b8, 0x9}, {{0x3ff780, 0xc0002474e0}, {0x4358b3, 0xe}, {0x482520, 0x3f7900}, {0xc000472800, ...}, ...})
	D:/Go/src/6.824/src/labrpc/labrpc.go:496 +0x39d fp=0xc000665dc0 sp=0xc000665b50 pc=0x3c57bd
6.824/labrpc.(*Server).dispatch(0xc0005dc018, {{0x3ff780, 0xc0002474e0}, {0x4358b3, 0xe}, {0x482520, 0x3f7900}, {0xc000472800, 0x3db, 0x793}, ...})
	D:/Go/src/6.824/src/labrpc/labrpc.go:420 +0x1fe fp=0xc000665f50 sp=0xc000665dc0 pc=0x3c4dde
6.824/labrpc.(*Network).processReq.func1()
	D:/Go/src/6.824/src/labrpc/labrpc.go:240 +0x58 fp=0xc000665fe0 sp=0xc000665f50 pc=0x3c3ff8
runtime.goexit()
	D:/ProgramFiles/Go/src/runtime/asm_amd64.s:1581 +0x1 fp=0xc000665fe8 sp=0xc000665fe0 pc=0x2d99a1
created by 6.824/labrpc.(*Network).processReq
	D:/Go/src/6.824/src/labrpc/labrpc.go:239 +0x1df

goroutine 1 [chan receive]:
testing.(*T).Run(0xc000085860, {0x43bab0, 0x2dc253}, 0x449398)
	D:/ProgramFiles/Go/src/testing/testing.go:1307 +0x375
testing.runTests.func1(0xc000085860)
	D:/ProgramFiles/Go/src/testing/testing.go:1598 +0x6e
testing.tRunner(0xc000085860, 0xc0000c3d18)
	D:/ProgramFiles/Go/src/testing/testing.go:1259 +0x102
testing.runTests(0xc000106000, {0x5952e0, 0x17, 0x17}, {0x2fd42d, 0x435a81, 0x598d60})
	D:/ProgramFiles/Go/src/testing/testing.go:1596 +0x43f
testing.(*M).Run(0xc000106000)
	D:/ProgramFiles/Go/src/testing/testing.go:1504 +0x51d
main.main()
	_testmain.go:87 +0x14b

goroutine 102044 [sleep]:
time.Sleep(0x12a05f200)
	D:/ProgramFiles/Go/src/runtime/time.go:193 +0x133
6.824/kvraft.GenericTest(0xc0004c6000, {0x433378, 0x2}, 0x14, 0x5, 0x0, 0x1, 0x0, 0x3e8, 0x0)
	D:/Go/src/6.824/src/kvraft/test_test.go:298 +0x787
6.824/kvraft.TestSnapshotRecoverManyClients3B(0xc000387d40)
	D:/Go/src/6.824/src/kvraft/test_test.go:695 +0x45
testing.tRunner(0xc0004c6000, 0x449398)
	D:/ProgramFiles/Go/src/testing/testing.go:1259 +0x102
created by testing.(*T).Run
	D:/ProgramFiles/Go/src/testing/testing.go:1306 +0x35a

goroutine 251123 [chan receive]:
6.824/labrpc.(*ClientEnd).Call(0xc000096640, {0x434b19, 0x3e}, {0x4073e0, 0xc00055dd40}, {0x3f74c0, 0xc0001cbce0})
	D:/Go/src/6.824/src/labrpc/labrpc.go:112 +0x26e
6.824/kvraft.(*Clerk).Execute.func1(0x3)
	D:/Go/src/6.824/src/kvraft/client.go:47 +0x9b
created by 6.824/kvraft.(*Clerk).Execute
	D:/Go/src/6.824/src/kvraft/client.go:45 +0x151

goroutine 102067 [chan receive]:
6.824/kvraft.(*KVServer).doExecute(0xc000102230)
	D:/Go/src/6.824/src/kvraft/server.go:123 +0x70
created by 6.824/kvraft.StartKVServer
	D:/Go/src/6.824/src/kvraft/server.go:201 +0x229

goroutine 251087 [semacquire]:
sync.runtime_SemacquireMutex(0x3ed46a, 0x8, 0x0)
	D:/ProgramFiles/Go/src/runtime/sema.go:71 +0x25
sync.(*Mutex).lockSlow(0xc0003400f0)
	D:/ProgramFiles/Go/src/sync/mutex.go:138 +0x165
sync.(*Mutex).Lock(...)
	D:/ProgramFiles/Go/src/sync/mutex.go:81
6.824/raft.(*Raft).lock(...)
	D:/Go/src/6.824/src/raft/raft.go:473
6.824/raft.(*Raft).AppendLog(0xc0003400f0, 0xc0002c3740, 0xc0002352c0)
	D:/Go/src/6.824/src/raft/raft.go:331 +0x75
reflect.Value.call({0xc0000da2a0, 0xc0001b00d0, 0xc00087bb10}, {0x4335ed, 0x4}, {0xc00087bc68, 0x3, 0xc00087bb40})
	D:/ProgramFiles/Go/src/reflect/value.go:543 +0x814
reflect.Value.Call({0xc0000da2a0, 0xc0001b00d0, 0xc00070c5e8}, {0xc00087bc68, 0x3, 0x3})
	D:/ProgramFiles/Go/src/reflect/value.go:339 +0xc5
6.824/labrpc.(*Service).dispatch(0xc0004c2300, {0x4358b8, 0x9}, {{0x3ff780, 0xc0002474e0}, {0x4358b3, 0xe}, {0x482520, 0x3f7900}, {0xc000c24000, ...}, ...})
	D:/Go/src/6.824/src/labrpc/labrpc.go:496 +0x39d
6.824/labrpc.(*Server).dispatch(0xc0005dc018, {{0x3ff780, 0xc0002474e0}, {0x4358b3, 0xe}, {0x482520, 0x3f7900}, {0xc000c24000, 0x72d8, 0x7450}, ...})
	D:/Go/src/6.824/src/labrpc/labrpc.go:420 +0x1fe
6.824/labrpc.(*Network).processReq.func1()
	D:/Go/src/6.824/src/labrpc/labrpc.go:240 +0x58
created by 6.824/labrpc.(*Network).processReq
	D:/Go/src/6.824/src/labrpc/labrpc.go:239 +0x1df

goroutine 102085 [select]:
6.824/kvraft.(*Clerk).Execute(0xc000078200, 0xc0007f5590, 0xc00004bc58)
	D:/Go/src/6.824/src/kvraft/client.go:52 +0x1b2
6.824/kvraft.(*Clerk).Get(0xc000078200, {0x441e9a, 0x2})
	D:/Go/src/6.824/src/kvraft/client.go:74 +0x185
6.824/kvraft.Get(0xc00011a780, 0x2, {0x441e9a, 0x2}, 0xc0004e26c0, 0xe)
	D:/Go/src/6.824/src/kvraft/test_test.go:43 +0xbb
6.824/kvraft.GenericTest.func1(0xe, 0xc000324a20, 0xc0004c6000)
	D:/Go/src/6.824/src/kvraft/test_test.go:284 +0x3e5
6.824/kvraft.run_client(0xc000644720, 0xc00011a780, 0x120, 0xc000644600, 0xc000102410)
	D:/Go/src/6.824/src/kvraft/test_test.go:103 +0xe4
created by 6.824/kvraft.spawn_clients_and_wait
	D:/Go/src/6.824/src/kvraft/test_test.go:113 +0x51

goroutine 251178 [runnable]:
6.824/raft.(*Raft).AppendLog·dwrap·16()
	D:/Go/src/6.824/src/raft/raft.go:351
runtime.goexit()
	D:/ProgramFiles/Go/src/runtime/asm_amd64.s:1581 +0x1
created by 6.824/raft.(*Raft).AppendLog
	D:/Go/src/6.824/src/raft/raft.go:351 +0x2cb

goroutine 250932 [runnable]:
6.824/labrpc.(*ClientEnd).Call(0xc000096500, {0x4358b3, 0x1}, {0x3f7900, 0xc0005ed500}, {0x3f7940, 0xc00040afd0})
	D:/Go/src/6.824/src/labrpc/labrpc.go:101 +0x211
6.824/raft.(*Raft).sendAppendLog(...)
	D:/Go/src/6.824/src/raft/raft.go:460
6.824/raft.(*Raft).sendMsg.func1(0x1)
	D:/Go/src/6.824/src/raft/raft.go:302 +0x90
created by 6.824/raft.(*Raft).sendMsg
	D:/Go/src/6.824/src/raft/raft.go:300 +0x4a5

goroutine 102088 [select]:
6.824/kvraft.(*Clerk).Execute(0xc000316600, 0xc000397950, 0xc00059bc58)
	D:/Go/src/6.824/src/kvraft/client.go:52 +0x1b2
6.824/kvraft.(*Clerk).Get(0xc000316600, {0x441ea0, 0x2})
	D:/Go/src/6.824/src/kvraft/client.go:74 +0x185
6.824/kvraft.Get(0xc00011a780, 0x2, {0x441ea0, 0x2}, 0xc0004e26c0, 0x11)
	D:/Go/src/6.824/src/kvraft/test_test.go:43 +0xbb
6.824/kvraft.GenericTest.func1(0x11, 0xc000324ab0, 0xc0004c6000)
	D:/Go/src/6.824/src/kvraft/test_test.go:284 +0x3e5
6.824/kvraft.run_client(0xc000362f30, 0xc00011a780, 0xc00059bfd0, 0x3cb62d, 0xc000102410)
	D:/Go/src/6.824/src/kvraft/test_test.go:103 +0xe4
created by 6.824/kvraft.spawn_clients_and_wait
	D:/Go/src/6.824/src/kvraft/test_test.go:113 +0x51

goroutine 102086 [select]:
6.824/kvraft.(*Clerk).Execute(0xc000078240, 0xc000594ff0, 0xc00017bc68)
	D:/Go/src/6.824/src/kvraft/client.go:52 +0x1b2
6.824/kvraft.(*Clerk).Append(0xc000078240, {0x441e9c, 0x2}, {0xc0007dd414, 0xa})
	D:/Go/src/6.824/src/kvraft/client.go:103 +0x1ad
6.824/kvraft.Append(0xc00011a780, 0x2, {0x441e9c, 0x2}, {0xc0007dd414, 0xa}, 0xc0004e26c0, 0xf)
	D:/Go/src/6.824/src/kvraft/test_test.go:77 +0xd5
6.824/kvraft.GenericTest.func1(0xf, 0xc000324a50, 0xc0004c6000)
	D:/Go/src/6.824/src/kvraft/test_test.go:272 +0x587
6.824/kvraft.run_client(0x3cc092, 0xc00011a780, 0xc0000f2b40, 0xa, 0xc000102410)
	D:/Go/src/6.824/src/kvraft/test_test.go:103 +0xe4
created by 6.824/kvraft.spawn_clients_and_wait
	D:/Go/src/6.824/src/kvraft/test_test.go:113 +0x51

goroutine 102066 [sleep]:
time.Sleep(0xea9a980)
	D:/ProgramFiles/Go/src/runtime/time.go:193 +0x133
6.824/raft.(*Raft).electionTicker(0xc0003401e0)
	D:/Go/src/6.824/src/raft/raft.go:627 +0x95
created by 6.824/raft.Make
	D:/Go/src/6.824/src/raft/raft.go:668 +0x27b

goroutine 251109 [runnable]:
6.824/labrpc.MakeNetwork.func1·dwrap·1()
	D:/Go/src/6.824/src/labrpc/labrpc.go:157
runtime.goexit()
	D:/ProgramFiles/Go/src/runtime/asm_amd64.s:1581 +0x1
created by 6.824/labrpc.MakeNetwork.func1
	D:/Go/src/6.824/src/labrpc/labrpc.go:157 +0x3e

goroutine 251111 [runnable]:
6.824/labrpc.MakeNetwork.func1·dwrap·1()
	D:/Go/src/6.824/src/labrpc/labrpc.go:157
runtime.goexit()
	D:/ProgramFiles/Go/src/runtime/asm_amd64.s:1581 +0x1
created by 6.824/labrpc.MakeNetwork.func1
	D:/Go/src/6.824/src/labrpc/labrpc.go:157 +0x3e

goroutine 251054 [runnable]:
6.824/labrpc.(*ClientEnd).Call(0xc00024a600, {0x434b19, 0x60f}, {0x4073e0, 0xc000594ff0}, {0x3f74c0, 0xc0001cb890})
	D:/Go/src/6.824/src/labrpc/labrpc.go:101 +0x211
6.824/kvraft.(*Clerk).Execute.func1(0x1)
	D:/Go/src/6.824/src/kvraft/client.go:47 +0x9b
created by 6.824/kvraft.(*Clerk).Execute
	D:/Go/src/6.824/src/kvraft/client.go:45 +0x151

goroutine 250883 [runnable]:
6.824/labrpc.(*ClientEnd).Call(0xc000096520, {0x4358b3, 0x482520}, {0x3f7900, 0xc000284ae0}, {0x3f7940, 0xc000363600})
	D:/Go/src/6.824/src/labrpc/labrpc.go:101 +0x211
6.824/raft.(*Raft).sendAppendLog(...)
	D:/Go/src/6.824/src/raft/raft.go:460
6.824/raft.(*Raft).sendMsg.func1(0x2)
	D:/Go/src/6.824/src/raft/raft.go:302 +0x90
created by 6.824/raft.(*Raft).sendMsg
	D:/Go/src/6.824/src/raft/raft.go:300 +0x4a5

goroutine 101920 [sleep]:
time.Sleep(0x11a49a00)
	D:/ProgramFiles/Go/src/runtime/time.go:193 +0x133
6.824/raft.(*Raft).electionTicker(0xc0003400f0)
	D:/Go/src/6.824/src/raft/raft.go:627 +0x95
created by 6.824/raft.Make
	D:/Go/src/6.824/src/raft/raft.go:668 +0x27b

goroutine 102074 [select]:
6.824/kvraft.(*Clerk).Execute(0xc0000780c0, 0xc000883140, 0xc00012dc68)
	D:/Go/src/6.824/src/kvraft/client.go:52 +0x1b2
6.824/kvraft.(*Clerk).Append(0xc0000780c0, {0x43ce89, 0x1}, {0xc00073cfc3, 0x9})
	D:/Go/src/6.824/src/kvraft/client.go:103 +0x1ad
6.824/kvraft.Append(0xc00011a780, 0x2, {0x43ce89, 0x1}, {0xc00073cfc3, 0x9}, 0xc0004e26c0, 0x3)
	D:/Go/src/6.824/src/kvraft/test_test.go:77 +0xd5
6.824/kvraft.GenericTest.func1(0x3, 0xc00000c780, 0xc0004c6000)
	D:/Go/src/6.824/src/kvraft/test_test.go:272 +0x587
6.824/kvraft.run_client(0xc0005c0000, 0xc00011a780, 0xbcb, 0xc000050840, 0xc000102410)
	D:/Go/src/6.824/src/kvraft/test_test.go:103 +0xe4
created by 6.824/kvraft.spawn_clients_and_wait
	D:/Go/src/6.824/src/kvraft/test_test.go:113 +0x51

goroutine 251143 [select]:
6.824/labrpc.(*Network).processReq(0xc0003caaa0, {{0x3ff780, 0xc000193eb0}, {0x434b19, 0xb}, {0x482520, 0x4073e0}, {0xc000a68600, 0x6a, 0xb4}, ...})
	D:/Go/src/6.824/src/labrpc/labrpc.go:251 +0x41c
created by 6.824/labrpc.MakeNetwork.func1
	D:/Go/src/6.824/src/labrpc/labrpc.go:157 +0x3e

goroutine 251122 [runnable]:
6.824/labrpc.(*ClientEnd).Call(0xc0008060e0, {0x434b19, 0x3cb6f0}, {0x4073e0, 0xc00065f860}, {0x3f74c0, 0xc0001cbc50})
	D:/Go/src/6.824/src/labrpc/labrpc.go:101 +0x211
6.824/kvraft.(*Clerk).Execute.func1(0x0)
	D:/Go/src/6.824/src/kvraft/client.go:47 +0x9b
created by 6.824/kvraft.(*Clerk).Execute
	D:/Go/src/6.824/src/kvraft/client.go:45 +0x151

goroutine 102078 [select]:
6.824/kvraft.(*Clerk).Execute(0xc000880340, 0xc00065f860, 0xc0006adc68)
	D:/Go/src/6.824/src/kvraft/client.go:52 +0x1b2
6.824/kvraft.(*Clerk).Append(0xc000880340, {0x43ce8d, 0x1}, {0xc000681de0, 0x9})
	D:/Go/src/6.824/src/kvraft/client.go:103 +0x1ad
6.824/kvraft.Append(0xc00011a780, 0x2, {0x43ce8d, 0x1}, {0xc000681de0, 0x9}, 0xc0004e26c0, 0x7)
	D:/Go/src/6.824/src/kvraft/test_test.go:77 +0xd5
6.824/kvraft.GenericTest.func1(0x7, 0xc000324b10, 0xc0004c6000)
	D:/Go/src/6.824/src/kvraft/test_test.go:272 +0x587
6.824/kvraft.run_client(0xc000112000, 0xc00011a780, 0x28a, 0xc000050ae0, 0xc000102410)
	D:/Go/src/6.824/src/kvraft/test_test.go:103 +0xe4
created by 6.824/kvraft.spawn_clients_and_wait
	D:/Go/src/6.824/src/kvraft/test_test.go:113 +0x51

goroutine 251155 [runnable]:
6.824/raft.(*Raft).sendMsg·dwrap·14()
	D:/Go/src/6.824/src/raft/raft.go:300
runtime.goexit()
	D:/ProgramFiles/Go/src/runtime/asm_amd64.s:1581 +0x1
created by 6.824/raft.(*Raft).sendMsg
	D:/Go/src/6.824/src/raft/raft.go:300 +0x4a5

goroutine 102045 [runnable]:
6.824/labrpc.MakeNetwork.func1()
	D:/Go/src/6.824/src/labrpc/labrpc.go:153 +0xbe
created by 6.824/labrpc.MakeNetwork
	D:/Go/src/6.824/src/labrpc/labrpc.go:151 +0x17b

goroutine 102080 [select]:
6.824/kvraft.(*Clerk).Execute(0xc00020e140, 0xc00065e540, 0xc0006a9c68)
	D:/Go/src/6.824/src/kvraft/client.go:52 +0x1b2
6.824/kvraft.(*Clerk).Append(0xc00020e140, {0x43ce8f, 0x1}, {0xc0006812c3, 0x9})
	D:/Go/src/6.824/src/kvraft/client.go:103 +0x1ad
6.824/kvraft.Append(0xc00011a780, 0x2, {0x43ce8f, 0x1}, {0xc0006812c3, 0x9}, 0xc0004e26c0, 0x9)
	D:/Go/src/6.824/src/kvraft/test_test.go:77 +0xd5
6.824/kvraft.GenericTest.func1(0x9, 0xc00000c6c0, 0xc0004c6000)
	D:/Go/src/6.824/src/kvraft/test_test.go:272 +0x587
6.824/kvraft.run_client(0x3cc732, 0xc00011a780, 0xc00046c3c0, 0x2, 0xc000102410)
	D:/Go/src/6.824/src/kvraft/test_test.go:103 +0xe4
created by 6.824/kvraft.spawn_clients_and_wait
	D:/Go/src/6.824/src/kvraft/test_test.go:113 +0x51

goroutine 102047 [chan receive]:
6.824/kvraft.(*KVServer).doExecute(0xc0003cab40)
	D:/Go/src/6.824/src/kvraft/server.go:123 +0x70
created by 6.824/kvraft.StartKVServer
	D:/Go/src/6.824/src/kvraft/server.go:201 +0x229

goroutine 120895 [sleep]:
time.Sleep(0x4c4b400)
	D:/ProgramFiles/Go/src/runtime/time.go:193 +0x133
6.824/raft.(*Raft).heartTicker(0xc00011c4b0, 0xc0003caaa0)
	D:/Go/src/6.824/src/raft/raft.go:615 +0x4f
created by 6.824/raft.(*Raft).BeLeader
	D:/Go/src/6.824/src/raft/raft.go:607 +0xcf

goroutine 250823 [runnable]:
6.824/labrpc.(*ClientEnd).Call(0xc00024a540, {0x434b19, 0xc0002474e0}, {0x4073e0, 0xc0007f5590}, {0x3f74c0, 0xc00028b5f0})
	D:/Go/src/6.824/src/labrpc/labrpc.go:101 +0x211
6.824/kvraft.(*Clerk).Execute.func1(0x0)
	D:/Go/src/6.824/src/kvraft/client.go:47 +0x9b
created by 6.824/kvraft.(*Clerk).Execute
	D:/Go/src/6.824/src/kvraft/client.go:45 +0x151

goroutine 102069 [chan receive]:
6.824/kvraft.(*KVServer).doExecute(0xc0001022d0)
	D:/Go/src/6.824/src/kvraft/server.go:123 +0x70
created by 6.824/kvraft.StartKVServer
	D:/Go/src/6.824/src/kvraft/server.go:201 +0x229

goroutine 250816 [semacquire]:
sync.runtime_SemacquireMutex(0x3f7900, 0x1, 0x587908)
	D:/ProgramFiles/Go/src/runtime/sema.go:71 +0x25
sync.(*Mutex).lockSlow(0xc0003400f8)
	D:/ProgramFiles/Go/src/sync/mutex.go:138 +0x165
sync.(*Mutex).Lock(...)
	D:/ProgramFiles/Go/src/sync/mutex.go:81
6.824/raft.(*Raft).commitLog(0xc0003400f0, {0xc000128740, 0x2c, 0xe2c8})
	D:/Go/src/6.824/src/raft/raft.go:313 +0x56
created by 6.824/raft.(*Raft).AppendLog
	D:/Go/src/6.824/src/raft/raft.go:402 +0x638

goroutine 250759 [runnable]:
sync.runtime_Semrelease(0xc000d40c80, 0xc0, 0xc0004c21c0)
	D:/ProgramFiles/Go/src/runtime/sema.go:66 +0x19
sync.(*Mutex).unlockSlow(0x3ca598, 0x4c21c0)
	D:/ProgramFiles/Go/src/sync/mutex.go:224 +0x65
sync.(*Mutex).Unlock(...)
	D:/ProgramFiles/Go/src/sync/mutex.go:190
6.824/raft.(*Raft).unlock(0x0)
	D:/Go/src/6.824/src/raft/raft.go:476 +0x29
6.824/raft.(*Raft).AppendLog(0xc0003400f0, 0xc0002b5020, 0xc0001cebf0)
	D:/Go/src/6.824/src/raft/raft.go:410 +0x679
reflect.Value.call({0xc0000da2a0, 0xc0001b00d0, 0xc0005f1b10}, {0x4335ed, 0x4}, {0xc0005f1c68, 0x3, 0xc0005f1b40})
	D:/ProgramFiles/Go/src/reflect/value.go:543 +0x814
reflect.Value.Call({0xc0000da2a0, 0xc0001b00d0, 0xc00070d6b8}, {0xc0005f1c68, 0x3, 0x3})
	D:/ProgramFiles/Go/src/reflect/value.go:339 +0xc5
6.824/labrpc.(*Service).dispatch(0xc0004c2300, {0x4358b8, 0x9}, {{0x3ff780, 0xc0002474e0}, {0x4358b3, 0xe}, {0x482520, 0x3f7900}, {0xc000492000, ...}, ...})
	D:/Go/src/6.824/src/labrpc/labrpc.go:496 +0x39d
6.824/labrpc.(*Server).dispatch(0xc0005dc018, {{0x3ff780, 0xc0002474e0}, {0x4358b3, 0xe}, {0x482520, 0x3f7900}, {0xc000492000, 0x44d, 0x805}, ...})
	D:/Go/src/6.824/src/labrpc/labrpc.go:420 +0x1fe
6.824/labrpc.(*Network).processReq.func1()
	D:/Go/src/6.824/src/labrpc/labrpc.go:240 +0x58
created by 6.824/labrpc.(*Network).processReq
	D:/Go/src/6.824/src/labrpc/labrpc.go:239 +0x1df

goroutine 251120 [runnable]:
6.824/labrpc.MakeNetwork.func1·dwrap·1()
	D:/Go/src/6.824/src/labrpc/labrpc.go:157
runtime.goexit()
	D:/ProgramFiles/Go/src/runtime/asm_amd64.s:1581 +0x1
created by 6.824/labrpc.MakeNetwork.func1
	D:/Go/src/6.824/src/labrpc/labrpc.go:157 +0x3e

goroutine 251163 [runnable]:
6.824/raft.(*Raft).AppendLog·dwrap·16()
	D:/Go/src/6.824/src/raft/raft.go:351
runtime.goexit()
	D:/ProgramFiles/Go/src/runtime/asm_amd64.s:1581 +0x1
created by 6.824/raft.(*Raft).AppendLog
	D:/Go/src/6.824/src/raft/raft.go:351 +0x2cb

goroutine 102073 [select]:
6.824/kvraft.(*Clerk).Execute(0xc000078080, 0xc000699410, 0xc00069fc58)
	D:/Go/src/6.824/src/kvraft/client.go:52 +0x1b2
6.824/kvraft.(*Clerk).Get(0xc000078080, {0x43ce88, 0x1})
	D:/Go/src/6.824/src/kvraft/client.go:74 +0x185
6.824/kvraft.Get(0xc00011a780, 0x2, {0x43ce88, 0x1}, 0xc0004e26c0, 0x2)
	D:/Go/src/6.824/src/kvraft/test_test.go:43 +0xbb
6.824/kvraft.GenericTest.func1(0x2, 0xc00000c750, 0xc0004c6000)
	D:/Go/src/6.824/src/kvraft/test_test.go:284 +0x3e5
6.824/kvraft.run_client(0xc0001ea000, 0xc00011a780, 0x28a, 0xc000644780, 0xc000102410)
	D:/Go/src/6.824/src/kvraft/test_test.go:103 +0xe4
created by 6.824/kvraft.spawn_clients_and_wait
	D:/Go/src/6.824/src/kvraft/test_test.go:113 +0x51

goroutine 102046 [sleep]:
time.Sleep(0xf518240)
	D:/ProgramFiles/Go/src/runtime/time.go:193 +0x133
6.824/raft.(*Raft).electionTicker(0xc00011c4b0)
	D:/Go/src/6.824/src/raft/raft.go:627 +0x95
created by 6.824/raft.Make
	D:/Go/src/6.824/src/raft/raft.go:668 +0x27b

goroutine 101921 [semacquire]:
sync.runtime_SemacquireMutex(0x9, 0x1, 0xc000b48600)
	D:/ProgramFiles/Go/src/runtime/sema.go:71 +0x25
sync.(*Mutex).lockSlow(0xc0003400f0)
	D:/ProgramFiles/Go/src/sync/mutex.go:138 +0x165
sync.(*Mutex).Lock(...)
	D:/ProgramFiles/Go/src/sync/mutex.go:81
6.824/raft.(*Raft).lock(...)
	D:/Go/src/6.824/src/raft/raft.go:473
6.824/raft.(*Raft).GetRaftStateSize(0x40a6e0)
	D:/Go/src/6.824/src/raft/raft.go:129 +0x55
6.824/kvraft.(*KVServer).doExecute(0xc000102190)
	D:/Go/src/6.824/src/kvraft/server.go:153 +0x4d5
created by 6.824/kvraft.StartKVServer
	D:/Go/src/6.824/src/kvraft/server.go:201 +0x229

goroutine 250822 [select]:
6.824/kvraft.(*KVServer).Do(0xc0003cab40, 0xc0008ebcb0, 0xc0004fe690)
	D:/Go/src/6.824/src/kvraft/server.go:71 +0x2f4
reflect.Value.call({0xc0000da120, 0xc00023a008, 0xc000f03b10}, {0x4335ed, 0x4}, {0xc000f03c68, 0x3, 0xc000f03b40})
	D:/ProgramFiles/Go/src/reflect/value.go:543 +0x814
reflect.Value.Call({0xc0000da120, 0xc00023a008, 0xc0001b1838}, {0xc000f03c68, 0x3, 0x3})
	D:/ProgramFiles/Go/src/reflect/value.go:339 +0xc5
6.824/labrpc.(*Service).dispatch(0xc00020e080, {0x434b22, 0x2}, {{0x3ff780, 0xc0002c4000}, {0x434b19, 0xb}, {0x482520, 0x4073e0}, {0xc00001c240, ...}, ...})
	D:/Go/src/6.824/src/labrpc/labrpc.go:496 +0x39d
6.824/labrpc.(*Server).dispatch(0xc0001e2138, {{0x3ff780, 0xc0002c4000}, {0x434b19, 0xb}, {0x482520, 0x4073e0}, {0xc00001c240, 0x68, 0xb2}, ...})
	D:/Go/src/6.824/src/labrpc/labrpc.go:420 +0x1fe
6.824/labrpc.(*Network).processReq.func1()
	D:/Go/src/6.824/src/labrpc/labrpc.go:240 +0x58
created by 6.824/labrpc.(*Network).processReq
	D:/Go/src/6.824/src/labrpc/labrpc.go:239 +0x1df

goroutine 250758 [select]:
6.824/labrpc.(*Network).processReq(0xc0003caaa0, {{0x3ff780, 0xc0002474e0}, {0x4358b3, 0xe}, {0x482520, 0x3f7900}, {0xc000492000, 0x44d, 0x805}, ...})
	D:/Go/src/6.824/src/labrpc/labrpc.go:251 +0x41c
created by 6.824/labrpc.MakeNetwork.func1
	D:/Go/src/6.824/src/labrpc/labrpc.go:157 +0x3e

goroutine 101919 [chan receive]:
6.824/kvraft.(*KVServer).doExecute(0xc0001020a0)
	D:/Go/src/6.824/src/kvraft/server.go:123 +0x70
created by 6.824/kvraft.StartKVServer
	D:/Go/src/6.824/src/kvraft/server.go:201 +0x229

goroutine 102089 [select]:
6.824/kvraft.(*Clerk).Execute(0xc000880300, 0xc00065fe90, 0xc00017fc68)
	D:/Go/src/6.824/src/kvraft/client.go:52 +0x1b2
6.824/kvraft.(*Clerk).Append(0xc000880300, {0x441ea2, 0x2}, {0xc000960094, 0xa})
	D:/Go/src/6.824/src/kvraft/client.go:103 +0x1ad
6.824/kvraft.Append(0xc00011a780, 0x2, {0x441ea2, 0x2}, {0xc000960094, 0xa}, 0xc0004e26c0, 0x12)
	D:/Go/src/6.824/src/kvraft/test_test.go:77 +0xd5
6.824/kvraft.GenericTest.func1(0x12, 0xc000324ae0, 0xc0004c6000)
	D:/Go/src/6.824/src/kvraft/test_test.go:272 +0x587
6.824/kvraft.run_client(0xc000050a80, 0xc00011a780, 0xc00017ffd0, 0x3cb62d, 0xc000102410)
	D:/Go/src/6.824/src/kvraft/test_test.go:103 +0xe4
created by 6.824/kvraft.spawn_clients_and_wait
	D:/Go/src/6.824/src/kvraft/test_test.go:113 +0x51

goroutine 251132 [runnable]:
6.824/raft.(*Raft).sendMsg·dwrap·14()
	D:/Go/src/6.824/src/raft/raft.go:300
runtime.goexit()
	D:/ProgramFiles/Go/src/runtime/asm_amd64.s:1581 +0x1
created by 6.824/raft.(*Raft).sendMsg
	D:/Go/src/6.824/src/raft/raft.go:300 +0x4a5

goroutine 250779 [runnable]:
sync.runtime_Semrelease(0xc000d43200, 0xc0, 0xc0004c21c0)
	D:/ProgramFiles/Go/src/runtime/sema.go:66 +0x19
sync.(*Mutex).unlockSlow(0x3ca598, 0x4c21c0)
	D:/ProgramFiles/Go/src/sync/mutex.go:224 +0x65
sync.(*Mutex).Unlock(...)
	D:/ProgramFiles/Go/src/sync/mutex.go:190
6.824/raft.(*Raft).unlock(0x0)
	D:/Go/src/6.824/src/raft/raft.go:476 +0x29
6.824/raft.(*Raft).AppendLog(0xc0003400f0, 0xc0002c3140, 0xc000309f90)
	D:/Go/src/6.824/src/raft/raft.go:410 +0x679
reflect.Value.call({0xc0000da2a0, 0xc0001b00d0, 0xc0004b3b10}, {0x4335ed, 0x4}, {0xc0004b3c68, 0x3, 0xc0004b3b40})
	D:/ProgramFiles/Go/src/reflect/value.go:543 +0x814
reflect.Value.Call({0xc0000da2a0, 0xc0001b00d0, 0xc0001b1518}, {0xc0004b3c68, 0x3, 0x3})
	D:/ProgramFiles/Go/src/reflect/value.go:339 +0xc5
6.824/labrpc.(*Service).dispatch(0xc0004c2300, {0x4358b8, 0x9}, {{0x3ff780, 0xc0002474e0}, {0x4358b3, 0xe}, {0x482520, 0x3f7900}, {0xc00074a900, ...}, ...})
	D:/Go/src/6.824/src/labrpc/labrpc.go:496 +0x39d
6.824/labrpc.(*Server).dispatch(0xc0005dc018, {{0x3ff780, 0xc0002474e0}, {0x4358b3, 0xe}, {0x482520, 0x3f7900}, {0xc00074a900, 0x4b3, 0x86b}, ...})
	D:/Go/src/6.824/src/labrpc/labrpc.go:420 +0x1fe
6.824/labrpc.(*Network).processReq.func1()
	D:/Go/src/6.824/src/labrpc/labrpc.go:240 +0x58
created by 6.824/labrpc.(*Network).processReq
	D:/Go/src/6.824/src/labrpc/labrpc.go:239 +0x1df

goroutine 250733 [runnable]:
sync.runtime_Semrelease(0xc000d41900, 0xc0, 0xc0004c21c0)
	D:/ProgramFiles/Go/src/runtime/sema.go:66 +0x19
sync.(*Mutex).unlockSlow(0x3ca598, 0x4c21c0)
	D:/ProgramFiles/Go/src/sync/mutex.go:224 +0x65
sync.(*Mutex).Unlock(...)
	D:/ProgramFiles/Go/src/sync/mutex.go:190
6.824/raft.(*Raft).unlock(0x0)
	D:/Go/src/6.824/src/raft/raft.go:476 +0x29
6.824/raft.(*Raft).AppendLog(0xc0003400f0, 0xc000550480, 0xc000f4d140)
	D:/Go/src/6.824/src/raft/raft.go:410 +0x679
reflect.Value.call({0xc0000da2a0, 0xc0001b00d0, 0xc0005f5b10}, {0x4335ed, 0x4}, {0xc0005f5c68, 0x3, 0xc0005f5b40})
	D:/ProgramFiles/Go/src/reflect/value.go:543 +0x814
reflect.Value.Call({0xc0000da2a0, 0xc0001b00d0, 0xc000006768}, {0xc0005f5c68, 0x3, 0x3})
	D:/ProgramFiles/Go/src/reflect/value.go:339 +0xc5
6.824/labrpc.(*Service).dispatch(0xc0004c2300, {0x4358b8, 0x9}, {{0x3ff780, 0xc0002474e0}, {0x4358b3, 0xe}, {0x482520, 0x3f7900}, {0xc0005c3080, ...}, ...})
	D:/Go/src/6.824/src/labrpc/labrpc.go:496 +0x39d
6.824/labrpc.(*Server).dispatch(0xc0005dc018, {{0x3ff780, 0xc0002474e0}, {0x4358b3, 0xe}, {0x482520, 0x3f7900}, {0xc0005c3080, 0x24b, 0x28a}, ...})
	D:/Go/src/6.824/src/labrpc/labrpc.go:420 +0x1fe
6.824/labrpc.(*Network).processReq.func1()
	D:/Go/src/6.824/src/labrpc/labrpc.go:240 +0x58
created by 6.824/labrpc.(*Network).processReq
	D:/Go/src/6.824/src/labrpc/labrpc.go:239 +0x1df

goroutine 102077 [select]:
6.824/kvraft.(*Clerk).Execute(0xc000880380, 0xc0001685d0, 0xc0005f9c58)
	D:/Go/src/6.824/src/kvraft/client.go:52 +0x1b2
6.824/kvraft.(*Clerk).Get(0xc000880380, {0x43ce8c, 0x1})
	D:/Go/src/6.824/src/kvraft/client.go:74 +0x185
6.824/kvraft.Get(0xc00011a780, 0x2, {0x43ce8c, 0x1}, 0xc0004e26c0, 0x6)
	D:/Go/src/6.824/src/kvraft/test_test.go:43 +0xbb
6.824/kvraft.GenericTest.func1(0x6, 0xc000324b40, 0xc0004c6000)
	D:/Go/src/6.824/src/kvraft/test_test.go:284 +0x3e5
6.824/kvraft.run_client(0x3cc732, 0xc00011a780, 0xc000344200, 0x5, 0xc000102410)
	D:/Go/src/6.824/src/kvraft/test_test.go:103 +0xe4
created by 6.824/kvraft.spawn_clients_and_wait
	D:/Go/src/6.824/src/kvraft/test_test.go:113 +0x51

goroutine 251140 [select]:
6.824/labrpc.(*Network).processReq(0xc0003caaa0, {{0x3ff780, 0xc00081c0f0}, {0x434b19, 0xb}, {0x482520, 0x4073e0}, {0xc00014acc0, 0x68, 0xb2}, ...})
	D:/Go/src/6.824/src/labrpc/labrpc.go:251 +0x41c
created by 6.824/labrpc.MakeNetwork.func1
	D:/Go/src/6.824/src/labrpc/labrpc.go:157 +0x3e

goroutine 102079 [select]:
6.824/kvraft.(*Clerk).Execute(0xc00086cb00, 0xc00055d380, 0xc0004bbc68)
	D:/Go/src/6.824/src/kvraft/client.go:52 +0x1b2
6.824/kvraft.(*Clerk).Append(0xc00086cb00, {0x43ce8e, 0x1}, {0xc000960ac3, 0x9})
	D:/Go/src/6.824/src/kvraft/client.go:103 +0x1ad
6.824/kvraft.Append(0xc00011a780, 0x2, {0x43ce8e, 0x1}, {0xc000960ac3, 0x9}, 0xc0004e26c0, 0x8)
	D:/Go/src/6.824/src/kvraft/test_test.go:77 +0xd5
6.824/kvraft.GenericTest.func1(0x8, 0xc0000b6030, 0xc0004c6000)
	D:/Go/src/6.824/src/kvraft/test_test.go:272 +0x587
6.824/kvraft.run_client(0xc00039a3c0, 0xc00011a780, 0x120, 0xc00039a2a0, 0xc000102410)
	D:/Go/src/6.824/src/kvraft/test_test.go:103 +0xe4
created by 6.824/kvraft.spawn_clients_and_wait
	D:/Go/src/6.824/src/kvraft/test_test.go:113 +0x51

goroutine 251096 [select]:
6.824/kvraft.(*KVServer).Do(0xc0003cab40, 0xc0002d3c80, 0xc00041dbc0)
	D:/Go/src/6.824/src/kvraft/server.go:71 +0x2f4
reflect.Value.call({0xc0000da120, 0xc00023a008, 0xc000ea5b10}, {0x4335ed, 0x4}, {0xc000ea5c68, 0x3, 0xc000ea5b40})
	D:/ProgramFiles/Go/src/reflect/value.go:543 +0x814
reflect.Value.Call({0xc0000da120, 0xc00023a008, 0xc000108238}, {0xc000ea5c68, 0x3, 0x3})
	D:/ProgramFiles/Go/src/reflect/value.go:339 +0xc5
6.824/labrpc.(*Service).dispatch(0xc00020e080, {0x434b22, 0x2}, {{0x3ff780, 0xc000247ab0}, {0x434b19, 0xb}, {0x482520, 0x4073e0}, {0xc00055e210, ...}, ...})
	D:/Go/src/6.824/src/labrpc/labrpc.go:496 +0x39d
6.824/labrpc.(*Server).dispatch(0xc0001e2138, {{0x3ff780, 0xc000247ab0}, {0x434b19, 0xb}, {0x482520, 0x4073e0}, {0xc00055e210, 0x5d, 0xa7}, ...})
	D:/Go/src/6.824/src/labrpc/labrpc.go:420 +0x1fe
6.824/labrpc.(*Network).processReq.func1()
	D:/Go/src/6.824/src/labrpc/labrpc.go:240 +0x58
created by 6.824/labrpc.(*Network).processReq
	D:/Go/src/6.824/src/labrpc/labrpc.go:239 +0x1df

goroutine 102068 [sleep]:
time.Sleep(0x1091f180)
	D:/ProgramFiles/Go/src/runtime/time.go:193 +0x133
6.824/raft.(*Raft).electionTicker(0xc0003402d0)
	D:/Go/src/6.824/src/raft/raft.go:627 +0x95
created by 6.824/raft.Make
	D:/Go/src/6.824/src/raft/raft.go:668 +0x27b

goroutine 250653 [select]:
6.824/labrpc.(*Network).processReq(0xc0003caaa0, {{0x3ff780, 0xc0002474e0}, {0x4358b3, 0xe}, {0x482520, 0x3f7900}, {0xc0005c3080, 0x24b, 0x28a}, ...})
	D:/Go/src/6.824/src/labrpc/labrpc.go:251 +0x41c
created by 6.824/labrpc.MakeNetwork.func1
	D:/Go/src/6.824/src/labrpc/labrpc.go:157 +0x3e

goroutine 251119 [runnable]:
6.824/labrpc.MakeNetwork.func1·dwrap·1()
	D:/Go/src/6.824/src/labrpc/labrpc.go:157
runtime.goexit()
	D:/ProgramFiles/Go/src/runtime/asm_amd64.s:1581 +0x1
created by 6.824/labrpc.MakeNetwork.func1
	D:/Go/src/6.824/src/labrpc/labrpc.go:157 +0x3e

goroutine 102075 [select]:
6.824/kvraft.(*Clerk).Execute(0xc000078100, 0xc0008eb5f0, 0xc0005fdc68)
	D:/Go/src/6.824/src/kvraft/client.go:52 +0x1b2
6.824/kvraft.(*Clerk).Append(0xc000078100, {0x43ce8a, 0x1}, {0xc000362960, 0x9})
	D:/Go/src/6.824/src/kvraft/client.go:103 +0x1ad
6.824/kvraft.Append(0xc00011a780, 0x2, {0x43ce8a, 0x1}, {0xc000362960, 0x9}, 0xc0004e26c0, 0x4)
	D:/Go/src/6.824/src/kvraft/test_test.go:77 +0xd5
6.824/kvraft.GenericTest.func1(0x4, 0xc00000c7b0, 0xc0004c6000)
	D:/Go/src/6.824/src/kvraft/test_test.go:272 +0x587
6.824/kvraft.run_client(0x0, 0xc00011a780, 0xc0001e8000, 0x975, 0xc000102410)
	D:/Go/src/6.824/src/kvraft/test_test.go:103 +0xe4
created by 6.824/kvraft.spawn_clients_and_wait
	D:/Go/src/6.824/src/kvraft/test_test.go:113 +0x51

goroutine 251164 [select]:
6.824/labrpc.(*Network).processReq(0xc0003caaa0, {{0x3ff780, 0xc0002474e0}, {0x4358b3, 0xe}, {0x482520, 0x3f7900}, {0xc000bd2000, 0x72d8, 0x7450}, ...})
	D:/Go/src/6.824/src/labrpc/labrpc.go:251 +0x41c
created by 6.824/labrpc.MakeNetwork.func1
	D:/Go/src/6.824/src/labrpc/labrpc.go:157 +0x3e

goroutine 250554 [runnable]:
bytes.NewBuffer(...)
	D:/ProgramFiles/Go/src/bytes/buffer.go:451
6.824/labrpc.(*ClientEnd).Call(0xc000096520, {0x4358b3, 0x482520}, {0x3f7900, 0xc000417da0}, {0x3f7940, 0xc000382270})
	D:/Go/src/6.824/src/labrpc/labrpc.go:114 +0x2b0
6.824/raft.(*Raft).sendAppendLog(...)
	D:/Go/src/6.824/src/raft/raft.go:460
6.824/raft.(*Raft).sendMsg.func1(0x2)
	D:/Go/src/6.824/src/raft/raft.go:302 +0x90
created by 6.824/raft.(*Raft).sendMsg
	D:/Go/src/6.824/src/raft/raft.go:300 +0x4a5

goroutine 102090 [select]:
6.824/kvraft.(*Clerk).Execute(0xc0004c2800, 0xc000654150, 0xc0001b7c58)
	D:/Go/src/6.824/src/kvraft/client.go:52 +0x1b2
6.824/kvraft.(*Clerk).Get(0xc0004c2800, {0x441ea4, 0x2})
	D:/Go/src/6.824/src/kvraft/client.go:74 +0x185
6.824/kvraft.Get(0xc00011a780, 0x2, {0x441ea4, 0x2}, 0xc0004e26c0, 0x13)
	D:/Go/src/6.824/src/kvraft/test_test.go:43 +0xbb
6.824/kvraft.GenericTest.func1(0x13, 0xc000324750, 0xc0004c6000)
	D:/Go/src/6.824/src/kvraft/test_test.go:284 +0x3e5
6.824/kvraft.run_client(0xc00014a300, 0xc00011a780, 0xb2, 0xc000086600, 0xc000102410)
	D:/Go/src/6.824/src/kvraft/test_test.go:103 +0xe4
created by 6.824/kvraft.spawn_clients_and_wait
	D:/Go/src/6.824/src/kvraft/test_test.go:113 +0x51

goroutine 251142 [chan receive]:
6.824/labrpc.(*ClientEnd).Call(0xc0002f92a0, {0x434b19, 0x3e}, {0x4073e0, 0xc00065fe90}, {0x3f74c0, 0xc0004fe3d8})
	D:/Go/src/6.824/src/labrpc/labrpc.go:112 +0x26e
6.824/kvraft.(*Clerk).Execute.func1(0x2)
	D:/Go/src/6.824/src/kvraft/client.go:47 +0x9b
created by 6.824/kvraft.(*Clerk).Execute
	D:/Go/src/6.824/src/kvraft/client.go:45 +0x151

goroutine 250636 [select]:
6.824/labrpc.(*Network).processReq(0xc0003caaa0, {{0x3ff780, 0xc0002474e0}, {0x4358b3, 0xe}, {0x482520, 0x3f7900}, {0xc000999500, 0x2e1, 0x699}, ...})
	D:/Go/src/6.824/src/labrpc/labrpc.go:251 +0x41c
created by 6.824/labrpc.MakeNetwork.func1
	D:/Go/src/6.824/src/labrpc/labrpc.go:157 +0x3e

goroutine 120876 [sleep]:
time.Sleep(0x4c4b400)
	D:/ProgramFiles/Go/src/runtime/time.go:193 +0x133
6.824/raft.(*Raft).heartTicker(0xc00011c4b0, 0xc0003caaa0)
	D:/Go/src/6.824/src/raft/raft.go:615 +0x4f
created by 6.824/raft.(*Raft).BeLeader
	D:/Go/src/6.824/src/raft/raft.go:607 +0xcf

goroutine 251160 [runnable]:
6.824/raft.(*Raft).AppendLog·dwrap·16()
	D:/Go/src/6.824/src/raft/raft.go:351
runtime.goexit()
	D:/ProgramFiles/Go/src/runtime/asm_amd64.s:1581 +0x1
created by 6.824/raft.(*Raft).AppendLog
	D:/Go/src/6.824/src/raft/raft.go:351 +0x2cb

goroutine 250617 [runnable]:
sync.runtime_Semrelease(0xc000d42580, 0xc0, 0xc0004c21c0)
	D:/ProgramFiles/Go/src/runtime/sema.go:66 +0x19
sync.(*Mutex).unlockSlow(0x3ca598, 0x4c21c0)
	D:/ProgramFiles/Go/src/sync/mutex.go:224 +0x65
sync.(*Mutex).Unlock(...)
	D:/ProgramFiles/Go/src/sync/mutex.go:190
6.824/raft.(*Raft).unlock(0x0)
	D:/Go/src/6.824/src/raft/raft.go:476 +0x29
6.824/raft.(*Raft).AppendLog(0xc0003400f0, 0xc0002c2180, 0xc000308a40)
	D:/Go/src/6.824/src/raft/raft.go:410 +0x679
reflect.Value.call({0xc0000da2a0, 0xc0001b00d0, 0xc001475b10}, {0x4335ed, 0x4}, {0xc001475c68, 0x3, 0xc001475b40})
	D:/ProgramFiles/Go/src/reflect/value.go:543 +0x814
reflect.Value.Call({0xc0000da2a0, 0xc0001b00d0, 0xc000714a48}, {0xc001475c68, 0x3, 0x3})
	D:/ProgramFiles/Go/src/reflect/value.go:339 +0xc5
6.824/labrpc.(*Service).dispatch(0xc0004c2300, {0x4358b8, 0x9}, {{0x3ff780, 0xc0002474e0}, {0x4358b3, 0xe}, {0x482520, 0x3f7900}, {0xc000473000, ...}, ...})
	D:/Go/src/6.824/src/labrpc/labrpc.go:496 +0x39d
6.824/labrpc.(*Server).dispatch(0xc0005dc018, {{0x3ff780, 0xc0002474e0}, {0x4358b3, 0xe}, {0x482520, 0x3f7900}, {0xc000473000, 0x349, 0x701}, ...})
	D:/Go/src/6.824/src/labrpc/labrpc.go:420 +0x1fe
6.824/labrpc.(*Network).processReq.func1()
	D:/Go/src/6.824/src/labrpc/labrpc.go:240 +0x58
created by 6.824/labrpc.(*Network).processReq
	D:/Go/src/6.824/src/labrpc/labrpc.go:239 +0x1df

goroutine 251052 [semacquire]:
sync.runtime_SemacquireMutex(0xc00081c1e0, 0x19, 0xb)
	D:/ProgramFiles/Go/src/runtime/sema.go:71 +0x25
sync.(*Mutex).lockSlow(0xc0003400f0)
	D:/ProgramFiles/Go/src/sync/mutex.go:138 +0x165
sync.(*Mutex).Lock(...)
	D:/ProgramFiles/Go/src/sync/mutex.go:81
6.824/raft.(*Raft).lock(...)
	D:/Go/src/6.824/src/raft/raft.go:473
6.824/raft.(*Raft).Snapshot(0xc0003400f0, 0x193e, {0xc000a2a000, 0x70f4, 0xe1fa})
	D:/Go/src/6.824/src/raft/raft.go:197 +0x6a
created by 6.824/kvraft.(*KVServer).SnapShot
	D:/Go/src/6.824/src/kvraft/server.go:107 +0x185

goroutine 250797 [select]:
6.824/labrpc.(*Network).processReq(0xc0003caaa0, {{0x3ff780, 0xc0002474e0}, {0x4358b3, 0xe}, {0x482520, 0x3f7900}, {0xc000472800, 0x3db, 0x793}, ...})
	D:/Go/src/6.824/src/labrpc/labrpc.go:251 +0x41c
created by 6.824/labrpc.MakeNetwork.func1
	D:/Go/src/6.824/src/labrpc/labrpc.go:157 +0x3e

goroutine 251116 [runnable]:
6.824/labrpc.MakeNetwork.func1·dwrap·1()
	D:/Go/src/6.824/src/labrpc/labrpc.go:157
runtime.goexit()
	D:/ProgramFiles/Go/src/runtime/asm_amd64.s:1581 +0x1
created by 6.824/labrpc.MakeNetwork.func1
	D:/Go/src/6.824/src/labrpc/labrpc.go:157 +0x3e

goroutine 251114 [runnable]:
6.824/labrpc.MakeNetwork.func1·dwrap·1()
	D:/Go/src/6.824/src/labrpc/labrpc.go:157
runtime.goexit()
	D:/ProgramFiles/Go/src/runtime/asm_amd64.s:1581 +0x1
created by 6.824/labrpc.MakeNetwork.func1
	D:/Go/src/6.824/src/labrpc/labrpc.go:157 +0x3e

goroutine 251044 [select]:
6.824/labrpc.(*Network).processReq(0xc0003caaa0, {{0x3ff780, 0xc0004150d0}, {0x434b19, 0xb}, {0x482520, 0x4073e0}, {0xc00034a6e0, 0x5e, 0xa8}, ...})
	D:/Go/src/6.824/src/labrpc/labrpc.go:251 +0x41c
created by 6.824/labrpc.MakeNetwork.func1
	D:/Go/src/6.824/src/labrpc/labrpc.go:157 +0x3e

goroutine 251168 [runnable]:
6.824/raft.(*Raft).AppendLog·dwrap·16()
	D:/Go/src/6.824/src/raft/raft.go:351
runtime.goexit()
	D:/ProgramFiles/Go/src/runtime/asm_amd64.s:1581 +0x1
created by 6.824/raft.(*Raft).AppendLog
	D:/Go/src/6.824/src/raft/raft.go:351 +0x2cb

goroutine 251115 [runnable]:
6.824/labrpc.MakeNetwork.func1·dwrap·1()
	D:/Go/src/6.824/src/labrpc/labrpc.go:157
runtime.goexit()
	D:/ProgramFiles/Go/src/runtime/asm_amd64.s:1581 +0x1
created by 6.824/labrpc.MakeNetwork.func1
	D:/Go/src/6.824/src/labrpc/labrpc.go:157 +0x3e

goroutine 251043 [chan receive]:
6.824/labrpc.(*ClientEnd).Call(0xc0004e27a0, {0x434b19, 0xc000247520}, {0x4073e0, 0xc000654150}, {0x3f74c0, 0xc0003ded38})
	D:/Go/src/6.824/src/labrpc/labrpc.go:112 +0x26e
6.824/kvraft.(*Clerk).Execute.func1(0x2)
	D:/Go/src/6.824/src/kvraft/client.go:47 +0x9b
created by 6.824/kvraft.(*Clerk).Execute
	D:/Go/src/6.824/src/kvraft/client.go:45 +0x151

goroutine 102084 [select]:
6.824/kvraft.(*Clerk).Execute(0xc0000781c0, 0xc00055cd50, 0xc000049c58)
	D:/Go/src/6.824/src/kvraft/client.go:52 +0x1b2
6.824/kvraft.(*Clerk).Get(0xc0000781c0, {0x441e98, 0x2})
	D:/Go/src/6.824/src/kvraft/client.go:74 +0x185
6.824/kvraft.Get(0xc00011a780, 0x2, {0x441e98, 0x2}, 0xc0004e26c0, 0xd)
	D:/Go/src/6.824/src/kvraft/test_test.go:43 +0xbb
6.824/kvraft.GenericTest.func1(0xd, 0xc0003249f0, 0xc0004c6000)
	D:/Go/src/6.824/src/kvraft/test_test.go:284 +0x3e5
6.824/kvraft.run_client(0xc00011c3c0, 0xc00011a780, 0xc0003a7500, 0x97e, 0xc000102410)
	D:/Go/src/6.824/src/kvraft/test_test.go:103 +0xe4
created by 6.824/kvraft.spawn_clients_and_wait
	D:/Go/src/6.824/src/kvraft/test_test.go:113 +0x51

goroutine 102081 [select]:
6.824/kvraft.(*Clerk).Execute(0xc0004c2880, 0xc00090de60, 0xc000613c68)
	D:/Go/src/6.824/src/kvraft/client.go:52 +0x1b2
6.824/kvraft.(*Clerk).Append(0xc0004c2880, {0x441e92, 0x2}, {0xc000680e14, 0xa})
	D:/Go/src/6.824/src/kvraft/client.go:103 +0x1ad
6.824/kvraft.Append(0xc00011a780, 0x2, {0x441e92, 0x2}, {0xc000680e14, 0xa}, 0xc0004e26c0, 0xa)
	D:/Go/src/6.824/src/kvraft/test_test.go:77 +0xd5
6.824/kvraft.GenericTest.func1(0xa, 0xc000324870, 0xc0004c6000)
	D:/Go/src/6.824/src/kvraft/test_test.go:272 +0x587
6.824/kvraft.run_client(0xc00029a840, 0xc00011a780, 0x28a, 0xc000644c60, 0xc000102410)
	D:/Go/src/6.824/src/kvraft/test_test.go:103 +0xe4
created by 6.824/kvraft.spawn_clients_and_wait
	D:/Go/src/6.824/src/kvraft/test_test.go:113 +0x51

goroutine 102076 [select]:
6.824/kvraft.(*Clerk).Execute(0xc00018e080, 0xc00055dd40, 0xc0006a7c58)
	D:/Go/src/6.824/src/kvraft/client.go:52 +0x1b2
6.824/kvraft.(*Clerk).Get(0xc00018e080, {0x43ce8b, 0x1})
	D:/Go/src/6.824/src/kvraft/client.go:74 +0x185
6.824/kvraft.Get(0xc00011a780, 0x2, {0x43ce8b, 0x1}, 0xc0004e26c0, 0x5)
	D:/Go/src/6.824/src/kvraft/test_test.go:43 +0xbb
6.824/kvraft.GenericTest.func1(0x5, 0xc00000c7e0, 0xc0004c6000)
	D:/Go/src/6.824/src/kvraft/test_test.go:284 +0x3e5
6.824/kvraft.run_client(0xc000112580, 0xc00011a780, 0x28a, 0xc000644cc0, 0xc000102410)
	D:/Go/src/6.824/src/kvraft/test_test.go:103 +0xe4
created by 6.824/kvraft.spawn_clients_and_wait
	D:/Go/src/6.824/src/kvraft/test_test.go:113 +0x51

goroutine 250492 [select]:
6.824/labrpc.(*Network).processReq(0xc0003caaa0, {{0x3ff780, 0xc0002474e0}, {0x4358b3, 0xe}, {0x482520, 0x3f7900}, {0xc00113e840, 0x1c1, 0x28a}, ...})
	D:/Go/src/6.824/src/labrpc/labrpc.go:251 +0x41c
created by 6.824/labrpc.MakeNetwork.func1
	D:/Go/src/6.824/src/labrpc/labrpc.go:157 +0x3e

goroutine 251146 [select]:
6.824/labrpc.(*Network).processReq(0xc0003caaa0, {{0x3ff780, 0xc0002c4bc0}, {0x434b19, 0xb}, {0x482520, 0x4073e0}, {0xc00034a9a0, 0x5e, 0xa8}, ...})
	D:/Go/src/6.824/src/labrpc/labrpc.go:251 +0x41c
created by 6.824/labrpc.MakeNetwork.func1
	D:/Go/src/6.824/src/labrpc/labrpc.go:157 +0x3e

goroutine 102087 [sleep]:
time.Sleep(0x3e8)
	D:/ProgramFiles/Go/src/runtime/time.go:193 +0x133
6.824/kvraft.(*Clerk).Execute(0xc000078280, 0xc0001690b0, 0xc00017dc68)
	D:/Go/src/6.824/src/kvraft/client.go:42 +0x48
6.824/kvraft.(*Clerk).Append(0xc000078280, {0x441e9e, 0x2}, {0xc0007dd910, 0xa})
	D:/Go/src/6.824/src/kvraft/client.go:103 +0x1ad
6.824/kvraft.Append(0xc00011a780, 0x2, {0x441e9e, 0x2}, {0xc0007dd910, 0xa}, 0xc0004e26c0, 0x10)
	D:/Go/src/6.824/src/kvraft/test_test.go:77 +0xd5
6.824/kvraft.GenericTest.func1(0x10, 0xc000324a80, 0xc0004c6000)
	D:/Go/src/6.824/src/kvraft/test_test.go:272 +0x587
6.824/kvraft.run_client(0xc00039a900, 0xc00011a780, 0x120, 0xc00039a7e0, 0xc000102410)
	D:/Go/src/6.824/src/kvraft/test_test.go:103 +0xe4
created by 6.824/kvraft.spawn_clients_and_wait
	D:/Go/src/6.824/src/kvraft/test_test.go:113 +0x51

goroutine 251189 [runnable]:
6.824/raft.(*Raft).AppendLog·dwrap·16()
	D:/Go/src/6.824/src/raft/raft.go:351
runtime.goexit()
	D:/ProgramFiles/Go/src/runtime/asm_amd64.s:1581 +0x1
created by 6.824/raft.(*Raft).AppendLog
	D:/Go/src/6.824/src/raft/raft.go:351 +0x2cb

goroutine 120873 [sleep]:
time.Sleep(0x4c4b400)
	D:/ProgramFiles/Go/src/runtime/time.go:193 +0x133
6.824/raft.(*Raft).heartTicker(0xc00011c4b0, 0xc0003caaa0)
	D:/Go/src/6.824/src/raft/raft.go:615 +0x4f
created by 6.824/raft.(*Raft).BeLeader
	D:/Go/src/6.824/src/raft/raft.go:607 +0xcf

goroutine 102072 [select]:
6.824/kvraft.(*Clerk).Execute(0xc000078040, 0xc0007f5140, 0xc00068fc68)
	D:/Go/src/6.824/src/kvraft/client.go:52 +0x1b2
6.824/kvraft.(*Clerk).Append(0xc000078040, {0x43ce87, 0x1}, {0xc0002e65b0, 0x9})
	D:/Go/src/6.824/src/kvraft/client.go:103 +0x1ad
6.824/kvraft.Append(0xc00011a780, 0x2, {0x43ce87, 0x1}, {0xc0002e65b0, 0x9}, 0xc0004e26c0, 0x1)
	D:/Go/src/6.824/src/kvraft/test_test.go:77 +0xd5
6.824/kvraft.GenericTest.func1(0x1, 0xc00000c720, 0xc0004c6000)
	D:/Go/src/6.824/src/kvraft/test_test.go:272 +0x587
6.824/kvraft.run_client(0x3cc732, 0xc00011a780, 0xc0003d4000, 0x5, 0xc000102410)
	D:/Go/src/6.824/src/kvraft/test_test.go:103 +0xe4
created by 6.824/kvraft.spawn_clients_and_wait
	D:/Go/src/6.824/src/kvraft/test_test.go:113 +0x51

goroutine 251180 [semacquire]:
sync.runtime_SemacquireMutex(0x3ed46a, 0x8, 0x0)
	D:/ProgramFiles/Go/src/runtime/sema.go:71 +0x25
sync.(*Mutex).lockSlow(0xc0003400f0)
	D:/ProgramFiles/Go/src/sync/mutex.go:138 +0x165
sync.(*Mutex).Lock(...)
	D:/ProgramFiles/Go/src/sync/mutex.go:81
6.824/raft.(*Raft).lock(...)
	D:/Go/src/6.824/src/raft/raft.go:473
6.824/raft.(*Raft).AppendLog(0xc0003400f0, 0xc000551a40, 0xc000e7ad50)
	D:/Go/src/6.824/src/raft/raft.go:331 +0x75
reflect.Value.call({0xc0000da2a0, 0xc0001b00d0, 0xc000ba7b10}, {0x4335ed, 0x4}, {0xc000ba7c68, 0x3, 0xc000ba7b40})
	D:/ProgramFiles/Go/src/reflect/value.go:543 +0x814
reflect.Value.Call({0xc0000da2a0, 0xc0001b00d0, 0xc000108870}, {0xc000ba7c68, 0x3, 0x3})
	D:/ProgramFiles/Go/src/reflect/value.go:339 +0xc5
6.824/labrpc.(*Service).dispatch(0xc0004c2300, {0x4358b8, 0x9}, {{0x3ff780, 0xc0002474e0}, {0x4358b3, 0xe}, {0x482520, 0x3f7900}, {0xc000e1c000, ...}, ...})
	D:/Go/src/6.824/src/labrpc/labrpc.go:496 +0x39d
6.824/labrpc.(*Server).dispatch(0xc0005dc018, {{0x3ff780, 0xc0002474e0}, {0x4358b3, 0xe}, {0x482520, 0x3f7900}, {0xc000e1c000, 0x72d8, 0x7450}, ...})
	D:/Go/src/6.824/src/labrpc/labrpc.go:420 +0x1fe
6.824/labrpc.(*Network).processReq.func1()
	D:/Go/src/6.824/src/labrpc/labrpc.go:240 +0x58
created by 6.824/labrpc.(*Network).processReq
	D:/Go/src/6.824/src/labrpc/labrpc.go:239 +0x1df

goroutine 102071 [select]:
6.824/kvraft.(*Clerk).Execute(0xc00020e180, 0xc000883aa0, 0xc0006a3c58)
	D:/Go/src/6.824/src/kvraft/client.go:52 +0x1b2
6.824/kvraft.(*Clerk).Get(0xc00020e180, {0x43ce86, 0x1})
	D:/Go/src/6.824/src/kvraft/client.go:74 +0x185
6.824/kvraft.Get(0xc00011a780, 0x2, {0x43ce86, 0x1}, 0xc0004e26c0, 0x0)
	D:/Go/src/6.824/src/kvraft/test_test.go:43 +0xbb
6.824/kvraft.GenericTest.func1(0x0, 0xc00000c6f0, 0xc0004c6000)
	D:/Go/src/6.824/src/kvraft/test_test.go:284 +0x3e5
6.824/kvraft.run_client(0xc00036db80, 0xc00011a780, 0x28a, 0xc000050a20, 0xc000102410)
	D:/Go/src/6.824/src/kvraft/test_test.go:103 +0xe4
created by 6.824/kvraft.spawn_clients_and_wait
	D:/Go/src/6.824/src/kvraft/test_test.go:113 +0x51

goroutine 250615 [chan receive]:
6.824/labrpc.(*ClientEnd).Call(0xc00024a240, {0x434b19, 0xc000b6def8}, {0x4073e0, 0xc0008eb5f0}, {0x3f74c0, 0xc0004628b8})
	D:/Go/src/6.824/src/labrpc/labrpc.go:112 +0x26e
6.824/kvraft.(*Clerk).Execute.func1(0x1)
	D:/Go/src/6.824/src/kvraft/client.go:47 +0x9b
created by 6.824/kvraft.(*Clerk).Execute
	D:/Go/src/6.824/src/kvraft/client.go:45 +0x151

goroutine 101918 [sleep]:
time.Sleep(0xc0a4680)
	D:/ProgramFiles/Go/src/runtime/time.go:193 +0x133
6.824/raft.(*Raft).electionTicker(0xc000340000)
	D:/Go/src/6.824/src/raft/raft.go:627 +0x95
created by 6.824/raft.Make
	D:/Go/src/6.824/src/raft/raft.go:668 +0x27b

goroutine 102070 [chan receive]:
6.824/kvraft.spawn_clients_and_wait(0xc0004c6000, 0xc00011a780, 0x14, 0xc000102410)
	D:/Go/src/6.824/src/kvraft/test_test.go:117 +0x185
created by 6.824/kvraft.GenericTest
	D:/Go/src/6.824/src/kvraft/test_test.go:253 +0x6bd

goroutine 250586 [chan receive]:
6.824/labrpc.(*ClientEnd).Call(0xc000096520, {0x4358b3, 0x3f74c0}, {0x3f7900, 0xc00021b740}, {0x3f7940, 0xc0002346a0})
	D:/Go/src/6.824/src/labrpc/labrpc.go:112 +0x26e
6.824/raft.(*Raft).sendAppendLog(...)
	D:/Go/src/6.824/src/raft/raft.go:460
6.824/raft.(*Raft).sendMsg.func1(0x2)
	D:/Go/src/6.824/src/raft/raft.go:302 +0x90
created by 6.824/raft.(*Raft).sendMsg
	D:/Go/src/6.824/src/raft/raft.go:300 +0x4a5

goroutine 251157 [runnable]:
sync.runtime_SemacquireMutex(0xc000247520, 0xb3, 0xe)
	D:/ProgramFiles/Go/src/runtime/sema.go:71 +0x25
sync.(*Mutex).lockSlow(0xc00011c4b0)
	D:/ProgramFiles/Go/src/sync/mutex.go:138 +0x165
sync.(*Mutex).Lock(...)
	D:/ProgramFiles/Go/src/sync/mutex.go:81
6.824/raft.(*Raft).lock(...)
	D:/Go/src/6.824/src/raft/raft.go:473
6.824/raft.(*Raft).receiveAppendReplay(0xc00011c4b0, 0x4, 0x1, 0xc000362020)
	D:/Go/src/6.824/src/raft/raft.go:412 +0x5d
6.824/raft.(*Raft).sendMsg.func1(0x4)
	D:/Go/src/6.824/src/raft/raft.go:304 +0xad
created by 6.824/raft.(*Raft).sendMsg
	D:/Go/src/6.824/src/raft/raft.go:300 +0x4a5

goroutine 102083 [select]:
6.824/kvraft.(*Clerk).Execute(0xc000078180, 0xc00055c690, 0xc0004bdc58)
	D:/Go/src/6.824/src/kvraft/client.go:52 +0x1b2
6.824/kvraft.(*Clerk).Get(0xc000078180, {0x441e96, 0x2})
	D:/Go/src/6.824/src/kvraft/client.go:74 +0x185
6.824/kvraft.Get(0xc00011a780, 0x2, {0x441e96, 0x2}, 0xc0004e26c0, 0xc)
	D:/Go/src/6.824/src/kvraft/test_test.go:43 +0xbb
6.824/kvraft.GenericTest.func1(0xc, 0xc0003249c0, 0xc0004c6000)
	D:/Go/src/6.824/src/kvraft/test_test.go:284 +0x3e5
6.824/kvraft.run_client(0xc00036d340, 0xc00011a780, 0x28a, 0xc000050780, 0xc000102410)
	D:/Go/src/6.824/src/kvraft/test_test.go:103 +0xe4
created by 6.824/kvraft.spawn_clients_and_wait
	D:/Go/src/6.824/src/kvraft/test_test.go:113 +0x51

goroutine 251072 [runnable]:
6.824/labrpc.MakeNetwork.func1·dwrap·1()
	D:/Go/src/6.824/src/labrpc/labrpc.go:157
runtime.goexit()
	D:/ProgramFiles/Go/src/runtime/asm_amd64.s:1581 +0x1
created by 6.824/labrpc.MakeNetwork.func1
	D:/Go/src/6.824/src/labrpc/labrpc.go:157 +0x3e

goroutine 102082 [select]:
6.824/kvraft.(*Clerk).Execute(0xc000078140, 0xc000882d20, 0xc0004bfc68)
	D:/Go/src/6.824/src/kvraft/client.go:52 +0x1b2
6.824/kvraft.(*Clerk).Append(0xc000078140, {0x441e94, 0x2}, {0xc00073cdf0, 0xa})
	D:/Go/src/6.824/src/kvraft/client.go:103 +0x1ad
6.824/kvraft.Append(0xc00011a780, 0x2, {0x441e94, 0x2}, {0xc00073cdf0, 0xa}, 0xc0004e26c0, 0xb)
	D:/Go/src/6.824/src/kvraft/test_test.go:77 +0xd5
6.824/kvraft.GenericTest.func1(0xb, 0xc000324990, 0xc0004c6000)
	D:/Go/src/6.824/src/kvraft/test_test.go:272 +0x587
6.824/kvraft.run_client(0xc000086900, 0xc00011a780, 0x120, 0xc0000867e0, 0xc000102410)
	D:/Go/src/6.824/src/kvraft/test_test.go:103 +0xe4
created by 6.824/kvraft.spawn_clients_and_wait
	D:/Go/src/6.824/src/kvraft/test_test.go:113 +0x51

goroutine 251045 [select]:
6.824/kvraft.(*KVServer).Do(0xc0003cab40, 0xc000baf1a0, 0xc0003df188)
	D:/Go/src/6.824/src/kvraft/server.go:71 +0x2f4
reflect.Value.call({0xc0000da120, 0xc00023a008, 0xc000effb10}, {0x4335ed, 0x4}, {0xc000effc68, 0x3, 0xc000effb40})
	D:/ProgramFiles/Go/src/reflect/value.go:543 +0x814
reflect.Value.Call({0xc0000da120, 0xc00023a008, 0xc00070cfc0}, {0xc000effc68, 0x3, 0x3})
	D:/ProgramFiles/Go/src/reflect/value.go:339 +0xc5
6.824/labrpc.(*Service).dispatch(0xc00020e080, {0x434b22, 0x2}, {{0x3ff780, 0xc0004150d0}, {0x434b19, 0xb}, {0x482520, 0x4073e0}, {0xc00034a6e0, ...}, ...})
	D:/Go/src/6.824/src/labrpc/labrpc.go:496 +0x39d
6.824/labrpc.(*Server).dispatch(0xc0001e2138, {{0x3ff780, 0xc0004150d0}, {0x434b19, 0xb}, {0x482520, 0x4073e0}, {0xc00034a6e0, 0x5e, 0xa8}, ...})
	D:/Go/src/6.824/src/labrpc/labrpc.go:420 +0x1fe
6.824/labrpc.(*Network).processReq.func1()
	D:/Go/src/6.824/src/labrpc/labrpc.go:240 +0x58
created by 6.824/labrpc.(*Network).processReq
	D:/Go/src/6.824/src/labrpc/labrpc.go:239 +0x1df

goroutine 251067 [runnable]:
6.824/labrpc.(*ClientEnd).Call(0xc000096500, {0x4358b3, 0x482520}, {0x3f7900, 0xc00040f0e0}, {0x3f7940, 0xc000961250})
	D:/Go/src/6.824/src/labrpc/labrpc.go:101 +0x211
6.824/raft.(*Raft).sendAppendLog(...)
	D:/Go/src/6.824/src/raft/raft.go:460
6.824/raft.(*Raft).sendMsg.func1(0x1)
	D:/Go/src/6.824/src/raft/raft.go:302 +0x90
created by 6.824/raft.(*Raft).sendMsg
	D:/Go/src/6.824/src/raft/raft.go:300 +0x4a5

goroutine 250973 [chan receive]:
6.824/labrpc.(*ClientEnd).Call(0xc000096540, {0x4358b3, 0x3c3065}, {0x3f7900, 0xc00031b500}, {0x3f7940, 0xc000680e20})
	D:/Go/src/6.824/src/labrpc/labrpc.go:112 +0x26e
6.824/raft.(*Raft).sendAppendLog(...)
	D:/Go/src/6.824/src/raft/raft.go:460
6.824/raft.(*Raft).sendMsg.func1(0x3)
	D:/Go/src/6.824/src/raft/raft.go:302 +0x90
created by 6.824/raft.(*Raft).sendMsg
	D:/Go/src/6.824/src/raft/raft.go:300 +0x4a5

goroutine 251139 [runnable]:
6.824/labrpc.MakeNetwork.func1·dwrap·1()
	D:/Go/src/6.824/src/labrpc/labrpc.go:157
runtime.goexit()
	D:/ProgramFiles/Go/src/runtime/asm_amd64.s:1581 +0x1
created by 6.824/labrpc.MakeNetwork.func1
	D:/Go/src/6.824/src/labrpc/labrpc.go:157 +0x3e

goroutine 251101 [runnable]:
6.824/raft.(*Raft).sendMsg·dwrap·14()
	D:/Go/src/6.824/src/raft/raft.go:300
runtime.goexit()
	D:/ProgramFiles/Go/src/runtime/asm_amd64.s:1581 +0x1
created by 6.824/raft.(*Raft).sendMsg
	D:/Go/src/6.824/src/raft/raft.go:300 +0x4a5

goroutine 251093 [select]:
6.824/kvraft.(*KVServer).Do(0xc0003cab40, 0xc0002d3200, 0xc00041d878)
	D:/Go/src/6.824/src/kvraft/server.go:71 +0x2f4
reflect.Value.call({0xc0000da120, 0xc00023a008, 0xc000819b10}, {0x4335ed, 0x4}, {0xc000819c68, 0x3, 0xc000819b40})
	D:/ProgramFiles/Go/src/reflect/value.go:543 +0x814
reflect.Value.Call({0xc0000da120, 0xc00023a008, 0xc000108110}, {0xc000819c68, 0x3, 0x3})
	D:/ProgramFiles/Go/src/reflect/value.go:339 +0xc5
6.824/labrpc.(*Service).dispatch(0xc00020e080, {0x434b22, 0x2}, {{0x3ff780, 0xc0002c4120}, {0x434b19, 0xb}, {0x482520, 0x4073e0}, {0xc00055e160, ...}, ...})
	D:/Go/src/6.824/src/labrpc/labrpc.go:496 +0x39d
6.824/labrpc.(*Server).dispatch(0xc0001e2138, {{0x3ff780, 0xc0002c4120}, {0x434b19, 0xb}, {0x482520, 0x4073e0}, {0xc00055e160, 0x5d, 0xa7}, ...})
	D:/Go/src/6.824/src/labrpc/labrpc.go:420 +0x1fe
6.824/labrpc.(*Network).processReq.func1()
	D:/Go/src/6.824/src/labrpc/labrpc.go:240 +0x58
created by 6.824/labrpc.(*Network).processReq
	D:/Go/src/6.824/src/labrpc/labrpc.go:239 +0x1df

goroutine 250820 [chan receive]:
6.824/labrpc.(*ClientEnd).Call(0xc00024a000, {0x434b19, 0x3cb6f0}, {0x4073e0, 0xc0007f5140}, {0x3f74c0, 0xc000462d98})
	D:/Go/src/6.824/src/labrpc/labrpc.go:112 +0x26e
6.824/kvraft.(*Clerk).Execute.func1(0x1)
	D:/Go/src/6.824/src/kvraft/client.go:47 +0x9b
created by 6.824/kvraft.(*Clerk).Execute
	D:/Go/src/6.824/src/kvraft/client.go:45 +0x151

goroutine 251094 [chan receive]:
6.824/labrpc.(*ClientEnd).Call(0xc0002ae0c0, {0x434b19, 0x35}, {0x4073e0, 0xc000883aa0}, {0x3f74c0, 0xc00041d8d8})
	D:/Go/src/6.824/src/labrpc/labrpc.go:112 +0x26e
6.824/kvraft.(*Clerk).Execute.func1(0x4)
	D:/Go/src/6.824/src/kvraft/client.go:47 +0x9b
created by 6.824/kvraft.(*Clerk).Execute
	D:/Go/src/6.824/src/kvraft/client.go:45 +0x151

goroutine 251106 [runnable]:
6.824/labrpc.MakeNetwork.func1·dwrap·1()
	D:/Go/src/6.824/src/labrpc/labrpc.go:157
runtime.goexit()
	D:/ProgramFiles/Go/src/runtime/asm_amd64.s:1581 +0x1
created by 6.824/labrpc.MakeNetwork.func1
	D:/Go/src/6.824/src/labrpc/labrpc.go:157 +0x3e

goroutine 251125 [select]:
6.824/kvraft.(*KVServer).Do(0xc0003cab40, 0xc000512180, 0xc00059e180)
	D:/Go/src/6.824/src/kvraft/server.go:71 +0x2f4
reflect.Value.call({0xc0000da120, 0xc00023a008, 0xc000937b10}, {0x4335ed, 0x4}, {0xc000937c68, 0x3, 0xc000937b40})
	D:/ProgramFiles/Go/src/reflect/value.go:543 +0x814
reflect.Value.Call({0xc0000da120, 0xc00023a008, 0xc00023a420}, {0xc000937c68, 0x3, 0x3})
	D:/ProgramFiles/Go/src/reflect/value.go:339 +0xc5
6.824/labrpc.(*Service).dispatch(0xc00020e080, {0x434b22, 0x2}, {{0x3ff780, 0xc0004d0130}, {0x434b19, 0xb}, {0x482520, 0x4073e0}, {0xc000634630, ...}, ...})
	D:/Go/src/6.824/src/labrpc/labrpc.go:496 +0x39d
6.824/labrpc.(*Server).dispatch(0xc0001e2138, {{0x3ff780, 0xc0004d0130}, {0x434b19, 0xb}, {0x482520, 0x4073e0}, {0xc000634630, 0x5d, 0xa7}, ...})
	D:/Go/src/6.824/src/labrpc/labrpc.go:420 +0x1fe
6.824/labrpc.(*Network).processReq.func1()
	D:/Go/src/6.824/src/labrpc/labrpc.go:240 +0x58
created by 6.824/labrpc.(*Network).processReq
	D:/Go/src/6.824/src/labrpc/labrpc.go:239 +0x1df

goroutine 250631 [select]:
6.824/labrpc.(*Network).processReq(0xc0003caaa0, {{0x3ff780, 0xc0002474e0}, {0x4358b3, 0xe}, {0x482520, 0x3f7900}, {0xc00113f080, 0x1f0, 0x28a}, ...})
	D:/Go/src/6.824/src/labrpc/labrpc.go:251 +0x41c
created by 6.824/labrpc.MakeNetwork.func1
	D:/Go/src/6.824/src/labrpc/labrpc.go:157 +0x3e

goroutine 251175 [runnable]:
6.824/raft.(*Raft).AppendLog·dwrap·16()
	D:/Go/src/6.824/src/raft/raft.go:351
runtime.goexit()
	D:/ProgramFiles/Go/src/runtime/asm_amd64.s:1581 +0x1
created by 6.824/raft.(*Raft).AppendLog
	D:/Go/src/6.824/src/raft/raft.go:351 +0x2cb

goroutine 251057 [runnable]:
6.824/labrpc.(*ClientEnd).Call(0xc000806260, {0x434b19, 0x35}, {0x4073e0, 0xc00055d380}, {0x3f74c0, 0xc0001cbb90})
	D:/Go/src/6.824/src/labrpc/labrpc.go:101 +0x211
6.824/kvraft.(*Clerk).Execute.func1(0x2)
	D:/Go/src/6.824/src/kvraft/client.go:47 +0x9b
created by 6.824/kvraft.(*Clerk).Execute
	D:/Go/src/6.824/src/kvraft/client.go:45 +0x151

goroutine 251071 [runnable]:
6.824/labrpc.(*ClientEnd).Call(0xc00024a480, {0x434b19, 0x3cb6f0}, {0x4073e0, 0xc00055cd50}, {0x3f74c0, 0xc0003f7fb0})
	D:/Go/src/6.824/src/labrpc/labrpc.go:101 +0x211
6.824/kvraft.(*Clerk).Execute.func1(0x0)
	D:/Go/src/6.824/src/kvraft/client.go:47 +0x9b
created by 6.824/kvraft.(*Clerk).Execute
	D:/Go/src/6.824/src/kvraft/client.go:45 +0x151

goroutine 251053 [runnable]:
6.824/labrpc.(*ClientEnd).Call(0xc0008061a0, {0x434b19, 0x60f}, {0x4073e0, 0xc0001685d0}, {0x3f74c0, 0xc0001cb800})
	D:/Go/src/6.824/src/labrpc/labrpc.go:101 +0x211
6.824/kvraft.(*Clerk).Execute.func1(0x2)
	D:/Go/src/6.824/src/kvraft/client.go:47 +0x9b
created by 6.824/kvraft.(*Clerk).Execute
	D:/Go/src/6.824/src/kvraft/client.go:45 +0x151

goroutine 251150 [select]:
6.824/kvraft.(*KVServer).Do(0xc0003cab40, 0xc0005b68d0, 0xc0004feed0)
	D:/Go/src/6.824/src/kvraft/server.go:71 +0x2f4
reflect.Value.call({0xc0000da120, 0xc00023a008, 0xc001479b10}, {0x4335ed, 0x4}, {0xc001479c68, 0x3, 0xc001479b40})
	D:/ProgramFiles/Go/src/reflect/value.go:543 +0x814
reflect.Value.Call({0xc0000da120, 0xc00023a008, 0xc000714698}, {0xc001479c68, 0x3, 0x3})
	D:/ProgramFiles/Go/src/reflect/value.go:339 +0xc5
6.824/labrpc.(*Service).dispatch(0xc00020e080, {0x434b22, 0x2}, {{0x3ff780, 0xc0002c4510}, {0x434b19, 0xb}, {0x482520, 0x4073e0}, {0xc00034aa50, ...}, ...})
	D:/Go/src/6.824/src/labrpc/labrpc.go:496 +0x39d
6.824/labrpc.(*Server).dispatch(0xc0001e2138, {{0x3ff780, 0xc0002c4510}, {0x434b19, 0xb}, {0x482520, 0x4073e0}, {0xc00034aa50, 0x5e, 0xa8}, ...})
	D:/Go/src/6.824/src/labrpc/labrpc.go:420 +0x1fe
6.824/labrpc.(*Network).processReq.func1()
	D:/Go/src/6.824/src/labrpc/labrpc.go:240 +0x58
created by 6.824/labrpc.(*Network).processReq
	D:/Go/src/6.824/src/labrpc/labrpc.go:239 +0x1df

goroutine 251141 [select]:
6.824/kvraft.(*KVServer).Do(0xc0003cab40, 0xc00007cf00, 0xc0004fe348)
	D:/Go/src/6.824/src/kvraft/server.go:71 +0x2f4
reflect.Value.call({0xc0000da120, 0xc00023a008, 0xc00093bb10}, {0x4335ed, 0x4}, {0xc00093bc68, 0x3, 0xc00093bb40})
	D:/ProgramFiles/Go/src/reflect/value.go:543 +0x814
reflect.Value.Call({0xc0000da120, 0xc00023a008, 0xc000714320}, {0xc00093bc68, 0x3, 0x3})
	D:/ProgramFiles/Go/src/reflect/value.go:339 +0xc5
6.824/labrpc.(*Service).dispatch(0xc00020e080, {0x434b22, 0x2}, {{0x3ff780, 0xc00081c0f0}, {0x434b19, 0xb}, {0x482520, 0x4073e0}, {0xc00014acc0, ...}, ...})
	D:/Go/src/6.824/src/labrpc/labrpc.go:496 +0x39d
6.824/labrpc.(*Server).dispatch(0xc0001e2138, {{0x3ff780, 0xc00081c0f0}, {0x434b19, 0xb}, {0x482520, 0x4073e0}, {0xc00014acc0, 0x68, 0xb2}, ...})
	D:/Go/src/6.824/src/labrpc/labrpc.go:420 +0x1fe
6.824/labrpc.(*Network).processReq.func1()
	D:/Go/src/6.824/src/labrpc/labrpc.go:240 +0x58
created by 6.824/labrpc.(*Network).processReq
	D:/Go/src/6.824/src/labrpc/labrpc.go:239 +0x1df

goroutine 251147 [select]:
6.824/kvraft.(*KVServer).Do(0xc0003cab40, 0xc0006475f0, 0xc0004feba0)
	D:/Go/src/6.824/src/kvraft/server.go:71 +0x2f4
reflect.Value.call({0xc0000da120, 0xc00023a008, 0xc000da3b10}, {0x4335ed, 0x4}, {0xc000da3c68, 0x3, 0xc000da3b40})
	D:/ProgramFiles/Go/src/reflect/value.go:543 +0x814
reflect.Value.Call({0xc0000da120, 0xc00023a008, 0xc000714570}, {0xc000da3c68, 0x3, 0x3})
	D:/ProgramFiles/Go/src/reflect/value.go:339 +0xc5
6.824/labrpc.(*Service).dispatch(0xc00020e080, {0x434b22, 0x2}, {{0x3ff780, 0xc0002c4bc0}, {0x434b19, 0xb}, {0x482520, 0x4073e0}, {0xc00034a9a0, ...}, ...})
	D:/Go/src/6.824/src/labrpc/labrpc.go:496 +0x39d
6.824/labrpc.(*Server).dispatch(0xc0001e2138, {{0x3ff780, 0xc0002c4bc0}, {0x434b19, 0xb}, {0x482520, 0x4073e0}, {0xc00034a9a0, 0x5e, 0xa8}, ...})
	D:/Go/src/6.824/src/labrpc/labrpc.go:420 +0x1fe
6.824/labrpc.(*Network).processReq.func1()
	D:/Go/src/6.824/src/labrpc/labrpc.go:240 +0x58
created by 6.824/labrpc.(*Network).processReq
	D:/Go/src/6.824/src/labrpc/labrpc.go:239 +0x1df

goroutine 251156 [runnable]:
6.824/raft.(*Raft).sendMsg·dwrap·14()
	D:/Go/src/6.824/src/raft/raft.go:300
runtime.goexit()
	D:/ProgramFiles/Go/src/runtime/asm_amd64.s:1581 +0x1
created by 6.824/raft.(*Raft).sendMsg
	D:/Go/src/6.824/src/raft/raft.go:300 +0x4a5

goroutine 251124 [select]:
6.824/labrpc.(*Network).processReq(0xc0003caaa0, {{0x3ff780, 0xc0004d0130}, {0x434b19, 0xb}, {0x482520, 0x4073e0}, {0xc000634630, 0x5d, 0xa7}, ...})
	D:/Go/src/6.824/src/labrpc/labrpc.go:251 +0x41c
created by 6.824/labrpc.MakeNetwork.func1
	D:/Go/src/6.824/src/labrpc/labrpc.go:157 +0x3e

goroutine 251055 [runnable]:
6.824/labrpc.(*ClientEnd).Call(0xc00024a300, {0x434b19, 0xc0002474c0}, {0x4073e0, 0xc000882d20}, {0x3f74c0, 0xc0001cb998})
	D:/Go/src/6.824/src/labrpc/labrpc.go:101 +0x211
6.824/kvraft.(*Clerk).Execute.func1(0x1)
	D:/Go/src/6.824/src/kvraft/client.go:47 +0x9b
created by 6.824/kvraft.(*Clerk).Execute
	D:/Go/src/6.824/src/kvraft/client.go:45 +0x151

goroutine 250558 [chan receive]:
6.824/labrpc.(*ClientEnd).Call(0xc000096520, {0x4358b3, 0x482520}, {0x3f7900, 0xc00040f0e0}, {0x3f7940, 0xc0003828a0})
	D:/Go/src/6.824/src/labrpc/labrpc.go:112 +0x26e
6.824/raft.(*Raft).sendAppendLog(...)
	D:/Go/src/6.824/src/raft/raft.go:460
6.824/raft.(*Raft).sendMsg.func1(0x2)
	D:/Go/src/6.824/src/raft/raft.go:302 +0x90
created by 6.824/raft.(*Raft).sendMsg
	D:/Go/src/6.824/src/raft/raft.go:300 +0x4a5

goroutine 250690 [runnable]:
sync.runtime_Semrelease(0xc000914c80, 0xc0, 0xc0004c21c0)
	D:/ProgramFiles/Go/src/runtime/sema.go:66 +0x19
sync.(*Mutex).unlockSlow(0x3ca598, 0x4c21c0)
	D:/ProgramFiles/Go/src/sync/mutex.go:224 +0x65
sync.(*Mutex).Unlock(...)
	D:/ProgramFiles/Go/src/sync/mutex.go:190
6.824/raft.(*Raft).unlock(0x0)
	D:/Go/src/6.824/src/raft/raft.go:476 +0x29
6.824/raft.(*Raft).AppendLog(0xc0003400f0, 0xc00058e4e0, 0xc00009e7b0)
	D:/Go/src/6.824/src/raft/raft.go:410 +0x679
reflect.Value.call({0xc0000da2a0, 0xc0001b00d0, 0xc000669b10}, {0x4335ed, 0x4}, {0xc000669c68, 0x3, 0xc000669b40})
	D:/ProgramFiles/Go/src/reflect/value.go:543 +0x814
reflect.Value.Call({0xc0000da2a0, 0xc0001b00d0, 0xc000714df0}, {0xc000669c68, 0x3, 0x3})
	D:/ProgramFiles/Go/src/reflect/value.go:339 +0xc5
6.824/labrpc.(*Service).dispatch(0xc0004c2300, {0x4358b8, 0x9}, {{0x3ff780, 0xc0002474e0}, {0x4358b3, 0xe}, {0x482520, 0x3f7900}, {0xc00113e840, ...}, ...})
	D:/Go/src/6.824/src/labrpc/labrpc.go:496 +0x39d
6.824/labrpc.(*Server).dispatch(0xc0005dc018, {{0x3ff780, 0xc0002474e0}, {0x4358b3, 0xe}, {0x482520, 0x3f7900}, {0xc00113e840, 0x1c1, 0x28a}, ...})
	D:/Go/src/6.824/src/labrpc/labrpc.go:420 +0x1fe
6.824/labrpc.(*Network).processReq.func1()
	D:/Go/src/6.824/src/labrpc/labrpc.go:240 +0x58
created by 6.824/labrpc.(*Network).processReq
	D:/Go/src/6.824/src/labrpc/labrpc.go:239 +0x1df

goroutine 251154 [chan receive]:
6.824/labrpc.(*ClientEnd).Call(0xc000096500, {0x4358b3, 0x3c3065}, {0x3f7900, 0xc0004164e0}, {0x3f7940, 0xc000363f40})
	D:/Go/src/6.824/src/labrpc/labrpc.go:112 +0x26e
6.824/raft.(*Raft).sendAppendLog(...)
	D:/Go/src/6.824/src/raft/raft.go:460
6.824/raft.(*Raft).sendMsg.func1(0x1)
	D:/Go/src/6.824/src/raft/raft.go:302 +0x90
created by 6.824/raft.(*Raft).sendMsg
	D:/Go/src/6.824/src/raft/raft.go:300 +0x4a5

goroutine 251092 [select]:
6.824/labrpc.(*Network).processReq(0xc0003caaa0, {{0x3ff780, 0xc0002c4120}, {0x434b19, 0xb}, {0x482520, 0x4073e0}, {0xc00055e160, 0x5d, 0xa7}, ...})
	D:/Go/src/6.824/src/labrpc/labrpc.go:251 +0x41c
created by 6.824/labrpc.MakeNetwork.func1
	D:/Go/src/6.824/src/labrpc/labrpc.go:157 +0x3e

goroutine 251091 [chan receive]:
6.824/labrpc.(*ClientEnd).Call(0xc00024a0c0, {0x434b19, 0xc00081c1e0}, {0x4073e0, 0xc000699410}, {0x3f74c0, 0xc00041d578})
	D:/Go/src/6.824/src/labrpc/labrpc.go:112 +0x26e
6.824/kvraft.(*Clerk).Execute.func1(0x3)
	D:/Go/src/6.824/src/kvraft/client.go:47 +0x9b
created by 6.824/kvraft.(*Clerk).Execute
	D:/Go/src/6.824/src/kvraft/client.go:45 +0x151

goroutine 251179 [select]:
6.824/labrpc.(*Network).processReq(0xc0003caaa0, {{0x3ff780, 0xc0002474e0}, {0x4358b3, 0xe}, {0x482520, 0x3f7900}, {0xc000e1c000, 0x72d8, 0x7450}, ...})
	D:/Go/src/6.824/src/labrpc/labrpc.go:251 +0x41c
created by 6.824/labrpc.MakeNetwork.func1
	D:/Go/src/6.824/src/labrpc/labrpc.go:157 +0x3e

goroutine 251110 [runnable]:
6.824/labrpc.MakeNetwork.func1·dwrap·1()
	D:/Go/src/6.824/src/labrpc/labrpc.go:157
runtime.goexit()
	D:/ProgramFiles/Go/src/runtime/asm_amd64.s:1581 +0x1
created by 6.824/labrpc.MakeNetwork.func1
	D:/Go/src/6.824/src/labrpc/labrpc.go:157 +0x3e

goroutine 250525 [chan send]:
6.824/raft.(*Raft).commitLog(0xc0003400f0, {0xc000128700, 0x1a, 0x2})
	D:/Go/src/6.824/src/raft/raft.go:326 +0x135
created by 6.824/raft.(*Raft).AppendLog
	D:/Go/src/6.824/src/raft/raft.go:402 +0x638

goroutine 250546 [chan receive]:
6.824/labrpc.(*ClientEnd).Call(0xc000096520, {0x4358b3, 0x3f74c0}, {0x3f7900, 0xc000416600}, {0x3f7940, 0xc000e7b4d0})
	D:/Go/src/6.824/src/labrpc/labrpc.go:112 +0x26e
6.824/raft.(*Raft).sendAppendLog(...)
	D:/Go/src/6.824/src/raft/raft.go:460
6.824/raft.(*Raft).sendMsg.func1(0x2)
	D:/Go/src/6.824/src/raft/raft.go:302 +0x90
created by 6.824/raft.(*Raft).sendMsg
	D:/Go/src/6.824/src/raft/raft.go:300 +0x4a5

goroutine 251113 [runnable]:
6.824/labrpc.MakeNetwork.func1·dwrap·1()
	D:/Go/src/6.824/src/labrpc/labrpc.go:157
runtime.goexit()
	D:/ProgramFiles/Go/src/runtime/asm_amd64.s:1581 +0x1
created by 6.824/labrpc.MakeNetwork.func1
	D:/Go/src/6.824/src/labrpc/labrpc.go:157 +0x3e

goroutine 251056 [runnable]:
6.824/labrpc.(*ClientEnd).Call(0xc00024a180, {0x434b19, 0x3cb6f0}, {0x4073e0, 0xc000883140}, {0x3f74c0, 0xc0001cba88})
	D:/Go/src/6.824/src/labrpc/labrpc.go:101 +0x211
6.824/kvraft.(*Clerk).Execute.func1(0x4)
	D:/Go/src/6.824/src/kvraft/client.go:47 +0x9b
created by 6.824/kvraft.(*Clerk).Execute
	D:/Go/src/6.824/src/kvraft/client.go:45 +0x151

goroutine 251149 [select]:
6.824/labrpc.(*Network).processReq(0xc0003caaa0, {{0x3ff780, 0xc0002c4510}, {0x434b19, 0xb}, {0x482520, 0x4073e0}, {0xc00034aa50, 0x5e, 0xa8}, ...})
	D:/Go/src/6.824/src/labrpc/labrpc.go:251 +0x41c
created by 6.824/labrpc.MakeNetwork.func1
	D:/Go/src/6.824/src/labrpc/labrpc.go:157 +0x3e

goroutine 251112 [runnable]:
6.824/labrpc.MakeNetwork.func1·dwrap·1()
	D:/Go/src/6.824/src/labrpc/labrpc.go:157
runtime.goexit()
	D:/ProgramFiles/Go/src/runtime/asm_amd64.s:1581 +0x1
created by 6.824/labrpc.MakeNetwork.func1
	D:/Go/src/6.824/src/labrpc/labrpc.go:157 +0x3e

goroutine 251104 [runnable]:
6.824/raft.(*Raft).sendMsg·dwrap·14()
	D:/Go/src/6.824/src/raft/raft.go:300
runtime.goexit()
	D:/ProgramFiles/Go/src/runtime/asm_amd64.s:1581 +0x1
created by 6.824/raft.(*Raft).sendMsg
	D:/Go/src/6.824/src/raft/raft.go:300 +0x4a5

goroutine 251068 [runnable]:
6.824/labrpc.(*ClientEnd).Call(0xc000096520, {0x4358b3, 0x3f74c0}, {0x3f7900, 0xc00040f320}, {0x3f7940, 0xc000960b40})
	D:/Go/src/6.824/src/labrpc/labrpc.go:101 +0x211
6.824/raft.(*Raft).sendAppendLog(...)
	D:/Go/src/6.824/src/raft/raft.go:460
6.824/raft.(*Raft).sendMsg.func1(0x2)
	D:/Go/src/6.824/src/raft/raft.go:302 +0x90
created by 6.824/raft.(*Raft).sendMsg
	D:/Go/src/6.824/src/raft/raft.go:300 +0x4a5

goroutine 250490 [select]:
6.824/labrpc.(*Network).processReq(0xc0003caaa0, {{0x3ff780, 0xc0002474e0}, {0x4358b3, 0xe}, {0x482520, 0x3f7900}, {0xc000473000, 0x349, 0x701}, ...})
	D:/Go/src/6.824/src/labrpc/labrpc.go:251 +0x41c
created by 6.824/labrpc.MakeNetwork.func1
	D:/Go/src/6.824/src/labrpc/labrpc.go:157 +0x3e

goroutine 251102 [runnable]:
6.824/raft.(*Raft).sendMsg·dwrap·14()
	D:/Go/src/6.824/src/raft/raft.go:300
runtime.goexit()
	D:/ProgramFiles/Go/src/runtime/asm_amd64.s:1581 +0x1
created by 6.824/raft.(*Raft).sendMsg
	D:/Go/src/6.824/src/raft/raft.go:300 +0x4a5

goroutine 251095 [select]:
6.824/labrpc.(*Network).processReq(0xc0003caaa0, {{0x3ff780, 0xc000247ab0}, {0x434b19, 0xb}, {0x482520, 0x4073e0}, {0xc00055e210, 0x5d, 0xa7}, ...})
	D:/Go/src/6.824/src/labrpc/labrpc.go:251 +0x41c
created by 6.824/labrpc.MakeNetwork.func1
	D:/Go/src/6.824/src/labrpc/labrpc.go:157 +0x3e

goroutine 250663 [select]:
6.824/labrpc.(*Network).processReq(0xc0003caaa0, {{0x3ff780, 0xc0002c4310}, {0x434b19, 0xb}, {0x482520, 0x4073e0}, {0xc0001c2540, 0x68, 0xb2}, ...})
	D:/Go/src/6.824/src/labrpc/labrpc.go:251 +0x41c
created by 6.824/labrpc.MakeNetwork.func1
	D:/Go/src/6.824/src/labrpc/labrpc.go:157 +0x3e

goroutine 251064 [runnable]:
6.824/labrpc.(*ClientEnd).Call(0xc0004e2900, {0x434b19, 0x3cb6f0}, {0x4073e0, 0xc00090de60}, {0x3f74c0, 0xc00028b5d8})
	D:/Go/src/6.824/src/labrpc/labrpc.go:101 +0x211
6.824/kvraft.(*Clerk).Execute.func1(0x3)
	D:/Go/src/6.824/src/kvraft/client.go:47 +0x9b
created by 6.824/kvraft.(*Clerk).Execute
	D:/Go/src/6.824/src/kvraft/client.go:45 +0x151

goroutine 250979 [runnable]:
6.824/labrpc.(*ClientEnd).Call(0xc000096520, {0x4358b3, 0x3c3065}, {0x3f7900, 0xc000073380}, {0x3f7940, 0xc0006813f0})
	D:/Go/src/6.824/src/labrpc/labrpc.go:101 +0x211
6.824/raft.(*Raft).sendAppendLog(...)
	D:/Go/src/6.824/src/raft/raft.go:460
6.824/raft.(*Raft).sendMsg.func1(0x2)
	D:/Go/src/6.824/src/raft/raft.go:302 +0x90
created by 6.824/raft.(*Raft).sendMsg
	D:/Go/src/6.824/src/raft/raft.go:300 +0x4a5

goroutine 250933 [runnable]:
6.824/labrpc.(*ClientEnd).Call(0xc000096520, {0x4358b3, 0x482520}, {0x3f7900, 0xc0004a6000}, {0x3f7940, 0xc00040b000})
	D:/Go/src/6.824/src/labrpc/labrpc.go:101 +0x211
6.824/raft.(*Raft).sendAppendLog(...)
	D:/Go/src/6.824/src/raft/raft.go:460
6.824/raft.(*Raft).sendMsg.func1(0x2)
	D:/Go/src/6.824/src/raft/raft.go:302 +0x90
created by 6.824/raft.(*Raft).sendMsg
	D:/Go/src/6.824/src/raft/raft.go:300 +0x4a5

goroutine 250666 [chan receive]:
6.824/labrpc.(*ClientEnd).Call(0xc000096520, {0x4358b3, 0x1}, {0x3f7900, 0xc0006375c0}, {0x3f7940, 0xc000f4dd50})
	D:/Go/src/6.824/src/labrpc/labrpc.go:112 +0x26e
6.824/raft.(*Raft).sendAppendLog(...)
	D:/Go/src/6.824/src/raft/raft.go:460
6.824/raft.(*Raft).sendMsg.func1(0x2)
	D:/Go/src/6.824/src/raft/raft.go:302 +0x90
created by 6.824/raft.(*Raft).sendMsg
	D:/Go/src/6.824/src/raft/raft.go:300 +0x4a5

goroutine 251118 [runnable]:
6.824/labrpc.MakeNetwork.func1·dwrap·1()
	D:/Go/src/6.824/src/labrpc/labrpc.go:157
runtime.goexit()
	D:/ProgramFiles/Go/src/runtime/asm_amd64.s:1581 +0x1
created by 6.824/labrpc.MakeNetwork.func1
	D:/Go/src/6.824/src/labrpc/labrpc.go:157 +0x3e

goroutine 251148 [chan receive]:
6.824/labrpc.(*ClientEnd).Call(0xc00024a3c0, {0x434b19, 0xc0002c4bc0}, {0x4073e0, 0xc00055c690}, {0x3f74c0, 0xc0004fec00})
	D:/Go/src/6.824/src/labrpc/labrpc.go:112 +0x26e
6.824/kvraft.(*Clerk).Execute.func1(0x3)
	D:/Go/src/6.824/src/kvraft/client.go:47 +0x9b
created by 6.824/kvraft.(*Clerk).Execute
	D:/Go/src/6.824/src/kvraft/client.go:45 +0x151

goroutine 250897 [semacquire]:
sync.runtime_SemacquireMutex(0x2038332033312078, 0x79, 0x3420333120787920)
	D:/ProgramFiles/Go/src/runtime/sema.go:71 +0x25
sync.(*Mutex).lockSlow(0xc0003400f8)
	D:/ProgramFiles/Go/src/sync/mutex.go:138 +0x165
sync.(*Mutex).Lock(...)
	D:/ProgramFiles/Go/src/sync/mutex.go:81
6.824/raft.(*Raft).commitLog(0xc0003400f0, {0xc000128740, 0x1d, 0x2033312078792034})
	D:/Go/src/6.824/src/raft/raft.go:313 +0x56
created by 6.824/raft.(*Raft).AppendLog
	D:/Go/src/6.824/src/raft/raft.go:402 +0x638

goroutine 251070 [runnable]:
6.824/labrpc.(*ClientEnd).Call(0xc000096560, {0x4358b3, 0x3f74c0}, {0x3f7900, 0xc00040f4a0}, {0x3f7940, 0xc000960660})
	D:/Go/src/6.824/src/labrpc/labrpc.go:101 +0x211
6.824/raft.(*Raft).sendAppendLog(...)
	D:/Go/src/6.824/src/raft/raft.go:460
6.824/raft.(*Raft).sendMsg.func1(0x4)
	D:/Go/src/6.824/src/raft/raft.go:302 +0x90
created by 6.824/raft.(*Raft).sendMsg
	D:/Go/src/6.824/src/raft/raft.go:300 +0x4a5

goroutine 251098 [chan receive]:
6.824/labrpc.(*ClientEnd).Call(0xc000096520, {0x4358b3, 0x3c3065}, {0x3f7900, 0xc000661b00}, {0x3f7940, 0xc000e7a9a0})
	D:/Go/src/6.824/src/labrpc/labrpc.go:112 +0x26e
6.824/raft.(*Raft).sendAppendLog(...)
	D:/Go/src/6.824/src/raft/raft.go:460
6.824/raft.(*Raft).sendMsg.func1(0x2)
	D:/Go/src/6.824/src/raft/raft.go:302 +0x90
created by 6.824/raft.(*Raft).sendMsg
	D:/Go/src/6.824/src/raft/raft.go:300 +0x4a5

goroutine 250747 [chan receive]:
6.824/labrpc.(*ClientEnd).Call(0xc000096520, {0x4358b3, 0x482520}, {0x3f7900, 0xc000117080}, {0x3f7940, 0xc000309a00})
	D:/Go/src/6.824/src/labrpc/labrpc.go:112 +0x26e
6.824/raft.(*Raft).sendAppendLog(...)
	D:/Go/src/6.824/src/raft/raft.go:460
6.824/raft.(*Raft).sendMsg.func1(0x2)
	D:/Go/src/6.824/src/raft/raft.go:302 +0x90
created by 6.824/raft.(*Raft).sendMsg
	D:/Go/src/6.824/src/raft/raft.go:300 +0x4a5

goroutine 251130 [chan receive]:
6.824/labrpc.(*ClientEnd).Call(0xc000096500, {0x4358b3, 0x482520}, {0x3f7900, 0xc0003359e0}, {0x3f7940, 0xc00000a070})
	D:/Go/src/6.824/src/labrpc/labrpc.go:112 +0x26e
6.824/raft.(*Raft).sendAppendLog(...)
	D:/Go/src/6.824/src/raft/raft.go:460
6.824/raft.(*Raft).sendMsg.func1(0x1)
	D:/Go/src/6.824/src/raft/raft.go:302 +0x90
created by 6.824/raft.(*Raft).sendMsg
	D:/Go/src/6.824/src/raft/raft.go:300 +0x4a5

goroutine 250594 [chan receive]:
6.824/labrpc.(*ClientEnd).Call(0xc000096520, {0x4358b3, 0x482520}, {0x3f7900, 0xc0006e2000}, {0x3f7940, 0xc0003639b0})
	D:/Go/src/6.824/src/labrpc/labrpc.go:112 +0x26e
6.824/raft.(*Raft).sendAppendLog(...)
	D:/Go/src/6.824/src/raft/raft.go:460
6.824/raft.(*Raft).sendMsg.func1(0x2)
	D:/Go/src/6.824/src/raft/raft.go:302 +0x90
created by 6.824/raft.(*Raft).sendMsg
	D:/Go/src/6.824/src/raft/raft.go:300 +0x4a5

goroutine 251086 [select]:
6.824/labrpc.(*Network).processReq(0xc0003caaa0, {{0x3ff780, 0xc0002474e0}, {0x4358b3, 0xe}, {0x482520, 0x3f7900}, {0xc000c24000, 0x72d8, 0x7450}, ...})
	D:/Go/src/6.824/src/labrpc/labrpc.go:251 +0x41c
created by 6.824/labrpc.MakeNetwork.func1
	D:/Go/src/6.824/src/labrpc/labrpc.go:157 +0x3e

goroutine 251105 [runnable]:
6.824/raft.(*Raft).sendMsg·dwrap·14()
	D:/Go/src/6.824/src/raft/raft.go:300
runtime.goexit()
	D:/ProgramFiles/Go/src/runtime/asm_amd64.s:1581 +0x1
created by 6.824/raft.(*Raft).sendMsg
	D:/Go/src/6.824/src/raft/raft.go:300 +0x4a5

goroutine 251205 [runnable]:
encoding/gob.(*Decoder).recvType(0xc0001f2600, 0x43)
	D:/ProgramFiles/Go/src/encoding/gob/decoder.go:72 +0x15c
encoding/gob.(*Decoder).decodeTypeSequence(0xc0001f2600, 0x0)
	D:/ProgramFiles/Go/src/encoding/gob/decoder.go:154 +0x6d
encoding/gob.(*Decoder).DecodeValue(0xc0001f2600, {0xc000237140, 0xc00023b0b8, 0xc001563b18})
	D:/ProgramFiles/Go/src/encoding/gob/decoder.go:214 +0x18f
encoding/gob.(*Decoder).Decode(0xc0001f2600, {0xc000237140, 0xc00023b0b8})
	D:/ProgramFiles/Go/src/encoding/gob/decoder.go:191 +0x137
6.824/labgob.(*LabDecoder).Decode(0xc001563c30, {0xc000237140, 0xc00023b0b8})
	D:/Go/src/6.824/src/labgob/labgob.go:55 +0x54
6.824/labrpc.(*Service).dispatch(0xc0004c20c0, {0x4358b8, 0x9}, {{0x3ff780, 0xc0002474c0}, {0x4358b3, 0xe}, {0x482520, 0x3f7900}, {0xc000e5a000, ...}, ...})
	D:/Go/src/6.824/src/labrpc/labrpc.go:487 +0x238
6.824/labrpc.(*Server).dispatch(0xc0005dc000, {{0x3ff780, 0xc0002474c0}, {0x4358b3, 0xe}, {0x482520, 0x3f7900}, {0xc000e5a000, 0x72d8, 0x7450}, ...})
	D:/Go/src/6.824/src/labrpc/labrpc.go:420 +0x1fe
6.824/labrpc.(*Network).processReq.func1()
	D:/Go/src/6.824/src/labrpc/labrpc.go:240 +0x58
created by 6.824/labrpc.(*Network).processReq
	D:/Go/src/6.824/src/labrpc/labrpc.go:239 +0x1df

goroutine 251082 [runnable]:
6.824/raft.(*Raft).AppendLog·dwrap·16()
	D:/Go/src/6.824/src/raft/raft.go:351
runtime.goexit()
	D:/ProgramFiles/Go/src/runtime/asm_amd64.s:1581 +0x1
created by 6.824/raft.(*Raft).AppendLog
	D:/Go/src/6.824/src/raft/raft.go:351 +0x2cb

goroutine 250664 [semacquire]:
6.824/labrpc.(*Service).dispatch(0xc00020e080, {0x434b22, 0x2}, {{0x3ff780, 0xc0002c4310}, {0x434b19, 0xb}, {0x482520, 0x4073e0}, {0xc0001c2540, ...}, ...})
	D:/Go/src/6.824/src/labrpc/labrpc.go:499 +0x3a9
6.824/labrpc.(*Server).dispatch(0xc0001e2138, {{0x3ff780, 0xc0002c4310}, {0x434b19, 0xb}, {0x482520, 0x4073e0}, {0xc0001c2540, 0x68, 0xb2}, ...})
	D:/Go/src/6.824/src/labrpc/labrpc.go:420 +0x1fe
6.824/labrpc.(*Network).processReq.func1()
	D:/Go/src/6.824/src/labrpc/labrpc.go:240 +0x58
created by 6.824/labrpc.(*Network).processReq
	D:/Go/src/6.824/src/labrpc/labrpc.go:239 +0x1df

goroutine 251107 [runnable]:
6.824/labrpc.MakeNetwork.func1·dwrap·1()
	D:/Go/src/6.824/src/labrpc/labrpc.go:157
runtime.goexit()
	D:/ProgramFiles/Go/src/runtime/asm_amd64.s:1581 +0x1
created by 6.824/labrpc.MakeNetwork.func1
	D:/Go/src/6.824/src/labrpc/labrpc.go:157 +0x3e

goroutine 251069 [semacquire]:
6.824/raft.(*Raft).sendMsg.func1(0x3)
	D:/Go/src/6.824/src/raft/raft.go:301 +0x45
created by 6.824/raft.(*Raft).sendMsg
	D:/Go/src/6.824/src/raft/raft.go:300 +0x4a5

goroutine 251144 [select]:
6.824/kvraft.(*KVServer).Do(0xc0003cab40, 0xc000646150, 0xc0004fe750)
	D:/Go/src/6.824/src/kvraft/server.go:71 +0x2f4
reflect.Value.call({0xc0000da120, 0xc00023a008, 0xc000e33b10}, {0x4335ed, 0x4}, {0xc000e33c68, 0x3, 0xc000e33b40})
	D:/ProgramFiles/Go/src/reflect/value.go:543 +0x814
reflect.Value.Call({0xc0000da120, 0xc00023a008, 0xc000714448}, {0xc000e33c68, 0x3, 0x3})
	D:/ProgramFiles/Go/src/reflect/value.go:339 +0xc5
6.824/labrpc.(*Service).dispatch(0xc00020e080, {0x434b22, 0x2}, {{0x3ff780, 0xc000193eb0}, {0x434b19, 0xb}, {0x482520, 0x4073e0}, {0xc000a68600, ...}, ...})
	D:/Go/src/6.824/src/labrpc/labrpc.go:496 +0x39d
6.824/labrpc.(*Server).dispatch(0xc0001e2138, {{0x3ff780, 0xc000193eb0}, {0x434b19, 0xb}, {0x482520, 0x4073e0}, {0xc000a68600, 0x6a, 0xb4}, ...})
	D:/Go/src/6.824/src/labrpc/labrpc.go:420 +0x1fe
6.824/labrpc.(*Network).processReq.func1()
	D:/Go/src/6.824/src/labrpc/labrpc.go:240 +0x58
created by 6.824/labrpc.(*Network).processReq
	D:/Go/src/6.824/src/labrpc/labrpc.go:239 +0x1df

goroutine 250825 [chan receive]:
6.824/labrpc.(*ClientEnd).Call(0xc000096520, {0x4358b3, 0x3f74c0}, {0x3f7900, 0xc0004164e0}, {0x3f7940, 0xc0002e7b30})
	D:/Go/src/6.824/src/labrpc/labrpc.go:112 +0x26e
6.824/raft.(*Raft).sendAppendLog(...)
	D:/Go/src/6.824/src/raft/raft.go:460
6.824/raft.(*Raft).sendMsg.func1(0x2)
	D:/Go/src/6.824/src/raft/raft.go:302 +0x90
created by 6.824/raft.(*Raft).sendMsg
	D:/Go/src/6.824/src/raft/raft.go:300 +0x4a5

goroutine 250550 [chan receive]:
6.824/labrpc.(*ClientEnd).Call(0xc000096520, {0x4358b3, 0x3c3065}, {0x3f7900, 0xc000416f00}, {0x3f7940, 0xc000e7bb50})
	D:/Go/src/6.824/src/labrpc/labrpc.go:112 +0x26e
6.824/raft.(*Raft).sendAppendLog(...)
	D:/Go/src/6.824/src/raft/raft.go:460
6.824/raft.(*Raft).sendMsg.func1(0x2)
	D:/Go/src/6.824/src/raft/raft.go:302 +0x90
created by 6.824/raft.(*Raft).sendMsg
	D:/Go/src/6.824/src/raft/raft.go:300 +0x4a5

goroutine 250757 [runnable]:
sync.runtime_Semrelease(0xc000b37200, 0xc0, 0xc0004c21c0)
	D:/ProgramFiles/Go/src/runtime/sema.go:66 +0x19
sync.(*Mutex).unlockSlow(0x3ca598, 0x4c21c0)
	D:/ProgramFiles/Go/src/sync/mutex.go:224 +0x65
sync.(*Mutex).Unlock(...)
	D:/ProgramFiles/Go/src/sync/mutex.go:190
6.824/raft.(*Raft).unlock(0x0)
	D:/Go/src/6.824/src/raft/raft.go:476 +0x29
6.824/raft.(*Raft).AppendLog(0xc0003400f0, 0xc0002b4de0, 0xc0001ce6e0)
	D:/Go/src/6.824/src/raft/raft.go:410 +0x679
reflect.Value.call({0xc0000da2a0, 0xc0001b00d0, 0xc000da7b10}, {0x4335ed, 0x4}, {0xc000da7c68, 0x3, 0xc000da7b40})
	D:/ProgramFiles/Go/src/reflect/value.go:543 +0x814
reflect.Value.Call({0xc0000da2a0, 0xc0001b00d0, 0xc00070cd70}, {0xc000da7c68, 0x3, 0x3})
	D:/ProgramFiles/Go/src/reflect/value.go:339 +0xc5
6.824/labrpc.(*Service).dispatch(0xc0004c2300, {0x4358b8, 0x9}, {{0x3ff780, 0xc0002474e0}, {0x4358b3, 0xe}, {0x482520, 0x3f7900}, {0xc000999500, ...}, ...})
	D:/Go/src/6.824/src/labrpc/labrpc.go:496 +0x39d
6.824/labrpc.(*Server).dispatch(0xc0005dc018, {{0x3ff780, 0xc0002474e0}, {0x4358b3, 0xe}, {0x482520, 0x3f7900}, {0xc000999500, 0x2e1, 0x699}, ...})
	D:/Go/src/6.824/src/labrpc/labrpc.go:420 +0x1fe
6.824/labrpc.(*Network).processReq.func1()
	D:/Go/src/6.824/src/labrpc/labrpc.go:240 +0x58
created by 6.824/labrpc.(*Network).processReq
	D:/Go/src/6.824/src/labrpc/labrpc.go:239 +0x1df

goroutine 251108 [runnable]:
6.824/labrpc.MakeNetwork.func1·dwrap·1()
	D:/Go/src/6.824/src/labrpc/labrpc.go:157
runtime.goexit()
	D:/ProgramFiles/Go/src/runtime/asm_amd64.s:1581 +0x1
created by 6.824/labrpc.MakeNetwork.func1
	D:/Go/src/6.824/src/labrpc/labrpc.go:157 +0x3e

goroutine 251100 [runnable]:
6.824/raft.(*Raft).sendMsg·dwrap·14()
	D:/Go/src/6.824/src/raft/raft.go:300
runtime.goexit()
	D:/ProgramFiles/Go/src/runtime/asm_amd64.s:1581 +0x1
created by 6.824/raft.(*Raft).sendMsg
	D:/Go/src/6.824/src/raft/raft.go:300 +0x4a5

goroutine 250715 [semacquire]:
bytes.NewBuffer(...)
	D:/ProgramFiles/Go/src/bytes/buffer.go:451
6.824/labrpc.(*ClientEnd).Call(0xc000096520, {0x4358b3, 0x482520}, {0x3f7900, 0xc00010e0c0}, {0x3f7940, 0xc00040baa0})
	D:/Go/src/6.824/src/labrpc/labrpc.go:114 +0x2b0
6.824/raft.(*Raft).sendAppendLog(...)
	D:/Go/src/6.824/src/raft/raft.go:460
6.824/raft.(*Raft).sendMsg.func1(0x2)
	D:/Go/src/6.824/src/raft/raft.go:302 +0x90
created by 6.824/raft.(*Raft).sendMsg
	D:/Go/src/6.824/src/raft/raft.go:300 +0x4a5

goroutine 251186 [runnable]:
6.824/raft.(*Raft).AppendLog·dwrap·16()
	D:/Go/src/6.824/src/raft/raft.go:351
runtime.goexit()
	D:/ProgramFiles/Go/src/runtime/asm_amd64.s:1581 +0x1
created by 6.824/raft.(*Raft).AppendLog
	D:/Go/src/6.824/src/raft/raft.go:351 +0x2cb

goroutine 250978 [runnable]:
6.824/labrpc.(*ClientEnd).Call(0xc000096500, {0x4358b3, 0x482520}, {0x3f7900, 0xc000072fc0}, {0x3f7940, 0xc0006812d0})
	D:/Go/src/6.824/src/labrpc/labrpc.go:101 +0x211
6.824/raft.(*Raft).sendAppendLog(...)
	D:/Go/src/6.824/src/raft/raft.go:460
6.824/raft.(*Raft).sendMsg.func1(0x1)
	D:/Go/src/6.824/src/raft/raft.go:302 +0x90
created by 6.824/raft.(*Raft).sendMsg
	D:/Go/src/6.824/src/raft/raft.go:300 +0x4a5

goroutine 251203 [runnable]:
6.824/raft.(*Raft).AppendLog·dwrap·16()
	D:/Go/src/6.824/src/raft/raft.go:351
runtime.goexit()
	D:/ProgramFiles/Go/src/runtime/asm_amd64.s:1581 +0x1
created by 6.824/raft.(*Raft).AppendLog
	D:/Go/src/6.824/src/raft/raft.go:351 +0x2cb

goroutine 250980 [runnable]:
6.824/labrpc.(*ClientEnd).Call(0xc000096540, {0x4358b3, 0x482520}, {0x3f7900, 0xc000073440}, {0x3f7940, 0xc0006815f0})
	D:/Go/src/6.824/src/labrpc/labrpc.go:101 +0x211
6.824/raft.(*Raft).sendAppendLog(...)
	D:/Go/src/6.824/src/raft/raft.go:460
6.824/raft.(*Raft).sendMsg.func1(0x3)
	D:/Go/src/6.824/src/raft/raft.go:302 +0x90
created by 6.824/raft.(*Raft).sendMsg
	D:/Go/src/6.824/src/raft/raft.go:300 +0x4a5

goroutine 251133 [runnable]:
sync.runtime_SemacquireMutex(0xc000247520, 0xb3, 0xe)
	D:/ProgramFiles/Go/src/runtime/sema.go:71 +0x25
sync.(*Mutex).lockSlow(0xc00011c4b0)
	D:/ProgramFiles/Go/src/sync/mutex.go:138 +0x165
sync.(*Mutex).Lock(...)
	D:/ProgramFiles/Go/src/sync/mutex.go:81
6.824/raft.(*Raft).lock(...)
	D:/Go/src/6.824/src/raft/raft.go:473
6.824/raft.(*Raft).receiveAppendReplay(0xc00011c4b0, 0x4, 0x1, 0xc0002341e0)
	D:/Go/src/6.824/src/raft/raft.go:412 +0x5d
6.824/raft.(*Raft).sendMsg.func1(0x4)
	D:/Go/src/6.824/src/raft/raft.go:304 +0xad
created by 6.824/raft.(*Raft).sendMsg
	D:/Go/src/6.824/src/raft/raft.go:300 +0x4a5

goroutine 251135 [chan receive]:
6.824/labrpc.(*ClientEnd).Call(0xc000096520, {0x4358b3, 0x0}, {0x3f7900, 0xc0003aa6c0}, {0x3f7940, 0xc000362b90})
	D:/Go/src/6.824/src/labrpc/labrpc.go:112 +0x26e
6.824/raft.(*Raft).sendAppendLog(...)
	D:/Go/src/6.824/src/raft/raft.go:460
6.824/raft.(*Raft).sendMsg.func1(0x2)
	D:/Go/src/6.824/src/raft/raft.go:302 +0x90
created by 6.824/raft.(*Raft).sendMsg
	D:/Go/src/6.824/src/raft/raft.go:300 +0x4a5

goroutine 251204 [select]:
6.824/labrpc.(*Network).processReq(0xc0003caaa0, {{0x3ff780, 0xc0002474c0}, {0x4358b3, 0xe}, {0x482520, 0x3f7900}, {0xc000e5a000, 0x72d8, 0x7450}, ...})
	D:/Go/src/6.824/src/labrpc/labrpc.go:251 +0x41c
created by 6.824/labrpc.MakeNetwork.func1
	D:/Go/src/6.824/src/labrpc/labrpc.go:157 +0x3e

goroutine 250869 [select]:
6.824/labrpc.(*Network).processReq(0xc0003caaa0, {{0x3ff780, 0xc0002474e0}, {0x4358b3, 0xe}, {0x482520, 0x3f7900}, {0xc00038e800, 0x3f2, 0x7aa}, ...})
	D:/Go/src/6.824/src/labrpc/labrpc.go:251 +0x41c
created by 6.824/labrpc.MakeNetwork.func1
	D:/Go/src/6.824/src/labrpc/labrpc.go:157 +0x3e

goroutine 251127 [chan receive]:
6.824/labrpc.(*ClientEnd).Call(0xc000096520, {0x4358b3, 0x3f74c0}, {0x3f7900, 0xc000334900}, {0x3f7940, 0xc000234e90})
	D:/Go/src/6.824/src/labrpc/labrpc.go:112 +0x26e
6.824/raft.(*Raft).sendAppendLog(...)
	D:/Go/src/6.824/src/raft/raft.go:460
6.824/raft.(*Raft).sendMsg.func1(0x2)
	D:/Go/src/6.824/src/raft/raft.go:302 +0x90
created by 6.824/raft.(*Raft).sendMsg
	D:/Go/src/6.824/src/raft/raft.go:300 +0x4a5

goroutine 251165 [semacquire]:
sync.runtime_SemacquireMutex(0x3ed46a, 0x8, 0x0)
	D:/ProgramFiles/Go/src/runtime/sema.go:71 +0x25
sync.(*Mutex).lockSlow(0xc0003400f0)
	D:/ProgramFiles/Go/src/sync/mutex.go:138 +0x165
sync.(*Mutex).Lock(...)
	D:/ProgramFiles/Go/src/sync/mutex.go:81
6.824/raft.(*Raft).lock(...)
	D:/Go/src/6.824/src/raft/raft.go:473
6.824/raft.(*Raft).AppendLog(0xc0003400f0, 0xc0003a0d80, 0xc000362f30)
	D:/Go/src/6.824/src/raft/raft.go:331 +0x75
reflect.Value.call({0xc0000da2a0, 0xc0001b00d0, 0xc000749b10}, {0x4335ed, 0x4}, {0xc000749c68, 0x3, 0xc000749b40})
	D:/ProgramFiles/Go/src/reflect/value.go:543 +0x814
reflect.Value.Call({0xc0000da2a0, 0xc0001b00d0, 0xc00023aa70}, {0xc000749c68, 0x3, 0x3})
	D:/ProgramFiles/Go/src/reflect/value.go:339 +0xc5
6.824/labrpc.(*Service).dispatch(0xc0004c2300, {0x4358b8, 0x9}, {{0x3ff780, 0xc0002474e0}, {0x4358b3, 0xe}, {0x482520, 0x3f7900}, {0xc000bd2000, ...}, ...})
	D:/Go/src/6.824/src/labrpc/labrpc.go:496 +0x39d
6.824/labrpc.(*Server).dispatch(0xc0005dc018, {{0x3ff780, 0xc0002474e0}, {0x4358b3, 0xe}, {0x482520, 0x3f7900}, {0xc000bd2000, 0x72d8, 0x7450}, ...})
	D:/Go/src/6.824/src/labrpc/labrpc.go:420 +0x1fe
6.824/labrpc.(*Network).processReq.func1()
	D:/Go/src/6.824/src/labrpc/labrpc.go:240 +0x58
created by 6.824/labrpc.(*Network).processReq
	D:/Go/src/6.824/src/labrpc/labrpc.go:239 +0x1df

goroutine 250778 [select]:
6.824/labrpc.(*Network).processReq(0xc0003caaa0, {{0x3ff780, 0xc0002474e0}, {0x4358b3, 0xe}, {0x482520, 0x3f7900}, {0xc00074a900, 0x4b3, 0x86b}, ...})
	D:/Go/src/6.824/src/labrpc/labrpc.go:251 +0x41c
created by 6.824/labrpc.MakeNetwork.func1
	D:/Go/src/6.824/src/labrpc/labrpc.go:157 +0x3e

goroutine 251170 [runnable]:
6.824/raft.(*Raft).sendMsg·dwrap·14()
	D:/Go/src/6.824/src/raft/raft.go:300
runtime.goexit()
	D:/ProgramFiles/Go/src/runtime/asm_amd64.s:1581 +0x1
created by 6.824/raft.(*Raft).sendMsg
	D:/Go/src/6.824/src/raft/raft.go:300 +0x4a5

goroutine 251145 [chan receive]:
6.824/labrpc.(*ClientEnd).Call(0xc00024a780, {0x434b19, 0x35}, {0x4073e0, 0xc000397950}, {0x3f74c0, 0xc0004fe8b8})
	D:/Go/src/6.824/src/labrpc/labrpc.go:112 +0x26e
6.824/kvraft.(*Clerk).Execute.func1(0x1)
	D:/Go/src/6.824/src/kvraft/client.go:47 +0x9b
created by 6.824/kvraft.(*Clerk).Execute
	D:/Go/src/6.824/src/kvraft/client.go:45 +0x151

goroutine 251117 [runnable]:
6.824/labrpc.MakeNetwork.func1·dwrap·1()
	D:/Go/src/6.824/src/labrpc/labrpc.go:157
runtime.goexit()
	D:/ProgramFiles/Go/src/runtime/asm_amd64.s:1581 +0x1
created by 6.824/labrpc.MakeNetwork.func1
	D:/Go/src/6.824/src/labrpc/labrpc.go:157 +0x3e

goroutine 251099 [select]:
6.824/labrpc.(*ClientEnd).Call(0xc000096540, {0x4358b3, 0x3c3065}, {0x3f7900, 0xc000661da0}, {0x3f7940, 0xc000e7ad90})
	D:/Go/src/6.824/src/labrpc/labrpc.go:101 +0x211
6.824/raft.(*Raft).sendAppendLog(...)
	D:/Go/src/6.824/src/raft/raft.go:460
6.824/raft.(*Raft).sendMsg.func1(0x3)
	D:/Go/src/6.824/src/raft/raft.go:302 +0x90
created by 6.824/raft.(*Raft).sendMsg
	D:/Go/src/6.824/src/raft/raft.go:300 +0x4a5

goroutine 250821 [select]:
6.824/labrpc.(*Network).processReq(0xc0003caaa0, {{0x3ff780, 0xc0002c4000}, {0x434b19, 0xb}, {0x482520, 0x4073e0}, {0xc00001c240, 0x68, 0xb2}, ...})
	D:/Go/src/6.824/src/labrpc/labrpc.go:251 +0x41c
created by 6.824/labrpc.MakeNetwork.func1
	D:/Go/src/6.824/src/labrpc/labrpc.go:157 +0x3e

goroutine 251171 [runnable]:
6.824/raft.(*Raft).sendMsg·dwrap·14()
	D:/Go/src/6.824/src/raft/raft.go:300
runtime.goexit()
	D:/ProgramFiles/Go/src/runtime/asm_amd64.s:1581 +0x1
created by 6.824/raft.(*Raft).sendMsg
	D:/Go/src/6.824/src/raft/raft.go:300 +0x4a5

goroutine 251121 [runnable]:
6.824/labrpc.MakeNetwork.func1·dwrap·1()
	D:/Go/src/6.824/src/labrpc/labrpc.go:157
runtime.goexit()
	D:/ProgramFiles/Go/src/runtime/asm_amd64.s:1581 +0x1
created by 6.824/labrpc.MakeNetwork.func1
	D:/Go/src/6.824/src/labrpc/labrpc.go:157 +0x3e

goroutine 250577 [chan receive]:
6.824/labrpc.(*ClientEnd).Call(0xc000096520, {0x4358b3, 0x3f74c0}, {0x3f7900, 0xc0004cea20}, {0x3f7940, 0xc00073d720})
	D:/Go/src/6.824/src/labrpc/labrpc.go:112 +0x26e
6.824/raft.(*Raft).sendAppendLog(...)
	D:/Go/src/6.824/src/raft/raft.go:460
6.824/raft.(*Raft).sendMsg.func1(0x2)
	D:/Go/src/6.824/src/raft/raft.go:302 +0x90
created by 6.824/raft.(*Raft).sendMsg
	D:/Go/src/6.824/src/raft/raft.go:300 +0x4a5

goroutine 251103 [runnable]:
6.824/raft.(*Raft).sendMsg·dwrap·14()
	D:/Go/src/6.824/src/raft/raft.go:300
runtime.goexit()
	D:/ProgramFiles/Go/src/runtime/asm_amd64.s:1581 +0x1
created by 6.824/raft.(*Raft).sendMsg
	D:/Go/src/6.824/src/raft/raft.go:300 +0x4a5

goroutine 250870 [runnable]:
sync.runtime_Semrelease(0xc000915900, 0xc0, 0xc0004c21c0)
	D:/ProgramFiles/Go/src/runtime/sema.go:66 +0x19
sync.(*Mutex).unlockSlow(0x3ca598, 0x4c21c0)
	D:/ProgramFiles/Go/src/sync/mutex.go:224 +0x65
sync.(*Mutex).Unlock(...)
	D:/ProgramFiles/Go/src/sync/mutex.go:190
6.824/raft.(*Raft).unlock(0x0)
	D:/Go/src/6.824/src/raft/raft.go:476 +0x29
6.824/raft.(*Raft).AppendLog(0xc0003400f0, 0xc000551e60, 0xc0002e7fb0)
	D:/Go/src/6.824/src/raft/raft.go:410 +0x679
reflect.Value.call({0xc0000da2a0, 0xc0001b00d0, 0xc000e2fb10}, {0x4335ed, 0x4}, {0xc000e2fc68, 0x3, 0xc000e2fb40})
	D:/ProgramFiles/Go/src/reflect/value.go:543 +0x814
reflect.Value.Call({0xc0000da2a0, 0xc0001b00d0, 0xc0000065d0}, {0xc000e2fc68, 0x3, 0x3})
	D:/ProgramFiles/Go/src/reflect/value.go:339 +0xc5
6.824/labrpc.(*Service).dispatch(0xc0004c2300, {0x4358b8, 0x9}, {{0x3ff780, 0xc0002474e0}, {0x4358b3, 0xe}, {0x482520, 0x3f7900}, {0xc00038e800, ...}, ...})
	D:/Go/src/6.824/src/labrpc/labrpc.go:496 +0x39d
6.824/labrpc.(*Server).dispatch(0xc0005dc018, {{0x3ff780, 0xc0002474e0}, {0x4358b3, 0xe}, {0x482520, 0x3f7900}, {0xc00038e800, 0x3f2, 0x7aa}, ...})
	D:/Go/src/6.824/src/labrpc/labrpc.go:420 +0x1fe
6.824/labrpc.(*Network).processReq.func1()
	D:/Go/src/6.824/src/labrpc/labrpc.go:240 +0x58
created by 6.824/labrpc.(*Network).processReq
	D:/Go/src/6.824/src/labrpc/labrpc.go:239 +0x1df

goroutine 251085 [runnable]:
6.824/raft.(*Raft).AppendLog·dwrap·16()
	D:/Go/src/6.824/src/raft/raft.go:351
runtime.goexit()
	D:/ProgramFiles/Go/src/runtime/asm_amd64.s:1581 +0x1
created by 6.824/raft.(*Raft).AppendLog
	D:/Go/src/6.824/src/raft/raft.go:351 +0x2cb

goroutine 250704 [runnable]:
sync.runtime_Semrelease(0xc000916580, 0xc0, 0xc0004c21c0)
	D:/ProgramFiles/Go/src/runtime/sema.go:66 +0x19
sync.(*Mutex).unlockSlow(0x3ca598, 0x4c21c0)
	D:/ProgramFiles/Go/src/sync/mutex.go:224 +0x65
sync.(*Mutex).Unlock(...)
	D:/ProgramFiles/Go/src/sync/mutex.go:190
6.824/raft.(*Raft).unlock(0x0)
	D:/Go/src/6.824/src/raft/raft.go:476 +0x29
6.824/raft.(*Raft).AppendLog(0xc0003400f0, 0xc0003a1920, 0xc0009612c0)
	D:/Go/src/6.824/src/raft/raft.go:410 +0x679
reflect.Value.call({0xc0000da2a0, 0xc0001b00d0, 0xc000ea1b10}, {0x4335ed, 0x4}, {0xc000ea1c68, 0x3, 0xc000ea1b40})
	D:/ProgramFiles/Go/src/reflect/value.go:543 +0x814
reflect.Value.Call({0xc0000da2a0, 0xc0001b00d0, 0xc00070c418}, {0xc000ea1c68, 0x3, 0x3})
	D:/ProgramFiles/Go/src/reflect/value.go:339 +0xc5
6.824/labrpc.(*Service).dispatch(0xc0004c2300, {0x4358b8, 0x9}, {{0x3ff780, 0xc0002474e0}, {0x4358b3, 0xe}, {0x482520, 0x3f7900}, {0xc00113f080, ...}, ...})
	D:/Go/src/6.824/src/labrpc/labrpc.go:496 +0x39d
6.824/labrpc.(*Server).dispatch(0xc0005dc018, {{0x3ff780, 0xc0002474e0}, {0x4358b3, 0xe}, {0x482520, 0x3f7900}, {0xc00113f080, 0x1f0, 0x28a}, ...})
	D:/Go/src/6.824/src/labrpc/labrpc.go:420 +0x1fe
6.824/labrpc.(*Network).processReq.func1()
	D:/Go/src/6.824/src/labrpc/labrpc.go:240 +0x58
created by 6.824/labrpc.(*Network).processReq
	D:/Go/src/6.824/src/labrpc/labrpc.go:239 +0x1df

goroutine 250885 [runnable]:
6.824/labrpc.(*ClientEnd).Call(0xc000096560, {0x4358b3, 0x3f74c0}, {0x3f7900, 0xc000284f00}, {0x3f7940, 0xc00040a460})
	D:/Go/src/6.824/src/labrpc/labrpc.go:101 +0x211
6.824/raft.(*Raft).sendAppendLog(...)
	D:/Go/src/6.824/src/raft/raft.go:460
6.824/raft.(*Raft).sendMsg.func1(0x4)
	D:/Go/src/6.824/src/raft/raft.go:302 +0x90
created by 6.824/raft.(*Raft).sendMsg
	D:/Go/src/6.824/src/raft/raft.go:300 +0x4a5

goroutine 251073 [runnable]:
6.824/labrpc.MakeNetwork.func1·dwrap·1()
	D:/Go/src/6.824/src/labrpc/labrpc.go:157
runtime.goexit()
	D:/ProgramFiles/Go/src/runtime/asm_amd64.s:1581 +0x1
created by 6.824/labrpc.MakeNetwork.func1
	D:/Go/src/6.824/src/labrpc/labrpc.go:157 +0x3e

goroutine 251131 [runnable]:
6.824/raft.(*Raft).sendMsg·dwrap·14()
	D:/Go/src/6.824/src/raft/raft.go:300
runtime.goexit()
	D:/ProgramFiles/Go/src/runtime/asm_amd64.s:1581 +0x1
created by 6.824/raft.(*Raft).sendMsg
	D:/Go/src/6.824/src/raft/raft.go:300 +0x4a5

goroutine 251066 [runnable]:
6.824/labrpc.(*ClientEnd).Call(0xc0002ae000, {0x434b19, 0x3cb6f0}, {0x4073e0, 0xc00065e540}, {0x3f74c0, 0xc0003f65a0})
	D:/Go/src/6.824/src/labrpc/labrpc.go:101 +0x211
6.824/kvraft.(*Clerk).Execute.func1(0x1)
	D:/Go/src/6.824/src/kvraft/client.go:47 +0x9b
created by 6.824/kvraft.(*Clerk).Execute
	D:/Go/src/6.824/src/kvraft/client.go:45 +0x151

goroutine 251138 [runnable]:
6.824/labrpc.MakeNetwork.func1·dwrap·1()
	D:/Go/src/6.824/src/labrpc/labrpc.go:157
runtime.goexit()
	D:/ProgramFiles/Go/src/runtime/asm_amd64.s:1581 +0x1
created by 6.824/labrpc.MakeNetwork.func1
	D:/Go/src/6.824/src/labrpc/labrpc.go:157 +0x3e
exit status 2
FAIL	6.824/kvraft	45.376s
