Test: InstallSnapshot RPC (3B) ...
labgob warning: Decoding into a non-default variable/field int may not work
  ... Passed --   3.6  3  2060   63
Test: snapshot size is reasonable (3B) ...
  ... Passed --   4.4  3  4218  800
Test: ops complete fast enough (3B) ...
  ... Passed --   5.4  3  4731    0
Test: restarts, snapshots, one client (3B) ...
  ... Passed --  21.1  5 14169 2050
Test: restarts, snapshots, many clients (3B) ...
unexpected fault address 0xffffffffffffffff
fatal error: fault
[signal 0xc0000005 code=0x0 addr=0xffffffffffffffff pc=0xa16c3f]

goroutine 368962 [running]:
runtime.throw({0xb738a0, 0x6f})
	D:/ProgramFiles/Go/src/runtime/panic.go:1198 +0x76 fp=0xc0009232f0 sp=0xc0009232c0 pc=0x9e8e56
runtime.sigpanic()
	D:/ProgramFiles/Go/src/runtime/signal_windows.go:260 +0x10c fp=0xc000923338 sp=0xc0009232f0 pc=0x9fd3ac
aeshashbody()
	D:/ProgramFiles/Go/src/runtime/asm_amd64.s:1324 +0x39f fp=0xc000923340 sp=0xc000923338 pc=0xa16c3f
runtime.mapaccess1_faststr(0xb4a6e0, 0xc000093bc0, {0x819d629c00000000, 0xc0000ec150})
	D:/ProgramFiles/Go/src/runtime/map_faststr.go:79 +0xa2 fp=0xc0009233a8 sp=0xc000923340 pc=0x9c2b62
6.824/kvraft.(*KVServer).Do(0xc0003bad20, 0xc000e7f1d0, 0xc0008f19e0)
	D:/Go/src/6.824/src/kvraft/server.go:53 +0x11a fp=0xc000923478 sp=0xc0009233a8 pc=0xb2355a
runtime.call32(0xc000092690, 0xc0000b2b28, 0x0, 0x0, 0x0, 0x18, 0xc0009239b8)
	D:/ProgramFiles/Go/src/runtime/asm_amd64.s:626 +0x50 fp=0xc0009234a8 sp=0xc000923478 pc=0xa17c30
runtime.reflectcall(0xb374c0, 0xc0008f19e0, 0x4, 0xb76d1d, 0x0, 0x12, 0xb374c0)
	<autogenerated>:1 +0x3c fp=0xc0009234e8 sp=0xc0009234a8 pc=0xa1bf3c
reflect.Value.call({0xc000052180, 0xc0000b2b28, 0xc000923b10}, {0xb735ed, 0x4}, {0xc000923c68, 0x3, 0xc000923b40})
	D:/ProgramFiles/Go/src/reflect/value.go:543 +0x814 fp=0xc000923ad8 sp=0xc0009234e8 pc=0xa77354
reflect.Value.Call({0xc000052180, 0xc0000b2b28, 0xc0000079d0}, {0xc000923c68, 0x3, 0x3})
	D:/ProgramFiles/Go/src/reflect/value.go:339 +0xc5 fp=0xc000923b50 sp=0xc000923ad8 pc=0xa76905
6.824/labrpc.(*Service).dispatch(0xc0007dd440, {0xb74b22, 0x2}, {{0xb3f780, 0xc002516ae0}, {0xb74b19, 0xb}, {0xbc2520, 0xb473e0}, {0xc0008e20c0, ...}, ...})
	D:/Go/src/6.824/src/labrpc/labrpc.go:496 +0x39d fp=0xc000923dc0 sp=0xc000923b50 pc=0xb057bd
6.824/labrpc.(*Server).dispatch(0xc0006bf1e8, {{0xb3f780, 0xc002516ae0}, {0xb74b19, 0xb}, {0xbc2520, 0xb473e0}, {0xc0008e20c0, 0x6a, 0xb4}, ...})
	D:/Go/src/6.824/src/labrpc/labrpc.go:420 +0x1fe fp=0xc000923f50 sp=0xc000923dc0 pc=0xb04dde
6.824/labrpc.(*Network).processReq.func1()
	D:/Go/src/6.824/src/labrpc/labrpc.go:240 +0x58 fp=0xc000923fe0 sp=0xc000923f50 pc=0xb03ff8
runtime.goexit()
	D:/ProgramFiles/Go/src/runtime/asm_amd64.s:1581 +0x1 fp=0xc000923fe8 sp=0xc000923fe0 pc=0xa199a1
created by 6.824/labrpc.(*Network).processReq
	D:/Go/src/6.824/src/labrpc/labrpc.go:239 +0x1df

goroutine 1 [chan receive]:
testing.(*T).Run(0xc00012e340, {0xb7bab0, 0xa1c253}, 0xb89398)
	D:/ProgramFiles/Go/src/testing/testing.go:1307 +0x375
testing.runTests.func1(0xc00012e340)
	D:/ProgramFiles/Go/src/testing/testing.go:1598 +0x6e
testing.tRunner(0xc00012e340, 0xc00007dd18)
	D:/ProgramFiles/Go/src/testing/testing.go:1259 +0x102
testing.runTests(0xc000138000, {0xcd52e0, 0x17, 0x17}, {0xa3d42d, 0xb75a81, 0xcd8d60})
	D:/ProgramFiles/Go/src/testing/testing.go:1596 +0x43f
testing.(*M).Run(0xc000138000)
	D:/ProgramFiles/Go/src/testing/testing.go:1504 +0x51d
main.main()
	_testmain.go:87 +0x14b

goroutine 92546 [sleep]:
time.Sleep(0x12a05f200)
	D:/ProgramFiles/Go/src/runtime/time.go:193 +0x133
6.824/kvraft.GenericTest(0xc000300000, {0xb73378, 0x2}, 0x14, 0x5, 0x0, 0x1, 0x0, 0x3e8, 0x0)
	D:/Go/src/6.824/src/kvraft/test_test.go:298 +0x787
6.824/kvraft.TestSnapshotRecoverManyClients3B(0xc000260ea0)
	D:/Go/src/6.824/src/kvraft/test_test.go:695 +0x45
testing.tRunner(0xc000300000, 0xb89398)
	D:/ProgramFiles/Go/src/testing/testing.go:1259 +0x102
created by testing.(*T).Run
	D:/ProgramFiles/Go/src/testing/testing.go:1306 +0x35a

goroutine 368931 [chan receive]:
6.824/labrpc.(*ClientEnd).Call(0xc0005e2c20, {0xb74b19, 0xc001561ef8}, {0xb473e0, 0xc001d9a750}, {0xb374c0, 0xc000a099b0})
	D:/Go/src/6.824/src/labrpc/labrpc.go:112 +0x26e
6.824/kvraft.(*Clerk).Execute.func1(0x1)
	D:/Go/src/6.824/src/kvraft/client.go:47 +0x9b
created by 6.824/kvraft.(*Clerk).Execute
	D:/Go/src/6.824/src/kvraft/client.go:45 +0x151

goroutine 368938 [select]:
6.824/labrpc.(*Network).processReq(0xc000054f00, {{0xb3f780, 0xc002516720}, {0xb74b19, 0xb}, {0xbc2520, 0xb473e0}, {0xc0003474a0, 0x5d, 0xa7}, ...})
	D:/Go/src/6.824/src/labrpc/labrpc.go:251 +0x41c
created by 6.824/labrpc.MakeNetwork.func1
	D:/Go/src/6.824/src/labrpc/labrpc.go:157 +0x3e

goroutine 249623 [select]:
6.824/kvraft.(*Clerk).Execute(0xc00063bd00, 0xc001bf6750, 0xc00019bc58)
	D:/Go/src/6.824/src/kvraft/client.go:52 +0x1b2
6.824/kvraft.(*Clerk).Get(0xc00063bd00, {0xb81e9c, 0x2})
	D:/Go/src/6.824/src/kvraft/client.go:74 +0x185
6.824/kvraft.Get(0xc00014a000, 0x2, {0xb81e9c, 0x2}, 0xc0006ea6e0, 0xf)
	D:/Go/src/6.824/src/kvraft/test_test.go:43 +0xbb
6.824/kvraft.GenericTest.func1(0xf, 0xc000890420, 0xc000300000)
	D:/Go/src/6.824/src/kvraft/test_test.go:284 +0x3e5
6.824/kvraft.run_client(0xc000745740, 0xc00014a000, 0xc00019bfd0, 0xb201cd, 0xc00066a820)
	D:/Go/src/6.824/src/kvraft/test_test.go:103 +0xe4
created by 6.824/kvraft.spawn_clients_and_wait
	D:/Go/src/6.824/src/kvraft/test_test.go:113 +0x51

goroutine 368999 [runnable]:
6.824/kvraft.(*KVServer).SnapShot·dwrap·16()
	D:/Go/src/6.824/src/kvraft/server.go:107
runtime.goexit()
	D:/ProgramFiles/Go/src/runtime/asm_amd64.s:1581 +0x1
created by 6.824/kvraft.(*KVServer).SnapShot
	D:/Go/src/6.824/src/kvraft/server.go:107 +0x185

goroutine 368981 [semacquire]:
sync.runtime_SemacquireMutex(0xa19ae7, 0xfe, 0x60)
	D:/ProgramFiles/Go/src/runtime/sema.go:71 +0x25
sync.(*Mutex).lockSlow(0xc0003bad20)
	D:/ProgramFiles/Go/src/sync/mutex.go:138 +0x165
sync.(*Mutex).Lock(...)
	D:/ProgramFiles/Go/src/sync/mutex.go:81
6.824/kvraft.(*KVServer).lock(...)
	D:/Go/src/6.824/src/kvraft/server.go:35
6.824/kvraft.(*KVServer).Do(0xc0003bad20, 0xc0009d8330, 0xc000991710)
	D:/Go/src/6.824/src/kvraft/server.go:44 +0x79
reflect.Value.call({0xc000052180, 0xc0000b2b28, 0xc000b8db10}, {0xb735ed, 0x4}, {0xc000b8dc68, 0x3, 0xc000b8db40})
	D:/ProgramFiles/Go/src/reflect/value.go:543 +0x814
reflect.Value.Call({0xc000052180, 0xc0000b2b28, 0xc000d5db60}, {0xc000b8dc68, 0x3, 0x3})
	D:/ProgramFiles/Go/src/reflect/value.go:339 +0xc5
6.824/labrpc.(*Service).dispatch(0xc0007dd440, {0xb74b22, 0x2}, {{0xb3f780, 0xc00044b230}, {0xb74b19, 0xb}, {0xbc2520, 0xb473e0}, {0xc00001ca80, ...}, ...})
	D:/Go/src/6.824/src/labrpc/labrpc.go:496 +0x39d
6.824/labrpc.(*Server).dispatch(0xc0006bf1e8, {{0xb3f780, 0xc00044b230}, {0xb74b19, 0xb}, {0xbc2520, 0xb473e0}, {0xc00001ca80, 0x68, 0xb2}, ...})
	D:/Go/src/6.824/src/labrpc/labrpc.go:420 +0x1fe
6.824/labrpc.(*Network).processReq.func1()
	D:/Go/src/6.824/src/labrpc/labrpc.go:240 +0x58
created by 6.824/labrpc.(*Network).processReq
	D:/Go/src/6.824/src/labrpc/labrpc.go:239 +0x1df

goroutine 369013 [runnable]:
6.824/raft.(*Raft).sendMsg·dwrap·14()
	D:/Go/src/6.824/src/raft/raft.go:300
runtime.goexit()
	D:/ProgramFiles/Go/src/runtime/asm_amd64.s:1581 +0x1
created by 6.824/raft.(*Raft).sendMsg
	D:/Go/src/6.824/src/raft/raft.go:300 +0x4a5

goroutine 238487 [sleep]:
time.Sleep(0xcc16180)
	D:/ProgramFiles/Go/src/runtime/time.go:193 +0x133
6.824/raft.(*Raft).electionTicker(0xc00014c000)
	D:/Go/src/6.824/src/raft/raft.go:627 +0x95
created by 6.824/raft.Make
	D:/Go/src/6.824/src/raft/raft.go:668 +0x27b

goroutine 369021 [runnable]:
6.824/raft.(*Raft).sendMsg·dwrap·14()
	D:/Go/src/6.824/src/raft/raft.go:300
runtime.goexit()
	D:/ProgramFiles/Go/src/runtime/asm_amd64.s:1581 +0x1
created by 6.824/raft.(*Raft).sendMsg
	D:/Go/src/6.824/src/raft/raft.go:300 +0x4a5

goroutine 369022 [runnable]:
6.824/raft.(*Raft).sendMsg·dwrap·14()
	D:/Go/src/6.824/src/raft/raft.go:300
runtime.goexit()
	D:/ProgramFiles/Go/src/runtime/asm_amd64.s:1581 +0x1
created by 6.824/raft.(*Raft).sendMsg
	D:/Go/src/6.824/src/raft/raft.go:300 +0x4a5

goroutine 249576 [select]:
6.824/kvraft.(*Clerk).Execute(0xc00063be40, 0xc00081daa0, 0xc000887c68)
	D:/Go/src/6.824/src/kvraft/client.go:52 +0x1b2
6.824/kvraft.(*Clerk).Append(0xc00063be40, {0xb7ce86, 0x1}, {0xc0009182f0, 0x9})
	D:/Go/src/6.824/src/kvraft/client.go:103 +0x1ad
6.824/kvraft.Append(0xc00014a000, 0x2, {0xb7ce86, 0x1}, {0xc0009182f0, 0x9}, 0xc0006ea6e0, 0x0)
	D:/Go/src/6.824/src/kvraft/test_test.go:77 +0xd5
6.824/kvraft.GenericTest.func1(0x0, 0xc000890510, 0xc000300000)
	D:/Go/src/6.824/src/kvraft/test_test.go:272 +0x587
6.824/kvraft.run_client(0xc0000ee630, 0xc00014a000, 0xa6, 0xc000057bc0, 0xc00066a820)
	D:/Go/src/6.824/src/kvraft/test_test.go:103 +0xe4
created by 6.824/kvraft.spawn_clients_and_wait
	D:/Go/src/6.824/src/kvraft/test_test.go:113 +0x51

goroutine 368933 [select]:
6.824/kvraft.(*KVServer).Do(0xc0003bad20, 0xc000e9b470, 0xc000a09c98)
	D:/Go/src/6.824/src/kvraft/server.go:71 +0x2f4
reflect.Value.call({0xc000052180, 0xc0000b2b28, 0xc000b1db10}, {0xb735ed, 0x4}, {0xc000b1dc68, 0x3, 0xc000b1db40})
	D:/ProgramFiles/Go/src/reflect/value.go:543 +0x814
reflect.Value.Call({0xc000052180, 0xc0000b2b28, 0xc0000b2cb0}, {0xc000b1dc68, 0x3, 0x3})
	D:/ProgramFiles/Go/src/reflect/value.go:339 +0xc5
6.824/labrpc.(*Service).dispatch(0xc0007dd440, {0xb74b22, 0x2}, {{0xb3f780, 0xc002516900}, {0xb74b19, 0xb}, {0xbc2520, 0xb473e0}, {0xc000347290, ...}, ...})
	D:/Go/src/6.824/src/labrpc/labrpc.go:496 +0x39d
6.824/labrpc.(*Server).dispatch(0xc0006bf1e8, {{0xb3f780, 0xc002516900}, {0xb74b19, 0xb}, {0xbc2520, 0xb473e0}, {0xc000347290, 0x5d, 0xa7}, ...})
	D:/Go/src/6.824/src/labrpc/labrpc.go:420 +0x1fe
6.824/labrpc.(*Network).processReq.func1()
	D:/Go/src/6.824/src/labrpc/labrpc.go:240 +0x58
created by 6.824/labrpc.(*Network).processReq
	D:/Go/src/6.824/src/labrpc/labrpc.go:239 +0x1df

goroutine 249577 [select]:
6.824/kvraft.(*Clerk).Execute(0xc00063be80, 0xc000b3c4b0, 0xc0002b7c68)
	D:/Go/src/6.824/src/kvraft/client.go:52 +0x1b2
6.824/kvraft.(*Clerk).Append(0xc00063be80, {0xb7ce87, 0x1}, {0xc000f6e373, 0x9})
	D:/Go/src/6.824/src/kvraft/client.go:103 +0x1ad
6.824/kvraft.Append(0xc00014a000, 0x2, {0xb7ce87, 0x1}, {0xc000f6e373, 0x9}, 0xc0006ea6e0, 0x1)
	D:/Go/src/6.824/src/kvraft/test_test.go:77 +0xd5
6.824/kvraft.GenericTest.func1(0x1, 0xc000890540, 0xc000300000)
	D:/Go/src/6.824/src/kvraft/test_test.go:272 +0x587
6.824/kvraft.run_client(0xc000695920, 0xc00014a000, 0x28a, 0xc0006955c0, 0xc00066a820)
	D:/Go/src/6.824/src/kvraft/test_test.go:103 +0xe4
created by 6.824/kvraft.spawn_clients_and_wait
	D:/Go/src/6.824/src/kvraft/test_test.go:113 +0x51

goroutine 368930 [select]:
6.824/kvraft.(*KVServer).Do(0xc0003bad20, 0xc000e9aa20, 0xc000a09908)
	D:/Go/src/6.824/src/kvraft/server.go:71 +0x2f4
reflect.Value.call({0xc000052180, 0xc0000b2b28, 0xc000e11b10}, {0xb735ed, 0x4}, {0xc000e11c68, 0x3, 0xc000e11b40})
	D:/ProgramFiles/Go/src/reflect/value.go:543 +0x814
reflect.Value.Call({0xc000052180, 0xc0000b2b28, 0xc0000b2a98}, {0xc000e11c68, 0x3, 0x3})
	D:/ProgramFiles/Go/src/reflect/value.go:339 +0xc5
6.824/labrpc.(*Service).dispatch(0xc0007dd440, {0xb74b22, 0x2}, {{0xb3f780, 0xc00044a940}, {0xb74b19, 0xb}, {0xbc2520, 0xb473e0}, {0xc0002d6300, ...}, ...})
	D:/Go/src/6.824/src/labrpc/labrpc.go:496 +0x39d
6.824/labrpc.(*Server).dispatch(0xc0006bf1e8, {{0xb3f780, 0xc00044a940}, {0xb74b19, 0xb}, {0xbc2520, 0xb473e0}, {0xc0002d6300, 0x6a, 0xb4}, ...})
	D:/Go/src/6.824/src/labrpc/labrpc.go:420 +0x1fe
6.824/labrpc.(*Network).processReq.func1()
	D:/Go/src/6.824/src/labrpc/labrpc.go:240 +0x58
created by 6.824/labrpc.(*Network).processReq
	D:/Go/src/6.824/src/labrpc/labrpc.go:239 +0x1df

goroutine 249618 [select]:
6.824/kvraft.(*Clerk).Execute(0xc00066d580, 0xc001928bd0, 0xc00075fc68)
	D:/Go/src/6.824/src/kvraft/client.go:52 +0x1b2
6.824/kvraft.(*Clerk).Append(0xc00066d580, {0xb81e92, 0x2}, {0xc000549000, 0xa})
	D:/Go/src/6.824/src/kvraft/client.go:103 +0x1ad
6.824/kvraft.Append(0xc00014a000, 0x2, {0xb81e92, 0x2}, {0xc000549000, 0xa}, 0xc0006ea6e0, 0xa)
	D:/Go/src/6.824/src/kvraft/test_test.go:77 +0xd5
6.824/kvraft.GenericTest.func1(0xa, 0xc000890330, 0xc000300000)
	D:/Go/src/6.824/src/kvraft/test_test.go:272 +0x587
6.824/kvraft.run_client(0xc000412000, 0xc00014a000, 0x28a, 0xc000695680, 0xc00066a820)
	D:/Go/src/6.824/src/kvraft/test_test.go:103 +0xe4
created by 6.824/kvraft.spawn_clients_and_wait
	D:/Go/src/6.824/src/kvraft/test_test.go:113 +0x51

goroutine 368982 [select]:
6.824/labrpc.(*Network).processReq(0xc000054f00, {{0xb3f780, 0xc00044aa50}, {0xb74b19, 0xb}, {0xbc2520, 0xb473e0}, {0xc00010a370, 0x5e, 0xa8}, ...})
	D:/Go/src/6.824/src/labrpc/labrpc.go:251 +0x41c
created by 6.824/labrpc.MakeNetwork.func1
	D:/Go/src/6.824/src/labrpc/labrpc.go:157 +0x3e

goroutine 368935 [select]:
6.824/labrpc.(*Network).processReq(0xc000054f00, {{0xb3f780, 0xc00044adb0}, {0xb74b19, 0xb}, {0xbc2520, 0xb473e0}, {0xc000347340, 0x5e, 0xa8}, ...})
	D:/Go/src/6.824/src/labrpc/labrpc.go:251 +0x41c
created by 6.824/labrpc.MakeNetwork.func1
	D:/Go/src/6.824/src/labrpc/labrpc.go:157 +0x3e

goroutine 249621 [select]:
6.824/kvraft.(*Clerk).Execute(0xc00063bc80, 0xc00183b710, 0xc00015fc58)
	D:/Go/src/6.824/src/kvraft/client.go:52 +0x1b2
6.824/kvraft.(*Clerk).Get(0xc00063bc80, {0xb81e98, 0x2})
	D:/Go/src/6.824/src/kvraft/client.go:74 +0x185
6.824/kvraft.Get(0xc00014a000, 0x2, {0xb81e98, 0x2}, 0xc0006ea6e0, 0xd)
	D:/Go/src/6.824/src/kvraft/test_test.go:43 +0xbb
6.824/kvraft.GenericTest.func1(0xd, 0xc0008903c0, 0xc000300000)
	D:/Go/src/6.824/src/kvraft/test_test.go:284 +0x3e5
6.824/kvraft.run_client(0xc0008b2480, 0xc00014a000, 0xc00015ffd0, 0xb0b62d, 0xc00066a820)
	D:/Go/src/6.824/src/kvraft/test_test.go:103 +0xe4
created by 6.824/kvraft.spawn_clients_and_wait
	D:/Go/src/6.824/src/kvraft/test_test.go:113 +0x51

goroutine 368874 [chan receive]:
6.824/labrpc.(*ClientEnd).Call(0xc000693ec0, {0xb74b19, 0xb52f40}, {0xb473e0, 0xc0017a7d40}, {0xb374c0, 0xc000a093c8})
	D:/Go/src/6.824/src/labrpc/labrpc.go:112 +0x26e
6.824/kvraft.(*Clerk).Execute.func1(0x2)
	D:/Go/src/6.824/src/kvraft/client.go:47 +0x9b
created by 6.824/kvraft.(*Clerk).Execute
	D:/Go/src/6.824/src/kvraft/client.go:45 +0x151

goroutine 368912 [chan receive]:
6.824/labrpc.(*ClientEnd).Call(0xc0005e2ce0, {0xb74b19, 0xc00044aed0}, {0xb473e0, 0xc00183a900}, {0xb374c0, 0xc000ae8ae0})
	D:/Go/src/6.824/src/labrpc/labrpc.go:112 +0x26e
6.824/kvraft.(*Clerk).Execute.func1(0x3)
	D:/Go/src/6.824/src/kvraft/client.go:47 +0x9b
created by 6.824/kvraft.(*Clerk).Execute
	D:/Go/src/6.824/src/kvraft/client.go:45 +0x151

goroutine 369018 [runnable]:
6.824/raft.(*Raft).sendMsg·dwrap·14()
	D:/Go/src/6.824/src/raft/raft.go:300
runtime.goexit()
	D:/ProgramFiles/Go/src/runtime/asm_amd64.s:1581 +0x1
created by 6.824/raft.(*Raft).sendMsg
	D:/Go/src/6.824/src/raft/raft.go:300 +0x4a5

goroutine 369002 [runnable]:
6.824/kvraft.(*KVServer).SnapShot·dwrap·16()
	D:/Go/src/6.824/src/kvraft/server.go:107
runtime.goexit()
	D:/ProgramFiles/Go/src/runtime/asm_amd64.s:1581 +0x1
created by 6.824/kvraft.(*KVServer).SnapShot
	D:/Go/src/6.824/src/kvraft/server.go:107 +0x185

goroutine 249620 [semacquire]:
6.824/kvraft.Get(0xc00014a000, 0x2, {0xb81e96, 0x2}, 0xc0006ea6e0, 0xc)
	D:/Go/src/6.824/src/kvraft/test_test.go:48 +0x1fb
6.824/kvraft.GenericTest.func1(0xc, 0xc000890390, 0xc000300000)
	D:/Go/src/6.824/src/kvraft/test_test.go:284 +0x3e5
6.824/kvraft.run_client(0xb0c732, 0xc00014a000, 0xc00050e400, 0xd, 0xc00066a820)
	D:/Go/src/6.824/src/kvraft/test_test.go:103 +0xe4
created by 6.824/kvraft.spawn_clients_and_wait
	D:/Go/src/6.824/src/kvraft/test_test.go:113 +0x51

goroutine 92547 [select]:
6.824/labrpc.MakeNetwork.func1()
	D:/Go/src/6.824/src/labrpc/labrpc.go:153 +0xbe
created by 6.824/labrpc.MakeNetwork
	D:/Go/src/6.824/src/labrpc/labrpc.go:151 +0x17b

goroutine 249581 [select]:
6.824/kvraft.(*Clerk).Execute(0xc0007bfb00, 0xc0017a7d40, 0xc000647c58)
	D:/Go/src/6.824/src/kvraft/client.go:52 +0x1b2
6.824/kvraft.(*Clerk).Get(0xc0007bfb00, {0xb7ce8b, 0x1})
	D:/Go/src/6.824/src/kvraft/client.go:74 +0x185
6.824/kvraft.Get(0xc00014a000, 0x2, {0xb7ce8b, 0x1}, 0xc0006ea6e0, 0x5)
	D:/Go/src/6.824/src/kvraft/test_test.go:43 +0xbb
6.824/kvraft.GenericTest.func1(0x5, 0xc0007fa450, 0xc000300000)
	D:/Go/src/6.824/src/kvraft/test_test.go:284 +0x3e5
6.824/kvraft.run_client(0xb0c092, 0xc00014a000, 0xc00007ec00, 0x3, 0xc00066a820)
	D:/Go/src/6.824/src/kvraft/test_test.go:103 +0xe4
created by 6.824/kvraft.spawn_clients_and_wait
	D:/Go/src/6.824/src/kvraft/test_test.go:113 +0x51

goroutine 249619 [semacquire]:
6.824/kvraft.Append(0xc00014a000, 0x2, {0xb81e94, 0x2}, {0xc002473ca4, 0xa}, 0xc0006ea6e0, 0xb)
	D:/Go/src/6.824/src/kvraft/test_test.go:82 +0x231
6.824/kvraft.GenericTest.func1(0xb, 0xc000890360, 0xc000300000)
	D:/Go/src/6.824/src/kvraft/test_test.go:272 +0x587
6.824/kvraft.run_client(0xc000f908d0, 0xc00014a000, 0xc000721fd0, 0xb0b62d, 0xc00066a820)
	D:/Go/src/6.824/src/kvraft/test_test.go:103 +0xe4
created by 6.824/kvraft.spawn_clients_and_wait
	D:/Go/src/6.824/src/kvraft/test_test.go:113 +0x51

goroutine 368860 [select]:
6.824/labrpc.(*Network).processReq(0xc000054f00, {{0xb3f780, 0xc00044b000}, {0xb74b19, 0xb}, {0xbc2520, 0xb473e0}, {0xc0008e2000, 0x68, 0xb2}, ...})
	D:/Go/src/6.824/src/labrpc/labrpc.go:251 +0x41c
created by 6.824/labrpc.MakeNetwork.func1
	D:/Go/src/6.824/src/labrpc/labrpc.go:157 +0x3e

goroutine 368989 [runnable]:
6.824/raft.(*Raft).sendMsg·dwrap·14()
	D:/Go/src/6.824/src/raft/raft.go:300
runtime.goexit()
	D:/ProgramFiles/Go/src/runtime/asm_amd64.s:1581 +0x1
created by 6.824/raft.(*Raft).sendMsg
	D:/Go/src/6.824/src/raft/raft.go:300 +0x4a5

goroutine 249622 [select]:
6.824/kvraft.(*Clerk).Execute(0xc00063bcc0, 0xc001d9a210, 0xc000b65c68)
	D:/Go/src/6.824/src/kvraft/client.go:52 +0x1b2
6.824/kvraft.(*Clerk).Append(0xc00063bcc0, {0xb81e9a, 0x2}, {0xc000172b74, 0xa})
	D:/Go/src/6.824/src/kvraft/client.go:103 +0x1ad
6.824/kvraft.Append(0xc00014a000, 0x2, {0xb81e9a, 0x2}, {0xc000172b74, 0xa}, 0xc0006ea6e0, 0xe)
	D:/Go/src/6.824/src/kvraft/test_test.go:77 +0xd5
6.824/kvraft.GenericTest.func1(0xe, 0xc0008903f0, 0xc000300000)
	D:/Go/src/6.824/src/kvraft/test_test.go:272 +0x587
6.824/kvraft.run_client(0xc00014c000, 0xc00014a000, 0xc000b65fd0, 0xb201cd, 0xc00066a820)
	D:/Go/src/6.824/src/kvraft/test_test.go:103 +0xe4
created by 6.824/kvraft.spawn_clients_and_wait
	D:/Go/src/6.824/src/kvraft/test_test.go:113 +0x51

goroutine 368991 [runnable]:
6.824/raft.(*Raft).sendMsg·dwrap·14()
	D:/Go/src/6.824/src/raft/raft.go:300
runtime.goexit()
	D:/ProgramFiles/Go/src/runtime/asm_amd64.s:1581 +0x1
created by 6.824/raft.(*Raft).sendMsg
	D:/Go/src/6.824/src/raft/raft.go:300 +0x4a5

goroutine 249580 [select]:
6.824/kvraft.(*Clerk).Execute(0xc00063bec0, 0xc00183bc20, 0xc000393c68)
	D:/Go/src/6.824/src/kvraft/client.go:52 +0x1b2
6.824/kvraft.(*Clerk).Append(0xc00063bec0, {0xb7ce8a, 0x1}, {0xc0001d0673, 0x9})
	D:/Go/src/6.824/src/kvraft/client.go:103 +0x1ad
6.824/kvraft.Append(0xc00014a000, 0x2, {0xb7ce8a, 0x1}, {0xc0001d0673, 0x9}, 0xc0006ea6e0, 0x4)
	D:/Go/src/6.824/src/kvraft/test_test.go:77 +0xd5
6.824/kvraft.GenericTest.func1(0x4, 0xc000890570, 0xc000300000)
	D:/Go/src/6.824/src/kvraft/test_test.go:272 +0x587
6.824/kvraft.run_client(0xc00074c9f0, 0xc00014a000, 0xc000393fd0, 0xb0b62d, 0xc00066a820)
	D:/Go/src/6.824/src/kvraft/test_test.go:103 +0xe4
created by 6.824/kvraft.spawn_clients_and_wait
	D:/Go/src/6.824/src/kvraft/test_test.go:113 +0x51

goroutine 249627 [runnable]:
6.824/kvraft.(*Clerk).Execute(0xc00066d440, 0xc001d9b650, 0xc000197c58)
	D:/Go/src/6.824/src/kvraft/client.go:45 +0x9b
6.824/kvraft.(*Clerk).Get(0xc00066d440, {0xb81ea4, 0x2})
	D:/Go/src/6.824/src/kvraft/client.go:74 +0x185
6.824/kvraft.Get(0xc00014a000, 0x2, {0xb81ea4, 0x2}, 0xc0006ea6e0, 0x13)
	D:/Go/src/6.824/src/kvraft/test_test.go:43 +0xbb
6.824/kvraft.GenericTest.func1(0x13, 0xc000890240, 0xc000300000)
	D:/Go/src/6.824/src/kvraft/test_test.go:284 +0x3e5
6.824/kvraft.run_client(0xc0008b23c0, 0xc00014a000, 0xc000197fd0, 0xb0b62d, 0xc00066a820)
	D:/Go/src/6.824/src/kvraft/test_test.go:103 +0xe4
created by 6.824/kvraft.spawn_clients_and_wait
	D:/Go/src/6.824/src/kvraft/test_test.go:113 +0x51

goroutine 369017 [runnable]:
6.824/raft.(*Raft).sendMsg·dwrap·14()
	D:/Go/src/6.824/src/raft/raft.go:300
runtime.goexit()
	D:/ProgramFiles/Go/src/runtime/asm_amd64.s:1581 +0x1
created by 6.824/raft.(*Raft).sendMsg
	D:/Go/src/6.824/src/raft/raft.go:300 +0x4a5

goroutine 368995 [select]:
6.824/labrpc.(*Network).processReq(0xc000054f00, {{0xb3f780, 0xc002516520}, {0xb74b19, 0xb}, {0xbc2520, 0xb473e0}, {0xc000210370, 0x5d, 0xa7}, ...})
	D:/Go/src/6.824/src/labrpc/labrpc.go:251 +0x41c
created by 6.824/labrpc.MakeNetwork.func1
	D:/Go/src/6.824/src/labrpc/labrpc.go:157 +0x3e

goroutine 238492 [semacquire]:
encoding/gob.(*encBuffer).WriteString(...)
	D:/ProgramFiles/Go/src/encoding/gob/encode.go:60
encoding/gob.encString(0x0, 0xc000f3e380, {0xb3f780, 0xc00036d470, 0xb785b4})
	D:/ProgramFiles/Go/src/encoding/gob/encode.go:256 +0xed
encoding/gob.encodeReflectValue(0xb4a6e0, {0xb3f780, 0xc00036d470, 0xb3f780}, 0xb896e0, 0x0)
	D:/ProgramFiles/Go/src/encoding/gob/encode.go:363 +0xbc
encoding/gob.(*Encoder).encodeMap(0xc000d95b80, 0xb56320, {0xb4a6e0, 0xc00028fd70, 0x9beb0c}, 0xc000c1bb60, 0x4a00af8a15, 0x2d00000000cd8a20, 0x4)
	D:/ProgramFiles/Go/src/encoding/gob/encode.go:375 +0x2e5
encoding/gob.encOpFor.func3(0xc00037ea20, 0xc000f3e340, {0xb4a6e0, 0xc00028fd70, 0xc000c1bbc0})
	D:/ProgramFiles/Go/src/encoding/gob/encode.go:571 +0x185
encoding/gob.(*Encoder).encodeSingle(0xb4a6e0, 0xc00028fd70, 0xc000051b80, {0xb4a6e0, 0xc00028fd70, 0xc000c1bc30})
	D:/ProgramFiles/Go/src/encoding/gob/encode.go:301 +0x219
encoding/gob.(*Encoder).encode(0xc000d95b80, 0xc000228c30, {0xb4a6e0, 0xc00028fd70, 0xc000051b80}, 0xc000051b80)
	D:/ProgramFiles/Go/src/encoding/gob/encode.go:703 +0x1ac
encoding/gob.(*Encoder).EncodeValue(0xc000d95b80, {0xb4a6e0, 0xc00028fd70, 0xb4a6e0})
	D:/ProgramFiles/Go/src/encoding/gob/encoder.go:251 +0x42e
encoding/gob.(*Encoder).Encode(0xb4a6e0, {0xb4a6e0, 0xc00028fd70})
	D:/ProgramFiles/Go/src/encoding/gob/encoder.go:176 +0xa5
6.824/labgob.(*LabEncoder).Encode(0xc000f62058, {0xb4a6e0, 0xc00028fd70})
	D:/Go/src/6.824/src/labgob/labgob.go:34 +0x45
6.824/kvraft.(*KVServer).SnapShot(0xc00070f540)
	D:/Go/src/6.824/src/kvraft/server.go:104 +0x85
6.824/kvraft.(*KVServer).doExecute(0xc00070f540)
	D:/Go/src/6.824/src/kvraft/server.go:153 +0x4f6
created by 6.824/kvraft.StartKVServer
	D:/Go/src/6.824/src/kvraft/server.go:200 +0x229

goroutine 368993 [runnable]:
6.824/raft.(*Raft).sendMsg·dwrap·14()
	D:/Go/src/6.824/src/raft/raft.go:300
runtime.goexit()
	D:/ProgramFiles/Go/src/runtime/asm_amd64.s:1581 +0x1
created by 6.824/raft.(*Raft).sendMsg
	D:/Go/src/6.824/src/raft/raft.go:300 +0x4a5

goroutine 368929 [select]:
6.824/labrpc.(*Network).processReq(0xc000054f00, {{0xb3f780, 0xc002516ae0}, {0xb74b19, 0xb}, {0xbc2520, 0xb473e0}, {0xc0008e20c0, 0x6a, 0xb4}, ...})
	D:/Go/src/6.824/src/labrpc/labrpc.go:251 +0x41c
created by 6.824/labrpc.MakeNetwork.func1
	D:/Go/src/6.824/src/labrpc/labrpc.go:157 +0x3e

goroutine 368979 [chan receive]:
6.824/labrpc.(*ClientEnd).Call(0xc00064d0a0, {0xb74b19, 0xc000ec6930}, {0xb473e0, 0xc00183bc20}, {0xb374c0, 0xc000991500})
	D:/Go/src/6.824/src/labrpc/labrpc.go:112 +0x26e
6.824/kvraft.(*Clerk).Execute.func1(0x0)
	D:/Go/src/6.824/src/kvraft/client.go:47 +0x9b
created by 6.824/kvraft.(*Clerk).Execute
	D:/Go/src/6.824/src/kvraft/client.go:45 +0x151

goroutine 249575 [chan receive]:
6.824/kvraft.spawn_clients_and_wait(0xc000300000, 0xc00014a000, 0x14, 0xc00066a820)
	D:/Go/src/6.824/src/kvraft/test_test.go:117 +0x185
created by 6.824/kvraft.GenericTest
	D:/Go/src/6.824/src/kvraft/test_test.go:253 +0x6bd

goroutine 368980 [select]:
6.824/labrpc.(*Network).processReq(0xc000054f00, {{0xb3f780, 0xc00044b230}, {0xb74b19, 0xb}, {0xbc2520, 0xb473e0}, {0xc00001ca80, 0x68, 0xb2}, ...})
	D:/Go/src/6.824/src/labrpc/labrpc.go:251 +0x41c
created by 6.824/labrpc.MakeNetwork.func1
	D:/Go/src/6.824/src/labrpc/labrpc.go:157 +0x3e

goroutine 368913 [select]:
6.824/labrpc.(*Network).processReq(0xc000054f00, {{0xb3f780, 0xc0025169f0}, {0xb74b19, 0xb}, {0xbc2520, 0xb473e0}, {0xc00010a160, 0x5d, 0xa7}, ...})
	D:/Go/src/6.824/src/labrpc/labrpc.go:251 +0x41c
created by 6.824/labrpc.MakeNetwork.func1
	D:/Go/src/6.824/src/labrpc/labrpc.go:157 +0x3e

goroutine 368998 [runnable]:
6.824/kvraft.(*KVServer).SnapShot·dwrap·16()
	D:/Go/src/6.824/src/kvraft/server.go:107
runtime.goexit()
	D:/ProgramFiles/Go/src/runtime/asm_amd64.s:1581 +0x1
created by 6.824/kvraft.(*KVServer).SnapShot
	D:/Go/src/6.824/src/kvraft/server.go:107 +0x185

goroutine 368941 [chan receive]:
6.824/labrpc.(*ClientEnd).Call(0xc00064cb60, {0xb74b19, 0xb0b6f0}, {0xb473e0, 0xc001bf6750}, {0xb374c0, 0xc000c51278})
	D:/Go/src/6.824/src/labrpc/labrpc.go:112 +0x26e
6.824/kvraft.(*Clerk).Execute.func1(0x3)
	D:/Go/src/6.824/src/kvraft/client.go:47 +0x9b
created by 6.824/kvraft.(*Clerk).Execute
	D:/Go/src/6.824/src/kvraft/client.go:45 +0x151

goroutine 368994 [semacquire]:
sync.runtime_SemacquireMutex(0xc000da9398, 0xbd, 0x60)
	D:/ProgramFiles/Go/src/runtime/sema.go:71 +0x25
sync.(*Mutex).lockSlow(0xc0003bad20)
	D:/ProgramFiles/Go/src/sync/mutex.go:138 +0x165
sync.(*Mutex).Lock(...)
	D:/ProgramFiles/Go/src/sync/mutex.go:81
6.824/kvraft.(*KVServer).lock(...)
	D:/Go/src/6.824/src/kvraft/server.go:35
6.824/kvraft.(*KVServer).Do(0xc0003bad20, 0xc000e7ed20, 0xc0008f09a8)
	D:/Go/src/6.824/src/kvraft/server.go:44 +0x79
reflect.Value.call({0xc000052180, 0xc0000b2b28, 0xc000da9b10}, {0xb735ed, 0x4}, {0xc000da9c68, 0x3, 0xc000da9b40})
	D:/ProgramFiles/Go/src/reflect/value.go:543 +0x814
reflect.Value.Call({0xc000052180, 0xc0000b2b28, 0xc0000066b0}, {0xc000da9c68, 0x3, 0x3})
	D:/ProgramFiles/Go/src/reflect/value.go:339 +0xc5
6.824/labrpc.(*Service).dispatch(0xc0007dd440, {0xb74b22, 0x2}, {{0xb3f780, 0xc00044b120}, {0xb74b19, 0xb}, {0xbc2520, 0xb473e0}, {0xc0008e2180, ...}, ...})
	D:/Go/src/6.824/src/labrpc/labrpc.go:496 +0x39d
6.824/labrpc.(*Server).dispatch(0xc0006bf1e8, {{0xb3f780, 0xc00044b120}, {0xb74b19, 0xb}, {0xbc2520, 0xb473e0}, {0xc0008e2180, 0x68, 0xb2}, ...})
	D:/Go/src/6.824/src/labrpc/labrpc.go:420 +0x1fe
6.824/labrpc.(*Network).processReq.func1()
	D:/Go/src/6.824/src/labrpc/labrpc.go:240 +0x58
created by 6.824/labrpc.(*Network).processReq
	D:/Go/src/6.824/src/labrpc/labrpc.go:239 +0x1df

goroutine 368943 [chan receive]:
6.824/labrpc.(*ClientEnd).Call(0xc00064cfe0, {0xb74b19, 0xc000ec6950}, {0xb473e0, 0xc000b3c4b0}, {0xb374c0, 0xc0008f0570})
	D:/Go/src/6.824/src/labrpc/labrpc.go:112 +0x26e
6.824/kvraft.(*Clerk).Execute.func1(0x3)
	D:/Go/src/6.824/src/kvraft/client.go:47 +0x9b
created by 6.824/kvraft.(*Clerk).Execute
	D:/Go/src/6.824/src/kvraft/client.go:45 +0x151

goroutine 238490 [chan receive]:
6.824/kvraft.(*KVServer).doExecute(0xc0003bad20)
	D:/Go/src/6.824/src/kvraft/server.go:122 +0x70
created by 6.824/kvraft.StartKVServer
	D:/Go/src/6.824/src/kvraft/server.go:200 +0x229

goroutine 249625 [sleep]:
time.Sleep(0x3e8)
	D:/ProgramFiles/Go/src/runtime/time.go:193 +0x133
6.824/kvraft.(*Clerk).Execute(0xc00063bd80, 0xc000e7ed50, 0xc000199c58)
	D:/Go/src/6.824/src/kvraft/client.go:42 +0x48
6.824/kvraft.(*Clerk).Get(0xc00063bd80, {0xb81ea0, 0x2})
	D:/Go/src/6.824/src/kvraft/client.go:74 +0x185
6.824/kvraft.Get(0xc00014a000, 0x2, {0xb81ea0, 0x2}, 0xc0006ea6e0, 0x11)
	D:/Go/src/6.824/src/kvraft/test_test.go:43 +0xbb
6.824/kvraft.GenericTest.func1(0x11, 0xc000890480, 0xc000300000)
	D:/Go/src/6.824/src/kvraft/test_test.go:284 +0x3e5
6.824/kvraft.run_client(0xc0008b2780, 0xc00014a000, 0xc0016a2000, 0x6d15, 0xc00066a820)
	D:/Go/src/6.824/src/kvraft/test_test.go:103 +0xe4
created by 6.824/kvraft.spawn_clients_and_wait
	D:/Go/src/6.824/src/kvraft/test_test.go:113 +0x51

goroutine 368944 [semacquire]:
6.824/labrpc.(*Network).processReq(0xc000054f00, {{0xb3f780, 0xc00044ab50}, {0xb74b19, 0xb}, {0xbc2520, 0xb473e0}, {0xc0002d63c0, 0x6a, 0xb4}, ...})
	D:/Go/src/6.824/src/labrpc/labrpc.go:238 +0x12d
created by 6.824/labrpc.MakeNetwork.func1
	D:/Go/src/6.824/src/labrpc/labrpc.go:157 +0x3e

goroutine 368836 [semacquire]:
sync.runtime_SemacquireMutex(0xc000ec68d0, 0xb3, 0xe)
	D:/ProgramFiles/Go/src/runtime/sema.go:71 +0x25
sync.(*Mutex).lockSlow(0xc00014c0f0)
	D:/ProgramFiles/Go/src/sync/mutex.go:138 +0x165
sync.(*Mutex).Lock(...)
	D:/ProgramFiles/Go/src/sync/mutex.go:81
6.824/raft.(*Raft).lock(...)
	D:/Go/src/6.824/src/raft/raft.go:473
6.824/raft.(*Raft).receiveAppendReplay(0xc00014c0f0, 0x0, 0x6, 0xc000fc87f0)
	D:/Go/src/6.824/src/raft/raft.go:412 +0x5d
6.824/raft.(*Raft).sendMsg.func1(0x0)
	D:/Go/src/6.824/src/raft/raft.go:304 +0xad
created by 6.824/raft.(*Raft).sendMsg
	D:/Go/src/6.824/src/raft/raft.go:300 +0x4a5

goroutine 368818 [semacquire]:
bytes.makeSlice(0x6971)
	D:/ProgramFiles/Go/src/bytes/buffer.go:229 +0x65
bytes.(*Buffer).grow(0xc000a2da10, 0x6731)
	D:/ProgramFiles/Go/src/bytes/buffer.go:142 +0x11f
bytes.(*Buffer).Write(0xc000a2da10, {0xc001896006, 0x6731, 0x199})
	D:/ProgramFiles/Go/src/bytes/buffer.go:172 +0x66
encoding/gob.(*Encoder).writeMessage(0xc00095c460, {0xbba500, 0xc000a2da10}, 0xc00095c498)
	D:/ProgramFiles/Go/src/encoding/gob/encoder.go:82 +0x19c
encoding/gob.(*Encoder).EncodeValue(0xc00095c460, {0xb37900, 0xc00033f5c0, 0xb37900})
	D:/ProgramFiles/Go/src/encoding/gob/encoder.go:253 +0x472
encoding/gob.(*Encoder).Encode(0xb37900, {0xb37900, 0xc00033f5c0})
	D:/ProgramFiles/Go/src/encoding/gob/encoder.go:176 +0xa5
6.824/labgob.(*LabEncoder).Encode(0xc000ad4350, {0xb37900, 0xc00033f5c0})
	D:/Go/src/6.824/src/labgob/labgob.go:34 +0x45
6.824/labrpc.(*ClientEnd).Call(0xc0007c2f80, {0xb758b3, 0xb03065}, {0xb37900, 0xc00033f5c0}, {0xb37940, 0xc00032ff30})
	D:/Go/src/6.824/src/labrpc/labrpc.go:93 +0x125
6.824/raft.(*Raft).sendAppendLog(...)
	D:/Go/src/6.824/src/raft/raft.go:460
6.824/raft.(*Raft).sendMsg.func1(0x3)
	D:/Go/src/6.824/src/raft/raft.go:302 +0x90
created by 6.824/raft.(*Raft).sendMsg
	D:/Go/src/6.824/src/raft/raft.go:300 +0x4a5

goroutine 369014 [runnable]:
6.824/raft.(*Raft).sendMsg·dwrap·14()
	D:/Go/src/6.824/src/raft/raft.go:300
runtime.goexit()
	D:/ProgramFiles/Go/src/runtime/asm_amd64.s:1581 +0x1
created by 6.824/raft.(*Raft).sendMsg
	D:/Go/src/6.824/src/raft/raft.go:300 +0x4a5

goroutine 368928 [chan receive]:
6.824/labrpc.(*ClientEnd).Call(0xc0005e2da0, {0xb74b19, 0xc000ec6950}, {0xb473e0, 0xc001928bd0}, {0xb374c0, 0xc0008f1698})
	D:/Go/src/6.824/src/labrpc/labrpc.go:112 +0x26e
6.824/kvraft.(*Clerk).Execute.func1(0x0)
	D:/Go/src/6.824/src/kvraft/client.go:47 +0x9b
created by 6.824/kvraft.(*Clerk).Execute
	D:/Go/src/6.824/src/kvraft/client.go:45 +0x151

goroutine 369000 [runnable]:
6.824/kvraft.(*KVServer).SnapShot·dwrap·16()
	D:/Go/src/6.824/src/kvraft/server.go:107
runtime.goexit()
	D:/ProgramFiles/Go/src/runtime/asm_amd64.s:1581 +0x1
created by 6.824/kvraft.(*KVServer).SnapShot
	D:/Go/src/6.824/src/kvraft/server.go:107 +0x185

goroutine 368986 [chan receive]:
6.824/labrpc.(*ClientEnd).Call(0xc0005e2920, {0xb74b19, 0xc000ec68d0}, {0xb473e0, 0xc0009d8cf0}, {0xb374c0, 0xc0008f09d8})
	D:/Go/src/6.824/src/labrpc/labrpc.go:112 +0x26e
6.824/kvraft.(*Clerk).Execute.func1(0x0)
	D:/Go/src/6.824/src/kvraft/client.go:47 +0x9b
created by 6.824/kvraft.(*Clerk).Execute
	D:/Go/src/6.824/src/kvraft/client.go:45 +0x151

goroutine 368936 [select]:
6.824/kvraft.(*KVServer).Do(0xc0003bad20, 0xc000e9bb90, 0xc000cbc0a8)
	D:/Go/src/6.824/src/kvraft/server.go:71 +0x2f4
reflect.Value.call({0xc000052180, 0xc0000b2b28, 0xc000e15b10}, {0xb735ed, 0x4}, {0xc000e15c68, 0x3, 0xc000e15b40})
	D:/ProgramFiles/Go/src/reflect/value.go:543 +0x814
reflect.Value.Call({0xc000052180, 0xc0000b2b28, 0xc0000b2dd8}, {0xc000e15c68, 0x3, 0x3})
	D:/ProgramFiles/Go/src/reflect/value.go:339 +0xc5
6.824/labrpc.(*Service).dispatch(0xc0007dd440, {0xb74b22, 0x2}, {{0xb3f780, 0xc00044adb0}, {0xb74b19, 0xb}, {0xbc2520, 0xb473e0}, {0xc000347340, ...}, ...})
	D:/Go/src/6.824/src/labrpc/labrpc.go:496 +0x39d
6.824/labrpc.(*Server).dispatch(0xc0006bf1e8, {{0xb3f780, 0xc00044adb0}, {0xb74b19, 0xb}, {0xbc2520, 0xb473e0}, {0xc000347340, 0x5e, 0xa8}, ...})
	D:/Go/src/6.824/src/labrpc/labrpc.go:420 +0x1fe
6.824/labrpc.(*Network).processReq.func1()
	D:/Go/src/6.824/src/labrpc/labrpc.go:240 +0x58
created by 6.824/labrpc.(*Network).processReq
	D:/Go/src/6.824/src/labrpc/labrpc.go:239 +0x1df

goroutine 368881 [select]:
6.824/labrpc.(*Network).processReq(0xc000054f00, {{0xb3f780, 0xc00044a940}, {0xb74b19, 0xb}, {0xbc2520, 0xb473e0}, {0xc0002d6300, 0x6a, 0xb4}, ...})
	D:/Go/src/6.824/src/labrpc/labrpc.go:251 +0x41c
created by 6.824/labrpc.MakeNetwork.func1
	D:/Go/src/6.824/src/labrpc/labrpc.go:157 +0x3e

goroutine 368861 [select]:
6.824/kvraft.(*KVServer).Do(0xc0003bad20, 0xc0001455f0, 0xc0006fd8c0)
	D:/Go/src/6.824/src/kvraft/server.go:71 +0x2f4
reflect.Value.call({0xc000052180, 0xc0000b2b28, 0xc001155b10}, {0xb735ed, 0x4}, {0xc001155c68, 0x3, 0xc001155b40})
	D:/ProgramFiles/Go/src/reflect/value.go:543 +0x814
reflect.Value.Call({0xc000052180, 0xc0000b2b28, 0xc000006a10}, {0xc001155c68, 0x3, 0x3})
	D:/ProgramFiles/Go/src/reflect/value.go:339 +0xc5
6.824/labrpc.(*Service).dispatch(0xc0007dd440, {0xb74b22, 0x2}, {{0xb3f780, 0xc00044b000}, {0xb74b19, 0xb}, {0xbc2520, 0xb473e0}, {0xc0008e2000, ...}, ...})
	D:/Go/src/6.824/src/labrpc/labrpc.go:496 +0x39d
6.824/labrpc.(*Server).dispatch(0xc0006bf1e8, {{0xb3f780, 0xc00044b000}, {0xb74b19, 0xb}, {0xbc2520, 0xb473e0}, {0xc0008e2000, 0x68, 0xb2}, ...})
	D:/Go/src/6.824/src/labrpc/labrpc.go:420 +0x1fe
6.824/labrpc.(*Network).processReq.func1()
	D:/Go/src/6.824/src/labrpc/labrpc.go:240 +0x58
created by 6.824/labrpc.(*Network).processReq
	D:/Go/src/6.824/src/labrpc/labrpc.go:239 +0x1df

goroutine 369019 [runnable]:
6.824/raft.(*Raft).sendMsg·dwrap·14()
	D:/Go/src/6.824/src/raft/raft.go:300
runtime.goexit()
	D:/ProgramFiles/Go/src/runtime/asm_amd64.s:1581 +0x1
created by 6.824/raft.(*Raft).sendMsg
	D:/Go/src/6.824/src/raft/raft.go:300 +0x4a5

goroutine 369016 [runnable]:
6.824/raft.(*Raft).sendMsg·dwrap·14()
	D:/Go/src/6.824/src/raft/raft.go:300
runtime.goexit()
	D:/ProgramFiles/Go/src/runtime/asm_amd64.s:1581 +0x1
created by 6.824/raft.(*Raft).sendMsg
	D:/Go/src/6.824/src/raft/raft.go:300 +0x4a5

goroutine 368859 [chan receive]:
6.824/labrpc.(*ClientEnd).Call(0xc00064cf20, {0xb74b19, 0xc000ec6950}, {0xb473e0, 0xc00081daa0}, {0xb374c0, 0xc0006fd458})
	D:/Go/src/6.824/src/labrpc/labrpc.go:112 +0x26e
6.824/kvraft.(*Clerk).Execute.func1(0x2)
	D:/Go/src/6.824/src/kvraft/client.go:47 +0x9b
created by 6.824/kvraft.(*Clerk).Execute
	D:/Go/src/6.824/src/kvraft/client.go:45 +0x151

goroutine 369015 [runnable]:
6.824/raft.(*Raft).sendMsg·dwrap·14()
	D:/Go/src/6.824/src/raft/raft.go:300
runtime.goexit()
	D:/ProgramFiles/Go/src/runtime/asm_amd64.s:1581 +0x1
created by 6.824/raft.(*Raft).sendMsg
	D:/Go/src/6.824/src/raft/raft.go:300 +0x4a5

goroutine 368950 [chan receive]:
6.824/labrpc.(*ClientEnd).Call(0xc00064cc20, {0xb74b19, 0x35}, {0xb473e0, 0xc001805140}, {0xb374c0, 0xc0009697d0})
	D:/Go/src/6.824/src/labrpc/labrpc.go:112 +0x26e
6.824/kvraft.(*Clerk).Execute.func1(0x3)
	D:/Go/src/6.824/src/kvraft/client.go:47 +0x9b
created by 6.824/kvraft.(*Clerk).Execute
	D:/Go/src/6.824/src/kvraft/client.go:45 +0x151

goroutine 368937 [chan receive]:
6.824/labrpc.(*ClientEnd).Call(0xc0005e2aa0, {0xb74b19, 0xc00044adb0}, {0xb473e0, 0xc001d9b170}, {0xb374c0, 0xc000cbc150})
	D:/Go/src/6.824/src/labrpc/labrpc.go:112 +0x26e
6.824/kvraft.(*Clerk).Execute.func1(0x1)
	D:/Go/src/6.824/src/kvraft/client.go:47 +0x9b
created by 6.824/kvraft.(*Clerk).Execute
	D:/Go/src/6.824/src/kvraft/client.go:45 +0x151

goroutine 238496 [runnable]:
6.824/labgob.NewEncoder({0xbba500, 0xc000e7fc80})
	D:/Go/src/6.824/src/labgob/labgob.go:26 +0x1eb
6.824/kvraft.(*KVServer).SnapShot(0xc0001a1540)
	D:/Go/src/6.824/src/kvraft/server.go:102 +0x3d
6.824/kvraft.(*KVServer).doExecute(0xc0001a1540)
	D:/Go/src/6.824/src/kvraft/server.go:153 +0x4f6
created by 6.824/kvraft.StartKVServer
	D:/Go/src/6.824/src/kvraft/server.go:200 +0x229

goroutine 238495 [sleep]:
time.Sleep(0xc1988c0)
	D:/ProgramFiles/Go/src/runtime/time.go:193 +0x133
6.824/raft.(*Raft).electionTicker(0xc00014c870)
	D:/Go/src/6.824/src/raft/raft.go:627 +0x95
created by 6.824/raft.Make
	D:/Go/src/6.824/src/raft/raft.go:668 +0x27b

goroutine 249578 [select]:
6.824/kvraft.(*Clerk).Execute(0xc00063be00, 0xc001929290, 0xc000397c58)
	D:/Go/src/6.824/src/kvraft/client.go:52 +0x1b2
6.824/kvraft.(*Clerk).Get(0xc00063be00, {0xb7ce88, 0x1})
	D:/Go/src/6.824/src/kvraft/client.go:74 +0x185
6.824/kvraft.Get(0xc00014a000, 0x2, {0xb7ce88, 0x1}, 0xc0006ea6e0, 0x2)
	D:/Go/src/6.824/src/kvraft/test_test.go:43 +0xbb
6.824/kvraft.GenericTest.func1(0x2, 0xc0008904e0, 0xc000300000)
	D:/Go/src/6.824/src/kvraft/test_test.go:284 +0x3e5
6.824/kvraft.run_client(0xb0c732, 0xc00014a000, 0xc000080800, 0x11, 0xc00066a820)
	D:/Go/src/6.824/src/kvraft/test_test.go:103 +0xe4
created by 6.824/kvraft.spawn_clients_and_wait
	D:/Go/src/6.824/src/kvraft/test_test.go:113 +0x51

goroutine 368939 [select]:
6.824/kvraft.(*KVServer).Do(0xc0003bad20, 0xc000624b40, 0xc000c51188)
	D:/Go/src/6.824/src/kvraft/server.go:71 +0x2f4
reflect.Value.call({0xc000052180, 0xc0000b2b28, 0xc0008d9b10}, {0xb735ed, 0x4}, {0xc0008d9c68, 0x3, 0xc0008d9b40})
	D:/ProgramFiles/Go/src/reflect/value.go:543 +0x814
reflect.Value.Call({0xc000052180, 0xc0000b2b28, 0xc0000b2f10}, {0xc0008d9c68, 0x3, 0x3})
	D:/ProgramFiles/Go/src/reflect/value.go:339 +0xc5
6.824/labrpc.(*Service).dispatch(0xc0007dd440, {0xb74b22, 0x2}, {{0xb3f780, 0xc002516720}, {0xb74b19, 0xb}, {0xbc2520, 0xb473e0}, {0xc0003474a0, ...}, ...})
	D:/Go/src/6.824/src/labrpc/labrpc.go:496 +0x39d
6.824/labrpc.(*Server).dispatch(0xc0006bf1e8, {{0xb3f780, 0xc002516720}, {0xb74b19, 0xb}, {0xbc2520, 0xb473e0}, {0xc0003474a0, 0x5d, 0xa7}, ...})
	D:/Go/src/6.824/src/labrpc/labrpc.go:420 +0x1fe
6.824/labrpc.(*Network).processReq.func1()
	D:/Go/src/6.824/src/labrpc/labrpc.go:240 +0x58
created by 6.824/labrpc.(*Network).processReq
	D:/Go/src/6.824/src/labrpc/labrpc.go:239 +0x1df

goroutine 368978 [semacquire]:
sync.runtime_SemacquireMutex(0xa19ae7, 0xfe, 0x60)
	D:/ProgramFiles/Go/src/runtime/sema.go:71 +0x25
sync.(*Mutex).lockSlow(0xc0003bad20)
	D:/ProgramFiles/Go/src/sync/mutex.go:138 +0x165
sync.(*Mutex).Lock(...)
	D:/ProgramFiles/Go/src/sync/mutex.go:81
6.824/kvraft.(*KVServer).lock(...)
	D:/Go/src/6.824/src/kvraft/server.go:35
6.824/kvraft.(*KVServer).Do(0xc0003bad20, 0xc00183b290, 0xc000ae8d98)
	D:/Go/src/6.824/src/kvraft/server.go:44 +0x79
reflect.Value.call({0xc000052180, 0xc0000b2b28, 0xc000fd1b10}, {0xb735ed, 0x4}, {0xc000fd1c68, 0x3, 0xc000fd1b40})
	D:/ProgramFiles/Go/src/reflect/value.go:543 +0x814
reflect.Value.Call({0xc000052180, 0xc0000b2b28, 0xc000d5d500}, {0xc000fd1c68, 0x3, 0x3})
	D:/ProgramFiles/Go/src/reflect/value.go:339 +0xc5
6.824/labrpc.(*Service).dispatch(0xc0007dd440, {0xb74b22, 0x2}, {{0xb3f780, 0xc0025169f0}, {0xb74b19, 0xb}, {0xbc2520, 0xb473e0}, {0xc00010a160, ...}, ...})
	D:/Go/src/6.824/src/labrpc/labrpc.go:496 +0x39d
6.824/labrpc.(*Server).dispatch(0xc0006bf1e8, {{0xb3f780, 0xc0025169f0}, {0xb74b19, 0xb}, {0xbc2520, 0xb473e0}, {0xc00010a160, 0x5d, 0xa7}, ...})
	D:/Go/src/6.824/src/labrpc/labrpc.go:420 +0x1fe
6.824/labrpc.(*Network).processReq.func1()
	D:/Go/src/6.824/src/labrpc/labrpc.go:240 +0x58
created by 6.824/labrpc.(*Network).processReq
	D:/Go/src/6.824/src/labrpc/labrpc.go:239 +0x1df

goroutine 368949 [semacquire]:
reflect.unsafe_New(0xb37900)
	D:/ProgramFiles/Go/src/runtime/malloc.go:1233 +0x27
reflect.New({0xbc2520, 0xb37900})
	D:/ProgramFiles/Go/src/reflect/value.go:2747 +0x5d
6.824/labrpc.(*Service).dispatch(0xc0001cc780, {0xb758b8, 0x9}, {{0xb3f780, 0xc000ec6910}, {0xb758b3, 0xe}, {0xbc2520, 0xb37900}, {0xc0014f9500, ...}, ...})
	D:/Go/src/6.824/src/labrpc/labrpc.go:482 +0x14c
6.824/labrpc.(*Server).dispatch(0xc0006bf818, {{0xb3f780, 0xc000ec6910}, {0xb758b3, 0xe}, {0xbc2520, 0xb37900}, {0xc0014f9500, 0x67f9, 0x6971}, ...})
	D:/Go/src/6.824/src/labrpc/labrpc.go:420 +0x1fe
6.824/labrpc.(*Network).processReq.func1()
	D:/Go/src/6.824/src/labrpc/labrpc.go:240 +0x58
created by 6.824/labrpc.(*Network).processReq
	D:/Go/src/6.824/src/labrpc/labrpc.go:239 +0x1df

goroutine 249579 [select]:
6.824/kvraft.(*Clerk).Execute(0xc00066d400, 0xc0009d8cf0, 0xc00058dc58)
	D:/Go/src/6.824/src/kvraft/client.go:52 +0x1b2
6.824/kvraft.(*Clerk).Get(0xc00066d400, {0xb7ce89, 0x1})
	D:/Go/src/6.824/src/kvraft/client.go:74 +0x185
6.824/kvraft.Get(0xc00014a000, 0x2, {0xb7ce89, 0x1}, 0xc0006ea6e0, 0x3)
	D:/Go/src/6.824/src/kvraft/test_test.go:43 +0xbb
6.824/kvraft.GenericTest.func1(0x3, 0xc00022f6b0, 0xc000300000)
	D:/Go/src/6.824/src/kvraft/test_test.go:284 +0x3e5
6.824/kvraft.run_client(0xc0006954a0, 0xc00014a000, 0xc00009efa0, 0x6, 0xc00066a820)
	D:/Go/src/6.824/src/kvraft/test_test.go:103 +0xe4
created by 6.824/kvraft.spawn_clients_and_wait
	D:/Go/src/6.824/src/kvraft/test_test.go:113 +0x51

goroutine 368687 [runnable]:
sync.runtime_SemacquireMutex(0xc000ec6910, 0xb3, 0xe)
	D:/ProgramFiles/Go/src/runtime/sema.go:71 +0x25
sync.(*Mutex).lockSlow(0xc00014c0f0)
	D:/ProgramFiles/Go/src/sync/mutex.go:138 +0x165
sync.(*Mutex).Lock(...)
	D:/ProgramFiles/Go/src/sync/mutex.go:81
6.824/raft.(*Raft).lock(...)
	D:/Go/src/6.824/src/raft/raft.go:473
6.824/raft.(*Raft).receiveAppendReplay(0xc00014c0f0, 0x2, 0x6, 0xc001578cc0)
	D:/Go/src/6.824/src/raft/raft.go:412 +0x5d
6.824/raft.(*Raft).sendMsg.func1(0x2)
	D:/Go/src/6.824/src/raft/raft.go:304 +0xad
created by 6.824/raft.(*Raft).sendMsg
	D:/Go/src/6.824/src/raft/raft.go:300 +0x4a5

goroutine 249624 [select]:
6.824/kvraft.(*Clerk).Execute(0xc00063bd40, 0xc001805140, 0xc00079bc68)
	D:/Go/src/6.824/src/kvraft/client.go:52 +0x1b2
6.824/kvraft.(*Clerk).Append(0xc00063bd40, {0xb81e9e, 0x2}, {0xc0009a5ad4, 0xa})
	D:/Go/src/6.824/src/kvraft/client.go:103 +0x1ad
6.824/kvraft.Append(0xc00014a000, 0x2, {0xb81e9e, 0x2}, {0xc0009a5ad4, 0xa}, 0xc0006ea6e0, 0x10)
	D:/Go/src/6.824/src/kvraft/test_test.go:77 +0xd5
6.824/kvraft.GenericTest.func1(0x10, 0xc000890450, 0xc000300000)
	D:/Go/src/6.824/src/kvraft/test_test.go:272 +0x587
6.824/kvraft.run_client(0xc000483b80, 0xc00014a000, 0x28a, 0xc000695380, 0xc00066a820)
	D:/Go/src/6.824/src/kvraft/test_test.go:103 +0xe4
created by 6.824/kvraft.spawn_clients_and_wait
	D:/Go/src/6.824/src/kvraft/test_test.go:113 +0x51

goroutine 368990 [runnable]:
6.824/raft.(*Raft).sendMsg·dwrap·14()
	D:/Go/src/6.824/src/raft/raft.go:300
runtime.goexit()
	D:/ProgramFiles/Go/src/runtime/asm_amd64.s:1581 +0x1
created by 6.824/raft.(*Raft).sendMsg
	D:/Go/src/6.824/src/raft/raft.go:300 +0x4a5

goroutine 368822 [runnable]:
6.824/raft.(*Raft).commitLog(0xc00014c870, {0xc0000c85e0, 0x22, 0xc000054f00})
	D:/Go/src/6.824/src/raft/raft.go:326 +0x135
created by 6.824/raft.(*Raft).AppendLog
	D:/Go/src/6.824/src/raft/raft.go:402 +0x638

goroutine 238493 [sleep]:
time.Sleep(0xcfe6a80)
	D:/ProgramFiles/Go/src/runtime/time.go:193 +0x133
6.824/raft.(*Raft).electionTicker(0xc00014c780)
	D:/Go/src/6.824/src/raft/raft.go:627 +0x95
created by 6.824/raft.Make
	D:/Go/src/6.824/src/raft/raft.go:668 +0x27b

goroutine 368953 [runnable]:
sync.runtime_SemacquireMutex(0x0, 0xe0, 0x10)
	D:/ProgramFiles/Go/src/runtime/sema.go:71 +0x25
sync.(*Mutex).lockSlow(0xc00014c870)
	D:/ProgramFiles/Go/src/sync/mutex.go:138 +0x165
sync.(*Mutex).Lock(...)
	D:/ProgramFiles/Go/src/sync/mutex.go:81
6.824/raft.(*Raft).lock(...)
	D:/Go/src/6.824/src/raft/raft.go:473
6.824/raft.(*Raft).Snapshot(0xc00014c870, 0x3027, {0xc001888000, 0x66a8, 0xccbb})
	D:/Go/src/6.824/src/raft/raft.go:197 +0x6a
created by 6.824/kvraft.(*KVServer).SnapShot
	D:/Go/src/6.824/src/kvraft/server.go:107 +0x185

goroutine 369003 [runnable]:
6.824/kvraft.(*KVServer).SnapShot·dwrap·16()
	D:/Go/src/6.824/src/kvraft/server.go:107
runtime.goexit()
	D:/ProgramFiles/Go/src/runtime/asm_amd64.s:1581 +0x1
created by 6.824/kvraft.(*KVServer).SnapShot
	D:/Go/src/6.824/src/kvraft/server.go:107 +0x185

goroutine 248688 [sleep]:
time.Sleep(0x4c4b400)
	D:/ProgramFiles/Go/src/runtime/time.go:193 +0x133
6.824/raft.(*Raft).heartTicker(0xc00014c0f0, 0xc000054f00)
	D:/Go/src/6.824/src/raft/raft.go:615 +0x4f
created by 6.824/raft.(*Raft).BeLeader
	D:/Go/src/6.824/src/raft/raft.go:607 +0xcf

goroutine 368880 [chan receive]:
6.824/labrpc.(*ClientEnd).Call(0xc00064caa0, {0xb74b19, 0xb52f40}, {0xb473e0, 0xc001d9a210}, {0xb374c0, 0xc000a096e0})
	D:/Go/src/6.824/src/labrpc/labrpc.go:112 +0x26e
6.824/kvraft.(*Clerk).Execute.func1(0x2)
	D:/Go/src/6.824/src/kvraft/client.go:47 +0x9b
created by 6.824/kvraft.(*Clerk).Execute
	D:/Go/src/6.824/src/kvraft/client.go:45 +0x151

goroutine 249626 [select]:
6.824/kvraft.(*Clerk).Execute(0xc00063bdc0, 0xc001d9ac30, 0xc000361c58)
	D:/Go/src/6.824/src/kvraft/client.go:52 +0x1b2
6.824/kvraft.(*Clerk).Get(0xc00063bdc0, {0xb81ea2, 0x2})
	D:/Go/src/6.824/src/kvraft/client.go:74 +0x185
6.824/kvraft.Get(0xc00014a000, 0x2, {0xb81ea2, 0x2}, 0xc0006ea6e0, 0x12)
	D:/Go/src/6.824/src/kvraft/test_test.go:43 +0xbb
6.824/kvraft.GenericTest.func1(0x12, 0xc0008904b0, 0xc000300000)
	D:/Go/src/6.824/src/kvraft/test_test.go:284 +0x3e5
6.824/kvraft.run_client(0xc000f91480, 0xc00014a000, 0xc000361fd0, 0xb0b62d, 0xc00066a820)
	D:/Go/src/6.824/src/kvraft/test_test.go:103 +0xe4
created by 6.824/kvraft.spawn_clients_and_wait
	D:/Go/src/6.824/src/kvraft/test_test.go:113 +0x51

goroutine 368992 [runnable]:
6.824/raft.(*Raft).sendMsg·dwrap·14()
	D:/Go/src/6.824/src/raft/raft.go:300
runtime.goexit()
	D:/ProgramFiles/Go/src/runtime/asm_amd64.s:1581 +0x1
created by 6.824/raft.(*Raft).sendMsg
	D:/Go/src/6.824/src/raft/raft.go:300 +0x4a5

goroutine 368996 [semacquire]:
sync.runtime_SemacquireMutex(0xc000af5398, 0xbd, 0x60)
	D:/ProgramFiles/Go/src/runtime/sema.go:71 +0x25
sync.(*Mutex).lockSlow(0xc0003bad20)
	D:/ProgramFiles/Go/src/sync/mutex.go:138 +0x165
sync.(*Mutex).Lock(...)
	D:/ProgramFiles/Go/src/sync/mutex.go:81
6.824/kvraft.(*KVServer).lock(...)
	D:/Go/src/6.824/src/kvraft/server.go:35
6.824/kvraft.(*KVServer).Do(0xc0003bad20, 0xc000e7f2f0, 0xc0008f0d80)
	D:/Go/src/6.824/src/kvraft/server.go:44 +0x79
reflect.Value.call({0xc000052180, 0xc0000b2b28, 0xc000af5b10}, {0xb735ed, 0x4}, {0xc000af5c68, 0x3, 0xc000af5b40})
	D:/ProgramFiles/Go/src/reflect/value.go:543 +0x814
reflect.Value.Call({0xc000052180, 0xc0000b2b28, 0xc000006848}, {0xc000af5c68, 0x3, 0x3})
	D:/ProgramFiles/Go/src/reflect/value.go:339 +0xc5
6.824/labrpc.(*Service).dispatch(0xc0007dd440, {0xb74b22, 0x2}, {{0xb3f780, 0xc002516520}, {0xb74b19, 0xb}, {0xbc2520, 0xb473e0}, {0xc000210370, ...}, ...})
	D:/Go/src/6.824/src/labrpc/labrpc.go:496 +0x39d
6.824/labrpc.(*Server).dispatch(0xc0006bf1e8, {{0xb3f780, 0xc002516520}, {0xb74b19, 0xb}, {0xbc2520, 0xb473e0}, {0xc000210370, 0x5d, 0xa7}, ...})
	D:/Go/src/6.824/src/labrpc/labrpc.go:420 +0x1fe
6.824/labrpc.(*Network).processReq.func1()
	D:/Go/src/6.824/src/labrpc/labrpc.go:240 +0x58
created by 6.824/labrpc.(*Network).processReq
	D:/Go/src/6.824/src/labrpc/labrpc.go:239 +0x1df

goroutine 368945 [select]:
6.824/labrpc.(*Network).processReq(0xc000054f00, {{0xb3f780, 0xc00044b120}, {0xb74b19, 0xb}, {0xbc2520, 0xb473e0}, {0xc0008e2180, 0x68, 0xb2}, ...})
	D:/Go/src/6.824/src/labrpc/labrpc.go:251 +0x41c
created by 6.824/labrpc.MakeNetwork.func1
	D:/Go/src/6.824/src/labrpc/labrpc.go:157 +0x3e

goroutine 368864 [semacquire]:
bytes.makeSlice(0x6971)
	D:/ProgramFiles/Go/src/bytes/buffer.go:229 +0x65
bytes.(*Buffer).grow(0xc001d4f8c0, 0x6731)
	D:/ProgramFiles/Go/src/bytes/buffer.go:142 +0x11f
bytes.(*Buffer).Write(0xc001d4f8c0, {0xc00165ea86, 0x6731, 0x199})
	D:/ProgramFiles/Go/src/bytes/buffer.go:172 +0x66
encoding/gob.(*Encoder).writeMessage(0xc000d95720, {0xbba500, 0xc001d4f8c0}, 0xc000d95758)
	D:/ProgramFiles/Go/src/encoding/gob/encoder.go:82 +0x19c
encoding/gob.(*Encoder).EncodeValue(0xc000d95720, {0xb37900, 0xc0001c7f20, 0xb37900})
	D:/ProgramFiles/Go/src/encoding/gob/encoder.go:253 +0x472
encoding/gob.(*Encoder).Encode(0xb37900, {0xb37900, 0xc0001c7f20})
	D:/ProgramFiles/Go/src/encoding/gob/encoder.go:176 +0xa5
6.824/labgob.(*LabEncoder).Encode(0xc000d5d938, {0xb37900, 0xc0001c7f20})
	D:/Go/src/6.824/src/labgob/labgob.go:34 +0x45
6.824/labrpc.(*ClientEnd).Call(0xc0007c2f80, {0xb758b3, 0xbc2520}, {0xb37900, 0xc0001c7f20}, {0xb37940, 0xc0001d0a60})
	D:/Go/src/6.824/src/labrpc/labrpc.go:93 +0x125
6.824/raft.(*Raft).sendAppendLog(...)
	D:/Go/src/6.824/src/raft/raft.go:460
6.824/raft.(*Raft).sendMsg.func1(0x3)
	D:/Go/src/6.824/src/raft/raft.go:302 +0x90
created by 6.824/raft.(*Raft).sendMsg
	D:/Go/src/6.824/src/raft/raft.go:300 +0x4a5

goroutine 249582 [select]:
6.824/kvraft.(*Clerk).Execute(0xc00066d480, 0xc001d9b170, 0xc000763c58)
	D:/Go/src/6.824/src/kvraft/client.go:52 +0x1b2
6.824/kvraft.(*Clerk).Get(0xc00066d480, {0xb7ce8c, 0x1})
	D:/Go/src/6.824/src/kvraft/client.go:74 +0x185
6.824/kvraft.Get(0xc00014a000, 0x2, {0xb7ce8c, 0x1}, 0xc0006ea6e0, 0x6)
	D:/Go/src/6.824/src/kvraft/test_test.go:43 +0xbb
6.824/kvraft.GenericTest.func1(0x6, 0xc000890270, 0xc000300000)
	D:/Go/src/6.824/src/kvraft/test_test.go:284 +0x3e5
6.824/kvraft.run_client(0xc0003253e0, 0xc00014a000, 0xc00007ec00, 0x4, 0xc00066a820)
	D:/Go/src/6.824/src/kvraft/test_test.go:103 +0xe4
created by 6.824/kvraft.spawn_clients_and_wait
	D:/Go/src/6.824/src/kvraft/test_test.go:113 +0x51

goroutine 238488 [chan receive]:
6.824/kvraft.(*KVServer).doExecute(0xc0003ba1e0)
	D:/Go/src/6.824/src/kvraft/server.go:122 +0x70
created by 6.824/kvraft.StartKVServer
	D:/Go/src/6.824/src/kvraft/server.go:200 +0x229

goroutine 368875 [select]:
6.824/labrpc.(*Network).processReq(0xc000054f00, {{0xb3f780, 0xc000f8e730}, {0xb74b19, 0xb}, {0xbc2520, 0xb473e0}, {0xc0003471e0, 0x5d, 0xa7}, ...})
	D:/Go/src/6.824/src/labrpc/labrpc.go:251 +0x41c
created by 6.824/labrpc.MakeNetwork.func1
	D:/Go/src/6.824/src/labrpc/labrpc.go:157 +0x3e

goroutine 369012 [runnable]:
6.824/raft.(*Raft).sendMsg·dwrap·14()
	D:/Go/src/6.824/src/raft/raft.go:300
runtime.goexit()
	D:/ProgramFiles/Go/src/runtime/asm_amd64.s:1581 +0x1
created by 6.824/raft.(*Raft).sendMsg
	D:/Go/src/6.824/src/raft/raft.go:300 +0x4a5

goroutine 368876 [select]:
6.824/kvraft.(*KVServer).Do(0xc0003bad20, 0xc000555f50, 0xc000a09668)
	D:/Go/src/6.824/src/kvraft/server.go:71 +0x2f4
reflect.Value.call({0xc000052180, 0xc0000b2b28, 0xc000d93b10}, {0xb735ed, 0x4}, {0xc000d93c68, 0x3, 0xc000d93b40})
	D:/ProgramFiles/Go/src/reflect/value.go:543 +0x814
reflect.Value.Call({0xc000052180, 0xc0000b2b28, 0xc0000b2958}, {0xc000d93c68, 0x3, 0x3})
	D:/ProgramFiles/Go/src/reflect/value.go:339 +0xc5
6.824/labrpc.(*Service).dispatch(0xc0007dd440, {0xb74b22, 0x2}, {{0xb3f780, 0xc000f8e730}, {0xb74b19, 0xb}, {0xbc2520, 0xb473e0}, {0xc0003471e0, ...}, ...})
	D:/Go/src/6.824/src/labrpc/labrpc.go:496 +0x39d
6.824/labrpc.(*Server).dispatch(0xc0006bf1e8, {{0xb3f780, 0xc000f8e730}, {0xb74b19, 0xb}, {0xbc2520, 0xb473e0}, {0xc0003471e0, 0x5d, 0xa7}, ...})
	D:/Go/src/6.824/src/labrpc/labrpc.go:420 +0x1fe
6.824/labrpc.(*Network).processReq.func1()
	D:/Go/src/6.824/src/labrpc/labrpc.go:240 +0x58
created by 6.824/labrpc.(*Network).processReq
	D:/Go/src/6.824/src/labrpc/labrpc.go:239 +0x1df

goroutine 369001 [runnable]:
6.824/kvraft.(*KVServer).SnapShot·dwrap·16()
	D:/Go/src/6.824/src/kvraft/server.go:107
runtime.goexit()
	D:/ProgramFiles/Go/src/runtime/asm_amd64.s:1581 +0x1
created by 6.824/kvraft.(*KVServer).SnapShot
	D:/Go/src/6.824/src/kvraft/server.go:107 +0x185

goroutine 368940 [semacquire]:
encoding/gob.NewEncoder(...)
	D:/ProgramFiles/Go/src/encoding/gob/encoder.go:37
6.824/labgob.NewEncoder({0xbba500, 0xc000624b70})
	D:/Go/src/6.824/src/labgob/labgob.go:28 +0xb7
6.824/labrpc.(*ClientEnd).Call(0xc0005e2b60, {0xb74b19, 0xc002516720}, {0xb473e0, 0xc001bf67b0}, {0xb374c0, 0xc000c511e8})
	D:/Go/src/6.824/src/labrpc/labrpc.go:92 +0x10d
6.824/kvraft.(*Clerk).Execute.func1(0x1)
	D:/Go/src/6.824/src/kvraft/client.go:47 +0x9b
created by 6.824/kvraft.(*Clerk).Execute
	D:/Go/src/6.824/src/kvraft/client.go:45 +0x151

goroutine 368797 [semacquire]:
encoding/gob.overflow(...)
	D:/ProgramFiles/Go/src/encoding/gob/decode.go:113
encoding/gob.(*Decoder).compileDec(0xc000139100, 0x24b2510, 0xc000050880)
	D:/ProgramFiles/Go/src/encoding/gob/decode.go:1116 +0x30f
encoding/gob.(*Decoder).getDecEnginePtr(0xc000139100, 0xb539e0, 0xc000050880)
	D:/ProgramFiles/Go/src/encoding/gob/decode.go:1147 +0x145
encoding/gob.(*Decoder).decOpFor(0xc000139100, 0xbc2520, {0xbc2520, 0xb58e40}, {0xb2c4a2, 0x6}, 0x0)
	D:/ProgramFiles/Go/src/encoding/gob/decode.go:854 +0x52d
encoding/gob.(*Decoder).compileDec(0xc000139100, 0x24b2240, 0xc0000514c0)
	D:/ProgramFiles/Go/src/encoding/gob/decode.go:1128 +0x6e8
encoding/gob.(*Decoder).getDecEnginePtr(0xc000139100, 0xb476e0, 0xc0000514c0)
	D:/ProgramFiles/Go/src/encoding/gob/decode.go:1147 +0x145
encoding/gob.(*Decoder).decodeValue(0xc000139100, 0xd63ca8, {0xb476e0, 0xc000ec4100, 0xc000139118})
	D:/ProgramFiles/Go/src/encoding/gob/decode.go:1192 +0xf3
encoding/gob.(*Decoder).recvType(0xc000139100, 0x42)
	D:/ProgramFiles/Go/src/encoding/gob/decoder.go:67 +0x13c
encoding/gob.(*Decoder).decodeTypeSequence(0xc000139100, 0x0)
	D:/ProgramFiles/Go/src/encoding/gob/decoder.go:154 +0x6d
encoding/gob.(*Decoder).DecodeValue(0xc000139100, {0xb374c0, 0xc000889c08, 0xc000d63da0})
	D:/ProgramFiles/Go/src/encoding/gob/decoder.go:214 +0x18f
encoding/gob.(*Decoder).Decode(0xc000139100, {0xb374c0, 0xc000889c08})
	D:/ProgramFiles/Go/src/encoding/gob/decoder.go:191 +0x137
6.824/labgob.(*LabDecoder).Decode(0xc000d63e30, {0xb374c0, 0xc000889c08})
	D:/Go/src/6.824/src/labgob/labgob.go:55 +0x54
6.824/labrpc.(*ClientEnd).Call(0xc00064ce60, {0xb74b19, 0xb0b6f0}, {0xb473e0, 0xc001929290}, {0xb374c0, 0xc000889c08})
	D:/Go/src/6.824/src/labrpc/labrpc.go:116 +0x326
6.824/kvraft.(*Clerk).Execute.func1(0x0)
	D:/Go/src/6.824/src/kvraft/client.go:47 +0x9b
created by 6.824/kvraft.(*Clerk).Execute
	D:/Go/src/6.824/src/kvraft/client.go:45 +0x151

goroutine 238489 [sleep]:
time.Sleep(0x10cefa80)
	D:/ProgramFiles/Go/src/runtime/time.go:193 +0x133
6.824/raft.(*Raft).electionTicker(0xc00014c0f0)
	D:/Go/src/6.824/src/raft/raft.go:627 +0x95
created by 6.824/raft.Make
	D:/Go/src/6.824/src/raft/raft.go:668 +0x27b

goroutine 368987 [semacquire]:
6.824/kvraft.(*Clerk).Execute.func1(0x0)
	D:/Go/src/6.824/src/kvraft/client.go:46 +0x47
created by 6.824/kvraft.(*Clerk).Execute
	D:/Go/src/6.824/src/kvraft/client.go:45 +0x151

goroutine 238494 [chan receive]:
6.824/kvraft.(*KVServer).doExecute(0xc00070f7c0)
	D:/Go/src/6.824/src/kvraft/server.go:122 +0x70
created by 6.824/kvraft.StartKVServer
	D:/Go/src/6.824/src/kvraft/server.go:200 +0x229

goroutine 238491 [sleep]:
time.Sleep(0xd4ab5c0)
	D:/ProgramFiles/Go/src/runtime/time.go:193 +0x133
6.824/raft.(*Raft).electionTicker(0xc00014c1e0)
	D:/Go/src/6.824/src/raft/raft.go:627 +0x95
created by 6.824/raft.Make
	D:/Go/src/6.824/src/raft/raft.go:668 +0x27b

goroutine 368951 [semacquire]:
sync.runtime_SemacquireMutex(0x0, 0x40, 0x10)
	D:/ProgramFiles/Go/src/runtime/sema.go:71 +0x25
sync.(*Mutex).lockSlow(0xc00014c870)
	D:/ProgramFiles/Go/src/sync/mutex.go:138 +0x165
sync.(*Mutex).Lock(...)
	D:/ProgramFiles/Go/src/sync/mutex.go:81
6.824/raft.(*Raft).lock(...)
	D:/Go/src/6.824/src/raft/raft.go:473
6.824/raft.(*Raft).Snapshot(0xc00014c870, 0x3025, {0xc0016a8000, 0x669e, 0xcca7})
	D:/Go/src/6.824/src/raft/raft.go:197 +0x6a
created by 6.824/kvraft.(*KVServer).SnapShot
	D:/Go/src/6.824/src/kvraft/server.go:107 +0x185

goroutine 369004 [runnable]:
6.824/kvraft.(*KVServer).SnapShot·dwrap·16()
	D:/Go/src/6.824/src/kvraft/server.go:107
runtime.goexit()
	D:/ProgramFiles/Go/src/runtime/asm_amd64.s:1581 +0x1
created by 6.824/kvraft.(*KVServer).SnapShot
	D:/Go/src/6.824/src/kvraft/server.go:107 +0x185

goroutine 369005 [runnable]:
6.824/kvraft.(*KVServer).SnapShot·dwrap·16()
	D:/Go/src/6.824/src/kvraft/server.go:107
runtime.goexit()
	D:/ProgramFiles/Go/src/runtime/asm_amd64.s:1581 +0x1
created by 6.824/kvraft.(*KVServer).SnapShot
	D:/Go/src/6.824/src/kvraft/server.go:107 +0x185

goroutine 249583 [select]:
6.824/kvraft.(*Clerk).Execute(0xc00066d4c0, 0xc001bf67b0, 0xc00004bc58)
	D:/Go/src/6.824/src/kvraft/client.go:52 +0x1b2
6.824/kvraft.(*Clerk).Get(0xc00066d4c0, {0xb7ce8d, 0x1})
	D:/Go/src/6.824/src/kvraft/client.go:74 +0x185
6.824/kvraft.Get(0xc00014a000, 0x2, {0xb7ce8d, 0x1}, 0xc0006ea6e0, 0x7)
	D:/Go/src/6.824/src/kvraft/test_test.go:43 +0xbb
6.824/kvraft.GenericTest.func1(0x7, 0xc0008902a0, 0xc000300000)
	D:/Go/src/6.824/src/kvraft/test_test.go:284 +0x3e5
6.824/kvraft.run_client(0xc000413600, 0xc00014a000, 0x28a, 0xc000695800, 0xc00066a820)
	D:/Go/src/6.824/src/kvraft/test_test.go:103 +0xe4
created by 6.824/kvraft.spawn_clients_and_wait
	D:/Go/src/6.824/src/kvraft/test_test.go:113 +0x51

goroutine 368801 [chan receive]:
6.824/labrpc.(*ClientEnd).Call(0xc0007c2f60, {0xb758b3, 0xbc2520}, {0xb37900, 0xc00033f440}, {0xb37940, 0xc000db9fe0})
	D:/Go/src/6.824/src/labrpc/labrpc.go:112 +0x26e
6.824/raft.(*Raft).sendAppendLog(...)
	D:/Go/src/6.824/src/raft/raft.go:460
6.824/raft.(*Raft).sendMsg.func1(0x2)
	D:/Go/src/6.824/src/raft/raft.go:302 +0x90
created by 6.824/raft.(*Raft).sendMsg
	D:/Go/src/6.824/src/raft/raft.go:300 +0x4a5

goroutine 248812 [sleep]:
time.Sleep(0x4c4b400)
	D:/ProgramFiles/Go/src/runtime/time.go:193 +0x133
6.824/raft.(*Raft).heartTicker(0xc00014c0f0, 0xc000054f00)
	D:/Go/src/6.824/src/raft/raft.go:615 +0x4f
created by 6.824/raft.(*Raft).BeLeader
	D:/Go/src/6.824/src/raft/raft.go:607 +0xcf

goroutine 249584 [select]:
6.824/kvraft.(*Clerk).Execute(0xc00066d500, 0xc001d9a750, 0xc000689c58)
	D:/Go/src/6.824/src/kvraft/client.go:52 +0x1b2
6.824/kvraft.(*Clerk).Get(0xc00066d500, {0xb7ce8e, 0x1})
	D:/Go/src/6.824/src/kvraft/client.go:74 +0x185
6.824/kvraft.Get(0xc00014a000, 0x2, {0xb7ce8e, 0x1}, 0xc0006ea6e0, 0x8)
	D:/Go/src/6.824/src/kvraft/test_test.go:43 +0xbb
6.824/kvraft.GenericTest.func1(0x8, 0xc0008902d0, 0xc000300000)
	D:/Go/src/6.824/src/kvraft/test_test.go:284 +0x3e5
6.824/kvraft.run_client(0xc0007c99b0, 0xc00014a000, 0xc000689fd0, 0xb0b62d, 0xc00066a820)
	D:/Go/src/6.824/src/kvraft/test_test.go:103 +0xe4
created by 6.824/kvraft.spawn_clients_and_wait
	D:/Go/src/6.824/src/kvraft/test_test.go:113 +0x51

goroutine 249585 [select]:
6.824/kvraft.(*Clerk).Execute(0xc00066d540, 0xc00183a900, 0xc000e79c58)
	D:/Go/src/6.824/src/kvraft/client.go:52 +0x1b2
6.824/kvraft.(*Clerk).Get(0xc00066d540, {0xb7ce8f, 0x1})
	D:/Go/src/6.824/src/kvraft/client.go:74 +0x185
6.824/kvraft.Get(0xc00014a000, 0x2, {0xb7ce8f, 0x1}, 0xc0006ea6e0, 0x9)
	D:/Go/src/6.824/src/kvraft/test_test.go:43 +0xbb
6.824/kvraft.GenericTest.func1(0x9, 0xc000890300, 0xc000300000)
	D:/Go/src/6.824/src/kvraft/test_test.go:284 +0x3e5
6.824/kvraft.run_client(0xc00009dde0, 0xc00014a000, 0xc000e79fd0, 0xb0b62d, 0xc00066a820)
	D:/Go/src/6.824/src/kvraft/test_test.go:103 +0xe4
created by 6.824/kvraft.spawn_clients_and_wait
	D:/Go/src/6.824/src/kvraft/test_test.go:113 +0x51

goroutine 368983 [semacquire]:
sync.runtime_SemacquireMutex(0xa19ae7, 0xfe, 0x60)
	D:/ProgramFiles/Go/src/runtime/sema.go:71 +0x25
sync.(*Mutex).lockSlow(0xc0003bad20)
	D:/ProgramFiles/Go/src/sync/mutex.go:138 +0x165
sync.(*Mutex).Lock(...)
	D:/ProgramFiles/Go/src/sync/mutex.go:81
6.824/kvraft.(*KVServer).lock(...)
	D:/Go/src/6.824/src/kvraft/server.go:35
6.824/kvraft.(*KVServer).Do(0xc0003bad20, 0xc0009d8c30, 0xc000991a28)
	D:/Go/src/6.824/src/kvraft/server.go:44 +0x79
reflect.Value.call({0xc000052180, 0xc0000b2b28, 0xc000da5b10}, {0xb735ed, 0x4}, {0xc000da5c68, 0x3, 0xc000da5b40})
	D:/ProgramFiles/Go/src/reflect/value.go:543 +0x814
reflect.Value.Call({0xc000052180, 0xc0000b2b28, 0xc000d5dc80}, {0xc000da5c68, 0x3, 0x3})
	D:/ProgramFiles/Go/src/reflect/value.go:339 +0xc5
6.824/labrpc.(*Service).dispatch(0xc0007dd440, {0xb74b22, 0x2}, {{0xb3f780, 0xc00044aa50}, {0xb74b19, 0xb}, {0xbc2520, 0xb473e0}, {0xc00010a370, ...}, ...})
	D:/Go/src/6.824/src/labrpc/labrpc.go:496 +0x39d
6.824/labrpc.(*Server).dispatch(0xc0006bf1e8, {{0xb3f780, 0xc00044aa50}, {0xb74b19, 0xb}, {0xbc2520, 0xb473e0}, {0xc00010a370, 0x5e, 0xa8}, ...})
	D:/Go/src/6.824/src/labrpc/labrpc.go:420 +0x1fe
6.824/labrpc.(*Network).processReq.func1()
	D:/Go/src/6.824/src/labrpc/labrpc.go:240 +0x58
created by 6.824/labrpc.(*Network).processReq
	D:/Go/src/6.824/src/labrpc/labrpc.go:239 +0x1df

goroutine 368997 [runnable]:
6.824/kvraft.(*KVServer).SnapShot·dwrap·16()
	D:/Go/src/6.824/src/kvraft/server.go:107
runtime.goexit()
	D:/ProgramFiles/Go/src/runtime/asm_amd64.s:1581 +0x1
created by 6.824/kvraft.(*KVServer).SnapShot
	D:/Go/src/6.824/src/kvraft/server.go:107 +0x185

goroutine 369020 [runnable]:
6.824/raft.(*Raft).sendMsg·dwrap·14()
	D:/Go/src/6.824/src/raft/raft.go:300
runtime.goexit()
	D:/ProgramFiles/Go/src/runtime/asm_amd64.s:1581 +0x1
created by 6.824/raft.(*Raft).sendMsg
	D:/Go/src/6.824/src/raft/raft.go:300 +0x4a5

goroutine 369010 [runnable]:
6.824/raft.(*Raft).sendMsg·dwrap·14()
	D:/Go/src/6.824/src/raft/raft.go:300
runtime.goexit()
	D:/ProgramFiles/Go/src/runtime/asm_amd64.s:1581 +0x1
created by 6.824/raft.(*Raft).sendMsg
	D:/Go/src/6.824/src/raft/raft.go:300 +0x4a5

goroutine 369011 [runnable]:
6.824/raft.(*Raft).sendMsg·dwrap·14()
	D:/Go/src/6.824/src/raft/raft.go:300
runtime.goexit()
	D:/ProgramFiles/Go/src/runtime/asm_amd64.s:1581 +0x1
created by 6.824/raft.(*Raft).sendMsg
	D:/Go/src/6.824/src/raft/raft.go:300 +0x4a5

goroutine 368932 [select]:
6.824/labrpc.(*Network).processReq(0xc000054f00, {{0xb3f780, 0xc002516900}, {0xb74b19, 0xb}, {0xbc2520, 0xb473e0}, {0xc000347290, 0x5d, 0xa7}, ...})
	D:/Go/src/6.824/src/labrpc/labrpc.go:251 +0x41c
created by 6.824/labrpc.MakeNetwork.func1
	D:/Go/src/6.824/src/labrpc/labrpc.go:157 +0x3e

goroutine 368863 [semacquire]:
bytes.makeSlice(0x82f)
	D:/ProgramFiles/Go/src/bytes/buffer.go:229 +0x65
bytes.(*Buffer).grow(0xc001d4fa70, 0x31b)
	D:/ProgramFiles/Go/src/bytes/buffer.go:142 +0x11f
bytes.(*Buffer).Write(0xc001d4fa70, {0xc000753c06, 0x31b, 0x199})
	D:/ProgramFiles/Go/src/bytes/buffer.go:172 +0x66
encoding/gob.(*Encoder).writeMessage(0xc000d957c0, {0xbba500, 0xc001d4fa70}, 0xc000d957f8)
	D:/ProgramFiles/Go/src/encoding/gob/encoder.go:82 +0x19c
encoding/gob.(*Encoder).EncodeValue(0xc000d957c0, {0xb37900, 0xc0001c7e00, 0xb37900})
	D:/ProgramFiles/Go/src/encoding/gob/encoder.go:253 +0x472
encoding/gob.(*Encoder).Encode(0xb37900, {0xb37900, 0xc0001c7e00})
	D:/ProgramFiles/Go/src/encoding/gob/encoder.go:176 +0xa5
6.824/labgob.(*LabEncoder).Encode(0xc000d5d940, {0xb37900, 0xc0001c7e00})
	D:/Go/src/6.824/src/labgob/labgob.go:34 +0x45
6.824/labrpc.(*ClientEnd).Call(0xc0007c2f60, {0xb758b3, 0xb374c0}, {0xb37900, 0xc0001c7e00}, {0xb37940, 0xc0001d0b50})
	D:/Go/src/6.824/src/labrpc/labrpc.go:93 +0x125
6.824/raft.(*Raft).sendAppendLog(...)
	D:/Go/src/6.824/src/raft/raft.go:460
6.824/raft.(*Raft).sendMsg.func1(0x2)
	D:/Go/src/6.824/src/raft/raft.go:302 +0x90
created by 6.824/raft.(*Raft).sendMsg
	D:/Go/src/6.824/src/raft/raft.go:300 +0x4a5

goroutine 368948 [select]:
6.824/labrpc.(*Network).processReq(0xc000054f00, {{0xb3f780, 0xc000ec6910}, {0xb758b3, 0xe}, {0xbc2520, 0xb37900}, {0xc0014f9500, 0x67f9, 0x6971}, ...})
	D:/Go/src/6.824/src/labrpc/labrpc.go:251 +0x41c
created by 6.824/labrpc.MakeNetwork.func1
	D:/Go/src/6.824/src/labrpc/labrpc.go:157 +0x3e

goroutine 368947 [semacquire]:
6.824/raft.(*Raft).GetRaftStateData(0xc00014c1e0)
	D:/Go/src/6.824/src/raft/raft.go:134 +0x29
6.824/raft.(*Raft).Snapshot(0xc00014c1e0, 0x3031, {0xc0015de000, 0x66ea, 0xcd3f})
	D:/Go/src/6.824/src/raft/raft.go:208 +0x137
created by 6.824/kvraft.(*KVServer).SnapShot
	D:/Go/src/6.824/src/kvraft/server.go:107 +0x185

goroutine 368988 [runnable]:
6.824/raft.(*Raft).sendMsg·dwrap·14()
	D:/Go/src/6.824/src/raft/raft.go:300
runtime.goexit()
	D:/ProgramFiles/Go/src/runtime/asm_amd64.s:1581 +0x1
created by 6.824/raft.(*Raft).sendMsg
	D:/Go/src/6.824/src/raft/raft.go:300 +0x4a5

goroutine 369023 [runnable]:
6.824/raft.(*Raft).sendMsg·dwrap·14()
	D:/Go/src/6.824/src/raft/raft.go:300
runtime.goexit()
	D:/ProgramFiles/Go/src/runtime/asm_amd64.s:1581 +0x1
created by 6.824/raft.(*Raft).sendMsg
	D:/Go/src/6.824/src/raft/raft.go:300 +0x4a5

goroutine 368934 [chan receive]:
6.824/labrpc.(*ClientEnd).Call(0xc00064cda0, {0xb74b19, 0xc000b09ef8}, {0xb473e0, 0xc001d9ac30}, {0xb374c0, 0xc000a09d28})
	D:/Go/src/6.824/src/labrpc/labrpc.go:112 +0x26e
6.824/kvraft.(*Clerk).Execute.func1(0x2)
	D:/Go/src/6.824/src/kvraft/client.go:47 +0x9b
created by 6.824/kvraft.(*Clerk).Execute
	D:/Go/src/6.824/src/kvraft/client.go:45 +0x151

goroutine 368800 [semacquire]:
bytes.makeSlice(0x6971)
	D:/ProgramFiles/Go/src/bytes/buffer.go:229 +0x65
bytes.(*Buffer).grow(0xc000a2d860, 0x6731)
	D:/ProgramFiles/Go/src/bytes/buffer.go:142 +0x11f
bytes.(*Buffer).Write(0xc000a2d860, {0xc001665506, 0x6731, 0x199})
	D:/ProgramFiles/Go/src/bytes/buffer.go:172 +0x66
encoding/gob.(*Encoder).writeMessage(0xc00095c320, {0xbba500, 0xc000a2d860}, 0xc00095c358)
	D:/ProgramFiles/Go/src/encoding/gob/encoder.go:82 +0x19c
encoding/gob.(*Encoder).EncodeValue(0xc00095c320, {0xb37900, 0xc00033f380, 0xb37900})
	D:/ProgramFiles/Go/src/encoding/gob/encoder.go:253 +0x472
encoding/gob.(*Encoder).Encode(0xb37900, {0xb37900, 0xc00033f380})
	D:/ProgramFiles/Go/src/encoding/gob/encoder.go:176 +0xa5
6.824/labgob.(*LabEncoder).Encode(0xc000ad4340, {0xb37900, 0xc00033f380})
	D:/Go/src/6.824/src/labgob/labgob.go:34 +0x45
6.824/labrpc.(*ClientEnd).Call(0xc0007c2f20, {0xb758b3, 0xb03065}, {0xb37900, 0xc00033f380}, {0xb37940, 0xc000db9ee0})
	D:/Go/src/6.824/src/labrpc/labrpc.go:93 +0x125
6.824/raft.(*Raft).sendAppendLog(...)
	D:/Go/src/6.824/src/raft/raft.go:460
6.824/raft.(*Raft).sendMsg.func1(0x0)
	D:/Go/src/6.824/src/raft/raft.go:302 +0x90
created by 6.824/raft.(*Raft).sendMsg
	D:/Go/src/6.824/src/raft/raft.go:300 +0x4a5
exit status 2
FAIL	6.824/kvraft	45.320s
