Test: restarts, snapshots, many clients (3B) ...
runtime: marked free object in span 0x167ed950d50, elemsize=64 freeindex=0 (bad use of unsafe.Pointer? try -d=checkptr)
0xc000212000 free  unmarked
0xc000212040 free  unmarked
0xc000212080 free  unmarked
0xc0002120c0 free  unmarked
0xc000212100 free  unmarked
0xc000212140 free  unmarked
0xc000212180 free  unmarked
0xc0002121c0 free  unmarked
0xc000212200 alloc marked  
0xc000212240 free  unmarked
0xc000212280 alloc marked  
0xc0002122c0 alloc marked  
0xc000212300 alloc marked  
0xc000212340 alloc marked  
0xc000212380 free  unmarked
0xc0002123c0 free  unmarked
0xc000212400 free  unmarked
0xc000212440 free  unmarked
0xc000212480 free  unmarked
0xc0002124c0 free  unmarked
0xc000212500 free  unmarked
0xc000212540 free  unmarked
0xc000212580 free  unmarked
0xc0002125c0 free  unmarked
0xc000212600 free  unmarked
0xc000212640 free  unmarked
0xc000212680 free  unmarked
0xc0002126c0 free  unmarked
0xc000212700 free  unmarked
0xc000212740 free  unmarked
0xc000212780 alloc marked  
0xc0002127c0 free  unmarked
0xc000212800 free  unmarked
0xc000212840 free  unmarked
0xc000212880 free  unmarked
0xc0002128c0 free  unmarked
0xc000212900 alloc marked  
0xc000212940 free  unmarked
0xc000212980 free  unmarked
0xc0002129c0 free  unmarked
0xc000212a00 free  unmarked
0xc000212a40 free  unmarked
0xc000212a80 free  unmarked
0xc000212ac0 free  unmarked
0xc000212b00 free  unmarked
0xc000212b40 free  marked   zombie
0x000000c000212b40:  0x0000000000000003  0x000000c000130e00 
0x000000c000212b50:  0x0000000000000002  0x000000c000130e02 
0x000000c000212b60:  0x0000000000000009  0x1d6f2d69e241c549 
0x000000c000212b70:  0x000000000000004c  0x0000000000000000 
0xc000212b80 alloc marked  
0xc000212bc0 alloc unmarked
0xc000212c00 alloc unmarked
0xc000212c40 alloc unmarked
0xc000212c80 alloc unmarked
0xc000212cc0 alloc unmarked
0xc000212d00 alloc unmarked
0xc000212d40 alloc unmarked
0xc000212d80 alloc unmarked
0xc000212dc0 alloc unmarked
0xc000212e00 alloc unmarked
0xc000212e40 alloc unmarked
0xc000212e80 alloc unmarked
0xc000212ec0 alloc unmarked
0xc000212f00 alloc unmarked
0xc000212f40 alloc unmarked
0xc000212f80 alloc unmarked
0xc000212fc0 alloc unmarked
0xc000213000 alloc unmarked
0xc000213040 alloc unmarked
0xc000213080 alloc unmarked
0xc0002130c0 alloc unmarked
0xc000213100 alloc unmarked
0xc000213140 alloc unmarked
0xc000213180 alloc unmarked
0xc0002131c0 alloc unmarked
0xc000213200 alloc unmarked
0xc000213240 alloc unmarked
0xc000213280 alloc unmarked
0xc0002132c0 alloc unmarked
0xc000213300 alloc unmarked
0xc000213340 alloc unmarked
0xc000213380 alloc unmarked
0xc0002133c0 alloc unmarked
0xc000213400 alloc unmarked
0xc000213440 alloc unmarked
0xc000213480 alloc unmarked
0xc0002134c0 alloc unmarked
0xc000213500 alloc unmarked
0xc000213540 alloc unmarked
0xc000213580 alloc unmarked
0xc0002135c0 alloc unmarked
0xc000213600 alloc unmarked
0xc000213640 alloc unmarked
0xc000213680 alloc unmarked
0xc0002136c0 alloc unmarked
0xc000213700 alloc unmarked
0xc000213740 alloc unmarked
0xc000213780 alloc unmarked
0xc0002137c0 alloc unmarked
0xc000213800 alloc unmarked
0xc000213840 alloc unmarked
0xc000213880 alloc unmarked
0xc0002138c0 alloc unmarked
0xc000213900 alloc unmarked
0xc000213940 alloc unmarked
0xc000213980 alloc unmarked
0xc0002139c0 alloc unmarked
0xc000213a00 alloc unmarked
0xc000213a40 alloc unmarked
0xc000213a80 alloc unmarked
0xc000213ac0 alloc unmarked
0xc000213b00 alloc unmarked
0xc000213b40 alloc unmarked
0xc000213b80 alloc unmarked
0xc000213bc0 alloc unmarked
0xc000213c00 alloc unmarked
0xc000213c40 alloc unmarked
0xc000213c80 alloc unmarked
0xc000213cc0 alloc unmarked
0xc000213d00 alloc unmarked
0xc000213d40 alloc unmarked
0xc000213d80 alloc unmarked
0xc000213dc0 alloc unmarked
0xc000213e00 alloc unmarked
0xc000213e40 alloc unmarked
0xc000213e80 alloc unmarked
0xc000213ec0 alloc unmarked
0xc000213f00 alloc unmarked
0xc000213f40 alloc unmarked
0xc000213f80 alloc unmarked
0xc000213fc0 alloc unmarked
fatal error: found pointer to free object

goroutine 3 [running]:
runtime.throw({0x727311, 0xc000212b80})
	D:/ProgramFiles/Go/src/runtime/panic.go:1198 +0x76 fp=0xc00003bdf0 sp=0xc00003bdc0 pc=0x598e96
runtime.(*mspan).reportZombies(0x167ed950d50)
	D:/ProgramFiles/Go/src/runtime/mgcsweep.go:691 +0x2e5 fp=0xc00003be70 sp=0xc00003bdf0 pc=0x584945
runtime.(*sweepLocked).sweep(0x89aaa0, 0x0)
	D:/ProgramFiles/Go/src/runtime/mgcsweep.go:524 +0x8b2 fp=0xc00003bf40 sp=0xc00003be70 pc=0x584352
runtime.sweepone()
	D:/ProgramFiles/Go/src/runtime/mgcsweep.go:290 +0x109 fp=0xc00003bfb0 sp=0xc00003bf40 pc=0x5834a9
runtime.bgsweep()
	D:/ProgramFiles/Go/src/runtime/mgcsweep.go:166 +0x105 fp=0xc00003bfe0 sp=0xc00003bfb0 pc=0x583365
runtime.goexit()
	D:/ProgramFiles/Go/src/runtime/asm_amd64.s:1581 +0x1 fp=0xc00003bfe8 sp=0xc00003bfe0 pc=0x5c9a61
created by runtime.gcenable
	D:/ProgramFiles/Go/src/runtime/mgc.go:181 +0x55

goroutine 1 [chan receive]:
testing.(*T).Run(0xc00012e340, {0x72866f, 0x5cc313}, 0x735d58)
	D:/ProgramFiles/Go/src/testing/testing.go:1307 +0x375
testing.runTests.func1(0xc00012e340)
	D:/ProgramFiles/Go/src/testing/testing.go:1598 +0x6e
testing.tRunner(0xc00012e340, 0xc00007dd18)
	D:/ProgramFiles/Go/src/testing/testing.go:1259 +0x102
testing.runTests(0xc000136000, {0x87a6e0, 0x2, 0x2}, {0x5ed82d, 0x7228c1, 0x882b60})
	D:/ProgramFiles/Go/src/testing/testing.go:1596 +0x43f
testing.(*M).Run(0xc000136000)
	D:/ProgramFiles/Go/src/testing/testing.go:1504 +0x51d
main.main()
	_testmain.go:45 +0x14b

goroutine 6 [sleep]:
time.Sleep(0x12a05f200)
	D:/ProgramFiles/Go/src/runtime/time.go:193 +0x133
6.824/kvraft.GenericTest(0xc00012e4e0, {0x720203, 0x2}, 0x14, 0x5, 0x0, 0x1, 0x0, 0x3e8, 0x0)
	D:/Go/src/6.824/src/kvraft/test_test.go:298 +0x787
6.824/kvraft.TestSnapshotRecoverManyClients3B(0x0)
	D:/Go/src/6.824/src/kvraft/test_test.go:695 +0x45
testing.tRunner(0xc00012e4e0, 0x735d58)
	D:/ProgramFiles/Go/src/testing/testing.go:1259 +0x102
created by testing.(*T).Run
	D:/ProgramFiles/Go/src/testing/testing.go:1306 +0x35a

goroutine 7 [select]:
6.824/labrpc.MakeNetwork.func1()
	D:/Go/src/6.824/src/labrpc/labrpc.go:153 +0xbe
created by 6.824/labrpc.MakeNetwork
	D:/Go/src/6.824/src/labrpc/labrpc.go:151 +0x17b

goroutine 41246 [chan receive]:
6.824/kvraft.(*KVServer).doExecute(0xc000442a10)
	D:/Go/src/6.824/src/kvraft/server.go:103 +0x76
created by 6.824/kvraft.StartKVServer
	D:/Go/src/6.824/src/kvraft/server.go:173 +0x269

goroutine 73618 [select]:
6.824/labrpc.(*Network).processReq(0xc000054190, {{0x6ec880, 0xc0003b3cf0}, {0x721994, 0xb}, {0x76e9e0, 0x6e4540}, {0xc00026f140, 0x69, 0xb3}, ...})
	D:/Go/src/6.824/src/labrpc/labrpc.go:251 +0x41c
created by 6.824/labrpc.MakeNetwork.func1
	D:/Go/src/6.824/src/labrpc/labrpc.go:157 +0x3e

goroutine 73385 [select]:
6.824/labrpc.(*Network).processReq(0xc000054190, {{0x6ec880, 0xc0002f8220}, {0x721994, 0xb}, {0x76e9e0, 0x6e4540}, {0xc0003568f0, 0x60, 0xaa}, ...})
	D:/Go/src/6.824/src/labrpc/labrpc.go:251 +0x41c
created by 6.824/labrpc.MakeNetwork.func1
	D:/Go/src/6.824/src/labrpc/labrpc.go:157 +0x3e

goroutine 41248 [chan receive]:
6.824/kvraft.(*KVServer).doExecute(0xc0004438f0)
	D:/Go/src/6.824/src/kvraft/server.go:103 +0x76
created by 6.824/kvraft.StartKVServer
	D:/Go/src/6.824/src/kvraft/server.go:173 +0x269

goroutine 73651 [semacquire]:
sync.runtime_SemacquireMutex(0x6ec9c0, 0x3, 0x6d9ab4)
	D:/ProgramFiles/Go/src/runtime/sema.go:71 +0x25
sync.(*Mutex).lockSlow(0xc000442a10)
	D:/ProgramFiles/Go/src/sync/mutex.go:138 +0x165
sync.(*Mutex).Lock(...)
	D:/ProgramFiles/Go/src/sync/mutex.go:81
6.824/kvraft.(*KVServer).Do(0xc000442a10, 0xc00046fd80, 0xc0005dd080)
	D:/Go/src/6.824/src/kvraft/server.go:38 +0x85
reflect.Value.call({0xc000052180, 0xc0004945a0, 0xc000315b10}, {0x720476, 0x4}, {0xc000315c68, 0x3, 0xc000315b40})
	D:/ProgramFiles/Go/src/reflect/value.go:543 +0x814
reflect.Value.Call({0xc000052180, 0xc0004945a0, 0xc000006860}, {0xc000315c68, 0x3, 0x3})
	D:/ProgramFiles/Go/src/reflect/value.go:339 +0xc5
6.824/labrpc.(*Service).dispatch(0xc00046e240, {0x72199d, 0x2}, {{0x6ec880, 0xc0005b00f0}, {0x721994, 0xb}, {0x76e9e0, 0x6e4540}, {0xc0003b8540, ...}, ...})
	D:/Go/src/6.824/src/labrpc/labrpc.go:496 +0x39d
6.824/labrpc.(*Server).dispatch(0xc00053acc0, {{0x6ec880, 0xc0005b00f0}, {0x721994, 0xb}, {0x76e9e0, 0x6e4540}, {0xc0003b8540, 0x69, 0xb3}, ...})
	D:/Go/src/6.824/src/labrpc/labrpc.go:420 +0x1fe
6.824/labrpc.(*Network).processReq.func1()
	D:/Go/src/6.824/src/labrpc/labrpc.go:240 +0x58
created by 6.824/labrpc.(*Network).processReq
	D:/Go/src/6.824/src/labrpc/labrpc.go:239 +0x1df

goroutine 43155 [select]:
6.824/kvraft.(*Clerk).Execute(0xc00019a080, 0xc0006adc68, 0xc0006adc50)
	D:/Go/src/6.824/src/kvraft/client.go:50 +0x22c
6.824/kvraft.(*Clerk).Get(0xc0006adcd8, {0x7299c0, 0x8})
	D:/Go/src/6.824/src/kvraft/client.go:71 +0x137
6.824/kvraft.Get(0xc000146000, 0x2, {0x7299c0, 0x1}, 0xc000044ca0, 0x3)
	D:/Go/src/6.824/src/kvraft/test_test.go:43 +0xbb
6.824/kvraft.GenericTest.func1(0x3, 0xc0000e59b0, 0xc00012e4e0)
	D:/Go/src/6.824/src/kvraft/test_test.go:284 +0x3e5
6.824/kvraft.run_client(0xc0000a4ba0, 0xc000146000, 0x0, 0x2533dccac6b14d3f, 0xc0000b1720)
	D:/Go/src/6.824/src/kvraft/test_test.go:103 +0xe4
created by 6.824/kvraft.spawn_clients_and_wait
	D:/Go/src/6.824/src/kvraft/test_test.go:113 +0x51

goroutine 73548 [semacquire]:
sync.runtime_SemacquireMutex(0x6ec9c0, 0x3, 0x6d9ab4)
	D:/ProgramFiles/Go/src/runtime/sema.go:71 +0x25
sync.(*Mutex).lockSlow(0xc000442a10)
	D:/ProgramFiles/Go/src/sync/mutex.go:138 +0x165
sync.(*Mutex).Lock(...)
	D:/ProgramFiles/Go/src/sync/mutex.go:81
6.824/kvraft.(*KVServer).Do(0xc000442a10, 0xc0004ec700, 0xc0007116f8)
	D:/Go/src/6.824/src/kvraft/server.go:38 +0x85
reflect.Value.call({0xc000052180, 0xc0004945a0, 0xc0001a5b10}, {0x720476, 0x4}, {0xc0001a5c68, 0x3, 0xc0001a5b40})
	D:/ProgramFiles/Go/src/reflect/value.go:543 +0x814
reflect.Value.Call({0xc000052180, 0xc0004945a0, 0xc0002757b0}, {0xc0001a5c68, 0x3, 0x3})
	D:/ProgramFiles/Go/src/reflect/value.go:339 +0xc5
6.824/labrpc.(*Service).dispatch(0xc00046e240, {0x72199d, 0x2}, {{0x6ec880, 0xc0003b3be0}, {0x721994, 0xb}, {0x76e9e0, 0x6e4540}, {0xc0005746e0, ...}, ...})
	D:/Go/src/6.824/src/labrpc/labrpc.go:496 +0x39d
6.824/labrpc.(*Server).dispatch(0xc00053acc0, {{0x6ec880, 0xc0003b3be0}, {0x721994, 0xb}, {0x76e9e0, 0x6e4540}, {0xc0005746e0, 0x5e, 0xa8}, ...})
	D:/Go/src/6.824/src/labrpc/labrpc.go:420 +0x1fe
6.824/labrpc.(*Network).processReq.func1()
	D:/Go/src/6.824/src/labrpc/labrpc.go:240 +0x58
created by 6.824/labrpc.(*Network).processReq
	D:/Go/src/6.824/src/labrpc/labrpc.go:239 +0x1df

goroutine 73557 [semacquire]:
sync.runtime_SemacquireMutex(0x6ec9c0, 0x3, 0x6d9ab4)
	D:/ProgramFiles/Go/src/runtime/sema.go:71 +0x25
sync.(*Mutex).lockSlow(0xc000442a10)
	D:/ProgramFiles/Go/src/sync/mutex.go:138 +0x165
sync.(*Mutex).Lock(...)
	D:/ProgramFiles/Go/src/sync/mutex.go:81
6.824/kvraft.(*KVServer).Do(0xc000442a10, 0xc0004ed580, 0xc000711f80)
	D:/Go/src/6.824/src/kvraft/server.go:38 +0x85
reflect.Value.call({0xc000052180, 0xc0004945a0, 0xc000977b10}, {0x720476, 0x4}, {0xc000977c68, 0x3, 0xc000977b40})
	D:/ProgramFiles/Go/src/reflect/value.go:543 +0x814
reflect.Value.Call({0xc000052180, 0xc0004945a0, 0xc000275ba0}, {0xc000977c68, 0x3, 0x3})
	D:/ProgramFiles/Go/src/reflect/value.go:339 +0xc5
6.824/labrpc.(*Service).dispatch(0xc00046e240, {0x72199d, 0x2}, {{0x6ec880, 0xc0003b3af0}, {0x721994, 0xb}, {0x76e9e0, 0x6e4540}, {0xc000574840, ...}, ...})
	D:/Go/src/6.824/src/labrpc/labrpc.go:496 +0x39d
6.824/labrpc.(*Server).dispatch(0xc00053acc0, {{0x6ec880, 0xc0003b3af0}, {0x721994, 0xb}, {0x76e9e0, 0x6e4540}, {0xc000574840, 0x5f, 0xa9}, ...})
	D:/Go/src/6.824/src/labrpc/labrpc.go:420 +0x1fe
6.824/labrpc.(*Network).processReq.func1()
	D:/Go/src/6.824/src/labrpc/labrpc.go:240 +0x58
created by 6.824/labrpc.(*Network).processReq
	D:/Go/src/6.824/src/labrpc/labrpc.go:239 +0x1df

goroutine 73682 [select]:
6.824/labrpc.(*Network).processReq(0xc000054190, {{0x6ec880, 0xc0002f88c0}, {0x721994, 0xb}, {0x76e9e0, 0x6e4540}, {0xc000670540, 0x6b, 0xb5}, ...})
	D:/Go/src/6.824/src/labrpc/labrpc.go:251 +0x41c
created by 6.824/labrpc.MakeNetwork.func1
	D:/Go/src/6.824/src/labrpc/labrpc.go:157 +0x3e

goroutine 73335 [select]:
6.824/labrpc.(*Network).processReq(0xc000054190, {{0x6ec880, 0xc0005b05d0}, {0x721994, 0xb}, {0x76e9e0, 0x6e4540}, {0xc0005742c0, 0x60, 0xaa}, ...})
	D:/Go/src/6.824/src/labrpc/labrpc.go:251 +0x41c
created by 6.824/labrpc.MakeNetwork.func1
	D:/Go/src/6.824/src/labrpc/labrpc.go:157 +0x3e

goroutine 73451 [select]:
6.824/labrpc.(*Network).processReq(0xc000054190, {{0x6ec880, 0xc0003b3a00}, {0x721994, 0xb}, {0x76e9e0, 0x6e4540}, {0xc00026efc0, 0x6b, 0xb5}, ...})
	D:/Go/src/6.824/src/labrpc/labrpc.go:251 +0x41c
created by 6.824/labrpc.MakeNetwork.func1
	D:/Go/src/6.824/src/labrpc/labrpc.go:157 +0x3e

goroutine 73393 [chan receive]:
6.824/labrpc.(*ClientEnd).Call(0xc0000946a0, {0x721994, 0xdd9}, {0x6e4540, 0xc000176240}, {0x6e44c0, 0xc0004121e0})
	D:/Go/src/6.824/src/labrpc/labrpc.go:112 +0x26e
6.824/kvraft.(*Clerk).Execute.func1(0x0, {0x3, {0x72e8f3, 0x2}, {0xc0003ca1d0, 0x9}, 0x1d6f2d69e241c549, 0x4d})
	D:/Go/src/6.824/src/kvraft/client.go:45 +0x12b
created by 6.824/kvraft.(*Clerk).Execute
	D:/Go/src/6.824/src/kvraft/client.go:43 +0x1c5

goroutine 41247 [sleep]:
time.Sleep(0x119557c0)
	D:/ProgramFiles/Go/src/runtime/time.go:193 +0x133
6.824/raft.(*Raft).electionTicker(0xc0001485a0)
	D:/Go/src/6.824/src/raft/raft.go:612 +0x95
created by 6.824/raft.Make
	D:/Go/src/6.824/src/raft/raft.go:653 +0x27b

goroutine 73555 [chan receive]:
6.824/labrpc.(*ClientEnd).Call(0xc000222220, {0x721994, 0xdc0}, {0x6e4540, 0xc0004ed300}, {0x6e44c0, 0xc000711d70})
	D:/Go/src/6.824/src/labrpc/labrpc.go:112 +0x26e
6.824/kvraft.(*Clerk).Execute.func1(0x0, {0x1, {0x7299bd, 0x1}, {0x0, 0x0}, 0xf0ad7043c116572, 0x4c})
	D:/Go/src/6.824/src/kvraft/client.go:45 +0x12b
created by 6.824/kvraft.(*Clerk).Execute
	D:/Go/src/6.824/src/kvraft/client.go:43 +0x1c5

goroutine 73381 [chan receive]:
6.824/labrpc.(*ClientEnd).Call(0xc000222620, {0x721994, 0xc0006d3f98}, {0x6e4540, 0xc00052bb80}, {0x6e44c0, 0xc00042f908})
	D:/Go/src/6.824/src/labrpc/labrpc.go:112 +0x26e
6.824/kvraft.(*Clerk).Execute.func1(0x4, {0x1, {0x7299c2, 0x1}, {0x0, 0x0}, 0x20fbc5cdef66f7c7, 0x4b})
	D:/Go/src/6.824/src/kvraft/client.go:45 +0x12b
created by 6.824/kvraft.(*Clerk).Execute
	D:/Go/src/6.824/src/kvraft/client.go:43 +0x1c5

goroutine 41268 [chan receive]:
6.824/kvraft.(*KVServer).doExecute(0xc000601c00)
	D:/Go/src/6.824/src/kvraft/server.go:103 +0x76
created by 6.824/kvraft.StartKVServer
	D:/Go/src/6.824/src/kvraft/server.go:173 +0x269

goroutine 41266 [chan receive]:
6.824/kvraft.(*KVServer).doExecute(0xc000600d20)
	D:/Go/src/6.824/src/kvraft/server.go:103 +0x76
created by 6.824/kvraft.StartKVServer
	D:/Go/src/6.824/src/kvraft/server.go:173 +0x269

goroutine 43169 [select]:
6.824/kvraft.(*Clerk).Execute(0xc000464400, 0xc000491c78, 0xc000491c60)
	D:/Go/src/6.824/src/kvraft/client.go:50 +0x22c
6.824/kvraft.(*Clerk).Append(0x9, {0x72e8f1, 0xc000491d50}, {0xc00056ace0, 0xc000491d08})
	D:/Go/src/6.824/src/kvraft/client.go:100 +0x152
6.824/kvraft.Append(0xc000146000, 0x2, {0x72e8f1, 0x2}, {0xc00056ace0, 0x9}, 0xc000044ca0, 0x11)
	D:/Go/src/6.824/src/kvraft/test_test.go:77 +0xd5
6.824/kvraft.GenericTest.func1(0x11, 0xc0000e5c50, 0xc00012e4e0)
	D:/Go/src/6.824/src/kvraft/test_test.go:272 +0x587
6.824/kvraft.run_client(0x2, 0xc000146000, 0x0, 0x2871eb4e9b74efa3, 0xc0000b1720)
	D:/Go/src/6.824/src/kvraft/test_test.go:103 +0xe4
created by 6.824/kvraft.spawn_clients_and_wait
	D:/Go/src/6.824/src/kvraft/test_test.go:113 +0x51

goroutine 43156 [select]:
6.824/kvraft.(*Clerk).Execute(0xc00019a0c0, 0xc0002c9c68, 0xc0002c9c50)
	D:/Go/src/6.824/src/kvraft/client.go:50 +0x22c
6.824/kvraft.(*Clerk).Get(0xc0002c9cd8, {0x7299c1, 0x8})
	D:/Go/src/6.824/src/kvraft/client.go:71 +0x137
6.824/kvraft.Get(0xc000146000, 0x2, {0x7299c1, 0x1}, 0xc000044ca0, 0x4)
	D:/Go/src/6.824/src/kvraft/test_test.go:43 +0xbb
6.824/kvraft.GenericTest.func1(0x4, 0xc0000e59e0, 0xc00012e4e0)
	D:/Go/src/6.824/src/kvraft/test_test.go:284 +0x3e5
6.824/kvraft.run_client(0xc0000a4d20, 0xc000146000, 0xc000096300, 0x3, 0xc0000b1720)
	D:/Go/src/6.824/src/kvraft/test_test.go:103 +0xe4
created by 6.824/kvraft.spawn_clients_and_wait
	D:/Go/src/6.824/src/kvraft/test_test.go:113 +0x51

goroutine 73466 [semacquire]:
sync.runtime_SemacquireMutex(0x6ec9c0, 0x3, 0x6d9ab4)
	D:/ProgramFiles/Go/src/runtime/sema.go:71 +0x25
sync.(*Mutex).lockSlow(0xc000442a10)
	D:/ProgramFiles/Go/src/sync/mutex.go:138 +0x165
sync.(*Mutex).Lock(...)
	D:/ProgramFiles/Go/src/sync/mutex.go:81
6.824/kvraft.(*KVServer).Do(0xc000442a10, 0xc0002105c0, 0xc0005dc4f8)
	D:/Go/src/6.824/src/kvraft/server.go:38 +0x85
reflect.Value.call({0xc000052180, 0xc0004945a0, 0xc0001fdb10}, {0x720476, 0x4}, {0xc0001fdc68, 0x3, 0xc0001fdb40})
	D:/ProgramFiles/Go/src/reflect/value.go:543 +0x814
reflect.Value.Call({0xc000052180, 0xc0004945a0, 0xc0000073c0}, {0xc0001fdc68, 0x3, 0x3})
	D:/ProgramFiles/Go/src/reflect/value.go:339 +0xc5
6.824/labrpc.(*Service).dispatch(0xc00046e240, {0x72199d, 0x2}, {{0x6ec880, 0xc0002f8470}, {0x721994, 0xb}, {0x76e9e0, 0x6e4540}, {0xc0006700c0, ...}, ...})
	D:/Go/src/6.824/src/labrpc/labrpc.go:496 +0x39d
6.824/labrpc.(*Server).dispatch(0xc00053acc0, {{0x6ec880, 0xc0002f8470}, {0x721994, 0xb}, {0x76e9e0, 0x6e4540}, {0xc0006700c0, 0x6b, 0xb5}, ...})
	D:/Go/src/6.824/src/labrpc/labrpc.go:420 +0x1fe
6.824/labrpc.(*Network).processReq.func1()
	D:/Go/src/6.824/src/labrpc/labrpc.go:240 +0x58
created by 6.824/labrpc.(*Network).processReq
	D:/Go/src/6.824/src/labrpc/labrpc.go:239 +0x1df

goroutine 73463 [chan receive]:
6.824/labrpc.(*ClientEnd).Call(0xc0000943a0, {0x721994, 0xc00017d040}, {0x6e4540, 0xc000177b40}, {0x6e44c0, 0xc0005dc258})
	D:/Go/src/6.824/src/labrpc/labrpc.go:112 +0x26e
6.824/kvraft.(*Clerk).Execute.func1(0x2, {0x3, {0x72e8eb, 0x2}, {0xc0005c9970, 0x9}, 0x2f63199ebd889c58, 0x4c})
	D:/Go/src/6.824/src/kvraft/client.go:45 +0x12b
created by 6.824/kvraft.(*Clerk).Execute
	D:/Go/src/6.824/src/kvraft/client.go:43 +0x1c5

goroutine 73338 [select]:
6.824/labrpc.(*Network).processReq(0xc000054190, {{0x6ec880, 0xc0005b02e0}, {0x721994, 0xb}, {0x76e9e0, 0x6e4540}, {0xc0003b8000, 0x69, 0xb3}, ...})
	D:/Go/src/6.824/src/labrpc/labrpc.go:251 +0x41c
created by 6.824/labrpc.MakeNetwork.func1
	D:/Go/src/6.824/src/labrpc/labrpc.go:157 +0x3e

goroutine 73433 [semacquire]:
sync.runtime_SemacquireMutex(0x6ec9c0, 0x3, 0x6d9ab4)
	D:/ProgramFiles/Go/src/runtime/sema.go:71 +0x25
sync.(*Mutex).lockSlow(0xc000442a10)
	D:/ProgramFiles/Go/src/sync/mutex.go:138 +0x165
sync.(*Mutex).Lock(...)
	D:/ProgramFiles/Go/src/sync/mutex.go:81
6.824/kvraft.(*KVServer).Do(0xc000442a10, 0xc0004edf40, 0xc000508df8)
	D:/Go/src/6.824/src/kvraft/server.go:38 +0x85
reflect.Value.call({0xc000052180, 0xc0004945a0, 0xc00023fb10}, {0x720476, 0x4}, {0xc00023fc68, 0x3, 0xc00023fb40})
	D:/ProgramFiles/Go/src/reflect/value.go:543 +0x814
reflect.Value.Call({0xc000052180, 0xc0004945a0, 0xc000494e68}, {0xc00023fc68, 0x3, 0x3})
	D:/ProgramFiles/Go/src/reflect/value.go:339 +0xc5
6.824/labrpc.(*Service).dispatch(0xc00046e240, {0x72199d, 0x2}, {{0x6ec880, 0xc0002f8350}, {0x721994, 0xb}, {0x76e9e0, 0x6e4540}, {0xc00026ec00, ...}, ...})
	D:/Go/src/6.824/src/labrpc/labrpc.go:496 +0x39d
6.824/labrpc.(*Server).dispatch(0xc00053acc0, {{0x6ec880, 0xc0002f8350}, {0x721994, 0xb}, {0x76e9e0, 0x6e4540}, {0xc00026ec00, 0x6b, 0xb5}, ...})
	D:/Go/src/6.824/src/labrpc/labrpc.go:420 +0x1fe
6.824/labrpc.(*Network).processReq.func1()
	D:/Go/src/6.824/src/labrpc/labrpc.go:240 +0x58
created by 6.824/labrpc.(*Network).processReq
	D:/Go/src/6.824/src/labrpc/labrpc.go:239 +0x1df

goroutine 43161 [sleep]:
time.Sleep(0x3e8)
	D:/ProgramFiles/Go/src/runtime/time.go:193 +0x133
6.824/kvraft.(*Clerk).Execute(0xc00019a200, 0xc000269c78, 0xc000269c60)
	D:/Go/src/6.824/src/kvraft/client.go:40 +0x48
6.824/kvraft.(*Clerk).Append(0x8, {0x7299c6, 0xc000269d50}, {0xc000538c08, 0xc000269d08})
	D:/Go/src/6.824/src/kvraft/client.go:100 +0x152
6.824/kvraft.Append(0xc000146000, 0x2, {0x7299c6, 0x1}, {0xc000538c08, 0x8}, 0xc000044ca0, 0x9)
	D:/Go/src/6.824/src/kvraft/test_test.go:77 +0xd5
6.824/kvraft.GenericTest.func1(0x9, 0xc0000e5ad0, 0xc00012e4e0)
	D:/Go/src/6.824/src/kvraft/test_test.go:272 +0x587
6.824/kvraft.run_client(0xc000482000, 0xc000146000, 0x28a, 0xc0000a4c00, 0xc0000b1720)
	D:/Go/src/6.824/src/kvraft/test_test.go:103 +0xe4
created by 6.824/kvraft.spawn_clients_and_wait
	D:/Go/src/6.824/src/kvraft/test_test.go:113 +0x51

goroutine 43170 [select]:
6.824/kvraft.(*Clerk).Execute(0xc000464440, 0xc00062fc78, 0xc00062fc60)
	D:/Go/src/6.824/src/kvraft/client.go:50 +0x22c
6.824/kvraft.(*Clerk).Append(0x9, {0x72e8f3, 0xc00062fd50}, {0xc0003ca1d0, 0xc00062fd08})
	D:/Go/src/6.824/src/kvraft/client.go:100 +0x152
6.824/kvraft.Append(0xc000146000, 0x2, {0x72e8f3, 0x2}, {0xc0003ca1d0, 0x9}, 0xc000044ca0, 0x12)
	D:/Go/src/6.824/src/kvraft/test_test.go:77 +0xd5
6.824/kvraft.GenericTest.func1(0x12, 0xc0000e5c80, 0xc00012e4e0)
	D:/Go/src/6.824/src/kvraft/test_test.go:272 +0x587
6.824/kvraft.run_client(0x1, 0xc000146000, 0x8, 0xbd9c06f13757703, 0xc0000b1720)
	D:/Go/src/6.824/src/kvraft/test_test.go:103 +0xe4
created by 6.824/kvraft.spawn_clients_and_wait
	D:/Go/src/6.824/src/kvraft/test_test.go:113 +0x51

goroutine 73337 [chan receive]:
6.824/labrpc.(*ClientEnd).Call(0xc000222860, {0x721994, 0xc000193f98}, {0x6e4540, 0xc00007d8c0}, {0x6e44c0, 0xc000364450})
	D:/Go/src/6.824/src/labrpc/labrpc.go:112 +0x26e
6.824/kvraft.(*Clerk).Execute.func1(0x1, {0x3, {0x7299c5, 0x1}, {0xc0004f7548, 0x8}, 0x343d44ae788f3bae, 0x4d})
	D:/Go/src/6.824/src/kvraft/client.go:45 +0x12b
created by 6.824/kvraft.(*Clerk).Execute
	D:/Go/src/6.824/src/kvraft/client.go:43 +0x1c5

goroutine 41269 [sleep]:
time.Sleep(0xa6e49c0)
	D:/ProgramFiles/Go/src/runtime/time.go:193 +0x133
6.824/raft.(*Raft).electionTicker(0xc000148870)
	D:/Go/src/6.824/src/raft/raft.go:612 +0x95
created by 6.824/raft.Make
	D:/Go/src/6.824/src/raft/raft.go:653 +0x27b

goroutine 73452 [semacquire]:
sync.runtime_SemacquireMutex(0x6ec9c0, 0x3, 0x6d9ab4)
	D:/ProgramFiles/Go/src/runtime/sema.go:71 +0x25
sync.(*Mutex).lockSlow(0xc000442a10)
	D:/ProgramFiles/Go/src/sync/mutex.go:138 +0x165
sync.(*Mutex).Lock(...)
	D:/ProgramFiles/Go/src/sync/mutex.go:81
6.824/kvraft.(*KVServer).Do(0xc000442a10, 0xc000163000, 0xc00044afd8)
	D:/Go/src/6.824/src/kvraft/server.go:38 +0x85
reflect.Value.call({0xc000052180, 0xc0004945a0, 0xc00076fb10}, {0x720476, 0x4}, {0xc00076fc68, 0x3, 0xc00076fb40})
	D:/ProgramFiles/Go/src/reflect/value.go:543 +0x814
reflect.Value.Call({0xc000052180, 0xc0004945a0, 0xc0005282d8}, {0xc00076fc68, 0x3, 0x3})
	D:/ProgramFiles/Go/src/reflect/value.go:339 +0xc5
6.824/labrpc.(*Service).dispatch(0xc00046e240, {0x72199d, 0x2}, {{0x6ec880, 0xc0003b3a00}, {0x721994, 0xb}, {0x76e9e0, 0x6e4540}, {0xc00026efc0, ...}, ...})
	D:/Go/src/6.824/src/labrpc/labrpc.go:496 +0x39d
6.824/labrpc.(*Server).dispatch(0xc00053acc0, {{0x6ec880, 0xc0003b3a00}, {0x721994, 0xb}, {0x76e9e0, 0x6e4540}, {0xc00026efc0, 0x6b, 0xb5}, ...})
	D:/Go/src/6.824/src/labrpc/labrpc.go:420 +0x1fe
6.824/labrpc.(*Network).processReq.func1()
	D:/Go/src/6.824/src/labrpc/labrpc.go:240 +0x58
created by 6.824/labrpc.(*Network).processReq
	D:/Go/src/6.824/src/labrpc/labrpc.go:239 +0x1df

goroutine 43164 [select]:
6.824/kvraft.(*Clerk).Execute(0xc0004642c0, 0xc000409c68, 0xc000409c50)
	D:/Go/src/6.824/src/kvraft/client.go:50 +0x22c
6.824/kvraft.(*Clerk).Get(0xc000409cd8, {0x72e8e7, 0x9})
	D:/Go/src/6.824/src/kvraft/client.go:71 +0x137
6.824/kvraft.Get(0xc000146000, 0x2, {0x72e8e7, 0x2}, 0xc000044ca0, 0xc)
	D:/Go/src/6.824/src/kvraft/test_test.go:43 +0xbb
6.824/kvraft.GenericTest.func1(0xc, 0xc0000e5b60, 0xc00012e4e0)
	D:/Go/src/6.824/src/kvraft/test_test.go:284 +0x3e5
6.824/kvraft.run_client(0xc0001be580, 0xc000146000, 0x28a, 0xc0000a4240, 0xc0000b1720)
	D:/Go/src/6.824/src/kvraft/test_test.go:103 +0xe4
created by 6.824/kvraft.spawn_clients_and_wait
	D:/Go/src/6.824/src/kvraft/test_test.go:113 +0x51

goroutine 43154 [select]:
6.824/kvraft.(*Clerk).Execute(0xc00019a040, 0xc00040bc78, 0xc00040bc60)
	D:/Go/src/6.824/src/kvraft/client.go:50 +0x22c
6.824/kvraft.(*Clerk).Append(0x8, {0x7299bf, 0xc00040bd50}, {0xc0005381a0, 0xc0005d4240})
	D:/Go/src/6.824/src/kvraft/client.go:100 +0x152
6.824/kvraft.Append(0xc000146000, 0x2, {0x7299bf, 0x1}, {0xc0005381a0, 0x8}, 0xc000044ca0, 0x2)
	D:/Go/src/6.824/src/kvraft/test_test.go:77 +0xd5
6.824/kvraft.GenericTest.func1(0x2, 0xc0000e5980, 0xc00012e4e0)
	D:/Go/src/6.824/src/kvraft/test_test.go:272 +0x587
6.824/kvraft.run_client(0x6bcbb2, 0xc000146000, 0xc00012a720, 0x5, 0xc0000b1720)
	D:/Go/src/6.824/src/kvraft/test_test.go:103 +0xe4
created by 6.824/kvraft.spawn_clients_and_wait
	D:/Go/src/6.824/src/kvraft/test_test.go:113 +0x51

goroutine 41270 [chan receive]:
6.824/kvraft.(*KVServer).doExecute(0xc0003857a0)
	D:/Go/src/6.824/src/kvraft/server.go:103 +0x76
created by 6.824/kvraft.StartKVServer
	D:/Go/src/6.824/src/kvraft/server.go:173 +0x269

goroutine 73573 [select]:
6.824/labrpc.(*Network).processReq(0xc000054190, {{0x6ec880, 0xc0003b3ef0}, {0x721994, 0xb}, {0x76e9e0, 0x6e4540}, {0xc000356210, 0x5f, 0xa9}, ...})
	D:/Go/src/6.824/src/labrpc/labrpc.go:251 +0x41c
created by 6.824/labrpc.MakeNetwork.func1
	D:/Go/src/6.824/src/labrpc/labrpc.go:157 +0x3e

goroutine 73612 [chan receive]:
6.824/labrpc.(*ClientEnd).Call(0xc0000945e0, {0x721994, 0x6ec080}, {0x6e4540, 0xc000464840}, {0x6e44c0, 0xc00053af48})
	D:/Go/src/6.824/src/labrpc/labrpc.go:112 +0x26e
6.824/kvraft.(*Clerk).Execute.func1(0x0, {0x3, {0x72e8f1, 0x2}, {0xc00056ace0, 0x9}, 0x3bd65a78db35c21b, 0x4c})
	D:/Go/src/6.824/src/kvraft/client.go:45 +0x12b
created by 6.824/kvraft.(*Clerk).Execute
	D:/Go/src/6.824/src/kvraft/client.go:43 +0x1c5

goroutine 73384 [chan receive]:
6.824/labrpc.(*ClientEnd).Call(0xc000094220, {0x721994, 0xdcc}, {0x6e4540, 0xc00052bf00}, {0x6e44c0, 0xc00042fc80})
	D:/Go/src/6.824/src/labrpc/labrpc.go:112 +0x26e
6.824/kvraft.(*Clerk).Execute.func1(0x1, {0x1, {0x72e8e7, 0x2}, {0x0, 0x0}, 0x6d8fa473a362731, 0x4b})
	D:/Go/src/6.824/src/kvraft/client.go:45 +0x12b
created by 6.824/kvraft.(*Clerk).Execute
	D:/Go/src/6.824/src/kvraft/client.go:43 +0x1c5

goroutine 73118 [sleep]:
time.Sleep(0x3e8)
	D:/ProgramFiles/Go/src/runtime/time.go:193 +0x133
6.824/kvraft.(*KVServer).Do(0xc000442a10, 0xc00007c200, 0xc000383320)
	D:/Go/src/6.824/src/kvraft/server.go:39 +0x8f
reflect.Value.call({0xc000052180, 0xc0004945a0, 0xc0001ebb10}, {0x720476, 0x4}, {0xc0001ebc68, 0x3, 0xc0001ebb40})
	D:/ProgramFiles/Go/src/reflect/value.go:543 +0x814
reflect.Value.Call({0xc000052180, 0xc0004945a0, 0xc0002027c0}, {0xc0001ebc68, 0x3, 0x3})
	D:/ProgramFiles/Go/src/reflect/value.go:339 +0xc5
6.824/labrpc.(*Service).dispatch(0xc00046e240, {0x72199d, 0x2}, {{0x6ec880, 0xc0002f8660}, {0x721994, 0xb}, {0x76e9e0, 0x6e4540}, {0xc000574210, ...}, ...})
	D:/Go/src/6.824/src/labrpc/labrpc.go:496 +0x39d
6.824/labrpc.(*Server).dispatch(0xc00053acc0, {{0x6ec880, 0xc0002f8660}, {0x721994, 0xb}, {0x76e9e0, 0x6e4540}, {0xc000574210, 0x60, 0xaa}, ...})
	D:/Go/src/6.824/src/labrpc/labrpc.go:420 +0x1fe
6.824/labrpc.(*Network).processReq.func1()
	D:/Go/src/6.824/src/labrpc/labrpc.go:240 +0x58
created by 6.824/labrpc.(*Network).processReq
	D:/Go/src/6.824/src/labrpc/labrpc.go:239 +0x1df

goroutine 43159 [select]:
6.824/kvraft.(*Clerk).Execute(0xc00019a180, 0xc0006b3c68, 0xc0006b3c50)
	D:/Go/src/6.824/src/kvraft/client.go:50 +0x22c
6.824/kvraft.(*Clerk).Get(0xc0006b3cd8, {0x7299c4, 0x8})
	D:/Go/src/6.824/src/kvraft/client.go:71 +0x137
6.824/kvraft.Get(0xc000146000, 0x2, {0x7299c4, 0x1}, 0xc000044ca0, 0x7)
	D:/Go/src/6.824/src/kvraft/test_test.go:43 +0xbb
6.824/kvraft.GenericTest.func1(0x7, 0xc0000e5a70, 0xc00012e4e0)
	D:/Go/src/6.824/src/kvraft/test_test.go:284 +0x3e5
6.824/kvraft.run_client(0xc000089600, 0xc000146000, 0x28a, 0xc00019c6c0, 0xc0000b1720)
	D:/Go/src/6.824/src/kvraft/test_test.go:103 +0xe4
created by 6.824/kvraft.spawn_clients_and_wait
	D:/Go/src/6.824/src/kvraft/test_test.go:113 +0x51

goroutine 43089 [select]:
6.824/kvraft.(*Clerk).Execute(0xc00019a000, 0xc000633c68, 0xc000633c50)
	D:/Go/src/6.824/src/kvraft/client.go:50 +0x22c
6.824/kvraft.(*Clerk).Get(0xc000633cd8, {0x7299be, 0x8})
	D:/Go/src/6.824/src/kvraft/client.go:71 +0x137
6.824/kvraft.Get(0xc000146000, 0x2, {0x7299be, 0x1}, 0xc000044ca0, 0x1)
	D:/Go/src/6.824/src/kvraft/test_test.go:43 +0xbb
6.824/kvraft.GenericTest.func1(0x1, 0xc0000e5950, 0xc00012e4e0)
	D:/Go/src/6.824/src/kvraft/test_test.go:284 +0x3e5
6.824/kvraft.run_client(0xc0000a4c60, 0xc000146000, 0xc000633fd0, 0x6bb98d, 0xc0000b1720)
	D:/Go/src/6.824/src/kvraft/test_test.go:103 +0xe4
created by 6.824/kvraft.spawn_clients_and_wait
	D:/Go/src/6.824/src/kvraft/test_test.go:113 +0x51

goroutine 73328 [chan receive]:
6.824/labrpc.(*ClientEnd).Call(0xc0002229e0, {0x721994, 0xc00029bf98}, {0x6e4540, 0xc00027a500}, {0x6e44c0, 0xc00079e348})
	D:/Go/src/6.824/src/labrpc/labrpc.go:112 +0x26e
6.824/kvraft.(*Clerk).Execute.func1(0x3, {0x3, {0x72e8e3, 0x2}, {0xc0003bc300, 0x9}, 0x99eb073cd6042ec, 0x4a})
	D:/Go/src/6.824/src/kvraft/client.go:45 +0x12b
created by 6.824/kvraft.(*Clerk).Execute
	D:/Go/src/6.824/src/kvraft/client.go:43 +0x1c5

goroutine 73572 [chan receive]:
6.824/labrpc.(*ClientEnd).Call(0xc000222520, {0x721994, 0xdc1}, {0x6e4540, 0xc00052a880}, {0x6e44c0, 0xc00044bef0})
	D:/Go/src/6.824/src/labrpc/labrpc.go:112 +0x26e
6.824/kvraft.(*Clerk).Execute.func1(0x2, {0x1, {0x7299c1, 0x1}, {0x0, 0x0}, 0x2e05d305f795c9bc, 0x4f})
	D:/Go/src/6.824/src/kvraft/client.go:45 +0x12b
created by 6.824/kvraft.(*Clerk).Execute
	D:/Go/src/6.824/src/kvraft/client.go:43 +0x1c5

goroutine 43088 [select]:
6.824/kvraft.(*Clerk).Execute(0xc000177fc0, 0xc000197c68, 0xc000197c50)
	D:/Go/src/6.824/src/kvraft/client.go:50 +0x22c
6.824/kvraft.(*Clerk).Get(0xc000197cd8, {0x7299bd, 0x8})
	D:/Go/src/6.824/src/kvraft/client.go:71 +0x137
6.824/kvraft.Get(0xc000146000, 0x2, {0x7299bd, 0x1}, 0xc000044ca0, 0x0)
	D:/Go/src/6.824/src/kvraft/test_test.go:43 +0xbb
6.824/kvraft.GenericTest.func1(0x0, 0xc0000e5920, 0xc00012e4e0)
	D:/Go/src/6.824/src/kvraft/test_test.go:284 +0x3e5
6.824/kvraft.run_client(0xc000574000, 0xc000146000, 0xaa, 0xc00019c600, 0xc0000b1720)
	D:/Go/src/6.824/src/kvraft/test_test.go:103 +0xe4
created by 6.824/kvraft.spawn_clients_and_wait
	D:/Go/src/6.824/src/kvraft/test_test.go:113 +0x51

goroutine 43163 [select]:
6.824/kvraft.(*Clerk).Execute(0xc00019a280, 0xc0000d3c68, 0xc0000d3c50)
	D:/Go/src/6.824/src/kvraft/client.go:50 +0x22c
6.824/kvraft.(*Clerk).Get(0xc0000d3cd8, {0x72e8e5, 0x9})
	D:/Go/src/6.824/src/kvraft/client.go:71 +0x137
6.824/kvraft.Get(0xc000146000, 0x2, {0x72e8e5, 0x2}, 0xc000044ca0, 0xb)
	D:/Go/src/6.824/src/kvraft/test_test.go:43 +0xbb
6.824/kvraft.GenericTest.func1(0xb, 0xc0000e5b30, 0xc00012e4e0)
	D:/Go/src/6.824/src/kvraft/test_test.go:284 +0x3e5
6.824/kvraft.run_client(0x1, 0xc000146000, 0x0, 0x2533dccac6b14d3f, 0xc0000b1720)
	D:/Go/src/6.824/src/kvraft/test_test.go:103 +0xe4
created by 6.824/kvraft.spawn_clients_and_wait
	D:/Go/src/6.824/src/kvraft/test_test.go:113 +0x51

goroutine 43166 [select]:
6.824/kvraft.(*Clerk).Execute(0xc000464340, 0xc000631c78, 0xc000631c60)
	D:/Go/src/6.824/src/kvraft/client.go:50 +0x22c
6.824/kvraft.(*Clerk).Append(0x9, {0x72e8eb, 0xc000631d50}, {0xc0005c9970, 0xc000093760})
	D:/Go/src/6.824/src/kvraft/client.go:100 +0x152
6.824/kvraft.Append(0xc000146000, 0x2, {0x72e8eb, 0x2}, {0xc0005c9970, 0x9}, 0xc000044ca0, 0xe)
	D:/Go/src/6.824/src/kvraft/test_test.go:77 +0xd5
6.824/kvraft.GenericTest.func1(0xe, 0xc0000e5bc0, 0xc00012e4e0)
	D:/Go/src/6.824/src/kvraft/test_test.go:272 +0x587
6.824/kvraft.run_client(0x2, 0xc000146000, 0x9, 0x1a22da10c4870720, 0xc0000b1720)
	D:/Go/src/6.824/src/kvraft/test_test.go:103 +0xe4
created by 6.824/kvraft.spawn_clients_and_wait
	D:/Go/src/6.824/src/kvraft/test_test.go:113 +0x51

goroutine 73420 [semacquire]:
sync.runtime_SemacquireMutex(0x6ec9c0, 0x3, 0x6d9ab4)
	D:/ProgramFiles/Go/src/runtime/sema.go:71 +0x25
sync.(*Mutex).lockSlow(0xc000442a10)
	D:/ProgramFiles/Go/src/sync/mutex.go:138 +0x165
sync.(*Mutex).Lock(...)
	D:/ProgramFiles/Go/src/sync/mutex.go:81
6.824/kvraft.(*KVServer).Do(0xc000442a10, 0xc000162d00, 0xc00070d218)
	D:/Go/src/6.824/src/kvraft/server.go:38 +0x85
reflect.Value.call({0xc000052180, 0xc0004945a0, 0xc000973b10}, {0x720476, 0x4}, {0xc000973c68, 0x3, 0xc000973b40})
	D:/ProgramFiles/Go/src/reflect/value.go:543 +0x814
reflect.Value.Call({0xc000052180, 0xc0004945a0, 0xc0004941c0}, {0xc000973c68, 0x3, 0x3})
	D:/ProgramFiles/Go/src/reflect/value.go:339 +0xc5
6.824/labrpc.(*Service).dispatch(0xc00046e240, {0x72199d, 0x2}, {{0x6ec880, 0xc0002f8570}, {0x721994, 0xb}, {0x76e9e0, 0x6e4540}, {0xc000574000, ...}, ...})
	D:/Go/src/6.824/src/labrpc/labrpc.go:496 +0x39d
6.824/labrpc.(*Server).dispatch(0xc00053acc0, {{0x6ec880, 0xc0002f8570}, {0x721994, 0xb}, {0x76e9e0, 0x6e4540}, {0xc000574000, 0x60, 0xaa}, ...})
	D:/Go/src/6.824/src/labrpc/labrpc.go:420 +0x1fe
6.824/labrpc.(*Network).processReq.func1()
	D:/Go/src/6.824/src/labrpc/labrpc.go:240 +0x58
created by 6.824/labrpc.(*Network).processReq
	D:/Go/src/6.824/src/labrpc/labrpc.go:239 +0x1df

goroutine 41249 [sleep]:
time.Sleep(0xa6e49c0)
	D:/ProgramFiles/Go/src/runtime/time.go:193 +0x133
6.824/raft.(*Raft).electionTicker(0xc000148690)
	D:/Go/src/6.824/src/raft/raft.go:612 +0x95
created by 6.824/raft.Make
	D:/Go/src/6.824/src/raft/raft.go:653 +0x27b

goroutine 73610 [select]:
6.824/labrpc.(*Network).processReq(0xc000054190, {{0x6ec880, 0xc0005b01f0}, {0x721994, 0xb}, {0x76e9e0, 0x6e4540}, {0xc000574bb0, 0x5f, 0xa9}, ...})
	D:/Go/src/6.824/src/labrpc/labrpc.go:251 +0x41c
created by 6.824/labrpc.MakeNetwork.func1
	D:/Go/src/6.824/src/labrpc/labrpc.go:157 +0x3e

goroutine 43168 [select]:
6.824/kvraft.(*Clerk).Execute(0xc0004643c0, 0xc0006b9c68, 0xc0006b9c50)
	D:/Go/src/6.824/src/kvraft/client.go:50 +0x22c
6.824/kvraft.(*Clerk).Get(0xc0006b9cd8, {0x72e8ef, 0x9})
	D:/Go/src/6.824/src/kvraft/client.go:71 +0x137
6.824/kvraft.Get(0xc000146000, 0x2, {0x72e8ef, 0x2}, 0xc000044ca0, 0x10)
	D:/Go/src/6.824/src/kvraft/test_test.go:43 +0xbb
6.824/kvraft.GenericTest.func1(0x10, 0xc0000e5c20, 0xc00012e4e0)
	D:/Go/src/6.824/src/kvraft/test_test.go:284 +0x3e5
6.824/kvraft.run_client(0x6bcbb2, 0xc000146000, 0xc000138180, 0x6, 0xc0000b1720)
	D:/Go/src/6.824/src/kvraft/test_test.go:103 +0xe4
created by 6.824/kvraft.spawn_clients_and_wait
	D:/Go/src/6.824/src/kvraft/test_test.go:113 +0x51

goroutine 73522 [semacquire]:
sync.runtime_SemacquireMutex(0x6ec9c0, 0x3, 0x6d9ab4)
	D:/ProgramFiles/Go/src/runtime/sema.go:71 +0x25
sync.(*Mutex).lockSlow(0xc000442a10)
	D:/ProgramFiles/Go/src/sync/mutex.go:138 +0x165
sync.(*Mutex).Lock(...)
	D:/ProgramFiles/Go/src/sync/mutex.go:81
6.824/kvraft.(*KVServer).Do(0xc000442a10, 0xc0004820c0, 0xc000382378)
	D:/Go/src/6.824/src/kvraft/server.go:38 +0x85
reflect.Value.call({0xc000052180, 0xc0004945a0, 0xc0001a1b10}, {0x720476, 0x4}, {0xc0001a1c68, 0x3, 0xc0001a1b40})
	D:/ProgramFiles/Go/src/reflect/value.go:543 +0x814
reflect.Value.Call({0xc000052180, 0xc0004945a0, 0xc000494000}, {0xc0001a1c68, 0x3, 0x3})
	D:/ProgramFiles/Go/src/reflect/value.go:339 +0xc5
6.824/labrpc.(*Service).dispatch(0xc00046e240, {0x72199d, 0x2}, {{0x6ec880, 0xc0005b04c0}, {0x721994, 0xb}, {0x76e9e0, 0x6e4540}, {0xc0003b80c0, ...}, ...})
	D:/Go/src/6.824/src/labrpc/labrpc.go:496 +0x39d
6.824/labrpc.(*Server).dispatch(0xc00053acc0, {{0x6ec880, 0xc0005b04c0}, {0x721994, 0xb}, {0x76e9e0, 0x6e4540}, {0xc0003b80c0, 0x6b, 0xb5}, ...})
	D:/Go/src/6.824/src/labrpc/labrpc.go:420 +0x1fe
6.824/labrpc.(*Network).processReq.func1()
	D:/Go/src/6.824/src/labrpc/labrpc.go:240 +0x58
created by 6.824/labrpc.(*Network).processReq
	D:/Go/src/6.824/src/labrpc/labrpc.go:239 +0x1df

goroutine 73619 [semacquire]:
sync.runtime_SemacquireMutex(0x6ec9c0, 0x3, 0x6d9ab4)
	D:/ProgramFiles/Go/src/runtime/sema.go:71 +0x25
sync.(*Mutex).lockSlow(0xc000442a10)
	D:/ProgramFiles/Go/src/sync/mutex.go:138 +0x165
sync.(*Mutex).Lock(...)
	D:/ProgramFiles/Go/src/sync/mutex.go:81
6.824/kvraft.(*KVServer).Do(0xc000442a10, 0xc0004e8b00, 0xc00042e618)
	D:/Go/src/6.824/src/kvraft/server.go:38 +0x85
reflect.Value.call({0xc000052180, 0xc0004945a0, 0xc0001b1b10}, {0x720476, 0x4}, {0xc0001b1c68, 0x3, 0xc0001b1b40})
	D:/ProgramFiles/Go/src/reflect/value.go:543 +0x814
reflect.Value.Call({0xc000052180, 0xc0004945a0, 0xc000529dd0}, {0xc0001b1c68, 0x3, 0x3})
	D:/ProgramFiles/Go/src/reflect/value.go:339 +0xc5
6.824/labrpc.(*Service).dispatch(0xc00046e240, {0x72199d, 0x2}, {{0x6ec880, 0xc0003b3cf0}, {0x721994, 0xb}, {0x76e9e0, 0x6e4540}, {0xc00026f140, ...}, ...})
	D:/Go/src/6.824/src/labrpc/labrpc.go:496 +0x39d
6.824/labrpc.(*Server).dispatch(0xc00053acc0, {{0x6ec880, 0xc0003b3cf0}, {0x721994, 0xb}, {0x76e9e0, 0x6e4540}, {0xc00026f140, 0x69, 0xb3}, ...})
	D:/Go/src/6.824/src/labrpc/labrpc.go:420 +0x1fe
6.824/labrpc.(*Network).processReq.func1()
	D:/Go/src/6.824/src/labrpc/labrpc.go:240 +0x58
created by 6.824/labrpc.(*Network).processReq
	D:/Go/src/6.824/src/labrpc/labrpc.go:239 +0x1df

goroutine 73382 [select]:
6.824/labrpc.(*Network).processReq(0xc000054190, {{0x6ec880, 0xc0003b3ff0}, {0x721994, 0xb}, {0x76e9e0, 0x6e4540}, {0xc0003560b0, 0x5f, 0xa9}, ...})
	D:/Go/src/6.824/src/labrpc/labrpc.go:251 +0x41c
created by 6.824/labrpc.MakeNetwork.func1
	D:/Go/src/6.824/src/labrpc/labrpc.go:157 +0x3e

goroutine 73359 [semacquire]:
sync.runtime_SemacquireMutex(0x6ec9c0, 0x3, 0x6d9ab4)
	D:/ProgramFiles/Go/src/runtime/sema.go:71 +0x25
sync.(*Mutex).lockSlow(0xc000442a10)
	D:/ProgramFiles/Go/src/sync/mutex.go:138 +0x165
sync.(*Mutex).Lock(...)
	D:/ProgramFiles/Go/src/sync/mutex.go:81
6.824/kvraft.(*KVServer).Do(0xc000442a10, 0xc000568280, 0xc00053a270)
	D:/Go/src/6.824/src/kvraft/server.go:38 +0x85
reflect.Value.call({0xc000052180, 0xc0004945a0, 0xc0001f9b10}, {0x720476, 0x4}, {0xc0001f9c68, 0x3, 0xc0001f9b40})
	D:/ProgramFiles/Go/src/reflect/value.go:543 +0x814
reflect.Value.Call({0xc000052180, 0xc0004945a0, 0xc0000060b8}, {0xc0001f9c68, 0x3, 0x3})
	D:/ProgramFiles/Go/src/reflect/value.go:339 +0xc5
6.824/labrpc.(*Service).dispatch(0xc00046e240, {0x72199d, 0x2}, {{0x6ec880, 0xc0003b3de0}, {0x721994, 0xb}, {0x76e9e0, 0x6e4540}, {0xc00005ee70, ...}, ...})
	D:/Go/src/6.824/src/labrpc/labrpc.go:496 +0x39d
6.824/labrpc.(*Server).dispatch(0xc00053acc0, {{0x6ec880, 0xc0003b3de0}, {0x721994, 0xb}, {0x76e9e0, 0x6e4540}, {0xc00005ee70, 0x5f, 0xa9}, ...})
	D:/Go/src/6.824/src/labrpc/labrpc.go:420 +0x1fe
6.824/labrpc.(*Network).processReq.func1()
	D:/Go/src/6.824/src/labrpc/labrpc.go:240 +0x58
created by 6.824/labrpc.(*Network).processReq
	D:/Go/src/6.824/src/labrpc/labrpc.go:239 +0x1df

goroutine 73450 [chan receive]:
6.824/labrpc.(*ClientEnd).Call(0xc000222160, {0x721994, 0x6ec080}, {0x6e4540, 0xc000162cc0}, {0x6e44c0, 0xc00044adf8})
	D:/Go/src/6.824/src/labrpc/labrpc.go:112 +0x26e
6.824/kvraft.(*Clerk).Execute.func1(0x4, {0x3, {0x72e8f5, 0x2}, {0xc0003bc180, 0x9}, 0x190214393e9d491f, 0x4b})
	D:/Go/src/6.824/src/kvraft/client.go:45 +0x12b
created by 6.824/kvraft.(*Clerk).Execute
	D:/Go/src/6.824/src/kvraft/client.go:43 +0x1c5

goroutine 73432 [select]:
6.824/labrpc.(*Network).processReq(0xc000054190, {{0x6ec880, 0xc0002f8350}, {0x721994, 0xb}, {0x76e9e0, 0x6e4540}, {0xc00026ec00, 0x6b, 0xb5}, ...})
	D:/Go/src/6.824/src/labrpc/labrpc.go:251 +0x41c
created by 6.824/labrpc.MakeNetwork.func1
	D:/Go/src/6.824/src/labrpc/labrpc.go:157 +0x3e

goroutine 73556 [select]:
6.824/labrpc.(*Network).processReq(0xc000054190, {{0x6ec880, 0xc0003b3af0}, {0x721994, 0xb}, {0x76e9e0, 0x6e4540}, {0xc000574840, 0x5f, 0xa9}, ...})
	D:/Go/src/6.824/src/labrpc/labrpc.go:251 +0x41c
created by 6.824/labrpc.MakeNetwork.func1
	D:/Go/src/6.824/src/labrpc/labrpc.go:157 +0x3e

goroutine 73649 [chan receive]:
6.824/labrpc.(*ClientEnd).Call(0xc0002226e0, {0x721994, 0xdcb}, {0x6e4540, 0xc00046fb00}, {0x6e44c0, 0xc0005dce58})
	D:/Go/src/6.824/src/labrpc/labrpc.go:112 +0x26e
6.824/kvraft.(*Clerk).Execute.func1(0x0, {0x3, {0x7299c3, 0x1}, {0xc0005c82a0, 0x8}, 0x6f9b6d255c64cda, 0x4f})
	D:/Go/src/6.824/src/kvraft/client.go:45 +0x12b
created by 6.824/kvraft.(*Clerk).Execute
	D:/Go/src/6.824/src/kvraft/client.go:43 +0x1c5

goroutine 73386 [semacquire]:
sync.runtime_SemacquireMutex(0x6ec9c0, 0x3, 0x6d9ab4)
	D:/ProgramFiles/Go/src/runtime/sema.go:71 +0x25
sync.(*Mutex).lockSlow(0xc000442a10)
	D:/ProgramFiles/Go/src/sync/mutex.go:138 +0x165
sync.(*Mutex).Lock(...)
	D:/ProgramFiles/Go/src/sync/mutex.go:81
6.824/kvraft.(*KVServer).Do(0xc000442a10, 0xc00019a440, 0xc00042fe60)
	D:/Go/src/6.824/src/kvraft/server.go:38 +0x85
reflect.Value.call({0xc000052180, 0xc0004945a0, 0xc0005bfb10}, {0x720476, 0x4}, {0xc0005bfc68, 0x3, 0xc0005bfb40})
	D:/ProgramFiles/Go/src/reflect/value.go:543 +0x814
reflect.Value.Call({0xc000052180, 0xc0004945a0, 0xc000528b50}, {0xc0005bfc68, 0x3, 0x3})
	D:/ProgramFiles/Go/src/reflect/value.go:339 +0xc5
6.824/labrpc.(*Service).dispatch(0xc00046e240, {0x72199d, 0x2}, {{0x6ec880, 0xc0002f8220}, {0x721994, 0xb}, {0x76e9e0, 0x6e4540}, {0xc0003568f0, ...}, ...})
	D:/Go/src/6.824/src/labrpc/labrpc.go:496 +0x39d
6.824/labrpc.(*Server).dispatch(0xc00053acc0, {{0x6ec880, 0xc0002f8220}, {0x721994, 0xb}, {0x76e9e0, 0x6e4540}, {0xc0003568f0, 0x60, 0xaa}, ...})
	D:/Go/src/6.824/src/labrpc/labrpc.go:420 +0x1fe
6.824/labrpc.(*Network).processReq.func1()
	D:/Go/src/6.824/src/labrpc/labrpc.go:240 +0x58
created by 6.824/labrpc.(*Network).processReq
	D:/Go/src/6.824/src/labrpc/labrpc.go:239 +0x1df

goroutine 73431 [chan receive]:
6.824/labrpc.(*ClientEnd).Call(0xc0000942e0, {0x721994, 0x6ec080}, {0x6e4540, 0xc0004edcc0}, {0x6e44c0, 0xc000508c00})
	D:/Go/src/6.824/src/labrpc/labrpc.go:112 +0x26e
6.824/kvraft.(*Clerk).Execute.func1(0x1, {0x3, {0x72e8e9, 0x2}, {0xc00056a640, 0x9}, 0x21b2197c5280694d, 0x4d})
	D:/Go/src/6.824/src/kvraft/client.go:45 +0x12b
created by 6.824/kvraft.(*Clerk).Execute
	D:/Go/src/6.824/src/kvraft/client.go:43 +0x1c5

goroutine 43158 [select]:
6.824/kvraft.(*Clerk).Execute(0xc00019a140, 0xc000281c78, 0xc000281c60)
	D:/Go/src/6.824/src/kvraft/client.go:50 +0x22c
6.824/kvraft.(*Clerk).Append(0x8, {0x7299c3, 0xc000281d50}, {0xc0005c82a0, 0xc000092c50})
	D:/Go/src/6.824/src/kvraft/client.go:100 +0x152
6.824/kvraft.Append(0xc000146000, 0x2, {0x7299c3, 0x1}, {0xc0005c82a0, 0x8}, 0xc000044ca0, 0x6)
	D:/Go/src/6.824/src/kvraft/test_test.go:77 +0xd5
6.824/kvraft.GenericTest.func1(0x6, 0xc0000e5a40, 0xc00012e4e0)
	D:/Go/src/6.824/src/kvraft/test_test.go:272 +0x587
6.824/kvraft.run_client(0xc0004f7b90, 0xc000146000, 0xc000281fd0, 0x6bb98d, 0xc0000b1720)
	D:/Go/src/6.824/src/kvraft/test_test.go:103 +0xe4
created by 6.824/kvraft.spawn_clients_and_wait
	D:/Go/src/6.824/src/kvraft/test_test.go:113 +0x51

goroutine 73357 [chan receive]:
6.824/labrpc.(*ClientEnd).Call(0xc000222460, {0x721994, 0xdcc}, {0x6e4540, 0xc000568000}, {0x6e44c0, 0xc00053a090})
	D:/Go/src/6.824/src/labrpc/labrpc.go:112 +0x26e
6.824/kvraft.(*Clerk).Execute.func1(0x0, {0x1, {0x7299c0, 0x1}, {0x0, 0x0}, 0x3451d1c32e7b2c2d, 0x4d})
	D:/Go/src/6.824/src/kvraft/client.go:45 +0x12b
created by 6.824/kvraft.(*Clerk).Execute
	D:/Go/src/6.824/src/kvraft/client.go:43 +0x1c5

goroutine 43160 [select]:
6.824/kvraft.(*Clerk).Execute(0xc00019a1c0, 0xc0000d5c78, 0xc0000d5c60)
	D:/Go/src/6.824/src/kvraft/client.go:50 +0x22c
6.824/kvraft.(*Clerk).Append(0x8, {0x7299c5, 0xc0000d5d50}, {0xc0004f7548, 0xc000205c70})
	D:/Go/src/6.824/src/kvraft/client.go:100 +0x152
6.824/kvraft.Append(0xc000146000, 0x2, {0x7299c5, 0x1}, {0xc0004f7548, 0x8}, 0xc000044ca0, 0x8)
	D:/Go/src/6.824/src/kvraft/test_test.go:77 +0xd5
6.824/kvraft.GenericTest.func1(0x8, 0xc0000e5aa0, 0xc00012e4e0)
	D:/Go/src/6.824/src/kvraft/test_test.go:272 +0x587
6.824/kvraft.run_client(0x0, 0xc000146000, 0xc0000d5fd0, 0x6d4246, 0xc0000b1720)
	D:/Go/src/6.824/src/kvraft/test_test.go:103 +0xe4
created by 6.824/kvraft.spawn_clients_and_wait
	D:/Go/src/6.824/src/kvraft/test_test.go:113 +0x51

goroutine 73329 [select]:
6.824/labrpc.(*Network).processReq(0xc000054190, {{0x6ec880, 0xc0005b04c0}, {0x721994, 0xb}, {0x76e9e0, 0x6e4540}, {0xc0003b80c0, 0x6b, 0xb5}, ...})
	D:/Go/src/6.824/src/labrpc/labrpc.go:251 +0x41c
created by 6.824/labrpc.MakeNetwork.func1
	D:/Go/src/6.824/src/labrpc/labrpc.go:157 +0x3e

goroutine 73611 [semacquire]:
sync.runtime_SemacquireMutex(0x6ec9c0, 0x3, 0x6d9ab4)
	D:/ProgramFiles/Go/src/runtime/sema.go:71 +0x25
sync.(*Mutex).lockSlow(0xc000442a10)
	D:/ProgramFiles/Go/src/sync/mutex.go:138 +0x165
sync.(*Mutex).Lock(...)
	D:/ProgramFiles/Go/src/sync/mutex.go:81
6.824/kvraft.(*KVServer).Do(0xc000442a10, 0xc000464800, 0xc00053aee8)
	D:/Go/src/6.824/src/kvraft/server.go:38 +0x85
reflect.Value.call({0xc000052180, 0xc0004945a0, 0xc0001e7b10}, {0x720476, 0x4}, {0xc0001e7c68, 0x3, 0xc0001e7b40})
	D:/ProgramFiles/Go/src/reflect/value.go:543 +0x814
reflect.Value.Call({0xc000052180, 0xc0004945a0, 0xc0002f54f0}, {0xc0001e7c68, 0x3, 0x3})
	D:/ProgramFiles/Go/src/reflect/value.go:339 +0xc5
6.824/labrpc.(*Service).dispatch(0xc00046e240, {0x72199d, 0x2}, {{0x6ec880, 0xc0005b01f0}, {0x721994, 0xb}, {0x76e9e0, 0x6e4540}, {0xc000574bb0, ...}, ...})
	D:/Go/src/6.824/src/labrpc/labrpc.go:496 +0x39d
6.824/labrpc.(*Server).dispatch(0xc00053acc0, {{0x6ec880, 0xc0005b01f0}, {0x721994, 0xb}, {0x76e9e0, 0x6e4540}, {0xc000574bb0, 0x5f, 0xa9}, ...})
	D:/Go/src/6.824/src/labrpc/labrpc.go:420 +0x1fe
6.824/labrpc.(*Network).processReq.func1()
	D:/Go/src/6.824/src/labrpc/labrpc.go:240 +0x58
created by 6.824/labrpc.(*Network).processReq
	D:/Go/src/6.824/src/labrpc/labrpc.go:239 +0x1df

goroutine 73383 [semacquire]:
sync.runtime_SemacquireMutex(0x6ec9c0, 0x3, 0x6d9ab4)
	D:/ProgramFiles/Go/src/runtime/sema.go:71 +0x25
sync.(*Mutex).lockSlow(0xc000442a10)
	D:/ProgramFiles/Go/src/sync/mutex.go:138 +0x165
sync.(*Mutex).Lock(...)
	D:/ProgramFiles/Go/src/sync/mutex.go:81
6.824/kvraft.(*KVServer).Do(0xc000442a10, 0xc00052be00, 0xc00042fad0)
	D:/Go/src/6.824/src/kvraft/server.go:38 +0x85
reflect.Value.call({0xc000052180, 0xc0004945a0, 0xc0004bbb10}, {0x720476, 0x4}, {0xc0004bbc68, 0x3, 0xc0004bbb40})
	D:/ProgramFiles/Go/src/reflect/value.go:543 +0x814
reflect.Value.Call({0xc000052180, 0xc0004945a0, 0xc000528928}, {0xc0004bbc68, 0x3, 0x3})
	D:/ProgramFiles/Go/src/reflect/value.go:339 +0xc5
6.824/labrpc.(*Service).dispatch(0xc00046e240, {0x72199d, 0x2}, {{0x6ec880, 0xc0003b3ff0}, {0x721994, 0xb}, {0x76e9e0, 0x6e4540}, {0xc0003560b0, ...}, ...})
	D:/Go/src/6.824/src/labrpc/labrpc.go:496 +0x39d
6.824/labrpc.(*Server).dispatch(0xc00053acc0, {{0x6ec880, 0xc0003b3ff0}, {0x721994, 0xb}, {0x76e9e0, 0x6e4540}, {0xc0003560b0, 0x5f, 0xa9}, ...})
	D:/Go/src/6.824/src/labrpc/labrpc.go:420 +0x1fe
6.824/labrpc.(*Network).processReq.func1()
	D:/Go/src/6.824/src/labrpc/labrpc.go:240 +0x58
created by 6.824/labrpc.(*Network).processReq
	D:/Go/src/6.824/src/labrpc/labrpc.go:239 +0x1df

goroutine 73547 [select]:
6.824/labrpc.(*Network).processReq(0xc000054190, {{0x6ec880, 0xc0003b3be0}, {0x721994, 0xb}, {0x76e9e0, 0x6e4540}, {0xc0005746e0, 0x5e, 0xa8}, ...})
	D:/Go/src/6.824/src/labrpc/labrpc.go:251 +0x41c
created by 6.824/labrpc.MakeNetwork.func1
	D:/Go/src/6.824/src/labrpc/labrpc.go:157 +0x3e

goroutine 41267 [sleep]:
time.Sleep(0xfcb9440)
	D:/ProgramFiles/Go/src/runtime/time.go:193 +0x133
6.824/raft.(*Raft).electionTicker(0xc000148780)
	D:/Go/src/6.824/src/raft/raft.go:612 +0x95
created by 6.824/raft.Make
	D:/Go/src/6.824/src/raft/raft.go:653 +0x27b

goroutine 73339 [semacquire]:
sync.runtime_SemacquireMutex(0x6ec9c0, 0x3, 0x6d9ab4)
	D:/ProgramFiles/Go/src/runtime/sema.go:71 +0x25
sync.(*Mutex).lockSlow(0xc000442a10)
	D:/ProgramFiles/Go/src/sync/mutex.go:138 +0x165
sync.(*Mutex).Lock(...)
	D:/ProgramFiles/Go/src/sync/mutex.go:81
6.824/kvraft.(*KVServer).Do(0xc000442a10, 0xc00007db40, 0xc000364630)
	D:/Go/src/6.824/src/kvraft/server.go:38 +0x85
reflect.Value.call({0xc000052180, 0xc0004945a0, 0xc000311b10}, {0x720476, 0x4}, {0xc000311c68, 0x3, 0xc000311b40})
	D:/ProgramFiles/Go/src/reflect/value.go:543 +0x814
reflect.Value.Call({0xc000052180, 0xc0004945a0, 0xc000203150}, {0xc000311c68, 0x3, 0x3})
	D:/ProgramFiles/Go/src/reflect/value.go:339 +0xc5
6.824/labrpc.(*Service).dispatch(0xc00046e240, {0x72199d, 0x2}, {{0x6ec880, 0xc0005b02e0}, {0x721994, 0xb}, {0x76e9e0, 0x6e4540}, {0xc0003b8000, ...}, ...})
	D:/Go/src/6.824/src/labrpc/labrpc.go:496 +0x39d
6.824/labrpc.(*Server).dispatch(0xc00053acc0, {{0x6ec880, 0xc0005b02e0}, {0x721994, 0xb}, {0x76e9e0, 0x6e4540}, {0xc0003b8000, 0x69, 0xb3}, ...})
	D:/Go/src/6.824/src/labrpc/labrpc.go:420 +0x1fe
6.824/labrpc.(*Network).processReq.func1()
	D:/Go/src/6.824/src/labrpc/labrpc.go:240 +0x58
created by 6.824/labrpc.(*Network).processReq
	D:/Go/src/6.824/src/labrpc/labrpc.go:239 +0x1df

goroutine 73614 [semacquire]:
sync.runtime_SemacquireMutex(0x6ec9c0, 0x3, 0x6d9ab4)
	D:/ProgramFiles/Go/src/runtime/sema.go:71 +0x25
sync.(*Mutex).lockSlow(0xc000442a10)
	D:/ProgramFiles/Go/src/sync/mutex.go:138 +0x165
sync.(*Mutex).Lock(...)
	D:/ProgramFiles/Go/src/sync/mutex.go:81
6.824/kvraft.(*KVServer).Do(0xc000442a10, 0xc000464ac0, 0xc00053b1d0)
	D:/Go/src/6.824/src/kvraft/server.go:38 +0x85
reflect.Value.call({0xc000052180, 0xc0004945a0, 0xc0008bdb10}, {0x720476, 0x4}, {0xc0008bdc68, 0x3, 0xc0008bdb40})
	D:/ProgramFiles/Go/src/reflect/value.go:543 +0x814
reflect.Value.Call({0xc000052180, 0xc0004945a0, 0xc0002f5618}, {0xc0008bdc68, 0x3, 0x3})
	D:/ProgramFiles/Go/src/reflect/value.go:339 +0xc5
6.824/labrpc.(*Service).dispatch(0xc00046e240, {0x72199d, 0x2}, {{0x6ec880, 0xc0002f87b0}, {0x721994, 0xb}, {0x76e9e0, 0x6e4540}, {0xc0003b8480, ...}, ...})
	D:/Go/src/6.824/src/labrpc/labrpc.go:496 +0x39d
6.824/labrpc.(*Server).dispatch(0xc00053acc0, {{0x6ec880, 0xc0002f87b0}, {0x721994, 0xb}, {0x76e9e0, 0x6e4540}, {0xc0003b8480, 0x6b, 0xb5}, ...})
	D:/Go/src/6.824/src/labrpc/labrpc.go:420 +0x1fe
6.824/labrpc.(*Network).processReq.func1()
	D:/Go/src/6.824/src/labrpc/labrpc.go:240 +0x58
created by 6.824/labrpc.(*Network).processReq
	D:/Go/src/6.824/src/labrpc/labrpc.go:239 +0x1df

goroutine 73613 [select]:
6.824/labrpc.(*Network).processReq(0xc000054190, {{0x6ec880, 0xc0002f87b0}, {0x721994, 0xb}, {0x76e9e0, 0x6e4540}, {0xc0003b8480, 0x6b, 0xb5}, ...})
	D:/Go/src/6.824/src/labrpc/labrpc.go:251 +0x41c
created by 6.824/labrpc.MakeNetwork.func1
	D:/Go/src/6.824/src/labrpc/labrpc.go:157 +0x3e

goroutine 43171 [select]:
6.824/kvraft.(*Clerk).Execute(0xc000177f80, 0xc00048dc78, 0xc00048dc60)
	D:/Go/src/6.824/src/kvraft/client.go:50 +0x22c
6.824/kvraft.(*Clerk).Append(0x9, {0x72e8f5, 0xc00048dd50}, {0xc0003bc180, 0xc0007165a0})
	D:/Go/src/6.824/src/kvraft/client.go:100 +0x152
6.824/kvraft.Append(0xc000146000, 0x2, {0x72e8f5, 0x2}, {0xc0003bc180, 0x9}, 0xc000044ca0, 0x13)
	D:/Go/src/6.824/src/kvraft/test_test.go:77 +0xd5
6.824/kvraft.GenericTest.func1(0x13, 0xc0000e58c0, 0xc00012e4e0)
	D:/Go/src/6.824/src/kvraft/test_test.go:272 +0x587
6.824/kvraft.run_client(0x6bc4b2, 0xc000146000, 0xc000172100, 0x6, 0xc0000b1720)
	D:/Go/src/6.824/src/kvraft/test_test.go:103 +0xe4
created by 6.824/kvraft.spawn_clients_and_wait
	D:/Go/src/6.824/src/kvraft/test_test.go:113 +0x51

goroutine 41245 [sleep]:
time.Sleep(0xfdad680)
	D:/ProgramFiles/Go/src/runtime/time.go:193 +0x133
6.824/raft.(*Raft).electionTicker(0xc0001484b0)
	D:/Go/src/6.824/src/raft/raft.go:612 +0x95
created by 6.824/raft.Make
	D:/Go/src/6.824/src/raft/raft.go:653 +0x27b

goroutine 73117 [select]:
6.824/labrpc.(*Network).processReq(0xc000054190, {{0x6ec880, 0xc0002f8660}, {0x721994, 0xb}, {0x76e9e0, 0x6e4540}, {0xc000574210, 0x60, 0xaa}, ...})
	D:/Go/src/6.824/src/labrpc/labrpc.go:251 +0x41c
created by 6.824/labrpc.MakeNetwork.func1
	D:/Go/src/6.824/src/labrpc/labrpc.go:157 +0x3e

goroutine 43087 [chan receive]:
6.824/kvraft.spawn_clients_and_wait(0xc00012e4e0, 0xc000146000, 0x14, 0xc0000b1720)
	D:/Go/src/6.824/src/kvraft/test_test.go:117 +0x185
created by 6.824/kvraft.GenericTest
	D:/Go/src/6.824/src/kvraft/test_test.go:253 +0x6bd

goroutine 73601 [chan receive]:
6.824/labrpc.(*ClientEnd).Call(0xc0002223a0, {0x721994, 0xdd9}, {0x6e4540, 0xc0004e8880}, {0x6e44c0, 0xc00042e438})
	D:/Go/src/6.824/src/labrpc/labrpc.go:112 +0x26e
6.824/kvraft.(*Clerk).Execute.func1(0x0, {0x3, {0x7299bf, 0x1}, {0xc0005381a0, 0x8}, 0x33b0fab4da8ddc9f, 0x4e})
	D:/Go/src/6.824/src/kvraft/client.go:45 +0x12b
created by 6.824/kvraft.(*Clerk).Execute
	D:/Go/src/6.824/src/kvraft/client.go:43 +0x1c5

goroutine 73650 [select]:
6.824/labrpc.(*Network).processReq(0xc000054190, {{0x6ec880, 0xc0005b00f0}, {0x721994, 0xb}, {0x76e9e0, 0x6e4540}, {0xc0003b8540, 0x69, 0xb3}, ...})
	D:/Go/src/6.824/src/labrpc/labrpc.go:251 +0x41c
created by 6.824/labrpc.MakeNetwork.func1
	D:/Go/src/6.824/src/labrpc/labrpc.go:157 +0x3e

goroutine 73609 [chan receive]:
6.824/labrpc.(*ClientEnd).Call(0xc0002227a0, {0x721994, 0xdd9}, {0x6e4540, 0xc000464580}, {0x6e44c0, 0xc00053acf0})
	D:/Go/src/6.824/src/labrpc/labrpc.go:112 +0x26e
6.824/kvraft.(*Clerk).Execute.func1(0x0, {0x1, {0x7299c4, 0x1}, {0x0, 0x0}, 0x1522a52fae21c332, 0x4f})
	D:/Go/src/6.824/src/kvraft/client.go:45 +0x12b
created by 6.824/kvraft.(*Clerk).Execute
	D:/Go/src/6.824/src/kvraft/client.go:43 +0x1c5

goroutine 43165 [select]:
6.824/kvraft.(*Clerk).Execute(0xc000464300, 0xc0000d7c78, 0xc0000d7c60)
	D:/Go/src/6.824/src/kvraft/client.go:50 +0x22c
6.824/kvraft.(*Clerk).Append(0x9, {0x72e8e9, 0xc0000d7d50}, {0xc00056a640, 0xc000198a10})
	D:/Go/src/6.824/src/kvraft/client.go:100 +0x152
6.824/kvraft.Append(0xc000146000, 0x2, {0x72e8e9, 0x2}, {0xc00056a640, 0x9}, 0xc000044ca0, 0xd)
	D:/Go/src/6.824/src/kvraft/test_test.go:77 +0xd5
6.824/kvraft.GenericTest.func1(0xd, 0xc0000e5b90, 0xc00012e4e0)
	D:/Go/src/6.824/src/kvraft/test_test.go:272 +0x587
6.824/kvraft.run_client(0xc00019c300, 0xc000146000, 0xc00007ef00, 0xc, 0xc0000b1720)
	D:/Go/src/6.824/src/kvraft/test_test.go:103 +0xe4
created by 6.824/kvraft.spawn_clients_and_wait
	D:/Go/src/6.824/src/kvraft/test_test.go:113 +0x51

goroutine 43157 [select]:
6.824/kvraft.(*Clerk).Execute(0xc00019a100, 0xc000667c68, 0xc000667c50)
	D:/Go/src/6.824/src/kvraft/client.go:50 +0x22c
6.824/kvraft.(*Clerk).Get(0xc000667cd8, {0x7299c2, 0x8})
	D:/Go/src/6.824/src/kvraft/client.go:71 +0x137
6.824/kvraft.Get(0xc000146000, 0x2, {0x7299c2, 0x1}, 0xc000044ca0, 0x5)
	D:/Go/src/6.824/src/kvraft/test_test.go:43 +0xbb
6.824/kvraft.GenericTest.func1(0x5, 0xc0000e5a10, 0xc00012e4e0)
	D:/Go/src/6.824/src/kvraft/test_test.go:284 +0x3e5
6.824/kvraft.run_client(0x6bc4b2, 0xc000146000, 0xc0000aa000, 0x5, 0xc0000b1720)
	D:/Go/src/6.824/src/kvraft/test_test.go:103 +0xe4
created by 6.824/kvraft.spawn_clients_and_wait
	D:/Go/src/6.824/src/kvraft/test_test.go:113 +0x51

goroutine 73418 [chan receive]:
6.824/labrpc.(*ClientEnd).Call(0xc000094460, {0x721994, 0xda8}, {0x6e4540, 0xc000162a80}, {0x6e44c0, 0xc00070d038})
	D:/Go/src/6.824/src/labrpc/labrpc.go:112 +0x26e
6.824/kvraft.(*Clerk).Execute.func1(0x4, {0x1, {0x72e8ed, 0x2}, {0x0, 0x0}, 0x7aa7c8bc5a59f43, 0x4b})
	D:/Go/src/6.824/src/kvraft/client.go:45 +0x12b
created by 6.824/kvraft.(*Clerk).Execute
	D:/Go/src/6.824/src/kvraft/client.go:43 +0x1c5

goroutine 42149 [sleep]:
time.Sleep(0x4c4b400)
	D:/ProgramFiles/Go/src/runtime/time.go:193 +0x133
6.824/raft.(*Raft).heartTicker(0xc0001484b0, 0xc000054190)
	D:/Go/src/6.824/src/raft/raft.go:603 +0x2c
created by 6.824/raft.(*Raft).BeLeader
	D:/Go/src/6.824/src/raft/raft.go:595 +0xcf

goroutine 43167 [select]:
6.824/kvraft.(*Clerk).Execute(0xc000464380, 0xc00062dc68, 0xc00062dc50)
	D:/Go/src/6.824/src/kvraft/client.go:50 +0x22c
6.824/kvraft.(*Clerk).Get(0xc00062dcd8, {0x72e8ed, 0x9})
	D:/Go/src/6.824/src/kvraft/client.go:71 +0x137
6.824/kvraft.Get(0xc000146000, 0x2, {0x72e8ed, 0x2}, 0xc000044ca0, 0xf)
	D:/Go/src/6.824/src/kvraft/test_test.go:43 +0xbb
6.824/kvraft.GenericTest.func1(0xf, 0xc0000e5bf0, 0xc00012e4e0)
	D:/Go/src/6.824/src/kvraft/test_test.go:284 +0x3e5
6.824/kvraft.run_client(0xc000057320, 0xc000146000, 0x28a, 0xc0000562a0, 0xc0000b1720)
	D:/Go/src/6.824/src/kvraft/test_test.go:103 +0xe4
created by 6.824/kvraft.spawn_clients_and_wait
	D:/Go/src/6.824/src/kvraft/test_test.go:113 +0x51

goroutine 73574 [semacquire]:
sync.runtime_SemacquireMutex(0x6ec9c0, 0x3, 0x6d9ab4)
	D:/ProgramFiles/Go/src/runtime/sema.go:71 +0x25
sync.(*Mutex).lockSlow(0xc000442a10)
	D:/ProgramFiles/Go/src/sync/mutex.go:138 +0x165
sync.(*Mutex).Lock(...)
	D:/ProgramFiles/Go/src/sync/mutex.go:81
6.824/kvraft.(*KVServer).Do(0xc000442a10, 0xc00052ab00, 0xc00070c0c0)
	D:/Go/src/6.824/src/kvraft/server.go:38 +0x85
reflect.Value.call({0xc000052180, 0xc0004945a0, 0xc000913b10}, {0x720476, 0x4}, {0xc000913c68, 0x3, 0xc000913b40})
	D:/ProgramFiles/Go/src/reflect/value.go:543 +0x814
reflect.Value.Call({0xc000052180, 0xc0004945a0, 0xc000528b98}, {0xc000913c68, 0x3, 0x3})
	D:/ProgramFiles/Go/src/reflect/value.go:339 +0xc5
6.824/labrpc.(*Service).dispatch(0xc00046e240, {0x72199d, 0x2}, {{0x6ec880, 0xc0003b3ef0}, {0x721994, 0xb}, {0x76e9e0, 0x6e4540}, {0xc000356210, ...}, ...})
	D:/Go/src/6.824/src/labrpc/labrpc.go:496 +0x39d
6.824/labrpc.(*Server).dispatch(0xc00053acc0, {{0x6ec880, 0xc0003b3ef0}, {0x721994, 0xb}, {0x76e9e0, 0x6e4540}, {0xc000356210, 0x5f, 0xa9}, ...})
	D:/Go/src/6.824/src/labrpc/labrpc.go:420 +0x1fe
6.824/labrpc.(*Network).processReq.func1()
	D:/Go/src/6.824/src/labrpc/labrpc.go:240 +0x58
created by 6.824/labrpc.(*Network).processReq
	D:/Go/src/6.824/src/labrpc/labrpc.go:239 +0x1df

goroutine 73419 [select]:
6.824/labrpc.(*Network).processReq(0xc000054190, {{0x6ec880, 0xc0002f8570}, {0x721994, 0xb}, {0x76e9e0, 0x6e4540}, {0xc000574000, 0x60, 0xaa}, ...})
	D:/Go/src/6.824/src/labrpc/labrpc.go:251 +0x41c
created by 6.824/labrpc.MakeNetwork.func1
	D:/Go/src/6.824/src/labrpc/labrpc.go:157 +0x3e

goroutine 73546 [chan receive]:
6.824/labrpc.(*ClientEnd).Call(0xc0002222e0, {0x721994, 0xc00017cb60}, {0x6e4540, 0xc0004ec380}, {0x6e44c0, 0xc0007114e8})
	D:/Go/src/6.824/src/labrpc/labrpc.go:112 +0x26e
6.824/kvraft.(*Clerk).Execute.func1(0x4, {0x1, {0x7299be, 0x1}, {0x0, 0x0}, 0x40c80125836327, 0x4d})
	D:/Go/src/6.824/src/kvraft/client.go:45 +0x12b
created by 6.824/kvraft.(*Clerk).Execute
	D:/Go/src/6.824/src/kvraft/client.go:43 +0x1c5

goroutine 73336 [semacquire]:
sync.runtime_SemacquireMutex(0x6ec9c0, 0x3, 0x6d9ab4)
	D:/ProgramFiles/Go/src/runtime/sema.go:71 +0x25
sync.(*Mutex).lockSlow(0xc000442a10)
	D:/ProgramFiles/Go/src/sync/mutex.go:138 +0x165
sync.(*Mutex).Lock(...)
	D:/ProgramFiles/Go/src/sync/mutex.go:81
6.824/kvraft.(*KVServer).Do(0xc000442a10, 0xc00007d880, 0xc0003643f0)
	D:/Go/src/6.824/src/kvraft/server.go:38 +0x85
reflect.Value.call({0xc000052180, 0xc0004945a0, 0xc0008b9b10}, {0x720476, 0x4}, {0xc0008b9c68, 0x3, 0xc0008b9b40})
	D:/ProgramFiles/Go/src/reflect/value.go:543 +0x814
reflect.Value.Call({0xc000052180, 0xc0004945a0, 0xc000203028}, {0xc0008b9c68, 0x3, 0x3})
	D:/ProgramFiles/Go/src/reflect/value.go:339 +0xc5
6.824/labrpc.(*Service).dispatch(0xc00046e240, {0x72199d, 0x2}, {{0x6ec880, 0xc0005b05d0}, {0x721994, 0xb}, {0x76e9e0, 0x6e4540}, {0xc0005742c0, ...}, ...})
	D:/Go/src/6.824/src/labrpc/labrpc.go:496 +0x39d
6.824/labrpc.(*Server).dispatch(0xc00053acc0, {{0x6ec880, 0xc0005b05d0}, {0x721994, 0xb}, {0x76e9e0, 0x6e4540}, {0xc0005742c0, 0x60, 0xaa}, ...})
	D:/Go/src/6.824/src/labrpc/labrpc.go:420 +0x1fe
6.824/labrpc.(*Network).processReq.func1()
	D:/Go/src/6.824/src/labrpc/labrpc.go:240 +0x58
created by 6.824/labrpc.(*Network).processReq
	D:/Go/src/6.824/src/labrpc/labrpc.go:239 +0x1df

goroutine 43162 [select]:
6.824/kvraft.(*Clerk).Execute(0xc00019a240, 0xc0002d9c78, 0xc0002d9c60)
	D:/Go/src/6.824/src/kvraft/client.go:50 +0x22c
6.824/kvraft.(*Clerk).Append(0x9, {0x72e8e3, 0xc0002d9d50}, {0xc0003bc300, 0xc0006133a0})
	D:/Go/src/6.824/src/kvraft/client.go:100 +0x152
6.824/kvraft.Append(0xc000146000, 0x2, {0x72e8e3, 0x2}, {0xc0003bc300, 0x9}, 0xc000044ca0, 0xa)
	D:/Go/src/6.824/src/kvraft/test_test.go:77 +0xd5
6.824/kvraft.GenericTest.func1(0xa, 0xc0000e5b00, 0xc00012e4e0)
	D:/Go/src/6.824/src/kvraft/test_test.go:272 +0x587
6.824/kvraft.run_client(0xc0006488a0, 0xc000146000, 0xc0002d9fd0, 0x6bb98d, 0xc0000b1720)
	D:/Go/src/6.824/src/kvraft/test_test.go:103 +0xe4
created by 6.824/kvraft.spawn_clients_and_wait
	D:/Go/src/6.824/src/kvraft/test_test.go:113 +0x51

goroutine 73358 [select]:
6.824/labrpc.(*Network).processReq(0xc000054190, {{0x6ec880, 0xc0003b3de0}, {0x721994, 0xb}, {0x76e9e0, 0x6e4540}, {0xc00005ee70, 0x5f, 0xa9}, ...})
	D:/Go/src/6.824/src/labrpc/labrpc.go:251 +0x41c
created by 6.824/labrpc.MakeNetwork.func1
	D:/Go/src/6.824/src/labrpc/labrpc.go:157 +0x3e

goroutine 73465 [select]:
6.824/labrpc.(*Network).processReq(0xc000054190, {{0x6ec880, 0xc0002f8470}, {0x721994, 0xb}, {0x76e9e0, 0x6e4540}, {0xc0006700c0, 0x6b, 0xb5}, ...})
	D:/Go/src/6.824/src/labrpc/labrpc.go:251 +0x41c
created by 6.824/labrpc.MakeNetwork.func1
	D:/Go/src/6.824/src/labrpc/labrpc.go:157 +0x3e

goroutine 73334 [chan receive]:
6.824/labrpc.(*ClientEnd).Call(0xc000222aa0, {0x721994, 0xc0006e9f98}, {0x6e4540, 0xc00007d600}, {0x6e44c0, 0xc000364198})
	D:/Go/src/6.824/src/labrpc/labrpc.go:112 +0x26e
6.824/kvraft.(*Clerk).Execute.func1(0x2, {0x1, {0x72e8e5, 0x2}, {0x0, 0x0}, 0x255c510ad119308, 0x4c})
	D:/Go/src/6.824/src/kvraft/client.go:45 +0x12b
created by 6.824/kvraft.(*Clerk).Execute
	D:/Go/src/6.824/src/kvraft/client.go:43 +0x1c5

goroutine 73683 [semacquire]:
sync.runtime_SemacquireMutex(0x6ec9c0, 0x3, 0x6d9ab4)
	D:/ProgramFiles/Go/src/runtime/sema.go:71 +0x25
sync.(*Mutex).lockSlow(0xc000442a10)
	D:/ProgramFiles/Go/src/sync/mutex.go:138 +0x165
sync.(*Mutex).Lock(...)
	D:/ProgramFiles/Go/src/sync/mutex.go:81
6.824/kvraft.(*KVServer).Do(0xc000442a10, 0xc0001764c0, 0xc0004123c0)
	D:/Go/src/6.824/src/kvraft/server.go:38 +0x85
reflect.Value.call({0xc000052180, 0xc0004945a0, 0xc000691b10}, {0x720476, 0x4}, {0xc000691c68, 0x3, 0xc000691b40})
	D:/ProgramFiles/Go/src/reflect/value.go:543 +0x814
reflect.Value.Call({0xc000052180, 0xc0004945a0, 0xc000202128}, {0xc000691c68, 0x3, 0x3})
	D:/ProgramFiles/Go/src/reflect/value.go:339 +0xc5
6.824/labrpc.(*Service).dispatch(0xc00046e240, {0x72199d, 0x2}, {{0x6ec880, 0xc0002f88c0}, {0x721994, 0xb}, {0x76e9e0, 0x6e4540}, {0xc000670540, ...}, ...})
	D:/Go/src/6.824/src/labrpc/labrpc.go:496 +0x39d
6.824/labrpc.(*Server).dispatch(0xc00053acc0, {{0x6ec880, 0xc0002f88c0}, {0x721994, 0xb}, {0x76e9e0, 0x6e4540}, {0xc000670540, 0x6b, 0xb5}, ...})
	D:/Go/src/6.824/src/labrpc/labrpc.go:420 +0x1fe
6.824/labrpc.(*Network).processReq.func1()
	D:/Go/src/6.824/src/labrpc/labrpc.go:240 +0x58
created by 6.824/labrpc.(*Network).processReq
	D:/Go/src/6.824/src/labrpc/labrpc.go:239 +0x1df

goroutine 73116 [chan receive]:
6.824/labrpc.(*ClientEnd).Call(0xc000094520, {0x721994, 0xc0006f3f98}, {0x6e4540, 0xc00046ff80}, {0x6e44c0, 0xc000383110})
	D:/Go/src/6.824/src/labrpc/labrpc.go:112 +0x26e
6.824/kvraft.(*Clerk).Execute.func1(0x0, {0x1, {0x72e8ef, 0x2}, {0x0, 0x0}, 0x3fdb4797d9f0e5bd, 0x4c})
	D:/Go/src/6.824/src/kvraft/client.go:45 +0x12b
created by 6.824/kvraft.(*Clerk).Execute
	D:/Go/src/6.824/src/kvraft/client.go:43 +0x1c5
exit status 2
FAIL	6.824/kvraft	11.105s
