Test: restarts, snapshots, many clients (3B) ...
runtime: VirtualAlloc of 8192 bytes failed with errno=1455
fatal error: out of memory

runtime stack:
runtime.throw({0x8f2456, 0xc000775000})
	D:/ProgramFiles/Go/src/runtime/panic.go:1198 +0x76
runtime.sysUsed(0xc000774000, 0x2000)
	D:/ProgramFiles/Go/src/runtime/mem_windows.go:83 +0x1c9
runtime.(*mheap).allocSpan(0xa6aaa0, 0x1, 0x0, 0x67)
	D:/ProgramFiles/Go/src/runtime/mheap.go:1268 +0x3a5
runtime.(*mheap).alloc.func1()
	D:/ProgramFiles/Go/src/runtime/mheap.go:913 +0x69
runtime.systemstack()
	D:/ProgramFiles/Go/src/runtime/asm_amd64.s:383 +0x4e

goroutine 86684 [running]:
runtime.systemstack_switch()
	D:/ProgramFiles/Go/src/runtime/asm_amd64.s:350 fp=0xc0002858b8 sp=0xc0002858b0 pc=0x7976e0
runtime.(*mheap).alloc(0x7932b9, 0x8bc9c0, 0xd8, 0x1)
	D:/ProgramFiles/Go/src/runtime/mheap.go:907 +0x73 fp=0xc000285908 sp=0xc0002858b8 pc=0x756793
runtime.(*mcentral).grow(0xc0002859c8)
	D:/ProgramFiles/Go/src/runtime/mcentral.go:241 +0x65 fp=0xc000285950 sp=0xc000285908 pc=0x747d45
runtime.(*mcentral).cacheSpan(0xa7fc20)
	D:/ProgramFiles/Go/src/runtime/mcentral.go:161 +0x69e fp=0xc0002859c8 sp=0xc000285950 pc=0x747b7e
runtime.(*mcache).refill(0x26f653d0598, 0x67)
	D:/ProgramFiles/Go/src/runtime/mcache.go:162 +0xaf fp=0xc000285a18 sp=0xc0002859c8 pc=0x746d8f
runtime.(*mcache).nextFree(0x26f653d0598, 0x67)
	D:/ProgramFiles/Go/src/runtime/malloc.go:880 +0x85 fp=0xc000285a60 sp=0xc000285a18 pc=0x73ce85
runtime.mallocgc(0x1b63, 0x8bca40, 0x1)
	D:/ProgramFiles/Go/src/runtime/malloc.go:1071 +0x4e8 fp=0xc000285ae0 sp=0xc000285a60 pc=0x73d508
runtime.makeslice(0x8c6960, 0xc0005169f0, 0xc000285ba0)
	D:/ProgramFiles/Go/src/runtime/slice.go:98 +0x52 fp=0xc000285b08 sp=0xc000285ae0 pc=0x77d8f2
bytes.makeSlice(0x1b63)
	D:/ProgramFiles/Go/src/bytes/buffer.go:229 +0x65 fp=0xc000285b58 sp=0xc000285b08 pc=0x819705
bytes.(*Buffer).grow(0xc00032ecc0, 0x269)
	D:/ProgramFiles/Go/src/bytes/buffer.go:142 +0x11f fp=0xc000285ba0 sp=0xc000285b58 pc=0x8190bf
bytes.(*Buffer).Write(0xc00032ecc0, {0xc00076c006, 0x269, 0x15})
	D:/ProgramFiles/Go/src/bytes/buffer.go:172 +0x66 fp=0xc000285bd0 sp=0xc000285ba0 pc=0x819326
encoding/gob.(*Encoder).writeMessage(0xc0003acd20, {0x936a20, 0xc00032ecc0}, 0xc0003acd58)
	D:/ProgramFiles/Go/src/encoding/gob/encoder.go:82 +0x19c fp=0xc000285c60 sp=0xc000285bd0 pc=0x877a3c
encoding/gob.(*Encoder).EncodeValue(0xc0003acd20, {0x8c6960, 0xc0005169f0, 0x8c6960})
	D:/ProgramFiles/Go/src/encoding/gob/encoder.go:253 +0x472 fp=0xc000285d30 sp=0xc000285c60 pc=0x878ab2
encoding/gob.(*Encoder).Encode(0x8c6960, {0x8c6960, 0xc0005169f0})
	D:/ProgramFiles/Go/src/encoding/gob/encoder.go:176 +0xa5 fp=0xc000285d70 sp=0xc000285d30 pc=0x878445
6.824/labgob.(*LabEncoder).Encode(0xc000601470, {0x8c6960, 0xc0005169f0})
	D:/Go/src/6.824/src/labgob/labgob.go:34 +0x45 fp=0xc000285d98 sp=0xc000285d70 pc=0x8802c5
6.824/kvraft.(*KVServer).SnapShot(0xc0005292d0, 0xc00061cd80)
	D:/Go/src/6.824/src/kvraft/server.go:87 +0x8d fp=0xc000285de8 sp=0xc000285d98 pc=0x8a37ad
6.824/kvraft.(*KVServer).doExecute(0xc0005292d0)
	D:/Go/src/6.824/src/kvraft/server.go:126 +0x4cb fp=0xc000285fc8 sp=0xc000285de8 pc=0x8a3e6b
6.824/kvraft.StartKVServer·dwrap·17()
	D:/Go/src/6.824/src/kvraft/server.go:173 +0x26 fp=0xc000285fe0 sp=0xc000285fc8 pc=0x8a4246
runtime.goexit()
	D:/ProgramFiles/Go/src/runtime/asm_amd64.s:1581 +0x1 fp=0xc000285fe8 sp=0xc000285fe0 pc=0x799a61
created by 6.824/kvraft.StartKVServer
	D:/Go/src/6.824/src/kvraft/server.go:173 +0x269

goroutine 1 [chan receive]:
testing.(*T).Run(0xc00012e4e0, {0x8f866f, 0x79c313}, 0x905d58)
	D:/ProgramFiles/Go/src/testing/testing.go:1307 +0x375
testing.runTests.func1(0xc00012e4e0)
	D:/ProgramFiles/Go/src/testing/testing.go:1598 +0x6e
testing.tRunner(0xc00012e4e0, 0xc00007dd18)
	D:/ProgramFiles/Go/src/testing/testing.go:1259 +0x102
testing.runTests(0xc000136000, {0xa4a6e0, 0x2, 0x2}, {0x7bd82d, 0x8f28c1, 0xa52b60})
	D:/ProgramFiles/Go/src/testing/testing.go:1596 +0x43f
testing.(*M).Run(0xc000136000)
	D:/ProgramFiles/Go/src/testing/testing.go:1504 +0x51d
main.main()
	_testmain.go:45 +0x14b

goroutine 6 [sleep]:
time.Sleep(0x12a05f200)
	D:/ProgramFiles/Go/src/runtime/time.go:193 +0x133
6.824/kvraft.GenericTest(0xc00012e680, {0x8f0203, 0x2}, 0x14, 0x5, 0x0, 0x1, 0x0, 0x3e8, 0x0)
	D:/Go/src/6.824/src/kvraft/test_test.go:298 +0x787
6.824/kvraft.TestSnapshotRecoverManyClients3B(0x0)
	D:/Go/src/6.824/src/kvraft/test_test.go:695 +0x45
testing.tRunner(0xc00012e680, 0x905d58)
	D:/ProgramFiles/Go/src/testing/testing.go:1259 +0x102
created by testing.(*T).Run
	D:/ProgramFiles/Go/src/testing/testing.go:1306 +0x35a

goroutine 7 [select]:
6.824/labrpc.MakeNetwork.func1()
	D:/Go/src/6.824/src/labrpc/labrpc.go:153 +0xbe
created by 6.824/labrpc.MakeNetwork
	D:/Go/src/6.824/src/labrpc/labrpc.go:151 +0x17b

goroutine 86688 [chan receive]:
6.824/kvraft.(*KVServer).doExecute(0xc00053d0a0)
	D:/Go/src/6.824/src/kvraft/server.go:103 +0x76
created by 6.824/kvraft.StartKVServer
	D:/Go/src/6.824/src/kvraft/server.go:173 +0x269

goroutine 87830 [select]:
6.824/kvraft.(*Clerk).Execute(0xc000196300, 0xc0002a5c68, 0xc0002a5c50)
	D:/Go/src/6.824/src/kvraft/client.go:50 +0x22c
6.824/kvraft.(*Clerk).Get(0xc0002a5cd8, {0x8fe8ed, 0x9})
	D:/Go/src/6.824/src/kvraft/client.go:71 +0x137
6.824/kvraft.Get(0xc000146000, 0x2, {0x8fe8ed, 0x2}, 0xc000044ca0, 0xf)
	D:/Go/src/6.824/src/kvraft/test_test.go:43 +0xbb
6.824/kvraft.GenericTest.func1(0xf, 0xc0007578c0, 0xc00012e680)
	D:/Go/src/6.824/src/kvraft/test_test.go:284 +0x3e5
6.824/kvraft.run_client(0xc0003d46e0, 0xc000146000, 0xc0002a5fd0, 0x88b98d, 0xc0002db630)
	D:/Go/src/6.824/src/kvraft/test_test.go:103 +0xe4
created by 6.824/kvraft.spawn_clients_and_wait
	D:/Go/src/6.824/src/kvraft/test_test.go:113 +0x51

goroutine 102112 [chan receive]:
6.824/labrpc.(*ClientEnd).Call(0xc00026a720, {0x8f1994, 0xc00069bf98}, {0x8b4540, 0xc0005def40}, {0x8b44c0, 0xc0004e2750})
	D:/Go/src/6.824/src/labrpc/labrpc.go:112 +0x26e
6.824/kvraft.(*Clerk).Execute.func1(0x2, {0x1, {0x8fe8f3, 0x2}, {0x0, 0x0}, 0x20ef619245c97dd2, 0x24})
	D:/Go/src/6.824/src/kvraft/client.go:45 +0x12b
created by 6.824/kvraft.(*Clerk).Execute
	D:/Go/src/6.824/src/kvraft/client.go:43 +0x1c5

goroutine 86680 [chan receive]:
6.824/kvraft.(*KVServer).doExecute(0xc000127490)
	D:/Go/src/6.824/src/kvraft/server.go:103 +0x76
created by 6.824/kvraft.StartKVServer
	D:/Go/src/6.824/src/kvraft/server.go:173 +0x269

goroutine 102210 [semacquire]:
sync.runtime_SemacquireMutex(0x8bc9c0, 0x3, 0x8a9ab4)
	D:/ProgramFiles/Go/src/runtime/sema.go:71 +0x25
sync.(*Mutex).lockSlow(0xc000127490)
	D:/ProgramFiles/Go/src/sync/mutex.go:138 +0x165
sync.(*Mutex).Lock(...)
	D:/ProgramFiles/Go/src/sync/mutex.go:81
6.824/kvraft.(*KVServer).Do(0xc000127490, 0xc0005df1c0, 0xc0004e2918)
	D:/Go/src/6.824/src/kvraft/server.go:38 +0x85
reflect.Value.call({0xc000052180, 0xc000007998, 0xc000141b10}, {0x8f0476, 0x4}, {0xc000141c68, 0x3, 0xc000141b40})
	D:/ProgramFiles/Go/src/reflect/value.go:543 +0x814
reflect.Value.Call({0xc000052180, 0xc000007998, 0xc0000078d8}, {0xc000141c68, 0x3, 0x3})
	D:/ProgramFiles/Go/src/reflect/value.go:339 +0xc5
6.824/labrpc.(*Service).dispatch(0xc000196f00, {0x8f199d, 0x2}, {{0x8bc880, 0xc00068edb0}, {0x8f1994, 0xb}, {0x93e9e0, 0x8b4540}, {0xc0000e6e70, ...}, ...})
	D:/Go/src/6.824/src/labrpc/labrpc.go:496 +0x39d
6.824/labrpc.(*Server).dispatch(0xc000608ba0, {{0x8bc880, 0xc00068edb0}, {0x8f1994, 0xb}, {0x93e9e0, 0x8b4540}, {0xc0000e6e70, 0x60, 0xaa}, ...})
	D:/Go/src/6.824/src/labrpc/labrpc.go:420 +0x1fe
6.824/labrpc.(*Network).processReq.func1()
	D:/Go/src/6.824/src/labrpc/labrpc.go:240 +0x58
created by 6.824/labrpc.(*Network).processReq
	D:/Go/src/6.824/src/labrpc/labrpc.go:239 +0x1df

goroutine 87815 [select]:
6.824/kvraft.(*Clerk).Execute(0xc00009b9c0, 0xc0002ebc68, 0xc0002ebc50)
	D:/Go/src/6.824/src/kvraft/client.go:50 +0x22c
6.824/kvraft.(*Clerk).Get(0xc0002ebcd8, {0x8f99bd, 0x8})
	D:/Go/src/6.824/src/kvraft/client.go:71 +0x137
6.824/kvraft.Get(0xc000146000, 0x2, {0x8f99bd, 0x1}, 0xc000044ca0, 0x0)
	D:/Go/src/6.824/src/kvraft/test_test.go:43 +0xbb
6.824/kvraft.GenericTest.func1(0x0, 0xc000757680, 0xc00012e680)
	D:/Go/src/6.824/src/kvraft/test_test.go:284 +0x3e5
6.824/kvraft.run_client(0x88c4b2, 0xc000146000, 0xc000124a80, 0x5, 0xc0002db630)
	D:/Go/src/6.824/src/kvraft/test_test.go:103 +0xe4
created by 6.824/kvraft.spawn_clients_and_wait
	D:/Go/src/6.824/src/kvraft/test_test.go:113 +0x51

goroutine 87829 [select]:
6.824/kvraft.(*Clerk).Execute(0xc0001962c0, 0xc000651c78, 0xc000651c60)
	D:/Go/src/6.824/src/kvraft/client.go:50 +0x22c
6.824/kvraft.(*Clerk).Append(0x9, {0x8fe8eb, 0xc000651d50}, {0xc0002d6580, 0xc000651d08})
	D:/Go/src/6.824/src/kvraft/client.go:100 +0x152
6.824/kvraft.Append(0xc000146000, 0x2, {0x8fe8eb, 0x2}, {0xc0002d6580, 0x9}, 0xc000044ca0, 0xe)
	D:/Go/src/6.824/src/kvraft/test_test.go:77 +0xd5
6.824/kvraft.GenericTest.func1(0xe, 0xc000757890, 0xc00012e680)
	D:/Go/src/6.824/src/kvraft/test_test.go:272 +0x587
6.824/kvraft.run_client(0xc0000c29c0, 0xc000146000, 0xc000651fd0, 0x88b98d, 0xc0002db630)
	D:/Go/src/6.824/src/kvraft/test_test.go:103 +0xe4
created by 6.824/kvraft.spawn_clients_and_wait
	D:/Go/src/6.824/src/kvraft/test_test.go:113 +0x51

goroutine 86686 [chan receive]:
6.824/kvraft.(*KVServer).doExecute(0xc00053c1c0)
	D:/Go/src/6.824/src/kvraft/server.go:103 +0x76
created by 6.824/kvraft.StartKVServer
	D:/Go/src/6.824/src/kvraft/server.go:173 +0x269

goroutine 102439 [chan receive]:
6.824/labrpc.(*ClientEnd).Call(0xc0004c74a0, {0x8f1994, 0xc000533f98}, {0x8b4540, 0xc00060e640}, {0x8b44c0, 0xc0003afad0})
	D:/Go/src/6.824/src/labrpc/labrpc.go:112 +0x26e
6.824/kvraft.(*Clerk).Execute.func1(0x2, {0x1, {0x8f99c5, 0x1}, {0x0, 0x0}, 0x3115e5771b65b735, 0x27})
	D:/Go/src/6.824/src/kvraft/client.go:45 +0x12b
created by 6.824/kvraft.(*Clerk).Execute
	D:/Go/src/6.824/src/kvraft/client.go:43 +0x1c5

goroutine 86682 [chan receive]:
6.824/kvraft.(*KVServer).doExecute(0xc0005283f0)
	D:/Go/src/6.824/src/kvraft/server.go:103 +0x76
created by 6.824/kvraft.StartKVServer
	D:/Go/src/6.824/src/kvraft/server.go:173 +0x269

goroutine 87826 [select]:
6.824/kvraft.(*Clerk).Execute(0xc000196080, 0xc00069fc78, 0xc00069fc60)
	D:/Go/src/6.824/src/kvraft/client.go:50 +0x22c
6.824/kvraft.(*Clerk).Append(0x9, {0x8fe8e5, 0xc00069fd50}, {0xc0002c1c30, 0xc000818960})
	D:/Go/src/6.824/src/kvraft/client.go:100 +0x152
6.824/kvraft.Append(0xc000146000, 0x2, {0x8fe8e5, 0x2}, {0xc0002c1c30, 0x9}, 0xc000044ca0, 0xb)
	D:/Go/src/6.824/src/kvraft/test_test.go:77 +0xd5
6.824/kvraft.GenericTest.func1(0xb, 0xc00024c720, 0xc00012e680)
	D:/Go/src/6.824/src/kvraft/test_test.go:272 +0x587
6.824/kvraft.run_client(0xc0003a1c00, 0xc000146000, 0xc00069ffd0, 0x88b98d, 0xc0002db630)
	D:/Go/src/6.824/src/kvraft/test_test.go:103 +0xe4
created by 6.824/kvraft.spawn_clients_and_wait
	D:/Go/src/6.824/src/kvraft/test_test.go:113 +0x51

goroutine 102292 [semacquire]:
sync.runtime_SemacquireMutex(0x8bc9c0, 0x3, 0x8a9ab4)
	D:/ProgramFiles/Go/src/runtime/sema.go:71 +0x25
sync.(*Mutex).lockSlow(0xc000127490)
	D:/ProgramFiles/Go/src/sync/mutex.go:138 +0x165
sync.(*Mutex).Lock(...)
	D:/ProgramFiles/Go/src/sync/mutex.go:81
6.824/kvraft.(*KVServer).Do(0xc000127490, 0xc0004107c0, 0xc0004e3ae8)
	D:/Go/src/6.824/src/kvraft/server.go:38 +0x85
reflect.Value.call({0xc000052180, 0xc000007998, 0xc0000adb10}, {0x8f0476, 0x4}, {0xc0000adc68, 0x3, 0xc0000adb40})
	D:/ProgramFiles/Go/src/reflect/value.go:543 +0x814
reflect.Value.Call({0xc000052180, 0xc000007998, 0xc0004d4720}, {0xc0000adc68, 0x3, 0x3})
	D:/ProgramFiles/Go/src/reflect/value.go:339 +0xc5
6.824/labrpc.(*Service).dispatch(0xc000196f00, {0x8f199d, 0x2}, {{0x8bc880, 0xc00068e0a0}, {0x8f1994, 0xb}, {0x93e9e0, 0x8b4540}, {0xc0005f0240, ...}, ...})
	D:/Go/src/6.824/src/labrpc/labrpc.go:496 +0x39d
6.824/labrpc.(*Server).dispatch(0xc000608ba0, {{0x8bc880, 0xc00068e0a0}, {0x8f1994, 0xb}, {0x93e9e0, 0x8b4540}, {0xc0005f0240, 0x69, 0xb3}, ...})
	D:/Go/src/6.824/src/labrpc/labrpc.go:420 +0x1fe
6.824/labrpc.(*Network).processReq.func1()
	D:/Go/src/6.824/src/labrpc/labrpc.go:240 +0x58
created by 6.824/labrpc.(*Network).processReq
	D:/Go/src/6.824/src/labrpc/labrpc.go:239 +0x1df

goroutine 102177 [select]:
6.824/labrpc.(*Network).processReq(0xc000054190, {{0x8bc880, 0xc00020ccc0}, {0x8f1994, 0xb}, {0x93e9e0, 0x8b4540}, {0xc00066e240, 0x69, 0xb3}, ...})
	D:/Go/src/6.824/src/labrpc/labrpc.go:251 +0x41c
created by 6.824/labrpc.MakeNetwork.func1
	D:/Go/src/6.824/src/labrpc/labrpc.go:157 +0x3e

goroutine 87823 [select]:
6.824/kvraft.(*Clerk).Execute(0xc00009b940, 0xc0009d9c68, 0xc0009d9c50)
	D:/Go/src/6.824/src/kvraft/client.go:50 +0x22c
6.824/kvraft.(*Clerk).Get(0xc0009d9cd8, {0x8f99c5, 0x8})
	D:/Go/src/6.824/src/kvraft/client.go:71 +0x137
6.824/kvraft.Get(0xc000146000, 0x2, {0x8f99c5, 0x1}, 0xc000044ca0, 0x8)
	D:/Go/src/6.824/src/kvraft/test_test.go:43 +0xbb
6.824/kvraft.GenericTest.func1(0x8, 0xc000757440, 0xc00012e680)
	D:/Go/src/6.824/src/kvraft/test_test.go:284 +0x3e5
6.824/kvraft.run_client(0xc000464fe0, 0xc000146000, 0xc0009d9fd0, 0x88b98d, 0xc0002db630)
	D:/Go/src/6.824/src/kvraft/test_test.go:103 +0xe4
created by 6.824/kvraft.spawn_clients_and_wait
	D:/Go/src/6.824/src/kvraft/test_test.go:113 +0x51

goroutine 102313 [semacquire]:
sync.runtime_SemacquireMutex(0x8bc9c0, 0x3, 0x8a9ab4)
	D:/ProgramFiles/Go/src/runtime/sema.go:71 +0x25
sync.(*Mutex).lockSlow(0xc000127490)
	D:/ProgramFiles/Go/src/sync/mutex.go:138 +0x165
sync.(*Mutex).Lock(...)
	D:/ProgramFiles/Go/src/sync/mutex.go:81
6.824/kvraft.(*KVServer).Do(0xc000127490, 0xc000213a80, 0xc0000b9830)
	D:/Go/src/6.824/src/kvraft/server.go:38 +0x85
reflect.Value.call({0xc000052180, 0xc000007998, 0xc000789b10}, {0x8f0476, 0x4}, {0xc000789c68, 0x3, 0xc000789b40})
	D:/ProgramFiles/Go/src/reflect/value.go:543 +0x814
reflect.Value.Call({0xc000052180, 0xc000007998, 0xc0004d53d0}, {0xc000789c68, 0x3, 0x3})
	D:/ProgramFiles/Go/src/reflect/value.go:339 +0xc5
6.824/labrpc.(*Service).dispatch(0xc000196f00, {0x8f199d, 0x2}, {{0x8bc880, 0xc00020cab0}, {0x8f1994, 0xb}, {0x93e9e0, 0x8b4540}, {0xc0005f0300, ...}, ...})
	D:/Go/src/6.824/src/labrpc/labrpc.go:496 +0x39d
6.824/labrpc.(*Server).dispatch(0xc000608ba0, {{0x8bc880, 0xc00020cab0}, {0x8f1994, 0xb}, {0x93e9e0, 0x8b4540}, {0xc0005f0300, 0x69, 0xb3}, ...})
	D:/Go/src/6.824/src/labrpc/labrpc.go:420 +0x1fe
6.824/labrpc.(*Network).processReq.func1()
	D:/Go/src/6.824/src/labrpc/labrpc.go:240 +0x58
created by 6.824/labrpc.(*Network).processReq
	D:/Go/src/6.824/src/labrpc/labrpc.go:239 +0x1df

goroutine 102397 [chan receive]:
6.824/labrpc.(*ClientEnd).Call(0xc0004c7620, {0x8f1994, 0x8d6480}, {0x8b4540, 0xc00051b140}, {0x8b44c0, 0xc000549f80})
	D:/Go/src/6.824/src/labrpc/labrpc.go:112 +0x26e
6.824/kvraft.(*Clerk).Execute.func1(0x2, {0x1, {0x8f99bd, 0x1}, {0x0, 0x0}, 0x12b15ff8d95de1ef, 0x26})
	D:/Go/src/6.824/src/kvraft/client.go:45 +0x12b
created by 6.824/kvraft.(*Clerk).Execute
	D:/Go/src/6.824/src/kvraft/client.go:43 +0x1c5

goroutine 102164 [select]:
6.824/labrpc.(*Network).processReq(0xc000054190, {{0x8bc880, 0xc00068e9e0}, {0x8f1994, 0xb}, {0x93e9e0, 0x8b4540}, {0xc00077a580, 0x60, 0xaa}, ...})
	D:/Go/src/6.824/src/labrpc/labrpc.go:251 +0x41c
created by 6.824/labrpc.MakeNetwork.func1
	D:/Go/src/6.824/src/labrpc/labrpc.go:157 +0x3e

goroutine 102325 [semacquire]:
sync.runtime_SemacquireMutex(0x8bc9c0, 0x3, 0x8a9ab4)
	D:/ProgramFiles/Go/src/runtime/sema.go:71 +0x25
sync.(*Mutex).lockSlow(0xc000127490)
	D:/ProgramFiles/Go/src/sync/mutex.go:138 +0x165
sync.(*Mutex).Lock(...)
	D:/ProgramFiles/Go/src/sync/mutex.go:81
6.824/kvraft.(*KVServer).Do(0xc000127490, 0xc00009bb40, 0xc000548378)
	D:/Go/src/6.824/src/kvraft/server.go:38 +0x85
reflect.Value.call({0xc000052180, 0xc000007998, 0xc00016fb10}, {0x8f0476, 0x4}, {0xc00016fc68, 0x3, 0xc00016fb40})
	D:/ProgramFiles/Go/src/reflect/value.go:543 +0x814
reflect.Value.Call({0xc000052180, 0xc000007998, 0xc000601348}, {0xc00016fc68, 0x3, 0x3})
	D:/ProgramFiles/Go/src/reflect/value.go:339 +0xc5
6.824/labrpc.(*Service).dispatch(0xc000196f00, {0x8f199d, 0x2}, {{0x8bc880, 0xc000603350}, {0x8f1994, 0xb}, {0x93e9e0, 0x8b4540}, {0xc00066f500, ...}, ...})
	D:/Go/src/6.824/src/labrpc/labrpc.go:496 +0x39d
6.824/labrpc.(*Server).dispatch(0xc000608ba0, {{0x8bc880, 0xc000603350}, {0x8f1994, 0xb}, {0x93e9e0, 0x8b4540}, {0xc00066f500, 0x6b, 0xb5}, ...})
	D:/Go/src/6.824/src/labrpc/labrpc.go:420 +0x1fe
6.824/labrpc.(*Network).processReq.func1()
	D:/Go/src/6.824/src/labrpc/labrpc.go:240 +0x58
created by 6.824/labrpc.(*Network).processReq
	D:/Go/src/6.824/src/labrpc/labrpc.go:239 +0x1df

goroutine 102121 [semacquire]:
sync.runtime_SemacquireMutex(0x8bc9c0, 0x3, 0x8a9ab4)
	D:/ProgramFiles/Go/src/runtime/sema.go:71 +0x25
sync.(*Mutex).lockSlow(0xc000127490)
	D:/ProgramFiles/Go/src/sync/mutex.go:138 +0x165
sync.(*Mutex).Lock(...)
	D:/ProgramFiles/Go/src/sync/mutex.go:81
6.824/kvraft.(*KVServer).Do(0xc000127490, 0xc0004cf300, 0xc000402ee8)
	D:/Go/src/6.824/src/kvraft/server.go:38 +0x85
reflect.Value.call({0xc000052180, 0xc000007998, 0xc000173b10}, {0x8f0476, 0x4}, {0xc000173c68, 0x3, 0xc000173b40})
	D:/ProgramFiles/Go/src/reflect/value.go:543 +0x814
reflect.Value.Call({0xc000052180, 0xc000007998, 0xc000398548}, {0xc000173c68, 0x3, 0x3})
	D:/ProgramFiles/Go/src/reflect/value.go:339 +0xc5
6.824/labrpc.(*Service).dispatch(0xc000196f00, {0x8f199d, 0x2}, {{0x8bc880, 0xc00068e8c0}, {0x8f1994, 0xb}, {0x93e9e0, 0x8b4540}, {0xc00023c3c0, ...}, ...})
	D:/Go/src/6.824/src/labrpc/labrpc.go:496 +0x39d
6.824/labrpc.(*Server).dispatch(0xc000608ba0, {{0x8bc880, 0xc00068e8c0}, {0x8f1994, 0xb}, {0x93e9e0, 0x8b4540}, {0xc00023c3c0, 0x6b, 0xb5}, ...})
	D:/Go/src/6.824/src/labrpc/labrpc.go:420 +0x1fe
6.824/labrpc.(*Network).processReq.func1()
	D:/Go/src/6.824/src/labrpc/labrpc.go:240 +0x58
created by 6.824/labrpc.(*Network).processReq
	D:/Go/src/6.824/src/labrpc/labrpc.go:239 +0x1df

goroutine 87816 [sleep]:
time.Sleep(0x3e8)
	D:/ProgramFiles/Go/src/runtime/time.go:193 +0x133
6.824/kvraft.(*Clerk).Execute(0xc0001963c0, 0xc000317c68, 0xc000317c50)
	D:/Go/src/6.824/src/kvraft/client.go:40 +0x48
6.824/kvraft.(*Clerk).Get(0xc000317cd8, {0x8f99be, 0x8})
	D:/Go/src/6.824/src/kvraft/client.go:71 +0x137
6.824/kvraft.Get(0xc000146000, 0x2, {0x8f99be, 0x1}, 0xc000044ca0, 0x1)
	D:/Go/src/6.824/src/kvraft/test_test.go:43 +0xbb
6.824/kvraft.GenericTest.func1(0x1, 0xc000757920, 0xc00012e680)
	D:/Go/src/6.824/src/kvraft/test_test.go:284 +0x3e5
6.824/kvraft.run_client(0x0, 0xc000146000, 0xc000317fd0, 0x8a4246, 0xc0002db630)
	D:/Go/src/6.824/src/kvraft/test_test.go:103 +0xe4
created by 6.824/kvraft.spawn_clients_and_wait
	D:/Go/src/6.824/src/kvraft/test_test.go:113 +0x51

goroutine 102291 [select]:
6.824/labrpc.(*Network).processReq(0xc000054190, {{0x8bc880, 0xc00068e0a0}, {0x8f1994, 0xb}, {0x93e9e0, 0x8b4540}, {0xc0005f0240, 0x69, 0xb3}, ...})
	D:/Go/src/6.824/src/labrpc/labrpc.go:251 +0x41c
created by 6.824/labrpc.MakeNetwork.func1
	D:/Go/src/6.824/src/labrpc/labrpc.go:157 +0x3e

goroutine 102119 [chan receive]:
6.824/labrpc.(*ClientEnd).Call(0xc00026a420, {0x8f1994, 0x8bc080}, {0x8b4540, 0xc0004cf080}, {0x8b44c0, 0xc000402cd8})
	D:/Go/src/6.824/src/labrpc/labrpc.go:112 +0x26e
6.824/kvraft.(*Clerk).Execute.func1(0x4, {0x3, {0x8fe8eb, 0x2}, {0xc0002d6580, 0x9}, 0x333597257c8729e1, 0x24})
	D:/Go/src/6.824/src/kvraft/client.go:45 +0x12b
created by 6.824/kvraft.(*Clerk).Execute
	D:/Go/src/6.824/src/kvraft/client.go:43 +0x1c5

goroutine 87821 [select]:
6.824/kvraft.(*Clerk).Execute(0xc000382700, 0xc000299c78, 0xc000299c60)
	D:/Go/src/6.824/src/kvraft/client.go:50 +0x22c
6.824/kvraft.(*Clerk).Append(0x8, {0x8f99c3, 0xc000299d50}, {0xc00031b630, 0xc00020d7e0})
	D:/Go/src/6.824/src/kvraft/client.go:100 +0x152
6.824/kvraft.Append(0xc000146000, 0x2, {0x8f99c3, 0x1}, {0xc00031b630, 0x8}, 0xc000044ca0, 0x6)
	D:/Go/src/6.824/src/kvraft/test_test.go:77 +0xd5
6.824/kvraft.GenericTest.func1(0x6, 0xc00024c750, 0xc00012e680)
	D:/Go/src/6.824/src/kvraft/test_test.go:272 +0x587
6.824/kvraft.run_client(0xc00019c2a0, 0xc000146000, 0xc000299fd0, 0x88b98d, 0xc0002db630)
	D:/Go/src/6.824/src/kvraft/test_test.go:103 +0xe4
created by 6.824/kvraft.spawn_clients_and_wait
	D:/Go/src/6.824/src/kvraft/test_test.go:113 +0x51

goroutine 87824 [select]:
6.824/kvraft.(*Clerk).Execute(0xc0003826c0, 0xc000655c78, 0xc000655c60)
	D:/Go/src/6.824/src/kvraft/client.go:50 +0x22c
6.824/kvraft.(*Clerk).Append(0x8, {0x8f99c6, 0xc000655d50}, {0xc0004208a0, 0xc0001c6130})
	D:/Go/src/6.824/src/kvraft/client.go:100 +0x152
6.824/kvraft.Append(0xc000146000, 0x2, {0x8f99c6, 0x1}, {0xc0004208a0, 0x8}, 0xc000044ca0, 0x9)
	D:/Go/src/6.824/src/kvraft/test_test.go:77 +0xd5
6.824/kvraft.GenericTest.func1(0x9, 0xc00024c5d0, 0xc00012e680)
	D:/Go/src/6.824/src/kvraft/test_test.go:272 +0x587
6.824/kvraft.run_client(0xc000816640, 0xc000146000, 0xc000655fd0, 0x88b98d, 0xc0002db630)
	D:/Go/src/6.824/src/kvraft/test_test.go:103 +0xe4
created by 6.824/kvraft.spawn_clients_and_wait
	D:/Go/src/6.824/src/kvraft/test_test.go:113 +0x51

goroutine 86679 [sleep]:
time.Sleep(0xfdad680)
	D:/ProgramFiles/Go/src/runtime/time.go:193 +0x133
6.824/raft.(*Raft).electionTicker(0xc00014a000)
	D:/Go/src/6.824/src/raft/raft.go:612 +0x95
created by 6.824/raft.Make
	D:/Go/src/6.824/src/raft/raft.go:653 +0x27b

goroutine 102440 [select]:
6.824/labrpc.(*Network).processReq(0xc000054190, {{0x8bc880, 0xc000603200}, {0x8f1994, 0xb}, {0x93e9e0, 0x8b4540}, {0xc00025efd0, 0x5f, 0xa9}, ...})
	D:/Go/src/6.824/src/labrpc/labrpc.go:251 +0x41c
created by 6.824/labrpc.MakeNetwork.func1
	D:/Go/src/6.824/src/labrpc/labrpc.go:157 +0x3e

goroutine 102138 [select]:
6.824/labrpc.(*Network).processReq(0xc000054190, {{0x8bc880, 0xc00068e640}, {0x8f1994, 0xb}, {0x93e9e0, 0x8b4540}, {0xc000354e70, 0x60, 0xaa}, ...})
	D:/Go/src/6.824/src/labrpc/labrpc.go:251 +0x41c
created by 6.824/labrpc.MakeNetwork.func1
	D:/Go/src/6.824/src/labrpc/labrpc.go:157 +0x3e

goroutine 102311 [chan receive]:
6.824/labrpc.(*ClientEnd).Call(0xc000380600, {0x8f1994, 0x8bc080}, {0x8b4540, 0xc000213800}, {0x8b44c0, 0xc0000b9590})
	D:/Go/src/6.824/src/labrpc/labrpc.go:112 +0x26e
6.824/kvraft.(*Clerk).Execute.func1(0x2, {0x3, {0x8f99c3, 0x1}, {0xc00031b630, 0x8}, 0x177ba19488df8466, 0x25})
	D:/Go/src/6.824/src/kvraft/client.go:45 +0x12b
created by 6.824/kvraft.(*Clerk).Execute
	D:/Go/src/6.824/src/kvraft/client.go:43 +0x1c5

goroutine 87827 [select]:
6.824/kvraft.(*Clerk).Execute(0xc000196240, 0xc0001f1c68, 0xc0001f1c50)
	D:/Go/src/6.824/src/kvraft/client.go:50 +0x22c
6.824/kvraft.(*Clerk).Get(0xc0001f1cd8, {0x8fe8e7, 0x9})
	D:/Go/src/6.824/src/kvraft/client.go:71 +0x137
6.824/kvraft.Get(0xc000146000, 0x2, {0x8fe8e7, 0x2}, 0xc000044ca0, 0xc)
	D:/Go/src/6.824/src/kvraft/test_test.go:43 +0xbb
6.824/kvraft.GenericTest.func1(0xc, 0xc0007577d0, 0xc00012e680)
	D:/Go/src/6.824/src/kvraft/test_test.go:284 +0x3e5
6.824/kvraft.run_client(0x88cbb2, 0xc000146000, 0xc000138780, 0x7, 0xc0002db630)
	D:/Go/src/6.824/src/kvraft/test_test.go:103 +0xe4
created by 6.824/kvraft.spawn_clients_and_wait
	D:/Go/src/6.824/src/kvraft/test_test.go:113 +0x51

goroutine 102462 [semacquire]:
sync.runtime_SemacquireMutex(0x8bc9c0, 0x3, 0x8a9ab4)
	D:/ProgramFiles/Go/src/runtime/sema.go:71 +0x25
sync.(*Mutex).lockSlow(0xc000127490)
	D:/ProgramFiles/Go/src/sync/mutex.go:138 +0x165
sync.(*Mutex).Lock(...)
	D:/ProgramFiles/Go/src/sync/mutex.go:81
6.824/kvraft.(*KVServer).Do(0xc000127490, 0xc0005a5840, 0xc000664018)
	D:/Go/src/6.824/src/kvraft/server.go:38 +0x85
reflect.Value.call({0xc000052180, 0xc000007998, 0xc000245b10}, {0x8f0476, 0x4}, {0xc000245c68, 0x3, 0xc000245b40})
	D:/ProgramFiles/Go/src/reflect/value.go:543 +0x814
reflect.Value.Call({0xc000052180, 0xc000007998, 0xc00019ed50}, {0xc000245c68, 0x3, 0x3})
	D:/ProgramFiles/Go/src/reflect/value.go:339 +0xc5
6.824/labrpc.(*Service).dispatch(0xc000196f00, {0x8f199d, 0x2}, {{0x8bc880, 0xc00068eb10}, {0x8f1994, 0xb}, {0x93e9e0, 0x8b4540}, {0xc00066f380, ...}, ...})
	D:/Go/src/6.824/src/labrpc/labrpc.go:496 +0x39d
6.824/labrpc.(*Server).dispatch(0xc000608ba0, {{0x8bc880, 0xc00068eb10}, {0x8f1994, 0xb}, {0x93e9e0, 0x8b4540}, {0xc00066f380, 0x6b, 0xb5}, ...})
	D:/Go/src/6.824/src/labrpc/labrpc.go:420 +0x1fe
6.824/labrpc.(*Network).processReq.func1()
	D:/Go/src/6.824/src/labrpc/labrpc.go:240 +0x58
created by 6.824/labrpc.(*Network).processReq
	D:/Go/src/6.824/src/labrpc/labrpc.go:239 +0x1df

goroutine 102328 [chan receive]:
6.824/labrpc.(*ClientEnd).Call(0xc00026a120, {0x8f1994, 0xc0000dff98}, {0x8b4540, 0xc0000f25c0}, {0x8b44c0, 0xc000548bd0})
	D:/Go/src/6.824/src/labrpc/labrpc.go:112 +0x26e
6.824/kvraft.(*Clerk).Execute.func1(0x2, {0x3, {0x8fe8e5, 0x2}, {0xc0002c1c30, 0x9}, 0x3cbb0b6170990023, 0x25})
	D:/Go/src/6.824/src/kvraft/client.go:45 +0x12b
created by 6.824/kvraft.(*Clerk).Execute
	D:/Go/src/6.824/src/kvraft/client.go:43 +0x1c5

goroutine 102116 [chan receive]:
6.824/labrpc.(*ClientEnd).Call(0xc00026a360, {0x8f1994, 0x136c}, {0x8b4540, 0xc0004cedc0}, {0x8b44c0, 0xc0004029d8})
	D:/Go/src/6.824/src/labrpc/labrpc.go:112 +0x26e
6.824/kvraft.(*Clerk).Execute.func1(0x0, {0x1, {0x8fe8e9, 0x2}, {0x0, 0x0}, 0x19bff472d2ba63c1, 0x26})
	D:/Go/src/6.824/src/kvraft/client.go:45 +0x12b
created by 6.824/kvraft.(*Clerk).Execute
	D:/Go/src/6.824/src/kvraft/client.go:43 +0x1c5

goroutine 87817 [select]:
6.824/kvraft.(*Clerk).Execute(0xc000382000, 0xc000653c68, 0xc000653c50)
	D:/Go/src/6.824/src/kvraft/client.go:50 +0x22c
6.824/kvraft.(*Clerk).Get(0xc000653cd8, {0x8f99bf, 0x8})
	D:/Go/src/6.824/src/kvraft/client.go:71 +0x137
6.824/kvraft.Get(0xc000146000, 0x2, {0x8f99bf, 0x1}, 0xc000044ca0, 0x2)
	D:/Go/src/6.824/src/kvraft/test_test.go:43 +0xbb
6.824/kvraft.GenericTest.func1(0x2, 0xc0007579b0, 0xc00012e680)
	D:/Go/src/6.824/src/kvraft/test_test.go:284 +0x3e5
6.824/kvraft.run_client(0xc0001fadc0, 0xc000146000, 0x28a, 0xc00019c660, 0xc0002db630)
	D:/Go/src/6.824/src/kvraft/test_test.go:103 +0xe4
created by 6.824/kvraft.spawn_clients_and_wait
	D:/Go/src/6.824/src/kvraft/test_test.go:113 +0x51

goroutine 102460 [chan receive]:
6.824/labrpc.(*ClientEnd).Call(0xc00026a5a0, {0x8f1994, 0xc000240340}, {0x8b4540, 0xc0005a55c0}, {0x8b44c0, 0xc000403e00})
	D:/Go/src/6.824/src/labrpc/labrpc.go:112 +0x26e
6.824/kvraft.(*Clerk).Execute.func1(0x3, {0x3, {0x8fe8ef, 0x2}, {0xc000420900, 0x9}, 0x2fffc00274a1eee6, 0x25})
	D:/Go/src/6.824/src/kvraft/client.go:45 +0x12b
created by 6.824/kvraft.(*Clerk).Execute
	D:/Go/src/6.824/src/kvraft/client.go:43 +0x1c5

goroutine 102466 [chan receive]:
6.824/labrpc.(*ClientEnd).Call(0xc00020ff60, {0x8f1994, 0x8bc080}, {0x8b4540, 0xc00051be80}, {0x8b44c0, 0xc0004e2798})
	D:/Go/src/6.824/src/labrpc/labrpc.go:112 +0x26e
6.824/kvraft.(*Clerk).Execute.func1(0x2, {0x1, {0x8fe8e3, 0x2}, {0x0, 0x0}, 0x6b4356f4480aff0, 0x25})
	D:/Go/src/6.824/src/kvraft/client.go:45 +0x12b
created by 6.824/kvraft.(*Clerk).Execute
	D:/Go/src/6.824/src/kvraft/client.go:43 +0x1c5

goroutine 86687 [sleep]:
time.Sleep(0xcdfe600)
	D:/ProgramFiles/Go/src/runtime/time.go:193 +0x133
6.824/raft.(*Raft).electionTicker(0xc00014a3c0)
	D:/Go/src/6.824/src/raft/raft.go:612 +0x95
created by 6.824/raft.Make
	D:/Go/src/6.824/src/raft/raft.go:653 +0x27b

goroutine 102137 [chan receive]:
6.824/labrpc.(*ClientEnd).Call(0xc00026a2a0, {0x8f1994, 0x1368}, {0x8b4540, 0xc000427980}, {0x8b44c0, 0xc00034eab0})
	D:/Go/src/6.824/src/labrpc/labrpc.go:112 +0x26e
6.824/kvraft.(*Clerk).Execute.func1(0x3, {0x1, {0x8fe8e7, 0x2}, {0x0, 0x0}, 0x5843c35e10fa158, 0x24})
	D:/Go/src/6.824/src/kvraft/client.go:45 +0x12b
created by 6.824/kvraft.(*Clerk).Execute
	D:/Go/src/6.824/src/kvraft/client.go:43 +0x1c5

goroutine 102432 [select]:
6.824/labrpc.(*Network).processReq(0xc000054190, {{0x8bc880, 0xc00068ef20}, {0x8f1994, 0xb}, {0x93e9e0, 0x8b4540}, {0xc0005f0180, 0x69, 0xb3}, ...})
	D:/Go/src/6.824/src/labrpc/labrpc.go:251 +0x41c
created by 6.824/labrpc.MakeNetwork.func1
	D:/Go/src/6.824/src/labrpc/labrpc.go:157 +0x3e

goroutine 102209 [chan receive]:
6.824/labrpc.(*ClientEnd).Call(0xc000380540, {0x8f1994, 0xc0005e3f98}, {0x8b4540, 0xc00051afc0}, {0x8b44c0, 0xc000608078})
	D:/Go/src/6.824/src/labrpc/labrpc.go:112 +0x26e
6.824/kvraft.(*Clerk).Execute.func1(0x2, {0x3, {0x8f99c6, 0x1}, {0xc0004208a0, 0x8}, 0x3a6978baebd93e86, 0x25})
	D:/Go/src/6.824/src/kvraft/client.go:45 +0x12b
created by 6.824/kvraft.(*Clerk).Execute
	D:/Go/src/6.824/src/kvraft/client.go:43 +0x1c5

goroutine 102431 [chan receive]:
6.824/labrpc.(*ClientEnd).Call(0xc00026a7e0, {0x8f1994, 0x8bc080}, {0x8b4540, 0xc0005df980}, {0x8b44c0, 0xc0000b8240})
	D:/Go/src/6.824/src/labrpc/labrpc.go:112 +0x26e
6.824/kvraft.(*Clerk).Execute.func1(0x3, {0x3, {0x8f99c1, 0x1}, {0xc000817cd0, 0x8}, 0x1fa77acbd6b2fe23, 0x26})
	D:/Go/src/6.824/src/kvraft/client.go:45 +0x12b
created by 6.824/kvraft.(*Clerk).Execute
	D:/Go/src/6.824/src/kvraft/client.go:43 +0x1c5

goroutine 102324 [select]:
6.824/labrpc.(*Network).processReq(0xc000054190, {{0x8bc880, 0xc000603350}, {0x8f1994, 0xb}, {0x93e9e0, 0x8b4540}, {0xc00066f500, 0x6b, 0xb5}, ...})
	D:/Go/src/6.824/src/labrpc/labrpc.go:251 +0x41c
created by 6.824/labrpc.MakeNetwork.func1
	D:/Go/src/6.824/src/labrpc/labrpc.go:157 +0x3e

goroutine 102323 [chan receive]:
6.824/labrpc.(*ClientEnd).Call(0xc0004c7560, {0x8f1994, 0x136c}, {0x8b4540, 0xc00009b800}, {0x8b44c0, 0xc000548108})
	D:/Go/src/6.824/src/labrpc/labrpc.go:112 +0x26e
6.824/kvraft.(*Clerk).Execute.func1(0x0, {0x3, {0x8fe8f5, 0x2}, {0xc0002c0c20, 0x9}, 0x2988b24fb3812992, 0x2a})
	D:/Go/src/6.824/src/kvraft/client.go:45 +0x12b
created by 6.824/kvraft.(*Clerk).Execute
	D:/Go/src/6.824/src/kvraft/client.go:43 +0x1c5

goroutine 102163 [chan receive]:
6.824/labrpc.(*ClientEnd).Call(0xc00026a4e0, {0x8f1994, 0x1368}, {0x8b4540, 0xc00024ee00}, {0x8b44c0, 0xc0001e9230})
	D:/Go/src/6.824/src/labrpc/labrpc.go:112 +0x26e
6.824/kvraft.(*Clerk).Execute.func1(0x2, {0x1, {0x8fe8ed, 0x2}, {0x0, 0x0}, 0x387b37c3dfdb5e0a, 0x25})
	D:/Go/src/6.824/src/kvraft/client.go:45 +0x12b
created by 6.824/kvraft.(*Clerk).Execute
	D:/Go/src/6.824/src/kvraft/client.go:43 +0x1c5

goroutine 102219 [chan receive]:
6.824/labrpc.(*ClientEnd).Call(0xc0004c76e0, {0x8f1994, 0x1354}, {0x8b4540, 0xc0005a4b00}, {0x8b44c0, 0xc0006082a0})
	D:/Go/src/6.824/src/labrpc/labrpc.go:112 +0x26e
6.824/kvraft.(*Clerk).Execute.func1(0x1, {0x1, {0x8f99c0, 0x1}, {0x0, 0x0}, 0x621a5ec5ad62e0d, 0x27})
	D:/Go/src/6.824/src/kvraft/client.go:45 +0x12b
created by 6.824/kvraft.(*Clerk).Execute
	D:/Go/src/6.824/src/kvraft/client.go:43 +0x1c5

goroutine 87828 [select]:
6.824/kvraft.(*Clerk).Execute(0xc000196280, 0xc00015dc68, 0xc00015dc50)
	D:/Go/src/6.824/src/kvraft/client.go:50 +0x22c
6.824/kvraft.(*Clerk).Get(0xc00015dcd8, {0x8fe8e9, 0x9})
	D:/Go/src/6.824/src/kvraft/client.go:71 +0x137
6.824/kvraft.Get(0xc000146000, 0x2, {0x8fe8e9, 0x2}, 0xc000044ca0, 0xd)
	D:/Go/src/6.824/src/kvraft/test_test.go:43 +0xbb
6.824/kvraft.GenericTest.func1(0xd, 0xc000757860, 0xc00012e680)
	D:/Go/src/6.824/src/kvraft/test_test.go:284 +0x3e5
6.824/kvraft.run_client(0x1, 0xc000146000, 0x0, 0x341f37d0c0d5c752, 0xc0002db630)
	D:/Go/src/6.824/src/kvraft/test_test.go:103 +0xe4
created by 6.824/kvraft.spawn_clients_and_wait
	D:/Go/src/6.824/src/kvraft/test_test.go:113 +0x51

goroutine 102461 [select]:
6.824/labrpc.(*Network).processReq(0xc000054190, {{0x8bc880, 0xc00068eb10}, {0x8f1994, 0xb}, {0x93e9e0, 0x8b4540}, {0xc00066f380, 0x6b, 0xb5}, ...})
	D:/Go/src/6.824/src/labrpc/labrpc.go:251 +0x41c
created by 6.824/labrpc.MakeNetwork.func1
	D:/Go/src/6.824/src/labrpc/labrpc.go:157 +0x3e

goroutine 102117 [select]:
6.824/labrpc.(*Network).processReq(0xc000054190, {{0x8bc880, 0xc00068e790}, {0x8f1994, 0xb}, {0x93e9e0, 0x8b4540}, {0xc00077a000, 0x60, 0xaa}, ...})
	D:/Go/src/6.824/src/labrpc/labrpc.go:251 +0x41c
created by 6.824/labrpc.MakeNetwork.func1
	D:/Go/src/6.824/src/labrpc/labrpc.go:157 +0x3e

goroutine 102312 [select]:
6.824/labrpc.(*Network).processReq(0xc000054190, {{0x8bc880, 0xc00020cab0}, {0x8f1994, 0xb}, {0x93e9e0, 0x8b4540}, {0xc0005f0300, 0x69, 0xb3}, ...})
	D:/Go/src/6.824/src/labrpc/labrpc.go:251 +0x41c
created by 6.824/labrpc.MakeNetwork.func1
	D:/Go/src/6.824/src/labrpc/labrpc.go:157 +0x3e

goroutine 102190 [semacquire]:
sync.runtime_SemacquireMutex(0x8bc9c0, 0x3, 0x8a9ab4)
	D:/ProgramFiles/Go/src/runtime/sema.go:71 +0x25
sync.(*Mutex).lockSlow(0xc000127490)
	D:/ProgramFiles/Go/src/sync/mutex.go:138 +0x165
sync.(*Mutex).Lock(...)
	D:/ProgramFiles/Go/src/sync/mutex.go:81
6.824/kvraft.(*KVServer).Do(0xc000127490, 0xc0000ca180, 0xc0007027e0)
	D:/Go/src/6.824/src/kvraft/server.go:38 +0x85
reflect.Value.call({0xc000052180, 0xc000007998, 0xc000153b10}, {0x8f0476, 0x4}, {0xc000153c68, 0x3, 0xc000153b40})
	D:/ProgramFiles/Go/src/reflect/value.go:543 +0x814
reflect.Value.Call({0xc000052180, 0xc000007998, 0xc000462e00}, {0xc000153c68, 0x3, 0x3})
	D:/ProgramFiles/Go/src/reflect/value.go:339 +0xc5
6.824/labrpc.(*Service).dispatch(0xc000196f00, {0x8f199d, 0x2}, {{0x8bc880, 0xc00068e4a0}, {0x8f1994, 0xb}, {0x93e9e0, 0x8b4540}, {0xc00025f130, ...}, ...})
	D:/Go/src/6.824/src/labrpc/labrpc.go:496 +0x39d
6.824/labrpc.(*Server).dispatch(0xc000608ba0, {{0x8bc880, 0xc00068e4a0}, {0x8f1994, 0xb}, {0x93e9e0, 0x8b4540}, {0xc00025f130, 0x60, 0xaa}, ...})
	D:/Go/src/6.824/src/labrpc/labrpc.go:420 +0x1fe
6.824/labrpc.(*Network).processReq.func1()
	D:/Go/src/6.824/src/labrpc/labrpc.go:240 +0x58
created by 6.824/labrpc.(*Network).processReq
	D:/Go/src/6.824/src/labrpc/labrpc.go:239 +0x1df

goroutine 87814 [chan receive]:
6.824/kvraft.spawn_clients_and_wait(0xc00012e680, 0xc000146000, 0x14, 0xc0002db630)
	D:/Go/src/6.824/src/kvraft/test_test.go:117 +0x185
created by 6.824/kvraft.GenericTest
	D:/Go/src/6.824/src/kvraft/test_test.go:253 +0x6bd

goroutine 87831 [select]:
6.824/kvraft.(*Clerk).Execute(0xc000196380, 0xc0007dbc78, 0xc0007dbc60)
	D:/Go/src/6.824/src/kvraft/client.go:50 +0x22c
6.824/kvraft.(*Clerk).Append(0x9, {0x8fe8ef, 0xc0007dbd50}, {0xc000420900, 0xc0007dbd08})
	D:/Go/src/6.824/src/kvraft/client.go:100 +0x152
6.824/kvraft.Append(0xc000146000, 0x2, {0x8fe8ef, 0x2}, {0xc000420900, 0x9}, 0xc000044ca0, 0x10)
	D:/Go/src/6.824/src/kvraft/test_test.go:77 +0xd5
6.824/kvraft.GenericTest.func1(0x10, 0xc0007578f0, 0xc00012e680)
	D:/Go/src/6.824/src/kvraft/test_test.go:272 +0x587
6.824/kvraft.run_client(0xc0000c2960, 0xc000146000, 0x28a, 0xc0000c2660, 0xc0002db630)
	D:/Go/src/6.824/src/kvraft/test_test.go:103 +0xe4
created by 6.824/kvraft.spawn_clients_and_wait
	D:/Go/src/6.824/src/kvraft/test_test.go:113 +0x51

goroutine 87833 [select]:
6.824/kvraft.(*Clerk).Execute(0xc000196400, 0xc0007f3c68, 0xc0007f3c50)
	D:/Go/src/6.824/src/kvraft/client.go:50 +0x22c
6.824/kvraft.(*Clerk).Get(0xc0007f3cd8, {0x8fe8f3, 0x9})
	D:/Go/src/6.824/src/kvraft/client.go:71 +0x137
6.824/kvraft.Get(0xc000146000, 0x2, {0x8fe8f3, 0x2}, 0xc000044ca0, 0x12)
	D:/Go/src/6.824/src/kvraft/test_test.go:43 +0xbb
6.824/kvraft.GenericTest.func1(0x12, 0xc000757950, 0xc00012e680)
	D:/Go/src/6.824/src/kvraft/test_test.go:284 +0x3e5
6.824/kvraft.run_client(0xc000817b00, 0xc000146000, 0xc0007f3fd0, 0x88b98d, 0xc0002db630)
	D:/Go/src/6.824/src/kvraft/test_test.go:103 +0xe4
created by 6.824/kvraft.spawn_clients_and_wait
	D:/Go/src/6.824/src/kvraft/test_test.go:113 +0x51

goroutine 87819 [select]:
6.824/kvraft.(*Clerk).Execute(0xc000196480, 0xc00028fc78, 0xc00028fc60)
	D:/Go/src/6.824/src/kvraft/client.go:50 +0x22c
6.824/kvraft.(*Clerk).Append(0x8, {0x8f99c1, 0xc00028fd50}, {0xc000817cd0, 0xc00028fd08})
	D:/Go/src/6.824/src/kvraft/client.go:100 +0x152
6.824/kvraft.Append(0xc000146000, 0x2, {0x8f99c1, 0x1}, {0xc000817cd0, 0x8}, 0xc000044ca0, 0x4)
	D:/Go/src/6.824/src/kvraft/test_test.go:77 +0xd5
6.824/kvraft.GenericTest.func1(0x4, 0xc000757980, 0xc00012e680)
	D:/Go/src/6.824/src/kvraft/test_test.go:272 +0x587
6.824/kvraft.run_client(0x88cbb2, 0xc000146000, 0xc00053ba20, 0x8, 0xc0002db630)
	D:/Go/src/6.824/src/kvraft/test_test.go:103 +0xe4
created by 6.824/kvraft.spawn_clients_and_wait
	D:/Go/src/6.824/src/kvraft/test_test.go:113 +0x51

goroutine 86681 [sleep]:
time.Sleep(0x1045a640)
	D:/ProgramFiles/Go/src/runtime/time.go:193 +0x133
6.824/raft.(*Raft).electionTicker(0xc00014a0f0)
	D:/Go/src/6.824/src/raft/raft.go:612 +0x95
created by 6.824/raft.Make
	D:/Go/src/6.824/src/raft/raft.go:653 +0x27b

goroutine 102467 [select]:
6.824/labrpc.(*Network).processReq(0xc000054190, {{0x8bc880, 0xc00068e200}, {0x8f1994, 0xb}, {0x93e9e0, 0x8b4540}, {0xc000354210, 0x60, 0xaa}, ...})
	D:/Go/src/6.824/src/labrpc/labrpc.go:251 +0x41c
created by 6.824/labrpc.MakeNetwork.func1
	D:/Go/src/6.824/src/labrpc/labrpc.go:157 +0x3e

goroutine 102389 [select]:
6.824/labrpc.(*Network).processReq(0xc000054190, {{0x8bc880, 0xc00068e340}, {0x8f1994, 0xb}, {0x93e9e0, 0x8b4540}, {0xc00066f5c0, 0x6b, 0xb5}, ...})
	D:/Go/src/6.824/src/labrpc/labrpc.go:251 +0x41c
created by 6.824/labrpc.MakeNetwork.func1
	D:/Go/src/6.824/src/labrpc/labrpc.go:157 +0x3e

goroutine 102242 [select]:
6.824/labrpc.(*Network).processReq(0xc000054190, {{0x8bc880, 0xc00020c990}, {0x8f1994, 0xb}, {0x93e9e0, 0x8b4540}, {0xc00066ef00, 0x69, 0xb3}, ...})
	D:/Go/src/6.824/src/labrpc/labrpc.go:251 +0x41c
created by 6.824/labrpc.MakeNetwork.func1
	D:/Go/src/6.824/src/labrpc/labrpc.go:157 +0x3e

goroutine 86880 [sleep]:
time.Sleep(0x4c4b400)
	D:/ProgramFiles/Go/src/runtime/time.go:193 +0x133
6.824/raft.(*Raft).heartTicker(0xc00014a000, 0xc000054190)
	D:/Go/src/6.824/src/raft/raft.go:603 +0x2c
created by 6.824/raft.(*Raft).BeLeader
	D:/Go/src/6.824/src/raft/raft.go:595 +0xcf

goroutine 102165 [semacquire]:
sync.runtime_SemacquireMutex(0x8bc9c0, 0x3, 0x8a9ab4)
	D:/ProgramFiles/Go/src/runtime/sema.go:71 +0x25
sync.(*Mutex).lockSlow(0xc000127490)
	D:/ProgramFiles/Go/src/sync/mutex.go:138 +0x165
sync.(*Mutex).Lock(...)
	D:/ProgramFiles/Go/src/sync/mutex.go:81
6.824/kvraft.(*KVServer).Do(0xc000127490, 0xc00024f080, 0xc0001e9440)
	D:/Go/src/6.824/src/kvraft/server.go:38 +0x85
reflect.Value.call({0xc000052180, 0xc000007998, 0xc000473b10}, {0x8f0476, 0x4}, {0xc000473c68, 0x3, 0xc000473b40})
	D:/ProgramFiles/Go/src/reflect/value.go:543 +0x814
reflect.Value.Call({0xc000052180, 0xc000007998, 0xc000399490}, {0xc000473c68, 0x3, 0x3})
	D:/ProgramFiles/Go/src/reflect/value.go:339 +0xc5
6.824/labrpc.(*Service).dispatch(0xc000196f00, {0x8f199d, 0x2}, {{0x8bc880, 0xc00068e9e0}, {0x8f1994, 0xb}, {0x93e9e0, 0x8b4540}, {0xc00077a580, ...}, ...})
	D:/Go/src/6.824/src/labrpc/labrpc.go:496 +0x39d
6.824/labrpc.(*Server).dispatch(0xc000608ba0, {{0x8bc880, 0xc00068e9e0}, {0x8f1994, 0xb}, {0x93e9e0, 0x8b4540}, {0xc00077a580, 0x60, 0xaa}, ...})
	D:/Go/src/6.824/src/labrpc/labrpc.go:420 +0x1fe
6.824/labrpc.(*Network).processReq.func1()
	D:/Go/src/6.824/src/labrpc/labrpc.go:240 +0x58
created by 6.824/labrpc.(*Network).processReq
	D:/Go/src/6.824/src/labrpc/labrpc.go:239 +0x1df

goroutine 102441 [semacquire]:
sync.runtime_SemacquireMutex(0x8bc9c0, 0x3, 0x8a9ab4)
	D:/ProgramFiles/Go/src/runtime/sema.go:71 +0x25
sync.(*Mutex).lockSlow(0xc000127490)
	D:/ProgramFiles/Go/src/sync/mutex.go:138 +0x165
sync.(*Mutex).Lock(...)
	D:/ProgramFiles/Go/src/sync/mutex.go:81
6.824/kvraft.(*KVServer).Do(0xc000127490, 0xc00060e8c0, 0xc0003afcc8)
	D:/Go/src/6.824/src/kvraft/server.go:38 +0x85
reflect.Value.call({0xc000052180, 0xc000007998, 0xc000303b10}, {0x8f0476, 0x4}, {0xc000303c68, 0x3, 0xc000303b40})
	D:/ProgramFiles/Go/src/reflect/value.go:543 +0x814
reflect.Value.Call({0xc000052180, 0xc000007998, 0xc00018ab00}, {0xc000303c68, 0x3, 0x3})
	D:/ProgramFiles/Go/src/reflect/value.go:339 +0xc5
6.824/labrpc.(*Service).dispatch(0xc000196f00, {0x8f199d, 0x2}, {{0x8bc880, 0xc000603200}, {0x8f1994, 0xb}, {0x93e9e0, 0x8b4540}, {0xc00025efd0, ...}, ...})
	D:/Go/src/6.824/src/labrpc/labrpc.go:496 +0x39d
6.824/labrpc.(*Server).dispatch(0xc000608ba0, {{0x8bc880, 0xc000603200}, {0x8f1994, 0xb}, {0x93e9e0, 0x8b4540}, {0xc00025efd0, 0x5f, 0xa9}, ...})
	D:/Go/src/6.824/src/labrpc/labrpc.go:420 +0x1fe
6.824/labrpc.(*Network).processReq.func1()
	D:/Go/src/6.824/src/labrpc/labrpc.go:240 +0x58
created by 6.824/labrpc.(*Network).processReq
	D:/Go/src/6.824/src/labrpc/labrpc.go:239 +0x1df

goroutine 102118 [sleep]:
time.Sleep(0x3e8)
	D:/ProgramFiles/Go/src/runtime/time.go:193 +0x133
6.824/kvraft.(*KVServer).Do(0xc000127490, 0xc0004cf040, 0xc000402c78)
	D:/Go/src/6.824/src/kvraft/server.go:39 +0x8f
reflect.Value.call({0xc000052180, 0xc000007998, 0xc0000d3b10}, {0x8f0476, 0x4}, {0xc0000d3c68, 0x3, 0xc0000d3b40})
	D:/ProgramFiles/Go/src/reflect/value.go:543 +0x814
reflect.Value.Call({0xc000052180, 0xc000007998, 0xc000398418}, {0xc0000d3c68, 0x3, 0x3})
	D:/ProgramFiles/Go/src/reflect/value.go:339 +0xc5
6.824/labrpc.(*Service).dispatch(0xc000196f00, {0x8f199d, 0x2}, {{0x8bc880, 0xc00068e790}, {0x8f1994, 0xb}, {0x93e9e0, 0x8b4540}, {0xc00077a000, ...}, ...})
	D:/Go/src/6.824/src/labrpc/labrpc.go:496 +0x39d
6.824/labrpc.(*Server).dispatch(0xc000608ba0, {{0x8bc880, 0xc00068e790}, {0x8f1994, 0xb}, {0x93e9e0, 0x8b4540}, {0xc00077a000, 0x60, 0xaa}, ...})
	D:/Go/src/6.824/src/labrpc/labrpc.go:420 +0x1fe
6.824/labrpc.(*Network).processReq.func1()
	D:/Go/src/6.824/src/labrpc/labrpc.go:240 +0x58
created by 6.824/labrpc.(*Network).processReq
	D:/Go/src/6.824/src/labrpc/labrpc.go:239 +0x1df

goroutine 87820 [select]:
6.824/kvraft.(*Clerk).Execute(0xc000196040, 0xc000633c78, 0xc000633c60)
	D:/Go/src/6.824/src/kvraft/client.go:50 +0x22c
6.824/kvraft.(*Clerk).Append(0x8, {0x8f99c2, 0xc000633d50}, {0xc0002c02c8, 0xc000633d08})
	D:/Go/src/6.824/src/kvraft/client.go:100 +0x152
6.824/kvraft.Append(0xc000146000, 0x2, {0x8f99c2, 0x1}, {0xc0002c02c8, 0x8}, 0xc000044ca0, 0x5)
	D:/Go/src/6.824/src/kvraft/test_test.go:77 +0xd5
6.824/kvraft.GenericTest.func1(0x5, 0xc0001fd890, 0xc00012e680)
	D:/Go/src/6.824/src/kvraft/test_test.go:272 +0x587
6.824/kvraft.run_client(0x2, 0xc000146000, 0x0, 0x341f37d0c0d5c752, 0xc0002db630)
	D:/Go/src/6.824/src/kvraft/test_test.go:103 +0xe4
created by 6.824/kvraft.spawn_clients_and_wait
	D:/Go/src/6.824/src/kvraft/test_test.go:113 +0x51

goroutine 102433 [semacquire]:
sync.runtime_SemacquireMutex(0x8bc9c0, 0x3, 0x8a9ab4)
	D:/ProgramFiles/Go/src/runtime/sema.go:71 +0x25
sync.(*Mutex).lockSlow(0xc000127490)
	D:/ProgramFiles/Go/src/sync/mutex.go:138 +0x165
sync.(*Mutex).Lock(...)
	D:/ProgramFiles/Go/src/sync/mutex.go:81
6.824/kvraft.(*KVServer).Do(0xc000127490, 0xc0005dfc00, 0xc0000b8408)
	D:/Go/src/6.824/src/kvraft/server.go:38 +0x85
reflect.Value.call({0xc000052180, 0xc000007998, 0xc000559b10}, {0x8f0476, 0x4}, {0xc000559c68, 0x3, 0xc000559b40})
	D:/ProgramFiles/Go/src/reflect/value.go:543 +0x814
reflect.Value.Call({0xc000052180, 0xc000007998, 0xc000462c00}, {0xc000559c68, 0x3, 0x3})
	D:/ProgramFiles/Go/src/reflect/value.go:339 +0xc5
6.824/labrpc.(*Service).dispatch(0xc000196f00, {0x8f199d, 0x2}, {{0x8bc880, 0xc00068ef20}, {0x8f1994, 0xb}, {0x93e9e0, 0x8b4540}, {0xc0005f0180, ...}, ...})
	D:/Go/src/6.824/src/labrpc/labrpc.go:496 +0x39d
6.824/labrpc.(*Server).dispatch(0xc000608ba0, {{0x8bc880, 0xc00068ef20}, {0x8f1994, 0xb}, {0x93e9e0, 0x8b4540}, {0xc0005f0180, 0x69, 0xb3}, ...})
	D:/Go/src/6.824/src/labrpc/labrpc.go:420 +0x1fe
6.824/labrpc.(*Network).processReq.func1()
	D:/Go/src/6.824/src/labrpc/labrpc.go:240 +0x58
created by 6.824/labrpc.(*Network).processReq
	D:/Go/src/6.824/src/labrpc/labrpc.go:239 +0x1df

goroutine 102468 [semacquire]:
sync.runtime_SemacquireMutex(0x8bc9c0, 0x3, 0x8a9ab4)
	D:/ProgramFiles/Go/src/runtime/sema.go:71 +0x25
sync.(*Mutex).lockSlow(0xc000127490)
	D:/ProgramFiles/Go/src/sync/mutex.go:138 +0x165
sync.(*Mutex).Lock(...)
	D:/ProgramFiles/Go/src/sync/mutex.go:81
6.824/kvraft.(*KVServer).Do(0xc000127490, 0xc000410100, 0xc0004e2990)
	D:/Go/src/6.824/src/kvraft/server.go:38 +0x85
reflect.Value.call({0xc000052180, 0xc000007998, 0xc0000b1b10}, {0x8f0476, 0x4}, {0xc0000b1c68, 0x3, 0xc0000b1b40})
	D:/ProgramFiles/Go/src/reflect/value.go:543 +0x814
reflect.Value.Call({0xc000052180, 0xc000007998, 0xc000601088}, {0xc0000b1c68, 0x3, 0x3})
	D:/ProgramFiles/Go/src/reflect/value.go:339 +0xc5
6.824/labrpc.(*Service).dispatch(0xc000196f00, {0x8f199d, 0x2}, {{0x8bc880, 0xc00068e200}, {0x8f1994, 0xb}, {0x93e9e0, 0x8b4540}, {0xc000354210, ...}, ...})
	D:/Go/src/6.824/src/labrpc/labrpc.go:496 +0x39d
6.824/labrpc.(*Server).dispatch(0xc000608ba0, {{0x8bc880, 0xc00068e200}, {0x8f1994, 0xb}, {0x93e9e0, 0x8b4540}, {0xc000354210, 0x60, 0xaa}, ...})
	D:/Go/src/6.824/src/labrpc/labrpc.go:420 +0x1fe
6.824/labrpc.(*Network).processReq.func1()
	D:/Go/src/6.824/src/labrpc/labrpc.go:240 +0x58
created by 6.824/labrpc.(*Network).processReq
	D:/Go/src/6.824/src/labrpc/labrpc.go:239 +0x1df

goroutine 87818 [select]:
6.824/kvraft.(*Clerk).Execute(0xc000196000, 0xc00015fc68, 0xc00015fc50)
	D:/Go/src/6.824/src/kvraft/client.go:50 +0x22c
6.824/kvraft.(*Clerk).Get(0xc00015fcd8, {0x8f99c0, 0x8})
	D:/Go/src/6.824/src/kvraft/client.go:71 +0x137
6.824/kvraft.Get(0xc000146000, 0x2, {0x8f99c0, 0x1}, 0xc000044ca0, 0x3)
	D:/Go/src/6.824/src/kvraft/test_test.go:43 +0xbb
6.824/kvraft.GenericTest.func1(0x3, 0xc0007579e0, 0xc00012e680)
	D:/Go/src/6.824/src/kvraft/test_test.go:284 +0x3e5
6.824/kvraft.run_client(0xc0003d4e50, 0xc000146000, 0xc00015ffd0, 0x88b98d, 0xc0002db630)
	D:/Go/src/6.824/src/kvraft/test_test.go:103 +0xe4
created by 6.824/kvraft.spawn_clients_and_wait
	D:/Go/src/6.824/src/kvraft/test_test.go:113 +0x51

goroutine 102176 [chan receive]:
6.824/labrpc.(*ClientEnd).Call(0xc000380240, {0x8f1994, 0x8d6480}, {0x8b4540, 0xc00060ea80}, {0x8b44c0, 0xc000b8cb28})
	D:/Go/src/6.824/src/labrpc/labrpc.go:112 +0x26e
6.824/kvraft.(*Clerk).Execute.func1(0x4, {0x3, {0x8f99c4, 0x1}, {0xc000421c00, 0x8}, 0x23c6f380ae281334, 0x24})
	D:/Go/src/6.824/src/kvraft/client.go:45 +0x12b
created by 6.824/kvraft.(*Clerk).Execute
	D:/Go/src/6.824/src/kvraft/client.go:43 +0x1c5

goroutine 102331 [semacquire]:
sync.runtime_SemacquireMutex(0x8bc9c0, 0x3, 0x8a9ab4)
	D:/ProgramFiles/Go/src/runtime/sema.go:71 +0x25
sync.(*Mutex).lockSlow(0xc000127490)
	D:/ProgramFiles/Go/src/sync/mutex.go:138 +0x165
sync.(*Mutex).Lock(...)
	D:/ProgramFiles/Go/src/sync/mutex.go:81
6.824/kvraft.(*KVServer).Do(0xc000127490, 0xc0000ca000, 0xc0003af0c8)
	D:/Go/src/6.824/src/kvraft/server.go:38 +0x85
reflect.Value.call({0xc000052180, 0xc000007998, 0xc000739b10}, {0x8f0476, 0x4}, {0xc000739c68, 0x3, 0xc000739b40})
	D:/ProgramFiles/Go/src/reflect/value.go:543 +0x814
reflect.Value.Call({0xc000052180, 0xc000007998, 0xc0006018f0}, {0xc000739c68, 0x3, 0x3})
	D:/ProgramFiles/Go/src/reflect/value.go:339 +0xc5
6.824/labrpc.(*Service).dispatch(0xc000196f00, {0x8f199d, 0x2}, {{0x8bc880, 0xc00020c0f0}, {0x8f1994, 0xb}, {0x93e9e0, 0x8b4540}, {0xc000355290, ...}, ...})
	D:/Go/src/6.824/src/labrpc/labrpc.go:496 +0x39d
6.824/labrpc.(*Server).dispatch(0xc000608ba0, {{0x8bc880, 0xc00020c0f0}, {0x8f1994, 0xb}, {0x93e9e0, 0x8b4540}, {0xc000355290, 0x5f, 0xa9}, ...})
	D:/Go/src/6.824/src/labrpc/labrpc.go:420 +0x1fe
6.824/labrpc.(*Network).processReq.func1()
	D:/Go/src/6.824/src/labrpc/labrpc.go:240 +0x58
created by 6.824/labrpc.(*Network).processReq
	D:/Go/src/6.824/src/labrpc/labrpc.go:239 +0x1df

goroutine 102376 [semacquire]:
sync.runtime_SemacquireMutex(0x8bc9c0, 0x3, 0x8a9ab4)
	D:/ProgramFiles/Go/src/runtime/sema.go:71 +0x25
sync.(*Mutex).lockSlow(0xc000127490)
	D:/ProgramFiles/Go/src/sync/mutex.go:138 +0x165
sync.(*Mutex).Lock(...)
	D:/ProgramFiles/Go/src/sync/mutex.go:81
6.824/kvraft.(*KVServer).Do(0xc000127490, 0xc0000f20c0, 0xc0005482a0)
	D:/Go/src/6.824/src/kvraft/server.go:38 +0x85
reflect.Value.call({0xc000052180, 0xc000007998, 0xc000477b10}, {0x8f0476, 0x4}, {0xc000477c68, 0x3, 0xc000477b40})
	D:/ProgramFiles/Go/src/reflect/value.go:543 +0x814
reflect.Value.Call({0xc000052180, 0xc000007998, 0xc000600000}, {0xc000477c68, 0x3, 0x3})
	D:/ProgramFiles/Go/src/reflect/value.go:339 +0xc5
6.824/labrpc.(*Service).dispatch(0xc000196f00, {0x8f199d, 0x2}, {{0x8bc880, 0xc00068e340}, {0x8f1994, 0xb}, {0x93e9e0, 0x8b4540}, {0xc00066f5c0, ...}, ...})
	D:/Go/src/6.824/src/labrpc/labrpc.go:496 +0x39d
6.824/labrpc.(*Server).dispatch(0xc000608ba0, {{0x8bc880, 0xc00068e340}, {0x8f1994, 0xb}, {0x93e9e0, 0x8b4540}, {0xc00066f5c0, 0x6b, 0xb5}, ...})
	D:/Go/src/6.824/src/labrpc/labrpc.go:420 +0x1fe
6.824/labrpc.(*Network).processReq.func1()
	D:/Go/src/6.824/src/labrpc/labrpc.go:240 +0x58
created by 6.824/labrpc.(*Network).processReq
	D:/Go/src/6.824/src/labrpc/labrpc.go:239 +0x1df

goroutine 102329 [chan receive]:
6.824/labrpc.(*ClientEnd).Call(0xc000380000, {0x8f1994, 0xc000333f98}, {0x8b4540, 0xc0000f2780}, {0x8b44c0, 0xc000548c90})
	D:/Go/src/6.824/src/labrpc/labrpc.go:112 +0x26e
6.824/kvraft.(*Clerk).Execute.func1(0x3, {0x1, {0x8f99bf, 0x1}, {0x0, 0x0}, 0xeaa57904b042ffe, 0x25})
	D:/Go/src/6.824/src/kvraft/client.go:45 +0x12b
created by 6.824/kvraft.(*Clerk).Execute
	D:/Go/src/6.824/src/kvraft/client.go:43 +0x1c5

goroutine 102113 [select]:
6.824/labrpc.(*Network).processReq(0xc000054190, {{0x8bc880, 0xc00068edb0}, {0x8f1994, 0xb}, {0x93e9e0, 0x8b4540}, {0xc0000e6e70, 0x60, 0xaa}, ...})
	D:/Go/src/6.824/src/labrpc/labrpc.go:251 +0x41c
created by 6.824/labrpc.MakeNetwork.func1
	D:/Go/src/6.824/src/labrpc/labrpc.go:157 +0x3e

goroutine 102220 [select]:
6.824/labrpc.(*Network).processReq(0xc000054190, {{0x8bc880, 0xc0006036f0}, {0x8f1994, 0xb}, {0x93e9e0, 0x8b4540}, {0xc00025e000, 0x5f, 0xa9}, ...})
	D:/Go/src/6.824/src/labrpc/labrpc.go:251 +0x41c
created by 6.824/labrpc.MakeNetwork.func1
	D:/Go/src/6.824/src/labrpc/labrpc.go:157 +0x3e

goroutine 102330 [select]:
6.824/labrpc.(*Network).processReq(0xc000054190, {{0x8bc880, 0xc00020c0f0}, {0x8f1994, 0xb}, {0x93e9e0, 0x8b4540}, {0xc000355290, 0x5f, 0xa9}, ...})
	D:/Go/src/6.824/src/labrpc/labrpc.go:251 +0x41c
created by 6.824/labrpc.MakeNetwork.func1
	D:/Go/src/6.824/src/labrpc/labrpc.go:157 +0x3e

goroutine 102399 [semacquire]:
sync.runtime_SemacquireMutex(0x8bc9c0, 0x3, 0x8a9ab4)
	D:/ProgramFiles/Go/src/runtime/sema.go:71 +0x25
sync.(*Mutex).lockSlow(0xc000127490)
	D:/ProgramFiles/Go/src/sync/mutex.go:138 +0x165
sync.(*Mutex).Lock(...)
	D:/ProgramFiles/Go/src/sync/mutex.go:81
6.824/kvraft.(*KVServer).Do(0xc000127490, 0xc00051b400, 0xc0004e2168)
	D:/Go/src/6.824/src/kvraft/server.go:38 +0x85
reflect.Value.call({0xc000052180, 0xc000007998, 0xc00014fb10}, {0x8f0476, 0x4}, {0xc00014fc68, 0x3, 0xc00014fb40})
	D:/ProgramFiles/Go/src/reflect/value.go:543 +0x814
reflect.Value.Call({0xc000052180, 0xc000007998, 0xc000600c98}, {0xc00014fc68, 0x3, 0x3})
	D:/ProgramFiles/Go/src/reflect/value.go:339 +0xc5
6.824/labrpc.(*Service).dispatch(0xc000196f00, {0x8f199d, 0x2}, {{0x8bc880, 0xc000603570}, {0x8f1994, 0xb}, {0x93e9e0, 0x8b4540}, {0xc000354160, ...}, ...})
	D:/Go/src/6.824/src/labrpc/labrpc.go:496 +0x39d
6.824/labrpc.(*Server).dispatch(0xc000608ba0, {{0x8bc880, 0xc000603570}, {0x8f1994, 0xb}, {0x93e9e0, 0x8b4540}, {0xc000354160, 0x5f, 0xa9}, ...})
	D:/Go/src/6.824/src/labrpc/labrpc.go:420 +0x1fe
6.824/labrpc.(*Network).processReq.func1()
	D:/Go/src/6.824/src/labrpc/labrpc.go:240 +0x58
created by 6.824/labrpc.(*Network).processReq
	D:/Go/src/6.824/src/labrpc/labrpc.go:239 +0x1df

goroutine 87832 [select]:
6.824/kvraft.(*Clerk).Execute(0xc000196100, 0xc0007e9c68, 0xc0007e9c50)
	D:/Go/src/6.824/src/kvraft/client.go:50 +0x22c
6.824/kvraft.(*Clerk).Get(0xc0007e9cd8, {0x8fe8f1, 0x9})
	D:/Go/src/6.824/src/kvraft/client.go:71 +0x137
6.824/kvraft.Get(0xc000146000, 0x2, {0x8fe8f1, 0x2}, 0xc000044ca0, 0x11)
	D:/Go/src/6.824/src/kvraft/test_test.go:43 +0xbb
6.824/kvraft.GenericTest.func1(0x11, 0xc0007577a0, 0xc00012e680)
	D:/Go/src/6.824/src/kvraft/test_test.go:284 +0x3e5
6.824/kvraft.run_client(0xc0001cadc0, 0xc000146000, 0x28a, 0xc00019d380, 0xc0002db630)
	D:/Go/src/6.824/src/kvraft/test_test.go:103 +0xe4
created by 6.824/kvraft.spawn_clients_and_wait
	D:/Go/src/6.824/src/kvraft/test_test.go:113 +0x51

goroutine 102290 [chan receive]:
6.824/labrpc.(*ClientEnd).Call(0xc00026a060, {0x8f1994, 0xc0006ebf98}, {0x8b4540, 0xc000410540}, {0x8b44c0, 0xc0004e3920})
	D:/Go/src/6.824/src/labrpc/labrpc.go:112 +0x26e
6.824/kvraft.(*Clerk).Execute.func1(0x0, {0x3, {0x8f99c2, 0x1}, {0xc0002c02c8, 0x8}, 0x1b992b669f4b57c1, 0x26})
	D:/Go/src/6.824/src/kvraft/client.go:45 +0x12b
created by 6.824/kvraft.(*Clerk).Execute
	D:/Go/src/6.824/src/kvraft/client.go:43 +0x1c5

goroutine 87825 [select]:
6.824/kvraft.(*Clerk).Execute(0xc0000f3840, 0xc00057bc68, 0xc00057bc50)
	D:/Go/src/6.824/src/kvraft/client.go:50 +0x22c
6.824/kvraft.(*Clerk).Get(0xc00057bcd8, {0x8fe8e3, 0x9})
	D:/Go/src/6.824/src/kvraft/client.go:71 +0x137
6.824/kvraft.Get(0xc000146000, 0x2, {0x8fe8e3, 0x2}, 0xc000044ca0, 0xa)
	D:/Go/src/6.824/src/kvraft/test_test.go:43 +0xbb
6.824/kvraft.GenericTest.func1(0xa, 0xc00024c6f0, 0xc00012e680)
	D:/Go/src/6.824/src/kvraft/test_test.go:284 +0x3e5
6.824/kvraft.run_client(0xc0001c4580, 0xc000146000, 0x28a, 0xc00019c600, 0xc0002db630)
	D:/Go/src/6.824/src/kvraft/test_test.go:103 +0xe4
created by 6.824/kvraft.spawn_clients_and_wait
	D:/Go/src/6.824/src/kvraft/test_test.go:113 +0x51

goroutine 102398 [select]:
6.824/labrpc.(*Network).processReq(0xc000054190, {{0x8bc880, 0xc000603570}, {0x8f1994, 0xb}, {0x93e9e0, 0x8b4540}, {0xc000354160, 0x5f, 0xa9}, ...})
	D:/Go/src/6.824/src/labrpc/labrpc.go:251 +0x41c
created by 6.824/labrpc.MakeNetwork.func1
	D:/Go/src/6.824/src/labrpc/labrpc.go:157 +0x3e

goroutine 86683 [sleep]:
time.Sleep(0xd693a40)
	D:/ProgramFiles/Go/src/runtime/time.go:193 +0x133
6.824/raft.(*Raft).electionTicker(0xc00014a1e0)
	D:/Go/src/6.824/src/raft/raft.go:612 +0x95
created by 6.824/raft.Make
	D:/Go/src/6.824/src/raft/raft.go:653 +0x27b

goroutine 87822 [select]:
6.824/kvraft.(*Clerk).Execute(0xc000382900, 0xc00026fc78, 0xc00026fc60)
	D:/Go/src/6.824/src/kvraft/client.go:50 +0x22c
6.824/kvraft.(*Clerk).Append(0x8, {0x8f99c4, 0xc00026fd50}, {0xc000421c00, 0xc0001c7350})
	D:/Go/src/6.824/src/kvraft/client.go:100 +0x152
6.824/kvraft.Append(0xc000146000, 0x2, {0x8f99c4, 0x1}, {0xc000421c00, 0x8}, 0xc000044ca0, 0x7)
	D:/Go/src/6.824/src/kvraft/test_test.go:77 +0xd5
6.824/kvraft.GenericTest.func1(0x7, 0xc00024c870, 0xc00012e680)
	D:/Go/src/6.824/src/kvraft/test_test.go:272 +0x587
6.824/kvraft.run_client(0xc000465740, 0xc000146000, 0xc00026ffd0, 0x88b98d, 0xc0002db630)
	D:/Go/src/6.824/src/kvraft/test_test.go:103 +0xe4
created by 6.824/kvraft.spawn_clients_and_wait
	D:/Go/src/6.824/src/kvraft/test_test.go:113 +0x51

goroutine 102189 [select]:
6.824/labrpc.(*Network).processReq(0xc000054190, {{0x8bc880, 0xc00068e4a0}, {0x8f1994, 0xb}, {0x93e9e0, 0x8b4540}, {0xc00025f130, 0x60, 0xaa}, ...})
	D:/Go/src/6.824/src/labrpc/labrpc.go:251 +0x41c
created by 6.824/labrpc.MakeNetwork.func1
	D:/Go/src/6.824/src/labrpc/labrpc.go:157 +0x3e

goroutine 102243 [semacquire]:
sync.runtime_SemacquireMutex(0x8bc9c0, 0x3, 0x8a9ab4)
	D:/ProgramFiles/Go/src/runtime/sema.go:71 +0x25
sync.(*Mutex).lockSlow(0xc000127490)
	D:/ProgramFiles/Go/src/sync/mutex.go:138 +0x165
sync.(*Mutex).Lock(...)
	D:/ProgramFiles/Go/src/sync/mutex.go:81
6.824/kvraft.(*KVServer).Do(0xc000127490, 0xc00051b240, 0xc000608240)
	D:/Go/src/6.824/src/kvraft/server.go:38 +0x85
reflect.Value.call({0xc000052180, 0xc000007998, 0xc000495b10}, {0x8f0476, 0x4}, {0xc000495c68, 0x3, 0xc000495b40})
	D:/ProgramFiles/Go/src/reflect/value.go:543 +0x814
reflect.Value.Call({0xc000052180, 0xc000007998, 0xc000463b78}, {0xc000495c68, 0x3, 0x3})
	D:/ProgramFiles/Go/src/reflect/value.go:339 +0xc5
6.824/labrpc.(*Service).dispatch(0xc000196f00, {0x8f199d, 0x2}, {{0x8bc880, 0xc00020c990}, {0x8f1994, 0xb}, {0x93e9e0, 0x8b4540}, {0xc00066ef00, ...}, ...})
	D:/Go/src/6.824/src/labrpc/labrpc.go:496 +0x39d
6.824/labrpc.(*Server).dispatch(0xc000608ba0, {{0x8bc880, 0xc00020c990}, {0x8f1994, 0xb}, {0x93e9e0, 0x8b4540}, {0xc00066ef00, 0x69, 0xb3}, ...})
	D:/Go/src/6.824/src/labrpc/labrpc.go:420 +0x1fe
6.824/labrpc.(*Network).processReq.func1()
	D:/Go/src/6.824/src/labrpc/labrpc.go:240 +0x58
created by 6.824/labrpc.(*Network).processReq
	D:/Go/src/6.824/src/labrpc/labrpc.go:239 +0x1df

goroutine 102120 [select]:
6.824/labrpc.(*Network).processReq(0xc000054190, {{0x8bc880, 0xc00068e8c0}, {0x8f1994, 0xb}, {0x93e9e0, 0x8b4540}, {0xc00023c3c0, 0x6b, 0xb5}, ...})
	D:/Go/src/6.824/src/labrpc/labrpc.go:251 +0x41c
created by 6.824/labrpc.MakeNetwork.func1
	D:/Go/src/6.824/src/labrpc/labrpc.go:157 +0x3e

goroutine 86685 [sleep]:
time.Sleep(0xdb58580)
	D:/ProgramFiles/Go/src/runtime/time.go:193 +0x133
6.824/raft.(*Raft).electionTicker(0xc00014a2d0)
	D:/Go/src/6.824/src/raft/raft.go:612 +0x95
created by 6.824/raft.Make
	D:/Go/src/6.824/src/raft/raft.go:653 +0x27b

goroutine 87834 [select]:
6.824/kvraft.(*Clerk).Execute(0xc00009b980, 0xc0007f1c78, 0xc0007f1c60)
	D:/Go/src/6.824/src/kvraft/client.go:50 +0x22c
6.824/kvraft.(*Clerk).Append(0x9, {0x8fe8f5, 0xc0007f1d50}, {0xc0002c0c20, 0xc00008db30})
	D:/Go/src/6.824/src/kvraft/client.go:100 +0x152
6.824/kvraft.Append(0xc000146000, 0x2, {0x8fe8f5, 0x2}, {0xc0002c0c20, 0x9}, 0xc000044ca0, 0x13)
	D:/Go/src/6.824/src/kvraft/test_test.go:77 +0xd5
6.824/kvraft.GenericTest.func1(0x13, 0xc00024c5a0, 0xc00012e680)
	D:/Go/src/6.824/src/kvraft/test_test.go:272 +0x587
6.824/kvraft.run_client(0xc0005845a0, 0xc000146000, 0x28a, 0xc000584360, 0xc0002db630)
	D:/Go/src/6.824/src/kvraft/test_test.go:103 +0xe4
created by 6.824/kvraft.spawn_clients_and_wait
	D:/Go/src/6.824/src/kvraft/test_test.go:113 +0x51

goroutine 102258 [semacquire]:
sync.runtime_SemacquireMutex(0x8bc9c0, 0x3, 0x8a9ab4)
	D:/ProgramFiles/Go/src/runtime/sema.go:71 +0x25
sync.(*Mutex).lockSlow(0xc000127490)
	D:/ProgramFiles/Go/src/sync/mutex.go:138 +0x165
sync.(*Mutex).Lock(...)
	D:/ProgramFiles/Go/src/sync/mutex.go:81
6.824/kvraft.(*KVServer).Do(0xc000127490, 0xc00060ed00, 0xc000b8cd08)
	D:/Go/src/6.824/src/kvraft/server.go:38 +0x85
reflect.Value.call({0xc000052180, 0xc000007998, 0xc0001d5b10}, {0x8f0476, 0x4}, {0xc0001d5c68, 0x3, 0xc0001d5b40})
	D:/ProgramFiles/Go/src/reflect/value.go:543 +0x814
reflect.Value.Call({0xc000052180, 0xc000007998, 0xc000600798}, {0xc0001d5c68, 0x3, 0x3})
	D:/ProgramFiles/Go/src/reflect/value.go:339 +0xc5
6.824/labrpc.(*Service).dispatch(0xc000196f00, {0x8f199d, 0x2}, {{0x8bc880, 0xc00020ccc0}, {0x8f1994, 0xb}, {0x93e9e0, 0x8b4540}, {0xc00066e240, ...}, ...})
	D:/Go/src/6.824/src/labrpc/labrpc.go:496 +0x39d
6.824/labrpc.(*Server).dispatch(0xc000608ba0, {{0x8bc880, 0xc00020ccc0}, {0x8f1994, 0xb}, {0x93e9e0, 0x8b4540}, {0xc00066e240, 0x69, 0xb3}, ...})
	D:/Go/src/6.824/src/labrpc/labrpc.go:420 +0x1fe
6.824/labrpc.(*Network).processReq.func1()
	D:/Go/src/6.824/src/labrpc/labrpc.go:240 +0x58
created by 6.824/labrpc.(*Network).processReq
	D:/Go/src/6.824/src/labrpc/labrpc.go:239 +0x1df

goroutine 102188 [chan receive]:
6.824/labrpc.(*ClientEnd).Call(0xc00026a1e0, {0x8f1994, 0x1}, {0x8b4540, 0xc0001630c0}, {0x8b44c0, 0xc000702618})
	D:/Go/src/6.824/src/labrpc/labrpc.go:112 +0x26e
6.824/kvraft.(*Clerk).Execute.func1(0x2, {0x1, {0x8fe8f1, 0x2}, {0x0, 0x0}, 0xc579be9de87a13d, 0x25})
	D:/Go/src/6.824/src/kvraft/client.go:45 +0x12b
created by 6.824/kvraft.(*Clerk).Execute
	D:/Go/src/6.824/src/kvraft/client.go:43 +0x1c5

goroutine 102221 [semacquire]:
sync.runtime_SemacquireMutex(0x8bc9c0, 0x3, 0x8a9ab4)
	D:/ProgramFiles/Go/src/runtime/sema.go:71 +0x25
sync.(*Mutex).lockSlow(0xc000127490)
	D:/ProgramFiles/Go/src/sync/mutex.go:138 +0x165
sync.(*Mutex).Lock(...)
	D:/ProgramFiles/Go/src/sync/mutex.go:81
6.824/kvraft.(*KVServer).Do(0xc000127490, 0xc0005a4d80, 0xc000608468)
	D:/Go/src/6.824/src/kvraft/server.go:38 +0x85
reflect.Value.call({0xc000052180, 0xc000007998, 0xc000555b10}, {0x8f0476, 0x4}, {0xc000555c68, 0x3, 0xc000555b40})
	D:/ProgramFiles/Go/src/reflect/value.go:543 +0x814
reflect.Value.Call({0xc000052180, 0xc000007998, 0xc000462008}, {0xc000555c68, 0x3, 0x3})
	D:/ProgramFiles/Go/src/reflect/value.go:339 +0xc5
6.824/labrpc.(*Service).dispatch(0xc000196f00, {0x8f199d, 0x2}, {{0x8bc880, 0xc0006036f0}, {0x8f1994, 0xb}, {0x93e9e0, 0x8b4540}, {0xc00025e000, ...}, ...})
	D:/Go/src/6.824/src/labrpc/labrpc.go:496 +0x39d
6.824/labrpc.(*Server).dispatch(0xc000608ba0, {{0x8bc880, 0xc0006036f0}, {0x8f1994, 0xb}, {0x93e9e0, 0x8b4540}, {0xc00025e000, 0x5f, 0xa9}, ...})
	D:/Go/src/6.824/src/labrpc/labrpc.go:420 +0x1fe
6.824/labrpc.(*Network).processReq.func1()
	D:/Go/src/6.824/src/labrpc/labrpc.go:240 +0x58
created by 6.824/labrpc.(*Network).processReq
	D:/Go/src/6.824/src/labrpc/labrpc.go:239 +0x1df

goroutine 102139 [semacquire]:
sync.runtime_SemacquireMutex(0x8bc9c0, 0x3, 0x8a9ab4)
	D:/ProgramFiles/Go/src/runtime/sema.go:71 +0x25
sync.(*Mutex).lockSlow(0xc000127490)
	D:/ProgramFiles/Go/src/sync/mutex.go:138 +0x165
sync.(*Mutex).Lock(...)
	D:/ProgramFiles/Go/src/sync/mutex.go:81
6.824/kvraft.(*KVServer).Do(0xc000127490, 0xc000427c00, 0xc00034ecd8)
	D:/Go/src/6.824/src/kvraft/server.go:38 +0x85
reflect.Value.call({0xc000052180, 0xc000007998, 0xc00030bb10}, {0x8f0476, 0x4}, {0xc00030bc68, 0x3, 0xc00030bb40})
	D:/ProgramFiles/Go/src/reflect/value.go:543 +0x814
reflect.Value.Call({0xc000052180, 0xc000007998, 0xc000279828}, {0xc00030bc68, 0x3, 0x3})
	D:/ProgramFiles/Go/src/reflect/value.go:339 +0xc5
6.824/labrpc.(*Service).dispatch(0xc000196f00, {0x8f199d, 0x2}, {{0x8bc880, 0xc00068e640}, {0x8f1994, 0xb}, {0x93e9e0, 0x8b4540}, {0xc000354e70, ...}, ...})
	D:/Go/src/6.824/src/labrpc/labrpc.go:496 +0x39d
6.824/labrpc.(*Server).dispatch(0xc000608ba0, {{0x8bc880, 0xc00068e640}, {0x8f1994, 0xb}, {0x93e9e0, 0x8b4540}, {0xc000354e70, 0x60, 0xaa}, ...})
	D:/Go/src/6.824/src/labrpc/labrpc.go:420 +0x1fe
6.824/labrpc.(*Network).processReq.func1()
	D:/Go/src/6.824/src/labrpc/labrpc.go:240 +0x58
created by 6.824/labrpc.(*Network).processReq
	D:/Go/src/6.824/src/labrpc/labrpc.go:239 +0x1df
exit status 2
FAIL	6.824/kvraft	15.024s
