Test: restarts, snapshots, many clients (3B) ...
panic: runtime error: growslice: cap out of range [recovered]
	panic: runtime error: growslice: cap out of range [recovered]
	panic: runtime error: growslice: cap out of range

goroutine 84224 [running]:
encoding/gob.catchError(0xc000344630)
	D:/ProgramFiles/Go/src/encoding/gob/error.go:38 +0x6d
panic({0xdc8220, 0xe35870})
	D:/ProgramFiles/Go/src/runtime/panic.go:1038 +0x215
encoding/gob.catchError(0xc000344630)
	D:/ProgramFiles/Go/src/encoding/gob/error.go:38 +0x6d
panic({0xdc8220, 0xe35870})
	D:/ProgramFiles/Go/src/runtime/panic.go:1038 +0x215
encoding/gob.(*encBuffer).WriteString(...)
	D:/ProgramFiles/Go/src/encoding/gob/encode.go:60
encoding/gob.encString(0xc0001aa1e0, 0xc0006f61c0, {0xdbc880, 0xc0004e4dd8, 0xe3e9e0})
	D:/ProgramFiles/Go/src/encoding/gob/encode.go:256 +0xed
encoding/gob.(*Encoder).encodeStruct(0xc0003445a0, 0xc000291740, 0xc000004bb8, {0xddf2c0, 0xc0004e4dc0, 0x8})
	D:/ProgramFiles/Go/src/encoding/gob/encode.go:328 +0x2d1
encoding/gob.encOpFor.func4(0xc000146600, 0xc0006f6180, {0xddf2c0, 0xc0004e4dc0, 0x6600000000030000})
	D:/ProgramFiles/Go/src/encoding/gob/encode.go:581 +0xec
encoding/gob.(*Encoder).encodeStruct(0xc0003445a0, 0xc000291740, 0xc00041ba40, {0xdd6480, 0xc0004e4dc0, 0xc000774b48})
	D:/ProgramFiles/Go/src/encoding/gob/encode.go:328 +0x2d1
encoding/gob.(*Encoder).encode(0xc0003445a0, 0xc0006a0780, {0xdd6480, 0xc0004e4dc0, 0xc000051b80}, 0xc000051b80)
	D:/ProgramFiles/Go/src/encoding/gob/encode.go:701 +0x1d7
encoding/gob.(*Encoder).encodeInterface(0xc0003445a0, 0xc0003445d8, {0xdc3ce0, 0xc0004683c0, 0xc000774d28})
	D:/ProgramFiles/Go/src/encoding/gob/encode.go:419 +0x5fc
encoding/gob.encOpFor.func5(0xc000146480, 0xc0006f60c0, {0xdc3ce0, 0xc0004683c0, 0xc0006a0750})
	D:/ProgramFiles/Go/src/encoding/gob/encode.go:589 +0x116
encoding/gob.(*Encoder).encodeStruct(0xc0003445a0, 0xc0003445d8, 0xc0000f9140, {0xdd6840, 0xc0004683c0, 0xe3e9e0})
	D:/ProgramFiles/Go/src/encoding/gob/encode.go:328 +0x2d1
encoding/gob.encOpFor.func4(0xdb8d40, 0xc000721818, {0xdd6840, 0xc0004683c0, 0xc0006a0750})
	D:/ProgramFiles/Go/src/encoding/gob/encode.go:581 +0xec
encoding/gob.(*Encoder).encodeArray(0xdb8d40, 0xc000721818, {0xdb8d40, 0xc000721818, 0xc000774fd8}, 0xc000320a00, 0x0, 0x4, 0x0)
	D:/ProgramFiles/Go/src/encoding/gob/encode.go:351 +0x29d
encoding/gob.encOpFor.func1(0xc000319d10, 0xc0006f6000, {0xdb8d40, 0xc000721818, 0xc000775038})
	D:/ProgramFiles/Go/src/encoding/gob/encode.go:551 +0x136
encoding/gob.(*Encoder).encodeSingle(0xdb8d40, 0xc000721818, 0xc00031d200, {0xdb8d40, 0xc000721818, 0xc0007750a8})
	D:/ProgramFiles/Go/src/encoding/gob/encode.go:301 +0x219
encoding/gob.(*Encoder).encode(0xc0003445a0, 0xc0006a0780, {0xdb8d40, 0xc000721818, 0xc00031d200}, 0xc00031d200)
	D:/ProgramFiles/Go/src/encoding/gob/encode.go:703 +0x1ac
encoding/gob.(*Encoder).EncodeValue(0xc0003445a0, {0xdb8d40, 0xc000721818, 0xdb8d40})
	D:/ProgramFiles/Go/src/encoding/gob/encoder.go:251 +0x42e
encoding/gob.(*Encoder).Encode(0xdb8d40, {0xdb8d40, 0xc000721818})
	D:/ProgramFiles/Go/src/encoding/gob/encoder.go:176 +0xa5
6.824/labgob.(*LabEncoder).Encode(0xc000169148, {0xdb8d40, 0xc000721818})
	D:/Go/src/6.824/src/labgob/labgob.go:34 +0x45
6.824/raft.(*Raft).GetRaftStateData(0xc0001480f0)
	D:/Go/src/6.824/src/raft/raft.go:126 +0x72
6.824/raft.(*Raft).persist(0xc0001480f0)
	D:/Go/src/6.824/src/raft/raft.go:132 +0x1e
6.824/raft.(*Raft).Start(0xc0001480f0, {0xdd6480, 0xc0004e4dc0})
	D:/Go/src/6.824/src/raft/raft.go:238 +0x205
6.824/kvraft.(*KVServer).Do(0xc000126af0, 0xc000580880, 0xc0002d2078)
	D:/Go/src/6.824/src/kvraft/server.go:45 +0x2a5
reflect.Value.call({0xc000052180, 0xc00061c900, 0xc000079b10}, {0xdf0476, 0x4}, {0xc000079c68, 0x3, 0xc000079b40})
	D:/ProgramFiles/Go/src/reflect/value.go:543 +0x814
reflect.Value.Call({0xc000052180, 0xc00061c900, 0xc00035d978}, {0xc000079c68, 0x3, 0x3})
	D:/ProgramFiles/Go/src/reflect/value.go:339 +0xc5
6.824/labrpc.(*Service).dispatch(0xc0003ab580, {0xdf199d, 0x2}, {{0xdbc880, 0xc0003347e0}, {0xdf1994, 0xb}, {0xe3e9e0, 0xdb4540}, {0xc000675380, ...}, ...})
	D:/Go/src/6.824/src/labrpc/labrpc.go:496 +0x39d
6.824/labrpc.(*Server).dispatch(0xc000374c18, {{0xdbc880, 0xc0003347e0}, {0xdf1994, 0xb}, {0xe3e9e0, 0xdb4540}, {0xc000675380, 0x6b, 0xb5}, ...})
	D:/Go/src/6.824/src/labrpc/labrpc.go:420 +0x1fe
6.824/labrpc.(*Network).processReq.func1()
	D:/Go/src/6.824/src/labrpc/labrpc.go:240 +0x58
created by 6.824/labrpc.(*Network).processReq
	D:/Go/src/6.824/src/labrpc/labrpc.go:239 +0x1df
exit status 2
FAIL	6.824/kvraft	11.760s
