Test: restarts, snapshots, many clients (3B) ...
panic: runtime error: growslice: cap out of range [recovered]
	panic: runtime error: growslice: cap out of range [recovered]
	panic: runtime error: growslice: cap out of range

goroutine 31902 [running]:
encoding/gob.catchError(0xc0000fcbd0)
	D:/ProgramFiles/Go/src/encoding/gob/error.go:38 +0x6d
panic({0x9f8240, 0xa658c0})
	D:/ProgramFiles/Go/src/runtime/panic.go:1038 +0x215
encoding/gob.catchError(0xc0000fcbd0)
	D:/ProgramFiles/Go/src/encoding/gob/error.go:38 +0x6d
panic({0x9f8240, 0xa658c0})
	D:/ProgramFiles/Go/src/runtime/panic.go:1038 +0x215
encoding/gob.(*encBuffer).WriteString(...)
	D:/ProgramFiles/Go/src/encoding/gob/encode.go:60
encoding/gob.encString(0xc0001ca1e0, 0xc0004e9480, {0x9ec8a0, 0xc000174d88, 0xa6ea20})
	D:/ProgramFiles/Go/src/encoding/gob/encode.go:256 +0xed
encoding/gob.(*Encoder).encodeStruct(0xc0000fcb40, 0xc0004b2840, 0xc000004bd0, {0xa0f2e0, 0xc000174d70, 0x8})
	D:/ProgramFiles/Go/src/encoding/gob/encode.go:328 +0x2d1
encoding/gob.encOpFor.func4(0xc000146480, 0xc0004e9440, {0xa0f2e0, 0xc000174d70, 0xc800000000030001})
	D:/ProgramFiles/Go/src/encoding/gob/encode.go:581 +0xec
encoding/gob.(*Encoder).encodeStruct(0xc0000fcb40, 0xc0004b2840, 0xc00008a168, {0xa064a0, 0xc000174d70, 0xc0000aab48})
	D:/ProgramFiles/Go/src/encoding/gob/encode.go:328 +0x2d1
encoding/gob.(*Encoder).encode(0xc0000fcb40, 0xc0003d2e70, {0xa064a0, 0xc000174d70, 0xc000051b80}, 0xc000051b80)
	D:/ProgramFiles/Go/src/encoding/gob/encode.go:701 +0x1d7
encoding/gob.(*Encoder).encodeInterface(0xc0000fcb40, 0xc0000fcb78, {0x9f3d00, 0xc000062240, 0xc0000aad28})
	D:/ProgramFiles/Go/src/encoding/gob/encode.go:419 +0x5fc
encoding/gob.encOpFor.func5(0xc00031c0c0, 0xc0004e93c0, {0x9f3d00, 0xc000062240, 0xc0003d2e40})
	D:/ProgramFiles/Go/src/encoding/gob/encode.go:589 +0x116
encoding/gob.(*Encoder).encodeStruct(0xc0000fcb40, 0xc0000fcb78, 0xc000550a98, {0xa06860, 0xc000062240, 0xa6ea20})
	D:/ProgramFiles/Go/src/encoding/gob/encode.go:328 +0x2d1
encoding/gob.encOpFor.func4(0x9e8d60, 0xc00033c5d0, {0xa06860, 0xc000062240, 0xc0003d2e40})
	D:/ProgramFiles/Go/src/encoding/gob/encode.go:581 +0xec
encoding/gob.(*Encoder).encodeArray(0x9e8d60, 0xc00033c5d0, {0x9e8d60, 0xc00033c5d0, 0xc0000aafd8}, 0xc000547340, 0x0, 0x9, 0x0)
	D:/ProgramFiles/Go/src/encoding/gob/encode.go:351 +0x29d
encoding/gob.encOpFor.func1(0xc000558780, 0xc0004e9340, {0x9e8d60, 0xc00033c5d0, 0xc0000ab038})
	D:/ProgramFiles/Go/src/encoding/gob/encode.go:551 +0x136
encoding/gob.(*Encoder).encodeSingle(0x9e8d60, 0xc00033c5d0, 0xc00055a200, {0x9e8d60, 0xc00033c5d0, 0xc0000ab0a8})
	D:/ProgramFiles/Go/src/encoding/gob/encode.go:301 +0x219
encoding/gob.(*Encoder).encode(0xc0000fcb40, 0xc0003d2e70, {0x9e8d60, 0xc00033c5d0, 0xc00055a200}, 0xc00055a200)
	D:/ProgramFiles/Go/src/encoding/gob/encode.go:703 +0x1ac
encoding/gob.(*Encoder).EncodeValue(0xc0000fcb40, {0x9e8d60, 0xc00033c5d0, 0x9e8d60})
	D:/ProgramFiles/Go/src/encoding/gob/encoder.go:251 +0x42e
encoding/gob.(*Encoder).Encode(0x9e8d60, {0x9e8d60, 0xc00033c5d0})
	D:/ProgramFiles/Go/src/encoding/gob/encoder.go:176 +0xa5
6.824/labgob.(*LabEncoder).Encode(0xc00030b0b8, {0x9e8d60, 0xc00033c5d0})
	D:/Go/src/6.824/src/labgob/labgob.go:34 +0x45
6.824/raft.(*Raft).GetRaftStateData(0xc000148780)
	D:/Go/src/6.824/src/raft/raft.go:126 +0x72
6.824/raft.(*Raft).persist(0xc000148780)
	D:/Go/src/6.824/src/raft/raft.go:132 +0x1e
6.824/raft.(*Raft).Start(0xc000148780, {0xa064a0, 0xc000174d70})
	D:/Go/src/6.824/src/raft/raft.go:238 +0x205
6.824/kvraft.(*KVServer).Do(0xc0000d5180, 0xc000163d40, 0xc00049ee58)
	D:/Go/src/6.824/src/kvraft/server.go:46 +0x2a5
reflect.Value.call({0xc000052180, 0xc0006177c8, 0xc00013db10}, {0xa204b6, 0x4}, {0xc00013dc68, 0x3, 0xc00013db40})
	D:/ProgramFiles/Go/src/reflect/value.go:543 +0x814
reflect.Value.Call({0xc000052180, 0xc0006177c8, 0xc000007a90}, {0xc00013dc68, 0x3, 0x3})
	D:/ProgramFiles/Go/src/reflect/value.go:339 +0xc5
6.824/labrpc.(*Service).dispatch(0xc0003efd40, {0xa219dd, 0x2}, {{0x9ec8a0, 0xc0001fc7a0}, {0xa219d4, 0xb}, {0xa6ea20, 0x9e4560}, {0xc000584840, ...}, ...})
	D:/Go/src/6.824/src/labrpc/labrpc.go:496 +0x39d
6.824/labrpc.(*Server).dispatch(0xc00049eea0, {{0x9ec8a0, 0xc0001fc7a0}, {0xa219d4, 0xb}, {0xa6ea20, 0x9e4560}, {0xc000584840, 0x6b, 0xb5}, ...})
	D:/Go/src/6.824/src/labrpc/labrpc.go:420 +0x1fe
6.824/labrpc.(*Network).processReq.func1()
	D:/Go/src/6.824/src/labrpc/labrpc.go:240 +0x58
created by 6.824/labrpc.(*Network).processReq
	D:/Go/src/6.824/src/labrpc/labrpc.go:239 +0x1df
exit status 2
FAIL	6.824/kvraft	9.714s
