Test: restarts, snapshots, many clients (3B) ...
2021/12/25 00:03:45 ck.me:2079034929
2021/12/25 00:03:45 ck.me:1693957357
2021/12/25 00:03:45 ck.me:2892427231
2021/12/25 00:03:45 ck.me:1133377508
2021/12/25 00:03:45 ck.me:1356513937
2021/12/25 00:03:45 ck.me:2848924226
2021/12/25 00:03:45 ck.me:2771634450
2021/12/25 00:03:45 ck.me:3277293770
2021/12/25 00:03:45 ck.me:2680866049
2021/12/25 00:03:45 ck.me:750685488
2021/12/25 00:03:45 ck.me:4004067494
2021/12/25 00:03:45 ck.me:1714482596
2021/12/25 00:03:45 ck.me:637814924
2021/12/25 00:03:45 ck.me:1948007822
2021/12/25 00:03:45 ck.me:2137800418
2021/12/25 00:03:45 ck.me:3329908582
2021/12/25 00:03:45 ck.me:4277631403
2021/12/25 00:03:45 ck.me:2745234641
2021/12/25 00:03:45 ck.me:62439219
2021/12/25 00:03:45 ck.me:22386050
2021/12/25 00:03:45 ck.me:2037793692
panic: runtime error: slice bounds out of range [:824640873294] with capacity 26

goroutine 19858 [running]:
6.824/raft.(*Raft).CutLog(...)
	D:/Go/src/6.824/src/raft/raft.go:109
6.824/raft.(*Raft).AppendLog(0xc0000ca0f0, 0xc0002c7260, 0xc000a0a220)
	D:/Go/src/6.824/src/raft/raft.go:403 +0x69c
reflect.Value.call({0xc0000523c0, 0xc0000067b0, 0xc000287b10}, {0xbf0377, 0x4}, {0xc000287c68, 0x3, 0xc000287b40})
	D:/ProgramFiles/Go/src/reflect/value.go:543 +0x814
reflect.Value.Call({0xc0000523c0, 0xc0000067b0, 0xc000b8ece0}, {0xc000287c68, 0x3, 0x3})
	D:/ProgramFiles/Go/src/reflect/value.go:339 +0xc5
6.824/labrpc.(*Service).dispatch(0xc000051d80, {0xbf2601, 0x9}, {{0xbbc7a0, 0xc000043e20}, {0xbf25fc, 0xe}, {0xc3e880, 0xbb48e0}, {0xc00032cb00, ...}, ...})
	D:/Go/src/6.824/src/labrpc/labrpc.go:496 +0x39d
6.824/labrpc.(*Server).dispatch(0xc0000048d0, {{0xbbc7a0, 0xc000043e20}, {0xbf25fc, 0xe}, {0xc3e880, 0xbb48e0}, {0xc00032cb00, 0x22b, 0x28a}, ...})
	D:/Go/src/6.824/src/labrpc/labrpc.go:420 +0x1fe
6.824/labrpc.(*Network).processReq.func1()
	D:/Go/src/6.824/src/labrpc/labrpc.go:240 +0x58
created by 6.824/labrpc.(*Network).processReq
	D:/Go/src/6.824/src/labrpc/labrpc.go:239 +0x1df
exit status 2
FAIL	6.824/kvraft	1.543s
