Test (2C): basic persistence ...
labgob warning: Decoding into a non-default variable/field int may not work
  ... Passed --   2.7  3   98   24534    6
Test (2C): more persistence ...
  ... Passed --  14.9  5 1480  311894   16
Test (2C): partitioned leader and one follower crash, leader restarts ...
  ... Passed --   1.3  3   42   10397    4
Test (2C): Figure 8 ...
  ... Passed --  46.8  5 2836 1170478  106
Test (2C): unreliable agreement ...
  ... Passed --   1.7  5 1096  375511  246
Test (2C): Figure 8 (unreliable) ...
--- FAIL: TestFigure8Unreliable2C (42.66s)
    config.go:546: one(5202) failed to reach agreement cause time out
Test (2C): churn ...
  ... Passed --  16.3  5 5640 15066108 1100
Test (2C): unreliable churn ...
  ... Passed --  16.3  5 3028 3292306  474
FAIL
exit status 1
FAIL	6.824/raft	142.550s
