Test (2C): basic persistence ...
labgob warning: Decoding into a non-default variable/field int may not work
  ... Passed --   2.7  3  100   24896    6
Test (2C): more persistence ...
  ... Passed --  15.6  5 1496  316902   16
Test (2C): partitioned leader and one follower crash, leader restarts ...
  ... Passed --   1.5  3   44   10583    4
Test (2C): Figure 8 ...
  ... Passed --  52.3  5 3100 1538881  125
Test (2C): unreliable agreement ...
  ... Passed --   1.7  5 1096  374608  246
Test (2C): Figure 8 (unreliable) ...
--- FAIL: TestFigure8Unreliable2C (44.48s)
    config.go:546: one(1445) failed to reach agreement cause time out
Test (2C): churn ...
  ... Passed --  16.2  5 7052 19204054 1452
Test (2C): unreliable churn ...
  ... Passed --  16.8  5 1836 2097406   46
FAIL
exit status 1
FAIL	6.824/raft	151.400s
