Test (2C): basic persistence ...
labgob warning: Decoding into a non-default variable/field int may not work
  ... Passed --   2.9  3  106   26446    6
Test (2C): more persistence ...
--- FAIL: TestPersist22C (6.82s)
    config.go:546: one(13) failed to reach agreement cause time out
Test (2C): partitioned leader and one follower crash, leader restarts ...
  ... Passed --   1.5  3   44   10600    4
Test (2C): Figure 8 ...
  ... Passed --  41.4  5 2496 1054758  109
Test (2C): unreliable agreement ...
  ... Passed --   1.7  5 1096  372644  246
Test (2C): Figure 8 (unreliable) ...
  ... Passed --  39.7  5 12456 31413630  107
Test (2C): churn ...
  ... Passed --  16.2  5 9540 20670614 2106
Test (2C): unreliable churn ...
  ... Passed --  16.2  5 4408 11263631  676
FAIL
exit status 1
FAIL	6.824/raft	126.584s
