Test (2C): basic persistence ...
labgob warning: Decoding into a non-default variable/field int may not work
  ... Passed --   2.7  3   98   24593    6
Test (2C): more persistence ...
--- FAIL: TestPersist22C (20.98s)
    config.go:546: one(25) failed to reach agreement cause time out
Test (2C): partitioned leader and one follower crash, leader restarts ...
  ... Passed --   1.4  3   42   10074    4
Test (2C): Figure 8 ...
  ... Passed --  42.7  5 2508 1199525  108
Test (2C): unreliable agreement ...
  ... Passed --   1.8  5 1100  373936  246
Test (2C): Figure 8 (unreliable) ...
  ... Passed --  40.1  5 12104 40225366   59
Test (2C): churn ...
  ... Passed --  16.2  5 9212 36065403 1973
Test (2C): unreliable churn ...
  ... Passed --  16.3  5 1976 1500457  165
FAIL
exit status 1
FAIL	6.824/raft	142.225s
