Test (2C): basic persistence ...
labgob warning: Decoding into a non-default variable/field int may not work
  ... Passed --   2.8  3  102   25543    6
Test (2C): more persistence ...
--- FAIL: TestPersist22C (9.36s)
    config.go:546: one(16) failed to reach agreement cause time out
Test (2C): partitioned leader and one follower crash, leader restarts ...
  ... Passed --   1.3  3   44   10673    4
Test (2C): Figure 8 ...
  ... Passed --  44.9  5 2584 1101231  108
Test (2C): unreliable agreement ...
  ... Passed --   1.7  5 1096  374059  246
Test (2C): Figure 8 (unreliable) ...
  ... Passed --  41.0  5 13280 52051080  147
Test (2C): churn ...
  ... Passed --  16.4  5 11556 47551464 2590
Test (2C): unreliable churn ...
  ... Passed --  16.3  5 4232 6757480  766
FAIL
exit status 1
FAIL	6.824/raft	133.719s
