Test (2C): basic persistence ...
labgob warning: Decoding into a non-default variable/field int may not work
  ... Passed --   2.9  3  104   25557    6
Test (2C): more persistence ...
  ... Passed --  20.1  5 1964  398745   16
Test (2C): partitioned leader and one follower crash, leader restarts ...
  ... Passed --   1.5  3   44   10583    4
Test (2C): Figure 8 ...
  ... Passed --  38.6  5 2256  941150  100
Test (2C): unreliable agreement ...
  ... Passed --   1.8  5 1104  374666  246
Test (2C): Figure 8 (unreliable) ...
--- FAIL: TestFigure8Unreliable2C (43.00s)
    config.go:546: one(1569) failed to reach agreement cause time out
Test (2C): churn ...
  ... Passed --  16.5  5 7960 52019860 1672
Test (2C): unreliable churn ...
  ... Passed --  16.6  5 1756 1208433  167
FAIL
exit status 1
FAIL	6.824/raft	141.164s
