Test (2C): basic persistence ...
labgob warning: Decoding into a non-default variable/field int may not work
  ... Passed --   2.7  3  102   25367    6
Test (2C): more persistence ...
  ... Passed --  16.9  5 1716  340816   16
Test (2C): partitioned leader and one follower crash, leader restarts ...
  ... Passed --   1.5  3   44   10600    4
Test (2C): Figure 8 ...
  ... Passed --  51.2  5 3084 1274955  124
Test (2C): unreliable agreement ...
  ... Passed --   1.7  5 1100  373265  246
Test (2C): Figure 8 (unreliable) ...
--- FAIL: TestFigure8Unreliable2C (43.27s)
    config.go:546: one(2207) failed to reach agreement cause time out
Test (2C): churn ...
  ... Passed --  16.7  5 10796 46538561 2339
Test (2C): unreliable churn ...
  ... Passed --  16.3  5 4216 6466115  739
FAIL
exit status 1
FAIL	6.824/raft	150.332s
