Test (2C): basic persistence ...
labgob warning: Decoding into a non-default variable/field int may not work
  ... Passed --   2.8  3  100   25119    6
Test (2C): more persistence ...
  ... Passed --  17.7  5 1716  352092   16
Test (2C): partitioned leader and one follower crash, leader restarts ...
  ... Passed --   1.5  3   44   10600    4
Test (2C): Figure 8 ...
  ... Passed --  43.3  5 2592  940392  109
Test (2C): unreliable agreement ...
  ... Passed --   1.9  5 1104  377530  246
Test (2C): Figure 8 (unreliable) ...
--- FAIL: TestFigure8Unreliable2C (46.05s)
    config.go:546: one(7634) failed to reach agreement cause time out
Test (2C): churn ...
  ... Passed --  16.3  5 2580 4059200  496
Test (2C): unreliable churn ...
  ... Passed --  16.3  5 1784 1729896  205
FAIL
exit status 1
FAIL	6.824/raft	145.893s
