Test (2C): basic persistence ...
labgob warning: Decoding into a non-default variable/field int may not work
  ... Passed --   2.7  3  100   24966    6
Test (2C): more persistence ...
  ... Passed --  18.6  5 1828  372161   16
Test (2C): partitioned leader and one follower crash, leader restarts ...
  ... Passed --   1.0  3   38    9550    4
Test (2C): Figure 8 ...
  ... Passed --  44.5  5 2636 1161238  110
Test (2C): unreliable agreement ...
  ... Passed --   1.8  5 1100  375632  246
Test (2C): Figure 8 (unreliable) ...
--- FAIL: TestFigure8Unreliable2C (42.12s)
    config.go:546: one(8691) failed to reach agreement cause time out
Test (2C): churn ...
  ... Passed --  16.6  5 4912 16860337  834
Test (2C): unreliable churn ...
  ... Passed --  16.2  5 2708 2634023  396
FAIL
exit status 1
FAIL	6.824/raft	143.621s
