Test (2C): basic persistence ...
labgob warning: Decoding into a non-default variable/field int may not work
  ... Passed --   2.8  3  102   25543    6
Test (2C): more persistence ...
  ... Passed --  22.3  5 2168  444626   16
Test (2C): partitioned leader and one follower crash, leader restarts ...
  ... Passed --   1.5  3   44   10549    4
Test (2C): Figure 8 ...
  ... Passed --  50.9  5 3104 1359247  125
Test (2C): unreliable agreement ...
  ... Passed --   1.6  5 1092  374438  246
Test (2C): Figure 8 (unreliable) ...
--- FAIL: TestFigure8Unreliable2C (38.17s)
    config.go:546: one(5838) failed to reach agreement cause time out
Test (2C): churn ...
  ... Passed --  16.4  5 4244 7107163  661
Test (2C): unreliable churn ...
  ... Passed --  16.6  5 3120 2335097  397
FAIL
exit status 1
FAIL	6.824/raft	150.240s
