Test (2C): basic persistence ...
labgob warning: Decoding into a non-default variable/field int may not work
  ... Passed --   2.8  3  104   25537    6
Test (2C): more persistence ...
  ... Passed --  16.5  5 1612  330332   16
Test (2C): partitioned leader and one follower crash, leader restarts ...
  ... Passed --   1.1  3   38    9550    4
Test (2C): Figure 8 ...
  ... Passed --  43.7  5 2576 1146841  109
Test (2C): unreliable agreement ...
  ... Passed --   1.9  5 1108  376262  246
Test (2C): Figure 8 (unreliable) ...
--- FAIL: TestFigure8Unreliable2C (45.62s)
    config.go:546: one(9282) failed to reach agreement cause time out
Test (2C): churn ...
  ... Passed --  16.4  5 7644 37578028 1647
Test (2C): unreliable churn ...
  ... Passed --  16.6  5 4584 3210180  797
FAIL
exit status 1
FAIL	6.824/raft	144.643s
