Test (2C): basic persistence ...
labgob warning: Decoding into a non-default variable/field int may not work
  ... Passed --   2.8  3  102   25437    6
Test (2C): more persistence ...
  ... Passed --  19.0  5 1796  374292   16
Test (2C): partitioned leader and one follower crash, leader restarts ...
  ... Passed --   1.5  3   44   10600    4
Test (2C): Figure 8 ...
  ... Passed --  43.7  5 2628  985504  107
Test (2C): unreliable agreement ...
  ... Passed --   1.7  5 1096  375366  246
Test (2C): Figure 8 (unreliable) ...
--- FAIL: TestFigure8Unreliable2C (47.53s)
    config.go:546: one(1537) failed to reach agreement cause time out
Test (2C): churn ...
  ... Passed --  16.2  5 9672 41904108 2081
Test (2C): unreliable churn ...
  ... Passed --  16.2  5 4480 9693446  567
FAIL
exit status 1
FAIL	6.824/raft	148.740s
