Test (2C): basic persistence ...
labgob warning: Decoding into a non-default variable/field int may not work
  ... Passed --   2.7  3   98   24629    6
Test (2C): more persistence ...
  ... Passed --  17.7  5 1652  335776   16
Test (2C): partitioned leader and one follower crash, leader restarts ...
  ... Passed --   1.1  3   40   10059    4
Test (2C): Figure 8 ...
  ... Passed --  41.2  5 2488 1103389  105
Test (2C): unreliable agreement ...
  ... Passed --   1.9  5 1108  375772  246
Test (2C): Figure 8 (unreliable) ...
--- FAIL: TestFigure8Unreliable2C (44.51s)
    config.go:546: one(1178) failed to reach agreement cause time out
Test (2C): churn ...
  ... Passed --  16.2  5 4540 19376532  872
Test (2C): unreliable churn ...
  ... Passed --  16.2  5 5272 6756552  860
FAIL
exit status 1
FAIL	6.824/raft	141.634s
