Test (2C): basic persistence ...
labgob warning: Decoding into a non-default variable/field int may not work
  ... Passed --   2.6  3   96   23891    6
Test (2C): more persistence ...
  ... Passed --  25.1  5 2488  489992   16
Test (2C): partitioned leader and one follower crash, leader restarts ...
  ... Passed --   1.1  3   40   10076    4
Test (2C): Figure 8 ...
  ... Passed --  44.0  5 2664 1002077  114
Test (2C): unreliable agreement ...
  ... Passed --   1.7  5 1092  376260  246
Test (2C): Figure 8 (unreliable) ...
--- FAIL: TestFigure8Unreliable2C (51.39s)
    config.go:546: one(7743) failed to reach agreement cause time out
Test (2C): churn ...
  ... Passed --  16.3  5 8176 28074056 1725
Test (2C): unreliable churn ...
  ... Passed --  16.5  5 4620 5408336  872
FAIL
exit status 1
FAIL	6.824/raft	158.677s
