Test (2C): basic persistence ...
labgob warning: Decoding into a non-default variable/field int may not work
  ... Passed --   2.9  3  108   26972    6
Test (2C): more persistence ...
  ... Passed --  16.4  5 1612  333563   16
Test (2C): partitioned leader and one follower crash, leader restarts ...
  ... Passed --   1.5  3   44   10600    4
Test (2C): Figure 8 ...
  ... Passed --  50.7  5 2908 1184262  116
Test (2C): unreliable agreement ...
  ... Passed --   1.9  5 1108  375239  246
Test (2C): Figure 8 (unreliable) ...
--- FAIL: TestFigure8Unreliable2C (44.59s)
    config.go:546: one(8735) failed to reach agreement cause time out
Test (2C): churn ...
  ... Passed --  16.2  5 3592 7413423  651
Test (2C): unreliable churn ...
  ... Passed --  16.3  5 3076 6488045  474
FAIL
exit status 1
FAIL	6.824/raft	150.426s
