Test (2C): basic persistence ...
labgob warning: Decoding into a non-default variable/field int may not work
  ... Passed --   2.7  3  100   22301    6
Test (2C): more persistence ...
  ... Passed --  17.9  5 1692  321320   16
Test (2C): partitioned leader and one follower crash, leader restarts ...
  ... Passed --   1.5  3   44    9493    4
Test (2C): Figure 8 ...
  ... Passed --  57.2  5 3380 1605162  132
Test (2C): unreliable agreement ...
  ... Passed --   1.9  5 1104  325603  246
Test (2C): Figure 8 (unreliable) ...
--- FAIL: TestFigure8Unreliable2C (49.23s)
    config.go:545: one(8877) failed to reach agreement cause time out
Test (2C): churn ...
  ... Passed --  16.2  5 11644 38175920 2617
Test (2C): unreliable churn ...
  ... Passed --  16.2  5 3892 3991213  713
FAIL
exit status 1
FAIL	6.824/raft	162.870s
