Test (2C): basic persistence ...
labgob warning: Decoding into a non-default variable/field int may not work
  ... Passed --   2.8  3  106   23414    6
Test (2C): more persistence ...
  ... Passed --  18.4  5 1812  331496   16
Test (2C): partitioned leader and one follower crash, leader restarts ...
  ... Passed --   1.1  3   40    8969    4
Test (2C): Figure 8 ...
  ... Passed --  48.1  5 2832 1043058  114
Test (2C): unreliable agreement ...
  ... Passed --   2.0  5 1116  324843  246
Test (2C): Figure 8 (unreliable) ...
--- FAIL: TestFigure8Unreliable2C (48.06s)
    config.go:545: one(4447) failed to reach agreement cause time out
Test (2C): churn ...
  ... Passed --  16.6  5 5752 23858292 1186
Test (2C): unreliable churn ...
  ... Passed --  16.2  5 2136 2952104  256
FAIL
exit status 1
FAIL	6.824/raft	153.399s
