Test: restarts, snapshots, many clients (3B) ...
runtime: marked free object in span 0x205afa19dc8, elemsize=96 freeindex=0 (bad use of unsafe.Pointer? try -d=checkptr)
0xc000168000 alloc marked  
0xc000168060 alloc marked  
0xc0001680c0 alloc marked  
0xc000168120 alloc marked  
0xc000168180 alloc marked  
0xc0001681e0 alloc marked  
0xc000168240 alloc marked  
0xc0001682a0 alloc marked  
0xc000168300 alloc marked  
0xc000168360 alloc marked  
0xc0001683c0 alloc marked  
0xc000168420 alloc marked  
0xc000168480 alloc marked  
0xc0001684e0 alloc marked  
0xc000168540 alloc marked  
0xc0001685a0 free  unmarked
0xc000168600 alloc marked  
0xc000168660 alloc marked  
0xc0001686c0 free  unmarked
0xc000168720 alloc marked  
0xc000168780 alloc marked  
0xc0001687e0 alloc marked  
0xc000168840 alloc marked  
0xc0001688a0 alloc marked  
0xc000168900 alloc marked  
0xc000168960 alloc marked  
0xc0001689c0 alloc marked  
0xc000168a20 free  unmarked
0xc000168a80 alloc marked  
0xc000168ae0 alloc marked  
0xc000168b40 alloc marked  
0xc000168ba0 alloc marked  
0xc000168c00 alloc marked  
0xc000168c60 alloc marked  
0xc000168cc0 alloc marked  
0xc000168d20 alloc marked  
0xc000168d80 alloc marked  
0xc000168de0 alloc marked  
0xc000168e40 alloc marked  
0xc000168ea0 alloc marked  
0xc000168f00 alloc marked  
0xc000168f60 alloc marked  
0xc000168fc0 alloc marked  
0xc000169020 alloc marked  
0xc000169080 alloc marked  
0xc0001690e0 alloc unmarked
0xc000169140 free  unmarked
0xc0001691a0 alloc marked  
0xc000169200 free  unmarked
0xc000169260 alloc marked  
0xc0001692c0 alloc marked  
0xc000169320 alloc marked  
0xc000169380 alloc marked  
0xc0001693e0 alloc marked  
0xc000169440 alloc marked  
0xc0001694a0 alloc marked  
0xc000169500 alloc marked  
0xc000169560 alloc marked  
0xc0001695c0 alloc marked  
0xc000169620 alloc marked  
0xc000169680 alloc marked  
0xc0001696e0 alloc marked  
0xc000169740 alloc marked  
0xc0001697a0 free  unmarked
0xc000169800 alloc marked  
0xc000169860 alloc marked  
0xc0001698c0 alloc marked  
0xc000169920 free  unmarked
0xc000169980 alloc marked  
0xc0001699e0 alloc marked  
0xc000169a40 alloc marked  
0xc000169aa0 alloc marked  
0xc000169b00 alloc marked  
0xc000169b60 alloc marked  
0xc000169bc0 alloc marked  
0xc000169c20 free  unmarked
0xc000169c80 alloc marked  
0xc000169ce0 free  marked   zombie
0x000000c000169ce0:  0x0000000000000001  0x0000000000000000 
0x000000c000169cf0:  0x00000000000007af  0x0000000000000001 
0x000000c000169d00:  0x000000c00012c580  0x0000000000000015 
0x000000c000169d10:  0x0000000000000015  0x00000000000007b9 
0x000000c000169d20:  0x0000000000000000  0x0000000000000000 
0x000000c000169d30:  0x0000000000000000  0x0000000000000000 
0xc000169d40 alloc marked  
0xc000169da0 alloc marked  
0xc000169e00 alloc marked  
0xc000169e60 alloc marked  
0xc000169ec0 alloc marked  
0xc000169f20 alloc marked  
0xc000169f80 alloc marked  
fatal error: found pointer to free object

goroutine 50727 [running]:
runtime.throw({0x957212, 0xc000169d40})
	D:/ProgramFiles/Go/src/runtime/panic.go:1198 +0x76 fp=0xc0004dfa58 sp=0xc0004dfa28 pc=0x7c8e56
runtime.(*mspan).reportZombies(0x205afa19dc8)
	D:/ProgramFiles/Go/src/runtime/mgcsweep.go:691 +0x2e5 fp=0xc0004dfad8 sp=0xc0004dfa58 pc=0x7b4905
runtime.(*sweepLocked).sweep(0xacaa80, 0x0)
	D:/ProgramFiles/Go/src/runtime/mgcsweep.go:524 +0x8b2 fp=0xc0004dfba8 sp=0xc0004dfad8 pc=0x7b4312
runtime.sweepone()
	D:/ProgramFiles/Go/src/runtime/mgcsweep.go:290 +0x109 fp=0xc0004dfc18 sp=0xc0004dfba8 pc=0x7b3469
runtime.deductSweepCredit(0x2000, 0x0)
	D:/ProgramFiles/Go/src/runtime/mgcsweep.go:728 +0xf3 fp=0xc0004dfc38 sp=0xc0004dfc18 pc=0x7b4a13
runtime.(*mcentral).cacheSpan(0xadb640)
	D:/ProgramFiles/Go/src/runtime/mcentral.go:82 +0x46 fp=0xc0004dfcb0 sp=0xc0004dfc38 pc=0x7a74e6
runtime.(*mcache).refill(0x205afa10a28, 0xa)
	D:/ProgramFiles/Go/src/runtime/mcache.go:162 +0xaf fp=0xc0004dfd00 sp=0xc0004dfcb0 pc=0x7a6d4f
runtime.(*mcache).nextFree(0x205afa10a28, 0xa)
	D:/ProgramFiles/Go/src/runtime/malloc.go:880 +0x85 fp=0xc0004dfd48 sp=0xc0004dfd00 pc=0x79ce45
runtime.mallocgc(0x28, 0x9367e0, 0x1)
	D:/ProgramFiles/Go/src/runtime/malloc.go:1071 +0x4e8 fp=0xc0004dfdc8 sp=0xc0004dfd48 pc=0x79d4c8
runtime.newobject(0xc0004dfe48)
	D:/ProgramFiles/Go/src/runtime/malloc.go:1228 +0x27 fp=0xc0004dfdf0 sp=0xc0004dfdc8 pc=0x79d9e7
6.824/labrpc.(*ClientEnd).Call(0xc000044560, {0x9525f4, 0x99e7a0}, {0x9148e0, 0xc0001a4480}, {0x914920, 0xc000408000})
	D:/Go/src/6.824/src/labrpc/labrpc.go:91 +0xf9 fp=0xc0004dff60 sp=0xc0004dfdf0 pc=0x8e28d9
6.824/raft.(*Raft).sendAppendLog(...)
	D:/Go/src/6.824/src/raft/raft.go:458
6.824/raft.(*Raft).sendMsg.func1(0x3)
	D:/Go/src/6.824/src/raft/raft.go:301 +0x90 fp=0xc0004dffc8 sp=0xc0004dff60 pc=0x8eb610
6.824/raft.(*Raft).sendMsg·dwrap·14()
	D:/Go/src/6.824/src/raft/raft.go:305 +0x2d fp=0xc0004dffe0 sp=0xc0004dffc8 pc=0x8eb54d
runtime.goexit()
	D:/ProgramFiles/Go/src/runtime/asm_amd64.s:1581 +0x1 fp=0xc0004dffe8 sp=0xc0004dffe0 pc=0x7f99a1
created by 6.824/raft.(*Raft).sendMsg
	D:/Go/src/6.824/src/raft/raft.go:299 +0x46f

goroutine 1 [chan receive]:
testing.(*T).Run(0xc0001304e0, {0x958570, 0x7fc253}, 0x965c10)
	D:/ProgramFiles/Go/src/testing/testing.go:1307 +0x375
testing.runTests.func1(0xc0001304e0)
	D:/ProgramFiles/Go/src/testing/testing.go:1598 +0x6e
testing.tRunner(0xc0001304e0, 0xc00007dd18)
	D:/ProgramFiles/Go/src/testing/testing.go:1259 +0x102
testing.runTests(0xc00013a000, {0xaa9f50, 0x1, 0x1}, {0x81d42d, 0x9527c2, 0xab2b40})
	D:/ProgramFiles/Go/src/testing/testing.go:1596 +0x43f
testing.(*M).Run(0xc00013a000)
	D:/ProgramFiles/Go/src/testing/testing.go:1504 +0x51d
main.main()
	_testmain.go:43 +0x14b

goroutine 6 [sleep]:
time.Sleep(0x12a05f200)
	D:/ProgramFiles/Go/src/runtime/time.go:193 +0x133
6.824/kvraft.GenericTest(0xc000130680, {0x950104, 0x2}, 0x14, 0x5, 0x0, 0x1, 0x0, 0x3e8, 0x0)
	D:/Go/src/6.824/src/kvraft/test_test.go:298 +0x787
6.824/kvraft.TestSnapshotRecoverManyClients3B(0x0)
	D:/Go/src/6.824/src/kvraft/test_test.go:695 +0x45
testing.tRunner(0xc000130680, 0x965c10)
	D:/ProgramFiles/Go/src/testing/testing.go:1259 +0x102
created by testing.(*T).Run
	D:/ProgramFiles/Go/src/testing/testing.go:1306 +0x35a

goroutine 7 [select]:
6.824/labrpc.MakeNetwork.func1()
	D:/Go/src/6.824/src/labrpc/labrpc.go:153 +0xbe
created by 6.824/labrpc.MakeNetwork
	D:/Go/src/6.824/src/labrpc/labrpc.go:151 +0x17b

goroutine 8 [sleep]:
time.Sleep(0xdf28e80)
	D:/ProgramFiles/Go/src/runtime/time.go:193 +0x133
6.824/raft.(*Raft).electionTicker(0xc00014c000)
	D:/Go/src/6.824/src/raft/raft.go:625 +0x95
created by 6.824/raft.Make
	D:/Go/src/6.824/src/raft/raft.go:666 +0x27b

goroutine 9 [chan receive]:
6.824/kvraft.(*KVServer).doExecute(0xc000054230)
	D:/Go/src/6.824/src/kvraft/server.go:122 +0x70
created by 6.824/kvraft.StartKVServer
	D:/Go/src/6.824/src/kvraft/server.go:198 +0x207

goroutine 10 [sleep]:
time.Sleep(0x112a8800)
	D:/ProgramFiles/Go/src/runtime/time.go:193 +0x133
6.824/raft.(*Raft).electionTicker(0xc00014c0f0)
	D:/Go/src/6.824/src/raft/raft.go:625 +0x95
created by 6.824/raft.Make
	D:/Go/src/6.824/src/raft/raft.go:666 +0x27b

goroutine 11 [chan receive]:
6.824/kvraft.(*KVServer).doExecute(0xc0000542d0)
	D:/Go/src/6.824/src/kvraft/server.go:122 +0x70
created by 6.824/kvraft.StartKVServer
	D:/Go/src/6.824/src/kvraft/server.go:198 +0x207

goroutine 12 [sleep]:
time.Sleep(0x110c0380)
	D:/ProgramFiles/Go/src/runtime/time.go:193 +0x133
6.824/raft.(*Raft).electionTicker(0xc00014c1e0)
	D:/Go/src/6.824/src/raft/raft.go:625 +0x95
created by 6.824/raft.Make
	D:/Go/src/6.824/src/raft/raft.go:666 +0x27b

goroutine 13 [semacquire]:
sync.runtime_SemacquireMutex(0x8, 0x1, 0xc0008886e0)
	D:/ProgramFiles/Go/src/runtime/sema.go:71 +0x25
sync.(*Mutex).lockSlow(0xc00014c1e0)
	D:/ProgramFiles/Go/src/sync/mutex.go:138 +0x165
sync.(*Mutex).Lock(...)
	D:/ProgramFiles/Go/src/sync/mutex.go:81
6.824/raft.(*Raft).lock(...)
	D:/Go/src/6.824/src/raft/raft.go:471
6.824/raft.(*Raft).GetRaftStateSize(0x927680)
	D:/Go/src/6.824/src/raft/raft.go:126 +0x55
6.824/kvraft.(*KVServer).doExecute(0xc000054370)
	D:/Go/src/6.824/src/kvraft/server.go:148 +0x474
created by 6.824/kvraft.StartKVServer
	D:/Go/src/6.824/src/kvraft/server.go:198 +0x207

goroutine 14 [sleep]:
time.Sleep(0x10ed7f00)
	D:/ProgramFiles/Go/src/runtime/time.go:193 +0x133
6.824/raft.(*Raft).electionTicker(0xc00014c2d0)
	D:/Go/src/6.824/src/raft/raft.go:625 +0x95
created by 6.824/raft.Make
	D:/Go/src/6.824/src/raft/raft.go:666 +0x27b

goroutine 15 [chan receive]:
6.824/kvraft.(*KVServer).doExecute(0xc000054410)
	D:/Go/src/6.824/src/kvraft/server.go:122 +0x70
created by 6.824/kvraft.StartKVServer
	D:/Go/src/6.824/src/kvraft/server.go:198 +0x207

goroutine 16 [sleep]:
time.Sleep(0xfcb9440)
	D:/ProgramFiles/Go/src/runtime/time.go:193 +0x133
6.824/raft.(*Raft).electionTicker(0xc00014c3c0)
	D:/Go/src/6.824/src/raft/raft.go:625 +0x95
created by 6.824/raft.Make
	D:/Go/src/6.824/src/raft/raft.go:666 +0x27b

goroutine 18 [semacquire]:
sync.runtime_SemacquireMutex(0xc000022000, 0xd8, 0x796925)
	D:/ProgramFiles/Go/src/runtime/sema.go:71 +0x25
sync.(*Mutex).lockSlow(0xc00014c3c0)
	D:/ProgramFiles/Go/src/sync/mutex.go:138 +0x165
sync.(*Mutex).Lock(...)
	D:/ProgramFiles/Go/src/sync/mutex.go:81
6.824/raft.(*Raft).lock(...)
	D:/Go/src/6.824/src/raft/raft.go:471
6.824/raft.(*Raft).CondInstallSnapshot(0xc00014c3c0, 0x1, 0x7af, {0xc0001d0000, 0x1fdc, 0x1fdc})
	D:/Go/src/6.824/src/raft/raft.go:162 +0x85
6.824/kvraft.(*KVServer).doExecute(0xc0000544b0)
	D:/Go/src/6.824/src/kvraft/server.go:158 +0x593
created by 6.824/kvraft.StartKVServer
	D:/Go/src/6.824/src/kvraft/server.go:198 +0x207

goroutine 19 [chan receive]:
6.824/kvraft.spawn_clients_and_wait(0xc000130680, 0xc00014a000, 0x14, 0xc000054550)
	D:/Go/src/6.824/src/kvraft/test_test.go:117 +0x185
created by 6.824/kvraft.GenericTest
	D:/Go/src/6.824/src/kvraft/test_test.go:253 +0x6bd

goroutine 20 [select]:
6.824/kvraft.(*Clerk).Execute(0xc000164240, 0xc00016fc70, 0xc00016fc58)
	D:/Go/src/6.824/src/kvraft/client.go:51 +0x219
6.824/kvraft.(*Clerk).Get(0xc00016fcd8, {0x9598be, 0x8})
	D:/Go/src/6.824/src/kvraft/client.go:72 +0x127
6.824/kvraft.Get(0xc00014a000, 0x2, {0x9598be, 0x1}, 0xc000044c00, 0x0)
	D:/Go/src/6.824/src/kvraft/test_test.go:43 +0xbb
6.824/kvraft.GenericTest.func1(0x0, 0xc00000cff0, 0xc000130680)
	D:/Go/src/6.824/src/kvraft/test_test.go:284 +0x3e5
6.824/kvraft.run_client(0x0, 0xc00014a000, 0x0, 0x0, 0xc000054550)
	D:/Go/src/6.824/src/kvraft/test_test.go:103 +0xe4
created by 6.824/kvraft.spawn_clients_and_wait
	D:/Go/src/6.824/src/kvraft/test_test.go:113 +0x51

goroutine 21 [select]:
6.824/kvraft.(*Clerk).Execute(0xc000164280, 0xc000171c80, 0xc000171c68)
	D:/Go/src/6.824/src/kvraft/client.go:51 +0x219
6.824/kvraft.(*Clerk).Append(0x8, {0x9598bf, 0xc000171d50}, {0xc00016ad58, 0xc00088ad90})
	D:/Go/src/6.824/src/kvraft/client.go:101 +0x150
6.824/kvraft.Append(0xc00014a000, 0x2, {0x9598bf, 0x1}, {0xc00016ad58, 0x8}, 0xc000044c00, 0x1)
	D:/Go/src/6.824/src/kvraft/test_test.go:77 +0xd5
6.824/kvraft.GenericTest.func1(0x1, 0xc00000d110, 0xc000130680)
	D:/Go/src/6.824/src/kvraft/test_test.go:272 +0x587
6.824/kvraft.run_client(0x0, 0xc00014a000, 0x0, 0x0, 0xc000054550)
	D:/Go/src/6.824/src/kvraft/test_test.go:103 +0xe4
created by 6.824/kvraft.spawn_clients_and_wait
	D:/Go/src/6.824/src/kvraft/test_test.go:113 +0x51

goroutine 22 [select]:
6.824/kvraft.(*Clerk).Execute(0xc000164300, 0xc000205c70, 0xc000205c58)
	D:/Go/src/6.824/src/kvraft/client.go:51 +0x219
6.824/kvraft.(*Clerk).Get(0xc000205cd8, {0x9598c0, 0x8})
	D:/Go/src/6.824/src/kvraft/client.go:72 +0x127
6.824/kvraft.Get(0xc00014a000, 0x2, {0x9598c0, 0x1}, 0xc000044c00, 0x2)
	D:/Go/src/6.824/src/kvraft/test_test.go:43 +0xbb
6.824/kvraft.GenericTest.func1(0x2, 0xc00000d230, 0xc000130680)
	D:/Go/src/6.824/src/kvraft/test_test.go:284 +0x3e5
6.824/kvraft.run_client(0x0, 0xc00014a000, 0x0, 0x0, 0xc000054550)
	D:/Go/src/6.824/src/kvraft/test_test.go:103 +0xe4
created by 6.824/kvraft.spawn_clients_and_wait
	D:/Go/src/6.824/src/kvraft/test_test.go:113 +0x51

goroutine 23 [select]:
6.824/kvraft.(*Clerk).Execute(0xc000164340, 0xc000207c70, 0xc000207c58)
	D:/Go/src/6.824/src/kvraft/client.go:51 +0x219
6.824/kvraft.(*Clerk).Get(0xc000207cd8, {0x9598c1, 0x8})
	D:/Go/src/6.824/src/kvraft/client.go:72 +0x127
6.824/kvraft.Get(0xc00014a000, 0x2, {0x9598c1, 0x1}, 0xc000044c00, 0x3)
	D:/Go/src/6.824/src/kvraft/test_test.go:43 +0xbb
6.824/kvraft.GenericTest.func1(0x3, 0xc00000d350, 0xc000130680)
	D:/Go/src/6.824/src/kvraft/test_test.go:284 +0x3e5
6.824/kvraft.run_client(0x0, 0xc00014a000, 0x0, 0x0, 0xc000054550)
	D:/Go/src/6.824/src/kvraft/test_test.go:103 +0xe4
created by 6.824/kvraft.spawn_clients_and_wait
	D:/Go/src/6.824/src/kvraft/test_test.go:113 +0x51

goroutine 24 [select]:
6.824/kvraft.(*Clerk).Execute(0xc000164380, 0xc000201c80, 0xc000201c68)
	D:/Go/src/6.824/src/kvraft/client.go:51 +0x219
6.824/kvraft.(*Clerk).Append(0x8, {0x9598c2, 0xc000201d50}, {0xc0003237c8, 0xc0006715f0})
	D:/Go/src/6.824/src/kvraft/client.go:101 +0x150
6.824/kvraft.Append(0xc00014a000, 0x2, {0x9598c2, 0x1}, {0xc0003237c8, 0x8}, 0xc000044c00, 0x4)
	D:/Go/src/6.824/src/kvraft/test_test.go:77 +0xd5
6.824/kvraft.GenericTest.func1(0x4, 0xc00000d470, 0xc000130680)
	D:/Go/src/6.824/src/kvraft/test_test.go:272 +0x587
6.824/kvraft.run_client(0x0, 0xc00014a000, 0x0, 0x0, 0xc000054550)
	D:/Go/src/6.824/src/kvraft/test_test.go:103 +0xe4
created by 6.824/kvraft.spawn_clients_and_wait
	D:/Go/src/6.824/src/kvraft/test_test.go:113 +0x51

goroutine 25 [select]:
6.824/kvraft.(*Clerk).Execute(0xc0001643c0, 0xc000203c70, 0xc000203c58)
	D:/Go/src/6.824/src/kvraft/client.go:51 +0x219
6.824/kvraft.(*Clerk).Get(0xc000203cd8, {0x9598c3, 0x8})
	D:/Go/src/6.824/src/kvraft/client.go:72 +0x127
6.824/kvraft.Get(0xc00014a000, 0x2, {0x9598c3, 0x1}, 0xc000044c00, 0x5)
	D:/Go/src/6.824/src/kvraft/test_test.go:43 +0xbb
6.824/kvraft.GenericTest.func1(0x5, 0xc00000d590, 0xc000130680)
	D:/Go/src/6.824/src/kvraft/test_test.go:284 +0x3e5
6.824/kvraft.run_client(0x0, 0xc00014a000, 0x0, 0x0, 0xc000054550)
	D:/Go/src/6.824/src/kvraft/test_test.go:103 +0xe4
created by 6.824/kvraft.spawn_clients_and_wait
	D:/Go/src/6.824/src/kvraft/test_test.go:113 +0x51

goroutine 26 [semacquire]:
6.824/kvraft.(*Clerk).Execute(0xc000164400, 0xc00020dc80, 0xc00020dc68)
	D:/Go/src/6.824/src/kvraft/client.go:43 +0x8a
6.824/kvraft.(*Clerk).Append(0x8, {0x9598c4, 0xc00020dd50}, {0xc000322000, 0xc00088be20})
	D:/Go/src/6.824/src/kvraft/client.go:101 +0x150
6.824/kvraft.Append(0xc00014a000, 0x2, {0x9598c4, 0x1}, {0xc000322000, 0x8}, 0xc000044c00, 0x6)
	D:/Go/src/6.824/src/kvraft/test_test.go:77 +0xd5
6.824/kvraft.GenericTest.func1(0x6, 0xc00000d6b0, 0xc000130680)
	D:/Go/src/6.824/src/kvraft/test_test.go:272 +0x587
6.824/kvraft.run_client(0x0, 0xc00014a000, 0x0, 0x0, 0xc000054550)
	D:/Go/src/6.824/src/kvraft/test_test.go:103 +0xe4
created by 6.824/kvraft.spawn_clients_and_wait
	D:/Go/src/6.824/src/kvraft/test_test.go:113 +0x51

goroutine 27 [select]:
6.824/kvraft.(*Clerk).Execute(0xc000164440, 0xc00020fc70, 0xc00020fc58)
	D:/Go/src/6.824/src/kvraft/client.go:51 +0x219
6.824/kvraft.(*Clerk).Get(0xc00020fcd8, {0x9598c5, 0x8})
	D:/Go/src/6.824/src/kvraft/client.go:72 +0x127
6.824/kvraft.Get(0xc00014a000, 0x2, {0x9598c5, 0x1}, 0xc000044c00, 0x7)
	D:/Go/src/6.824/src/kvraft/test_test.go:43 +0xbb
6.824/kvraft.GenericTest.func1(0x7, 0xc00000d7d0, 0xc000130680)
	D:/Go/src/6.824/src/kvraft/test_test.go:284 +0x3e5
6.824/kvraft.run_client(0x0, 0xc00014a000, 0x0, 0x0, 0xc000054550)
	D:/Go/src/6.824/src/kvraft/test_test.go:103 +0xe4
created by 6.824/kvraft.spawn_clients_and_wait
	D:/Go/src/6.824/src/kvraft/test_test.go:113 +0x51

goroutine 28 [select]:
6.824/kvraft.(*Clerk).Execute(0xc000164480, 0xc000209c70, 0xc000209c58)
	D:/Go/src/6.824/src/kvraft/client.go:51 +0x219
6.824/kvraft.(*Clerk).Get(0xc000209cd8, {0x9598c6, 0x8})
	D:/Go/src/6.824/src/kvraft/client.go:72 +0x127
6.824/kvraft.Get(0xc00014a000, 0x2, {0x9598c6, 0x1}, 0xc000044c00, 0x8)
	D:/Go/src/6.824/src/kvraft/test_test.go:43 +0xbb
6.824/kvraft.GenericTest.func1(0x8, 0xc00000d8f0, 0xc000130680)
	D:/Go/src/6.824/src/kvraft/test_test.go:284 +0x3e5
6.824/kvraft.run_client(0x0, 0xc00014a000, 0x0, 0x0, 0xc000054550)
	D:/Go/src/6.824/src/kvraft/test_test.go:103 +0xe4
created by 6.824/kvraft.spawn_clients_and_wait
	D:/Go/src/6.824/src/kvraft/test_test.go:113 +0x51

goroutine 29 [select]:
6.824/kvraft.(*Clerk).Execute(0xc0001644c0, 0xc00020bc80, 0xc00020bc68)
	D:/Go/src/6.824/src/kvraft/client.go:51 +0x219
6.824/kvraft.(*Clerk).Append(0x8, {0x9598c7, 0xc00020bd50}, {0xc00016b4c0, 0xc00020bd08})
	D:/Go/src/6.824/src/kvraft/client.go:101 +0x150
6.824/kvraft.Append(0xc00014a000, 0x2, {0x9598c7, 0x1}, {0xc00016b4c0, 0x8}, 0xc000044c00, 0x9)
	D:/Go/src/6.824/src/kvraft/test_test.go:77 +0xd5
6.824/kvraft.GenericTest.func1(0x9, 0xc00000da10, 0xc000130680)
	D:/Go/src/6.824/src/kvraft/test_test.go:272 +0x587
6.824/kvraft.run_client(0x0, 0xc00014a000, 0x0, 0x0, 0xc000054550)
	D:/Go/src/6.824/src/kvraft/test_test.go:103 +0xe4
created by 6.824/kvraft.spawn_clients_and_wait
	D:/Go/src/6.824/src/kvraft/test_test.go:113 +0x51

goroutine 30 [select]:
6.824/kvraft.(*Clerk).Execute(0xc000164500, 0xc000215c70, 0xc000215c58)
	D:/Go/src/6.824/src/kvraft/client.go:51 +0x219
6.824/kvraft.(*Clerk).Get(0xc000215cd8, {0x95e7a6, 0x9})
	D:/Go/src/6.824/src/kvraft/client.go:72 +0x127
6.824/kvraft.Get(0xc00014a000, 0x2, {0x95e7a6, 0x2}, 0xc000044c00, 0xa)
	D:/Go/src/6.824/src/kvraft/test_test.go:43 +0xbb
6.824/kvraft.GenericTest.func1(0xa, 0xc00000db30, 0xc000130680)
	D:/Go/src/6.824/src/kvraft/test_test.go:284 +0x3e5
6.824/kvraft.run_client(0x0, 0xc00014a000, 0x0, 0x0, 0xc000054550)
	D:/Go/src/6.824/src/kvraft/test_test.go:103 +0xe4
created by 6.824/kvraft.spawn_clients_and_wait
	D:/Go/src/6.824/src/kvraft/test_test.go:113 +0x51

goroutine 31 [select]:
6.824/kvraft.(*Clerk).Execute(0xc000164540, 0xc000217c70, 0xc000217c58)
	D:/Go/src/6.824/src/kvraft/client.go:51 +0x219
6.824/kvraft.(*Clerk).Get(0xc000217cd8, {0x95e7a8, 0x9})
	D:/Go/src/6.824/src/kvraft/client.go:72 +0x127
6.824/kvraft.Get(0xc00014a000, 0x2, {0x95e7a8, 0x2}, 0xc000044c00, 0xb)
	D:/Go/src/6.824/src/kvraft/test_test.go:43 +0xbb
6.824/kvraft.GenericTest.func1(0xb, 0xc00000dc50, 0xc000130680)
	D:/Go/src/6.824/src/kvraft/test_test.go:284 +0x3e5
6.824/kvraft.run_client(0x0, 0xc00014a000, 0x0, 0x0, 0xc000054550)
	D:/Go/src/6.824/src/kvraft/test_test.go:103 +0xe4
created by 6.824/kvraft.spawn_clients_and_wait
	D:/Go/src/6.824/src/kvraft/test_test.go:113 +0x51

goroutine 32 [select]:
6.824/kvraft.(*Clerk).Execute(0xc000164580, 0xc000211c70, 0xc000211c58)
	D:/Go/src/6.824/src/kvraft/client.go:51 +0x219
6.824/kvraft.(*Clerk).Get(0xc000211cd8, {0x95e7aa, 0x9})
	D:/Go/src/6.824/src/kvraft/client.go:72 +0x127
6.824/kvraft.Get(0xc00014a000, 0x2, {0x95e7aa, 0x2}, 0xc000044c00, 0xc)
	D:/Go/src/6.824/src/kvraft/test_test.go:43 +0xbb
6.824/kvraft.GenericTest.func1(0xc, 0xc00000dd70, 0xc000130680)
	D:/Go/src/6.824/src/kvraft/test_test.go:284 +0x3e5
6.824/kvraft.run_client(0x0, 0xc00014a000, 0x0, 0x0, 0xc000054550)
	D:/Go/src/6.824/src/kvraft/test_test.go:103 +0xe4
created by 6.824/kvraft.spawn_clients_and_wait
	D:/Go/src/6.824/src/kvraft/test_test.go:113 +0x51

goroutine 33 [semacquire]:
6.824/kvraft.(*Clerk).Execute(0xc0001645c0, 0xc000213c80, 0xc000213c68)
	D:/Go/src/6.824/src/kvraft/client.go:43 +0x8a
6.824/kvraft.(*Clerk).Append(0x9, {0x95e7ac, 0xc000213d50}, {0xc0003233c0, 0xc000213d08})
	D:/Go/src/6.824/src/kvraft/client.go:101 +0x150
6.824/kvraft.Append(0xc00014a000, 0x2, {0x95e7ac, 0x2}, {0xc0003233c0, 0x9}, 0xc000044c00, 0xd)
	D:/Go/src/6.824/src/kvraft/test_test.go:77 +0xd5
6.824/kvraft.GenericTest.func1(0xd, 0xc00000de90, 0xc000130680)
	D:/Go/src/6.824/src/kvraft/test_test.go:272 +0x587
6.824/kvraft.run_client(0x0, 0xc00014a000, 0x0, 0x0, 0xc000054550)
	D:/Go/src/6.824/src/kvraft/test_test.go:103 +0xe4
created by 6.824/kvraft.spawn_clients_and_wait
	D:/Go/src/6.824/src/kvraft/test_test.go:113 +0x51

goroutine 34 [select]:
6.824/kvraft.(*Clerk).Execute(0xc000164600, 0xc00021dc80, 0xc00021dc68)
	D:/Go/src/6.824/src/kvraft/client.go:51 +0x219
6.824/kvraft.(*Clerk).Append(0x9, {0x95e7ae, 0xc00021dd50}, {0xc000323640, 0xc0006713a0})
	D:/Go/src/6.824/src/kvraft/client.go:101 +0x150
6.824/kvraft.Append(0xc00014a000, 0x2, {0x95e7ae, 0x2}, {0xc000323640, 0x9}, 0xc000044c00, 0xe)
	D:/Go/src/6.824/src/kvraft/test_test.go:77 +0xd5
6.824/kvraft.GenericTest.func1(0xe, 0xc00000dfb0, 0xc000130680)
	D:/Go/src/6.824/src/kvraft/test_test.go:272 +0x587
6.824/kvraft.run_client(0x0, 0xc00014a000, 0x0, 0x0, 0xc000054550)
	D:/Go/src/6.824/src/kvraft/test_test.go:103 +0xe4
created by 6.824/kvraft.spawn_clients_and_wait
	D:/Go/src/6.824/src/kvraft/test_test.go:113 +0x51

goroutine 35 [select]:
6.824/kvraft.(*Clerk).Execute(0xc000164640, 0xc00021fc80, 0xc00021fc68)
	D:/Go/src/6.824/src/kvraft/client.go:51 +0x219
6.824/kvraft.(*Clerk).Append(0x9, {0x95e7b0, 0xc00021fd50}, {0xc000294ca0, 0xc00021fd08})
	D:/Go/src/6.824/src/kvraft/client.go:101 +0x150
6.824/kvraft.Append(0xc00014a000, 0x2, {0x95e7b0, 0x2}, {0xc000294ca0, 0x9}, 0xc000044c00, 0xf)
	D:/Go/src/6.824/src/kvraft/test_test.go:77 +0xd5
6.824/kvraft.GenericTest.func1(0xf, 0xc00024a0f0, 0xc000130680)
	D:/Go/src/6.824/src/kvraft/test_test.go:272 +0x587
6.824/kvraft.run_client(0x0, 0xc00014a000, 0x0, 0x0, 0xc000054550)
	D:/Go/src/6.824/src/kvraft/test_test.go:103 +0xe4
created by 6.824/kvraft.spawn_clients_and_wait
	D:/Go/src/6.824/src/kvraft/test_test.go:113 +0x51

goroutine 36 [semacquire]:
6.824/kvraft.(*Clerk).Execute(0xc000164680, 0xc000219c70, 0xc000219c58)
	D:/Go/src/6.824/src/kvraft/client.go:43 +0x8a
6.824/kvraft.(*Clerk).Get(0xc000219cd8, {0x95e7b2, 0x9})
	D:/Go/src/6.824/src/kvraft/client.go:72 +0x127
6.824/kvraft.Get(0xc00014a000, 0x2, {0x95e7b2, 0x2}, 0xc000044c00, 0x10)
	D:/Go/src/6.824/src/kvraft/test_test.go:43 +0xbb
6.824/kvraft.GenericTest.func1(0x10, 0xc00024a210, 0xc000130680)
	D:/Go/src/6.824/src/kvraft/test_test.go:284 +0x3e5
6.824/kvraft.run_client(0x0, 0xc00014a000, 0x0, 0x0, 0xc000054550)
	D:/Go/src/6.824/src/kvraft/test_test.go:103 +0xe4
created by 6.824/kvraft.spawn_clients_and_wait
	D:/Go/src/6.824/src/kvraft/test_test.go:113 +0x51

goroutine 37 [select]:
6.824/kvraft.(*Clerk).Execute(0xc0001646c0, 0xc00021bc70, 0xc00021bc58)
	D:/Go/src/6.824/src/kvraft/client.go:51 +0x219
6.824/kvraft.(*Clerk).Get(0xc00021bcd8, {0x95e7b4, 0x9})
	D:/Go/src/6.824/src/kvraft/client.go:72 +0x127
6.824/kvraft.Get(0xc00014a000, 0x2, {0x95e7b4, 0x2}, 0xc000044c00, 0x11)
	D:/Go/src/6.824/src/kvraft/test_test.go:43 +0xbb
6.824/kvraft.GenericTest.func1(0x11, 0xc00024a330, 0xc000130680)
	D:/Go/src/6.824/src/kvraft/test_test.go:284 +0x3e5
6.824/kvraft.run_client(0x0, 0xc00014a000, 0x0, 0x0, 0xc000054550)
	D:/Go/src/6.824/src/kvraft/test_test.go:103 +0xe4
created by 6.824/kvraft.spawn_clients_and_wait
	D:/Go/src/6.824/src/kvraft/test_test.go:113 +0x51

goroutine 38 [select]:
6.824/kvraft.(*Clerk).Execute(0xc000164700, 0xc000227c70, 0xc000227c58)
	D:/Go/src/6.824/src/kvraft/client.go:51 +0x219
6.824/kvraft.(*Clerk).Get(0xc000227cd8, {0x95e7b6, 0x9})
	D:/Go/src/6.824/src/kvraft/client.go:72 +0x127
6.824/kvraft.Get(0xc00014a000, 0x2, {0x95e7b6, 0x2}, 0xc000044c00, 0x12)
	D:/Go/src/6.824/src/kvraft/test_test.go:43 +0xbb
6.824/kvraft.GenericTest.func1(0x12, 0xc00024a450, 0xc000130680)
	D:/Go/src/6.824/src/kvraft/test_test.go:284 +0x3e5
6.824/kvraft.run_client(0x0, 0xc00014a000, 0x0, 0x0, 0xc000054550)
	D:/Go/src/6.824/src/kvraft/test_test.go:103 +0xe4
created by 6.824/kvraft.spawn_clients_and_wait
	D:/Go/src/6.824/src/kvraft/test_test.go:113 +0x51

goroutine 39 [select]:
6.824/kvraft.(*Clerk).Execute(0xc000164200, 0xc000229c80, 0xc000229c68)
	D:/Go/src/6.824/src/kvraft/client.go:51 +0x219
6.824/kvraft.(*Clerk).Append(0x9, {0x95e7b8, 0xc000229d50}, {0xc000294450, 0xc0000e0410})
	D:/Go/src/6.824/src/kvraft/client.go:101 +0x150
6.824/kvraft.Append(0xc00014a000, 0x2, {0x95e7b8, 0x2}, {0xc000294450, 0x9}, 0xc000044c00, 0x13)
	D:/Go/src/6.824/src/kvraft/test_test.go:77 +0xd5
6.824/kvraft.GenericTest.func1(0x13, 0xc00000ced0, 0xc000130680)
	D:/Go/src/6.824/src/kvraft/test_test.go:272 +0x587
6.824/kvraft.run_client(0x0, 0xc00014a000, 0x0, 0x0, 0xc000054550)
	D:/Go/src/6.824/src/kvraft/test_test.go:103 +0xe4
created by 6.824/kvraft.spawn_clients_and_wait
	D:/Go/src/6.824/src/kvraft/test_test.go:113 +0x51

goroutine 50836 [select]:
6.824/labrpc.(*Network).processReq(0xc000054190, {{0x91c760, 0xc0000434f0}, {0x9525f4, 0xe}, {0x99e7a0, 0x9148e0}, {0xc0007d4f00, 0x20b8, 0x2230}, ...})
	D:/Go/src/6.824/src/labrpc/labrpc.go:251 +0x41c
created by 6.824/labrpc.MakeNetwork.func1
	D:/Go/src/6.824/src/labrpc/labrpc.go:157 +0x3e

goroutine 50859 [running]:
	goroutine running on other thread; stack unavailable
created by 6.824/labrpc.(*Network).processReq
	D:/Go/src/6.824/src/labrpc/labrpc.go:239 +0x1df

goroutine 50778 [semacquire]:
6.824/raft.(*Raft).sendMsg.func1(0x1)
	D:/Go/src/6.824/src/raft/raft.go:300 +0x45
created by 6.824/raft.(*Raft).sendMsg
	D:/Go/src/6.824/src/raft/raft.go:299 +0x46f

goroutine 50559 [chan receive]:
6.824/labrpc.(*ClientEnd).Call(0xc000044f40, {0x951895, 0xc000885fa0}, {0x924380, 0xc0001475f0}, {0x9144a0, 0xc0000d13f8})
	D:/Go/src/6.824/src/labrpc/labrpc.go:112 +0x26e
6.824/kvraft.(*Clerk).Execute.func1(0x1, {0x1, {0x9598c0, 0x1}, {0x0, 0x0}, 0x58eb955b, 0x6a})
	D:/Go/src/6.824/src/kvraft/client.go:46 +0x11f
created by 6.824/kvraft.(*Clerk).Execute
	D:/Go/src/6.824/src/kvraft/client.go:44 +0x1b2

goroutine 50688 [select]:
6.824/kvraft.(*KVServer).Do(0xc000054230, 0xc00052aba0, 0xc00065c090)
	D:/Go/src/6.824/src/kvraft/server.go:68 +0x2ad
reflect.Value.call({0xc000052180, 0xc000006590, 0xc000849b10}, {0x950377, 0x4}, {0xc000849c68, 0x3, 0xc000849b40})
	D:/ProgramFiles/Go/src/reflect/value.go:543 +0x814
reflect.Value.Call({0xc000052180, 0xc000006590, 0xc00047f218}, {0xc000849c68, 0x3, 0x3})
	D:/ProgramFiles/Go/src/reflect/value.go:339 +0xc5
6.824/labrpc.(*Service).dispatch(0xc000051c00, {0x95189e, 0x2}, {{0x91c760, 0xc000166c20}, {0x951895, 0xb}, {0x99e7a0, 0x924380}, {0xc00008a6e0, ...}, ...})
	D:/Go/src/6.824/src/labrpc/labrpc.go:496 +0x39d
6.824/labrpc.(*Server).dispatch(0xc0000048b8, {{0x91c760, 0xc000166c20}, {0x951895, 0xb}, {0x99e7a0, 0x924380}, {0xc00008a6e0, 0x5b, 0xa5}, ...})
	D:/Go/src/6.824/src/labrpc/labrpc.go:420 +0x1fe
6.824/labrpc.(*Network).processReq.func1()
	D:/Go/src/6.824/src/labrpc/labrpc.go:240 +0x58
created by 6.824/labrpc.(*Network).processReq
	D:/Go/src/6.824/src/labrpc/labrpc.go:239 +0x1df

goroutine 50594 [select]:
6.824/labrpc.(*Network).processReq(0xc000054190, {{0x91c760, 0xc0001671c0}, {0x951895, 0xb}, {0x99e7a0, 0x924380}, {0xc0006a0840, 0x5c, 0xa6}, ...})
	D:/Go/src/6.824/src/labrpc/labrpc.go:251 +0x41c
created by 6.824/labrpc.MakeNetwork.func1
	D:/Go/src/6.824/src/labrpc/labrpc.go:157 +0x3e

goroutine 50627 [chan receive]:
6.824/labrpc.(*ClientEnd).Call(0xc000044540, {0x9525f4, 0x8e2fc5}, {0x9148e0, 0xc0000ec540}, {0x914920, 0xc000323d50})
	D:/Go/src/6.824/src/labrpc/labrpc.go:112 +0x26e
6.824/raft.(*Raft).sendAppendLog(...)
	D:/Go/src/6.824/src/raft/raft.go:458
6.824/raft.(*Raft).sendMsg.func1(0x2)
	D:/Go/src/6.824/src/raft/raft.go:301 +0x90
created by 6.824/raft.(*Raft).sendMsg
	D:/Go/src/6.824/src/raft/raft.go:299 +0x46f

goroutine 50803 [semacquire]:
6.824/labrpc.(*Network).processReq(0xc000054190, {{0x91c760, 0xc000043530}, {0x9525f4, 0xe}, {0x99e7a0, 0x9148e0}, {0xc000746500, 0x210c, 0x2284}, ...})
	D:/Go/src/6.824/src/labrpc/labrpc.go:238 +0x12d
created by 6.824/labrpc.MakeNetwork.func1
	D:/Go/src/6.824/src/labrpc/labrpc.go:157 +0x3e

goroutine 50691 [select]:
6.824/kvraft.(*KVServer).Do(0xc000054230, 0xc000437110, 0xc00062de18)
	D:/Go/src/6.824/src/kvraft/server.go:68 +0x2ad
reflect.Value.call({0xc000052180, 0xc000006590, 0xc000097b10}, {0x950377, 0x4}, {0xc000097c68, 0x3, 0xc000097b40})
	D:/ProgramFiles/Go/src/reflect/value.go:543 +0x814
reflect.Value.Call({0xc000052180, 0xc000006590, 0xc0003278d8}, {0xc000097c68, 0x3, 0x3})
	D:/ProgramFiles/Go/src/reflect/value.go:339 +0xc5
6.824/labrpc.(*Service).dispatch(0xc000051c00, {0x95189e, 0x2}, {{0x91c760, 0xc000166fe0}, {0x951895, 0xb}, {0x99e7a0, 0x924380}, {0xc0006a0c60, ...}, ...})
	D:/Go/src/6.824/src/labrpc/labrpc.go:496 +0x39d
6.824/labrpc.(*Server).dispatch(0xc0000048b8, {{0x91c760, 0xc000166fe0}, {0x951895, 0xb}, {0x99e7a0, 0x924380}, {0xc0006a0c60, 0x65, 0xaf}, ...})
	D:/Go/src/6.824/src/labrpc/labrpc.go:420 +0x1fe
6.824/labrpc.(*Network).processReq.func1()
	D:/Go/src/6.824/src/labrpc/labrpc.go:240 +0x58
created by 6.824/labrpc.(*Network).processReq
	D:/Go/src/6.824/src/labrpc/labrpc.go:239 +0x1df

goroutine 50643 [select]:
6.824/labrpc.(*Network).processReq(0xc000054190, {{0x91c760, 0xc000166e00}, {0x951895, 0xb}, {0x99e7a0, 0x924380}, {0xc00008a420, 0x5b, 0xa5}, ...})
	D:/Go/src/6.824/src/labrpc/labrpc.go:251 +0x41c
created by 6.824/labrpc.MakeNetwork.func1
	D:/Go/src/6.824/src/labrpc/labrpc.go:157 +0x3e

goroutine 50641 [chan receive]:
6.824/labrpc.(*ClientEnd).Call(0xc000044540, {0x9525f4, 0x8e2fc5}, {0x9148e0, 0xc0003a3980}, {0x914920, 0xc000893950})
	D:/Go/src/6.824/src/labrpc/labrpc.go:112 +0x26e
6.824/raft.(*Raft).sendAppendLog(...)
	D:/Go/src/6.824/src/raft/raft.go:458
6.824/raft.(*Raft).sendMsg.func1(0x2)
	D:/Go/src/6.824/src/raft/raft.go:301 +0x90
created by 6.824/raft.(*Raft).sendMsg
	D:/Go/src/6.824/src/raft/raft.go:299 +0x46f

goroutine 50677 [chan receive]:
6.824/labrpc.(*ClientEnd).Call(0xc000045000, {0x951895, 0x0}, {0x924380, 0xc0000756e0}, {0x9144a0, 0xc0001873e0})
	D:/Go/src/6.824/src/labrpc/labrpc.go:112 +0x26e
6.824/kvraft.(*Clerk).Execute.func1(0x3, {0x1, {0x9598c1, 0x1}, {0x0, 0x0}, 0x101a3704, 0x63})
	D:/Go/src/6.824/src/kvraft/client.go:46 +0x11f
created by 6.824/kvraft.(*Clerk).Execute
	D:/Go/src/6.824/src/kvraft/client.go:44 +0x1b2

goroutine 50783 [semacquire]:
sync.runtime_SemacquireMutex(0x90a45a, 0x30, 0xc000328dc8)
	D:/ProgramFiles/Go/src/runtime/sema.go:71 +0x25
sync.(*Mutex).lockSlow(0xc00014c3c0)
	D:/ProgramFiles/Go/src/sync/mutex.go:138 +0x165
sync.(*Mutex).Lock(...)
	D:/ProgramFiles/Go/src/sync/mutex.go:81
6.824/raft.(*Raft).lock(...)
	D:/Go/src/6.824/src/raft/raft.go:471
6.824/raft.(*Raft).AppendLog(0xc00014c3c0, 0xc0004044e0, 0xc0000bcbc0)
	D:/Go/src/6.824/src/raft/raft.go:329 +0x75
reflect.Value.call({0xc000052300, 0xc0000069c0, 0xc0005afb10}, {0x950377, 0x4}, {0xc0005afc68, 0x3, 0xc0005afb40})
	D:/ProgramFiles/Go/src/reflect/value.go:543 +0x814
reflect.Value.Call({0xc000052300, 0xc0000069c0, 0xc000289048}, {0xc0005afc68, 0x3, 0x3})
	D:/ProgramFiles/Go/src/reflect/value.go:339 +0xc5
6.824/labrpc.(*Service).dispatch(0xc000164140, {0x9525f9, 0x9}, {{0x91c760, 0xc000043530}, {0x9525f4, 0xe}, {0x99e7a0, 0x9148e0}, {0xc000604f00, ...}, ...})
	D:/Go/src/6.824/src/labrpc/labrpc.go:496 +0x39d
6.824/labrpc.(*Server).dispatch(0xc000004918, {{0x91c760, 0xc000043530}, {0x9525f4, 0xe}, {0x99e7a0, 0x9148e0}, {0xc000604f00, 0x210c, 0x2284}, ...})
	D:/Go/src/6.824/src/labrpc/labrpc.go:420 +0x1fe
6.824/labrpc.(*Network).processReq.func1()
	D:/Go/src/6.824/src/labrpc/labrpc.go:240 +0x58
created by 6.824/labrpc.(*Network).processReq
	D:/Go/src/6.824/src/labrpc/labrpc.go:239 +0x1df

goroutine 50629 [chan receive]:
6.824/labrpc.(*ClientEnd).Call(0xc000044580, {0x9525f4, 0x1}, {0x9148e0, 0xc0000eca20}, {0x914920, 0xc000892470})
	D:/Go/src/6.824/src/labrpc/labrpc.go:112 +0x26e
6.824/raft.(*Raft).sendAppendLog(...)
	D:/Go/src/6.824/src/raft/raft.go:458
6.824/raft.(*Raft).sendMsg.func1(0x4)
	D:/Go/src/6.824/src/raft/raft.go:301 +0x90
created by 6.824/raft.(*Raft).sendMsg
	D:/Go/src/6.824/src/raft/raft.go:299 +0x46f

goroutine 50728 [chan receive]:
6.824/labrpc.(*ClientEnd).Call(0xc000044580, {0x9525f4, 0x1}, {0x9148e0, 0xc0001a45a0}, {0x914920, 0xc000408510})
	D:/Go/src/6.824/src/labrpc/labrpc.go:112 +0x26e
6.824/raft.(*Raft).sendAppendLog(...)
	D:/Go/src/6.824/src/raft/raft.go:458
6.824/raft.(*Raft).sendMsg.func1(0x4)
	D:/Go/src/6.824/src/raft/raft.go:301 +0x90
created by 6.824/raft.(*Raft).sendMsg
	D:/Go/src/6.824/src/raft/raft.go:299 +0x46f

goroutine 50681 [chan receive]:
6.824/labrpc.(*ClientEnd).Call(0xc000044540, {0x9525f4, 0x1}, {0x9148e0, 0xc0001681e0}, {0x914920, 0xc0000bc430})
	D:/Go/src/6.824/src/labrpc/labrpc.go:112 +0x26e
6.824/raft.(*Raft).sendAppendLog(...)
	D:/Go/src/6.824/src/raft/raft.go:458
6.824/raft.(*Raft).sendMsg.func1(0x2)
	D:/Go/src/6.824/src/raft/raft.go:301 +0x90
created by 6.824/raft.(*Raft).sendMsg
	D:/Go/src/6.824/src/raft/raft.go:299 +0x46f

goroutine 50690 [select]:
6.824/labrpc.(*Network).processReq(0xc000054190, {{0x91c760, 0xc000166fe0}, {0x951895, 0xb}, {0x99e7a0, 0x924380}, {0xc0006a0c60, 0x65, 0xaf}, ...})
	D:/Go/src/6.824/src/labrpc/labrpc.go:251 +0x41c
created by 6.824/labrpc.MakeNetwork.func1
	D:/Go/src/6.824/src/labrpc/labrpc.go:157 +0x3e

goroutine 50642 [chan receive]:
6.824/labrpc.(*ClientEnd).Call(0xc000045300, {0x951895, 0xc000af3fa0}, {0x924380, 0xc0005f8090}, {0x9144a0, 0xc0000d1920})
	D:/Go/src/6.824/src/labrpc/labrpc.go:112 +0x26e
6.824/kvraft.(*Clerk).Execute.func1(0x3, {0x1, {0x9598c5, 0x1}, {0x0, 0x0}, 0xabe537a, 0x5c})
	D:/Go/src/6.824/src/kvraft/client.go:46 +0x11f
created by 6.824/kvraft.(*Clerk).Execute
	D:/Go/src/6.824/src/kvraft/client.go:44 +0x1b2

goroutine 50513 [select]:
6.824/kvraft.(*KVServer).Do(0xc000054230, 0xc000310600, 0xc000468348)
	D:/Go/src/6.824/src/kvraft/server.go:68 +0x2ad
reflect.Value.call({0xc000052180, 0xc000006590, 0xc000827b10}, {0x950377, 0x4}, {0xc000827c68, 0x3, 0xc000827b40})
	D:/ProgramFiles/Go/src/reflect/value.go:543 +0x814
reflect.Value.Call({0xc000052180, 0xc000006590, 0xc000006008}, {0xc000827c68, 0x3, 0x3})
	D:/ProgramFiles/Go/src/reflect/value.go:339 +0xc5
6.824/labrpc.(*Service).dispatch(0xc000051c00, {0x95189e, 0x2}, {{0x91c760, 0xc0001671c0}, {0x951895, 0xb}, {0x99e7a0, 0x924380}, {0xc0006a0840, ...}, ...})
	D:/Go/src/6.824/src/labrpc/labrpc.go:496 +0x39d
6.824/labrpc.(*Server).dispatch(0xc0000048b8, {{0x91c760, 0xc0001671c0}, {0x951895, 0xb}, {0x99e7a0, 0x924380}, {0xc0006a0840, 0x5c, 0xa6}, ...})
	D:/Go/src/6.824/src/labrpc/labrpc.go:420 +0x1fe
6.824/labrpc.(*Network).processReq.func1()
	D:/Go/src/6.824/src/labrpc/labrpc.go:240 +0x58
created by 6.824/labrpc.(*Network).processReq
	D:/Go/src/6.824/src/labrpc/labrpc.go:239 +0x1df

goroutine 50743 [select]:
6.824/kvraft.(*KVServer).Do(0xc000054230, 0xc000910570, 0xc0000d03f0)
	D:/Go/src/6.824/src/kvraft/server.go:68 +0x2ad
reflect.Value.call({0xc000052180, 0xc000006590, 0xc0005abb10}, {0x950377, 0x4}, {0xc0005abc68, 0x3, 0xc0005abb40})
	D:/ProgramFiles/Go/src/reflect/value.go:543 +0x814
reflect.Value.Call({0xc000052180, 0xc000006590, 0xc000326000}, {0xc0005abc68, 0x3, 0x3})
	D:/ProgramFiles/Go/src/reflect/value.go:339 +0xc5
6.824/labrpc.(*Service).dispatch(0xc000051c00, {0x95189e, 0x2}, {{0x91c760, 0xc000167490}, {0x951895, 0xb}, {0x99e7a0, 0x924380}, {0xc0002c2fc0, ...}, ...})
	D:/Go/src/6.824/src/labrpc/labrpc.go:496 +0x39d
6.824/labrpc.(*Server).dispatch(0xc0000048b8, {{0x91c760, 0xc000167490}, {0x951895, 0xb}, {0x99e7a0, 0x924380}, {0xc0002c2fc0, 0x67, 0xb1}, ...})
	D:/Go/src/6.824/src/labrpc/labrpc.go:420 +0x1fe
6.824/labrpc.(*Network).processReq.func1()
	D:/Go/src/6.824/src/labrpc/labrpc.go:240 +0x58
created by 6.824/labrpc.(*Network).processReq
	D:/Go/src/6.824/src/labrpc/labrpc.go:239 +0x1df

goroutine 10935 [sleep]:
time.Sleep(0x4c4b400)
	D:/ProgramFiles/Go/src/runtime/time.go:193 +0x133
6.824/raft.(*Raft).heartTicker(0xc00014c000, 0xc000054190)
	D:/Go/src/6.824/src/raft/raft.go:613 +0x4f
created by 6.824/raft.(*Raft).BeLeader
	D:/Go/src/6.824/src/raft/raft.go:605 +0xcf

goroutine 50678 [select]:
6.824/labrpc.(*Network).processReq(0xc000054190, {{0x91c760, 0xc000166a40}, {0x951895, 0xb}, {0x99e7a0, 0x924380}, {0xc00008a4d0, 0x5b, 0xa5}, ...})
	D:/Go/src/6.824/src/labrpc/labrpc.go:251 +0x41c
created by 6.824/labrpc.MakeNetwork.func1
	D:/Go/src/6.824/src/labrpc/labrpc.go:157 +0x3e

goroutine 50750 [semacquire]:
sync.runtime_SemacquireMutex(0xc0003e54f0, 0xb7, 0x923b60)
	D:/ProgramFiles/Go/src/runtime/sema.go:71 +0x25
sync.(*Mutex).lockSlow(0xc00014c1e0)
	D:/ProgramFiles/Go/src/sync/mutex.go:138 +0x165
sync.(*Mutex).Lock(...)
	D:/ProgramFiles/Go/src/sync/mutex.go:81
6.824/raft.(*Raft).lock(...)
	D:/Go/src/6.824/src/raft/raft.go:471
6.824/raft.(*Raft).AppendLog(0xc00014c1e0, 0xc0006fa840, 0xc0003229d0)
	D:/Go/src/6.824/src/raft/raft.go:329 +0x75
reflect.Value.call({0xc000052300, 0xc000006860, 0xc0003e5b10}, {0x950377, 0x4}, {0xc0003e5c68, 0x3, 0xc0003e5b40})
	D:/ProgramFiles/Go/src/reflect/value.go:543 +0x814
reflect.Value.Call({0xc000052300, 0xc000006860, 0xc0003262a8}, {0xc0003e5c68, 0x3, 0x3})
	D:/ProgramFiles/Go/src/reflect/value.go:339 +0xc5
6.824/labrpc.(*Service).dispatch(0xc000051ec0, {0x9525f9, 0x9}, {{0x91c760, 0xc0000434f0}, {0x9525f4, 0xe}, {0x99e7a0, 0x9148e0}, {0xc00011d200, ...}, ...})
	D:/Go/src/6.824/src/labrpc/labrpc.go:496 +0x39d
6.824/labrpc.(*Server).dispatch(0xc0000048e8, {{0x91c760, 0xc0000434f0}, {0x9525f4, 0xe}, {0x99e7a0, 0x9148e0}, {0xc00011d200, 0x45d, 0x815}, ...})
	D:/Go/src/6.824/src/labrpc/labrpc.go:420 +0x1fe
6.824/labrpc.(*Network).processReq.func1()
	D:/Go/src/6.824/src/labrpc/labrpc.go:240 +0x58
created by 6.824/labrpc.(*Network).processReq
	D:/Go/src/6.824/src/labrpc/labrpc.go:239 +0x1df

goroutine 50789 [semacquire]:
6.824/labrpc.(*Network).processReq(0xc000054190, {{0x91c760, 0xc000043510}, {0x9525f4, 0xe}, {0x99e7a0, 0x9148e0}, {0xc00082c000, 0x20b8, 0x2230}, ...})
	D:/Go/src/6.824/src/labrpc/labrpc.go:238 +0x12d
created by 6.824/labrpc.MakeNetwork.func1
	D:/Go/src/6.824/src/labrpc/labrpc.go:157 +0x3e

goroutine 50606 [chan receive]:
6.824/labrpc.(*ClientEnd).Call(0xc000044580, {0x9525f4, 0x1}, {0x9148e0, 0xc0002f1680}, {0x914920, 0xc0000bdae0})
	D:/Go/src/6.824/src/labrpc/labrpc.go:112 +0x26e
6.824/raft.(*Raft).sendAppendLog(...)
	D:/Go/src/6.824/src/raft/raft.go:458
6.824/raft.(*Raft).sendMsg.func1(0x4)
	D:/Go/src/6.824/src/raft/raft.go:301 +0x90
created by 6.824/raft.(*Raft).sendMsg
	D:/Go/src/6.824/src/raft/raft.go:299 +0x46f

goroutine 50613 [chan receive]:
6.824/labrpc.(*ClientEnd).Call(0xc000044540, {0x9525f4, 0x1}, {0x9148e0, 0xc00062e5a0}, {0x914920, 0xc0000bc260})
	D:/Go/src/6.824/src/labrpc/labrpc.go:112 +0x26e
6.824/raft.(*Raft).sendAppendLog(...)
	D:/Go/src/6.824/src/raft/raft.go:458
6.824/raft.(*Raft).sendMsg.func1(0x2)
	D:/Go/src/6.824/src/raft/raft.go:301 +0x90
created by 6.824/raft.(*Raft).sendMsg
	D:/Go/src/6.824/src/raft/raft.go:299 +0x46f

goroutine 50787 [select]:
6.824/labrpc.(*Network).processReq(0xc000054190, {{0x91c760, 0xc000167760}, {0x951895, 0xb}, {0x99e7a0, 0x924380}, {0xc0006a0000, 0x5c, 0xa6}, ...})
	D:/Go/src/6.824/src/labrpc/labrpc.go:251 +0x41c
created by 6.824/labrpc.MakeNetwork.func1
	D:/Go/src/6.824/src/labrpc/labrpc.go:157 +0x3e

goroutine 50573 [chan receive]:
6.824/labrpc.(*ClientEnd).Call(0xc000044580, {0x9525f4, 0x1}, {0x9148e0, 0xc00032c180}, {0x914920, 0xc0000bc810})
	D:/Go/src/6.824/src/labrpc/labrpc.go:112 +0x26e
6.824/raft.(*Raft).sendAppendLog(...)
	D:/Go/src/6.824/src/raft/raft.go:458
6.824/raft.(*Raft).sendMsg.func1(0x4)
	D:/Go/src/6.824/src/raft/raft.go:301 +0x90
created by 6.824/raft.(*Raft).sendMsg
	D:/Go/src/6.824/src/raft/raft.go:299 +0x46f

goroutine 50673 [chan receive]:
6.824/labrpc.(*ClientEnd).Call(0xc000045480, {0x951895, 0x1}, {0x924380, 0xc000436ba0}, {0x9144a0, 0xc00062dbd8})
	D:/Go/src/6.824/src/labrpc/labrpc.go:112 +0x26e
6.824/kvraft.(*Clerk).Execute.func1(0x4, {0x3, {0x9598c7, 0x1}, {0xc00016b4c0, 0x8}, 0x992384e2, 0x61})
	D:/Go/src/6.824/src/kvraft/client.go:46 +0x11f
created by 6.824/kvraft.(*Clerk).Execute
	D:/Go/src/6.824/src/kvraft/client.go:44 +0x1b2

goroutine 50631 [chan receive]:
6.824/labrpc.(*ClientEnd).Call(0xc000044540, {0x9525f4, 0x8e2fc5}, {0x9148e0, 0xc0000ed440}, {0x914920, 0xc000892b60})
	D:/Go/src/6.824/src/labrpc/labrpc.go:112 +0x26e
6.824/raft.(*Raft).sendAppendLog(...)
	D:/Go/src/6.824/src/raft/raft.go:458
6.824/raft.(*Raft).sendMsg.func1(0x2)
	D:/Go/src/6.824/src/raft/raft.go:301 +0x90
created by 6.824/raft.(*Raft).sendMsg
	D:/Go/src/6.824/src/raft/raft.go:299 +0x46f

goroutine 50779 [semacquire]:
6.824/raft.(*Raft).sendMsg.func1(0x2)
	D:/Go/src/6.824/src/raft/raft.go:300 +0x45
created by 6.824/raft.(*Raft).sendMsg
	D:/Go/src/6.824/src/raft/raft.go:299 +0x46f

goroutine 50777 [select]:
6.824/kvraft.(*KVServer).Do(0xc000054230, 0xc0007af620, 0xc000428a38)
	D:/Go/src/6.824/src/kvraft/server.go:68 +0x2ad
reflect.Value.call({0xc000052180, 0xc000006590, 0xc000869b10}, {0x950377, 0x4}, {0xc000869c68, 0x3, 0xc000869b40})
	D:/ProgramFiles/Go/src/reflect/value.go:543 +0x814
reflect.Value.Call({0xc000052180, 0xc000006590, 0xc000288f10}, {0xc000869c68, 0x3, 0x3})
	D:/ProgramFiles/Go/src/reflect/value.go:339 +0xc5
6.824/labrpc.(*Service).dispatch(0xc000051c00, {0x95189e, 0x2}, {{0x91c760, 0xc000167580}, {0x951895, 0xb}, {0x99e7a0, 0x924380}, {0xc0002c2780, ...}, ...})
	D:/Go/src/6.824/src/labrpc/labrpc.go:496 +0x39d
6.824/labrpc.(*Server).dispatch(0xc0000048b8, {{0x91c760, 0xc000167580}, {0x951895, 0xb}, {0x99e7a0, 0x924380}, {0xc0002c2780, 0x67, 0xb1}, ...})
	D:/Go/src/6.824/src/labrpc/labrpc.go:420 +0x1fe
6.824/labrpc.(*Network).processReq.func1()
	D:/Go/src/6.824/src/labrpc/labrpc.go:240 +0x58
created by 6.824/labrpc.(*Network).processReq
	D:/Go/src/6.824/src/labrpc/labrpc.go:239 +0x1df

goroutine 50644 [select]:
6.824/kvraft.(*KVServer).Do(0xc000054230, 0xc0005f86f0, 0xc0000d1bc0)
	D:/Go/src/6.824/src/kvraft/server.go:68 +0x2ad
reflect.Value.call({0xc000052180, 0xc000006590, 0xc0004c7b10}, {0x950377, 0x4}, {0xc0004c7c68, 0x3, 0xc0004c7b40})
	D:/ProgramFiles/Go/src/reflect/value.go:543 +0x814
reflect.Value.Call({0xc000052180, 0xc000006590, 0xc00047e7a0}, {0xc0004c7c68, 0x3, 0x3})
	D:/ProgramFiles/Go/src/reflect/value.go:339 +0xc5
6.824/labrpc.(*Service).dispatch(0xc000051c00, {0x95189e, 0x2}, {{0x91c760, 0xc000166e00}, {0x951895, 0xb}, {0x99e7a0, 0x924380}, {0xc00008a420, ...}, ...})
	D:/Go/src/6.824/src/labrpc/labrpc.go:496 +0x39d
6.824/labrpc.(*Server).dispatch(0xc0000048b8, {{0x91c760, 0xc000166e00}, {0x951895, 0xb}, {0x99e7a0, 0x924380}, {0xc00008a420, 0x5b, 0xa5}, ...})
	D:/Go/src/6.824/src/labrpc/labrpc.go:420 +0x1fe
6.824/labrpc.(*Network).processReq.func1()
	D:/Go/src/6.824/src/labrpc/labrpc.go:240 +0x58
created by 6.824/labrpc.(*Network).processReq
	D:/Go/src/6.824/src/labrpc/labrpc.go:239 +0x1df

goroutine 50608 [semacquire]:
sync.runtime_SemacquireMutex(0x90a45a, 0x8, 0x0)
	D:/ProgramFiles/Go/src/runtime/sema.go:71 +0x25
sync.(*Mutex).lockSlow(0xc00014c3c0)
	D:/ProgramFiles/Go/src/sync/mutex.go:138 +0x165
sync.(*Mutex).Lock(...)
	D:/ProgramFiles/Go/src/sync/mutex.go:81
6.824/raft.(*Raft).lock(...)
	D:/Go/src/6.824/src/raft/raft.go:471
6.824/raft.(*Raft).AppendLog(0xc00014c3c0, 0xc0006fbb60, 0xc000408170)
	D:/Go/src/6.824/src/raft/raft.go:329 +0x75
reflect.Value.call({0xc000052300, 0xc0000069c0, 0xc00009bb10}, {0x950377, 0x4}, {0xc00009bc68, 0x3, 0xc00009bb40})
	D:/ProgramFiles/Go/src/reflect/value.go:543 +0x814
reflect.Value.Call({0xc000052300, 0xc0000069c0, 0xc000326f20}, {0xc00009bc68, 0x3, 0x3})
	D:/ProgramFiles/Go/src/reflect/value.go:339 +0xc5
6.824/labrpc.(*Service).dispatch(0xc000164140, {0x9525f9, 0x9}, {{0x91c760, 0xc000043530}, {0x9525f4, 0xe}, {0x99e7a0, 0x9148e0}, {0xc0009eef00, ...}, ...})
	D:/Go/src/6.824/src/labrpc/labrpc.go:496 +0x39d
6.824/labrpc.(*Server).dispatch(0xc000004918, {{0x91c760, 0xc000043530}, {0x9525f4, 0xe}, {0x99e7a0, 0x9148e0}, {0xc0009eef00, 0x20b8, 0x2230}, ...})
	D:/Go/src/6.824/src/labrpc/labrpc.go:420 +0x1fe
6.824/labrpc.(*Network).processReq.func1()
	D:/Go/src/6.824/src/labrpc/labrpc.go:240 +0x58
created by 6.824/labrpc.(*Network).processReq
	D:/Go/src/6.824/src/labrpc/labrpc.go:239 +0x1df

goroutine 50856 [select]:
6.824/labrpc.(*Network).processReq(0xc000054190, {{0x91c760, 0xc0000434f0}, {0x9525f4, 0xe}, {0x99e7a0, 0x9148e0}, {0xc0008bef00, 0x20b8, 0x2230}, ...})
	D:/Go/src/6.824/src/labrpc/labrpc.go:251 +0x41c
created by 6.824/labrpc.MakeNetwork.func1
	D:/Go/src/6.824/src/labrpc/labrpc.go:157 +0x3e

goroutine 50693 [semacquire]:
6.824/raft.(*Raft).sendMsg.func1(0x2)
	D:/Go/src/6.824/src/raft/raft.go:300 +0x45
created by 6.824/raft.(*Raft).sendMsg
	D:/Go/src/6.824/src/raft/raft.go:299 +0x46f

goroutine 50722 [semacquire]:
6.824/raft.(*Raft).sendMsg.func1(0x2)
	D:/Go/src/6.824/src/raft/raft.go:300 +0x45
created by 6.824/raft.(*Raft).sendMsg
	D:/Go/src/6.824/src/raft/raft.go:299 +0x46f

goroutine 50679 [select]:
6.824/kvraft.(*KVServer).Do(0xc000054230, 0xc000075e30, 0xc000187698)
	D:/Go/src/6.824/src/kvraft/server.go:68 +0x2ad
reflect.Value.call({0xc000052180, 0xc000006590, 0xc0005ddb10}, {0x950377, 0x4}, {0xc0005ddc68, 0x3, 0xc0005ddb40})
	D:/ProgramFiles/Go/src/reflect/value.go:543 +0x814
reflect.Value.Call({0xc000052180, 0xc000006590, 0xc00047ef28}, {0xc0005ddc68, 0x3, 0x3})
	D:/ProgramFiles/Go/src/reflect/value.go:339 +0xc5
6.824/labrpc.(*Service).dispatch(0xc000051c00, {0x95189e, 0x2}, {{0x91c760, 0xc000166a40}, {0x951895, 0xb}, {0x99e7a0, 0x924380}, {0xc00008a4d0, ...}, ...})
	D:/Go/src/6.824/src/labrpc/labrpc.go:496 +0x39d
6.824/labrpc.(*Server).dispatch(0xc0000048b8, {{0x91c760, 0xc000166a40}, {0x951895, 0xb}, {0x99e7a0, 0x924380}, {0xc00008a4d0, 0x5b, 0xa5}, ...})
	D:/Go/src/6.824/src/labrpc/labrpc.go:420 +0x1fe
6.824/labrpc.(*Network).processReq.func1()
	D:/Go/src/6.824/src/labrpc/labrpc.go:240 +0x58
created by 6.824/labrpc.(*Network).processReq
	D:/Go/src/6.824/src/labrpc/labrpc.go:239 +0x1df

goroutine 50819 [semacquire]:
sync.runtime_SemacquireMutex(0x90a45a, 0x8, 0x0)
	D:/ProgramFiles/Go/src/runtime/sema.go:71 +0x25
sync.(*Mutex).lockSlow(0xc00014c1e0)
	D:/ProgramFiles/Go/src/sync/mutex.go:138 +0x165
sync.(*Mutex).Lock(...)
	D:/ProgramFiles/Go/src/sync/mutex.go:81
6.824/raft.(*Raft).lock(...)
	D:/Go/src/6.824/src/raft/raft.go:471
6.824/raft.(*Raft).AppendLog(0xc00014c1e0, 0xc0006fb440, 0xc000323140)
	D:/Go/src/6.824/src/raft/raft.go:329 +0x75
reflect.Value.call({0xc000052300, 0xc000006860, 0xc000533b10}, {0x950377, 0x4}, {0xc000533c68, 0x3, 0xc000533b40})
	D:/ProgramFiles/Go/src/reflect/value.go:543 +0x814
reflect.Value.Call({0xc000052300, 0xc000006860, 0xc0003266c8}, {0xc000533c68, 0x3, 0x3})
	D:/ProgramFiles/Go/src/reflect/value.go:339 +0xc5
6.824/labrpc.(*Service).dispatch(0xc000051ec0, {0x9525f9, 0x9}, {{0x91c760, 0xc0000434f0}, {0x9525f4, 0xe}, {0x99e7a0, 0x9148e0}, {0xc000ab7900, ...}, ...})
	D:/Go/src/6.824/src/labrpc/labrpc.go:496 +0x39d
6.824/labrpc.(*Server).dispatch(0xc0000048e8, {{0x91c760, 0xc0000434f0}, {0x9525f4, 0xe}, {0x99e7a0, 0x9148e0}, {0xc000ab7900, 0x210c, 0x2284}, ...})
	D:/Go/src/6.824/src/labrpc/labrpc.go:420 +0x1fe
6.824/labrpc.(*Network).processReq.func1()
	D:/Go/src/6.824/src/labrpc/labrpc.go:240 +0x58
created by 6.824/labrpc.(*Network).processReq
	D:/Go/src/6.824/src/labrpc/labrpc.go:239 +0x1df

goroutine 50775 [chan receive]:
6.824/labrpc.(*ClientEnd).Call(0xc000045900, {0x951895, 0xc000acffa0}, {0x924380, 0xc0007aeff0}, {0x9144a0, 0xc000428768})
	D:/Go/src/6.824/src/labrpc/labrpc.go:112 +0x26e
6.824/kvraft.(*Clerk).Execute.func1(0x1, {0x3, {0x95e7b0, 0x2}, {0xc000294ca0, 0x9}, 0xb26a9570, 0x62})
	D:/Go/src/6.824/src/kvraft/client.go:46 +0x11f
created by 6.824/kvraft.(*Clerk).Execute
	D:/Go/src/6.824/src/kvraft/client.go:44 +0x1b2

goroutine 50858 [select]:
6.824/labrpc.(*Network).processReq(0xc000054190, {{0x91c760, 0xc000043510}, {0x9525f4, 0xe}, {0x99e7a0, 0x9148e0}, {0xc0008c1400, 0x20b8, 0x2230}, ...})
	D:/Go/src/6.824/src/labrpc/labrpc.go:251 +0x41c
created by 6.824/labrpc.MakeNetwork.func1
	D:/Go/src/6.824/src/labrpc/labrpc.go:157 +0x3e

goroutine 50785 [running]:
	goroutine running on other thread; stack unavailable
created by 6.824/labrpc.(*Network).processReq
	D:/Go/src/6.824/src/labrpc/labrpc.go:239 +0x1df

goroutine 50589 [chan receive]:
6.824/labrpc.(*ClientEnd).Call(0xc0000450c0, {0x951895, 0x1}, {0x924380, 0xc0000efce0}, {0x9144a0, 0xc000428d38})
	D:/Go/src/6.824/src/labrpc/labrpc.go:112 +0x26e
6.824/kvraft.(*Clerk).Execute.func1(0x0, {0x3, {0x9598c2, 0x1}, {0xc0003237c8, 0x8}, 0x9d94a26c, 0x66})
	D:/Go/src/6.824/src/kvraft/client.go:46 +0x11f
created by 6.824/kvraft.(*Clerk).Execute
	D:/Go/src/6.824/src/kvraft/client.go:44 +0x1b2

goroutine 50792 [semacquire]:
6.824/labrpc.(*Network).processReq(0xc000054190, {{0x91c760, 0xc0000434d0}, {0x9525f4, 0xe}, {0x99e7a0, 0x9148e0}, {0xc0005ca500, 0x20b8, 0x2230}, ...})
	D:/Go/src/6.824/src/labrpc/labrpc.go:238 +0x12d
created by 6.824/labrpc.MakeNetwork.func1
	D:/Go/src/6.824/src/labrpc/labrpc.go:157 +0x3e

goroutine 50707 [runnable]:
encoding/gob.(*Encoder).newEncoderState(...)
	D:/ProgramFiles/Go/src/encoding/gob/encode.go:82
encoding/gob.(*Encoder).encodeStruct(0xc000484a00, 0xc000484a38, 0xc0002820d8, {0x942ba0, 0xc00030f4c0, 0x490000c000662f48})
	D:/ProgramFiles/Go/src/encoding/gob/encode.go:310 +0xc9
encoding/gob.(*Encoder).encode(0xc000484a00, 0x8033e9, {0x924680, 0xc00030f4c0, 0x30}, 0xc0000514c0)
	D:/ProgramFiles/Go/src/encoding/gob/encode.go:701 +0x1d7
encoding/gob.(*Encoder).sendActualType(0xc000484a00, {0x9968c0, 0xc00022eb10}, 0xc000050000, 0xc00030f400, {0x99e7a0, 0x918c60})
	D:/ProgramFiles/Go/src/encoding/gob/encoder.go:106 +0x1cd
encoding/gob.(*Encoder).sendType(0x38, {0x9968c0, 0xc00022eb10}, 0xc000080000, {0x99e7a0, 0x918c60})
	D:/ProgramFiles/Go/src/encoding/gob/encoder.go:169 +0x105
encoding/gob.(*Encoder).sendTypeDescriptor(0xc000484a00, {0x9968c0, 0xc00022eb10}, 0x20, 0xc00030f400)
	D:/ProgramFiles/Go/src/encoding/gob/encoder.go:191 +0xa5
encoding/gob.(*Encoder).EncodeValue(0xc000484a00, {0x918c60, 0xc000269b30, 0x918c60})
	D:/ProgramFiles/Go/src/encoding/gob/encoder.go:244 +0x3b9
encoding/gob.(*Encoder).Encode(0x918c60, {0x918c60, 0xc000269b30})
	D:/ProgramFiles/Go/src/encoding/gob/encoder.go:176 +0xa5
6.824/labgob.(*LabEncoder).Encode(0xc0001afb70, {0x918c60, 0xc000269b30})
	D:/Go/src/6.824/src/labgob/labgob.go:34 +0x45
6.824/raft.(*Raft).GetRaftStateData(0xc00014c3c0)
	D:/Go/src/6.824/src/raft/raft.go:133 +0x72
6.824/raft.(*Raft).persist(0xc00014c3c0)
	D:/Go/src/6.824/src/raft/raft.go:139 +0x1e
6.824/raft.(*Raft).AppendLog(0xc00014c3c0, 0xc000312720, 0xc0005c5e00)
	D:/Go/src/6.824/src/raft/raft.go:396 +0x52a
reflect.Value.call({0xc000052300, 0xc0000069c0, 0xc000663b10}, {0x950377, 0x4}, {0xc000663c68, 0x3, 0xc000663b40})
	D:/ProgramFiles/Go/src/reflect/value.go:543 +0x814
reflect.Value.Call({0xc000052300, 0xc0000069c0, 0xc0001af598}, {0xc000663c68, 0x3, 0x3})
	D:/ProgramFiles/Go/src/reflect/value.go:339 +0xc5
6.824/labrpc.(*Service).dispatch(0xc000164140, {0x9525f9, 0x9}, {{0x91c760, 0xc000043530}, {0x9525f4, 0xe}, {0x99e7a0, 0x9148e0}, {0xc00042a900, ...}, ...})
	D:/Go/src/6.824/src/labrpc/labrpc.go:496 +0x39d
6.824/labrpc.(*Server).dispatch(0xc000004918, {{0x91c760, 0xc000043530}, {0x9525f4, 0xe}, {0x99e7a0, 0x9148e0}, {0xc00042a900, 0x4c9, 0x881}, ...})
	D:/Go/src/6.824/src/labrpc/labrpc.go:420 +0x1fe
6.824/labrpc.(*Network).processReq.func1()
	D:/Go/src/6.824/src/labrpc/labrpc.go:240 +0x58
created by 6.824/labrpc.(*Network).processReq
	D:/Go/src/6.824/src/labrpc/labrpc.go:239 +0x1df

goroutine 50845 [semacquire]:
sync.runtime_SemacquireMutex(0x90a45a, 0x8, 0x0)
	D:/ProgramFiles/Go/src/runtime/sema.go:71 +0x25
sync.(*Mutex).lockSlow(0xc00014c1e0)
	D:/ProgramFiles/Go/src/sync/mutex.go:138 +0x165
sync.(*Mutex).Lock(...)
	D:/ProgramFiles/Go/src/sync/mutex.go:81
6.824/raft.(*Raft).lock(...)
	D:/Go/src/6.824/src/raft/raft.go:471
6.824/raft.(*Raft).AppendLog(0xc00014c1e0, 0xc0001a47e0, 0xc000893c00)
	D:/Go/src/6.824/src/raft/raft.go:329 +0x75
reflect.Value.call({0xc000052300, 0xc000006860, 0xc00066bb10}, {0x950377, 0x4}, {0xc00066bc68, 0x3, 0xc00066bb40})
	D:/ProgramFiles/Go/src/reflect/value.go:543 +0x814
reflect.Value.Call({0xc000052300, 0xc000006860, 0xc000327da8}, {0xc00066bc68, 0x3, 0x3})
	D:/ProgramFiles/Go/src/reflect/value.go:339 +0xc5
6.824/labrpc.(*Service).dispatch(0xc000051ec0, {0x9525f9, 0x9}, {{0x91c760, 0xc0000434f0}, {0x9525f4, 0xe}, {0x99e7a0, 0x9148e0}, {0xc0008b8000, ...}, ...})
	D:/Go/src/6.824/src/labrpc/labrpc.go:496 +0x39d
6.824/labrpc.(*Server).dispatch(0xc0000048e8, {{0x91c760, 0xc0000434f0}, {0x9525f4, 0xe}, {0x99e7a0, 0x9148e0}, {0xc0008b8000, 0x20b8, 0x2230}, ...})
	D:/Go/src/6.824/src/labrpc/labrpc.go:420 +0x1fe
6.824/labrpc.(*Network).processReq.func1()
	D:/Go/src/6.824/src/labrpc/labrpc.go:240 +0x58
created by 6.824/labrpc.(*Network).processReq
	D:/Go/src/6.824/src/labrpc/labrpc.go:239 +0x1df

goroutine 50799 [semacquire]:
6.824/raft.(*Raft).sendMsg.func1(0x1)
	D:/Go/src/6.824/src/raft/raft.go:300 +0x45
created by 6.824/raft.(*Raft).sendMsg
	D:/Go/src/6.824/src/raft/raft.go:299 +0x46f

goroutine 50857 [semacquire]:
sync.runtime_SemacquireMutex(0x90a45a, 0x8, 0x0)
	D:/ProgramFiles/Go/src/runtime/sema.go:71 +0x25
sync.(*Mutex).lockSlow(0xc00014c1e0)
	D:/ProgramFiles/Go/src/sync/mutex.go:138 +0x165
sync.(*Mutex).Lock(...)
	D:/ProgramFiles/Go/src/sync/mutex.go:81
6.824/raft.(*Raft).lock(...)
	D:/Go/src/6.824/src/raft/raft.go:471
6.824/raft.(*Raft).AppendLog(0xc00014c1e0, 0xc000460120, 0xc00016add0)
	D:/Go/src/6.824/src/raft/raft.go:329 +0x75
reflect.Value.call({0xc000052300, 0xc000006860, 0xc000699b10}, {0x950377, 0x4}, {0xc000699c68, 0x3, 0xc000699b40})
	D:/ProgramFiles/Go/src/reflect/value.go:543 +0x814
reflect.Value.Call({0xc000052300, 0xc000006860, 0xc00047e900}, {0xc000699c68, 0x3, 0x3})
	D:/ProgramFiles/Go/src/reflect/value.go:339 +0xc5
6.824/labrpc.(*Service).dispatch(0xc000051ec0, {0x9525f9, 0x9}, {{0x91c760, 0xc0000434f0}, {0x9525f4, 0xe}, {0x99e7a0, 0x9148e0}, {0xc0008bef00, ...}, ...})
	D:/Go/src/6.824/src/labrpc/labrpc.go:496 +0x39d
6.824/labrpc.(*Server).dispatch(0xc0000048e8, {{0x91c760, 0xc0000434f0}, {0x9525f4, 0xe}, {0x99e7a0, 0x9148e0}, {0xc0008bef00, 0x20b8, 0x2230}, ...})
	D:/Go/src/6.824/src/labrpc/labrpc.go:420 +0x1fe
6.824/labrpc.(*Network).processReq.func1()
	D:/Go/src/6.824/src/labrpc/labrpc.go:240 +0x58
created by 6.824/labrpc.(*Network).processReq
	D:/Go/src/6.824/src/labrpc/labrpc.go:239 +0x1df

goroutine 50653 [select]:
6.824/kvraft.(*KVServer).Do(0xc000054230, 0xc0005f9b90, 0xc000186c00)
	D:/Go/src/6.824/src/kvraft/server.go:68 +0x2ad
reflect.Value.call({0xc000052180, 0xc000006590, 0xc0009b5b10}, {0x950377, 0x4}, {0xc0009b5c68, 0x3, 0xc0009b5b40})
	D:/ProgramFiles/Go/src/reflect/value.go:543 +0x814
reflect.Value.Call({0xc000052180, 0xc000006590, 0xc00047eb88}, {0xc0009b5c68, 0x3, 0x3})
	D:/ProgramFiles/Go/src/reflect/value.go:339 +0xc5
6.824/labrpc.(*Service).dispatch(0xc000051c00, {0x95189e, 0x2}, {{0x91c760, 0xc000166680}, {0x951895, 0xb}, {0x99e7a0, 0x924380}, {0xc0002ca600, ...}, ...})
	D:/Go/src/6.824/src/labrpc/labrpc.go:496 +0x39d
6.824/labrpc.(*Server).dispatch(0xc0000048b8, {{0x91c760, 0xc000166680}, {0x951895, 0xb}, {0x99e7a0, 0x924380}, {0xc0002ca600, 0x67, 0xb1}, ...})
	D:/Go/src/6.824/src/labrpc/labrpc.go:420 +0x1fe
6.824/labrpc.(*Network).processReq.func1()
	D:/Go/src/6.824/src/labrpc/labrpc.go:240 +0x58
created by 6.824/labrpc.(*Network).processReq
	D:/Go/src/6.824/src/labrpc/labrpc.go:239 +0x1df

goroutine 50749 [semacquire]:
sync.runtime_SemacquireMutex(0x90a45a, 0x8, 0x0)
	D:/ProgramFiles/Go/src/runtime/sema.go:71 +0x25
sync.(*Mutex).lockSlow(0xc00014c3c0)
	D:/ProgramFiles/Go/src/sync/mutex.go:138 +0x165
sync.(*Mutex).Lock(...)
	D:/ProgramFiles/Go/src/sync/mutex.go:81
6.824/raft.(*Raft).lock(...)
	D:/Go/src/6.824/src/raft/raft.go:471
6.824/raft.(*Raft).AppendLog(0xc00014c3c0, 0xc0006fa720, 0xc0003225f0)
	D:/Go/src/6.824/src/raft/raft.go:329 +0x75
reflect.Value.call({0xc000052300, 0xc0000069c0, 0xc0001bbb10}, {0x950377, 0x4}, {0xc0001bbc68, 0x3, 0xc0001bbb40})
	D:/ProgramFiles/Go/src/reflect/value.go:543 +0x814
reflect.Value.Call({0xc000052300, 0xc0000069c0, 0xc000326130}, {0xc0001bbc68, 0x3, 0x3})
	D:/ProgramFiles/Go/src/reflect/value.go:339 +0xc5
6.824/labrpc.(*Service).dispatch(0xc000164140, {0x9525f9, 0x9}, {{0x91c760, 0xc000043530}, {0x9525f4, 0xe}, {0x99e7a0, 0x9148e0}, {0xc000a1c500, ...}, ...})
	D:/Go/src/6.824/src/labrpc/labrpc.go:496 +0x39d
6.824/labrpc.(*Server).dispatch(0xc000004918, {{0x91c760, 0xc000043530}, {0x9525f4, 0xe}, {0x99e7a0, 0x9148e0}, {0xc000a1c500, 0x210c, 0x2284}, ...})
	D:/Go/src/6.824/src/labrpc/labrpc.go:420 +0x1fe
6.824/labrpc.(*Network).processReq.func1()
	D:/Go/src/6.824/src/labrpc/labrpc.go:240 +0x58
created by 6.824/labrpc.(*Network).processReq
	D:/Go/src/6.824/src/labrpc/labrpc.go:239 +0x1df

goroutine 50560 [select]:
6.824/labrpc.(*Network).processReq(0xc000054190, {{0x91c760, 0xc000166950}, {0x951895, 0xb}, {0x99e7a0, 0x924380}, {0xc00008a0b0, 0x5b, 0xa5}, ...})
	D:/Go/src/6.824/src/labrpc/labrpc.go:251 +0x41c
created by 6.824/labrpc.MakeNetwork.func1
	D:/Go/src/6.824/src/labrpc/labrpc.go:157 +0x3e

goroutine 50715 [chan receive]:
6.824/labrpc.(*ClientEnd).Call(0xc0000453c0, {0x951895, 0xc0004dbfa0}, {0x924380, 0xc000894c90}, {0x9144a0, 0xc00040abd0})
	D:/Go/src/6.824/src/labrpc/labrpc.go:112 +0x26e
6.824/kvraft.(*Clerk).Execute.func1(0x2, {0x1, {0x9598c6, 0x1}, {0x0, 0x0}, 0x7aab0512, 0x62})
	D:/Go/src/6.824/src/kvraft/client.go:46 +0x11f
created by 6.824/kvraft.(*Clerk).Execute
	D:/Go/src/6.824/src/kvraft/client.go:44 +0x1b2

goroutine 50780 [semacquire]:
6.824/raft.(*Raft).sendMsg.func1(0x3)
	D:/Go/src/6.824/src/raft/raft.go:300 +0x45
created by 6.824/raft.(*Raft).sendMsg
	D:/Go/src/6.824/src/raft/raft.go:299 +0x46f

goroutine 50607 [select]:
6.824/labrpc.(*Network).processReq(0xc000054190, {{0x91c760, 0xc000043530}, {0x9525f4, 0xe}, {0x99e7a0, 0x9148e0}, {0xc0009eef00, 0x20b8, 0x2230}, ...})
	D:/Go/src/6.824/src/labrpc/labrpc.go:251 +0x41c
created by 6.824/labrpc.MakeNetwork.func1
	D:/Go/src/6.824/src/labrpc/labrpc.go:157 +0x3e

goroutine 50609 [chan receive]:
6.824/labrpc.(*ClientEnd).Call(0xc000045b40, {0x951895, 0x9148e0}, {0x924380, 0xc000693080}, {0x9144a0, 0xc0004ec7b0})
	D:/Go/src/6.824/src/labrpc/labrpc.go:112 +0x26e
6.824/kvraft.(*Clerk).Execute.func1(0x4, {0x1, {0x95e7b6, 0x2}, {0x0, 0x0}, 0x2db38461, 0x64})
	D:/Go/src/6.824/src/kvraft/client.go:46 +0x11f
created by 6.824/kvraft.(*Clerk).Execute
	D:/Go/src/6.824/src/kvraft/client.go:44 +0x1b2

goroutine 50489 [chan receive]:
6.824/labrpc.(*ClientEnd).Call(0xc000045840, {0x951895, 0xc000687fa0}, {0x924380, 0xc000147e00}, {0x9144a0, 0xc000428030})
	D:/Go/src/6.824/src/labrpc/labrpc.go:112 +0x26e
6.824/kvraft.(*Clerk).Execute.func1(0x3, {0x3, {0x95e7ae, 0x2}, {0xc000323640, 0x9}, 0xee2b72f7, 0x67})
	D:/Go/src/6.824/src/kvraft/client.go:46 +0x11f
created by 6.824/kvraft.(*Clerk).Execute
	D:/Go/src/6.824/src/kvraft/client.go:44 +0x1b2

goroutine 50790 [semacquire]:
6.824/labrpc.(*Network).processReq(0xc000054190, {{0x91c760, 0xc0000434f0}, {0x9525f4, 0xe}, {0x99e7a0, 0x9148e0}, {0xc0005c8000, 0x20b8, 0x2230}, ...})
	D:/Go/src/6.824/src/labrpc/labrpc.go:238 +0x12d
created by 6.824/labrpc.MakeNetwork.func1
	D:/Go/src/6.824/src/labrpc/labrpc.go:157 +0x3e

goroutine 50776 [select]:
6.824/labrpc.(*Network).processReq(0xc000054190, {{0x91c760, 0xc000167580}, {0x951895, 0xb}, {0x99e7a0, 0x924380}, {0xc0002c2780, 0x67, 0xb1}, ...})
	D:/Go/src/6.824/src/labrpc/labrpc.go:251 +0x41c
created by 6.824/labrpc.MakeNetwork.func1
	D:/Go/src/6.824/src/labrpc/labrpc.go:157 +0x3e

goroutine 50797 [semacquire]:
sync.runtime_SemacquireMutex(0x1fdc, 0x18, 0x8ec8a9)
	D:/ProgramFiles/Go/src/runtime/sema.go:71 +0x25
sync.(*Mutex).lockSlow(0xc00014c1e0)
	D:/ProgramFiles/Go/src/sync/mutex.go:138 +0x165
sync.(*Mutex).Lock(...)
	D:/ProgramFiles/Go/src/sync/mutex.go:81
6.824/raft.(*Raft).lock(...)
	D:/Go/src/6.824/src/raft/raft.go:471
6.824/raft.(*Raft).Snapshot(0xc00014c1e0, 0x7b3, {0xc000905000, 0x1ff5, 0x4025})
	D:/Go/src/6.824/src/raft/raft.go:194 +0x6a
created by 6.824/kvraft.(*KVServer).SnapShot
	D:/Go/src/6.824/src/kvraft/server.go:105 +0x185

goroutine 50788 [select]:
6.824/kvraft.(*KVServer).Do(0xc000054230, 0xc0001473b0, 0xc0004ec1c8)
	D:/Go/src/6.824/src/kvraft/server.go:68 +0x2ad
reflect.Value.call({0xc000052180, 0xc000006590, 0xc0009cbb10}, {0x950377, 0x4}, {0xc0009cbc68, 0x3, 0xc0009cbb40})
	D:/ProgramFiles/Go/src/reflect/value.go:543 +0x814
reflect.Value.Call({0xc000052180, 0xc000006590, 0xc000007030}, {0xc0009cbc68, 0x3, 0x3})
	D:/ProgramFiles/Go/src/reflect/value.go:339 +0xc5
6.824/labrpc.(*Service).dispatch(0xc000051c00, {0x95189e, 0x2}, {{0x91c760, 0xc000167760}, {0x951895, 0xb}, {0x99e7a0, 0x924380}, {0xc0006a0000, ...}, ...})
	D:/Go/src/6.824/src/labrpc/labrpc.go:496 +0x39d
6.824/labrpc.(*Server).dispatch(0xc0000048b8, {{0x91c760, 0xc000167760}, {0x951895, 0xb}, {0x99e7a0, 0x924380}, {0xc0006a0000, 0x5c, 0xa6}, ...})
	D:/Go/src/6.824/src/labrpc/labrpc.go:420 +0x1fe
6.824/labrpc.(*Network).processReq.func1()
	D:/Go/src/6.824/src/labrpc/labrpc.go:240 +0x58
created by 6.824/labrpc.(*Network).processReq
	D:/Go/src/6.824/src/labrpc/labrpc.go:239 +0x1df

goroutine 50716 [semacquire]:
6.824/labrpc.(*Network).processReq(0xc000054190, {{0x91c760, 0xc000166ef0}, {0x951895, 0xb}, {0x99e7a0, 0x924380}, {0xc0003f4790, 0x5b, 0xa5}, ...})
	D:/Go/src/6.824/src/labrpc/labrpc.go:238 +0x12d
created by 6.824/labrpc.MakeNetwork.func1
	D:/Go/src/6.824/src/labrpc/labrpc.go:157 +0x3e

goroutine 50781 [chan receive]:
6.824/labrpc.(*ClientEnd).Call(0xc000044580, {0x9525f4, 0x1}, {0x9148e0, 0xc00032dbc0}, {0x914920, 0xc0000bc8d0})
	D:/Go/src/6.824/src/labrpc/labrpc.go:112 +0x26e
6.824/raft.(*Raft).sendAppendLog(...)
	D:/Go/src/6.824/src/raft/raft.go:458
6.824/raft.(*Raft).sendMsg.func1(0x4)
	D:/Go/src/6.824/src/raft/raft.go:301 +0x90
created by 6.824/raft.(*Raft).sendMsg
	D:/Go/src/6.824/src/raft/raft.go:299 +0x46f

goroutine 50832 [semacquire]:
sync.runtime_SemacquireMutex(0x90a45a, 0x8, 0x0)
	D:/ProgramFiles/Go/src/runtime/sema.go:71 +0x25
sync.(*Mutex).lockSlow(0xc00014c3c0)
	D:/ProgramFiles/Go/src/sync/mutex.go:138 +0x165
sync.(*Mutex).Lock(...)
	D:/ProgramFiles/Go/src/sync/mutex.go:81
6.824/raft.(*Raft).lock(...)
	D:/Go/src/6.824/src/raft/raft.go:471
6.824/raft.(*Raft).AppendLog(0xc00014c3c0, 0xc000258240, 0xc000892750)
	D:/Go/src/6.824/src/raft/raft.go:329 +0x75
reflect.Value.call({0xc000052300, 0xc0000069c0, 0xc0005e7b10}, {0x950377, 0x4}, {0xc0005e7c68, 0x3, 0xc0005e7b40})
	D:/ProgramFiles/Go/src/reflect/value.go:543 +0x814
reflect.Value.Call({0xc000052300, 0xc0000069c0, 0xc000327388}, {0xc0005e7c68, 0x3, 0x3})
	D:/ProgramFiles/Go/src/reflect/value.go:339 +0xc5
6.824/labrpc.(*Service).dispatch(0xc000164140, {0x9525f9, 0x9}, {{0x91c760, 0xc000043530}, {0x9525f4, 0xe}, {0x99e7a0, 0x9148e0}, {0xc0007d0500, ...}, ...})
	D:/Go/src/6.824/src/labrpc/labrpc.go:496 +0x39d
6.824/labrpc.(*Server).dispatch(0xc000004918, {{0x91c760, 0xc000043530}, {0x9525f4, 0xe}, {0x99e7a0, 0x9148e0}, {0xc0007d0500, 0x20b8, 0x2230}, ...})
	D:/Go/src/6.824/src/labrpc/labrpc.go:420 +0x1fe
6.824/labrpc.(*Network).processReq.func1()
	D:/Go/src/6.824/src/labrpc/labrpc.go:240 +0x58
created by 6.824/labrpc.(*Network).processReq
	D:/Go/src/6.824/src/labrpc/labrpc.go:239 +0x1df

goroutine 50793 [semacquire]:
6.824/labrpc.(*Network).processReq(0xc000054190, {{0x91c760, 0xc0000434f0}, {0x9525f4, 0xe}, {0x99e7a0, 0x9148e0}, {0xc0005cca00, 0x20b8, 0x2230}, ...})
	D:/Go/src/6.824/src/labrpc/labrpc.go:238 +0x12d
created by 6.824/labrpc.MakeNetwork.func1
	D:/Go/src/6.824/src/labrpc/labrpc.go:157 +0x3e

goroutine 50611 [select]:
6.824/kvraft.(*KVServer).Do(0xc000054230, 0xc000693710, 0xc0004ecb58)
	D:/Go/src/6.824/src/kvraft/server.go:68 +0x2ad
reflect.Value.call({0xc000052180, 0xc000006590, 0xc000823b10}, {0x950377, 0x4}, {0xc000823c68, 0x3, 0xc000823b40})
	D:/ProgramFiles/Go/src/reflect/value.go:543 +0x814
reflect.Value.Call({0xc000052180, 0xc000006590, 0xc0001ae348}, {0xc000823c68, 0x3, 0x3})
	D:/ProgramFiles/Go/src/reflect/value.go:339 +0xc5
6.824/labrpc.(*Service).dispatch(0xc000051c00, {0x95189e, 0x2}, {{0x91c760, 0xc000167850}, {0x951895, 0xb}, {0x99e7a0, 0x924380}, {0xc0003f46e0, ...}, ...})
	D:/Go/src/6.824/src/labrpc/labrpc.go:496 +0x39d
6.824/labrpc.(*Server).dispatch(0xc0000048b8, {{0x91c760, 0xc000167850}, {0x951895, 0xb}, {0x99e7a0, 0x924380}, {0xc0003f46e0, 0x5c, 0xa6}, ...})
	D:/Go/src/6.824/src/labrpc/labrpc.go:420 +0x1fe
6.824/labrpc.(*Network).processReq.func1()
	D:/Go/src/6.824/src/labrpc/labrpc.go:240 +0x58
created by 6.824/labrpc.(*Network).processReq
	D:/Go/src/6.824/src/labrpc/labrpc.go:239 +0x1df

goroutine 50695 [semacquire]:
6.824/raft.(*Raft).sendMsg.func1(0x4)
	D:/Go/src/6.824/src/raft/raft.go:300 +0x45
created by 6.824/raft.(*Raft).sendMsg
	D:/Go/src/6.824/src/raft/raft.go:299 +0x46f

goroutine 50665 [select]:
6.824/kvraft.(*KVServer).Do(0xc000054230, 0xc000481a40, 0xc00062d278)
	D:/Go/src/6.824/src/kvraft/server.go:68 +0x2ad
reflect.Value.call({0xc000052180, 0xc000006590, 0xc0009cfb10}, {0x950377, 0x4}, {0xc0009cfc68, 0x3, 0xc0009cfb40})
	D:/ProgramFiles/Go/src/reflect/value.go:543 +0x814
reflect.Value.Call({0xc000052180, 0xc000006590, 0xc0003274e0}, {0xc0009cfc68, 0x3, 0x3})
	D:/ProgramFiles/Go/src/reflect/value.go:339 +0xc5
6.824/labrpc.(*Service).dispatch(0xc000051c00, {0x95189e, 0x2}, {{0x91c760, 0xc0001670d0}, {0x951895, 0xb}, {0x99e7a0, 0x924380}, {0xc0006a0bb0, ...}, ...})
	D:/Go/src/6.824/src/labrpc/labrpc.go:496 +0x39d
6.824/labrpc.(*Server).dispatch(0xc0000048b8, {{0x91c760, 0xc0001670d0}, {0x951895, 0xb}, {0x99e7a0, 0x924380}, {0xc0006a0bb0, 0x5c, 0xa6}, ...})
	D:/Go/src/6.824/src/labrpc/labrpc.go:420 +0x1fe
6.824/labrpc.(*Network).processReq.func1()
	D:/Go/src/6.824/src/labrpc/labrpc.go:240 +0x58
created by 6.824/labrpc.(*Network).processReq
	D:/Go/src/6.824/src/labrpc/labrpc.go:239 +0x1df

goroutine 50664 [select]:
6.824/labrpc.(*Network).processReq(0xc000054190, {{0x91c760, 0xc0001670d0}, {0x951895, 0xb}, {0x99e7a0, 0x924380}, {0xc0006a0bb0, 0x5c, 0xa6}, ...})
	D:/Go/src/6.824/src/labrpc/labrpc.go:251 +0x41c
created by 6.824/labrpc.MakeNetwork.func1
	D:/Go/src/6.824/src/labrpc/labrpc.go:157 +0x3e

goroutine 50684 [select]:
6.824/labrpc.(*Network).processReq(0xc000054190, {{0x91c760, 0xc000043530}, {0x9525f4, 0xe}, {0x99e7a0, 0x9148e0}, {0xc0001f6000, 0x568, 0x920}, ...})
	D:/Go/src/6.824/src/labrpc/labrpc.go:251 +0x41c
created by 6.824/labrpc.MakeNetwork.func1
	D:/Go/src/6.824/src/labrpc/labrpc.go:157 +0x3e

goroutine 50831 [select]:
6.824/labrpc.(*Network).processReq(0xc000054190, {{0x91c760, 0xc000043530}, {0x9525f4, 0xe}, {0x99e7a0, 0x9148e0}, {0xc0007d0500, 0x20b8, 0x2230}, ...})
	D:/Go/src/6.824/src/labrpc/labrpc.go:251 +0x41c
created by 6.824/labrpc.MakeNetwork.func1
	D:/Go/src/6.824/src/labrpc/labrpc.go:157 +0x3e

goroutine 50639 [select]:
6.824/kvraft.(*KVServer).Do(0xc000054230, 0xc0004803f0, 0xc00062c6a8)
	D:/Go/src/6.824/src/kvraft/server.go:68 +0x2ad
reflect.Value.call({0xc000052180, 0xc000006590, 0xc0009b1b10}, {0x950377, 0x4}, {0xc0009b1c68, 0x3, 0xc0009b1b40})
	D:/ProgramFiles/Go/src/reflect/value.go:543 +0x814
reflect.Value.Call({0xc000052180, 0xc000006590, 0xc000327140}, {0xc0009b1c68, 0x3, 0x3})
	D:/ProgramFiles/Go/src/reflect/value.go:339 +0xc5
6.824/labrpc.(*Service).dispatch(0xc000051c00, {0x95189e, 0x2}, {{0x91c760, 0xc000166860}, {0x951895, 0xb}, {0x99e7a0, 0x924380}, {0xc0006a0b00, ...}, ...})
	D:/Go/src/6.824/src/labrpc/labrpc.go:496 +0x39d
6.824/labrpc.(*Server).dispatch(0xc0000048b8, {{0x91c760, 0xc000166860}, {0x951895, 0xb}, {0x99e7a0, 0x924380}, {0xc0006a0b00, 0x65, 0xaf}, ...})
	D:/Go/src/6.824/src/labrpc/labrpc.go:420 +0x1fe
6.824/labrpc.(*Network).processReq.func1()
	D:/Go/src/6.824/src/labrpc/labrpc.go:240 +0x58
created by 6.824/labrpc.(*Network).processReq
	D:/Go/src/6.824/src/labrpc/labrpc.go:239 +0x1df

goroutine 50561 [select]:
6.824/kvraft.(*KVServer).Do(0xc000054230, 0xc000147ad0, 0xc0000d1680)
	D:/Go/src/6.824/src/kvraft/server.go:68 +0x2ad
reflect.Value.call({0xc000052180, 0xc000006590, 0xc000543b10}, {0x950377, 0x4}, {0xc000543c68, 0x3, 0xc000543b40})
	D:/ProgramFiles/Go/src/reflect/value.go:543 +0x814
reflect.Value.Call({0xc000052180, 0xc000006590, 0xc00047e570}, {0xc000543c68, 0x3, 0x3})
	D:/ProgramFiles/Go/src/reflect/value.go:339 +0xc5
6.824/labrpc.(*Service).dispatch(0xc000051c00, {0x95189e, 0x2}, {{0x91c760, 0xc000166950}, {0x951895, 0xb}, {0x99e7a0, 0x924380}, {0xc00008a0b0, ...}, ...})
	D:/Go/src/6.824/src/labrpc/labrpc.go:496 +0x39d
6.824/labrpc.(*Server).dispatch(0xc0000048b8, {{0x91c760, 0xc000166950}, {0x951895, 0xb}, {0x99e7a0, 0x924380}, {0xc00008a0b0, 0x5b, 0xa5}, ...})
	D:/Go/src/6.824/src/labrpc/labrpc.go:420 +0x1fe
6.824/labrpc.(*Network).processReq.func1()
	D:/Go/src/6.824/src/labrpc/labrpc.go:240 +0x58
created by 6.824/labrpc.(*Network).processReq
	D:/Go/src/6.824/src/labrpc/labrpc.go:239 +0x1df

goroutine 50692 [semacquire]:
6.824/raft.(*Raft).sendMsg.func1(0x1)
	D:/Go/src/6.824/src/raft/raft.go:300 +0x45
created by 6.824/raft.(*Raft).sendMsg
	D:/Go/src/6.824/src/raft/raft.go:299 +0x46f

goroutine 50800 [semacquire]:
6.824/raft.(*Raft).sendMsg.func1(0x2)
	D:/Go/src/6.824/src/raft/raft.go:300 +0x45
created by 6.824/raft.(*Raft).sendMsg
	D:/Go/src/6.824/src/raft/raft.go:299 +0x46f

goroutine 50668 [chan receive]:
6.824/labrpc.(*ClientEnd).Call(0xc000044560, {0x9525f4, 0x8e2fc5}, {0x9148e0, 0xc0005fc240}, {0x914920, 0xc00016ae00})
	D:/Go/src/6.824/src/labrpc/labrpc.go:112 +0x26e
6.824/raft.(*Raft).sendAppendLog(...)
	D:/Go/src/6.824/src/raft/raft.go:458
6.824/raft.(*Raft).sendMsg.func1(0x3)
	D:/Go/src/6.824/src/raft/raft.go:301 +0x90
created by 6.824/raft.(*Raft).sendMsg
	D:/Go/src/6.824/src/raft/raft.go:299 +0x46f

goroutine 50579 [chan receive]:
6.824/labrpc.(*ClientEnd).Call(0xc000045600, {0x951895, 0xc00098ffa0}, {0x924380, 0xc000910990}, {0x9144a0, 0xc0000d02a0})
	D:/Go/src/6.824/src/labrpc/labrpc.go:112 +0x26e
6.824/kvraft.(*Clerk).Execute.func1(0x3, {0x1, {0x95e7a8, 0x2}, {0x0, 0x0}, 0x85f291c5, 0x62})
	D:/Go/src/6.824/src/kvraft/client.go:46 +0x11f
created by 6.824/kvraft.(*Clerk).Execute
	D:/Go/src/6.824/src/kvraft/client.go:44 +0x1b2

goroutine 50687 [select]:
6.824/labrpc.(*Network).processReq(0xc000054190, {{0x91c760, 0xc000166c20}, {0x951895, 0xb}, {0x99e7a0, 0x924380}, {0xc00008a6e0, 0x5b, 0xa5}, ...})
	D:/Go/src/6.824/src/labrpc/labrpc.go:251 +0x41c
created by 6.824/labrpc.MakeNetwork.func1
	D:/Go/src/6.824/src/labrpc/labrpc.go:157 +0x3e

goroutine 50685 [semacquire]:
sync.runtime_SemacquireMutex(0xc0005474f0, 0xb7, 0x923b60)
	D:/ProgramFiles/Go/src/runtime/sema.go:71 +0x25
sync.(*Mutex).lockSlow(0xc00014c3c0)
	D:/ProgramFiles/Go/src/sync/mutex.go:138 +0x165
sync.(*Mutex).Lock(...)
	D:/ProgramFiles/Go/src/sync/mutex.go:81
6.824/raft.(*Raft).lock(...)
	D:/Go/src/6.824/src/raft/raft.go:471
6.824/raft.(*Raft).AppendLog(0xc00014c3c0, 0xc000169ce0, 0xc0004081a0)
	D:/Go/src/6.824/src/raft/raft.go:329 +0x75
reflect.Value.call({0xc000052300, 0xc0000069c0, 0xc000547b10}, {0x950377, 0x4}, {0xc000547c68, 0x3, 0xc000547b40})
	D:/ProgramFiles/Go/src/reflect/value.go:543 +0x814
reflect.Value.Call({0xc000052300, 0xc0000069c0, 0xc00047f058}, {0xc000547c68, 0x3, 0x3})
	D:/ProgramFiles/Go/src/reflect/value.go:339 +0xc5
6.824/labrpc.(*Service).dispatch(0xc000164140, {0x9525f9, 0x9}, {{0x91c760, 0xc000043530}, {0x9525f4, 0xe}, {0x99e7a0, 0x9148e0}, {0xc0001f6000, ...}, ...})
	D:/Go/src/6.824/src/labrpc/labrpc.go:496 +0x39d
6.824/labrpc.(*Server).dispatch(0xc000004918, {{0x91c760, 0xc000043530}, {0x9525f4, 0xe}, {0x99e7a0, 0x9148e0}, {0xc0001f6000, 0x568, 0x920}, ...})
	D:/Go/src/6.824/src/labrpc/labrpc.go:420 +0x1fe
6.824/labrpc.(*Network).processReq.func1()
	D:/Go/src/6.824/src/labrpc/labrpc.go:240 +0x58
created by 6.824/labrpc.(*Network).processReq
	D:/Go/src/6.824/src/labrpc/labrpc.go:239 +0x1df

goroutine 50597 [select]:
6.824/labrpc.(*Network).processReq(0xc000054190, {{0x91c760, 0xc000167490}, {0x951895, 0xb}, {0x99e7a0, 0x924380}, {0xc0002c2fc0, 0x67, 0xb1}, ...})
	D:/Go/src/6.824/src/labrpc/labrpc.go:251 +0x41c
created by 6.824/labrpc.MakeNetwork.func1
	D:/Go/src/6.824/src/labrpc/labrpc.go:157 +0x3e

goroutine 50598 [select]:
6.824/labrpc.(*Network).processReq(0xc000054190, {{0x91c760, 0xc0000434f0}, {0x9525f4, 0xe}, {0x99e7a0, 0x9148e0}, {0xc00011d200, 0x45d, 0x815}, ...})
	D:/Go/src/6.824/src/labrpc/labrpc.go:251 +0x41c
created by 6.824/labrpc.MakeNetwork.func1
	D:/Go/src/6.824/src/labrpc/labrpc.go:157 +0x3e

goroutine 50651 [chan receive]:
6.824/labrpc.(*ClientEnd).Call(0xc000044ce0, {0x951895, 0xc0003b6300}, {0x924380, 0xc0005f9620}, {0x9144a0, 0xc0001867e0})
	D:/Go/src/6.824/src/labrpc/labrpc.go:112 +0x26e
6.824/kvraft.(*Clerk).Execute.func1(0x1, {0x3, {0x95e7b8, 0x2}, {0xc000294450, 0x9}, 0xe76de0a, 0x6b})
	D:/Go/src/6.824/src/kvraft/client.go:46 +0x11f
created by 6.824/kvraft.(*Clerk).Execute
	D:/Go/src/6.824/src/kvraft/client.go:44 +0x1b2

goroutine 50637 [chan receive]:
6.824/labrpc.(*ClientEnd).Call(0xc000044e80, {0x951895, 0xc000b13fa0}, {0x924380, 0xc0000b1ef0}, {0x9144a0, 0xc00062c390})
	D:/Go/src/6.824/src/labrpc/labrpc.go:112 +0x26e
6.824/kvraft.(*Clerk).Execute.func1(0x4, {0x3, {0x9598bf, 0x1}, {0xc00016ad58, 0x8}, 0xc5868fc6, 0x60})
	D:/Go/src/6.824/src/kvraft/client.go:46 +0x11f
created by 6.824/kvraft.(*Clerk).Execute
	D:/Go/src/6.824/src/kvraft/client.go:44 +0x1b2

goroutine 50663 [chan receive]:
6.824/labrpc.(*ClientEnd).Call(0xc000045540, {0x951895, 0x1}, {0x924380, 0xc000481440}, {0x9144a0, 0xc00062cfd8})
	D:/Go/src/6.824/src/labrpc/labrpc.go:112 +0x26e
6.824/kvraft.(*Clerk).Execute.func1(0x4, {0x1, {0x95e7a6, 0x2}, {0x0, 0x0}, 0x1236cb45, 0x69})
	D:/Go/src/6.824/src/kvraft/client.go:46 +0x11f
created by 6.824/kvraft.(*Clerk).Execute
	D:/Go/src/6.824/src/kvraft/client.go:44 +0x1b2

goroutine 50801 [semacquire]:
6.824/raft.(*Raft).sendMsg.func1(0x3)
	D:/Go/src/6.824/src/raft/raft.go:300 +0x45
created by 6.824/raft.(*Raft).sendMsg
	D:/Go/src/6.824/src/raft/raft.go:299 +0x46f

goroutine 50680 [chan receive]:
6.824/labrpc.(*ClientEnd).Call(0xc000044520, {0x9525f4, 0x99e7a0}, {0x9148e0, 0xc00047bda0}, {0x914920, 0xc0000bc360})
	D:/Go/src/6.824/src/labrpc/labrpc.go:112 +0x26e
6.824/raft.(*Raft).sendAppendLog(...)
	D:/Go/src/6.824/src/raft/raft.go:458
6.824/raft.(*Raft).sendMsg.func1(0x1)
	D:/Go/src/6.824/src/raft/raft.go:301 +0x90
created by 6.824/raft.(*Raft).sendMsg
	D:/Go/src/6.824/src/raft/raft.go:299 +0x46f

goroutine 50592 [select]:
6.824/labrpc.(*Network).processReq(0xc000054190, {{0x91c760, 0xc000166770}, {0x951895, 0xb}, {0x99e7a0, 0x924380}, {0xc0006a0a50, 0x5b, 0xa5}, ...})
	D:/Go/src/6.824/src/labrpc/labrpc.go:251 +0x41c
created by 6.824/labrpc.MakeNetwork.func1
	D:/Go/src/6.824/src/labrpc/labrpc.go:157 +0x3e

goroutine 50484 [chan receive]:
6.824/labrpc.(*ClientEnd).Call(0xc000044540, {0x9525f4, 0x1}, {0x9148e0, 0xc0002f0a80}, {0x914920, 0xc000892640})
	D:/Go/src/6.824/src/labrpc/labrpc.go:112 +0x26e
6.824/raft.(*Raft).sendAppendLog(...)
	D:/Go/src/6.824/src/raft/raft.go:458
6.824/raft.(*Raft).sendMsg.func1(0x2)
	D:/Go/src/6.824/src/raft/raft.go:301 +0x90
created by 6.824/raft.(*Raft).sendMsg
	D:/Go/src/6.824/src/raft/raft.go:299 +0x46f

goroutine 50591 [chan receive]:
6.824/labrpc.(*ClientEnd).Call(0xc000044dc0, {0x951895, 0xc000819fa0}, {0x924380, 0xc0007afda0}, {0x9144a0, 0xc0004296c8})
	D:/Go/src/6.824/src/labrpc/labrpc.go:112 +0x26e
6.824/kvraft.(*Clerk).Execute.func1(0x2, {0x1, {0x9598be, 0x1}, {0x0, 0x0}, 0x82726875, 0x65})
	D:/Go/src/6.824/src/kvraft/client.go:46 +0x11f
created by 6.824/kvraft.(*Clerk).Execute
	D:/Go/src/6.824/src/kvraft/client.go:44 +0x1b2

goroutine 50802 [chan receive]:
6.824/labrpc.(*ClientEnd).Call(0xc000044580, {0x9525f4, 0x8e2fc5}, {0x9148e0, 0xc0002f1680}, {0x914920, 0xc0003fd8e0})
	D:/Go/src/6.824/src/labrpc/labrpc.go:112 +0x26e
6.824/raft.(*Raft).sendAppendLog(...)
	D:/Go/src/6.824/src/raft/raft.go:458
6.824/raft.(*Raft).sendMsg.func1(0x4)
	D:/Go/src/6.824/src/raft/raft.go:301 +0x90
created by 6.824/raft.(*Raft).sendMsg
	D:/Go/src/6.824/src/raft/raft.go:299 +0x46f

goroutine 50656 [chan receive]:
6.824/labrpc.(*ClientEnd).Call(0xc000044560, {0x9525f4, 0x1}, {0x9148e0, 0xc0003b7620}, {0x914920, 0xc000408180})
	D:/Go/src/6.824/src/labrpc/labrpc.go:112 +0x26e
6.824/raft.(*Raft).sendAppendLog(...)
	D:/Go/src/6.824/src/raft/raft.go:458
6.824/raft.(*Raft).sendMsg.func1(0x3)
	D:/Go/src/6.824/src/raft/raft.go:301 +0x90
created by 6.824/raft.(*Raft).sendMsg
	D:/Go/src/6.824/src/raft/raft.go:299 +0x46f

goroutine 50844 [select]:
6.824/labrpc.(*Network).processReq(0xc000054190, {{0x91c760, 0xc0000434f0}, {0x9525f4, 0xe}, {0x99e7a0, 0x9148e0}, {0xc0008b8000, 0x20b8, 0x2230}, ...})
	D:/Go/src/6.824/src/labrpc/labrpc.go:251 +0x41c
created by 6.824/labrpc.MakeNetwork.func1
	D:/Go/src/6.824/src/labrpc/labrpc.go:157 +0x3e

goroutine 50747 [chan receive]:
6.824/labrpc.(*ClientEnd).Call(0xc000044580, {0x9525f4, 0x8e2fc5}, {0x9148e0, 0xc0005c7bc0}, {0x914920, 0xc000322250})
	D:/Go/src/6.824/src/labrpc/labrpc.go:112 +0x26e
6.824/raft.(*Raft).sendAppendLog(...)
	D:/Go/src/6.824/src/raft/raft.go:458
6.824/raft.(*Raft).sendMsg.func1(0x4)
	D:/Go/src/6.824/src/raft/raft.go:301 +0x90
created by 6.824/raft.(*Raft).sendMsg
	D:/Go/src/6.824/src/raft/raft.go:299 +0x46f

goroutine 50683 [chan receive]:
6.824/labrpc.(*ClientEnd).Call(0xc000044580, {0x9525f4, 0x1}, {0x9148e0, 0xc000169140}, {0x914920, 0xc000295d70})
	D:/Go/src/6.824/src/labrpc/labrpc.go:112 +0x26e
6.824/raft.(*Raft).sendAppendLog(...)
	D:/Go/src/6.824/src/raft/raft.go:458
6.824/raft.(*Raft).sendMsg.func1(0x4)
	D:/Go/src/6.824/src/raft/raft.go:301 +0x90
created by 6.824/raft.(*Raft).sendMsg
	D:/Go/src/6.824/src/raft/raft.go:299 +0x46f

goroutine 50782 [select]:
6.824/labrpc.(*Network).processReq(0xc000054190, {{0x91c760, 0xc000043530}, {0x9525f4, 0xe}, {0x99e7a0, 0x9148e0}, {0xc000604f00, 0x210c, 0x2284}, ...})
	D:/Go/src/6.824/src/labrpc/labrpc.go:251 +0x41c
created by 6.824/labrpc.MakeNetwork.func1
	D:/Go/src/6.824/src/labrpc/labrpc.go:157 +0x3e

goroutine 50818 [select]:
6.824/labrpc.(*Network).processReq(0xc000054190, {{0x91c760, 0xc0000434f0}, {0x9525f4, 0xe}, {0x99e7a0, 0x9148e0}, {0xc000ab7900, 0x210c, 0x2284}, ...})
	D:/Go/src/6.824/src/labrpc/labrpc.go:251 +0x41c
created by 6.824/labrpc.MakeNetwork.func1
	D:/Go/src/6.824/src/labrpc/labrpc.go:157 +0x3e

goroutine 50784 [select]:
6.824/labrpc.(*Network).processReq(0xc000054190, {{0x91c760, 0xc0000434d0}, {0x9525f4, 0xe}, {0x99e7a0, 0x9148e0}, {0xc00082e500, 0x20b8, 0x2230}, ...})
	D:/Go/src/6.824/src/labrpc/labrpc.go:251 +0x41c
created by 6.824/labrpc.MakeNetwork.func1
	D:/Go/src/6.824/src/labrpc/labrpc.go:157 +0x3e

goroutine 50731 [semacquire]:
6.824/labrpc.(*Network).processReq(0xc000054190, {{0x91c760, 0xc000043530}, {0x9525f4, 0xe}, {0x99e7a0, 0x9148e0}, {0xc0001a2580, 0x209, 0x28a}, ...})
	D:/Go/src/6.824/src/labrpc/labrpc.go:238 +0x12d
created by 6.824/labrpc.MakeNetwork.func1
	D:/Go/src/6.824/src/labrpc/labrpc.go:157 +0x3e

goroutine 50602 [select]:
6.824/kvraft.(*KVServer).Do(0xc000054230, 0xc000692f30, 0xc0004ec678)
	D:/Go/src/6.824/src/kvraft/server.go:68 +0x2ad
reflect.Value.call({0xc000052180, 0xc000006590, 0xc0005d9b10}, {0x950377, 0x4}, {0xc0005d9c68, 0x3, 0xc0005d9b40})
	D:/ProgramFiles/Go/src/reflect/value.go:543 +0x814
reflect.Value.Call({0xc000052180, 0xc000006590, 0xc0001ae210}, {0xc0005d9c68, 0x3, 0x3})
	D:/ProgramFiles/Go/src/reflect/value.go:339 +0xc5
6.824/labrpc.(*Service).dispatch(0xc000051c00, {0x95189e, 0x2}, {{0x91c760, 0xc000166b30}, {0x951895, 0xb}, {0x99e7a0, 0x924380}, {0xc0006a09a0, ...}, ...})
	D:/Go/src/6.824/src/labrpc/labrpc.go:496 +0x39d
6.824/labrpc.(*Server).dispatch(0xc0000048b8, {{0x91c760, 0xc000166b30}, {0x951895, 0xb}, {0x99e7a0, 0x924380}, {0xc0006a09a0, 0x65, 0xaf}, ...})
	D:/Go/src/6.824/src/labrpc/labrpc.go:420 +0x1fe
6.824/labrpc.(*Network).processReq.func1()
	D:/Go/src/6.824/src/labrpc/labrpc.go:240 +0x58
created by 6.824/labrpc.(*Network).processReq
	D:/Go/src/6.824/src/labrpc/labrpc.go:239 +0x1df

goroutine 50804 [semacquire]:
sync.runtime_SemacquireMutex(0xc00062db48, 0x30, 0x8ea3f2)
	D:/ProgramFiles/Go/src/runtime/sema.go:71 +0x25
sync.(*Mutex).lockSlow(0xc00014c1e0)
	D:/ProgramFiles/Go/src/sync/mutex.go:138 +0x165
sync.(*Mutex).Lock(...)
	D:/ProgramFiles/Go/src/sync/mutex.go:81
6.824/raft.(*Raft).lock(...)
	D:/Go/src/6.824/src/raft/raft.go:471
6.824/raft.(*Raft).Snapshot(0xc00014c1e0, 0x7b5, {0xc00091a000, 0x2005, 0x4045})
	D:/Go/src/6.824/src/raft/raft.go:194 +0x6a
created by 6.824/kvraft.(*KVServer).SnapShot
	D:/Go/src/6.824/src/kvraft/server.go:105 +0x185

goroutine 50791 [semacquire]:
6.824/labrpc.(*Network).processReq(0xc000054190, {{0x91c760, 0xc0000434d0}, {0x9525f4, 0xe}, {0x99e7a0, 0x9148e0}, {0xc0009f3900, 0x20b8, 0x2230}, ...})
	D:/Go/src/6.824/src/labrpc/labrpc.go:238 +0x12d
created by 6.824/labrpc.MakeNetwork.func1
	D:/Go/src/6.824/src/labrpc/labrpc.go:157 +0x3e

goroutine 50667 [chan receive]:
6.824/labrpc.(*ClientEnd).Call(0xc000044540, {0x9525f4, 0x8e2fc5}, {0x9148e0, 0xc0005fc180}, {0x914920, 0xc00016ab00})
	D:/Go/src/6.824/src/labrpc/labrpc.go:112 +0x26e
6.824/raft.(*Raft).sendAppendLog(...)
	D:/Go/src/6.824/src/raft/raft.go:458
6.824/raft.(*Raft).sendMsg.func1(0x2)
	D:/Go/src/6.824/src/raft/raft.go:301 +0x90
created by 6.824/raft.(*Raft).sendMsg
	D:/Go/src/6.824/src/raft/raft.go:299 +0x46f

goroutine 50686 [chan receive]:
6.824/labrpc.(*ClientEnd).Call(0xc000045180, {0x951895, 0xc000163fa0}, {0x924380, 0xc00052a6f0}, {0x9144a0, 0xc000187d58})
	D:/Go/src/6.824/src/labrpc/labrpc.go:112 +0x26e
6.824/kvraft.(*Clerk).Execute.func1(0x3, {0x1, {0x9598c3, 0x1}, {0x0, 0x0}, 0x36d4e1d0, 0x60})
	D:/Go/src/6.824/src/kvraft/client.go:46 +0x11f
created by 6.824/kvraft.(*Clerk).Execute
	D:/Go/src/6.824/src/kvraft/client.go:44 +0x1b2

goroutine 50733 [select]:
6.824/labrpc.(*Network).processReq(0xc000054190, {{0x91c760, 0xc000043530}, {0x9525f4, 0xe}, {0x99e7a0, 0x9148e0}, {0xc0003b2000, 0x1dc, 0x28a}, ...})
	D:/Go/src/6.824/src/labrpc/labrpc.go:251 +0x41c
created by 6.824/labrpc.MakeNetwork.func1
	D:/Go/src/6.824/src/labrpc/labrpc.go:157 +0x3e

goroutine 50837 [semacquire]:
sync.runtime_SemacquireMutex(0x90a45a, 0x8, 0x0)
	D:/ProgramFiles/Go/src/runtime/sema.go:71 +0x25
sync.(*Mutex).lockSlow(0xc00014c1e0)
	D:/ProgramFiles/Go/src/sync/mutex.go:138 +0x165
sync.(*Mutex).Lock(...)
	D:/ProgramFiles/Go/src/sync/mutex.go:81
6.824/raft.(*Raft).lock(...)
	D:/Go/src/6.824/src/raft/raft.go:471
6.824/raft.(*Raft).AppendLog(0xc00014c1e0, 0xc000258d80, 0xc000892e00)
	D:/Go/src/6.824/src/raft/raft.go:329 +0x75
reflect.Value.call({0xc000052300, 0xc000006860, 0xc000645b10}, {0x950377, 0x4}, {0xc000645c68, 0x3, 0xc000645b40})
	D:/ProgramFiles/Go/src/reflect/value.go:543 +0x814
reflect.Value.Call({0xc000052300, 0xc000006860, 0xc000327760}, {0xc000645c68, 0x3, 0x3})
	D:/ProgramFiles/Go/src/reflect/value.go:339 +0xc5
6.824/labrpc.(*Service).dispatch(0xc000051ec0, {0x9525f9, 0x9}, {{0x91c760, 0xc0000434f0}, {0x9525f4, 0xe}, {0x99e7a0, 0x9148e0}, {0xc0007d4f00, ...}, ...})
	D:/Go/src/6.824/src/labrpc/labrpc.go:496 +0x39d
6.824/labrpc.(*Server).dispatch(0xc0000048e8, {{0x91c760, 0xc0000434f0}, {0x9525f4, 0xe}, {0x99e7a0, 0x9148e0}, {0xc0007d4f00, 0x20b8, 0x2230}, ...})
	D:/Go/src/6.824/src/labrpc/labrpc.go:420 +0x1fe
6.824/labrpc.(*Network).processReq.func1()
	D:/Go/src/6.824/src/labrpc/labrpc.go:240 +0x58
created by 6.824/labrpc.(*Network).processReq
	D:/Go/src/6.824/src/labrpc/labrpc.go:239 +0x1df

goroutine 50689 [chan receive]:
6.824/labrpc.(*ClientEnd).Call(0xc000044520, {0x9525f4, 0x99e7a0}, {0x9148e0, 0xc000087740}, {0x914920, 0xc0000bcbd0})
	D:/Go/src/6.824/src/labrpc/labrpc.go:112 +0x26e
6.824/raft.(*Raft).sendAppendLog(...)
	D:/Go/src/6.824/src/raft/raft.go:458
6.824/raft.(*Raft).sendMsg.func1(0x1)
	D:/Go/src/6.824/src/raft/raft.go:301 +0x90
created by 6.824/raft.(*Raft).sendMsg
	D:/Go/src/6.824/src/raft/raft.go:299 +0x46f

goroutine 50593 [select]:
6.824/kvraft.(*KVServer).Do(0xc000054230, 0xc0000b0480, 0xc000429890)
	D:/Go/src/6.824/src/kvraft/server.go:68 +0x2ad
reflect.Value.call({0xc000052180, 0xc000006590, 0xc000915b10}, {0x950377, 0x4}, {0xc000915c68, 0x3, 0xc000915b40})
	D:/ProgramFiles/Go/src/reflect/value.go:543 +0x814
reflect.Value.Call({0xc000052180, 0xc000006590, 0xc000326b80}, {0xc000915c68, 0x3, 0x3})
	D:/ProgramFiles/Go/src/reflect/value.go:339 +0xc5
6.824/labrpc.(*Service).dispatch(0xc000051c00, {0x95189e, 0x2}, {{0x91c760, 0xc000166770}, {0x951895, 0xb}, {0x99e7a0, 0x924380}, {0xc0006a0a50, ...}, ...})
	D:/Go/src/6.824/src/labrpc/labrpc.go:496 +0x39d
6.824/labrpc.(*Server).dispatch(0xc0000048b8, {{0x91c760, 0xc000166770}, {0x951895, 0xb}, {0x99e7a0, 0x924380}, {0xc0006a0a50, 0x5b, 0xa5}, ...})
	D:/Go/src/6.824/src/labrpc/labrpc.go:420 +0x1fe
6.824/labrpc.(*Network).processReq.func1()
	D:/Go/src/6.824/src/labrpc/labrpc.go:240 +0x58
created by 6.824/labrpc.(*Network).processReq
	D:/Go/src/6.824/src/labrpc/labrpc.go:239 +0x1df

goroutine 50496 [select]:
6.824/labrpc.(*Network).processReq(0xc000054190, {{0x91c760, 0xc000043530}, {0x9525f4, 0xe}, {0x99e7a0, 0x9148e0}, {0xc00042a900, 0x4c9, 0x881}, ...})
	D:/Go/src/6.824/src/labrpc/labrpc.go:251 +0x41c
created by 6.824/labrpc.MakeNetwork.func1
	D:/Go/src/6.824/src/labrpc/labrpc.go:157 +0x3e

goroutine 50826 [select]:
6.824/labrpc.(*Network).processReq(0xc000054190, {{0x91c760, 0xc0000434f0}, {0x9525f4, 0xe}, {0x99e7a0, 0x9148e0}, {0xc000773900, 0x20b8, 0x2230}, ...})
	D:/Go/src/6.824/src/labrpc/labrpc.go:251 +0x41c
created by 6.824/labrpc.MakeNetwork.func1
	D:/Go/src/6.824/src/labrpc/labrpc.go:157 +0x3e

goroutine 50798 [semacquire]:
6.824/raft.(*Raft).GetRaftStateData(0xc00014c1e0)
	D:/Go/src/6.824/src/raft/raft.go:131 +0x29
6.824/raft.(*Raft).Snapshot(0xc00014c1e0, 0x7b4, {0xc000909800, 0x1ffd, 0x4035})
	D:/Go/src/6.824/src/raft/raft.go:208 +0x14d
created by 6.824/kvraft.(*KVServer).SnapShot
	D:/Go/src/6.824/src/kvraft/server.go:105 +0x185

goroutine 50724 [chan receive]:
6.824/labrpc.(*ClientEnd).Call(0xc000044580, {0x9525f4, 0x99e7a0}, {0x9148e0, 0xc000087c80}, {0x914920, 0xc000322010})
	D:/Go/src/6.824/src/labrpc/labrpc.go:112 +0x26e
6.824/raft.(*Raft).sendAppendLog(...)
	D:/Go/src/6.824/src/raft/raft.go:458
6.824/raft.(*Raft).sendMsg.func1(0x4)
	D:/Go/src/6.824/src/raft/raft.go:301 +0x90
created by 6.824/raft.(*Raft).sendMsg
	D:/Go/src/6.824/src/raft/raft.go:299 +0x46f

goroutine 50786 [chan receive]:
6.824/labrpc.(*ClientEnd).Call(0xc000045a80, {0x951895, 0x7b9}, {0x924380, 0xc0001461e0}, {0x9144a0, 0xc0004698f0})
	D:/Go/src/6.824/src/labrpc/labrpc.go:112 +0x26e
6.824/kvraft.(*Clerk).Execute.func1(0x2, {0x1, {0x95e7b4, 0x2}, {0x0, 0x0}, 0x4ce0fe99, 0x62})
	D:/Go/src/6.824/src/kvraft/client.go:46 +0x11f
created by 6.824/kvraft.(*Clerk).Execute
	D:/Go/src/6.824/src/kvraft/client.go:44 +0x1b2

goroutine 50721 [semacquire]:
sync.runtime_SemacquireMutex(0xc000469698, 0x30, 0x8ea3f2)
	D:/ProgramFiles/Go/src/runtime/sema.go:71 +0x25
sync.(*Mutex).lockSlow(0xc00014c1e0)
	D:/ProgramFiles/Go/src/sync/mutex.go:138 +0x165
sync.(*Mutex).Lock(...)
	D:/ProgramFiles/Go/src/sync/mutex.go:81
6.824/raft.(*Raft).lock(...)
	D:/Go/src/6.824/src/raft/raft.go:471
6.824/raft.(*Raft).Snapshot(0xc00014c1e0, 0x7b2, {0xc000900800, 0x1fec, 0x4013})
	D:/Go/src/6.824/src/raft/raft.go:194 +0x6a
created by 6.824/kvraft.(*KVServer).SnapShot
	D:/Go/src/6.824/src/kvraft/server.go:105 +0x185

goroutine 50612 [chan receive]:
6.824/labrpc.(*ClientEnd).Call(0xc000044520, {0x9525f4, 0x8e2fc5}, {0x9148e0, 0xc00062e4e0}, {0x914920, 0xc0000bc1f0})
	D:/Go/src/6.824/src/labrpc/labrpc.go:112 +0x26e
6.824/raft.(*Raft).sendAppendLog(...)
	D:/Go/src/6.824/src/raft/raft.go:458
6.824/raft.(*Raft).sendMsg.func1(0x1)
	D:/Go/src/6.824/src/raft/raft.go:301 +0x90
created by 6.824/raft.(*Raft).sendMsg
	D:/Go/src/6.824/src/raft/raft.go:299 +0x46f

goroutine 50601 [select]:
6.824/labrpc.(*Network).processReq(0xc000054190, {{0x91c760, 0xc000166b30}, {0x951895, 0xb}, {0x99e7a0, 0x924380}, {0xc0006a09a0, 0x65, 0xaf}, ...})
	D:/Go/src/6.824/src/labrpc/labrpc.go:251 +0x41c
created by 6.824/labrpc.MakeNetwork.func1
	D:/Go/src/6.824/src/labrpc/labrpc.go:157 +0x3e

goroutine 50638 [select]:
6.824/labrpc.(*Network).processReq(0xc000054190, {{0x91c760, 0xc000166860}, {0x951895, 0xb}, {0x99e7a0, 0x924380}, {0xc0006a0b00, 0x65, 0xaf}, ...})
	D:/Go/src/6.824/src/labrpc/labrpc.go:251 +0x41c
created by 6.824/labrpc.MakeNetwork.func1
	D:/Go/src/6.824/src/labrpc/labrpc.go:157 +0x3e

goroutine 50745 [chan receive]:
6.824/labrpc.(*ClientEnd).Call(0xc000044540, {0x9525f4, 0x8e2fc5}, {0x9148e0, 0xc0005c6de0}, {0x914920, 0xc000322e30})
	D:/Go/src/6.824/src/labrpc/labrpc.go:112 +0x26e
6.824/raft.(*Raft).sendAppendLog(...)
	D:/Go/src/6.824/src/raft/raft.go:458
6.824/raft.(*Raft).sendMsg.func1(0x2)
	D:/Go/src/6.824/src/raft/raft.go:301 +0x90
created by 6.824/raft.(*Raft).sendMsg
	D:/Go/src/6.824/src/raft/raft.go:299 +0x46f

goroutine 50742 [semacquire]:
6.824/kvraft.(*Clerk).Execute.func1(0x2, {0x1, {0x95e7aa, 0x2}, {0x0, 0x0}, 0x46153f73, 0x61})
	D:/Go/src/6.824/src/kvraft/client.go:44 +0x75
created by 6.824/kvraft.(*Clerk).Execute
	D:/Go/src/6.824/src/kvraft/client.go:44 +0x1b2

goroutine 50720 [semacquire]:
sync.runtime_SemacquireMutex(0xc0000048d0, 0x40, 0xc0004e1260)
	D:/ProgramFiles/Go/src/runtime/sema.go:71 +0x25
sync.(*Mutex).lockSlow(0xc00014c1e0)
	D:/ProgramFiles/Go/src/sync/mutex.go:138 +0x165
sync.(*Mutex).Lock(...)
	D:/ProgramFiles/Go/src/sync/mutex.go:81
6.824/raft.(*Raft).lock(...)
	D:/Go/src/6.824/src/raft/raft.go:471
6.824/raft.(*Raft).Snapshot(0xc00014c1e0, 0x7b1, {0xc0008fc000, 0x1fe4, 0x4003})
	D:/Go/src/6.824/src/raft/raft.go:194 +0x6a
created by 6.824/kvraft.(*KVServer).SnapShot
	D:/Go/src/6.824/src/kvraft/server.go:105 +0x185

goroutine 50694 [semacquire]:
6.824/raft.(*Raft).sendMsg.func1(0x3)
	D:/Go/src/6.824/src/raft/raft.go:300 +0x45
created by 6.824/raft.(*Raft).sendMsg
	D:/Go/src/6.824/src/raft/raft.go:299 +0x46f

goroutine 50610 [select]:
6.824/labrpc.(*Network).processReq(0xc000054190, {{0x91c760, 0xc000167850}, {0x951895, 0xb}, {0x99e7a0, 0x924380}, {0xc0003f46e0, 0x5c, 0xa6}, ...})
	D:/Go/src/6.824/src/labrpc/labrpc.go:251 +0x41c
created by 6.824/labrpc.MakeNetwork.func1
	D:/Go/src/6.824/src/labrpc/labrpc.go:157 +0x3e

goroutine 50734 [semacquire]:
sync.runtime_SemacquireMutex(0xc0009194f0, 0xb7, 0x923b60)
	D:/ProgramFiles/Go/src/runtime/sema.go:71 +0x25
sync.(*Mutex).lockSlow(0xc00014c3c0)
	D:/ProgramFiles/Go/src/sync/mutex.go:138 +0x165
sync.(*Mutex).Lock(...)
	D:/ProgramFiles/Go/src/sync/mutex.go:81
6.824/raft.(*Raft).lock(...)
	D:/Go/src/6.824/src/raft/raft.go:471
6.824/raft.(*Raft).AppendLog(0xc00014c3c0, 0xc00064e540, 0xc0003224c0)
	D:/Go/src/6.824/src/raft/raft.go:329 +0x75
reflect.Value.call({0xc000052300, 0xc0000069c0, 0xc000919b10}, {0x950377, 0x4}, {0xc000919c68, 0x3, 0xc000919b40})
	D:/ProgramFiles/Go/src/reflect/value.go:543 +0x814
reflect.Value.Call({0xc000052300, 0xc0000069c0, 0xc000326008}, {0xc000919c68, 0x3, 0x3})
	D:/ProgramFiles/Go/src/reflect/value.go:339 +0xc5
6.824/labrpc.(*Service).dispatch(0xc000164140, {0x9525f9, 0x9}, {{0x91c760, 0xc000043530}, {0x9525f4, 0xe}, {0x99e7a0, 0x9148e0}, {0xc0003b2000, ...}, ...})
	D:/Go/src/6.824/src/labrpc/labrpc.go:496 +0x39d
6.824/labrpc.(*Server).dispatch(0xc000004918, {{0x91c760, 0xc000043530}, {0x9525f4, 0xe}, {0x99e7a0, 0x9148e0}, {0xc0003b2000, 0x1dc, 0x28a}, ...})
	D:/Go/src/6.824/src/labrpc/labrpc.go:420 +0x1fe
6.824/labrpc.(*Network).processReq.func1()
	D:/Go/src/6.824/src/labrpc/labrpc.go:240 +0x58
created by 6.824/labrpc.(*Network).processReq
	D:/Go/src/6.824/src/labrpc/labrpc.go:239 +0x1df

goroutine 50652 [select]:
6.824/labrpc.(*Network).processReq(0xc000054190, {{0x91c760, 0xc000166680}, {0x951895, 0xb}, {0x99e7a0, 0x924380}, {0xc0002ca600, 0x67, 0xb1}, ...})
	D:/Go/src/6.824/src/labrpc/labrpc.go:251 +0x41c
created by 6.824/labrpc.MakeNetwork.func1
	D:/Go/src/6.824/src/labrpc/labrpc.go:157 +0x3e

goroutine 50748 [select]:
6.824/labrpc.(*Network).processReq(0xc000054190, {{0x91c760, 0xc000043530}, {0x9525f4, 0xe}, {0x99e7a0, 0x9148e0}, {0xc000a1c500, 0x210c, 0x2284}, ...})
	D:/Go/src/6.824/src/labrpc/labrpc.go:251 +0x41c
created by 6.824/labrpc.MakeNetwork.func1
	D:/Go/src/6.824/src/labrpc/labrpc.go:157 +0x3e

goroutine 50827 [semacquire]:
sync.runtime_SemacquireMutex(0x90a45a, 0x8, 0x0)
	D:/ProgramFiles/Go/src/runtime/sema.go:71 +0x25
sync.(*Mutex).lockSlow(0xc00014c1e0)
	D:/ProgramFiles/Go/src/sync/mutex.go:138 +0x165
sync.(*Mutex).Lock(...)
	D:/ProgramFiles/Go/src/sync/mutex.go:81
6.824/raft.(*Raft).lock(...)
	D:/Go/src/6.824/src/raft/raft.go:471
6.824/raft.(*Raft).AppendLog(0xc00014c1e0, 0xc00064faa0, 0xc000892010)
	D:/Go/src/6.824/src/raft/raft.go:329 +0x75
reflect.Value.call({0xc000052300, 0xc000006860, 0xc000575b10}, {0x950377, 0x4}, {0xc000575c68, 0x3, 0xc000575b40})
	D:/ProgramFiles/Go/src/reflect/value.go:543 +0x814
reflect.Value.Call({0xc000052300, 0xc000006860, 0xc000326fb0}, {0xc000575c68, 0x3, 0x3})
	D:/ProgramFiles/Go/src/reflect/value.go:339 +0xc5
6.824/labrpc.(*Service).dispatch(0xc000051ec0, {0x9525f9, 0x9}, {{0x91c760, 0xc0000434f0}, {0x9525f4, 0xe}, {0x99e7a0, 0x9148e0}, {0xc000773900, ...}, ...})
	D:/Go/src/6.824/src/labrpc/labrpc.go:496 +0x39d
6.824/labrpc.(*Server).dispatch(0xc0000048e8, {{0x91c760, 0xc0000434f0}, {0x9525f4, 0xe}, {0x99e7a0, 0x9148e0}, {0xc000773900, 0x20b8, 0x2230}, ...})
	D:/Go/src/6.824/src/labrpc/labrpc.go:420 +0x1fe
6.824/labrpc.(*Network).processReq.func1()
	D:/Go/src/6.824/src/labrpc/labrpc.go:240 +0x58
created by 6.824/labrpc.(*Network).processReq
	D:/Go/src/6.824/src/labrpc/labrpc.go:239 +0x1df
exit status 2
FAIL	6.824/kvraft	2.648s
