Test: restarts, snapshots, many clients (3B) ...
unexpected fault address 0xffffffffffffffff
fatal error: fault
[signal 0xc0000005 code=0x0 addr=0xffffffffffffffff pc=0x86c3f]

goroutine 88544 [running]:
runtime.throw({0x1e0626, 0x60})
	D:/ProgramFiles/Go/src/runtime/panic.go:1198 +0x76 fp=0xc0002412f0 sp=0xc0002412c0 pc=0x58e56
runtime.sigpanic()
	D:/ProgramFiles/Go/src/runtime/signal_windows.go:260 +0x10c fp=0xc000241338 sp=0xc0002412f0 pc=0x6d3ac
aeshashbody()
	D:/ProgramFiles/Go/src/runtime/asm_amd64.s:1324 +0x39f fp=0xc000241340 sp=0xc000241338 pc=0x86c3f
runtime.mapaccess1_faststr(0x1b7680, 0xc0006f7fb0, {0x67d44a8400000000, 0xc000470070})
	D:/ProgramFiles/Go/src/runtime/map_faststr.go:79 +0xa2 fp=0xc0002413a8 sp=0xc000241340 pc=0x32b62
6.824/kvraft.(*KVServer).Do(0xc000462320, 0xc0002a1d10, 0xc00074de60)
	D:/Go/src/6.824/src/kvraft/server.go:51 +0xdf fp=0xc000241478 sp=0xc0002413a8 pc=0x192cdf
runtime.call32(0xc00017f200, 0xc0005990b0, 0x0, 0x0, 0x0, 0x18, 0xc0002419b8)
	D:/ProgramFiles/Go/src/runtime/asm_amd64.s:626 +0x50 fp=0xc0002414a8 sp=0xc000241478 pc=0x87c30
runtime.reflectcall(0x1a44a0, 0xc00074de60, 0x4, 0x1e39f7, 0x0, 0x12, 0x1a44a0)
	<autogenerated>:1 +0x3c fp=0xc0002414e8 sp=0xc0002414a8 pc=0x8bf3c
reflect.Value.call({0xc000052180, 0xc0005990b0, 0xc000245b10}, {0x1e0377, 0x4}, {0xc000245c68, 0x3, 0xc000245b40})
	D:/ProgramFiles/Go/src/reflect/value.go:543 +0x814 fp=0xc000241ad8 sp=0xc0002414e8 pc=0xe7354
reflect.Value.Call({0xc000052180, 0xc0005990b0, 0xc000777320}, {0xc000245c68, 0x3, 0x3})
	D:/ProgramFiles/Go/src/reflect/value.go:339 +0xc5 fp=0xc000241b50 sp=0xc000241ad8 pc=0xe6905
6.824/labrpc.(*Service).dispatch(0xc00012fc00, {0x1e189e, 0x2}, {{0x1ac760, 0xc000cc9390}, {0x1e1895, 0xb}, {0x22e7a0, 0x1b4380}, {0xc0004f08f0, ...}, ...})
	D:/Go/src/6.824/src/labrpc/labrpc.go:496 +0x39d fp=0xc000241dc0 sp=0xc000241b50 pc=0x17571d
6.824/labrpc.(*Server).dispatch(0xc00074d3b0, {{0x1ac760, 0xc000cc9390}, {0x1e1895, 0xb}, {0x22e7a0, 0x1b4380}, {0xc0004f08f0, 0x5c, 0xa6}, ...})
	D:/Go/src/6.824/src/labrpc/labrpc.go:420 +0x1fe fp=0xc000241f50 sp=0xc000241dc0 pc=0x174d3e
6.824/labrpc.(*Network).processReq.func1()
	D:/Go/src/6.824/src/labrpc/labrpc.go:240 +0x58 fp=0xc000241fe0 sp=0xc000241f50 pc=0x173f58
runtime.goexit()
	D:/ProgramFiles/Go/src/runtime/asm_amd64.s:1581 +0x1 fp=0xc000241fe8 sp=0xc000241fe0 pc=0x899a1
created by 6.824/labrpc.(*Network).processReq
	D:/Go/src/6.824/src/labrpc/labrpc.go:239 +0x1df

goroutine 1 [chan receive]:
testing.(*T).Run(0xc00012c680, {0x1e8570, 0x8c253}, 0x1f5c10)
	D:/ProgramFiles/Go/src/testing/testing.go:1307 +0x375
testing.runTests.func1(0xc00012c680)
	D:/ProgramFiles/Go/src/testing/testing.go:1598 +0x6e
testing.tRunner(0xc00012c680, 0xc00007dd18)
	D:/ProgramFiles/Go/src/testing/testing.go:1259 +0x102
testing.runTests(0xc000138000, {0x339f50, 0x1, 0x1}, {0xad42d, 0x1e27c2, 0x342b40})
	D:/ProgramFiles/Go/src/testing/testing.go:1596 +0x43f
testing.(*M).Run(0xc000138000)
	D:/ProgramFiles/Go/src/testing/testing.go:1504 +0x51d
main.main()
	_testmain.go:43 +0x14b

goroutine 6 [chan receive]:
6.824/kvraft.GenericTest(0xc00012c820, {0x1e0104, 0x2}, 0x14, 0x5, 0x0, 0x1, 0x0, 0x3e8, 0x0)
	D:/Go/src/6.824/src/kvraft/test_test.go:334 +0xf88
6.824/kvraft.TestSnapshotRecoverManyClients3B(0x0)
	D:/Go/src/6.824/src/kvraft/test_test.go:695 +0x45
testing.tRunner(0xc00012c820, 0x1f5c10)
	D:/ProgramFiles/Go/src/testing/testing.go:1259 +0x102
created by testing.(*T).Run
	D:/ProgramFiles/Go/src/testing/testing.go:1306 +0x35a

goroutine 7 [select]:
6.824/labrpc.MakeNetwork.func1()
	D:/Go/src/6.824/src/labrpc/labrpc.go:153 +0xbe
created by 6.824/labrpc.MakeNetwork
	D:/Go/src/6.824/src/labrpc/labrpc.go:151 +0x17b

goroutine 84339 [chan receive]:
6.824/kvraft.(*KVServer).doExecute(0xc0004621e0)
	D:/Go/src/6.824/src/kvraft/server.go:122 +0x70
created by 6.824/kvraft.StartKVServer
	D:/Go/src/6.824/src/kvraft/server.go:198 +0x207

goroutine 88929 [semacquire]:
encoding/gob.overflow(...)
	D:/ProgramFiles/Go/src/encoding/gob/decode.go:113
encoding/gob.(*Decoder).compileDec(0xc000535480, 0x4a02d0, 0xc0000514c0)
	D:/ProgramFiles/Go/src/encoding/gob/decode.go:1116 +0x30f
encoding/gob.(*Decoder).getDecEnginePtr(0xc000535480, 0x1b4680, 0xc0000514c0)
	D:/ProgramFiles/Go/src/encoding/gob/decode.go:1147 +0x145
encoding/gob.(*Decoder).decodeValue(0xc000535480, 0xb5fc78, {0x1b4680, 0xc0003ed4c0, 0xc000535498})
	D:/ProgramFiles/Go/src/encoding/gob/decode.go:1192 +0xf3
encoding/gob.(*Decoder).recvType(0xc000535480, 0x42)
	D:/ProgramFiles/Go/src/encoding/gob/decoder.go:67 +0x13c
encoding/gob.(*Decoder).decodeTypeSequence(0xc000535480, 0x0)
	D:/ProgramFiles/Go/src/encoding/gob/decoder.go:154 +0x6d
encoding/gob.(*Decoder).DecodeValue(0xc000535480, {0x1a44a0, 0xc00039fef0, 0xc000b5fd70})
	D:/ProgramFiles/Go/src/encoding/gob/decoder.go:214 +0x18f
encoding/gob.(*Decoder).Decode(0xc000535480, {0x1a44a0, 0xc00039fef0})
	D:/ProgramFiles/Go/src/encoding/gob/decoder.go:191 +0x137
6.824/labgob.(*LabDecoder).Decode(0xc000b5fe00, {0x1a44a0, 0xc00039fef0})
	D:/Go/src/6.824/src/labgob/labgob.go:55 +0x54
6.824/labrpc.(*ClientEnd).Call(0xc000187360, {0x1e1895, 0xc000b5ffa0}, {0x1b4380, 0xc0007bfbc0}, {0x1a44a0, 0xc00039fef0})
	D:/Go/src/6.824/src/labrpc/labrpc.go:116 +0x326
6.824/kvraft.(*Clerk).Execute.func1(0x4, {0x2, {0x1ee7a6, 0x2}, {0x0, 0x0}, 0xb5567a71, 0x1})
	D:/Go/src/6.824/src/kvraft/client.go:46 +0x11f
created by 6.824/kvraft.(*Clerk).Execute
	D:/Go/src/6.824/src/kvraft/client.go:44 +0x1b2

goroutine 82861 [select]:
6.824/kvraft.(*Clerk).Execute(0xc0002c5000, 0xc000ac3c80, 0xc000ac3c68)
	D:/Go/src/6.824/src/kvraft/client.go:51 +0x219
6.824/kvraft.(*Clerk).Put(0x23d32, {0x1ee7b2, 0xba696}, {0x0, 0xc000ac3d20})
	D:/Go/src/6.824/src/kvraft/client.go:87 +0x150
6.824/kvraft.Put(0xc00014a000, 0xc000ac3e10, {0x1ee7b2, 0x2}, {0x0, 0x0}, 0xc000044c00, 0x10)
	D:/Go/src/6.824/src/kvraft/test_test.go:61 +0xd5
6.824/kvraft.GenericTest.func1(0x10, 0xc000c9c0f0, 0xc00012c820)
	D:/Go/src/6.824/src/kvraft/test_test.go:260 +0x156
6.824/kvraft.run_client(0x0, 0xc00014a000, 0xc00012f800, 0x7cc, 0xc000463d10)
	D:/Go/src/6.824/src/kvraft/test_test.go:103 +0xe4
created by 6.824/kvraft.spawn_clients_and_wait
	D:/Go/src/6.824/src/kvraft/test_test.go:113 +0x51

goroutine 84343 [chan receive]:
6.824/kvraft.(*KVServer).doExecute(0xc000462320)
	D:/Go/src/6.824/src/kvraft/server.go:122 +0x70
created by 6.824/kvraft.StartKVServer
	D:/Go/src/6.824/src/kvraft/server.go:198 +0x207

goroutine 89321 [chan receive]:
6.824/labrpc.(*ClientEnd).Call(0xc000187980, {0x1e1895, 0xc0002c0180}, {0x1b4380, 0xc0008f5800}, {0x1a44a0, 0xc000498510})
	D:/Go/src/6.824/src/labrpc/labrpc.go:112 +0x26e
6.824/kvraft.(*Clerk).Execute.func1(0x1, {0x2, {0x1e98c5, 0x1}, {0x0, 0x0}, 0x9bcbfd11, 0x1})
	D:/Go/src/6.824/src/kvraft/client.go:46 +0x11f
created by 6.824/kvraft.(*Clerk).Execute
	D:/Go/src/6.824/src/kvraft/client.go:44 +0x1b2

goroutine 88995 [semacquire]:
encoding/gob.(*Decoder).compileDec(0xc000094800, 0x3dee10, 0xc000050980)
	D:/ProgramFiles/Go/src/encoding/gob/decode.go:1108 +0x19d
encoding/gob.(*Decoder).getDecEnginePtr(0xc000094800, 0x1c0860, 0xc000050980)
	D:/ProgramFiles/Go/src/encoding/gob/decode.go:1147 +0x145
encoding/gob.(*Decoder).decOpFor(0xc000094800, 0x74c60, {0x22e7a0, 0x1a5220}, {0xc00020e9c0, 0x10}, 0x1c0860)
	D:/ProgramFiles/Go/src/encoding/gob/decode.go:854 +0x52d
encoding/gob.(*Decoder).decOpFor(0xc000094800, 0x22e7a0, {0x22e7a0, 0x1a8560}, {0x1989d8, 0x5}, 0x0)
	D:/ProgramFiles/Go/src/encoding/gob/decode.go:844 +0x715
encoding/gob.(*Decoder).compileDec(0xc000094800, 0x3dede0, 0xc000050900)
	D:/ProgramFiles/Go/src/encoding/gob/decode.go:1128 +0x6e8
encoding/gob.(*Decoder).getDecEnginePtr(0xc000094800, 0x1c09a0, 0xc000050900)
	D:/ProgramFiles/Go/src/encoding/gob/decode.go:1147 +0x145
encoding/gob.(*Decoder).decOpFor(0xc000094800, 0x22e7a0, {0x22e7a0, 0x1c3e20}, {0x199c83, 0x7}, 0x0)
	D:/ProgramFiles/Go/src/encoding/gob/decode.go:854 +0x52d
encoding/gob.(*Decoder).compileDec(0xc000094800, 0x10, 0xc0000514c0)
	D:/ProgramFiles/Go/src/encoding/gob/decode.go:1128 +0x6e8
encoding/gob.(*Decoder).getDecEnginePtr(0xc000094800, 0x1b4680, 0xc0000514c0)
	D:/ProgramFiles/Go/src/encoding/gob/decode.go:1147 +0x145
encoding/gob.(*Decoder).decodeValue(0xc000094800, 0x191a20, {0x1b4680, 0xc0003f61c0, 0xc000094818})
	D:/ProgramFiles/Go/src/encoding/gob/decode.go:1192 +0xf3
encoding/gob.(*Decoder).recvType(0xc000094800, 0x41)
	D:/ProgramFiles/Go/src/encoding/gob/decoder.go:67 +0x13c
encoding/gob.(*Decoder).decodeTypeSequence(0xc000094800, 0x0)
	D:/ProgramFiles/Go/src/encoding/gob/decoder.go:154 +0x6d
encoding/gob.(*Decoder).DecodeValue(0xc000094800, {0xc000164a40, 0xc000599eb8, 0xc000191b18})
	D:/ProgramFiles/Go/src/encoding/gob/decoder.go:214 +0x18f
encoding/gob.(*Decoder).Decode(0xc000094800, {0xc000164a40, 0xc000599eb8})
	D:/ProgramFiles/Go/src/encoding/gob/decoder.go:191 +0x137
6.824/labgob.(*LabDecoder).Decode(0xc000191c30, {0xc000164a40, 0xc000599eb8})
	D:/Go/src/6.824/src/labgob/labgob.go:55 +0x54
6.824/labrpc.(*Service).dispatch(0xc00012f140, {0x1e189e, 0x2}, {{0x1ac760, 0xc000cc8960}, {0x1e1895, 0xb}, {0x22e7a0, 0x1b4380}, {0xc0000bdb80, ...}, ...})
	D:/Go/src/6.824/src/labrpc/labrpc.go:487 +0x238
6.824/labrpc.(*Server).dispatch(0xc00074cfd8, {{0x1ac760, 0xc000cc8960}, {0x1e1895, 0xb}, {0x22e7a0, 0x1b4380}, {0xc0000bdb80, 0x5b, 0xa5}, ...})
	D:/Go/src/6.824/src/labrpc/labrpc.go:420 +0x1fe
6.824/labrpc.(*Network).processReq.func1()
	D:/Go/src/6.824/src/labrpc/labrpc.go:240 +0x58
created by 6.824/labrpc.(*Network).processReq
	D:/Go/src/6.824/src/labrpc/labrpc.go:239 +0x1df

goroutine 84340 [sleep]:
time.Sleep(0xc28cb00)
	D:/ProgramFiles/Go/src/runtime/time.go:193 +0x133
6.824/raft.(*Raft).electionTicker(0xc00014c780)
	D:/Go/src/6.824/src/raft/raft.go:625 +0x95
created by 6.824/raft.Make
	D:/Go/src/6.824/src/raft/raft.go:666 +0x27b

goroutine 88562 [select]:
6.824/labrpc.(*Network).processReq(0xc000054190, {{0x1ac760, 0xc00051bea0}, {0x1e1895, 0xb}, {0x22e7a0, 0x1b4380}, {0xc0001f4160, 0x5c, 0xa6}, ...})
	D:/Go/src/6.824/src/labrpc/labrpc.go:251 +0x41c
created by 6.824/labrpc.MakeNetwork.func1
	D:/Go/src/6.824/src/labrpc/labrpc.go:157 +0x3e

goroutine 88529 [runnable]:
encoding/gob.(*Decoder).decOpFor(0xc000312500, 0x22e7a0, {0x22e7a0, 0x1c05e0}, {0x19b656, 0xa}, 0x0)
	D:/ProgramFiles/Go/src/encoding/gob/decode.go:803 +0xf4
encoding/gob.(*Decoder).compileDec(0xc000312500, 0x33a240, 0xc000050900)
	D:/ProgramFiles/Go/src/encoding/gob/decode.go:1128 +0x6e8
encoding/gob.(*Decoder).getDecEnginePtr(0xc000312500, 0x1c09a0, 0xc000050900)
	D:/ProgramFiles/Go/src/encoding/gob/decode.go:1147 +0x145
encoding/gob.(*Decoder).decOpFor(0xc000312500, 0x22e7a0, {0x22e7a0, 0x1c3e20}, {0x199c83, 0x7}, 0x0)
	D:/ProgramFiles/Go/src/encoding/gob/decode.go:854 +0x52d
encoding/gob.(*Decoder).compileDec(0xc000312500, 0x10, 0xc0000514c0)
	D:/ProgramFiles/Go/src/encoding/gob/decode.go:1128 +0x6e8
encoding/gob.(*Decoder).getDecEnginePtr(0xc000312500, 0x1b4680, 0xc0000514c0)
	D:/ProgramFiles/Go/src/encoding/gob/decode.go:1147 +0x145
encoding/gob.(*Decoder).decodeValue(0xc000312500, 0xea5a20, {0x1b4680, 0xc00030f840, 0xc000312518})
	D:/ProgramFiles/Go/src/encoding/gob/decode.go:1192 +0xf3
encoding/gob.(*Decoder).recvType(0xc000312500, 0x41)
	D:/ProgramFiles/Go/src/encoding/gob/decoder.go:67 +0x13c
encoding/gob.(*Decoder).decodeTypeSequence(0xc000312500, 0x0)
	D:/ProgramFiles/Go/src/encoding/gob/decoder.go:154 +0x6d
encoding/gob.(*Decoder).DecodeValue(0xc000312500, {0xc000164a40, 0xc0001450c0, 0xc000ea5b18})
	D:/ProgramFiles/Go/src/encoding/gob/decoder.go:214 +0x18f
encoding/gob.(*Decoder).Decode(0xc000312500, {0xc000164a40, 0xc0001450c0})
	D:/ProgramFiles/Go/src/encoding/gob/decoder.go:191 +0x137
6.824/labgob.(*LabDecoder).Decode(0xc000ea5c30, {0xc000164a40, 0xc0001450c0})
	D:/Go/src/6.824/src/labgob/labgob.go:55 +0x54
6.824/labrpc.(*Service).dispatch(0xc00083adc0, {0x1e189e, 0x2}, {{0x1ac760, 0xc000cc83a0}, {0x1e1895, 0xb}, {0x22e7a0, 0x1b4380}, {0xc0000bc210, ...}, ...})
	D:/Go/src/6.824/src/labrpc/labrpc.go:487 +0x238
6.824/labrpc.(*Server).dispatch(0xc00074c3f0, {{0x1ac760, 0xc000cc83a0}, {0x1e1895, 0xb}, {0x22e7a0, 0x1b4380}, {0xc0000bc210, 0x5b, 0xa5}, ...})
	D:/Go/src/6.824/src/labrpc/labrpc.go:420 +0x1fe
6.824/labrpc.(*Network).processReq.func1()
	D:/Go/src/6.824/src/labrpc/labrpc.go:240 +0x58
created by 6.824/labrpc.(*Network).processReq
	D:/Go/src/6.824/src/labrpc/labrpc.go:239 +0x1df

goroutine 82853 [select]:
6.824/kvraft.(*Clerk).Execute(0xc0002c4f80, 0xc000c59c80, 0xc000c59c68)
	D:/Go/src/6.824/src/kvraft/client.go:51 +0x219
6.824/kvraft.(*Clerk).Put(0x23d32, {0x1e98c6, 0xba696}, {0x0, 0xc000c59d20})
	D:/Go/src/6.824/src/kvraft/client.go:87 +0x150
6.824/kvraft.Put(0xc00014a000, 0xc000c59e10, {0x1e98c6, 0x1}, {0x0, 0x0}, 0xc000044c00, 0x8)
	D:/Go/src/6.824/src/kvraft/test_test.go:61 +0xd5
6.824/kvraft.GenericTest.func1(0x8, 0xc000c9c090, 0xc00012c820)
	D:/Go/src/6.824/src/kvraft/test_test.go:260 +0x156
6.824/kvraft.run_client(0x1ee7ac, 0xc00014a000, 0x0, 0x0, 0xc000463d10)
	D:/Go/src/6.824/src/kvraft/test_test.go:103 +0xe4
created by 6.824/kvraft.spawn_clients_and_wait
	D:/Go/src/6.824/src/kvraft/test_test.go:113 +0x51

goroutine 88543 [select]:
6.824/labrpc.(*Network).processReq(0xc000054190, {{0x1ac760, 0xc000cc9390}, {0x1e1895, 0xb}, {0x22e7a0, 0x1b4380}, {0xc0004f08f0, 0x5c, 0xa6}, ...})
	D:/Go/src/6.824/src/labrpc/labrpc.go:251 +0x41c
created by 6.824/labrpc.MakeNetwork.func1
	D:/Go/src/6.824/src/labrpc/labrpc.go:157 +0x3e

goroutine 89011 [chan receive]:
6.824/labrpc.(*ClientEnd).Call(0xc000186f00, {0x1e1895, 0xc000f6ffa0}, {0x1b4380, 0xc00050bbf0}, {0x1a44a0, 0xc000514d08})
	D:/Go/src/6.824/src/labrpc/labrpc.go:112 +0x26e
6.824/kvraft.(*Clerk).Execute.func1(0x3, {0x2, {0x1e98be, 0x1}, {0x0, 0x0}, 0x4ceb370d, 0x1})
	D:/Go/src/6.824/src/kvraft/client.go:46 +0x11f
created by 6.824/kvraft.(*Clerk).Execute
	D:/Go/src/6.824/src/kvraft/client.go:44 +0x1b2

goroutine 82733 [select]:
6.824/kvraft.(*Clerk).Execute(0xc0002c4c40, 0xc000807c80, 0xc000807c68)
	D:/Go/src/6.824/src/kvraft/client.go:51 +0x219
6.824/kvraft.(*Clerk).Put(0x23d32, {0x1e98be, 0xba696}, {0x0, 0xc000807d20})
	D:/Go/src/6.824/src/kvraft/client.go:87 +0x150
6.824/kvraft.Put(0xc00014a000, 0xc000807e10, {0x1e98be, 0x1}, {0x0, 0x0}, 0xc000044c00, 0x0)
	D:/Go/src/6.824/src/kvraft/test_test.go:61 +0xd5
6.824/kvraft.GenericTest.func1(0x0, 0xc000790f60, 0xc00012c820)
	D:/Go/src/6.824/src/kvraft/test_test.go:260 +0x156
6.824/kvraft.run_client(0xc0006c8420, 0xc00014a000, 0xa6, 0xc0001fd320, 0xc000463d10)
	D:/Go/src/6.824/src/kvraft/test_test.go:103 +0xe4
created by 6.824/kvraft.spawn_clients_and_wait
	D:/Go/src/6.824/src/kvraft/test_test.go:113 +0x51

goroutine 88620 [semacquire]:
6.824/labrpc.(*Network).processReq(0xc000054190, {{0x1ac760, 0xc000cc8620}, {0x1e1895, 0xb}, {0x22e7a0, 0x1b4380}, {0xc00029b6b0, 0x5b, 0xa5}, ...})
	D:/Go/src/6.824/src/labrpc/labrpc.go:238 +0x12d
created by 6.824/labrpc.MakeNetwork.func1
	D:/Go/src/6.824/src/labrpc/labrpc.go:157 +0x3e

goroutine 89038 [runnable]:
6.824/labrpc.(*Network).processReq(0xc000054190, {{0x1ac760, 0xc000cc8f40}, {0x1e1895, 0xb}, {0x22e7a0, 0x1b4380}, {0xc0001f40b0, 0x5b, 0xa5}, ...})
	D:/Go/src/6.824/src/labrpc/labrpc.go:290 +0x617
created by 6.824/labrpc.MakeNetwork.func1
	D:/Go/src/6.824/src/labrpc/labrpc.go:157 +0x3e

goroutine 89322 [select]:
6.824/labrpc.(*Network).processReq(0xc000054190, {{0x1ac760, 0xc000cc9050}, {0x1e1895, 0xb}, {0x22e7a0, 0x1b4380}, {0xc0006fdb80, 0x5b, 0xa5}, ...})
	D:/Go/src/6.824/src/labrpc/labrpc.go:251 +0x41c
created by 6.824/labrpc.MakeNetwork.func1
	D:/Go/src/6.824/src/labrpc/labrpc.go:157 +0x3e

goroutine 88336 [semacquire]:
encoding/gob.(*Decoder).getDecEnginePtr(0xc000535500, 0x1b4680, 0xc0000514c0)
	D:/ProgramFiles/Go/src/encoding/gob/decode.go:1140 +0x69
encoding/gob.(*Decoder).decodeValue(0xc000535500, 0x10, {0x1b4680, 0xc0003ed500, 0x16})
	D:/ProgramFiles/Go/src/encoding/gob/decode.go:1192 +0xf3
encoding/gob.(*Decoder).recvType(0xc000535500, 0x42)
	D:/ProgramFiles/Go/src/encoding/gob/decoder.go:67 +0x13c
encoding/gob.(*Decoder).decodeTypeSequence(0xc000535500, 0x0)
	D:/ProgramFiles/Go/src/encoding/gob/decoder.go:154 +0x6d
encoding/gob.(*Decoder).DecodeValue(0xc000535500, {0x1a44a0, 0xc0001a2d80, 0xc000853d70})
	D:/ProgramFiles/Go/src/encoding/gob/decoder.go:214 +0x18f
encoding/gob.(*Decoder).Decode(0xc000535500, {0x1a44a0, 0xc0001a2d80})
	D:/ProgramFiles/Go/src/encoding/gob/decoder.go:191 +0x137
6.824/labgob.(*LabDecoder).Decode(0xc000853e00, {0x1a44a0, 0xc0001a2d80})
	D:/Go/src/6.824/src/labgob/labgob.go:55 +0x54
6.824/labrpc.(*ClientEnd).Call(0xc0001876e0, {0x1e1895, 0xc000853fa0}, {0x1b4380, 0xc0000757d0}, {0x1a44a0, 0xc0001a2d80})
	D:/Go/src/6.824/src/labrpc/labrpc.go:116 +0x326
6.824/kvraft.(*Clerk).Execute.func1(0x0, {0x2, {0x1ee7ac, 0x2}, {0x0, 0x0}, 0xa362e376, 0x1})
	D:/Go/src/6.824/src/kvraft/client.go:46 +0x11f
created by 6.824/kvraft.(*Clerk).Execute
	D:/Go/src/6.824/src/kvraft/client.go:44 +0x1b2

goroutine 84341 [chan receive]:
6.824/kvraft.(*KVServer).doExecute(0xc000462280)
	D:/Go/src/6.824/src/kvraft/server.go:122 +0x70
created by 6.824/kvraft.StartKVServer
	D:/Go/src/6.824/src/kvraft/server.go:198 +0x207

goroutine 87747 [semacquire]:
bytes.NewBuffer(...)
	D:/ProgramFiles/Go/src/bytes/buffer.go:451
6.824/labrpc.(*ClientEnd).Call(0xc000187a00, {0x1e1895, 0xc000b65fa0}, {0x1b4380, 0xc0000cf6b0}, {0x1a44a0, 0xc0004511d0})
	D:/Go/src/6.824/src/labrpc/labrpc.go:114 +0x2b0
6.824/kvraft.(*Clerk).Execute.func1(0x4, {0x2, {0x1ee7b2, 0x2}, {0x0, 0x0}, 0xa4f56a60, 0x1})
	D:/Go/src/6.824/src/kvraft/client.go:46 +0x11f
created by 6.824/kvraft.(*Clerk).Execute
	D:/Go/src/6.824/src/kvraft/client.go:44 +0x1b2

goroutine 82851 [select]:
6.824/kvraft.(*Clerk).Execute(0xc0002c4e40, 0xc0005abc80, 0xc0005abc68)
	D:/Go/src/6.824/src/kvraft/client.go:51 +0x219
6.824/kvraft.(*Clerk).Put(0x23d32, {0x1e98c4, 0xba696}, {0x0, 0xc0005abd20})
	D:/Go/src/6.824/src/kvraft/client.go:87 +0x150
6.824/kvraft.Put(0xc00014a000, 0xc0005abe10, {0x1e98c4, 0x1}, {0x0, 0x0}, 0xc000044c00, 0x6)
	D:/Go/src/6.824/src/kvraft/test_test.go:61 +0xd5
6.824/kvraft.GenericTest.func1(0x6, 0xc000791080, 0xc00012c820)
	D:/Go/src/6.824/src/kvraft/test_test.go:260 +0x156
6.824/kvraft.run_client(0xc00014c0f0, 0xc00014a000, 0xc00021a600, 0x8e5, 0xc000463d10)
	D:/Go/src/6.824/src/kvraft/test_test.go:103 +0xe4
created by 6.824/kvraft.spawn_clients_and_wait
	D:/Go/src/6.824/src/kvraft/test_test.go:113 +0x51

goroutine 82734 [select]:
6.824/kvraft.(*Clerk).Execute(0xc0002c4c80, 0xc0006a1c80, 0xc0006a1c68)
	D:/Go/src/6.824/src/kvraft/client.go:51 +0x219
6.824/kvraft.(*Clerk).Put(0x23d32, {0x1e98bf, 0xba696}, {0x0, 0xc0006a1d20})
	D:/Go/src/6.824/src/kvraft/client.go:87 +0x150
6.824/kvraft.Put(0xc00014a000, 0xc0006a1e10, {0x1e98bf, 0x1}, {0x0, 0x0}, 0xc000044c00, 0x1)
	D:/Go/src/6.824/src/kvraft/test_test.go:61 +0xd5
6.824/kvraft.GenericTest.func1(0x1, 0xc000790f90, 0xc00012c820)
	D:/Go/src/6.824/src/kvraft/test_test.go:260 +0x156
6.824/kvraft.run_client(0xc0005de2a0, 0xc00014a000, 0xc0006a1fd0, 0x17b54d, 0xc000463d10)
	D:/Go/src/6.824/src/kvraft/test_test.go:103 +0xe4
created by 6.824/kvraft.spawn_clients_and_wait
	D:/Go/src/6.824/src/kvraft/test_test.go:113 +0x51

goroutine 82732 [chan receive]:
6.824/kvraft.spawn_clients_and_wait(0xc00012c820, 0xc00014a000, 0x14, 0xc000463d10)
	D:/Go/src/6.824/src/kvraft/test_test.go:117 +0x185
created by 6.824/kvraft.GenericTest
	D:/Go/src/6.824/src/kvraft/test_test.go:253 +0x6bd

goroutine 88542 [chan receive]:
6.824/labrpc.(*ClientEnd).Call(0xc000187bc0, {0x1e1895, 0xc00004bfa0}, {0x1b4380, 0xc0002a1980}, {0x1a44a0, 0xc00074dc68})
	D:/Go/src/6.824/src/labrpc/labrpc.go:112 +0x26e
6.824/kvraft.(*Clerk).Execute.func1(0x3, {0x2, {0x1ee7b6, 0x2}, {0x0, 0x0}, 0x66e993eb, 0x1})
	D:/Go/src/6.824/src/kvraft/client.go:46 +0x11f
created by 6.824/kvraft.(*Clerk).Execute
	D:/Go/src/6.824/src/kvraft/client.go:44 +0x1b2

goroutine 82856 [select]:
6.824/kvraft.(*Clerk).Execute(0xc0002c4e00, 0xc000a5bc80, 0xc000a5bc68)
	D:/Go/src/6.824/src/kvraft/client.go:51 +0x219
6.824/kvraft.(*Clerk).Put(0x23d32, {0x1ee7a8, 0xba696}, {0x0, 0xc000a5bd20})
	D:/Go/src/6.824/src/kvraft/client.go:87 +0x150
6.824/kvraft.Put(0xc00014a000, 0xc000a5be10, {0x1ee7a8, 0x2}, {0x0, 0x0}, 0xc000044c00, 0xb)
	D:/Go/src/6.824/src/kvraft/test_test.go:61 +0xd5
6.824/kvraft.GenericTest.func1(0xb, 0xc0002b8450, 0xc00012c820)
	D:/Go/src/6.824/src/kvraft/test_test.go:260 +0x156
6.824/kvraft.run_client(0xc00014c690, 0xc00014a000, 0xc000462c00, 0x8e5, 0xc000463d10)
	D:/Go/src/6.824/src/kvraft/test_test.go:103 +0xe4
created by 6.824/kvraft.spawn_clients_and_wait
	D:/Go/src/6.824/src/kvraft/test_test.go:113 +0x51

goroutine 88996 [semacquire]:
encoding/gob.overflow(...)
	D:/ProgramFiles/Go/src/encoding/gob/decode.go:113
encoding/gob.(*Decoder).compileDec(0xc000094880, 0x3deff0, 0xc000050980)
	D:/ProgramFiles/Go/src/encoding/gob/decode.go:1116 +0x30f
encoding/gob.(*Decoder).getDecEnginePtr(0xc000094880, 0x1c0860, 0xc000050980)
	D:/ProgramFiles/Go/src/encoding/gob/decode.go:1147 +0x145
encoding/gob.(*Decoder).decOpFor(0xc000094880, 0x74c60, {0x22e7a0, 0x1a5220}, {0xc0005c69c0, 0x10}, 0x1c0860)
	D:/ProgramFiles/Go/src/encoding/gob/decode.go:854 +0x52d
encoding/gob.(*Decoder).decOpFor(0xc000094880, 0x22e7a0, {0x22e7a0, 0x1a8560}, {0x1989d8, 0x5}, 0x0)
	D:/ProgramFiles/Go/src/encoding/gob/decode.go:844 +0x715
encoding/gob.(*Decoder).compileDec(0xc000094880, 0x3defc0, 0xc000050900)
	D:/ProgramFiles/Go/src/encoding/gob/decode.go:1128 +0x6e8
encoding/gob.(*Decoder).getDecEnginePtr(0xc000094880, 0x1c09a0, 0xc000050900)
	D:/ProgramFiles/Go/src/encoding/gob/decode.go:1147 +0x145
encoding/gob.(*Decoder).decOpFor(0xc000094880, 0x22e7a0, {0x22e7a0, 0x1c3e20}, {0x199c83, 0x7}, 0x0)
	D:/ProgramFiles/Go/src/encoding/gob/decode.go:854 +0x52d
encoding/gob.(*Decoder).compileDec(0xc000094880, 0x10, 0xc0000514c0)
	D:/ProgramFiles/Go/src/encoding/gob/decode.go:1128 +0x6e8
encoding/gob.(*Decoder).getDecEnginePtr(0xc000094880, 0x1b4680, 0xc0000514c0)
	D:/ProgramFiles/Go/src/encoding/gob/decode.go:1147 +0x145
encoding/gob.(*Decoder).decodeValue(0xc000094880, 0x193a20, {0x1b4680, 0xc0003f6200, 0xc000094898})
	D:/ProgramFiles/Go/src/encoding/gob/decode.go:1192 +0xf3
encoding/gob.(*Decoder).recvType(0xc000094880, 0x41)
	D:/ProgramFiles/Go/src/encoding/gob/decoder.go:67 +0x13c
encoding/gob.(*Decoder).decodeTypeSequence(0xc000094880, 0x0)
	D:/ProgramFiles/Go/src/encoding/gob/decoder.go:154 +0x6d
encoding/gob.(*Decoder).DecodeValue(0xc000094880, {0xc000164a40, 0xc000599f58, 0xc000193b18})
	D:/ProgramFiles/Go/src/encoding/gob/decoder.go:214 +0x18f
encoding/gob.(*Decoder).Decode(0xc000094880, {0xc000164a40, 0xc000599f58})
	D:/ProgramFiles/Go/src/encoding/gob/decoder.go:191 +0x137
6.824/labgob.(*LabDecoder).Decode(0xc000193c30, {0xc000164a40, 0xc000599f58})
	D:/Go/src/6.824/src/labgob/labgob.go:55 +0x54
6.824/labrpc.(*Service).dispatch(0xc00012fc00, {0x1e189e, 0x2}, {{0x1ac760, 0xc00051bfe0}, {0x1e1895, 0xb}, {0x22e7a0, 0x1b4380}, {0xc0001f51e0, ...}, ...})
	D:/Go/src/6.824/src/labrpc/labrpc.go:487 +0x238
6.824/labrpc.(*Server).dispatch(0xc00074d3b0, {{0x1ac760, 0xc00051bfe0}, {0x1e1895, 0xb}, {0x22e7a0, 0x1b4380}, {0xc0001f51e0, 0x5b, 0xa5}, ...})
	D:/Go/src/6.824/src/labrpc/labrpc.go:420 +0x1fe
6.824/labrpc.(*Network).processReq.func1()
	D:/Go/src/6.824/src/labrpc/labrpc.go:240 +0x58
created by 6.824/labrpc.(*Network).processReq
	D:/Go/src/6.824/src/labrpc/labrpc.go:239 +0x1df

goroutine 87767 [semacquire]:
6.824/labrpc.(*Network).processReq(0xc000054190, {{0x1ac760, 0xc000cc8500}, {0x1e1895, 0xb}, {0x22e7a0, 0x1b4380}, {0xc0006c8c60, 0x5b, 0xa5}, ...})
	D:/Go/src/6.824/src/labrpc/labrpc.go:238 +0x12d
created by 6.824/labrpc.MakeNetwork.func1
	D:/Go/src/6.824/src/labrpc/labrpc.go:157 +0x3e

goroutine 82864 [semacquire]:
time.NewTimer(0x3b9aca00)
	D:/ProgramFiles/Go/src/time/sleep.go:87 +0x2e
time.After(...)
	D:/ProgramFiles/Go/src/time/sleep.go:161
6.824/kvraft.(*Clerk).Execute(0xc0002c4bc0, 0xc0006f5c80, 0xc0006f5c68)
	D:/Go/src/6.824/src/kvraft/client.go:52 +0x1bc
6.824/kvraft.(*Clerk).Put(0x23d32, {0x1ee7b8, 0xba696}, {0x0, 0xc0006f5d20})
	D:/Go/src/6.824/src/kvraft/client.go:87 +0x150
6.824/kvraft.Put(0xc00014a000, 0xc0006f5e10, {0x1ee7b8, 0x2}, {0x0, 0x0}, 0xc000044c00, 0x13)
	D:/Go/src/6.824/src/kvraft/test_test.go:61 +0xd5
6.824/kvraft.GenericTest.func1(0x13, 0xc0002b83f0, 0xc00012c820)
	D:/Go/src/6.824/src/kvraft/test_test.go:260 +0x156
6.824/kvraft.run_client(0xc000178a80, 0xc00014a000, 0xa20, 0xc0005163c0, 0xc000463d10)
	D:/Go/src/6.824/src/kvraft/test_test.go:103 +0xe4
created by 6.824/kvraft.spawn_clients_and_wait
	D:/Go/src/6.824/src/kvraft/test_test.go:113 +0x51

goroutine 82858 [select]:
6.824/kvraft.(*Clerk).Execute(0xc0002c4f00, 0xc0005a5c80, 0xc0005a5c68)
	D:/Go/src/6.824/src/kvraft/client.go:51 +0x219
6.824/kvraft.(*Clerk).Put(0x23d32, {0x1ee7ac, 0xba696}, {0x0, 0xc0005a5d20})
	D:/Go/src/6.824/src/kvraft/client.go:87 +0x150
6.824/kvraft.Put(0xc00014a000, 0xc0005a5e10, {0x1ee7ac, 0x2}, {0x0, 0x0}, 0xc000044c00, 0xd)
	D:/Go/src/6.824/src/kvraft/test_test.go:61 +0xd5
6.824/kvraft.GenericTest.func1(0xd, 0xc000c9c030, 0xc00012c820)
	D:/Go/src/6.824/src/kvraft/test_test.go:260 +0x156
6.824/kvraft.run_client(0xc000556000, 0xc00014a000, 0xa20, 0xc0005de6c0, 0xc000463d10)
	D:/Go/src/6.824/src/kvraft/test_test.go:103 +0xe4
created by 6.824/kvraft.spawn_clients_and_wait
	D:/Go/src/6.824/src/kvraft/test_test.go:113 +0x51

goroutine 88570 [chan receive]:
6.824/labrpc.(*ClientEnd).Call(0xc000187a80, {0x1e1895, 0xc00094dfa0}, {0x1b4380, 0xc000857800}, {0x1a44a0, 0xc000380d98})
	D:/Go/src/6.824/src/labrpc/labrpc.go:112 +0x26e
6.824/kvraft.(*Clerk).Execute.func1(0x0, {0x2, {0x1ee7b4, 0x2}, {0x0, 0x0}, 0x84444117, 0x1})
	D:/Go/src/6.824/src/kvraft/client.go:46 +0x11f
created by 6.824/kvraft.(*Clerk).Execute
	D:/Go/src/6.824/src/kvraft/client.go:44 +0x1b2

goroutine 82857 [select]:
6.824/kvraft.(*Clerk).Execute(0xc0002c4e80, 0xc000ac9c80, 0xc000ac9c68)
	D:/Go/src/6.824/src/kvraft/client.go:51 +0x219
6.824/kvraft.(*Clerk).Put(0x23d32, {0x1ee7aa, 0xba696}, {0x0, 0xc000ac9d20})
	D:/Go/src/6.824/src/kvraft/client.go:87 +0x150
6.824/kvraft.Put(0xc00014a000, 0xc000ac9e10, {0x1ee7aa, 0x2}, {0x0, 0x0}, 0xc000044c00, 0xc)
	D:/Go/src/6.824/src/kvraft/test_test.go:61 +0xd5
6.824/kvraft.GenericTest.func1(0xc, 0xc0002b8480, 0xc00012c820)
	D:/Go/src/6.824/src/kvraft/test_test.go:260 +0x156
6.824/kvraft.run_client(0x17c072, 0xc00014a000, 0xc000080cc0, 0xe, 0xc000463d10)
	D:/Go/src/6.824/src/kvraft/test_test.go:103 +0xe4
created by 6.824/kvraft.spawn_clients_and_wait
	D:/Go/src/6.824/src/kvraft/test_test.go:113 +0x51

goroutine 82736 [select]:
6.824/kvraft.(*Clerk).Execute(0xc0002c4d00, 0xc000c55c80, 0xc000c55c68)
	D:/Go/src/6.824/src/kvraft/client.go:51 +0x219
6.824/kvraft.(*Clerk).Put(0x23d32, {0x1e98c1, 0xba696}, {0x0, 0xc000c55d20})
	D:/Go/src/6.824/src/kvraft/client.go:87 +0x150
6.824/kvraft.Put(0xc00014a000, 0xc000c55e10, {0x1e98c1, 0x1}, {0x0, 0x0}, 0xc000044c00, 0x3)
	D:/Go/src/6.824/src/kvraft/test_test.go:61 +0xd5
6.824/kvraft.GenericTest.func1(0x3, 0xc000790ff0, 0xc00012c820)
	D:/Go/src/6.824/src/kvraft/test_test.go:260 +0x156
6.824/kvraft.run_client(0xc0000e6750, 0xc00014a000, 0xc000c55fd0, 0x17b54d, 0xc000463d10)
	D:/Go/src/6.824/src/kvraft/test_test.go:103 +0xe4
created by 6.824/kvraft.spawn_clients_and_wait
	D:/Go/src/6.824/src/kvraft/test_test.go:113 +0x51

goroutine 82863 [select]:
6.824/kvraft.(*Clerk).Execute(0xc0002c5080, 0xc000b47c80, 0xc000b47c68)
	D:/Go/src/6.824/src/kvraft/client.go:51 +0x219
6.824/kvraft.(*Clerk).Put(0x23d32, {0x1ee7b6, 0xba696}, {0x0, 0xc000b47d20})
	D:/Go/src/6.824/src/kvraft/client.go:87 +0x150
6.824/kvraft.Put(0xc00014a000, 0xc000b47e10, {0x1ee7b6, 0x2}, {0x0, 0x0}, 0xc000044c00, 0x12)
	D:/Go/src/6.824/src/kvraft/test_test.go:61 +0xd5
6.824/kvraft.GenericTest.func1(0x12, 0xc000c9c150, 0xc00012c820)
	D:/Go/src/6.824/src/kvraft/test_test.go:260 +0x156
6.824/kvraft.run_client(0x0, 0xc00014a000, 0xc000514800, 0x7cc, 0xc000463d10)
	D:/Go/src/6.824/src/kvraft/test_test.go:103 +0xe4
created by 6.824/kvraft.spawn_clients_and_wait
	D:/Go/src/6.824/src/kvraft/test_test.go:113 +0x51

goroutine 84158 [sleep]:
time.Sleep(0xa5f0780)
	D:/ProgramFiles/Go/src/runtime/time.go:193 +0x133
6.824/raft.(*Raft).electionTicker(0xc00014c4b0)
	D:/Go/src/6.824/src/raft/raft.go:625 +0x95
created by 6.824/raft.Make
	D:/Go/src/6.824/src/raft/raft.go:666 +0x27b

goroutine 87766 [chan receive]:
6.824/labrpc.(*ClientEnd).Call(0xc0001871c0, {0x1e1895, 0xc000b49fa0}, {0x1b4380, 0xc000278210}, {0x1a44a0, 0xc0000d2d98})
	D:/Go/src/6.824/src/labrpc/labrpc.go:112 +0x26e
6.824/kvraft.(*Clerk).Execute.func1(0x2, {0x2, {0x1e98c2, 0x1}, {0x0, 0x0}, 0x2ffb6879, 0x1})
	D:/Go/src/6.824/src/kvraft/client.go:46 +0x11f
created by 6.824/kvraft.(*Clerk).Execute
	D:/Go/src/6.824/src/kvraft/client.go:44 +0x1b2

goroutine 87723 [chan receive]:
6.824/labrpc.(*ClientEnd).Call(0xc000186e40, {0x1e1895, 0xc000a05fa0}, {0x1b4380, 0xc0002ee4b0}, {0x1a44a0, 0xc000499200})
	D:/Go/src/6.824/src/labrpc/labrpc.go:112 +0x26e
6.824/kvraft.(*Clerk).Execute.func1(0x0, {0x2, {0x1e98c7, 0x1}, {0x0, 0x0}, 0x4aaf9bf, 0x1})
	D:/Go/src/6.824/src/kvraft/client.go:46 +0x11f
created by 6.824/kvraft.(*Clerk).Execute
	D:/Go/src/6.824/src/kvraft/client.go:44 +0x1b2

goroutine 89042 [semacquire]:
encoding/gob.NewDecoder({0x2268a0, 0xc0008f5f80})
	D:/ProgramFiles/Go/src/encoding/gob/decoder.go:49 +0x1dd
6.824/labgob.NewDecoder(...)
	D:/Go/src/6.824/src/labgob/labgob.go:48
6.824/labrpc.(*ClientEnd).Call(0xc0001878a0, {0x1e1895, 0xc00004bfa0}, {0x1b4380, 0xc0005956b0}, {0x1a44a0, 0xc000515038})
	D:/Go/src/6.824/src/labrpc/labrpc.go:115 +0x307
6.824/kvraft.(*Clerk).Execute.func1(0x1, {0x2, {0x1e98c6, 0x1}, {0x0, 0x0}, 0x4ecf5846, 0x1})
	D:/Go/src/6.824/src/kvraft/client.go:46 +0x11f
created by 6.824/kvraft.(*Clerk).Execute
	D:/Go/src/6.824/src/kvraft/client.go:44 +0x1b2

goroutine 89312 [semacquire]:
encoding/gob.NewDecoder({0x2268a0, 0xc001005080})
	D:/ProgramFiles/Go/src/encoding/gob/decoder.go:43 +0x45
6.824/labgob.NewDecoder(...)
	D:/Go/src/6.824/src/labgob/labgob.go:48
6.824/labrpc.(*Service).dispatch(0xc00012e340, {0x1e189e, 0x2}, {{0x1ac760, 0xc000cc82f0}, {0x1e1895, 0xb}, {0x22e7a0, 0x1b4380}, {0xc0001f54a0, ...}, ...})
	D:/Go/src/6.824/src/labrpc/labrpc.go:486 +0x1fa
6.824/labrpc.(*Server).dispatch(0xc00074cc00, {{0x1ac760, 0xc000cc82f0}, {0x1e1895, 0xb}, {0x22e7a0, 0x1b4380}, {0xc0001f54a0, 0x5b, 0xa5}, ...})
	D:/Go/src/6.824/src/labrpc/labrpc.go:420 +0x1fe
6.824/labrpc.(*Network).processReq.func1()
	D:/Go/src/6.824/src/labrpc/labrpc.go:240 +0x58
created by 6.824/labrpc.(*Network).processReq
	D:/Go/src/6.824/src/labrpc/labrpc.go:239 +0x1df

goroutine 82735 [select]:
6.824/kvraft.(*Clerk).Execute(0xc0002c4cc0, 0xc0002e3c80, 0xc0002e3c68)
	D:/Go/src/6.824/src/kvraft/client.go:51 +0x219
6.824/kvraft.(*Clerk).Put(0x23d32, {0x1e98c0, 0xba696}, {0x0, 0xc0002e3d20})
	D:/Go/src/6.824/src/kvraft/client.go:87 +0x150
6.824/kvraft.Put(0xc00014a000, 0xc0002e3e10, {0x1e98c0, 0x1}, {0x0, 0x0}, 0xc000044c00, 0x2)
	D:/Go/src/6.824/src/kvraft/test_test.go:61 +0xd5
6.824/kvraft.GenericTest.func1(0x2, 0xc000790fc0, 0xc00012c820)
	D:/Go/src/6.824/src/kvraft/test_test.go:260 +0x156
6.824/kvraft.run_client(0x17c712, 0xc00014a000, 0xc00007a520, 0x6, 0xc000463d10)
	D:/Go/src/6.824/src/kvraft/test_test.go:103 +0xe4
created by 6.824/kvraft.spawn_clients_and_wait
	D:/Go/src/6.824/src/kvraft/test_test.go:113 +0x51

goroutine 89346 [running]:
	goroutine running on other thread; stack unavailable
created by 6.824/kvraft.(*Clerk).Execute
	D:/Go/src/6.824/src/kvraft/client.go:44 +0x1b2

goroutine 89311 [select]:
6.824/labrpc.(*Network).processReq(0xc000054190, {{0x1ac760, 0xc000cc82f0}, {0x1e1895, 0xb}, {0x22e7a0, 0x1b4380}, {0xc0001f54a0, 0x5b, 0xa5}, ...})
	D:/Go/src/6.824/src/labrpc/labrpc.go:251 +0x41c
created by 6.824/labrpc.MakeNetwork.func1
	D:/Go/src/6.824/src/labrpc/labrpc.go:157 +0x3e

goroutine 84160 [sleep]:
time.Sleep(0xe205540)
	D:/ProgramFiles/Go/src/runtime/time.go:193 +0x133
6.824/raft.(*Raft).electionTicker(0xc00014c5a0)
	D:/Go/src/6.824/src/raft/raft.go:625 +0x95
created by 6.824/raft.Make
	D:/Go/src/6.824/src/raft/raft.go:666 +0x27b

goroutine 84342 [sleep]:
time.Sleep(0xcef2840)
	D:/ProgramFiles/Go/src/runtime/time.go:193 +0x133
6.824/raft.(*Raft).electionTicker(0xc00014c870)
	D:/Go/src/6.824/src/raft/raft.go:625 +0x95
created by 6.824/raft.Make
	D:/Go/src/6.824/src/raft/raft.go:666 +0x27b

goroutine 88527 [chan receive]:
6.824/labrpc.(*ClientEnd).Call(0xc0001870c0, {0x1e1895, 0xc000903fa0}, {0x1b4380, 0xc00033a030}, {0x1a44a0, 0xc00059b5a8})
	D:/Go/src/6.824/src/labrpc/labrpc.go:112 +0x26e
6.824/kvraft.(*Clerk).Execute.func1(0x2, {0x2, {0x1e98c1, 0x1}, {0x0, 0x0}, 0x324e0db0, 0x1})
	D:/Go/src/6.824/src/kvraft/client.go:46 +0x11f
created by 6.824/kvraft.(*Clerk).Execute
	D:/Go/src/6.824/src/kvraft/client.go:44 +0x1b2

goroutine 89310 [chan receive]:
6.824/labrpc.(*ClientEnd).Call(0xc000187040, {0x1e1895, 0xc000a83fa0}, {0x1b4380, 0xc001004fc0}, {0x1a44a0, 0xc0004509c0})
	D:/Go/src/6.824/src/labrpc/labrpc.go:112 +0x26e
6.824/kvraft.(*Clerk).Execute.func1(0x1, {0x2, {0x1e98c0, 0x1}, {0x0, 0x0}, 0x104529df, 0x1})
	D:/Go/src/6.824/src/kvraft/client.go:46 +0x11f
created by 6.824/kvraft.(*Clerk).Execute
	D:/Go/src/6.824/src/kvraft/client.go:44 +0x1b2

goroutine 88528 [select]:
6.824/labrpc.(*Network).processReq(0xc000054190, {{0x1ac760, 0xc000cc83a0}, {0x1e1895, 0xb}, {0x22e7a0, 0x1b4380}, {0xc0000bc210, 0x5b, 0xa5}, ...})
	D:/Go/src/6.824/src/labrpc/labrpc.go:251 +0x41c
created by 6.824/labrpc.MakeNetwork.func1
	D:/Go/src/6.824/src/labrpc/labrpc.go:157 +0x3e

goroutine 88563 [semacquire]:
errors.New(...)
	D:/ProgramFiles/Go/src/errors/errors.go:59
encoding/gob.overflow(...)
	D:/ProgramFiles/Go/src/encoding/gob/decode.go:113
encoding/gob.(*Decoder).compileDec(0xc000160000, 0x8562d0, 0xc0001648c0)
	D:/ProgramFiles/Go/src/encoding/gob/decode.go:1116 +0x32b
encoding/gob.(*Decoder).getDecEnginePtr(0xc000160000, 0x1bc640, 0xc0001648c0)
	D:/ProgramFiles/Go/src/encoding/gob/decode.go:1147 +0x145
encoding/gob.(*Decoder).decOpFor(0xc000160000, 0x22e7a0, {0x22e7a0, 0x1c3d80}, {0x19c1d1, 0xb}, 0x0)
	D:/ProgramFiles/Go/src/encoding/gob/decode.go:854 +0x52d
encoding/gob.(*Decoder).compileDec(0xc000160000, 0x10, 0xc0000514c0)
	D:/ProgramFiles/Go/src/encoding/gob/decode.go:1128 +0x6e8
encoding/gob.(*Decoder).getDecEnginePtr(0xc000160000, 0x1b4680, 0xc0000514c0)
	D:/ProgramFiles/Go/src/encoding/gob/decode.go:1147 +0x145
encoding/gob.(*Decoder).decodeValue(0xc000160000, 0x5fa20, {0x1b4680, 0xc0006e0180, 0xc000160018})
	D:/ProgramFiles/Go/src/encoding/gob/decode.go:1192 +0xf3
encoding/gob.(*Decoder).recvType(0xc000160000, 0x41)
	D:/ProgramFiles/Go/src/encoding/gob/decoder.go:67 +0x13c
encoding/gob.(*Decoder).decodeTypeSequence(0xc000160000, 0x0)
	D:/ProgramFiles/Go/src/encoding/gob/decoder.go:154 +0x6d
encoding/gob.(*Decoder).DecodeValue(0xc000160000, {0xc000164a40, 0xc0006f8008, 0xc00005fb18})
	D:/ProgramFiles/Go/src/encoding/gob/decoder.go:214 +0x18f
encoding/gob.(*Decoder).Decode(0xc000160000, {0xc000164a40, 0xc0006f8008})
	D:/ProgramFiles/Go/src/encoding/gob/decoder.go:191 +0x137
6.824/labgob.(*LabDecoder).Decode(0xc00005fc30, {0xc000164a40, 0xc0006f8008})
	D:/Go/src/6.824/src/labgob/labgob.go:55 +0x54
6.824/labrpc.(*Service).dispatch(0xc00012f140, {0x1e189e, 0x2}, {{0x1ac760, 0xc00051bea0}, {0x1e1895, 0xb}, {0x22e7a0, 0x1b4380}, {0xc0001f4160, ...}, ...})
	D:/Go/src/6.824/src/labrpc/labrpc.go:487 +0x238
6.824/labrpc.(*Server).dispatch(0xc00074cfd8, {{0x1ac760, 0xc00051bea0}, {0x1e1895, 0xb}, {0x22e7a0, 0x1b4380}, {0xc0001f4160, 0x5c, 0xa6}, ...})
	D:/Go/src/6.824/src/labrpc/labrpc.go:420 +0x1fe
6.824/labrpc.(*Network).processReq.func1()
	D:/Go/src/6.824/src/labrpc/labrpc.go:240 +0x58
created by 6.824/labrpc.(*Network).processReq
	D:/Go/src/6.824/src/labrpc/labrpc.go:239 +0x1df

goroutine 88545 [chan receive]:
6.824/labrpc.(*ClientEnd).Call(0xc000186d60, {0x1e1895, 0xc00094dfa0}, {0x1b4380, 0xc000856000}, {0x1a44a0, 0xc000380018})
	D:/Go/src/6.824/src/labrpc/labrpc.go:112 +0x26e
6.824/kvraft.(*Clerk).Execute.func1(0x3, {0x2, {0x1ee7b8, 0x2}, {0x0, 0x0}, 0xd1610cef, 0x1})
	D:/Go/src/6.824/src/kvraft/client.go:46 +0x11f
created by 6.824/kvraft.(*Clerk).Execute
	D:/Go/src/6.824/src/kvraft/client.go:44 +0x1b2

goroutine 82854 [select]:
6.824/kvraft.(*Clerk).Execute(0xc0002c4c00, 0xc0008bfc80, 0xc0008bfc68)
	D:/Go/src/6.824/src/kvraft/client.go:51 +0x219
6.824/kvraft.(*Clerk).Put(0x23d32, {0x1e98c7, 0xba696}, {0x0, 0xc0008bfd20})
	D:/Go/src/6.824/src/kvraft/client.go:87 +0x150
6.824/kvraft.Put(0xc00014a000, 0xc0008bfe10, {0x1e98c7, 0x1}, {0x0, 0x0}, 0xc000044c00, 0x9)
	D:/Go/src/6.824/src/kvraft/test_test.go:61 +0xd5
6.824/kvraft.GenericTest.func1(0x9, 0xc000790f30, 0xc00012c820)
	D:/Go/src/6.824/src/kvraft/test_test.go:260 +0x156
6.824/kvraft.run_client(0xc00041c2c0, 0xc00014a000, 0xa6, 0xc0005de1e0, 0xc000463d10)
	D:/Go/src/6.824/src/kvraft/test_test.go:103 +0xe4
created by 6.824/kvraft.spawn_clients_and_wait
	D:/Go/src/6.824/src/kvraft/test_test.go:113 +0x51

goroutine 87724 [select]:
6.824/labrpc.(*Network).processReq(0xc000054190, {{0x1ac760, 0xc00051bfe0}, {0x1e1895, 0xb}, {0x22e7a0, 0x1b4380}, {0xc0001f51e0, 0x5b, 0xa5}, ...})
	D:/Go/src/6.824/src/labrpc/labrpc.go:251 +0x41c
created by 6.824/labrpc.MakeNetwork.func1
	D:/Go/src/6.824/src/labrpc/labrpc.go:157 +0x3e

goroutine 88945 [chan receive]:
6.824/labrpc.(*ClientEnd).Call(0xc0001874e0, {0x1e1895, 0xc00005bfa0}, {0x1b4380, 0xc0003debd0}, {0x1a44a0, 0xc0001e47b0})
	D:/Go/src/6.824/src/labrpc/labrpc.go:112 +0x26e
6.824/kvraft.(*Clerk).Execute.func1(0x3, {0x2, {0x1e98c4, 0x1}, {0x0, 0x0}, 0x47e02d2c, 0x1})
	D:/Go/src/6.824/src/kvraft/client.go:46 +0x11f
created by 6.824/kvraft.(*Clerk).Execute
	D:/Go/src/6.824/src/kvraft/client.go:44 +0x1b2

goroutine 82862 [select]:
6.824/kvraft.(*Clerk).Execute(0xc0002c5040, 0xc000b4dc80, 0xc000b4dc68)
	D:/Go/src/6.824/src/kvraft/client.go:51 +0x219
6.824/kvraft.(*Clerk).Put(0x23d32, {0x1ee7b4, 0xba696}, {0x0, 0xc000b4dd20})
	D:/Go/src/6.824/src/kvraft/client.go:87 +0x150
6.824/kvraft.Put(0xc00014a000, 0xc000b4de10, {0x1ee7b4, 0x2}, {0x0, 0x0}, 0xc000044c00, 0x11)
	D:/Go/src/6.824/src/kvraft/test_test.go:61 +0xd5
6.824/kvraft.GenericTest.func1(0x11, 0xc000c9c120, 0xc00012c820)
	D:/Go/src/6.824/src/kvraft/test_test.go:260 +0x156
6.824/kvraft.run_client(0xc00028f500, 0xc00014a000, 0x9ef, 0xc000651920, 0xc000463d10)
	D:/Go/src/6.824/src/kvraft/test_test.go:103 +0xe4
created by 6.824/kvraft.spawn_clients_and_wait
	D:/Go/src/6.824/src/kvraft/test_test.go:113 +0x51

goroutine 88994 [select]:
6.824/labrpc.(*Network).processReq(0xc000054190, {{0x1ac760, 0xc000cc8960}, {0x1e1895, 0xb}, {0x22e7a0, 0x1b4380}, {0xc0000bdb80, 0x5b, 0xa5}, ...})
	D:/Go/src/6.824/src/labrpc/labrpc.go:251 +0x41c
created by 6.824/labrpc.MakeNetwork.func1
	D:/Go/src/6.824/src/labrpc/labrpc.go:157 +0x3e

goroutine 84159 [chan receive]:
6.824/kvraft.(*KVServer).doExecute(0xc000462050)
	D:/Go/src/6.824/src/kvraft/server.go:122 +0x70
created by 6.824/kvraft.StartKVServer
	D:/Go/src/6.824/src/kvraft/server.go:198 +0x207

goroutine 89006 [chan receive]:
6.824/labrpc.(*ClientEnd).Call(0xc000187400, {0x1e1895, 0xc000851fa0}, {0x1b4380, 0xc000594b70}, {0x1a44a0, 0xc0001e5860})
	D:/Go/src/6.824/src/labrpc/labrpc.go:112 +0x26e
6.824/kvraft.(*Clerk).Execute.func1(0x3, {0x2, {0x1ee7a8, 0x2}, {0x0, 0x0}, 0x5334935e, 0x1})
	D:/Go/src/6.824/src/kvraft/client.go:46 +0x11f
created by 6.824/kvraft.(*Clerk).Execute
	D:/Go/src/6.824/src/kvraft/client.go:44 +0x1b2

goroutine 88571 [semacquire]:
6.824/labrpc.(*Network).processReq(0xc000054190, {{0x1ac760, 0xc000cc91d0}, {0x1e1895, 0xb}, {0x22e7a0, 0x1b4380}, {0xc0001f4370, 0x5c, 0xa6}, ...})
	D:/Go/src/6.824/src/labrpc/labrpc.go:238 +0x12d
created by 6.824/labrpc.MakeNetwork.func1
	D:/Go/src/6.824/src/labrpc/labrpc.go:157 +0x3e

goroutine 82737 [select]:
6.824/kvraft.(*Clerk).Execute(0xc0002c4d40, 0xc000ae5c80, 0xc000ae5c68)
	D:/Go/src/6.824/src/kvraft/client.go:51 +0x219
6.824/kvraft.(*Clerk).Put(0x23d32, {0x1e98c2, 0xba696}, {0x0, 0xc000ae5d20})
	D:/Go/src/6.824/src/kvraft/client.go:87 +0x150
6.824/kvraft.Put(0xc00014a000, 0xc000ae5e10, {0x1e98c2, 0x1}, {0x0, 0x0}, 0xc000044c00, 0x4)
	D:/Go/src/6.824/src/kvraft/test_test.go:61 +0xd5
6.824/kvraft.GenericTest.func1(0x4, 0xc000791020, 0xc00012c820)
	D:/Go/src/6.824/src/kvraft/test_test.go:260 +0x156
6.824/kvraft.run_client(0xc0005de480, 0xc00014a000, 0x120, 0xc0005de300, 0xc000463d10)
	D:/Go/src/6.824/src/kvraft/test_test.go:103 +0xe4
created by 6.824/kvraft.spawn_clients_and_wait
	D:/Go/src/6.824/src/kvraft/test_test.go:113 +0x51

goroutine 82850 [select]:
6.824/kvraft.(*Clerk).Execute(0xc0002c4d80, 0xc000767c80, 0xc000767c68)
	D:/Go/src/6.824/src/kvraft/client.go:51 +0x219
6.824/kvraft.(*Clerk).Put(0x23d32, {0x1e98c3, 0xba696}, {0x0, 0xc000767d20})
	D:/Go/src/6.824/src/kvraft/client.go:87 +0x150
6.824/kvraft.Put(0xc00014a000, 0xc000767e10, {0x1e98c3, 0x1}, {0x0, 0x0}, 0xc000044c00, 0x5)
	D:/Go/src/6.824/src/kvraft/test_test.go:61 +0xd5
6.824/kvraft.GenericTest.func1(0x5, 0xc000791050, 0xc00012c820)
	D:/Go/src/6.824/src/kvraft/test_test.go:260 +0x156
6.824/kvraft.run_client(0x17c712, 0xc00014a000, 0xc00007a300, 0x11, 0xc000463d10)
	D:/Go/src/6.824/src/kvraft/test_test.go:103 +0xe4
created by 6.824/kvraft.spawn_clients_and_wait
	D:/Go/src/6.824/src/kvraft/test_test.go:113 +0x51

goroutine 88604 [semacquire]:
bytes.NewBuffer(...)
	D:/ProgramFiles/Go/src/bytes/buffer.go:451
6.824/labrpc.(*ClientEnd).Call(0xc000187780, {0x1e1895, 0xc000259fa0}, {0x1b4380, 0xc00017f560}, {0x1a44a0, 0xc00018b500})
	D:/Go/src/6.824/src/labrpc/labrpc.go:114 +0x2b0
6.824/kvraft.(*Clerk).Execute.func1(0x0, {0x2, {0x1ee7ae, 0x2}, {0x0, 0x0}, 0xa4c33fac, 0x1})
	D:/Go/src/6.824/src/kvraft/client.go:46 +0x11f
created by 6.824/kvraft.(*Clerk).Execute
	D:/Go/src/6.824/src/kvraft/client.go:44 +0x1b2

goroutine 89026 [semacquire]:
6.824/labrpc.(*Network).processReq(0xc000054190, {{0x1ac760, 0xc000cc8a70}, {0x1e1895, 0xb}, {0x22e7a0, 0x1b4380}, {0xc0001f5ce0, 0x5c, 0xa6}, ...})
	D:/Go/src/6.824/src/labrpc/labrpc.go:238 +0x12d
created by 6.824/labrpc.MakeNetwork.func1
	D:/Go/src/6.824/src/labrpc/labrpc.go:157 +0x3e

goroutine 89012 [semacquire]:
6.824/labrpc.(*Network).processReq(0xc000054190, {{0x1ac760, 0xc000cc80f0}, {0x1e1895, 0xb}, {0x22e7a0, 0x1b4380}, {0xc0006c8580, 0x5b, 0xa5}, ...})
	D:/Go/src/6.824/src/labrpc/labrpc.go:238 +0x12d
created by 6.824/labrpc.MakeNetwork.func1
	D:/Go/src/6.824/src/labrpc/labrpc.go:157 +0x3e

goroutine 88961 [chan receive]:
6.824/labrpc.(*ClientEnd).Call(0xc000187560, {0x1e1895, 0xc0009b7fa0}, {0x1b4380, 0xc00043f110}, {0x1a44a0, 0xc00045e108})
	D:/Go/src/6.824/src/labrpc/labrpc.go:112 +0x26e
6.824/kvraft.(*Clerk).Execute.func1(0x3, {0x2, {0x1ee7aa, 0x2}, {0x0, 0x0}, 0xf4315686, 0x1})
	D:/Go/src/6.824/src/kvraft/client.go:46 +0x11f
created by 6.824/kvraft.(*Clerk).Execute
	D:/Go/src/6.824/src/kvraft/client.go:44 +0x1b2

goroutine 82860 [runnable]:
6.824/kvraft.(*Clerk).Execute(0xc0002c4ec0, 0xc000a61c80, 0xc000a61c68)
	D:/Go/src/6.824/src/kvraft/client.go:51 +0x219
6.824/kvraft.(*Clerk).Put(0x23d32, {0x1ee7b0, 0xba696}, {0x0, 0xc000a61d20})
	D:/Go/src/6.824/src/kvraft/client.go:87 +0x150
6.824/kvraft.Put(0xc00014a000, 0xc000a61e10, {0x1ee7b0, 0x2}, {0x0, 0x0}, 0xc000044c00, 0xf)
	D:/Go/src/6.824/src/kvraft/test_test.go:61 +0xd5
6.824/kvraft.GenericTest.func1(0xf, 0xc000c9c000, 0xc00012c820)
	D:/Go/src/6.824/src/kvraft/test_test.go:260 +0x156
6.824/kvraft.run_client(0xc0001cca80, 0xc00014a000, 0xa20, 0xc0003e3c80, 0xc000463d10)
	D:/Go/src/6.824/src/kvraft/test_test.go:103 +0xe4
created by 6.824/kvraft.spawn_clients_and_wait
	D:/Go/src/6.824/src/kvraft/test_test.go:113 +0x51

goroutine 84338 [sleep]:
time.Sleep(0xb34a700)
	D:/ProgramFiles/Go/src/runtime/time.go:193 +0x133
6.824/raft.(*Raft).electionTicker(0xc00014c690)
	D:/Go/src/6.824/src/raft/raft.go:625 +0x95
created by 6.824/raft.Make
	D:/Go/src/6.824/src/raft/raft.go:666 +0x27b

goroutine 88619 [chan receive]:
6.824/labrpc.(*ClientEnd).Call(0xc0001872a0, {0x1e1895, 0xc000ea3fa0}, {0x1b4380, 0xc000542ba0}, {0x1a44a0, 0xc0005dbc80})
	D:/Go/src/6.824/src/labrpc/labrpc.go:112 +0x26e
6.824/kvraft.(*Clerk).Execute.func1(0x4, {0x2, {0x1e98c3, 0x1}, {0x0, 0x0}, 0xf6f15783, 0x1})
	D:/Go/src/6.824/src/kvraft/client.go:46 +0x11f
created by 6.824/kvraft.(*Clerk).Execute
	D:/Go/src/6.824/src/kvraft/client.go:44 +0x1b2

goroutine 89323 [semacquire]:
sync.runtime_SemacquireMutex(0xc0000a1398, 0x85, 0x18)
	D:/ProgramFiles/Go/src/runtime/sema.go:71 +0x25
sync.(*Mutex).lockSlow(0xc000462320)
	D:/ProgramFiles/Go/src/sync/mutex.go:138 +0x165
sync.(*Mutex).Lock(...)
	D:/ProgramFiles/Go/src/sync/mutex.go:81
6.824/kvraft.(*KVServer).lock(...)
	D:/Go/src/6.824/src/kvraft/server.go:35
6.824/kvraft.(*KVServer).Do(0xc000462320, 0xc0008f5f50, 0xc0004986f0)
	D:/Go/src/6.824/src/kvraft/server.go:45 +0x79
reflect.Value.call({0xc000052180, 0xc0005990b0, 0xc0000a1b10}, {0x1e0377, 0x4}, {0xc0000a1c68, 0x3, 0xc0000a1b40})
	D:/ProgramFiles/Go/src/reflect/value.go:543 +0x814
reflect.Value.Call({0xc000052180, 0xc0005990b0, 0xc0000067a8}, {0xc0000a1c68, 0x3, 0x3})
	D:/ProgramFiles/Go/src/reflect/value.go:339 +0xc5
6.824/labrpc.(*Service).dispatch(0xc00012fc00, {0x1e189e, 0x2}, {{0x1ac760, 0xc000cc9050}, {0x1e1895, 0xb}, {0x22e7a0, 0x1b4380}, {0xc0006fdb80, ...}, ...})
	D:/Go/src/6.824/src/labrpc/labrpc.go:496 +0x39d
6.824/labrpc.(*Server).dispatch(0xc00074d3b0, {{0x1ac760, 0xc000cc9050}, {0x1e1895, 0xb}, {0x22e7a0, 0x1b4380}, {0xc0006fdb80, 0x5b, 0xa5}, ...})
	D:/Go/src/6.824/src/labrpc/labrpc.go:420 +0x1fe
6.824/labrpc.(*Network).processReq.func1()
	D:/Go/src/6.824/src/labrpc/labrpc.go:240 +0x58
created by 6.824/labrpc.(*Network).processReq
	D:/Go/src/6.824/src/labrpc/labrpc.go:239 +0x1df

goroutine 89007 [semacquire]:
6.824/labrpc.(*Network).processReq(0xc000054190, {{0x1ac760, 0xc000cc8830}, {0x1e1895, 0xb}, {0x22e7a0, 0x1b4380}, {0xc0000bde40, 0x5c, 0xa6}, ...})
	D:/Go/src/6.824/src/labrpc/labrpc.go:238 +0x12d
created by 6.824/labrpc.MakeNetwork.func1
	D:/Go/src/6.824/src/labrpc/labrpc.go:157 +0x3e

goroutine 82852 [select]:
6.824/kvraft.(*Clerk).Execute(0xc0002c4fc0, 0xc000a5fc80, 0xc000a5fc68)
	D:/Go/src/6.824/src/kvraft/client.go:51 +0x219
6.824/kvraft.(*Clerk).Put(0x23d32, {0x1e98c5, 0xba696}, {0x0, 0xc000a5fd20})
	D:/Go/src/6.824/src/kvraft/client.go:87 +0x150
6.824/kvraft.Put(0xc00014a000, 0xc000a5fe10, {0x1e98c5, 0x1}, {0x0, 0x0}, 0xc000044c00, 0x7)
	D:/Go/src/6.824/src/kvraft/test_test.go:61 +0xd5
6.824/kvraft.GenericTest.func1(0x7, 0xc000c9c0c0, 0xc00012c820)
	D:/Go/src/6.824/src/kvraft/test_test.go:260 +0x156
6.824/kvraft.run_client(0xc0005df2c0, 0xc00014a000, 0x0, 0x0, 0xc000463d10)
	D:/Go/src/6.824/src/kvraft/test_test.go:103 +0xe4
created by 6.824/kvraft.spawn_clients_and_wait
	D:/Go/src/6.824/src/kvraft/test_test.go:113 +0x51

goroutine 82859 [select]:
6.824/kvraft.(*Clerk).Execute(0xc0002c4f40, 0xc0008ffc80, 0xc0008ffc68)
	D:/Go/src/6.824/src/kvraft/client.go:51 +0x219
6.824/kvraft.(*Clerk).Put(0x23d32, {0x1ee7ae, 0xba696}, {0x0, 0xc0008ffd20})
	D:/Go/src/6.824/src/kvraft/client.go:87 +0x150
6.824/kvraft.Put(0xc00014a000, 0xc0008ffe10, {0x1ee7ae, 0x2}, {0x0, 0x0}, 0xc000044c00, 0xe)
	D:/Go/src/6.824/src/kvraft/test_test.go:61 +0xd5
6.824/kvraft.GenericTest.func1(0xe, 0xc000c9c060, 0xc00012c820)
	D:/Go/src/6.824/src/kvraft/test_test.go:260 +0x156
6.824/kvraft.run_client(0xc000243500, 0xc00014a000, 0xa20, 0xc0005de360, 0xc000463d10)
	D:/Go/src/6.824/src/kvraft/test_test.go:103 +0xe4
created by 6.824/kvraft.spawn_clients_and_wait
	D:/Go/src/6.824/src/kvraft/test_test.go:113 +0x51

goroutine 82855 [select]:
6.824/kvraft.(*Clerk).Execute(0xc0002c4dc0, 0xc000a5dc80, 0xc000a5dc68)
	D:/Go/src/6.824/src/kvraft/client.go:51 +0x219
6.824/kvraft.(*Clerk).Put(0x23d32, {0x1ee7a6, 0xba696}, {0x0, 0xc000a5dd20})
	D:/Go/src/6.824/src/kvraft/client.go:87 +0x150
6.824/kvraft.Put(0xc00014a000, 0xc000a5de10, {0x1ee7a6, 0x2}, {0x0, 0x0}, 0xc000044c00, 0xa)
	D:/Go/src/6.824/src/kvraft/test_test.go:61 +0xd5
6.824/kvraft.GenericTest.func1(0xa, 0xc0002b8420, 0xc00012c820)
	D:/Go/src/6.824/src/kvraft/test_test.go:260 +0x156
6.824/kvraft.run_client(0x0, 0xc00014a000, 0xc00062e000, 0x88e, 0xc000463d10)
	D:/Go/src/6.824/src/kvraft/test_test.go:103 +0xe4
created by 6.824/kvraft.spawn_clients_and_wait
	D:/Go/src/6.824/src/kvraft/test_test.go:113 +0x51

goroutine 84161 [chan receive]:
6.824/kvraft.(*KVServer).doExecute(0xc0004620f0)
	D:/Go/src/6.824/src/kvraft/server.go:122 +0x70
created by 6.824/kvraft.StartKVServer
	D:/Go/src/6.824/src/kvraft/server.go:198 +0x207
exit status 2
FAIL	6.824/kvraft	19.858s
