Test: restarts, snapshots, many clients (3B) ...
panic: test timed out after 10m0s

goroutine 447717 [running]:
testing.(*M).startAlarm.func1()
	D:/ProgramFiles/Go/src/testing/testing.go:1788 +0x8e
created by time.goFunc
	D:/ProgramFiles/Go/src/time/sleep.go:180 +0x31

goroutine 1 [chan receive, 9 minutes]:
testing.(*T).Run(0xc0000856c0, {0x24abb1, 0xec253}, 0x2583e0)
	D:/ProgramFiles/Go/src/testing/testing.go:1307 +0x375
testing.runTests.func1(0xc0000856c0)
	D:/ProgramFiles/Go/src/testing/testing.go:1598 +0x6e
testing.tRunner(0xc0000856c0, 0xc0000c3d18)
	D:/ProgramFiles/Go/src/testing/testing.go:1259 +0x102
testing.runTests(0xc000108000, {0x3a2c00, 0xf, 0xf}, {0x10d42d, 0x244c2b, 0x3a6cc0})
	D:/ProgramFiles/Go/src/testing/testing.go:1596 +0x43f
testing.(*M).Run(0xc000108000)
	D:/ProgramFiles/Go/src/testing/testing.go:1504 +0x51d
main.main()
	_testmain.go:71 +0x14b

goroutine 19 [chan receive, 9 minutes]:
6.824/kvraft.GenericTest(0xc000085860, {0x24252f, 0x2}, 0x14, 0x5, 0x0, 0x1, 0x0, 0x3e8, 0x0)
	D:/Go/src/6.824/src/kvraft/test_test.go:334 +0xf88
6.824/kvraft.TestSnapshotRecoverManyClients3B(0x0)
	D:/Go/src/6.824/src/kvraft/test_test.go:695 +0x45
testing.tRunner(0xc000085860, 0x2583e0)
	D:/ProgramFiles/Go/src/testing/testing.go:1259 +0x102
created by testing.(*T).Run
	D:/ProgramFiles/Go/src/testing/testing.go:1306 +0x35a

goroutine 20 [select]:
6.824/labrpc.MakeNetwork.func1()
	D:/Go/src/6.824/src/labrpc/labrpc.go:153 +0xbe
created by 6.824/labrpc.MakeNetwork
	D:/Go/src/6.824/src/labrpc/labrpc.go:151 +0x17b

goroutine 29092 [sleep]:
time.Sleep(0xfea18c0)
	D:/ProgramFiles/Go/src/runtime/time.go:193 +0x133
6.824/raft.(*Raft).electionTicker(0xc00011c780)
	D:/Go/src/6.824/src/raft/raft.go:630 +0x95
created by 6.824/raft.Make
	D:/Go/src/6.824/src/raft/raft.go:672 +0x2a7

goroutine 447666 [select]:
6.824/kvraft.(*KVServer).Do(0xc0005629b0, 0xc000417c80, 0xc000498f00)
	D:/Go/src/6.824/src/kvraft/server.go:71 +0x2f4
reflect.Value.call({0xc0000da120, 0xc0001e8aa0, 0xc000467b10}, {0x2427a2, 0x4}, {0xc000467c68, 0x3, 0xc000467b40})
	D:/ProgramFiles/Go/src/reflect/value.go:543 +0x814
reflect.Value.Call({0xc0000da120, 0xc0001e8aa0, 0xc0004347f0}, {0xc000467c68, 0x3, 0x3})
	D:/ProgramFiles/Go/src/reflect/value.go:339 +0xc5
6.824/labrpc.(*Service).dispatch(0xc000521d80, {0x243cd7, 0x2}, {{0x20e7c0, 0xc000188f10}, {0x243cce, 0xb}, {0x291560, 0x216460}, {0xc000632210, ...}, ...})
	D:/Go/src/6.824/src/labrpc/labrpc.go:496 +0x39d
6.824/labrpc.(*Server).dispatch(0xc000689818, {{0x20e7c0, 0xc000188f10}, {0x243cce, 0xb}, {0x291560, 0x216460}, {0xc000632210, 0x66, 0xb0}, ...})
	D:/Go/src/6.824/src/labrpc/labrpc.go:420 +0x1fe
6.824/labrpc.(*Network).processReq.func1()
	D:/Go/src/6.824/src/labrpc/labrpc.go:240 +0x58
created by 6.824/labrpc.(*Network).processReq
	D:/Go/src/6.824/src/labrpc/labrpc.go:239 +0x1df

goroutine 31 [chan receive, 9 minutes]:
6.824/kvraft.spawn_clients_and_wait(0xc000085860, 0xc00011a000, 0x14, 0xc000102500)
	D:/Go/src/6.824/src/kvraft/test_test.go:117 +0x185
created by 6.824/kvraft.GenericTest
	D:/Go/src/6.824/src/kvraft/test_test.go:253 +0x6bd

goroutine 32 [select]:
6.824/kvraft.(*Clerk).Execute(0xc000190480, 0xc00013bc80, 0xc00013bc68)
	D:/Go/src/6.824/src/kvraft/client.go:52 +0x21a
6.824/kvraft.(*Clerk).Append(0x7, {0x24bf87, 0xc00013bd50}, {0xc000401aa0, 0x3fdce0})
	D:/Go/src/6.824/src/kvraft/client.go:103 +0x150
6.824/kvraft.Append(0xc00011a000, 0x2, {0x24bf87, 0x1}, {0xc000401aa0, 0x7}, 0xc000096be0, 0x0)
	D:/Go/src/6.824/src/kvraft/test_test.go:77 +0xd5
6.824/kvraft.GenericTest.func1(0x0, 0xc0000b6ea0, 0xc000085860)
	D:/Go/src/6.824/src/kvraft/test_test.go:272 +0x587
6.824/kvraft.run_client(0x0, 0xc00011a000, 0x0, 0x0, 0xc000102500)
	D:/Go/src/6.824/src/kvraft/test_test.go:103 +0xe4
created by 6.824/kvraft.spawn_clients_and_wait
	D:/Go/src/6.824/src/kvraft/test_test.go:113 +0x51

goroutine 33 [select]:
6.824/kvraft.(*Clerk).Execute(0xc0001904c0, 0xc000151c80, 0xc000151c68)
	D:/Go/src/6.824/src/kvraft/client.go:52 +0x21a
6.824/kvraft.(*Clerk).Append(0x7, {0x24bf88, 0xc000151d50}, {0xc000401eb8, 0x16c38ddfc9700fb0})
	D:/Go/src/6.824/src/kvraft/client.go:103 +0x150
6.824/kvraft.Append(0xc00011a000, 0x2, {0x24bf88, 0x1}, {0xc000401eb8, 0x7}, 0xc000096be0, 0x1)
	D:/Go/src/6.824/src/kvraft/test_test.go:77 +0xd5
6.824/kvraft.GenericTest.func1(0x1, 0xc0000b6ed0, 0xc000085860)
	D:/Go/src/6.824/src/kvraft/test_test.go:272 +0x587
6.824/kvraft.run_client(0x0, 0xc00011a000, 0x0, 0x0, 0xc000102500)
	D:/Go/src/6.824/src/kvraft/test_test.go:103 +0xe4
created by 6.824/kvraft.spawn_clients_and_wait
	D:/Go/src/6.824/src/kvraft/test_test.go:113 +0x51

goroutine 34 [select]:
6.824/kvraft.(*Clerk).Execute(0xc000190000, 0xc000153c80, 0xc000153c68)
	D:/Go/src/6.824/src/kvraft/client.go:52 +0x21a
6.824/kvraft.(*Clerk).Append(0x7, {0x24bf89, 0xc000153d50}, {0xc000618410, 0xc000153d08})
	D:/Go/src/6.824/src/kvraft/client.go:103 +0x150
6.824/kvraft.Append(0xc00011a000, 0x2, {0x24bf89, 0x1}, {0xc000618410, 0x7}, 0xc000096be0, 0x2)
	D:/Go/src/6.824/src/kvraft/test_test.go:77 +0xd5
6.824/kvraft.GenericTest.func1(0x2, 0xc000180000, 0xc000085860)
	D:/Go/src/6.824/src/kvraft/test_test.go:272 +0x587
6.824/kvraft.run_client(0x0, 0xc00011a000, 0x0, 0x0, 0xc000102500)
	D:/Go/src/6.824/src/kvraft/test_test.go:103 +0xe4
created by 6.824/kvraft.spawn_clients_and_wait
	D:/Go/src/6.824/src/kvraft/test_test.go:113 +0x51

goroutine 35 [select]:
6.824/kvraft.(*Clerk).Execute(0xc000190040, 0xc00014dc80, 0xc00014dc68)
	D:/Go/src/6.824/src/kvraft/client.go:52 +0x21a
6.824/kvraft.(*Clerk).Append(0x7, {0x24bf8a, 0xc00014dd50}, {0xc0006682b0, 0xc00014dd08})
	D:/Go/src/6.824/src/kvraft/client.go:103 +0x150
6.824/kvraft.Append(0xc00011a000, 0x2, {0x24bf8a, 0x1}, {0xc0006682b0, 0x7}, 0xc000096be0, 0x3)
	D:/Go/src/6.824/src/kvraft/test_test.go:77 +0xd5
6.824/kvraft.GenericTest.func1(0x3, 0xc0000b6ba0, 0xc000085860)
	D:/Go/src/6.824/src/kvraft/test_test.go:272 +0x587
6.824/kvraft.run_client(0x0, 0xc00011a000, 0x0, 0x0, 0xc000102500)
	D:/Go/src/6.824/src/kvraft/test_test.go:103 +0xe4
created by 6.824/kvraft.spawn_clients_and_wait
	D:/Go/src/6.824/src/kvraft/test_test.go:113 +0x51

goroutine 36 [select]:
6.824/kvraft.(*Clerk).Execute(0xc000190080, 0xc00014fc80, 0xc00014fc68)
	D:/Go/src/6.824/src/kvraft/client.go:52 +0x21a
6.824/kvraft.(*Clerk).Append(0x7, {0x24bf8b, 0xc00014fd50}, {0xc000618150, 0xc00014fd08})
	D:/Go/src/6.824/src/kvraft/client.go:103 +0x150
6.824/kvraft.Append(0xc00011a000, 0x2, {0x24bf8b, 0x1}, {0xc000618150, 0x7}, 0xc000096be0, 0x4)
	D:/Go/src/6.824/src/kvraft/test_test.go:77 +0xd5
6.824/kvraft.GenericTest.func1(0x4, 0xc0000b6bd0, 0xc000085860)
	D:/Go/src/6.824/src/kvraft/test_test.go:272 +0x587
6.824/kvraft.run_client(0x0, 0xc00011a000, 0x0, 0x0, 0xc000102500)
	D:/Go/src/6.824/src/kvraft/test_test.go:103 +0xe4
created by 6.824/kvraft.spawn_clients_and_wait
	D:/Go/src/6.824/src/kvraft/test_test.go:113 +0x51

goroutine 37 [select]:
6.824/kvraft.(*Clerk).Execute(0xc0001900c0, 0xc000159c70, 0xc000159c58)
	D:/Go/src/6.824/src/kvraft/client.go:52 +0x21a
6.824/kvraft.(*Clerk).Get(0xc000159cd8, {0x24bf8c, 0x7})
	D:/Go/src/6.824/src/kvraft/client.go:74 +0x127
6.824/kvraft.Get(0xc00011a000, 0x2, {0x24bf8c, 0x1}, 0xc000096be0, 0x5)
	D:/Go/src/6.824/src/kvraft/test_test.go:43 +0xbb
6.824/kvraft.GenericTest.func1(0x5, 0xc0000b6c00, 0xc000085860)
	D:/Go/src/6.824/src/kvraft/test_test.go:284 +0x3e5
6.824/kvraft.run_client(0x0, 0xc00011a000, 0x0, 0x0, 0xc000102500)
	D:/Go/src/6.824/src/kvraft/test_test.go:103 +0xe4
created by 6.824/kvraft.spawn_clients_and_wait
	D:/Go/src/6.824/src/kvraft/test_test.go:113 +0x51

goroutine 38 [select]:
6.824/kvraft.(*Clerk).Execute(0xc000190100, 0xc00015bc80, 0xc00015bc68)
	D:/Go/src/6.824/src/kvraft/client.go:52 +0x21a
6.824/kvraft.(*Clerk).Append(0x7, {0x24bf8d, 0xc00015bd50}, {0xc000320170, 0xc00015bd08})
	D:/Go/src/6.824/src/kvraft/client.go:103 +0x150
6.824/kvraft.Append(0xc00011a000, 0x2, {0x24bf8d, 0x1}, {0xc000320170, 0x7}, 0xc000096be0, 0x6)
	D:/Go/src/6.824/src/kvraft/test_test.go:77 +0xd5
6.824/kvraft.GenericTest.func1(0x6, 0xc0000b6c30, 0xc000085860)
	D:/Go/src/6.824/src/kvraft/test_test.go:272 +0x587
6.824/kvraft.run_client(0x0, 0xc00011a000, 0x0, 0x0, 0xc000102500)
	D:/Go/src/6.824/src/kvraft/test_test.go:103 +0xe4
created by 6.824/kvraft.spawn_clients_and_wait
	D:/Go/src/6.824/src/kvraft/test_test.go:113 +0x51

goroutine 39 [select]:
6.824/kvraft.(*Clerk).Execute(0xc000190180, 0xc000155c70, 0xc000155c58)
	D:/Go/src/6.824/src/kvraft/client.go:52 +0x21a
6.824/kvraft.(*Clerk).Get(0xc000155cd8, {0x24bf8e, 0x7})
	D:/Go/src/6.824/src/kvraft/client.go:74 +0x127
6.824/kvraft.Get(0xc00011a000, 0x2, {0x24bf8e, 0x1}, 0xc000096be0, 0x7)
	D:/Go/src/6.824/src/kvraft/test_test.go:43 +0xbb
6.824/kvraft.GenericTest.func1(0x7, 0xc0000b6c60, 0xc000085860)
	D:/Go/src/6.824/src/kvraft/test_test.go:284 +0x3e5
6.824/kvraft.run_client(0x0, 0xc00011a000, 0x0, 0x0, 0xc000102500)
	D:/Go/src/6.824/src/kvraft/test_test.go:103 +0xe4
created by 6.824/kvraft.spawn_clients_and_wait
	D:/Go/src/6.824/src/kvraft/test_test.go:113 +0x51

goroutine 40 [select]:
6.824/kvraft.(*Clerk).Execute(0xc0001901c0, 0xc000157c70, 0xc000157c58)
	D:/Go/src/6.824/src/kvraft/client.go:52 +0x21a
6.824/kvraft.(*Clerk).Get(0xc000157cd8, {0x24bf8f, 0x7})
	D:/Go/src/6.824/src/kvraft/client.go:74 +0x127
6.824/kvraft.Get(0xc00011a000, 0x2, {0x24bf8f, 0x1}, 0xc000096be0, 0x8)
	D:/Go/src/6.824/src/kvraft/test_test.go:43 +0xbb
6.824/kvraft.GenericTest.func1(0x8, 0xc0000b6c90, 0xc000085860)
	D:/Go/src/6.824/src/kvraft/test_test.go:284 +0x3e5
6.824/kvraft.run_client(0x0, 0xc00011a000, 0x0, 0x0, 0xc000102500)
	D:/Go/src/6.824/src/kvraft/test_test.go:103 +0xe4
created by 6.824/kvraft.spawn_clients_and_wait
	D:/Go/src/6.824/src/kvraft/test_test.go:113 +0x51

goroutine 41 [select]:
6.824/kvraft.(*Clerk).Execute(0xc000190200, 0xc000163c80, 0xc000163c68)
	D:/Go/src/6.824/src/kvraft/client.go:52 +0x21a
6.824/kvraft.(*Clerk).Append(0x7, {0x24bf90, 0xc000163d50}, {0xc0006683f8, 0xc000163d08})
	D:/Go/src/6.824/src/kvraft/client.go:103 +0x150
6.824/kvraft.Append(0xc00011a000, 0x2, {0x24bf90, 0x1}, {0xc0006683f8, 0x7}, 0xc000096be0, 0x9)
	D:/Go/src/6.824/src/kvraft/test_test.go:77 +0xd5
6.824/kvraft.GenericTest.func1(0x9, 0xc0000b6cc0, 0xc000085860)
	D:/Go/src/6.824/src/kvraft/test_test.go:272 +0x587
6.824/kvraft.run_client(0x0, 0xc00011a000, 0x0, 0x0, 0xc000102500)
	D:/Go/src/6.824/src/kvraft/test_test.go:103 +0xe4
created by 6.824/kvraft.spawn_clients_and_wait
	D:/Go/src/6.824/src/kvraft/test_test.go:113 +0x51

goroutine 42 [select]:
6.824/kvraft.(*Clerk).Execute(0xc000190240, 0xc000165c80, 0xc000165c68)
	D:/Go/src/6.824/src/kvraft/client.go:52 +0x21a
6.824/kvraft.(*Clerk).Append(0x8, {0x250efd, 0xc000165d50}, {0xc0004ad0e8, 0xc000165d08})
	D:/Go/src/6.824/src/kvraft/client.go:103 +0x150
6.824/kvraft.Append(0xc00011a000, 0x2, {0x250efd, 0x2}, {0xc0004ad0e8, 0x8}, 0xc000096be0, 0xa)
	D:/Go/src/6.824/src/kvraft/test_test.go:77 +0xd5
6.824/kvraft.GenericTest.func1(0xa, 0xc0000b6cf0, 0xc000085860)
	D:/Go/src/6.824/src/kvraft/test_test.go:272 +0x587
6.824/kvraft.run_client(0x0, 0xc00011a000, 0x0, 0x0, 0xc000102500)
	D:/Go/src/6.824/src/kvraft/test_test.go:103 +0xe4
created by 6.824/kvraft.spawn_clients_and_wait
	D:/Go/src/6.824/src/kvraft/test_test.go:113 +0x51

goroutine 43 [select]:
6.824/kvraft.(*Clerk).Execute(0xc000190280, 0xc00015fc70, 0xc00015fc58)
	D:/Go/src/6.824/src/kvraft/client.go:52 +0x21a
6.824/kvraft.(*Clerk).Get(0xc00015fcd8, {0x250eff, 0x8})
	D:/Go/src/6.824/src/kvraft/client.go:74 +0x127
6.824/kvraft.Get(0xc00011a000, 0x2, {0x250eff, 0x2}, 0xc000096be0, 0xb)
	D:/Go/src/6.824/src/kvraft/test_test.go:43 +0xbb
6.824/kvraft.GenericTest.func1(0xb, 0xc0000b6d20, 0xc000085860)
	D:/Go/src/6.824/src/kvraft/test_test.go:284 +0x3e5
6.824/kvraft.run_client(0x0, 0xc00011a000, 0x0, 0x0, 0xc000102500)
	D:/Go/src/6.824/src/kvraft/test_test.go:103 +0xe4
created by 6.824/kvraft.spawn_clients_and_wait
	D:/Go/src/6.824/src/kvraft/test_test.go:113 +0x51

goroutine 44 [select]:
6.824/kvraft.(*Clerk).Execute(0xc0001902c0, 0xc000161c70, 0xc000161c58)
	D:/Go/src/6.824/src/kvraft/client.go:52 +0x21a
6.824/kvraft.(*Clerk).Get(0xc000161cd8, {0x250f01, 0x8})
	D:/Go/src/6.824/src/kvraft/client.go:74 +0x127
6.824/kvraft.Get(0xc00011a000, 0x2, {0x250f01, 0x2}, 0xc000096be0, 0xc)
	D:/Go/src/6.824/src/kvraft/test_test.go:43 +0xbb
6.824/kvraft.GenericTest.func1(0xc, 0xc0000b6d50, 0xc000085860)
	D:/Go/src/6.824/src/kvraft/test_test.go:284 +0x3e5
6.824/kvraft.run_client(0x0, 0xc00011a000, 0x0, 0x0, 0xc000102500)
	D:/Go/src/6.824/src/kvraft/test_test.go:103 +0xe4
created by 6.824/kvraft.spawn_clients_and_wait
	D:/Go/src/6.824/src/kvraft/test_test.go:113 +0x51

goroutine 45 [select]:
6.824/kvraft.(*Clerk).Execute(0xc000190300, 0xc00016dc80, 0xc00016dc68)
	D:/Go/src/6.824/src/kvraft/client.go:52 +0x21a
6.824/kvraft.(*Clerk).Append(0x8, {0x250f03, 0xc00016dd50}, {0xc0004ad388, 0x3fdce0})
	D:/Go/src/6.824/src/kvraft/client.go:103 +0x150
6.824/kvraft.Append(0xc00011a000, 0x2, {0x250f03, 0x2}, {0xc0004ad388, 0x8}, 0xc000096be0, 0xd)
	D:/Go/src/6.824/src/kvraft/test_test.go:77 +0xd5
6.824/kvraft.GenericTest.func1(0xd, 0xc0000b6d80, 0xc000085860)
	D:/Go/src/6.824/src/kvraft/test_test.go:272 +0x587
6.824/kvraft.run_client(0x0, 0xc00011a000, 0x0, 0x0, 0xc000102500)
	D:/Go/src/6.824/src/kvraft/test_test.go:103 +0xe4
created by 6.824/kvraft.spawn_clients_and_wait
	D:/Go/src/6.824/src/kvraft/test_test.go:113 +0x51

goroutine 46 [select]:
6.824/kvraft.(*Clerk).Execute(0xc000190340, 0xc00016fc70, 0xc00016fc58)
	D:/Go/src/6.824/src/kvraft/client.go:52 +0x21a
6.824/kvraft.(*Clerk).Get(0xc00016fcd8, {0x250f05, 0x8})
	D:/Go/src/6.824/src/kvraft/client.go:74 +0x127
6.824/kvraft.Get(0xc00011a000, 0x2, {0x250f05, 0x2}, 0xc000096be0, 0xe)
	D:/Go/src/6.824/src/kvraft/test_test.go:43 +0xbb
6.824/kvraft.GenericTest.func1(0xe, 0xc0000b6db0, 0xc000085860)
	D:/Go/src/6.824/src/kvraft/test_test.go:284 +0x3e5
6.824/kvraft.run_client(0x0, 0xc00011a000, 0x0, 0x0, 0xc000102500)
	D:/Go/src/6.824/src/kvraft/test_test.go:103 +0xe4
created by 6.824/kvraft.spawn_clients_and_wait
	D:/Go/src/6.824/src/kvraft/test_test.go:113 +0x51

goroutine 47 [select]:
6.824/kvraft.(*Clerk).Execute(0xc000190380, 0xc000169c80, 0xc000169c68)
	D:/Go/src/6.824/src/kvraft/client.go:52 +0x21a
6.824/kvraft.(*Clerk).Append(0x8, {0x250f07, 0xc000169d50}, {0xc00089fa08, 0xc00073d320})
	D:/Go/src/6.824/src/kvraft/client.go:103 +0x150
6.824/kvraft.Append(0xc00011a000, 0x2, {0x250f07, 0x2}, {0xc00089fa08, 0x8}, 0xc000096be0, 0xf)
	D:/Go/src/6.824/src/kvraft/test_test.go:77 +0xd5
6.824/kvraft.GenericTest.func1(0xf, 0xc0000b6de0, 0xc000085860)
	D:/Go/src/6.824/src/kvraft/test_test.go:272 +0x587
6.824/kvraft.run_client(0x0, 0xc00011a000, 0x0, 0x0, 0xc000102500)
	D:/Go/src/6.824/src/kvraft/test_test.go:103 +0xe4
created by 6.824/kvraft.spawn_clients_and_wait
	D:/Go/src/6.824/src/kvraft/test_test.go:113 +0x51

goroutine 48 [select]:
6.824/kvraft.(*Clerk).Execute(0xc0001903c0, 0xc00016bc80, 0xc00016bc68)
	D:/Go/src/6.824/src/kvraft/client.go:52 +0x21a
6.824/kvraft.(*Clerk).Append(0x8, {0x250f09, 0xc00016bd50}, {0xc000618298, 0xc00016bd08})
	D:/Go/src/6.824/src/kvraft/client.go:103 +0x150
6.824/kvraft.Append(0xc00011a000, 0x2, {0x250f09, 0x2}, {0xc000618298, 0x8}, 0xc000096be0, 0x10)
	D:/Go/src/6.824/src/kvraft/test_test.go:77 +0xd5
6.824/kvraft.GenericTest.func1(0x10, 0xc0000b6e10, 0xc000085860)
	D:/Go/src/6.824/src/kvraft/test_test.go:272 +0x587
6.824/kvraft.run_client(0x0, 0xc00011a000, 0x0, 0x0, 0xc000102500)
	D:/Go/src/6.824/src/kvraft/test_test.go:103 +0xe4
created by 6.824/kvraft.spawn_clients_and_wait
	D:/Go/src/6.824/src/kvraft/test_test.go:113 +0x51

goroutine 49 [select]:
6.824/kvraft.(*Clerk).Execute(0xc000190400, 0xc000175c70, 0xc000175c58)
	D:/Go/src/6.824/src/kvraft/client.go:52 +0x21a
6.824/kvraft.(*Clerk).Get(0xc000175cd8, {0x250f0b, 0x8})
	D:/Go/src/6.824/src/kvraft/client.go:74 +0x127
6.824/kvraft.Get(0xc00011a000, 0x2, {0x250f0b, 0x2}, 0xc000096be0, 0x11)
	D:/Go/src/6.824/src/kvraft/test_test.go:43 +0xbb
6.824/kvraft.GenericTest.func1(0x11, 0xc0000b6e40, 0xc000085860)
	D:/Go/src/6.824/src/kvraft/test_test.go:284 +0x3e5
6.824/kvraft.run_client(0x0, 0xc00011a000, 0x0, 0x0, 0xc000102500)
	D:/Go/src/6.824/src/kvraft/test_test.go:103 +0xe4
created by 6.824/kvraft.spawn_clients_and_wait
	D:/Go/src/6.824/src/kvraft/test_test.go:113 +0x51

goroutine 50 [select]:
6.824/kvraft.(*Clerk).Execute(0xc000190440, 0xc000177c80, 0xc000177c68)
	D:/Go/src/6.824/src/kvraft/client.go:52 +0x21a
6.824/kvraft.(*Clerk).Append(0x8, {0x250f0d, 0xc000177d50}, {0xc00009f698, 0xc000177d08})
	D:/Go/src/6.824/src/kvraft/client.go:103 +0x150
6.824/kvraft.Append(0xc00011a000, 0x2, {0x250f0d, 0x2}, {0xc00009f698, 0x8}, 0xc000096be0, 0x12)
	D:/Go/src/6.824/src/kvraft/test_test.go:77 +0xd5
6.824/kvraft.GenericTest.func1(0x12, 0xc0000b6e70, 0xc000085860)
	D:/Go/src/6.824/src/kvraft/test_test.go:272 +0x587
6.824/kvraft.run_client(0x0, 0xc00011a000, 0x0, 0x0, 0xc000102500)
	D:/Go/src/6.824/src/kvraft/test_test.go:103 +0xe4
created by 6.824/kvraft.spawn_clients_and_wait
	D:/Go/src/6.824/src/kvraft/test_test.go:113 +0x51

goroutine 51 [select]:
6.824/kvraft.(*Clerk).Execute(0xc000136200, 0xc000171c80, 0xc000171c68)
	D:/Go/src/6.824/src/kvraft/client.go:52 +0x21a
6.824/kvraft.(*Clerk).Append(0x8, {0x250f0f, 0xc000171d50}, {0xc000618008, 0xc0000897a0})
	D:/Go/src/6.824/src/kvraft/client.go:103 +0x150
6.824/kvraft.Append(0xc00011a000, 0x2, {0x250f0f, 0x2}, {0xc000618008, 0x8}, 0xc000096be0, 0x13)
	D:/Go/src/6.824/src/kvraft/test_test.go:77 +0xd5
6.824/kvraft.GenericTest.func1(0x13, 0xc0000b6a80, 0xc000085860)
	D:/Go/src/6.824/src/kvraft/test_test.go:272 +0x587
6.824/kvraft.run_client(0x0, 0xc00011a000, 0x0, 0x0, 0xc000102500)
	D:/Go/src/6.824/src/kvraft/test_test.go:103 +0xe4
created by 6.824/kvraft.spawn_clients_and_wait
	D:/Go/src/6.824/src/kvraft/test_test.go:113 +0x51

goroutine 447173 [select]:
6.824/kvraft.(*KVServer).Do(0xc0005629b0, 0xc000493a10, 0xc0003e63f0)
	D:/Go/src/6.824/src/kvraft/server.go:71 +0x2f4
reflect.Value.call({0xc0000da120, 0xc0001e8aa0, 0xc000125b10}, {0x2427a2, 0x4}, {0xc000125c68, 0x3, 0xc000125b40})
	D:/ProgramFiles/Go/src/reflect/value.go:543 +0x814
reflect.Value.Call({0xc0000da120, 0xc0001e8aa0, 0xc000319230}, {0xc000125c68, 0x3, 0x3})
	D:/ProgramFiles/Go/src/reflect/value.go:339 +0xc5
6.824/labrpc.(*Service).dispatch(0xc000521d80, {0x243cd7, 0x2}, {{0x20e7c0, 0xc0001884c0}, {0x243cce, 0xb}, {0x291560, 0x216460}, {0xc0006324d0, ...}, ...})
	D:/Go/src/6.824/src/labrpc/labrpc.go:496 +0x39d
6.824/labrpc.(*Server).dispatch(0xc000689818, {{0x20e7c0, 0xc0001884c0}, {0x243cce, 0xb}, {0x291560, 0x216460}, {0xc0006324d0, 0x5b, 0xa5}, ...})
	D:/Go/src/6.824/src/labrpc/labrpc.go:420 +0x1fe
6.824/labrpc.(*Network).processReq.func1()
	D:/Go/src/6.824/src/labrpc/labrpc.go:240 +0x58
created by 6.824/labrpc.(*Network).processReq
	D:/Go/src/6.824/src/labrpc/labrpc.go:239 +0x1df

goroutine 447187 [select]:
6.824/labrpc.(*Network).processReq(0xc000102140, {{0x20e7c0, 0xc000188880}, {0x243cce, 0xb}, {0x291560, 0x216460}, {0xc00063e840, 0x5c, 0xa6}, ...})
	D:/Go/src/6.824/src/labrpc/labrpc.go:251 +0x41c
created by 6.824/labrpc.MakeNetwork.func1
	D:/Go/src/6.824/src/labrpc/labrpc.go:157 +0x3e

goroutine 447506 [select]:
6.824/labrpc.(*Network).processReq(0xc000102140, {{0x20e7c0, 0xc000188b50}, {0x243cce, 0xb}, {0x291560, 0x216460}, {0xc000632e70, 0x5c, 0xa6}, ...})
	D:/Go/src/6.824/src/labrpc/labrpc.go:251 +0x41c
created by 6.824/labrpc.MakeNetwork.func1
	D:/Go/src/6.824/src/labrpc/labrpc.go:157 +0x3e

goroutine 447507 [select]:
6.824/kvraft.(*KVServer).Do(0xc0005629b0, 0xc0002d2de0, 0xc0003c03c0)
	D:/Go/src/6.824/src/kvraft/server.go:71 +0x2f4
reflect.Value.call({0xc0000da120, 0xc0001e8aa0, 0xc000121b10}, {0x2427a2, 0x4}, {0xc000121c68, 0x3, 0xc000121b40})
	D:/ProgramFiles/Go/src/reflect/value.go:543 +0x814
reflect.Value.Call({0xc0000da120, 0xc0001e8aa0, 0xc00037bc38}, {0xc000121c68, 0x3, 0x3})
	D:/ProgramFiles/Go/src/reflect/value.go:339 +0xc5
6.824/labrpc.(*Service).dispatch(0xc000521d80, {0x243cd7, 0x2}, {{0x20e7c0, 0xc000188b50}, {0x243cce, 0xb}, {0x291560, 0x216460}, {0xc000632e70, ...}, ...})
	D:/Go/src/6.824/src/labrpc/labrpc.go:496 +0x39d
6.824/labrpc.(*Server).dispatch(0xc000689818, {{0x20e7c0, 0xc000188b50}, {0x243cce, 0xb}, {0x291560, 0x216460}, {0xc000632e70, 0x5c, 0xa6}, ...})
	D:/Go/src/6.824/src/labrpc/labrpc.go:420 +0x1fe
6.824/labrpc.(*Network).processReq.func1()
	D:/Go/src/6.824/src/labrpc/labrpc.go:240 +0x58
created by 6.824/labrpc.(*Network).processReq
	D:/Go/src/6.824/src/labrpc/labrpc.go:239 +0x1df

goroutine 29090 [sleep]:
time.Sleep(0x10642ac0)
	D:/ProgramFiles/Go/src/runtime/time.go:193 +0x133
6.824/raft.(*Raft).electionTicker(0xc00011c690)
	D:/Go/src/6.824/src/raft/raft.go:630 +0x95
created by 6.824/raft.Make
	D:/Go/src/6.824/src/raft/raft.go:672 +0x2a7

goroutine 29071 [chan receive]:
6.824/kvraft.(*KVServer).doExecute(0xc0005629b0)
	D:/Go/src/6.824/src/kvraft/server.go:125 +0x70
created by 6.824/kvraft.StartKVServer
	D:/Go/src/6.824/src/kvraft/server.go:201 +0x207

goroutine 447599 [select]:
6.824/kvraft.(*KVServer).Do(0xc0005629b0, 0xc0002ed620, 0xc00048d938)
	D:/Go/src/6.824/src/kvraft/server.go:71 +0x2f4
reflect.Value.call({0xc0000da120, 0xc0001e8aa0, 0xc0000bfb10}, {0x2427a2, 0x4}, {0xc0000bfc68, 0x3, 0xc0000bfb40})
	D:/ProgramFiles/Go/src/reflect/value.go:543 +0x814
reflect.Value.Call({0xc0000da120, 0xc0001e8aa0, 0xc0002e27d8}, {0xc0000bfc68, 0x3, 0x3})
	D:/ProgramFiles/Go/src/reflect/value.go:339 +0xc5
6.824/labrpc.(*Service).dispatch(0xc000521d80, {0x243cd7, 0x2}, {{0x20e7c0, 0xc0001880f0}, {0x243cce, 0xb}, {0x291560, 0x216460}, {0xc0003d3340, ...}, ...})
	D:/Go/src/6.824/src/labrpc/labrpc.go:496 +0x39d
6.824/labrpc.(*Server).dispatch(0xc000689818, {{0x20e7c0, 0xc0001880f0}, {0x243cce, 0xb}, {0x291560, 0x216460}, {0xc0003d3340, 0x64, 0xae}, ...})
	D:/Go/src/6.824/src/labrpc/labrpc.go:420 +0x1fe
6.824/labrpc.(*Network).processReq.func1()
	D:/Go/src/6.824/src/labrpc/labrpc.go:240 +0x58
created by 6.824/labrpc.(*Network).processReq
	D:/Go/src/6.824/src/labrpc/labrpc.go:239 +0x1df

goroutine 447248 [select]:
6.824/labrpc.(*Network).processReq(0xc000102140, {{0x20e7c0, 0xc000188790}, {0x243cce, 0xb}, {0x291560, 0x216460}, {0xc0003d24d0, 0x66, 0xb0}, ...})
	D:/Go/src/6.824/src/labrpc/labrpc.go:251 +0x41c
created by 6.824/labrpc.MakeNetwork.func1
	D:/Go/src/6.824/src/labrpc/labrpc.go:157 +0x3e

goroutine 29093 [chan receive]:
6.824/kvraft.(*KVServer).doExecute(0xc000562b90)
	D:/Go/src/6.824/src/kvraft/server.go:125 +0x70
created by 6.824/kvraft.StartKVServer
	D:/Go/src/6.824/src/kvraft/server.go:201 +0x207

goroutine 447188 [select]:
6.824/kvraft.(*KVServer).Do(0xc0005629b0, 0xc00033c870, 0xc00009ca98)
	D:/Go/src/6.824/src/kvraft/server.go:71 +0x2f4
reflect.Value.call({0xc0000da120, 0xc0001e8aa0, 0xc00029db10}, {0x2427a2, 0x4}, {0xc00029dc68, 0x3, 0xc00029db40})
	D:/ProgramFiles/Go/src/reflect/value.go:543 +0x814
reflect.Value.Call({0xc0000da120, 0xc0001e8aa0, 0xc0004606c0}, {0xc00029dc68, 0x3, 0x3})
	D:/ProgramFiles/Go/src/reflect/value.go:339 +0xc5
6.824/labrpc.(*Service).dispatch(0xc000521d80, {0x243cd7, 0x2}, {{0x20e7c0, 0xc000188880}, {0x243cce, 0xb}, {0x291560, 0x216460}, {0xc00063e840, ...}, ...})
	D:/Go/src/6.824/src/labrpc/labrpc.go:496 +0x39d
6.824/labrpc.(*Server).dispatch(0xc000689818, {{0x20e7c0, 0xc000188880}, {0x243cce, 0xb}, {0x291560, 0x216460}, {0xc00063e840, 0x5c, 0xa6}, ...})
	D:/Go/src/6.824/src/labrpc/labrpc.go:420 +0x1fe
6.824/labrpc.(*Network).processReq.func1()
	D:/Go/src/6.824/src/labrpc/labrpc.go:240 +0x58
created by 6.824/labrpc.(*Network).processReq
	D:/Go/src/6.824/src/labrpc/labrpc.go:239 +0x1df

goroutine 447186 [chan receive]:
6.824/labrpc.(*ClientEnd).Call(0xc00018a6e0, {0x243cce, 0x20dfc0}, {0x216460, 0xc00033c4e0}, {0x206540, 0xc00009c8b8})
	D:/Go/src/6.824/src/labrpc/labrpc.go:112 +0x26e
6.824/kvraft.(*Clerk).Execute.func1(0x4, {0x1, {0x250eff, 0x2}, {0x0, 0x0}, 0x68e978a5, 0x2}, 0xc000102140)
	D:/Go/src/6.824/src/kvraft/client.go:47 +0x11b
created by 6.824/kvraft.(*Clerk).Execute
	D:/Go/src/6.824/src/kvraft/client.go:45 +0x1b3

goroutine 447598 [select]:
6.824/labrpc.(*Network).processReq(0xc000102140, {{0x20e7c0, 0xc0001880f0}, {0x243cce, 0xb}, {0x291560, 0x216460}, {0xc0003d3340, 0x64, 0xae}, ...})
	D:/Go/src/6.824/src/labrpc/labrpc.go:251 +0x41c
created by 6.824/labrpc.MakeNetwork.func1
	D:/Go/src/6.824/src/labrpc/labrpc.go:157 +0x3e

goroutine 447316 [select]:
6.824/kvraft.(*KVServer).Do(0xc0005629b0, 0xc000697230, 0xc00081f908)
	D:/Go/src/6.824/src/kvraft/server.go:71 +0x2f4
reflect.Value.call({0xc0000da120, 0xc0001e8aa0, 0xc000147b10}, {0x2427a2, 0x4}, {0xc000147c68, 0x3, 0xc000147b40})
	D:/ProgramFiles/Go/src/reflect/value.go:543 +0x814
reflect.Value.Call({0xc0000da120, 0xc0001e8aa0, 0xc0004aae38}, {0xc000147c68, 0x3, 0x3})
	D:/ProgramFiles/Go/src/reflect/value.go:339 +0xc5
6.824/labrpc.(*Service).dispatch(0xc000521d80, {0x243cd7, 0x2}, {{0x20e7c0, 0xc000188c40}, {0x243cce, 0xb}, {0x291560, 0x216460}, {0xc0003d2580, ...}, ...})
	D:/Go/src/6.824/src/labrpc/labrpc.go:496 +0x39d
6.824/labrpc.(*Server).dispatch(0xc000689818, {{0x20e7c0, 0xc000188c40}, {0x243cce, 0xb}, {0x291560, 0x216460}, {0xc0003d2580, 0x66, 0xb0}, ...})
	D:/Go/src/6.824/src/labrpc/labrpc.go:420 +0x1fe
6.824/labrpc.(*Network).processReq.func1()
	D:/Go/src/6.824/src/labrpc/labrpc.go:240 +0x58
created by 6.824/labrpc.(*Network).processReq
	D:/Go/src/6.824/src/labrpc/labrpc.go:239 +0x1df

goroutine 447283 [select]:
6.824/kvraft.(*KVServer).Do(0xc0005629b0, 0xc000366090, 0xc00009d530)
	D:/Go/src/6.824/src/kvraft/server.go:71 +0x2f4
reflect.Value.call({0xc0000da120, 0xc0001e8aa0, 0xc0005dfb10}, {0x2427a2, 0x4}, {0xc0005dfc68, 0x3, 0xc0005dfb40})
	D:/ProgramFiles/Go/src/reflect/value.go:543 +0x814
reflect.Value.Call({0xc0000da120, 0xc0001e8aa0, 0xc0003187b8}, {0xc0005dfc68, 0x3, 0x3})
	D:/ProgramFiles/Go/src/reflect/value.go:339 +0xc5
6.824/labrpc.(*Service).dispatch(0xc000521d80, {0x243cd7, 0x2}, {{0x20e7c0, 0xc000189000}, {0x243cce, 0xb}, {0x291560, 0x216460}, {0xc000632630, ...}, ...})
	D:/Go/src/6.824/src/labrpc/labrpc.go:496 +0x39d
6.824/labrpc.(*Server).dispatch(0xc000689818, {{0x20e7c0, 0xc000189000}, {0x243cce, 0xb}, {0x291560, 0x216460}, {0xc000632630, 0x64, 0xae}, ...})
	D:/Go/src/6.824/src/labrpc/labrpc.go:420 +0x1fe
6.824/labrpc.(*Network).processReq.func1()
	D:/Go/src/6.824/src/labrpc/labrpc.go:240 +0x58
created by 6.824/labrpc.(*Network).processReq
	D:/Go/src/6.824/src/labrpc/labrpc.go:239 +0x1df

goroutine 29091 [chan receive]:
6.824/kvraft.(*KVServer).doExecute(0xc000562af0)
	D:/Go/src/6.824/src/kvraft/server.go:125 +0x70
created by 6.824/kvraft.StartKVServer
	D:/Go/src/6.824/src/kvraft/server.go:201 +0x207

goroutine 447539 [select]:
6.824/labrpc.(*Network).processReq(0xc000102140, {{0x20e7c0, 0xc0001883d0}, {0x243cce, 0xb}, {0x291560, 0x216460}, {0xc0006908f0, 0x64, 0xae}, ...})
	D:/Go/src/6.824/src/labrpc/labrpc.go:251 +0x41c
created by 6.824/labrpc.MakeNetwork.func1
	D:/Go/src/6.824/src/labrpc/labrpc.go:157 +0x3e

goroutine 447379 [select]:
6.824/kvraft.(*KVServer).Do(0xc0005629b0, 0xc0005e9ec0, 0xc0003d7578)
	D:/Go/src/6.824/src/kvraft/server.go:71 +0x2f4
reflect.Value.call({0xc0000da120, 0xc0001e8aa0, 0xc0000c3b10}, {0x2427a2, 0x4}, {0xc0000c3c68, 0x3, 0xc0000c3b40})
	D:/ProgramFiles/Go/src/reflect/value.go:543 +0x814
reflect.Value.Call({0xc0000da120, 0xc0001e8aa0, 0xc0003daf60}, {0xc0000c3c68, 0x3, 0x3})
	D:/ProgramFiles/Go/src/reflect/value.go:339 +0xc5
6.824/labrpc.(*Service).dispatch(0xc000521d80, {0x243cd7, 0x2}, {{0x20e7c0, 0xc0001885b0}, {0x243cce, 0xb}, {0x291560, 0x216460}, {0xc000632a50, ...}, ...})
	D:/Go/src/6.824/src/labrpc/labrpc.go:496 +0x39d
6.824/labrpc.(*Server).dispatch(0xc000689818, {{0x20e7c0, 0xc0001885b0}, {0x243cce, 0xb}, {0x291560, 0x216460}, {0xc000632a50, 0x5b, 0xa5}, ...})
	D:/Go/src/6.824/src/labrpc/labrpc.go:420 +0x1fe
6.824/labrpc.(*Network).processReq.func1()
	D:/Go/src/6.824/src/labrpc/labrpc.go:240 +0x58
created by 6.824/labrpc.(*Network).processReq
	D:/Go/src/6.824/src/labrpc/labrpc.go:239 +0x1df

goroutine 29072 [sleep]:
time.Sleep(0xf7f4900)
	D:/ProgramFiles/Go/src/runtime/time.go:193 +0x133
6.824/raft.(*Raft).electionTicker(0xc00011c5a0)
	D:/Go/src/6.824/src/raft/raft.go:630 +0x95
created by 6.824/raft.Make
	D:/Go/src/6.824/src/raft/raft.go:672 +0x2a7

goroutine 447491 [select]:
6.824/kvraft.(*KVServer).Do(0xc0005629b0, 0xc0003e1fb0, 0xc00022e738)
	D:/Go/src/6.824/src/kvraft/server.go:71 +0x2f4
reflect.Value.call({0xc0000da120, 0xc0001e8aa0, 0xc0001f7b10}, {0x2427a2, 0x4}, {0xc0001f7c68, 0x3, 0xc0001f7b40})
	D:/ProgramFiles/Go/src/reflect/value.go:543 +0x814
reflect.Value.Call({0xc0000da120, 0xc0001e8aa0, 0xc000006720}, {0xc0001f7c68, 0x3, 0x3})
	D:/ProgramFiles/Go/src/reflect/value.go:339 +0xc5
6.824/labrpc.(*Service).dispatch(0xc000521d80, {0x243cd7, 0x2}, {{0x20e7c0, 0xc0001882e0}, {0x243cce, 0xb}, {0x291560, 0x216460}, {0xc00063ea50, ...}, ...})
	D:/Go/src/6.824/src/labrpc/labrpc.go:496 +0x39d
6.824/labrpc.(*Server).dispatch(0xc000689818, {{0x20e7c0, 0xc0001882e0}, {0x243cce, 0xb}, {0x291560, 0x216460}, {0xc00063ea50, 0x5b, 0xa5}, ...})
	D:/Go/src/6.824/src/labrpc/labrpc.go:420 +0x1fe
6.824/labrpc.(*Network).processReq.func1()
	D:/Go/src/6.824/src/labrpc/labrpc.go:240 +0x58
created by 6.824/labrpc.(*Network).processReq
	D:/Go/src/6.824/src/labrpc/labrpc.go:239 +0x1df

goroutine 447301 [chan receive]:
6.824/labrpc.(*ClientEnd).Call(0xc00018a180, {0x243cce, 0xc0003a2720}, {0x216460, 0xc0005803c0}, {0x206540, 0xc00031f470})
	D:/Go/src/6.824/src/labrpc/labrpc.go:112 +0x26e
6.824/kvraft.(*Clerk).Execute.func1(0x2, {0x3, {0x24bf8b, 0x1}, {0xc000618150, 0x7}, 0x78395974, 0x6}, 0x2)
	D:/Go/src/6.824/src/kvraft/client.go:47 +0x11b
created by 6.824/kvraft.(*Clerk).Execute
	D:/Go/src/6.824/src/kvraft/client.go:45 +0x1b3

goroutine 29070 [sleep]:
time.Sleep(0xf518240)
	D:/ProgramFiles/Go/src/runtime/time.go:193 +0x133
6.824/raft.(*Raft).electionTicker(0xc00011c4b0)
	D:/Go/src/6.824/src/raft/raft.go:630 +0x95
created by 6.824/raft.Make
	D:/Go/src/6.824/src/raft/raft.go:672 +0x2a7

goroutine 447249 [select]:
6.824/kvraft.(*KVServer).Do(0xc0005629b0, 0xc000696ab0, 0xc00081f5a8)
	D:/Go/src/6.824/src/kvraft/server.go:71 +0x2f4
reflect.Value.call({0xc0000da120, 0xc0001e8aa0, 0xc000067b10}, {0x2427a2, 0x4}, {0xc000067c68, 0x3, 0xc000067b40})
	D:/ProgramFiles/Go/src/reflect/value.go:543 +0x814
reflect.Value.Call({0xc0000da120, 0xc0001e8aa0, 0xc0004aac08}, {0xc000067c68, 0x3, 0x3})
	D:/ProgramFiles/Go/src/reflect/value.go:339 +0xc5
6.824/labrpc.(*Service).dispatch(0xc000521d80, {0x243cd7, 0x2}, {{0x20e7c0, 0xc000188790}, {0x243cce, 0xb}, {0x291560, 0x216460}, {0xc0003d24d0, ...}, ...})
	D:/Go/src/6.824/src/labrpc/labrpc.go:496 +0x39d
6.824/labrpc.(*Server).dispatch(0xc000689818, {{0x20e7c0, 0xc000188790}, {0x243cce, 0xb}, {0x291560, 0x216460}, {0xc0003d24d0, 0x66, 0xb0}, ...})
	D:/Go/src/6.824/src/labrpc/labrpc.go:420 +0x1fe
6.824/labrpc.(*Network).processReq.func1()
	D:/Go/src/6.824/src/labrpc/labrpc.go:240 +0x58
created by 6.824/labrpc.(*Network).processReq
	D:/Go/src/6.824/src/labrpc/labrpc.go:239 +0x1df

goroutine 447172 [select]:
6.824/labrpc.(*Network).processReq(0xc000102140, {{0x20e7c0, 0xc0001884c0}, {0x243cce, 0xb}, {0x291560, 0x216460}, {0xc0006324d0, 0x5b, 0xa5}, ...})
	D:/Go/src/6.824/src/labrpc/labrpc.go:251 +0x41c
created by 6.824/labrpc.MakeNetwork.func1
	D:/Go/src/6.824/src/labrpc/labrpc.go:157 +0x3e

goroutine 447458 [select]:
6.824/kvraft.(*KVServer).Do(0xc0005629b0, 0xc000182780, 0xc000500fc0)
	D:/Go/src/6.824/src/kvraft/server.go:71 +0x2f4
reflect.Value.call({0xc0000da120, 0xc0001e8aa0, 0xc000201b10}, {0x2427a2, 0x4}, {0xc000201c68, 0x3, 0xc000201b40})
	D:/ProgramFiles/Go/src/reflect/value.go:543 +0x814
reflect.Value.Call({0xc0000da120, 0xc0001e8aa0, 0xc00037b070}, {0xc000201c68, 0x3, 0x3})
	D:/ProgramFiles/Go/src/reflect/value.go:339 +0xc5
6.824/labrpc.(*Service).dispatch(0xc000521d80, {0x243cd7, 0x2}, {{0x20e7c0, 0xc000188000}, {0x243cce, 0xb}, {0x291560, 0x216460}, {0xc000632bb0, ...}, ...})
	D:/Go/src/6.824/src/labrpc/labrpc.go:496 +0x39d
6.824/labrpc.(*Server).dispatch(0xc000689818, {{0x20e7c0, 0xc000188000}, {0x243cce, 0xb}, {0x291560, 0x216460}, {0xc000632bb0, 0x64, 0xae}, ...})
	D:/Go/src/6.824/src/labrpc/labrpc.go:420 +0x1fe
6.824/labrpc.(*Network).processReq.func1()
	D:/Go/src/6.824/src/labrpc/labrpc.go:240 +0x58
created by 6.824/labrpc.(*Network).processReq
	D:/Go/src/6.824/src/labrpc/labrpc.go:239 +0x1df

goroutine 447132 [select]:
6.824/labrpc.(*Network).processReq(0xc000102140, {{0x20e7c0, 0xc000188a60}, {0x243cce, 0xb}, {0x291560, 0x216460}, {0xc00063e2c0, 0x66, 0xb0}, ...})
	D:/Go/src/6.824/src/labrpc/labrpc.go:251 +0x41c
created by 6.824/labrpc.MakeNetwork.func1
	D:/Go/src/6.824/src/labrpc/labrpc.go:157 +0x3e

goroutine 447133 [select]:
6.824/kvraft.(*KVServer).Do(0xc0005629b0, 0xc0002d3740, 0xc0006948e8)
	D:/Go/src/6.824/src/kvraft/server.go:71 +0x2f4
reflect.Value.call({0xc0000da120, 0xc0001e8aa0, 0xc0005b9b10}, {0x2427a2, 0x4}, {0xc0005b9c68, 0x3, 0xc0005b9b40})
	D:/ProgramFiles/Go/src/reflect/value.go:543 +0x814
reflect.Value.Call({0xc0000da120, 0xc0001e8aa0, 0xc0001e9748}, {0xc0005b9c68, 0x3, 0x3})
	D:/ProgramFiles/Go/src/reflect/value.go:339 +0xc5
6.824/labrpc.(*Service).dispatch(0xc000521d80, {0x243cd7, 0x2}, {{0x20e7c0, 0xc000188a60}, {0x243cce, 0xb}, {0x291560, 0x216460}, {0xc00063e2c0, ...}, ...})
	D:/Go/src/6.824/src/labrpc/labrpc.go:496 +0x39d
6.824/labrpc.(*Server).dispatch(0xc000689818, {{0x20e7c0, 0xc000188a60}, {0x243cce, 0xb}, {0x291560, 0x216460}, {0xc00063e2c0, 0x66, 0xb0}, ...})
	D:/Go/src/6.824/src/labrpc/labrpc.go:420 +0x1fe
6.824/labrpc.(*Network).processReq.func1()
	D:/Go/src/6.824/src/labrpc/labrpc.go:240 +0x58
created by 6.824/labrpc.(*Network).processReq
	D:/Go/src/6.824/src/labrpc/labrpc.go:239 +0x1df

goroutine 447597 [chan receive]:
6.824/labrpc.(*ClientEnd).Call(0xc00018a0c0, {0x243cce, 0x20dfc0}, {0x216460, 0xc0002ed290}, {0x206540, 0xc00048d770})
	D:/Go/src/6.824/src/labrpc/labrpc.go:112 +0x26e
6.824/kvraft.(*Clerk).Execute.func1(0x3, {0x3, {0x24bf8a, 0x1}, {0xc0006682b0, 0x7}, 0xf97efd5a, 0x5}, 0xc000102140)
	D:/Go/src/6.824/src/kvraft/client.go:47 +0x11b
created by 6.824/kvraft.(*Clerk).Execute
	D:/Go/src/6.824/src/kvraft/client.go:45 +0x1b3

goroutine 447120 [select]:
6.824/kvraft.(*KVServer).Do(0xc0005629b0, 0xc000167140, 0xc00048c8d0)
	D:/Go/src/6.824/src/kvraft/server.go:71 +0x2f4
reflect.Value.call({0xc0000da120, 0xc0001e8aa0, 0xc00046bb10}, {0x2427a2, 0x4}, {0xc00046bc68, 0x3, 0xc00046bb40})
	D:/ProgramFiles/Go/src/reflect/value.go:543 +0x814
reflect.Value.Call({0xc0000da120, 0xc0001e8aa0, 0xc0000c50c0}, {0xc00046bc68, 0x3, 0x3})
	D:/ProgramFiles/Go/src/reflect/value.go:339 +0xc5
6.824/labrpc.(*Service).dispatch(0xc000521d80, {0x243cd7, 0x2}, {{0x20e7c0, 0xc0001890f0}, {0x243cce, 0xb}, {0x291560, 0x216460}, {0xc0003d2630, ...}, ...})
	D:/Go/src/6.824/src/labrpc/labrpc.go:496 +0x39d
6.824/labrpc.(*Server).dispatch(0xc000689818, {{0x20e7c0, 0xc0001890f0}, {0x243cce, 0xb}, {0x291560, 0x216460}, {0xc0003d2630, 0x64, 0xae}, ...})
	D:/Go/src/6.824/src/labrpc/labrpc.go:420 +0x1fe
6.824/labrpc.(*Network).processReq.func1()
	D:/Go/src/6.824/src/labrpc/labrpc.go:240 +0x58
created by 6.824/labrpc.(*Network).processReq
	D:/Go/src/6.824/src/labrpc/labrpc.go:239 +0x1df

goroutine 447314 [chan receive]:
6.824/labrpc.(*ClientEnd).Call(0xc00018a9e0, {0x243cce, 0xc000540de0}, {0x216460, 0xc000696e40}, {0x206540, 0xc00081f740})
	D:/Go/src/6.824/src/labrpc/labrpc.go:112 +0x26e
6.824/kvraft.(*Clerk).Execute.func1(0x1, {0x3, {0x250f07, 0x2}, {0xc00089fa08, 0x8}, 0xe76950c2, 0x4}, 0x3)
	D:/Go/src/6.824/src/kvraft/client.go:47 +0x11b
created by 6.824/kvraft.(*Clerk).Execute
	D:/Go/src/6.824/src/kvraft/client.go:45 +0x1b3

goroutine 29099 [sleep]:
time.Sleep(0x4c4b400)
	D:/ProgramFiles/Go/src/runtime/time.go:193 +0x133
6.824/raft.(*Raft).heartTicker(0xc00011c4b0, 0xc000102140)
	D:/Go/src/6.824/src/raft/raft.go:618 +0x4f
created by 6.824/raft.(*Raft).BeLeader
	D:/Go/src/6.824/src/raft/raft.go:610 +0xcf

goroutine 29094 [sleep]:
time.Sleep(0x119557c0)
	D:/ProgramFiles/Go/src/runtime/time.go:193 +0x133
6.824/raft.(*Raft).electionTicker(0xc00011c870)
	D:/Go/src/6.824/src/raft/raft.go:630 +0x95
created by 6.824/raft.Make
	D:/Go/src/6.824/src/raft/raft.go:672 +0x2a7

goroutine 447371 [chan receive]:
6.824/labrpc.(*ClientEnd).Call(0xc00018a7a0, {0x243cce, 0x20dfc0}, {0x216460, 0xc000364c60}, {0x206540, 0xc00019ab40})
	D:/Go/src/6.824/src/labrpc/labrpc.go:112 +0x26e
6.824/kvraft.(*Clerk).Execute.func1(0x0, {0x1, {0x250f01, 0x2}, {0x0, 0x0}, 0xa0b8d0c, 0x6}, 0xc000102140)
	D:/Go/src/6.824/src/kvraft/client.go:47 +0x11b
created by 6.824/kvraft.(*Clerk).Execute
	D:/Go/src/6.824/src/kvraft/client.go:45 +0x1b3

goroutine 447258 [chan receive]:
6.824/labrpc.(*ClientEnd).Call(0xc00018a560, {0x243cce, 0xc0003bdf98}, {0x216460, 0xc0007ae270}, {0x206540, 0xc0005beea0})
	D:/Go/src/6.824/src/labrpc/labrpc.go:112 +0x26e
6.824/kvraft.(*Clerk).Execute.func1(0x1, {0x3, {0x24bf90, 0x1}, {0xc0006683f8, 0x7}, 0xb8f92ea7, 0x4}, 0xc000102140)
	D:/Go/src/6.824/src/kvraft/client.go:47 +0x11b
created by 6.824/kvraft.(*Clerk).Execute
	D:/Go/src/6.824/src/kvraft/client.go:45 +0x1b3

goroutine 447490 [select]:
6.824/labrpc.(*Network).processReq(0xc000102140, {{0x20e7c0, 0xc0001882e0}, {0x243cce, 0xb}, {0x291560, 0x216460}, {0xc00063ea50, 0x5b, 0xa5}, ...})
	D:/Go/src/6.824/src/labrpc/labrpc.go:251 +0x41c
created by 6.824/labrpc.MakeNetwork.func1
	D:/Go/src/6.824/src/labrpc/labrpc.go:157 +0x3e

goroutine 447378 [select]:
6.824/labrpc.(*Network).processReq(0xc000102140, {{0x20e7c0, 0xc0001885b0}, {0x243cce, 0xb}, {0x291560, 0x216460}, {0xc000632a50, 0x5b, 0xa5}, ...})
	D:/Go/src/6.824/src/labrpc/labrpc.go:251 +0x41c
created by 6.824/labrpc.MakeNetwork.func1
	D:/Go/src/6.824/src/labrpc/labrpc.go:157 +0x3e

goroutine 447372 [select]:
6.824/labrpc.(*Network).processReq(0xc000102140, {{0x20e7c0, 0xc000188970}, {0x243cce, 0xb}, {0x291560, 0x216460}, {0xc00063e790, 0x5c, 0xa6}, ...})
	D:/Go/src/6.824/src/labrpc/labrpc.go:251 +0x41c
created by 6.824/labrpc.MakeNetwork.func1
	D:/Go/src/6.824/src/labrpc/labrpc.go:157 +0x3e

goroutine 29095 [chan receive]:
6.824/kvraft.(*KVServer).doExecute(0xc000562c30)
	D:/Go/src/6.824/src/kvraft/server.go:125 +0x70
created by 6.824/kvraft.StartKVServer
	D:/Go/src/6.824/src/kvraft/server.go:201 +0x207

goroutine 447457 [select]:
6.824/labrpc.(*Network).processReq(0xc000102140, {{0x20e7c0, 0xc000188000}, {0x243cce, 0xb}, {0x291560, 0x216460}, {0xc000632bb0, 0x64, 0xae}, ...})
	D:/Go/src/6.824/src/labrpc/labrpc.go:251 +0x41c
created by 6.824/labrpc.MakeNetwork.func1
	D:/Go/src/6.824/src/labrpc/labrpc.go:157 +0x3e

goroutine 447171 [chan receive]:
6.824/labrpc.(*ClientEnd).Call(0xc00018a3e0, {0x243cce, 0x20dfc0}, {0x216460, 0xc000493680}, {0x206540, 0xc0003e61f8})
	D:/Go/src/6.824/src/labrpc/labrpc.go:112 +0x26e
6.824/kvraft.(*Clerk).Execute.func1(0x3, {0x1, {0x24bf8e, 0x1}, {0x0, 0x0}, 0xc91b86af, 0x6}, 0xc000102140)
	D:/Go/src/6.824/src/kvraft/client.go:47 +0x11b
created by 6.824/kvraft.(*Clerk).Execute
	D:/Go/src/6.824/src/kvraft/client.go:45 +0x1b3

goroutine 447373 [select]:
6.824/kvraft.(*KVServer).Do(0xc0005629b0, 0xc000364ff0, 0xc00019ad08)
	D:/Go/src/6.824/src/kvraft/server.go:71 +0x2f4
reflect.Value.call({0xc0000da120, 0xc0001e8aa0, 0xc0001c9b10}, {0x2427a2, 0x4}, {0xc0001c9c68, 0x3, 0xc0001c9b40})
	D:/ProgramFiles/Go/src/reflect/value.go:543 +0x814
reflect.Value.Call({0xc0000da120, 0xc0001e8aa0, 0xc000319608}, {0xc0001c9c68, 0x3, 0x3})
	D:/ProgramFiles/Go/src/reflect/value.go:339 +0xc5
6.824/labrpc.(*Service).dispatch(0xc000521d80, {0x243cd7, 0x2}, {{0x20e7c0, 0xc000188970}, {0x243cce, 0xb}, {0x291560, 0x216460}, {0xc00063e790, ...}, ...})
	D:/Go/src/6.824/src/labrpc/labrpc.go:496 +0x39d
6.824/labrpc.(*Server).dispatch(0xc000689818, {{0x20e7c0, 0xc000188970}, {0x243cce, 0xb}, {0x291560, 0x216460}, {0xc00063e790, 0x5c, 0xa6}, ...})
	D:/Go/src/6.824/src/labrpc/labrpc.go:420 +0x1fe
6.824/labrpc.(*Network).processReq.func1()
	D:/Go/src/6.824/src/labrpc/labrpc.go:240 +0x58
created by 6.824/labrpc.(*Network).processReq
	D:/Go/src/6.824/src/labrpc/labrpc.go:239 +0x1df

goroutine 447282 [select]:
6.824/labrpc.(*Network).processReq(0xc000102140, {{0x20e7c0, 0xc000189000}, {0x243cce, 0xb}, {0x291560, 0x216460}, {0xc000632630, 0x64, 0xae}, ...})
	D:/Go/src/6.824/src/labrpc/labrpc.go:251 +0x41c
created by 6.824/labrpc.MakeNetwork.func1
	D:/Go/src/6.824/src/labrpc/labrpc.go:157 +0x3e

goroutine 29073 [chan receive]:
6.824/kvraft.(*KVServer).doExecute(0xc000562a50)
	D:/Go/src/6.824/src/kvraft/server.go:125 +0x70
created by 6.824/kvraft.StartKVServer
	D:/Go/src/6.824/src/kvraft/server.go:201 +0x207

goroutine 447648 [chan receive]:
6.824/labrpc.(*ClientEnd).Call(0xc00018ac20, {0x243cce, 0x20dfc0}, {0x216460, 0xc000417560}, {0x206540, 0xc000498d20})
	D:/Go/src/6.824/src/labrpc/labrpc.go:112 +0x26e
6.824/kvraft.(*Clerk).Execute.func1(0x4, {0x3, {0x250f0d, 0x2}, {0xc00009f698, 0x8}, 0xd9964ff, 0x5}, 0xc000102140)
	D:/Go/src/6.824/src/kvraft/client.go:47 +0x11b
created by 6.824/kvraft.(*Clerk).Execute
	D:/Go/src/6.824/src/kvraft/client.go:45 +0x1b3

goroutine 447649 [select]:
6.824/labrpc.(*Network).processReq(0xc000102140, {{0x20e7c0, 0xc000188f10}, {0x243cce, 0xb}, {0x291560, 0x216460}, {0xc000632210, 0x66, 0xb0}, ...})
	D:/Go/src/6.824/src/labrpc/labrpc.go:251 +0x41c
created by 6.824/labrpc.MakeNetwork.func1
	D:/Go/src/6.824/src/labrpc/labrpc.go:157 +0x3e

goroutine 447479 [select]:
6.824/kvraft.(*KVServer).Do(0xc0005629b0, 0xc000300630, 0xc00034ceb8)
	D:/Go/src/6.824/src/kvraft/server.go:71 +0x2f4
reflect.Value.call({0xc0000da120, 0xc0001e8aa0, 0xc0005b3b10}, {0x2427a2, 0x4}, {0xc0005b3c68, 0x3, 0xc0005b3b40})
	D:/ProgramFiles/Go/src/reflect/value.go:543 +0x814
reflect.Value.Call({0xc0000da120, 0xc0001e8aa0, 0xc000370ee8}, {0xc0005b3c68, 0x3, 0x3})
	D:/ProgramFiles/Go/src/reflect/value.go:339 +0xc5
6.824/labrpc.(*Service).dispatch(0xc000521d80, {0x243cd7, 0x2}, {{0x20e7c0, 0xc000142430}, {0x243cce, 0xb}, {0x291560, 0x216460}, {0xc0003d2bb0, ...}, ...})
	D:/Go/src/6.824/src/labrpc/labrpc.go:496 +0x39d
6.824/labrpc.(*Server).dispatch(0xc000689818, {{0x20e7c0, 0xc000142430}, {0x243cce, 0xb}, {0x291560, 0x216460}, {0xc0003d2bb0, 0x66, 0xb0}, ...})
	D:/Go/src/6.824/src/labrpc/labrpc.go:420 +0x1fe
6.824/labrpc.(*Network).processReq.func1()
	D:/Go/src/6.824/src/labrpc/labrpc.go:240 +0x58
created by 6.824/labrpc.(*Network).processReq
	D:/Go/src/6.824/src/labrpc/labrpc.go:239 +0x1df

goroutine 447572 [select]:
6.824/labrpc.(*Network).processReq(0xc000102140, {{0x20e7c0, 0xc000188d30}, {0x243cce, 0xb}, {0x291560, 0x216460}, {0xc00063eb00, 0x66, 0xb0}, ...})
	D:/Go/src/6.824/src/labrpc/labrpc.go:251 +0x41c
created by 6.824/labrpc.MakeNetwork.func1
	D:/Go/src/6.824/src/labrpc/labrpc.go:157 +0x3e

goroutine 447131 [chan receive]:
6.824/labrpc.(*ClientEnd).Call(0xc00018a860, {0x243cce, 0x20dfc0}, {0x216460, 0xc0002d3380}, {0x206540, 0xc000694720})
	D:/Go/src/6.824/src/labrpc/labrpc.go:112 +0x26e
6.824/kvraft.(*Clerk).Execute.func1(0x3, {0x3, {0x250f03, 0x2}, {0xc0004ad388, 0x8}, 0x92b10612, 0x3}, 0xc000102140)
	D:/Go/src/6.824/src/kvraft/client.go:47 +0x11b
created by 6.824/kvraft.(*Clerk).Execute
	D:/Go/src/6.824/src/kvraft/client.go:45 +0x1b3

goroutine 447660 [chan receive]:
6.824/labrpc.(*ClientEnd).Call(0xc00018ab60, {0x243cce, 0xc0004bdf98}, {0x216460, 0xc00035f440}, {0x206540, 0xc000004bb8})
	D:/Go/src/6.824/src/labrpc/labrpc.go:112 +0x26e
6.824/kvraft.(*Clerk).Execute.func1(0x4, {0x1, {0x250f0b, 0x2}, {0x0, 0x0}, 0x6cb30a2e, 0x6}, 0xc000562b90)
	D:/Go/src/6.824/src/kvraft/client.go:47 +0x11b
created by 6.824/kvraft.(*Clerk).Execute
	D:/Go/src/6.824/src/kvraft/client.go:45 +0x1b3

goroutine 447540 [select]:
6.824/kvraft.(*KVServer).Do(0xc0005629b0, 0xc00001fa10, 0xc00025fe48)
	D:/Go/src/6.824/src/kvraft/server.go:71 +0x2f4
reflect.Value.call({0xc0000da120, 0xc0001e8aa0, 0xc000209b10}, {0x2427a2, 0x4}, {0xc000209c68, 0x3, 0xc000209b40})
	D:/ProgramFiles/Go/src/reflect/value.go:543 +0x814
reflect.Value.Call({0xc0000da120, 0xc0001e8aa0, 0xc0001e8540}, {0xc000209c68, 0x3, 0x3})
	D:/ProgramFiles/Go/src/reflect/value.go:339 +0xc5
6.824/labrpc.(*Service).dispatch(0xc000521d80, {0x243cd7, 0x2}, {{0x20e7c0, 0xc0001883d0}, {0x243cce, 0xb}, {0x291560, 0x216460}, {0xc0006908f0, ...}, ...})
	D:/Go/src/6.824/src/labrpc/labrpc.go:496 +0x39d
6.824/labrpc.(*Server).dispatch(0xc000689818, {{0x20e7c0, 0xc0001883d0}, {0x243cce, 0xb}, {0x291560, 0x216460}, {0xc0006908f0, 0x64, 0xae}, ...})
	D:/Go/src/6.824/src/labrpc/labrpc.go:420 +0x1fe
6.824/labrpc.(*Network).processReq.func1()
	D:/Go/src/6.824/src/labrpc/labrpc.go:240 +0x58
created by 6.824/labrpc.(*Network).processReq
	D:/Go/src/6.824/src/labrpc/labrpc.go:239 +0x1df

goroutine 447662 [select]:
6.824/kvraft.(*KVServer).Do(0xc0005629b0, 0xc00035fe00, 0xc000004d98)
	D:/Go/src/6.824/src/kvraft/server.go:71 +0x2f4
reflect.Value.call({0xc0000da120, 0xc0001e8aa0, 0xc0001cdb10}, {0x2427a2, 0x4}, {0xc0001cdc68, 0x3, 0xc0001cdb40})
	D:/ProgramFiles/Go/src/reflect/value.go:543 +0x814
reflect.Value.Call({0xc0000da120, 0xc0001e8aa0, 0xc0001e8690}, {0xc0001cdc68, 0x3, 0x3})
	D:/ProgramFiles/Go/src/reflect/value.go:339 +0xc5
6.824/labrpc.(*Service).dispatch(0xc000521d80, {0x243cd7, 0x2}, {{0x20e7c0, 0xc000188e20}, {0x243cce, 0xb}, {0x291560, 0x216460}, {0xc000690160, ...}, ...})
	D:/Go/src/6.824/src/labrpc/labrpc.go:496 +0x39d
6.824/labrpc.(*Server).dispatch(0xc000689818, {{0x20e7c0, 0xc000188e20}, {0x243cce, 0xb}, {0x291560, 0x216460}, {0xc000690160, 0x5c, 0xa6}, ...})
	D:/Go/src/6.824/src/labrpc/labrpc.go:420 +0x1fe
6.824/labrpc.(*Network).processReq.func1()
	D:/Go/src/6.824/src/labrpc/labrpc.go:240 +0x58
created by 6.824/labrpc.(*Network).processReq
	D:/Go/src/6.824/src/labrpc/labrpc.go:239 +0x1df

goroutine 447315 [select]:
6.824/labrpc.(*Network).processReq(0xc000102140, {{0x20e7c0, 0xc000188c40}, {0x243cce, 0xb}, {0x291560, 0x216460}, {0xc0003d2580, 0x66, 0xb0}, ...})
	D:/Go/src/6.824/src/labrpc/labrpc.go:251 +0x41c
created by 6.824/labrpc.MakeNetwork.func1
	D:/Go/src/6.824/src/labrpc/labrpc.go:157 +0x3e

goroutine 447477 [chan receive]:
6.824/labrpc.(*ClientEnd).Call(0xc000096cc0, {0x243cce, 0xc000243260}, {0x216460, 0xc0003002a0}, {0x206540, 0xc00034ccf0})
	D:/Go/src/6.824/src/labrpc/labrpc.go:112 +0x26e
6.824/kvraft.(*Clerk).Execute.func1(0x3, {0x3, {0x250f0f, 0x2}, {0xc000618008, 0x8}, 0x69202dc9, 0x4}, 0x4)
	D:/Go/src/6.824/src/kvraft/client.go:47 +0x11b
created by 6.824/kvraft.(*Clerk).Execute
	D:/Go/src/6.824/src/kvraft/client.go:45 +0x1b3

goroutine 447538 [chan receive]:
6.824/labrpc.(*ClientEnd).Call(0xc00018a320, {0x243cce, 0x20dfc0}, {0x216460, 0xc00001f5f0}, {0x206540, 0xc00025fc80})
	D:/Go/src/6.824/src/labrpc/labrpc.go:112 +0x26e
6.824/kvraft.(*Clerk).Execute.func1(0x3, {0x3, {0x24bf8d, 0x1}, {0xc000320170, 0x7}, 0x4a8a7752, 0x7}, 0xc000102140)
	D:/Go/src/6.824/src/kvraft/client.go:47 +0x11b
created by 6.824/kvraft.(*Clerk).Execute
	D:/Go/src/6.824/src/kvraft/client.go:45 +0x1b3

goroutine 447441 [chan receive]:
6.824/labrpc.(*ClientEnd).Call(0xc00018a260, {0x243cce, 0x20dfc0}, {0x216460, 0xc0003e1bf0}, {0x206540, 0xc00022e540})
	D:/Go/src/6.824/src/labrpc/labrpc.go:112 +0x26e
6.824/kvraft.(*Clerk).Execute.func1(0x1, {0x1, {0x24bf8c, 0x1}, {0x0, 0x0}, 0xbd71f1f1, 0x4}, 0xc000102140)
	D:/Go/src/6.824/src/kvraft/client.go:47 +0x11b
created by 6.824/kvraft.(*Clerk).Execute
	D:/Go/src/6.824/src/kvraft/client.go:45 +0x1b3

goroutine 447302 [select]:
6.824/labrpc.(*Network).processReq(0xc000102140, {{0x20e7c0, 0xc0001881f0}, {0x243cce, 0xb}, {0x291560, 0x216460}, {0xc0006328f0, 0x64, 0xae}, ...})
	D:/Go/src/6.824/src/labrpc/labrpc.go:251 +0x41c
created by 6.824/labrpc.MakeNetwork.func1
	D:/Go/src/6.824/src/labrpc/labrpc.go:157 +0x3e

goroutine 447278 [chan receive]:
6.824/labrpc.(*ClientEnd).Call(0xc00018ace0, {0x243cce, 0x20dfc0}, {0x216460, 0xc0002f0de0}, {0x206540, 0xc00031ea20})
	D:/Go/src/6.824/src/labrpc/labrpc.go:112 +0x26e
6.824/kvraft.(*Clerk).Execute.func1(0x3, {0x3, {0x24bf87, 0x1}, {0xc000401aa0, 0x7}, 0x34083893, 0x3}, 0xc000102140)
	D:/Go/src/6.824/src/kvraft/client.go:47 +0x11b
created by 6.824/kvraft.(*Clerk).Execute
	D:/Go/src/6.824/src/kvraft/client.go:45 +0x1b3

goroutine 447303 [select]:
6.824/kvraft.(*KVServer).Do(0xc0005629b0, 0xc000580750, 0xc00031f680)
	D:/Go/src/6.824/src/kvraft/server.go:71 +0x2f4
reflect.Value.call({0xc0000da120, 0xc0001e8aa0, 0xc000215b10}, {0x2427a2, 0x4}, {0xc000215c68, 0x3, 0xc000215b40})
	D:/ProgramFiles/Go/src/reflect/value.go:543 +0x814
reflect.Value.Call({0xc0000da120, 0xc0001e8aa0, 0xc000461d90}, {0xc000215c68, 0x3, 0x3})
	D:/ProgramFiles/Go/src/reflect/value.go:339 +0xc5
6.824/labrpc.(*Service).dispatch(0xc000521d80, {0x243cd7, 0x2}, {{0x20e7c0, 0xc0001881f0}, {0x243cce, 0xb}, {0x291560, 0x216460}, {0xc0006328f0, ...}, ...})
	D:/Go/src/6.824/src/labrpc/labrpc.go:496 +0x39d
6.824/labrpc.(*Server).dispatch(0xc000689818, {{0x20e7c0, 0xc0001881f0}, {0x243cce, 0xb}, {0x291560, 0x216460}, {0xc0006328f0, 0x64, 0xae}, ...})
	D:/Go/src/6.824/src/labrpc/labrpc.go:420 +0x1fe
6.824/labrpc.(*Network).processReq.func1()
	D:/Go/src/6.824/src/labrpc/labrpc.go:240 +0x58
created by 6.824/labrpc.(*Network).processReq
	D:/Go/src/6.824/src/labrpc/labrpc.go:239 +0x1df

goroutine 447361 [chan receive]:
6.824/labrpc.(*ClientEnd).Call(0xc00018a4a0, {0x243cce, 0x20dfc0}, {0x216460, 0xc0005e9b30}, {0x206540, 0xc0003d73b0})
	D:/Go/src/6.824/src/labrpc/labrpc.go:112 +0x26e
6.824/kvraft.(*Clerk).Execute.func1(0x3, {0x1, {0x24bf8f, 0x1}, {0x0, 0x0}, 0x5f1447d5, 0x4}, 0xc000102140)
	D:/Go/src/6.824/src/kvraft/client.go:47 +0x11b
created by 6.824/kvraft.(*Clerk).Execute
	D:/Go/src/6.824/src/kvraft/client.go:45 +0x1b3

goroutine 447119 [select]:
6.824/labrpc.(*Network).processReq(0xc000102140, {{0x20e7c0, 0xc0001890f0}, {0x243cce, 0xb}, {0x291560, 0x216460}, {0xc0003d2630, 0x64, 0xae}, ...})
	D:/Go/src/6.824/src/labrpc/labrpc.go:251 +0x41c
created by 6.824/labrpc.MakeNetwork.func1
	D:/Go/src/6.824/src/labrpc/labrpc.go:157 +0x3e

goroutine 447573 [select]:
6.824/kvraft.(*KVServer).Do(0xc0005629b0, 0xc000480960, 0xc000694090)
	D:/Go/src/6.824/src/kvraft/server.go:71 +0x2f4
reflect.Value.call({0xc0000da120, 0xc0001e8aa0, 0xc00019fb10}, {0x2427a2, 0x4}, {0xc00019fc68, 0x3, 0xc00019fb40})
	D:/ProgramFiles/Go/src/reflect/value.go:543 +0x814
reflect.Value.Call({0xc0000da120, 0xc0001e8aa0, 0xc000007460}, {0xc00019fc68, 0x3, 0x3})
	D:/ProgramFiles/Go/src/reflect/value.go:339 +0xc5
6.824/labrpc.(*Service).dispatch(0xc000521d80, {0x243cd7, 0x2}, {{0x20e7c0, 0xc000188d30}, {0x243cce, 0xb}, {0x291560, 0x216460}, {0xc00063eb00, ...}, ...})
	D:/Go/src/6.824/src/labrpc/labrpc.go:496 +0x39d
6.824/labrpc.(*Server).dispatch(0xc000689818, {{0x20e7c0, 0xc000188d30}, {0x243cce, 0xb}, {0x291560, 0x216460}, {0xc00063eb00, 0x66, 0xb0}, ...})
	D:/Go/src/6.824/src/labrpc/labrpc.go:420 +0x1fe
6.824/labrpc.(*Network).processReq.func1()
	D:/Go/src/6.824/src/labrpc/labrpc.go:240 +0x58
created by 6.824/labrpc.(*Network).processReq
	D:/Go/src/6.824/src/labrpc/labrpc.go:239 +0x1df

goroutine 447456 [chan receive]:
6.824/labrpc.(*ClientEnd).Call(0xc00018a000, {0x243cce, 0xc00048ed80}, {0x216460, 0xc0001820c0}, {0x206540, 0xc000500df8})
	D:/Go/src/6.824/src/labrpc/labrpc.go:112 +0x26e
6.824/kvraft.(*Clerk).Execute.func1(0x4, {0x3, {0x24bf89, 0x1}, {0xc000618410, 0x7}, 0x474aaf1c, 0x6}, 0x4)
	D:/Go/src/6.824/src/kvraft/client.go:47 +0x11b
created by 6.824/kvraft.(*Clerk).Execute
	D:/Go/src/6.824/src/kvraft/client.go:45 +0x1b3

goroutine 447478 [select]:
6.824/labrpc.(*Network).processReq(0xc000102140, {{0x20e7c0, 0xc000142430}, {0x243cce, 0xb}, {0x291560, 0x216460}, {0xc0003d2bb0, 0x66, 0xb0}, ...})
	D:/Go/src/6.824/src/labrpc/labrpc.go:251 +0x41c
created by 6.824/labrpc.MakeNetwork.func1
	D:/Go/src/6.824/src/labrpc/labrpc.go:157 +0x3e

goroutine 447661 [select]:
6.824/labrpc.(*Network).processReq(0xc000102140, {{0x20e7c0, 0xc000188e20}, {0x243cce, 0xb}, {0x291560, 0x216460}, {0xc000690160, 0x5c, 0xa6}, ...})
	D:/Go/src/6.824/src/labrpc/labrpc.go:251 +0x41c
created by 6.824/labrpc.MakeNetwork.func1
	D:/Go/src/6.824/src/labrpc/labrpc.go:157 +0x3e

goroutine 447571 [chan receive]:
6.824/labrpc.(*ClientEnd).Call(0xc00018aaa0, {0x243cce, 0xc000179f80}, {0x216460, 0xc0004805d0}, {0x206540, 0xc00022fe90})
	D:/Go/src/6.824/src/labrpc/labrpc.go:112 +0x26e
6.824/kvraft.(*Clerk).Execute.func1(0x4, {0x3, {0x250f09, 0x2}, {0xc000618298, 0x8}, 0x554a115f, 0x5}, 0x1)
	D:/Go/src/6.824/src/kvraft/client.go:47 +0x11b
created by 6.824/kvraft.(*Clerk).Execute
	D:/Go/src/6.824/src/kvraft/client.go:45 +0x1b3

goroutine 447247 [chan receive]:
6.824/labrpc.(*ClientEnd).Call(0xc00018a620, {0x243cce, 0xc0003a2f00}, {0x216460, 0xc0006966f0}, {0x206540, 0xc00081f3e0})
	D:/Go/src/6.824/src/labrpc/labrpc.go:112 +0x26e
6.824/kvraft.(*Clerk).Execute.func1(0x2, {0x3, {0x250efd, 0x2}, {0xc0004ad0e8, 0x8}, 0x710625f6, 0x4}, 0x1)
	D:/Go/src/6.824/src/kvraft/client.go:47 +0x11b
created by 6.824/kvraft.(*Clerk).Execute
	D:/Go/src/6.824/src/kvraft/client.go:45 +0x1b3

goroutine 447350 [select]:
6.824/kvraft.(*KVServer).Do(0xc0005629b0, 0xc000581e60, 0xc0003d6258)
	D:/Go/src/6.824/src/kvraft/server.go:71 +0x2f4
reflect.Value.call({0xc0000da120, 0xc0001e8aa0, 0xc00014bb10}, {0x2427a2, 0x4}, {0xc00014bc68, 0x3, 0xc00014bb40})
	D:/ProgramFiles/Go/src/reflect/value.go:543 +0x814
reflect.Value.Call({0xc0000da120, 0xc0001e8aa0, 0xc0003da438}, {0xc00014bc68, 0x3, 0x3})
	D:/ProgramFiles/Go/src/reflect/value.go:339 +0xc5
6.824/labrpc.(*Service).dispatch(0xc000521d80, {0x243cd7, 0x2}, {{0x20e7c0, 0xc0001886a0}, {0x243cce, 0xb}, {0x291560, 0x216460}, {0xc000690210, ...}, ...})
	D:/Go/src/6.824/src/labrpc/labrpc.go:496 +0x39d
6.824/labrpc.(*Server).dispatch(0xc000689818, {{0x20e7c0, 0xc0001886a0}, {0x243cce, 0xb}, {0x291560, 0x216460}, {0xc000690210, 0x64, 0xae}, ...})
	D:/Go/src/6.824/src/labrpc/labrpc.go:420 +0x1fe
6.824/labrpc.(*Network).processReq.func1()
	D:/Go/src/6.824/src/labrpc/labrpc.go:240 +0x58
created by 6.824/labrpc.(*Network).processReq
	D:/Go/src/6.824/src/labrpc/labrpc.go:239 +0x1df

goroutine 447473 [chan receive]:
6.824/labrpc.(*ClientEnd).Call(0xc00018a920, {0x243cce, 0x0}, {0x216460, 0xc0002d2a50}, {0x206540, 0xc0003c01f8})
	D:/Go/src/6.824/src/labrpc/labrpc.go:112 +0x26e
6.824/kvraft.(*Clerk).Execute.func1(0x3, {0x1, {0x250f05, 0x2}, {0x0, 0x0}, 0xf3438ddc, 0x4}, 0x0)
	D:/Go/src/6.824/src/kvraft/client.go:47 +0x11b
created by 6.824/kvraft.(*Clerk).Execute
	D:/Go/src/6.824/src/kvraft/client.go:45 +0x1b3

goroutine 447118 [chan receive]:
6.824/labrpc.(*ClientEnd).Call(0xc00018ada0, {0x243cce, 0x20dfc0}, {0x216460, 0xc000166db0}, {0x206540, 0xc00048c6d8})
	D:/Go/src/6.824/src/labrpc/labrpc.go:112 +0x26e
6.824/kvraft.(*Clerk).Execute.func1(0x2, {0x3, {0x24bf88, 0x1}, {0xc000401eb8, 0x7}, 0x8bfb9db3, 0x3}, 0xc000102140)
	D:/Go/src/6.824/src/kvraft/client.go:47 +0x11b
created by 6.824/kvraft.(*Clerk).Execute
	D:/Go/src/6.824/src/kvraft/client.go:45 +0x1b3

goroutine 447310 [select]:
6.824/labrpc.(*Network).processReq(0xc000102140, {{0x20e7c0, 0xc0001886a0}, {0x243cce, 0xb}, {0x291560, 0x216460}, {0xc000690210, 0x64, 0xae}, ...})
	D:/Go/src/6.824/src/labrpc/labrpc.go:251 +0x41c
created by 6.824/labrpc.MakeNetwork.func1
	D:/Go/src/6.824/src/labrpc/labrpc.go:157 +0x3e
exit status 2
FAIL	6.824/kvraft	600.091s
