Test: restarts, snapshots, many clients (3B) ...
panic: test timed out after 10m0s

goroutine 598275 [running]:
testing.(*M).startAlarm.func1()
	D:/ProgramFiles/Go/src/testing/testing.go:1788 +0x8e
created by time.goFunc
	D:/ProgramFiles/Go/src/time/sleep.go:180 +0x31

goroutine 1 [chan receive, 9 minutes]:
testing.(*T).Run(0xc00012e340, {0xf5abb1, 0xdfc253}, 0xf683e0)
	D:/ProgramFiles/Go/src/testing/testing.go:1307 +0x375
testing.runTests.func1(0xc00012e340)
	D:/ProgramFiles/Go/src/testing/testing.go:1598 +0x6e
testing.tRunner(0xc00012e340, 0xc00007dd18)
	D:/ProgramFiles/Go/src/testing/testing.go:1259 +0x102
testing.runTests(0xc000138000, {0x10b2c00, 0xf, 0xf}, {0xe1d42d, 0xf54c2b, 0x10b6cc0})
	D:/ProgramFiles/Go/src/testing/testing.go:1596 +0x43f
testing.(*M).Run(0xc000138000)
	D:/ProgramFiles/Go/src/testing/testing.go:1504 +0x51d
main.main()
	_testmain.go:71 +0x14b

goroutine 6 [chan receive, 9 minutes]:
6.824/kvraft.GenericTest(0xc00012e4e0, {0xf5252f, 0x2}, 0x14, 0x5, 0x0, 0x1, 0x0, 0x3e8, 0x0)
	D:/Go/src/6.824/src/kvraft/test_test.go:334 +0xf88
6.824/kvraft.TestSnapshotRecoverManyClients3B(0x0)
	D:/Go/src/6.824/src/kvraft/test_test.go:695 +0x45
testing.tRunner(0xc00012e4e0, 0xf683e0)
	D:/ProgramFiles/Go/src/testing/testing.go:1259 +0x102
created by testing.(*T).Run
	D:/ProgramFiles/Go/src/testing/testing.go:1306 +0x35a

goroutine 7 [select]:
6.824/labrpc.MakeNetwork.func1()
	D:/Go/src/6.824/src/labrpc/labrpc.go:153 +0xbe
created by 6.824/labrpc.MakeNetwork
	D:/Go/src/6.824/src/labrpc/labrpc.go:151 +0x17b

goroutine 18967 [sleep]:
time.Sleep(0x4c4b400)
	D:/ProgramFiles/Go/src/runtime/time.go:193 +0x133
6.824/raft.(*Raft).heartTicker(0xc00014c4b0, 0xc000054190)
	D:/Go/src/6.824/src/raft/raft.go:618 +0x4f
created by 6.824/raft.(*Raft).BeLeader
	D:/Go/src/6.824/src/raft/raft.go:610 +0xcf

goroutine 18881 [chan receive]:
6.824/kvraft.(*KVServer).doExecute(0xc000220b90)
	D:/Go/src/6.824/src/kvraft/server.go:125 +0x70
created by 6.824/kvraft.StartKVServer
	D:/Go/src/6.824/src/kvraft/server.go:201 +0x207

goroutine 18880 [sleep]:
time.Sleep(0xc0a4680)
	D:/ProgramFiles/Go/src/runtime/time.go:193 +0x133
6.824/raft.(*Raft).electionTicker(0xc00014c780)
	D:/Go/src/6.824/src/raft/raft.go:630 +0x95
created by 6.824/raft.Make
	D:/Go/src/6.824/src/raft/raft.go:672 +0x2a7

goroutine 19 [chan receive, 9 minutes]:
6.824/kvraft.spawn_clients_and_wait(0xc00012e4e0, 0xc00014a000, 0x14, 0xc000054550)
	D:/Go/src/6.824/src/kvraft/test_test.go:117 +0x185
created by 6.824/kvraft.GenericTest
	D:/Go/src/6.824/src/kvraft/test_test.go:253 +0x6bd

goroutine 20 [select]:
6.824/kvraft.(*Clerk).Execute(0xc0001642c0, 0xc000169c80, 0xc000169c68)
	D:/Go/src/6.824/src/kvraft/client.go:52 +0x21a
6.824/kvraft.(*Clerk).Append(0x7, {0xf5bf87, 0xc000169d50}, {0xc0007b2d08, 0xc00043f0c0})
	D:/Go/src/6.824/src/kvraft/client.go:103 +0x150
6.824/kvraft.Append(0xc00014a000, 0x2, {0xf5bf87, 0x1}, {0xc0007b2d08, 0x7}, 0xc000044c00, 0x0)
	D:/Go/src/6.824/src/kvraft/test_test.go:77 +0xd5
6.824/kvraft.GenericTest.func1(0x0, 0xc00000cf90, 0xc00012e4e0)
	D:/Go/src/6.824/src/kvraft/test_test.go:272 +0x587
6.824/kvraft.run_client(0x0, 0xc00014a000, 0x0, 0x0, 0xc000054550)
	D:/Go/src/6.824/src/kvraft/test_test.go:103 +0xe4
created by 6.824/kvraft.spawn_clients_and_wait
	D:/Go/src/6.824/src/kvraft/test_test.go:113 +0x51

goroutine 21 [select]:
6.824/kvraft.(*Clerk).Execute(0xc000164300, 0xc00016bc80, 0xc00016bc68)
	D:/Go/src/6.824/src/kvraft/client.go:52 +0x21a
6.824/kvraft.(*Clerk).Append(0x7, {0xf5bf88, 0xc00016bd50}, {0xc000709a80, 0xc0006f98c0})
	D:/Go/src/6.824/src/kvraft/client.go:103 +0x150
6.824/kvraft.Append(0xc00014a000, 0x2, {0xf5bf88, 0x1}, {0xc000709a80, 0x7}, 0xc000044c00, 0x1)
	D:/Go/src/6.824/src/kvraft/test_test.go:77 +0xd5
6.824/kvraft.GenericTest.func1(0x1, 0xc00000d0b0, 0xc00012e4e0)
	D:/Go/src/6.824/src/kvraft/test_test.go:272 +0x587
6.824/kvraft.run_client(0x0, 0xc00014a000, 0x0, 0x0, 0xc000054550)
	D:/Go/src/6.824/src/kvraft/test_test.go:103 +0xe4
created by 6.824/kvraft.spawn_clients_and_wait
	D:/Go/src/6.824/src/kvraft/test_test.go:113 +0x51

goroutine 22 [select]:
6.824/kvraft.(*Clerk).Execute(0xc000164340, 0xc000185c80, 0xc000185c68)
	D:/Go/src/6.824/src/kvraft/client.go:52 +0x21a
6.824/kvraft.(*Clerk).Append(0x7, {0xf5bf89, 0xc000185d50}, {0xc0007b2bb0, 0xc00043eee0})
	D:/Go/src/6.824/src/kvraft/client.go:103 +0x150
6.824/kvraft.Append(0xc00014a000, 0x2, {0xf5bf89, 0x1}, {0xc0007b2bb0, 0x7}, 0xc000044c00, 0x2)
	D:/Go/src/6.824/src/kvraft/test_test.go:77 +0xd5
6.824/kvraft.GenericTest.func1(0x2, 0xc00000d1d0, 0xc00012e4e0)
	D:/Go/src/6.824/src/kvraft/test_test.go:272 +0x587
6.824/kvraft.run_client(0x0, 0xc00014a000, 0x0, 0x0, 0xc000054550)
	D:/Go/src/6.824/src/kvraft/test_test.go:103 +0xe4
created by 6.824/kvraft.spawn_clients_and_wait
	D:/Go/src/6.824/src/kvraft/test_test.go:113 +0x51

goroutine 23 [select]:
6.824/kvraft.(*Clerk).Execute(0xc000164380, 0xc000187c80, 0xc000187c68)
	D:/Go/src/6.824/src/kvraft/client.go:52 +0x21a
6.824/kvraft.(*Clerk).Append(0x7, {0xf5bf8a, 0xc000187d50}, {0xc0002eb410, 0xc000187d08})
	D:/Go/src/6.824/src/kvraft/client.go:103 +0x150
6.824/kvraft.Append(0xc00014a000, 0x2, {0xf5bf8a, 0x1}, {0xc0002eb410, 0x7}, 0xc000044c00, 0x3)
	D:/Go/src/6.824/src/kvraft/test_test.go:77 +0xd5
6.824/kvraft.GenericTest.func1(0x3, 0xc00000d2f0, 0xc00012e4e0)
	D:/Go/src/6.824/src/kvraft/test_test.go:272 +0x587
6.824/kvraft.run_client(0x0, 0xc00014a000, 0x0, 0x0, 0xc000054550)
	D:/Go/src/6.824/src/kvraft/test_test.go:103 +0xe4
created by 6.824/kvraft.spawn_clients_and_wait
	D:/Go/src/6.824/src/kvraft/test_test.go:113 +0x51

goroutine 24 [select]:
6.824/kvraft.(*Clerk).Execute(0xc0001643c0, 0xc000181c70, 0xc000181c58)
	D:/Go/src/6.824/src/kvraft/client.go:52 +0x21a
6.824/kvraft.(*Clerk).Get(0xc000181cd8, {0xf5bf8b, 0x7})
	D:/Go/src/6.824/src/kvraft/client.go:74 +0x127
6.824/kvraft.Get(0xc00014a000, 0x2, {0xf5bf8b, 0x1}, 0xc000044c00, 0x4)
	D:/Go/src/6.824/src/kvraft/test_test.go:43 +0xbb
6.824/kvraft.GenericTest.func1(0x4, 0xc00000d410, 0xc00012e4e0)
	D:/Go/src/6.824/src/kvraft/test_test.go:284 +0x3e5
6.824/kvraft.run_client(0x0, 0xc00014a000, 0x0, 0x0, 0xc000054550)
	D:/Go/src/6.824/src/kvraft/test_test.go:103 +0xe4
created by 6.824/kvraft.spawn_clients_and_wait
	D:/Go/src/6.824/src/kvraft/test_test.go:113 +0x51

goroutine 25 [select]:
6.824/kvraft.(*Clerk).Execute(0xc000164400, 0xc000183c70, 0xc000183c58)
	D:/Go/src/6.824/src/kvraft/client.go:52 +0x21a
6.824/kvraft.(*Clerk).Get(0xc000183cd8, {0xf5bf8c, 0x7})
	D:/Go/src/6.824/src/kvraft/client.go:74 +0x127
6.824/kvraft.Get(0xc00014a000, 0x2, {0xf5bf8c, 0x1}, 0xc000044c00, 0x5)
	D:/Go/src/6.824/src/kvraft/test_test.go:43 +0xbb
6.824/kvraft.GenericTest.func1(0x5, 0xc00000d530, 0xc00012e4e0)
	D:/Go/src/6.824/src/kvraft/test_test.go:284 +0x3e5
6.824/kvraft.run_client(0x0, 0xc00014a000, 0x0, 0x0, 0xc000054550)
	D:/Go/src/6.824/src/kvraft/test_test.go:103 +0xe4
created by 6.824/kvraft.spawn_clients_and_wait
	D:/Go/src/6.824/src/kvraft/test_test.go:113 +0x51

goroutine 26 [select]:
6.824/kvraft.(*Clerk).Execute(0xc000164440, 0xc00018dc70, 0xc00018dc58)
	D:/Go/src/6.824/src/kvraft/client.go:52 +0x21a
6.824/kvraft.(*Clerk).Get(0xc00018dcd8, {0xf5bf8d, 0x7})
	D:/Go/src/6.824/src/kvraft/client.go:74 +0x127
6.824/kvraft.Get(0xc00014a000, 0x2, {0xf5bf8d, 0x1}, 0xc000044c00, 0x6)
	D:/Go/src/6.824/src/kvraft/test_test.go:43 +0xbb
6.824/kvraft.GenericTest.func1(0x6, 0xc00000d650, 0xc00012e4e0)
	D:/Go/src/6.824/src/kvraft/test_test.go:284 +0x3e5
6.824/kvraft.run_client(0x0, 0xc00014a000, 0x0, 0x0, 0xc000054550)
	D:/Go/src/6.824/src/kvraft/test_test.go:103 +0xe4
created by 6.824/kvraft.spawn_clients_and_wait
	D:/Go/src/6.824/src/kvraft/test_test.go:113 +0x51

goroutine 27 [select]:
6.824/kvraft.(*Clerk).Execute(0xc000164480, 0xc00018fc70, 0xc00018fc58)
	D:/Go/src/6.824/src/kvraft/client.go:52 +0x21a
6.824/kvraft.(*Clerk).Get(0xc00018fcd8, {0xf5bf8e, 0x7})
	D:/Go/src/6.824/src/kvraft/client.go:74 +0x127
6.824/kvraft.Get(0xc00014a000, 0x2, {0xf5bf8e, 0x1}, 0xc000044c00, 0x7)
	D:/Go/src/6.824/src/kvraft/test_test.go:43 +0xbb
6.824/kvraft.GenericTest.func1(0x7, 0xc00000d770, 0xc00012e4e0)
	D:/Go/src/6.824/src/kvraft/test_test.go:284 +0x3e5
6.824/kvraft.run_client(0x0, 0xc00014a000, 0x0, 0x0, 0xc000054550)
	D:/Go/src/6.824/src/kvraft/test_test.go:103 +0xe4
created by 6.824/kvraft.spawn_clients_and_wait
	D:/Go/src/6.824/src/kvraft/test_test.go:113 +0x51

goroutine 28 [select]:
6.824/kvraft.(*Clerk).Execute(0xc0001644c0, 0xc000189c70, 0xc000189c58)
	D:/Go/src/6.824/src/kvraft/client.go:52 +0x21a
6.824/kvraft.(*Clerk).Get(0xc000189cd8, {0xf5bf8f, 0x7})
	D:/Go/src/6.824/src/kvraft/client.go:74 +0x127
6.824/kvraft.Get(0xc00014a000, 0x2, {0xf5bf8f, 0x1}, 0xc000044c00, 0x8)
	D:/Go/src/6.824/src/kvraft/test_test.go:43 +0xbb
6.824/kvraft.GenericTest.func1(0x8, 0xc00000d890, 0xc00012e4e0)
	D:/Go/src/6.824/src/kvraft/test_test.go:284 +0x3e5
6.824/kvraft.run_client(0x0, 0xc00014a000, 0x0, 0x0, 0xc000054550)
	D:/Go/src/6.824/src/kvraft/test_test.go:103 +0xe4
created by 6.824/kvraft.spawn_clients_and_wait
	D:/Go/src/6.824/src/kvraft/test_test.go:113 +0x51

goroutine 29 [select]:
6.824/kvraft.(*Clerk).Execute(0xc000164500, 0xc00018bc80, 0xc00018bc68)
	D:/Go/src/6.824/src/kvraft/client.go:52 +0x21a
6.824/kvraft.(*Clerk).Append(0x7, {0xf5bf90, 0xc00018bd50}, {0xc0007b2660, 0xc00018bd08})
	D:/Go/src/6.824/src/kvraft/client.go:103 +0x150
6.824/kvraft.Append(0xc00014a000, 0x2, {0xf5bf90, 0x1}, {0xc0007b2660, 0x7}, 0xc000044c00, 0x9)
	D:/Go/src/6.824/src/kvraft/test_test.go:77 +0xd5
6.824/kvraft.GenericTest.func1(0x9, 0xc00000d9b0, 0xc00012e4e0)
	D:/Go/src/6.824/src/kvraft/test_test.go:272 +0x587
6.824/kvraft.run_client(0x0, 0xc00014a000, 0x0, 0x0, 0xc000054550)
	D:/Go/src/6.824/src/kvraft/test_test.go:103 +0xe4
created by 6.824/kvraft.spawn_clients_and_wait
	D:/Go/src/6.824/src/kvraft/test_test.go:113 +0x51

goroutine 30 [select]:
6.824/kvraft.(*Clerk).Execute(0xc0000db880, 0xc000195c80, 0xc000195c68)
	D:/Go/src/6.824/src/kvraft/client.go:52 +0x21a
6.824/kvraft.(*Clerk).Append(0x8, {0xf60efd, 0xc000195d50}, {0xc0002eb558, 0xc0007f6690})
	D:/Go/src/6.824/src/kvraft/client.go:103 +0x150
6.824/kvraft.Append(0xc00014a000, 0x2, {0xf60efd, 0x2}, {0xc0002eb558, 0x8}, 0xc000044c00, 0xa)
	D:/Go/src/6.824/src/kvraft/test_test.go:77 +0xd5
6.824/kvraft.GenericTest.func1(0xa, 0xc0000e8900, 0xc00012e4e0)
	D:/Go/src/6.824/src/kvraft/test_test.go:272 +0x587
6.824/kvraft.run_client(0x0, 0xc00014a000, 0x0, 0x0, 0xc000054550)
	D:/Go/src/6.824/src/kvraft/test_test.go:103 +0xe4
created by 6.824/kvraft.spawn_clients_and_wait
	D:/Go/src/6.824/src/kvraft/test_test.go:113 +0x51

goroutine 31 [select]:
6.824/kvraft.(*Clerk).Execute(0xc0000db8c0, 0xc000197c80, 0xc000197c68)
	D:/Go/src/6.824/src/kvraft/client.go:52 +0x21a
6.824/kvraft.(*Clerk).Append(0x8, {0xf60eff, 0xc000197d50}, {0xc00012c5d8, 0xc000171160})
	D:/Go/src/6.824/src/kvraft/client.go:103 +0x150
6.824/kvraft.Append(0xc00014a000, 0x2, {0xf60eff, 0x2}, {0xc00012c5d8, 0x8}, 0xc000044c00, 0xb)
	D:/Go/src/6.824/src/kvraft/test_test.go:77 +0xd5
6.824/kvraft.GenericTest.func1(0xb, 0xc0000e8a20, 0xc00012e4e0)
	D:/Go/src/6.824/src/kvraft/test_test.go:272 +0x587
6.824/kvraft.run_client(0x0, 0xc00014a000, 0x0, 0x0, 0xc000054550)
	D:/Go/src/6.824/src/kvraft/test_test.go:103 +0xe4
created by 6.824/kvraft.spawn_clients_and_wait
	D:/Go/src/6.824/src/kvraft/test_test.go:113 +0x51

goroutine 32 [select]:
6.824/kvraft.(*Clerk).Execute(0xc00044adc0, 0xc000191c70, 0xc000191c58)
	D:/Go/src/6.824/src/kvraft/client.go:52 +0x21a
6.824/kvraft.(*Clerk).Get(0xc000191cd8, {0xf60f01, 0x8})
	D:/Go/src/6.824/src/kvraft/client.go:74 +0x127
6.824/kvraft.Get(0xc00014a000, 0x2, {0xf60f01, 0x2}, 0xc000044c00, 0xc)
	D:/Go/src/6.824/src/kvraft/test_test.go:43 +0xbb
6.824/kvraft.GenericTest.func1(0xc, 0xc0000e8b40, 0xc00012e4e0)
	D:/Go/src/6.824/src/kvraft/test_test.go:284 +0x3e5
6.824/kvraft.run_client(0x0, 0xc00014a000, 0x0, 0x0, 0xc000054550)
	D:/Go/src/6.824/src/kvraft/test_test.go:103 +0xe4
created by 6.824/kvraft.spawn_clients_and_wait
	D:/Go/src/6.824/src/kvraft/test_test.go:113 +0x51

goroutine 33 [select]:
6.824/kvraft.(*Clerk).Execute(0xc000504580, 0xc000193c80, 0xc000193c68)
	D:/Go/src/6.824/src/kvraft/client.go:52 +0x21a
6.824/kvraft.(*Clerk).Append(0x8, {0xf60f03, 0xc000193d50}, {0xc0007b2a68, 0xc00043ed00})
	D:/Go/src/6.824/src/kvraft/client.go:103 +0x150
6.824/kvraft.Append(0xc00014a000, 0x2, {0xf60f03, 0x2}, {0xc0007b2a68, 0x8}, 0xc000044c00, 0xd)
	D:/Go/src/6.824/src/kvraft/test_test.go:77 +0xd5
6.824/kvraft.GenericTest.func1(0xd, 0xc0000e8b70, 0xc00012e4e0)
	D:/Go/src/6.824/src/kvraft/test_test.go:272 +0x587
6.824/kvraft.run_client(0x0, 0xc00014a000, 0x0, 0x0, 0xc000054550)
	D:/Go/src/6.824/src/kvraft/test_test.go:103 +0xe4
created by 6.824/kvraft.spawn_clients_and_wait
	D:/Go/src/6.824/src/kvraft/test_test.go:113 +0x51

goroutine 34 [select]:
6.824/kvraft.(*Clerk).Execute(0xc0005045c0, 0xc00019dc80, 0xc00019dc68)
	D:/Go/src/6.824/src/kvraft/client.go:52 +0x21a
6.824/kvraft.(*Clerk).Append(0x8, {0xf60f05, 0xc00019dd50}, {0xc0007b2220, 0xc00070dd00})
	D:/Go/src/6.824/src/kvraft/client.go:103 +0x150
6.824/kvraft.Append(0xc00014a000, 0x2, {0xf60f05, 0x2}, {0xc0007b2220, 0x8}, 0xc000044c00, 0xe)
	D:/Go/src/6.824/src/kvraft/test_test.go:77 +0xd5
6.824/kvraft.GenericTest.func1(0xe, 0xc0000e8ba0, 0xc00012e4e0)
	D:/Go/src/6.824/src/kvraft/test_test.go:272 +0x587
6.824/kvraft.run_client(0x0, 0xc00014a000, 0x0, 0x0, 0xc000054550)
	D:/Go/src/6.824/src/kvraft/test_test.go:103 +0xe4
created by 6.824/kvraft.spawn_clients_and_wait
	D:/Go/src/6.824/src/kvraft/test_test.go:113 +0x51

goroutine 35 [select]:
6.824/kvraft.(*Clerk).Execute(0xc000504600, 0xc00019fc70, 0xc00019fc58)
	D:/Go/src/6.824/src/kvraft/client.go:52 +0x21a
6.824/kvraft.(*Clerk).Get(0xc00019fcd8, {0xf60f07, 0x8})
	D:/Go/src/6.824/src/kvraft/client.go:74 +0x127
6.824/kvraft.Get(0xc00014a000, 0x2, {0xf60f07, 0x2}, 0xc000044c00, 0xf)
	D:/Go/src/6.824/src/kvraft/test_test.go:43 +0xbb
6.824/kvraft.GenericTest.func1(0xf, 0xc0000e8bd0, 0xc00012e4e0)
	D:/Go/src/6.824/src/kvraft/test_test.go:284 +0x3e5
6.824/kvraft.run_client(0x0, 0xc00014a000, 0x0, 0x0, 0xc000054550)
	D:/Go/src/6.824/src/kvraft/test_test.go:103 +0xe4
created by 6.824/kvraft.spawn_clients_and_wait
	D:/Go/src/6.824/src/kvraft/test_test.go:113 +0x51

goroutine 36 [select]:
6.824/kvraft.(*Clerk).Execute(0xc000504640, 0xc000199c70, 0xc000199c58)
	D:/Go/src/6.824/src/kvraft/client.go:52 +0x21a
6.824/kvraft.(*Clerk).Get(0xc000199cd8, {0xf60f09, 0x8})
	D:/Go/src/6.824/src/kvraft/client.go:74 +0x127
6.824/kvraft.Get(0xc00014a000, 0x2, {0xf60f09, 0x2}, 0xc000044c00, 0x10)
	D:/Go/src/6.824/src/kvraft/test_test.go:43 +0xbb
6.824/kvraft.GenericTest.func1(0x10, 0xc0000e8c00, 0xc00012e4e0)
	D:/Go/src/6.824/src/kvraft/test_test.go:284 +0x3e5
6.824/kvraft.run_client(0x0, 0xc00014a000, 0x0, 0x0, 0xc000054550)
	D:/Go/src/6.824/src/kvraft/test_test.go:103 +0xe4
created by 6.824/kvraft.spawn_clients_and_wait
	D:/Go/src/6.824/src/kvraft/test_test.go:113 +0x51

goroutine 37 [select]:
6.824/kvraft.(*Clerk).Execute(0xc000504680, 0xc00019bc70, 0xc00019bc58)
	D:/Go/src/6.824/src/kvraft/client.go:52 +0x21a
6.824/kvraft.(*Clerk).Get(0xc00019bcd8, {0xf60f0b, 0x8})
	D:/Go/src/6.824/src/kvraft/client.go:74 +0x127
6.824/kvraft.Get(0xc00014a000, 0x2, {0xf60f0b, 0x2}, 0xc000044c00, 0x11)
	D:/Go/src/6.824/src/kvraft/test_test.go:43 +0xbb
6.824/kvraft.GenericTest.func1(0x11, 0xc0000e8c30, 0xc00012e4e0)
	D:/Go/src/6.824/src/kvraft/test_test.go:284 +0x3e5
6.824/kvraft.run_client(0x0, 0xc00014a000, 0x0, 0x0, 0xc000054550)
	D:/Go/src/6.824/src/kvraft/test_test.go:103 +0xe4
created by 6.824/kvraft.spawn_clients_and_wait
	D:/Go/src/6.824/src/kvraft/test_test.go:113 +0x51

goroutine 38 [select]:
6.824/kvraft.(*Clerk).Execute(0xc0005046c0, 0xc0001a5c80, 0xc0001a5c68)
	D:/Go/src/6.824/src/kvraft/client.go:52 +0x21a
6.824/kvraft.(*Clerk).Append(0x8, {0xf60f0d, 0xc0001a5d50}, {0xc00072a238, 0xc0005c7fa0})
	D:/Go/src/6.824/src/kvraft/client.go:103 +0x150
6.824/kvraft.Append(0xc00014a000, 0x2, {0xf60f0d, 0x2}, {0xc00072a238, 0x8}, 0xc000044c00, 0x12)
	D:/Go/src/6.824/src/kvraft/test_test.go:77 +0xd5
6.824/kvraft.GenericTest.func1(0x12, 0xc0000e8c60, 0xc00012e4e0)
	D:/Go/src/6.824/src/kvraft/test_test.go:272 +0x587
6.824/kvraft.run_client(0x0, 0xc00014a000, 0x0, 0x0, 0xc000054550)
	D:/Go/src/6.824/src/kvraft/test_test.go:103 +0xe4
created by 6.824/kvraft.spawn_clients_and_wait
	D:/Go/src/6.824/src/kvraft/test_test.go:113 +0x51

goroutine 39 [select]:
6.824/kvraft.(*Clerk).Execute(0xc000164240, 0xc0001a7c80, 0xc0001a7c68)
	D:/Go/src/6.824/src/kvraft/client.go:52 +0x21a
6.824/kvraft.(*Clerk).Append(0x8, {0xf60f0f, 0xc0001a7d50}, {0xc0007b2ef8, 0xc00043f820})
	D:/Go/src/6.824/src/kvraft/client.go:103 +0x150
6.824/kvraft.Append(0xc00014a000, 0x2, {0xf60f0f, 0x2}, {0xc0007b2ef8, 0x8}, 0xc000044c00, 0x13)
	D:/Go/src/6.824/src/kvraft/test_test.go:77 +0xd5
6.824/kvraft.GenericTest.func1(0x13, 0xc00000ce70, 0xc00012e4e0)
	D:/Go/src/6.824/src/kvraft/test_test.go:272 +0x587
6.824/kvraft.run_client(0x0, 0xc00014a000, 0x0, 0x0, 0xc000054550)
	D:/Go/src/6.824/src/kvraft/test_test.go:103 +0xe4
created by 6.824/kvraft.spawn_clients_and_wait
	D:/Go/src/6.824/src/kvraft/test_test.go:113 +0x51

goroutine 597935 [chan receive]:
6.824/labrpc.(*ClientEnd).Call(0xc000484560, {0xf53cce, 0xc00024e960}, {0xf26460, 0xc0000eaf30}, {0xf16540, 0xc000438d50})
	D:/Go/src/6.824/src/labrpc/labrpc.go:112 +0x26e
6.824/kvraft.(*Clerk).Execute.func1(0x3, {0x1, {0xf60f0b, 0x2}, {0x0, 0x0}, 0xe0ef5cea, 0xf}, 0x4)
	D:/Go/src/6.824/src/kvraft/client.go:47 +0x11b
created by 6.824/kvraft.(*Clerk).Execute
	D:/Go/src/6.824/src/kvraft/client.go:45 +0x1b3

goroutine 597742 [select]:
6.824/labrpc.(*Network).processReq(0xc000054190, {{0xf1e7c0, 0xc00043e7b0}, {0xf53cce, 0xb}, {0xfa1560, 0xf26460}, {0xc00057c420, 0x66, 0xb0}, ...})
	D:/Go/src/6.824/src/labrpc/labrpc.go:251 +0x41c
created by 6.824/labrpc.MakeNetwork.func1
	D:/Go/src/6.824/src/labrpc/labrpc.go:157 +0x3e

goroutine 18874 [sleep]:
time.Sleep(0xbebc200)
	D:/ProgramFiles/Go/src/runtime/time.go:193 +0x133
6.824/raft.(*Raft).electionTicker(0xc00014c4b0)
	D:/Go/src/6.824/src/raft/raft.go:630 +0x95
created by 6.824/raft.Make
	D:/Go/src/6.824/src/raft/raft.go:672 +0x2a7

goroutine 597580 [chan receive]:
6.824/labrpc.(*ClientEnd).Call(0xc0000450c0, {0xf53cce, 0xf1dfc0}, {0xf26460, 0xc0002188d0}, {0xf16540, 0xc000356df8})
	D:/Go/src/6.824/src/labrpc/labrpc.go:112 +0x26e
6.824/kvraft.(*Clerk).Execute.func1(0x3, {0x1, {0xf5bf8b, 0x1}, {0x0, 0x0}, 0x4de1d17d, 0x12}, 0xc000054190)
	D:/Go/src/6.824/src/kvraft/client.go:47 +0x11b
created by 6.824/kvraft.(*Clerk).Execute
	D:/Go/src/6.824/src/kvraft/client.go:45 +0x1b3

goroutine 597780 [chan receive]:
6.824/labrpc.(*ClientEnd).Call(0xc000045180, {0xf53cce, 0xf1dfc0}, {0xf26460, 0xc00030cd20}, {0xf16540, 0xc00052f8d8})
	D:/Go/src/6.824/src/labrpc/labrpc.go:112 +0x26e
6.824/kvraft.(*Clerk).Execute.func1(0x3, {0x1, {0xf5bf8c, 0x1}, {0x0, 0x0}, 0x2cc1deb5, 0xf}, 0xc000054190)
	D:/Go/src/6.824/src/kvraft/client.go:47 +0x11b
created by 6.824/kvraft.(*Clerk).Execute
	D:/Go/src/6.824/src/kvraft/client.go:45 +0x1b3

goroutine 598000 [select]:
6.824/kvraft.(*KVServer).Do(0xc000220960, 0xc0002b1b30, 0xc0002b34a0)
	D:/Go/src/6.824/src/kvraft/server.go:71 +0x2f4
reflect.Value.call({0xc000052180, 0xc000616190, 0xc0001f9b10}, {0xf527a2, 0x4}, {0xc0001f9c68, 0x3, 0xc0001f9b40})
	D:/ProgramFiles/Go/src/reflect/value.go:543 +0x814
reflect.Value.Call({0xc000052180, 0xc000616190, 0xc0001cf9e8}, {0xc0001f9c68, 0x3, 0x3})
	D:/ProgramFiles/Go/src/reflect/value.go:339 +0xc5
6.824/labrpc.(*Service).dispatch(0xc000504740, {0xf53cd7, 0x2}, {{0xf1e7c0, 0xc000170da0}, {0xf53cce, 0xb}, {0xfa1560, 0xf26460}, {0xc00010bb80, ...}, ...})
	D:/Go/src/6.824/src/labrpc/labrpc.go:496 +0x39d
6.824/labrpc.(*Server).dispatch(0xc0003fe4b0, {{0xf1e7c0, 0xc000170da0}, {0xf53cce, 0xb}, {0xfa1560, 0xf26460}, {0xc00010bb80, 0x64, 0xae}, ...})
	D:/Go/src/6.824/src/labrpc/labrpc.go:420 +0x1fe
6.824/labrpc.(*Network).processReq.func1()
	D:/Go/src/6.824/src/labrpc/labrpc.go:240 +0x58
created by 6.824/labrpc.(*Network).processReq
	D:/Go/src/6.824/src/labrpc/labrpc.go:239 +0x1df

goroutine 597781 [select]:
6.824/labrpc.(*Network).processReq(0xc000054190, {{0xf1e7c0, 0xc0001709e0}, {0xf53cce, 0xb}, {0xfa1560, 0xf26460}, {0xc00010a6e0, 0x5b, 0xa5}, ...})
	D:/Go/src/6.824/src/labrpc/labrpc.go:251 +0x41c
created by 6.824/labrpc.MakeNetwork.func1
	D:/Go/src/6.824/src/labrpc/labrpc.go:157 +0x3e

goroutine 597977 [chan receive]:
6.824/labrpc.(*ClientEnd).Call(0xc000044f40, {0xf53cce, 0xc000347140}, {0xf26460, 0xc000218ae0}, {0xf16540, 0xc000315c98})
	D:/Go/src/6.824/src/labrpc/labrpc.go:112 +0x26e
6.824/kvraft.(*Clerk).Execute.func1(0x2, {0x3, {0xf5bf89, 0x1}, {0xc0007b2bb0, 0x7}, 0xc7bef74d, 0xb}, 0x4)
	D:/Go/src/6.824/src/kvraft/client.go:47 +0x11b
created by 6.824/kvraft.(*Clerk).Execute
	D:/Go/src/6.824/src/kvraft/client.go:45 +0x1b3

goroutine 597914 [chan receive]:
6.824/labrpc.(*ClientEnd).Call(0xc0000f02a0, {0xf53cce, 0x2f1b}, {0xf26460, 0xc00017c390}, {0xf16540, 0xc0004bf7e8})
	D:/Go/src/6.824/src/labrpc/labrpc.go:112 +0x26e
6.824/kvraft.(*Clerk).Execute.func1(0x0, {0x3, {0xf60efd, 0x2}, {0xc0002eb558, 0x8}, 0x3c01455f, 0xc}, 0xc000054190)
	D:/Go/src/6.824/src/kvraft/client.go:47 +0x11b
created by 6.824/kvraft.(*Clerk).Execute
	D:/Go/src/6.824/src/kvraft/client.go:45 +0x1b3

goroutine 597894 [select]:
6.824/kvraft.(*KVServer).Do(0xc000220960, 0xc0007ff590, 0xc0004be120)
	D:/Go/src/6.824/src/kvraft/server.go:71 +0x2f4
reflect.Value.call({0xc000052180, 0xc000616190, 0xc000591b10}, {0xf527a2, 0x4}, {0xc000591c68, 0x3, 0xc000591b40})
	D:/ProgramFiles/Go/src/reflect/value.go:543 +0x814
reflect.Value.Call({0xc000052180, 0xc000616190, 0xc000287628}, {0xc000591c68, 0x3, 0x3})
	D:/ProgramFiles/Go/src/reflect/value.go:339 +0xc5
6.824/labrpc.(*Service).dispatch(0xc000504740, {0xf53cd7, 0x2}, {{0xf1e7c0, 0xc000170620}, {0xf53cce, 0xb}, {0xfa1560, 0xf26460}, {0xc00010aa50, ...}, ...})
	D:/Go/src/6.824/src/labrpc/labrpc.go:496 +0x39d
6.824/labrpc.(*Server).dispatch(0xc0003fe4b0, {{0xf1e7c0, 0xc000170620}, {0xf53cce, 0xb}, {0xfa1560, 0xf26460}, {0xc00010aa50, 0x64, 0xae}, ...})
	D:/Go/src/6.824/src/labrpc/labrpc.go:420 +0x1fe
6.824/labrpc.(*Network).processReq.func1()
	D:/Go/src/6.824/src/labrpc/labrpc.go:240 +0x58
created by 6.824/labrpc.(*Network).processReq
	D:/Go/src/6.824/src/labrpc/labrpc.go:239 +0x1df

goroutine 597956 [chan receive]:
6.824/labrpc.(*ClientEnd).Call(0xc0004843e0, {0xf53cce, 0xc000269f98}, {0xf26460, 0xc0006e60c0}, {0xf16540, 0xc0003145d0})
	D:/Go/src/6.824/src/labrpc/labrpc.go:112 +0x26e
6.824/kvraft.(*Clerk).Execute.func1(0x4, {0x1, {0xf60f07, 0x2}, {0x0, 0x0}, 0x77786cd8, 0x10}, 0x0)
	D:/Go/src/6.824/src/kvraft/client.go:47 +0x11b
created by 6.824/kvraft.(*Clerk).Execute
	D:/Go/src/6.824/src/kvraft/client.go:45 +0x1b3

goroutine 597998 [chan receive]:
6.824/labrpc.(*ClientEnd).Call(0xc000045480, {0xf53cce, 0xc000551bc0}, {0xf26460, 0xc0002b1620}, {0xf16540, 0xc0002b32d8})
	D:/Go/src/6.824/src/labrpc/labrpc.go:112 +0x26e
6.824/kvraft.(*Clerk).Execute.func1(0x4, {0x3, {0xf5bf90, 0x1}, {0xc0007b2660, 0x7}, 0x5e31cac7, 0xc}, 0x4)
	D:/Go/src/6.824/src/kvraft/client.go:47 +0x11b
created by 6.824/kvraft.(*Clerk).Execute
	D:/Go/src/6.824/src/kvraft/client.go:45 +0x1b3

goroutine 597552 [select]:
6.824/kvraft.(*KVServer).Do(0xc000220960, 0xc0006d7b00, 0xc0002da000)
	D:/Go/src/6.824/src/kvraft/server.go:71 +0x2f4
reflect.Value.call({0xc000052180, 0xc000616190, 0xc0005f3b10}, {0xf527a2, 0x4}, {0xc0005f3c68, 0x3, 0xc0005f3b40})
	D:/ProgramFiles/Go/src/reflect/value.go:543 +0x814
reflect.Value.Call({0xc000052180, 0xc000616190, 0xc000007b00}, {0xc0005f3c68, 0x3, 0x3})
	D:/ProgramFiles/Go/src/reflect/value.go:339 +0xc5
6.824/labrpc.(*Service).dispatch(0xc000504740, {0xf53cd7, 0x2}, {{0xf1e7c0, 0xc00043e3f0}, {0xf53cce, 0xb}, {0xfa1560, 0xf26460}, {0xc0004f6420, ...}, ...})
	D:/Go/src/6.824/src/labrpc/labrpc.go:496 +0x39d
6.824/labrpc.(*Server).dispatch(0xc0003fe4b0, {{0xf1e7c0, 0xc00043e3f0}, {0xf53cce, 0xb}, {0xfa1560, 0xf26460}, {0xc0004f6420, 0x66, 0xb0}, ...})
	D:/Go/src/6.824/src/labrpc/labrpc.go:420 +0x1fe
6.824/labrpc.(*Network).processReq.func1()
	D:/Go/src/6.824/src/labrpc/labrpc.go:240 +0x58
created by 6.824/labrpc.(*Network).processReq
	D:/Go/src/6.824/src/labrpc/labrpc.go:239 +0x1df

goroutine 598204 [select]:
6.824/labrpc.(*Network).processReq(0xc000054190, {{0xf1e7c0, 0xc000170800}, {0xf53cce, 0xb}, {0xfa1560, 0xf26460}, {0xc00053a6e0, 0x64, 0xae}, ...})
	D:/Go/src/6.824/src/labrpc/labrpc.go:251 +0x41c
created by 6.824/labrpc.MakeNetwork.func1
	D:/Go/src/6.824/src/labrpc/labrpc.go:157 +0x3e

goroutine 597936 [select]:
6.824/labrpc.(*Network).processReq(0xc000054190, {{0xf1e7c0, 0xc00043e6c0}, {0xf53cce, 0xb}, {0xfa1560, 0xf26460}, {0xc00010b130, 0x5c, 0xa6}, ...})
	D:/Go/src/6.824/src/labrpc/labrpc.go:251 +0x41c
created by 6.824/labrpc.MakeNetwork.func1
	D:/Go/src/6.824/src/labrpc/labrpc.go:157 +0x3e

goroutine 597741 [chan receive]:
6.824/labrpc.(*ClientEnd).Call(0xc000484620, {0xf53cce, 0xf1dfc0}, {0xf26460, 0xc000804fc0}, {0xf16540, 0xc0004971b8})
	D:/Go/src/6.824/src/labrpc/labrpc.go:112 +0x26e
6.824/kvraft.(*Clerk).Execute.func1(0x2, {0x3, {0xf60f0d, 0x2}, {0xc00072a238, 0x8}, 0xf1195a8, 0xa}, 0xc000054190)
	D:/Go/src/6.824/src/kvraft/client.go:47 +0x11b
created by 6.824/kvraft.(*Clerk).Execute
	D:/Go/src/6.824/src/kvraft/client.go:45 +0x1b3

goroutine 597958 [select]:
6.824/kvraft.(*KVServer).Do(0xc000220960, 0xc0006e6480, 0xc0003147c8)
	D:/Go/src/6.824/src/kvraft/server.go:71 +0x2f4
reflect.Value.call({0xc000052180, 0xc000616190, 0xc000211b10}, {0xf527a2, 0x4}, {0xc000211c68, 0x3, 0xc000211b40})
	D:/ProgramFiles/Go/src/reflect/value.go:543 +0x814
reflect.Value.Call({0xc000052180, 0xc000616190, 0xc0001ce088}, {0xc000211c68, 0x3, 0x3})
	D:/ProgramFiles/Go/src/reflect/value.go:339 +0xc5
6.824/labrpc.(*Service).dispatch(0xc000504740, {0xf53cd7, 0x2}, {{0xf1e7c0, 0xc00043e4e0}, {0xf53cce, 0xb}, {0xfa1560, 0xf26460}, {0xc00010b4a0, ...}, ...})
	D:/Go/src/6.824/src/labrpc/labrpc.go:496 +0x39d
6.824/labrpc.(*Server).dispatch(0xc0003fe4b0, {{0xf1e7c0, 0xc00043e4e0}, {0xf53cce, 0xb}, {0xfa1560, 0xf26460}, {0xc00010b4a0, 0x5c, 0xa6}, ...})
	D:/Go/src/6.824/src/labrpc/labrpc.go:420 +0x1fe
6.824/labrpc.(*Network).processReq.func1()
	D:/Go/src/6.824/src/labrpc/labrpc.go:240 +0x58
created by 6.824/labrpc.(*Network).processReq
	D:/Go/src/6.824/src/labrpc/labrpc.go:239 +0x1df

goroutine 18875 [chan receive]:
6.824/kvraft.(*KVServer).doExecute(0xc000220960)
	D:/Go/src/6.824/src/kvraft/server.go:125 +0x70
created by 6.824/kvraft.StartKVServer
	D:/Go/src/6.824/src/kvraft/server.go:201 +0x207

goroutine 597937 [select]:
6.824/kvraft.(*KVServer).Do(0xc000220960, 0xc0000eb350, 0xc000438f18)
	D:/Go/src/6.824/src/kvraft/server.go:71 +0x2f4
reflect.Value.call({0xc000052180, 0xc000616190, 0xc00022db10}, {0xf527a2, 0x4}, {0xc00022dc68, 0x3, 0xc00022db40})
	D:/ProgramFiles/Go/src/reflect/value.go:543 +0x814
reflect.Value.Call({0xc000052180, 0xc000616190, 0xc0006ff1c8}, {0xc00022dc68, 0x3, 0x3})
	D:/ProgramFiles/Go/src/reflect/value.go:339 +0xc5
6.824/labrpc.(*Service).dispatch(0xc000504740, {0xf53cd7, 0x2}, {{0xf1e7c0, 0xc00043e6c0}, {0xf53cce, 0xb}, {0xfa1560, 0xf26460}, {0xc00010b130, ...}, ...})
	D:/Go/src/6.824/src/labrpc/labrpc.go:496 +0x39d
6.824/labrpc.(*Server).dispatch(0xc0003fe4b0, {{0xf1e7c0, 0xc00043e6c0}, {0xf53cce, 0xb}, {0xfa1560, 0xf26460}, {0xc00010b130, 0x5c, 0xa6}, ...})
	D:/Go/src/6.824/src/labrpc/labrpc.go:420 +0x1fe
6.824/labrpc.(*Network).processReq.func1()
	D:/Go/src/6.824/src/labrpc/labrpc.go:240 +0x58
created by 6.824/labrpc.(*Network).processReq
	D:/Go/src/6.824/src/labrpc/labrpc.go:239 +0x1df

goroutine 18931 [chan receive]:
6.824/kvraft.(*KVServer).doExecute(0xc000220c80)
	D:/Go/src/6.824/src/kvraft/server.go:125 +0x70
created by 6.824/kvraft.StartKVServer
	D:/Go/src/6.824/src/kvraft/server.go:201 +0x207

goroutine 597861 [select]:
6.824/labrpc.(*Network).processReq(0xc000054190, {{0xf1e7c0, 0xc000170440}, {0xf53cce, 0xb}, {0xfa1560, 0xf26460}, {0xc00053a840, 0x66, 0xb0}, ...})
	D:/Go/src/6.824/src/labrpc/labrpc.go:251 +0x41c
created by 6.824/labrpc.MakeNetwork.func1
	D:/Go/src/6.824/src/labrpc/labrpc.go:157 +0x3e

goroutine 18930 [sleep]:
time.Sleep(0x11584ec0)
	D:/ProgramFiles/Go/src/runtime/time.go:193 +0x133
6.824/raft.(*Raft).electionTicker(0xc00014c870)
	D:/Go/src/6.824/src/raft/raft.go:630 +0x95
created by 6.824/raft.Make
	D:/Go/src/6.824/src/raft/raft.go:672 +0x2a7

goroutine 597709 [select]:
6.824/labrpc.(*Network).processReq(0xc000054190, {{0xf1e7c0, 0xc000170ad0}, {0xf53cce, 0xb}, {0xfa1560, 0xf26460}, {0xc00053a420, 0x5b, 0xa5}, ...})
	D:/Go/src/6.824/src/labrpc/labrpc.go:251 +0x41c
created by 6.824/labrpc.MakeNetwork.func1
	D:/Go/src/6.824/src/labrpc/labrpc.go:157 +0x3e

goroutine 18954 [sleep]:
time.Sleep(0x4c4b400)
	D:/ProgramFiles/Go/src/runtime/time.go:193 +0x133
6.824/raft.(*Raft).heartTicker(0xc00014c4b0, 0xc000054190)
	D:/Go/src/6.824/src/raft/raft.go:618 +0x4f
created by 6.824/raft.(*Raft).BeLeader
	D:/Go/src/6.824/src/raft/raft.go:610 +0xcf

goroutine 598018 [chan receive]:
6.824/labrpc.(*ClientEnd).Call(0xc000045300, {0xf53cce, 0x0}, {0xf26460, 0xc0006e43f0}, {0xf16540, 0xc0003dc258})
	D:/Go/src/6.824/src/labrpc/labrpc.go:112 +0x26e
6.824/kvraft.(*Clerk).Execute.func1(0x1, {0x1, {0xf5bf8e, 0x1}, {0x0, 0x0}, 0xee4ae89, 0xc}, 0x0)
	D:/Go/src/6.824/src/kvraft/client.go:47 +0x11b
created by 6.824/kvraft.(*Clerk).Execute
	D:/Go/src/6.824/src/kvraft/client.go:45 +0x1b3

goroutine 598205 [select]:
6.824/kvraft.(*KVServer).Do(0xc000220960, 0xc00030cb40, 0xc0005ab8f0)
	D:/Go/src/6.824/src/kvraft/server.go:71 +0x2f4
reflect.Value.call({0xc000052180, 0xc000616190, 0xc00015db10}, {0xf527a2, 0x4}, {0xc00015dc68, 0x3, 0xc00015db40})
	D:/ProgramFiles/Go/src/reflect/value.go:543 +0x814
reflect.Value.Call({0xc000052180, 0xc000616190, 0xc0003838a8}, {0xc00015dc68, 0x3, 0x3})
	D:/ProgramFiles/Go/src/reflect/value.go:339 +0xc5
6.824/labrpc.(*Service).dispatch(0xc000504740, {0xf53cd7, 0x2}, {{0xf1e7c0, 0xc000170800}, {0xf53cce, 0xb}, {0xfa1560, 0xf26460}, {0xc00053a6e0, ...}, ...})
	D:/Go/src/6.824/src/labrpc/labrpc.go:496 +0x39d
6.824/labrpc.(*Server).dispatch(0xc0003fe4b0, {{0xf1e7c0, 0xc000170800}, {0xf53cce, 0xb}, {0xfa1560, 0xf26460}, {0xc00053a6e0, 0x64, 0xae}, ...})
	D:/Go/src/6.824/src/labrpc/labrpc.go:420 +0x1fe
6.824/labrpc.(*Network).processReq.func1()
	D:/Go/src/6.824/src/labrpc/labrpc.go:240 +0x58
created by 6.824/labrpc.(*Network).processReq
	D:/Go/src/6.824/src/labrpc/labrpc.go:239 +0x1df

goroutine 597743 [select]:
6.824/kvraft.(*KVServer).Do(0xc000220960, 0xc000805380, 0xc0004973f8)
	D:/Go/src/6.824/src/kvraft/server.go:71 +0x2f4
reflect.Value.call({0xc000052180, 0xc000616190, 0xc0000b5b10}, {0xf527a2, 0x4}, {0xc0000b5c68, 0x3, 0xc0000b5b40})
	D:/ProgramFiles/Go/src/reflect/value.go:543 +0x814
reflect.Value.Call({0xc000052180, 0xc000616190, 0xc0005a0ea0}, {0xc0000b5c68, 0x3, 0x3})
	D:/ProgramFiles/Go/src/reflect/value.go:339 +0xc5
6.824/labrpc.(*Service).dispatch(0xc000504740, {0xf53cd7, 0x2}, {{0xf1e7c0, 0xc00043e7b0}, {0xf53cce, 0xb}, {0xfa1560, 0xf26460}, {0xc00057c420, ...}, ...})
	D:/Go/src/6.824/src/labrpc/labrpc.go:496 +0x39d
6.824/labrpc.(*Server).dispatch(0xc0003fe4b0, {{0xf1e7c0, 0xc00043e7b0}, {0xf53cce, 0xb}, {0xfa1560, 0xf26460}, {0xc00057c420, 0x66, 0xb0}, ...})
	D:/Go/src/6.824/src/labrpc/labrpc.go:420 +0x1fe
6.824/labrpc.(*Network).processReq.func1()
	D:/Go/src/6.824/src/labrpc/labrpc.go:240 +0x58
created by 6.824/labrpc.(*Network).processReq
	D:/Go/src/6.824/src/labrpc/labrpc.go:239 +0x1df

goroutine 597710 [select]:
6.824/kvraft.(*KVServer).Do(0xc000220960, 0xc0005d4d80, 0xc0004bc8d0)
	D:/Go/src/6.824/src/kvraft/server.go:71 +0x2f4
reflect.Value.call({0xc000052180, 0xc000616190, 0xc000229b10}, {0xf527a2, 0x4}, {0xc000229c68, 0x3, 0xc000229b40})
	D:/ProgramFiles/Go/src/reflect/value.go:543 +0x814
reflect.Value.Call({0xc000052180, 0xc000616190, 0xc000383528}, {0xc000229c68, 0x3, 0x3})
	D:/ProgramFiles/Go/src/reflect/value.go:339 +0xc5
6.824/labrpc.(*Service).dispatch(0xc000504740, {0xf53cd7, 0x2}, {{0xf1e7c0, 0xc000170ad0}, {0xf53cce, 0xb}, {0xfa1560, 0xf26460}, {0xc00053a420, ...}, ...})
	D:/Go/src/6.824/src/labrpc/labrpc.go:496 +0x39d
6.824/labrpc.(*Server).dispatch(0xc0003fe4b0, {{0xf1e7c0, 0xc000170ad0}, {0xf53cce, 0xb}, {0xfa1560, 0xf26460}, {0xc00053a420, 0x5b, 0xa5}, ...})
	D:/Go/src/6.824/src/labrpc/labrpc.go:420 +0x1fe
6.824/labrpc.(*Network).processReq.func1()
	D:/Go/src/6.824/src/labrpc/labrpc.go:240 +0x58
created by 6.824/labrpc.(*Network).processReq
	D:/Go/src/6.824/src/labrpc/labrpc.go:239 +0x1df

goroutine 597892 [chan receive]:
6.824/labrpc.(*ClientEnd).Call(0xc000044e80, {0xf53cce, 0x2f44}, {0xf26460, 0xc0007ff200}, {0xf16540, 0xc000153f38})
	D:/Go/src/6.824/src/labrpc/labrpc.go:112 +0x26e
6.824/kvraft.(*Clerk).Execute.func1(0x3, {0x3, {0xf5bf88, 0x1}, {0xc000709a80, 0x7}, 0xc2a9b185, 0xe}, 0xc000054190)
	D:/Go/src/6.824/src/kvraft/client.go:47 +0x11b
created by 6.824/kvraft.(*Clerk).Execute
	D:/Go/src/6.824/src/kvraft/client.go:45 +0x1b3

goroutine 598126 [select]:
6.824/labrpc.(*Network).processReq(0xc000054190, {{0xf1e7c0, 0xc000446db0}, {0xf53cce, 0xb}, {0xfa1560, 0xf26460}, {0xc00053a2c0, 0x66, 0xb0}, ...})
	D:/Go/src/6.824/src/labrpc/labrpc.go:251 +0x41c
created by 6.824/labrpc.MakeNetwork.func1
	D:/Go/src/6.824/src/labrpc/labrpc.go:157 +0x3e

goroutine 598203 [chan receive]:
6.824/labrpc.(*ClientEnd).Call(0xc000045000, {0xf53cce, 0xf1dfc0}, {0xf26460, 0xc00030c780}, {0xf16540, 0xc0005ab710})
	D:/Go/src/6.824/src/labrpc/labrpc.go:112 +0x26e
6.824/kvraft.(*Clerk).Execute.func1(0x1, {0x3, {0xf5bf8a, 0x1}, {0xc0002eb410, 0x7}, 0x4546bf5c, 0x10}, 0xc000054190)
	D:/Go/src/6.824/src/kvraft/client.go:47 +0x11b
created by 6.824/kvraft.(*Clerk).Execute
	D:/Go/src/6.824/src/kvraft/client.go:45 +0x1b3

goroutine 18878 [sleep]:
time.Sleep(0xee6b280)
	D:/ProgramFiles/Go/src/runtime/time.go:193 +0x133
6.824/raft.(*Raft).electionTicker(0xc00014c690)
	D:/Go/src/6.824/src/raft/raft.go:630 +0x95
created by 6.824/raft.Make
	D:/Go/src/6.824/src/raft/raft.go:672 +0x2a7

goroutine 597581 [select]:
6.824/labrpc.(*Network).processReq(0xc000054190, {{0xf1e7c0, 0xc0001708f0}, {0xf53cce, 0xb}, {0xfa1560, 0xf26460}, {0xc00057c2c0, 0x5b, 0xa5}, ...})
	D:/Go/src/6.824/src/labrpc/labrpc.go:251 +0x41c
created by 6.824/labrpc.MakeNetwork.func1
	D:/Go/src/6.824/src/labrpc/labrpc.go:157 +0x3e

goroutine 598081 [select]:
6.824/kvraft.(*KVServer).Do(0xc000220960, 0xc0001c34a0, 0xc00050bcb0)
	D:/Go/src/6.824/src/kvraft/server.go:71 +0x2f4
reflect.Value.call({0xc000052180, 0xc000616190, 0xc00020db10}, {0xf527a2, 0x4}, {0xc00020dc68, 0x3, 0xc00020db40})
	D:/ProgramFiles/Go/src/reflect/value.go:543 +0x814
reflect.Value.Call({0xc000052180, 0xc000616190, 0xc0005a0f00}, {0xc00020dc68, 0x3, 0x3})
	D:/ProgramFiles/Go/src/reflect/value.go:339 +0xc5
6.824/labrpc.(*Service).dispatch(0xc000504740, {0xf53cd7, 0x2}, {{0xf1e7c0, 0xc000446cc0}, {0xf53cce, 0xb}, {0xfa1560, 0xf26460}, {0xc00057c000, ...}, ...})
	D:/Go/src/6.824/src/labrpc/labrpc.go:496 +0x39d
6.824/labrpc.(*Server).dispatch(0xc0003fe4b0, {{0xf1e7c0, 0xc000446cc0}, {0xf53cce, 0xb}, {0xfa1560, 0xf26460}, {0xc00057c000, 0x5c, 0xa6}, ...})
	D:/Go/src/6.824/src/labrpc/labrpc.go:420 +0x1fe
6.824/labrpc.(*Network).processReq.func1()
	D:/Go/src/6.824/src/labrpc/labrpc.go:240 +0x58
created by 6.824/labrpc.(*Network).processReq
	D:/Go/src/6.824/src/labrpc/labrpc.go:239 +0x1df

goroutine 597676 [select]:
6.824/kvraft.(*KVServer).Do(0xc000220960, 0xc000366d80, 0xc000395740)
	D:/Go/src/6.824/src/kvraft/server.go:71 +0x2f4
reflect.Value.call({0xc000052180, 0xc000616190, 0xc0004f3b10}, {0xf527a2, 0x4}, {0xc0004f3c68, 0x3, 0xc0004f3b40})
	D:/ProgramFiles/Go/src/reflect/value.go:543 +0x814
reflect.Value.Call({0xc000052180, 0xc000616190, 0xc0004fec98}, {0xc0004f3c68, 0x3, 0x3})
	D:/ProgramFiles/Go/src/reflect/value.go:339 +0xc5
6.824/labrpc.(*Service).dispatch(0xc000504740, {0xf53cd7, 0x2}, {{0xf1e7c0, 0xc000170530}, {0xf53cce, 0xb}, {0xfa1560, 0xf26460}, {0xc00010a370, ...}, ...})
	D:/Go/src/6.824/src/labrpc/labrpc.go:496 +0x39d
6.824/labrpc.(*Server).dispatch(0xc0003fe4b0, {{0xf1e7c0, 0xc000170530}, {0xf53cce, 0xb}, {0xfa1560, 0xf26460}, {0xc00010a370, 0x64, 0xae}, ...})
	D:/Go/src/6.824/src/labrpc/labrpc.go:420 +0x1fe
6.824/labrpc.(*Network).processReq.func1()
	D:/Go/src/6.824/src/labrpc/labrpc.go:240 +0x58
created by 6.824/labrpc.(*Network).processReq
	D:/Go/src/6.824/src/labrpc/labrpc.go:239 +0x1df

goroutine 597862 [select]:
6.824/kvraft.(*KVServer).Do(0xc000220960, 0xc0002efd10, 0xc000004570)
	D:/Go/src/6.824/src/kvraft/server.go:71 +0x2f4
reflect.Value.call({0xc000052180, 0xc000616190, 0xc000529b10}, {0xf527a2, 0x4}, {0xc000529c68, 0x3, 0xc000529b40})
	D:/ProgramFiles/Go/src/reflect/value.go:543 +0x814
reflect.Value.Call({0xc000052180, 0xc000616190, 0xc000006e20}, {0xc000529c68, 0x3, 0x3})
	D:/ProgramFiles/Go/src/reflect/value.go:339 +0xc5
6.824/labrpc.(*Service).dispatch(0xc000504740, {0xf53cd7, 0x2}, {{0xf1e7c0, 0xc000170440}, {0xf53cce, 0xb}, {0xfa1560, 0xf26460}, {0xc00053a840, ...}, ...})
	D:/Go/src/6.824/src/labrpc/labrpc.go:496 +0x39d
6.824/labrpc.(*Server).dispatch(0xc0003fe4b0, {{0xf1e7c0, 0xc000170440}, {0xf53cce, 0xb}, {0xfa1560, 0xf26460}, {0xc00053a840, 0x66, 0xb0}, ...})
	D:/Go/src/6.824/src/labrpc/labrpc.go:420 +0x1fe
6.824/labrpc.(*Network).processReq.func1()
	D:/Go/src/6.824/src/labrpc/labrpc.go:240 +0x58
created by 6.824/labrpc.(*Network).processReq
	D:/Go/src/6.824/src/labrpc/labrpc.go:239 +0x1df

goroutine 597582 [select]:
6.824/kvraft.(*KVServer).Do(0xc000220960, 0xc000218c90, 0xc000356fc0)
	D:/Go/src/6.824/src/kvraft/server.go:71 +0x2f4
reflect.Value.call({0xc000052180, 0xc000616190, 0xc000095b10}, {0xf527a2, 0x4}, {0xc000095c68, 0x3, 0xc000095b40})
	D:/ProgramFiles/Go/src/reflect/value.go:543 +0x814
reflect.Value.Call({0xc000052180, 0xc000616190, 0xc0004fe9b0}, {0xc000095c68, 0x3, 0x3})
	D:/ProgramFiles/Go/src/reflect/value.go:339 +0xc5
6.824/labrpc.(*Service).dispatch(0xc000504740, {0xf53cd7, 0x2}, {{0xf1e7c0, 0xc0001708f0}, {0xf53cce, 0xb}, {0xfa1560, 0xf26460}, {0xc00057c2c0, ...}, ...})
	D:/Go/src/6.824/src/labrpc/labrpc.go:496 +0x39d
6.824/labrpc.(*Server).dispatch(0xc0003fe4b0, {{0xf1e7c0, 0xc0001708f0}, {0xf53cce, 0xb}, {0xfa1560, 0xf26460}, {0xc00057c2c0, 0x5b, 0xa5}, ...})
	D:/Go/src/6.824/src/labrpc/labrpc.go:420 +0x1fe
6.824/labrpc.(*Network).processReq.func1()
	D:/Go/src/6.824/src/labrpc/labrpc.go:240 +0x58
created by 6.824/labrpc.(*Network).processReq
	D:/Go/src/6.824/src/labrpc/labrpc.go:239 +0x1df

goroutine 597957 [select]:
6.824/labrpc.(*Network).processReq(0xc000054190, {{0xf1e7c0, 0xc00043e4e0}, {0xf53cce, 0xb}, {0xfa1560, 0xf26460}, {0xc00010b4a0, 0x5c, 0xa6}, ...})
	D:/Go/src/6.824/src/labrpc/labrpc.go:251 +0x41c
created by 6.824/labrpc.MakeNetwork.func1
	D:/Go/src/6.824/src/labrpc/labrpc.go:157 +0x3e

goroutine 598020 [select]:
6.824/kvraft.(*KVServer).Do(0xc000220960, 0xc0006e47e0, 0xc0003dc450)
	D:/Go/src/6.824/src/kvraft/server.go:71 +0x2f4
reflect.Value.call({0xc000052180, 0xc000616190, 0xc0004ddb10}, {0xf527a2, 0x4}, {0xc0004ddc68, 0x3, 0xc0004ddb40})
	D:/ProgramFiles/Go/src/reflect/value.go:543 +0x814
reflect.Value.Call({0xc000052180, 0xc000616190, 0xc00033d3e0}, {0xc0004ddc68, 0x3, 0x3})
	D:/ProgramFiles/Go/src/reflect/value.go:339 +0xc5
6.824/labrpc.(*Service).dispatch(0xc000504740, {0xf53cd7, 0x2}, {{0xf1e7c0, 0xc000170bc0}, {0xf53cce, 0xb}, {0xfa1560, 0xf26460}, {0xc0004f6370, ...}, ...})
	D:/Go/src/6.824/src/labrpc/labrpc.go:496 +0x39d
6.824/labrpc.(*Server).dispatch(0xc0003fe4b0, {{0xf1e7c0, 0xc000170bc0}, {0xf53cce, 0xb}, {0xfa1560, 0xf26460}, {0xc0004f6370, 0x5b, 0xa5}, ...})
	D:/Go/src/6.824/src/labrpc/labrpc.go:420 +0x1fe
6.824/labrpc.(*Network).processReq.func1()
	D:/Go/src/6.824/src/labrpc/labrpc.go:240 +0x58
created by 6.824/labrpc.(*Network).processReq
	D:/Go/src/6.824/src/labrpc/labrpc.go:239 +0x1df

goroutine 598125 [chan receive]:
6.824/labrpc.(*ClientEnd).Call(0xc000442c20, {0xf53cce, 0xf1dfc0}, {0xf26460, 0xc0003c3860}, {0xf16540, 0xc000394c30})
	D:/Go/src/6.824/src/labrpc/labrpc.go:112 +0x26e
6.824/kvraft.(*Clerk).Execute.func1(0x1, {0x3, {0xf60f03, 0x2}, {0xc0007b2a68, 0x8}, 0xe6cd6b2f, 0x13}, 0xc000054190)
	D:/Go/src/6.824/src/kvraft/client.go:47 +0x11b
created by 6.824/kvraft.(*Clerk).Execute
	D:/Go/src/6.824/src/kvraft/client.go:45 +0x1b3

goroutine 598144 [select]:
6.824/labrpc.(*Network).processReq(0xc000054190, {{0xf1e7c0, 0xc000170cb0}, {0xf53cce, 0xb}, {0xfa1560, 0xf26460}, {0xc00010a420, 0x5b, 0xa5}, ...})
	D:/Go/src/6.824/src/labrpc/labrpc.go:251 +0x41c
created by 6.824/labrpc.MakeNetwork.func1
	D:/Go/src/6.824/src/labrpc/labrpc.go:157 +0x3e

goroutine 18876 [sleep]:
time.Sleep(0xe5d5e40)
	D:/ProgramFiles/Go/src/runtime/time.go:193 +0x133
6.824/raft.(*Raft).electionTicker(0xc00014c5a0)
	D:/Go/src/6.824/src/raft/raft.go:630 +0x95
created by 6.824/raft.Make
	D:/Go/src/6.824/src/raft/raft.go:672 +0x2a7

goroutine 597979 [select]:
6.824/kvraft.(*KVServer).Do(0xc000220960, 0xc000218ed0, 0xc000315ea8)
	D:/Go/src/6.824/src/kvraft/server.go:71 +0x2f4
reflect.Value.call({0xc000052180, 0xc000616190, 0xc000427b10}, {0xf527a2, 0x4}, {0xc000427c68, 0x3, 0xc000427b40})
	D:/ProgramFiles/Go/src/reflect/value.go:543 +0x814
reflect.Value.Call({0xc000052180, 0xc000616190, 0xc0001ced38}, {0xc000427c68, 0x3, 0x3})
	D:/ProgramFiles/Go/src/reflect/value.go:339 +0xc5
6.824/labrpc.(*Service).dispatch(0xc000504740, {0xf53cd7, 0x2}, {{0xf1e7c0, 0xc000170710}, {0xf53cce, 0xb}, {0xfa1560, 0xf26460}, {0xc00010b810, ...}, ...})
	D:/Go/src/6.824/src/labrpc/labrpc.go:496 +0x39d
6.824/labrpc.(*Server).dispatch(0xc0003fe4b0, {{0xf1e7c0, 0xc000170710}, {0xf53cce, 0xb}, {0xfa1560, 0xf26460}, {0xc00010b810, 0x64, 0xae}, ...})
	D:/Go/src/6.824/src/labrpc/labrpc.go:420 +0x1fe
6.824/labrpc.(*Network).processReq.func1()
	D:/Go/src/6.824/src/labrpc/labrpc.go:240 +0x58
created by 6.824/labrpc.(*Network).processReq
	D:/Go/src/6.824/src/labrpc/labrpc.go:239 +0x1df

goroutine 597551 [runnable]:
6.824/labrpc.(*Network).processReq(0xc000054190, {{0xf1e7c0, 0xc00043e3f0}, {0xf53cce, 0xb}, {0xfa1560, 0xf26460}, {0xc0004f6420, 0x66, 0xb0}, ...})
	D:/Go/src/6.824/src/labrpc/labrpc.go:251 +0x41c
created by 6.824/labrpc.MakeNetwork.func1
	D:/Go/src/6.824/src/labrpc/labrpc.go:157 +0x3e

goroutine 597674 [chan receive]:
6.824/labrpc.(*ClientEnd).Call(0xc000044dc0, {0xf53cce, 0x2f41}, {0xf26460, 0xc000366990}, {0xf16540, 0xc000395578})
	D:/Go/src/6.824/src/labrpc/labrpc.go:112 +0x26e
6.824/kvraft.(*Clerk).Execute.func1(0x4, {0x3, {0xf5bf87, 0x1}, {0xc0007b2d08, 0x7}, 0x27afade3, 0xf}, 0xc000054190)
	D:/Go/src/6.824/src/kvraft/client.go:47 +0x11b
created by 6.824/kvraft.(*Clerk).Execute
	D:/Go/src/6.824/src/kvraft/client.go:45 +0x1b3

goroutine 597978 [select]:
6.824/labrpc.(*Network).processReq(0xc000054190, {{0xf1e7c0, 0xc000170710}, {0xf53cce, 0xb}, {0xfa1560, 0xf26460}, {0xc00010b810, 0x64, 0xae}, ...})
	D:/Go/src/6.824/src/labrpc/labrpc.go:251 +0x41c
created by 6.824/labrpc.MakeNetwork.func1
	D:/Go/src/6.824/src/labrpc/labrpc.go:157 +0x3e

goroutine 597893 [select]:
6.824/labrpc.(*Network).processReq(0xc000054190, {{0xf1e7c0, 0xc000170620}, {0xf53cce, 0xb}, {0xfa1560, 0xf26460}, {0xc00010aa50, 0x64, 0xae}, ...})
	D:/Go/src/6.824/src/labrpc/labrpc.go:251 +0x41c
created by 6.824/labrpc.MakeNetwork.func1
	D:/Go/src/6.824/src/labrpc/labrpc.go:157 +0x3e

goroutine 598079 [chan receive]:
6.824/labrpc.(*ClientEnd).Call(0xc000442b60, {0xf53cce, 0xc0000871a0}, {0xf26460, 0xc0001c30e0}, {0xf16540, 0xc00050bae8})
	D:/Go/src/6.824/src/labrpc/labrpc.go:112 +0x26e
6.824/kvraft.(*Clerk).Execute.func1(0x3, {0x1, {0xf60f01, 0x2}, {0x0, 0x0}, 0x975b6ae5, 0x9}, 0x3)
	D:/Go/src/6.824/src/kvraft/client.go:47 +0x11b
created by 6.824/kvraft.(*Clerk).Execute
	D:/Go/src/6.824/src/kvraft/client.go:45 +0x1b3

goroutine 18879 [chan receive]:
6.824/kvraft.(*KVServer).doExecute(0xc000220aa0)
	D:/Go/src/6.824/src/kvraft/server.go:125 +0x70
created by 6.824/kvraft.StartKVServer
	D:/Go/src/6.824/src/kvraft/server.go:201 +0x207

goroutine 598127 [select]:
6.824/kvraft.(*KVServer).Do(0xc000220960, 0xc0003c3c80, 0xc000394df8)
	D:/Go/src/6.824/src/kvraft/server.go:71 +0x2f4
reflect.Value.call({0xc000052180, 0xc000616190, 0xc0004efb10}, {0xf527a2, 0x4}, {0xc0004efc68, 0x3, 0xc0004efb40})
	D:/ProgramFiles/Go/src/reflect/value.go:543 +0x814
reflect.Value.Call({0xc000052180, 0xc000616190, 0xc000382140}, {0xc0004efc68, 0x3, 0x3})
	D:/ProgramFiles/Go/src/reflect/value.go:339 +0xc5
6.824/labrpc.(*Service).dispatch(0xc000504740, {0xf53cd7, 0x2}, {{0xf1e7c0, 0xc000446db0}, {0xf53cce, 0xb}, {0xfa1560, 0xf26460}, {0xc00053a2c0, ...}, ...})
	D:/Go/src/6.824/src/labrpc/labrpc.go:496 +0x39d
6.824/labrpc.(*Server).dispatch(0xc0003fe4b0, {{0xf1e7c0, 0xc000446db0}, {0xf53cce, 0xb}, {0xfa1560, 0xf26460}, {0xc00053a2c0, 0x66, 0xb0}, ...})
	D:/Go/src/6.824/src/labrpc/labrpc.go:420 +0x1fe
6.824/labrpc.(*Network).processReq.func1()
	D:/Go/src/6.824/src/labrpc/labrpc.go:240 +0x58
created by 6.824/labrpc.(*Network).processReq
	D:/Go/src/6.824/src/labrpc/labrpc.go:239 +0x1df

goroutine 598080 [select]:
6.824/labrpc.(*Network).processReq(0xc000054190, {{0xf1e7c0, 0xc000446cc0}, {0xf53cce, 0xb}, {0xfa1560, 0xf26460}, {0xc00057c000, 0x5c, 0xa6}, ...})
	D:/Go/src/6.824/src/labrpc/labrpc.go:251 +0x41c
created by 6.824/labrpc.MakeNetwork.func1
	D:/Go/src/6.824/src/labrpc/labrpc.go:157 +0x3e

goroutine 597708 [chan receive]:
6.824/labrpc.(*ClientEnd).Call(0xc000045240, {0xf53cce, 0xc0003908a0}, {0xf26460, 0xc0005d49c0}, {0xf16540, 0xc0004bc708})
	D:/Go/src/6.824/src/labrpc/labrpc.go:112 +0x26e
6.824/kvraft.(*Clerk).Execute.func1(0x3, {0x1, {0xf5bf8d, 0x1}, {0x0, 0x0}, 0x2b147ed5, 0x10}, 0x1)
	D:/Go/src/6.824/src/kvraft/client.go:47 +0x11b
created by 6.824/kvraft.(*Clerk).Execute
	D:/Go/src/6.824/src/kvraft/client.go:45 +0x1b3

goroutine 598184 [chan receive]:
6.824/labrpc.(*ClientEnd).Call(0xc0000f0360, {0xf53cce, 0x2f4e}, {0xf26460, 0xc000448b70}, {0xf16540, 0xc000357b18})
	D:/Go/src/6.824/src/labrpc/labrpc.go:112 +0x26e
6.824/kvraft.(*Clerk).Execute.func1(0x3, {0x3, {0xf60eff, 0x2}, {0xc00012c5d8, 0x8}, 0xb4587b39, 0xf}, 0xc000054190)
	D:/Go/src/6.824/src/kvraft/client.go:47 +0x11b
created by 6.824/kvraft.(*Clerk).Execute
	D:/Go/src/6.824/src/kvraft/client.go:45 +0x1b3

goroutine 18957 [sleep]:
time.Sleep(0x4c4b400)
	D:/ProgramFiles/Go/src/runtime/time.go:193 +0x133
6.824/raft.(*Raft).heartTicker(0xc00014c4b0, 0xc000054190)
	D:/Go/src/6.824/src/raft/raft.go:618 +0x4f
created by 6.824/raft.(*Raft).BeLeader
	D:/Go/src/6.824/src/raft/raft.go:610 +0xcf

goroutine 597915 [select]:
6.824/labrpc.(*Network).processReq(0xc000054190, {{0xf1e7c0, 0xc0000e69f0}, {0xf53cce, 0xb}, {0xfa1560, 0xf26460}, {0xc00010adc0, 0x66, 0xb0}, ...})
	D:/Go/src/6.824/src/labrpc/labrpc.go:251 +0x41c
created by 6.824/labrpc.MakeNetwork.func1
	D:/Go/src/6.824/src/labrpc/labrpc.go:157 +0x3e

goroutine 597782 [select]:
6.824/kvraft.(*KVServer).Do(0xc000220960, 0xc00030d110, 0xc00052faa0)
	D:/Go/src/6.824/src/kvraft/server.go:71 +0x2f4
reflect.Value.call({0xc000052180, 0xc000616190, 0xc000161b10}, {0xf527a2, 0x4}, {0xc000161c68, 0x3, 0xc000161b40})
	D:/ProgramFiles/Go/src/reflect/value.go:543 +0x814
reflect.Value.Call({0xc000052180, 0xc000616190, 0xc000286138}, {0xc000161c68, 0x3, 0x3})
	D:/ProgramFiles/Go/src/reflect/value.go:339 +0xc5
6.824/labrpc.(*Service).dispatch(0xc000504740, {0xf53cd7, 0x2}, {{0xf1e7c0, 0xc0001709e0}, {0xf53cce, 0xb}, {0xfa1560, 0xf26460}, {0xc00010a6e0, ...}, ...})
	D:/Go/src/6.824/src/labrpc/labrpc.go:496 +0x39d
6.824/labrpc.(*Server).dispatch(0xc0003fe4b0, {{0xf1e7c0, 0xc0001709e0}, {0xf53cce, 0xb}, {0xfa1560, 0xf26460}, {0xc00010a6e0, 0x5b, 0xa5}, ...})
	D:/Go/src/6.824/src/labrpc/labrpc.go:420 +0x1fe
6.824/labrpc.(*Network).processReq.func1()
	D:/Go/src/6.824/src/labrpc/labrpc.go:240 +0x58
created by 6.824/labrpc.(*Network).processReq
	D:/Go/src/6.824/src/labrpc/labrpc.go:239 +0x1df

goroutine 597675 [select]:
6.824/labrpc.(*Network).processReq(0xc000054190, {{0xf1e7c0, 0xc000170530}, {0xf53cce, 0xb}, {0xfa1560, 0xf26460}, {0xc00010a370, 0x64, 0xae}, ...})
	D:/Go/src/6.824/src/labrpc/labrpc.go:251 +0x41c
created by 6.824/labrpc.MakeNetwork.func1
	D:/Go/src/6.824/src/labrpc/labrpc.go:157 +0x3e

goroutine 598158 [chan receive]:
6.824/labrpc.(*ClientEnd).Call(0xc0004844a0, {0xf53cce, 0xc00029df98}, {0xf26460, 0xc0007f04e0}, {0xf16540, 0xc0004bc090})
	D:/Go/src/6.824/src/labrpc/labrpc.go:112 +0x26e
6.824/kvraft.(*Clerk).Execute.func1(0x4, {0x1, {0xf60f09, 0x2}, {0x0, 0x0}, 0xd2c1b6d9, 0xf}, 0x4)
	D:/Go/src/6.824/src/kvraft/client.go:47 +0x11b
created by 6.824/kvraft.(*Clerk).Execute
	D:/Go/src/6.824/src/kvraft/client.go:45 +0x1b3

goroutine 598185 [select]:
6.824/labrpc.(*Network).processReq(0xc000054190, {{0xf1e7c0, 0xc0000e6ae0}, {0xf53cce, 0xb}, {0xfa1560, 0xf26460}, {0xc00057c4d0, 0x66, 0xb0}, ...})
	D:/Go/src/6.824/src/labrpc/labrpc.go:251 +0x41c
created by 6.824/labrpc.MakeNetwork.func1
	D:/Go/src/6.824/src/labrpc/labrpc.go:157 +0x3e

goroutine 18877 [chan receive]:
6.824/kvraft.(*KVServer).doExecute(0xc000220a00)
	D:/Go/src/6.824/src/kvraft/server.go:125 +0x70
created by 6.824/kvraft.StartKVServer
	D:/Go/src/6.824/src/kvraft/server.go:201 +0x207

goroutine 598019 [select]:
6.824/labrpc.(*Network).processReq(0xc000054190, {{0xf1e7c0, 0xc000170bc0}, {0xf53cce, 0xb}, {0xfa1560, 0xf26460}, {0xc0004f6370, 0x5b, 0xa5}, ...})
	D:/Go/src/6.824/src/labrpc/labrpc.go:251 +0x41c
created by 6.824/labrpc.MakeNetwork.func1
	D:/Go/src/6.824/src/labrpc/labrpc.go:157 +0x3e

goroutine 597999 [select]:
6.824/labrpc.(*Network).processReq(0xc000054190, {{0xf1e7c0, 0xc000170da0}, {0xf53cce, 0xb}, {0xfa1560, 0xf26460}, {0xc00010bb80, 0x64, 0xae}, ...})
	D:/Go/src/6.824/src/labrpc/labrpc.go:251 +0x41c
created by 6.824/labrpc.MakeNetwork.func1
	D:/Go/src/6.824/src/labrpc/labrpc.go:157 +0x3e

goroutine 597550 [chan receive]:
6.824/labrpc.(*ClientEnd).Call(0xc000484320, {0xf53cce, 0xf1dfc0}, {0xf26460, 0xc0006d7710}, {0xf16540, 0xc00048de30})
	D:/Go/src/6.824/src/labrpc/labrpc.go:112 +0x26e
6.824/kvraft.(*Clerk).Execute.func1(0x4, {0x3, {0xf60f05, 0x2}, {0xc0007b2220, 0x8}, 0x556ecaa0, 0x9}, 0xc000054190)
	D:/Go/src/6.824/src/kvraft/client.go:47 +0x11b
created by 6.824/kvraft.(*Clerk).Execute
	D:/Go/src/6.824/src/kvraft/client.go:45 +0x1b3

goroutine 598143 [chan receive]:
6.824/labrpc.(*ClientEnd).Call(0xc0000453c0, {0xf53cce, 0xc0003e2de0}, {0xf26460, 0xc0005d47b0}, {0xf16540, 0xc00052e030})
	D:/Go/src/6.824/src/labrpc/labrpc.go:112 +0x26e
6.824/kvraft.(*Clerk).Execute.func1(0x2, {0x1, {0xf5bf8f, 0x1}, {0x0, 0x0}, 0xe5b37e35, 0xf}, 0x1)
	D:/Go/src/6.824/src/kvraft/client.go:47 +0x11b
created by 6.824/kvraft.(*Clerk).Execute
	D:/Go/src/6.824/src/kvraft/client.go:45 +0x1b3

goroutine 598186 [select]:
6.824/kvraft.(*KVServer).Do(0xc000220960, 0xc000448f00, 0xc000357ce0)
	D:/Go/src/6.824/src/kvraft/server.go:71 +0x2f4
reflect.Value.call({0xc000052180, 0xc000616190, 0xc000525b10}, {0xf527a2, 0x4}, {0xc000525c68, 0x3, 0xc000525b40})
	D:/ProgramFiles/Go/src/reflect/value.go:543 +0x814
reflect.Value.Call({0xc000052180, 0xc000616190, 0xc0004fe1a8}, {0xc000525c68, 0x3, 0x3})
	D:/ProgramFiles/Go/src/reflect/value.go:339 +0xc5
6.824/labrpc.(*Service).dispatch(0xc000504740, {0xf53cd7, 0x2}, {{0xf1e7c0, 0xc0000e6ae0}, {0xf53cce, 0xb}, {0xfa1560, 0xf26460}, {0xc00057c4d0, ...}, ...})
	D:/Go/src/6.824/src/labrpc/labrpc.go:496 +0x39d
6.824/labrpc.(*Server).dispatch(0xc0003fe4b0, {{0xf1e7c0, 0xc0000e6ae0}, {0xf53cce, 0xb}, {0xfa1560, 0xf26460}, {0xc00057c4d0, 0x66, 0xb0}, ...})
	D:/Go/src/6.824/src/labrpc/labrpc.go:420 +0x1fe
6.824/labrpc.(*Network).processReq.func1()
	D:/Go/src/6.824/src/labrpc/labrpc.go:240 +0x58
created by 6.824/labrpc.(*Network).processReq
	D:/Go/src/6.824/src/labrpc/labrpc.go:239 +0x1df

goroutine 598159 [select]:
6.824/labrpc.(*Network).processReq(0xc000054190, {{0xf1e7c0, 0xc00043e5d0}, {0xf53cce, 0xb}, {0xfa1560, 0xf26460}, {0xc0004f6210, 0x5c, 0xa6}, ...})
	D:/Go/src/6.824/src/labrpc/labrpc.go:251 +0x41c
created by 6.824/labrpc.MakeNetwork.func1
	D:/Go/src/6.824/src/labrpc/labrpc.go:157 +0x3e

goroutine 597916 [select]:
6.824/kvraft.(*KVServer).Do(0xc000220960, 0xc00017c900, 0xc0004bf9b0)
	D:/Go/src/6.824/src/kvraft/server.go:71 +0x2f4
reflect.Value.call({0xc000052180, 0xc000616190, 0xc0000b9b10}, {0xf527a2, 0x4}, {0xc0000b9c68, 0x3, 0xc0000b9b40})
	D:/ProgramFiles/Go/src/reflect/value.go:543 +0x814
reflect.Value.Call({0xc000052180, 0xc000616190, 0xc0006fe518}, {0xc0000b9c68, 0x3, 0x3})
	D:/ProgramFiles/Go/src/reflect/value.go:339 +0xc5
6.824/labrpc.(*Service).dispatch(0xc000504740, {0xf53cd7, 0x2}, {{0xf1e7c0, 0xc0000e69f0}, {0xf53cce, 0xb}, {0xfa1560, 0xf26460}, {0xc00010adc0, ...}, ...})
	D:/Go/src/6.824/src/labrpc/labrpc.go:496 +0x39d
6.824/labrpc.(*Server).dispatch(0xc0003fe4b0, {{0xf1e7c0, 0xc0000e69f0}, {0xf53cce, 0xb}, {0xfa1560, 0xf26460}, {0xc00010adc0, 0x66, 0xb0}, ...})
	D:/Go/src/6.824/src/labrpc/labrpc.go:420 +0x1fe
6.824/labrpc.(*Network).processReq.func1()
	D:/Go/src/6.824/src/labrpc/labrpc.go:240 +0x58
created by 6.824/labrpc.(*Network).processReq
	D:/Go/src/6.824/src/labrpc/labrpc.go:239 +0x1df

goroutine 598145 [select]:
6.824/kvraft.(*KVServer).Do(0xc000220960, 0xc0005d4b70, 0xc00052e1f8)
	D:/Go/src/6.824/src/kvraft/server.go:71 +0x2f4
reflect.Value.call({0xc000052180, 0xc000616190, 0xc000257b10}, {0xf527a2, 0x4}, {0xc000257c68, 0x3, 0xc000257b40})
	D:/ProgramFiles/Go/src/reflect/value.go:543 +0x814
reflect.Value.Call({0xc000052180, 0xc000616190, 0xc00044d6a0}, {0xc000257c68, 0x3, 0x3})
	D:/ProgramFiles/Go/src/reflect/value.go:339 +0xc5
6.824/labrpc.(*Service).dispatch(0xc000504740, {0xf53cd7, 0x2}, {{0xf1e7c0, 0xc000170cb0}, {0xf53cce, 0xb}, {0xfa1560, 0xf26460}, {0xc00010a420, ...}, ...})
	D:/Go/src/6.824/src/labrpc/labrpc.go:496 +0x39d
6.824/labrpc.(*Server).dispatch(0xc0003fe4b0, {{0xf1e7c0, 0xc000170cb0}, {0xf53cce, 0xb}, {0xfa1560, 0xf26460}, {0xc00010a420, 0x5b, 0xa5}, ...})
	D:/Go/src/6.824/src/labrpc/labrpc.go:420 +0x1fe
6.824/labrpc.(*Network).processReq.func1()
	D:/Go/src/6.824/src/labrpc/labrpc.go:240 +0x58
created by 6.824/labrpc.(*Network).processReq
	D:/Go/src/6.824/src/labrpc/labrpc.go:239 +0x1df

goroutine 597860 [chan receive]:
6.824/labrpc.(*ClientEnd).Call(0xc000044ce0, {0xf53cce, 0x2f45}, {0xf26460, 0xc0002ef980}, {0xf16540, 0xc000503fb0})
	D:/Go/src/6.824/src/labrpc/labrpc.go:112 +0x26e
6.824/kvraft.(*Clerk).Execute.func1(0x2, {0x3, {0xf60f0f, 0x2}, {0xc0007b2ef8, 0x8}, 0x7587c9af, 0xc}, 0xc000054190)
	D:/Go/src/6.824/src/kvraft/client.go:47 +0x11b
created by 6.824/kvraft.(*Clerk).Execute
	D:/Go/src/6.824/src/kvraft/client.go:45 +0x1b3

goroutine 598160 [select]:
6.824/kvraft.(*KVServer).Do(0xc000220960, 0xc0007f08a0, 0xc0004bc258)
	D:/Go/src/6.824/src/kvraft/server.go:71 +0x2f4
reflect.Value.call({0xc000052180, 0xc000616190, 0xc000091b10}, {0xf527a2, 0x4}, {0xc000091c68, 0x3, 0xc000091b40})
	D:/ProgramFiles/Go/src/reflect/value.go:543 +0x814
reflect.Value.Call({0xc000052180, 0xc000616190, 0xc0003b1328}, {0xc000091c68, 0x3, 0x3})
	D:/ProgramFiles/Go/src/reflect/value.go:339 +0xc5
6.824/labrpc.(*Service).dispatch(0xc000504740, {0xf53cd7, 0x2}, {{0xf1e7c0, 0xc00043e5d0}, {0xf53cce, 0xb}, {0xfa1560, 0xf26460}, {0xc0004f6210, ...}, ...})
	D:/Go/src/6.824/src/labrpc/labrpc.go:496 +0x39d
6.824/labrpc.(*Server).dispatch(0xc0003fe4b0, {{0xf1e7c0, 0xc00043e5d0}, {0xf53cce, 0xb}, {0xfa1560, 0xf26460}, {0xc0004f6210, 0x5c, 0xa6}, ...})
	D:/Go/src/6.824/src/labrpc/labrpc.go:420 +0x1fe
6.824/labrpc.(*Network).processReq.func1()
	D:/Go/src/6.824/src/labrpc/labrpc.go:240 +0x58
created by 6.824/labrpc.(*Network).processReq
	D:/Go/src/6.824/src/labrpc/labrpc.go:239 +0x1df
exit status 2
FAIL	6.824/kvraft	600.105s
