Test: restarts, snapshots, many clients (3B) ...
panic: test timed out after 10m0s

goroutine 602235 [running]:
testing.(*M).startAlarm.func1()
	D:/ProgramFiles/Go/src/testing/testing.go:1788 +0x8e
created by time.goFunc
	D:/ProgramFiles/Go/src/time/sleep.go:180 +0x31

goroutine 1 [chan receive, 9 minutes]:
testing.(*T).Run(0xc000130340, {0x118abb1, 0x102c253}, 0x11983e0)
	D:/ProgramFiles/Go/src/testing/testing.go:1307 +0x375
testing.runTests.func1(0xc000130340)
	D:/ProgramFiles/Go/src/testing/testing.go:1598 +0x6e
testing.tRunner(0xc000130340, 0xc00007dd18)
	D:/ProgramFiles/Go/src/testing/testing.go:1259 +0x102
testing.runTests(0xc000138000, {0x12e2c00, 0xf, 0xf}, {0x104d42d, 0x184c2b, 0x12e6cc0})
	D:/ProgramFiles/Go/src/testing/testing.go:1596 +0x43f
testing.(*M).Run(0xc000138000)
	D:/ProgramFiles/Go/src/testing/testing.go:1504 +0x51d
main.main()
	_testmain.go:71 +0x14b

goroutine 6 [chan receive, 9 minutes]:
6.824/kvraft.GenericTest(0xc0001304e0, {0x118252f, 0x2}, 0x14, 0x5, 0x0, 0x1, 0x0, 0x3e8, 0x0)
	D:/Go/src/6.824/src/kvraft/test_test.go:334 +0xf88
6.824/kvraft.TestSnapshotRecoverManyClients3B(0x0)
	D:/Go/src/6.824/src/kvraft/test_test.go:695 +0x45
testing.tRunner(0xc0001304e0, 0x11983e0)
	D:/ProgramFiles/Go/src/testing/testing.go:1259 +0x102
created by testing.(*T).Run
	D:/ProgramFiles/Go/src/testing/testing.go:1306 +0x35a

goroutine 7 [select]:
6.824/labrpc.MakeNetwork.func1()
	D:/Go/src/6.824/src/labrpc/labrpc.go:153 +0xbe
created by 6.824/labrpc.MakeNetwork
	D:/Go/src/6.824/src/labrpc/labrpc.go:151 +0x17b

goroutine 22503 [chan receive]:
6.824/kvraft.(*KVServer).doExecute(0xc000357810)
	D:/Go/src/6.824/src/kvraft/server.go:125 +0x70
created by 6.824/kvraft.StartKVServer
	D:/Go/src/6.824/src/kvraft/server.go:201 +0x207

goroutine 22502 [sleep]:
time.Sleep(0xfcb9440)
	D:/ProgramFiles/Go/src/runtime/time.go:193 +0x133
6.824/raft.(*Raft).electionTicker(0xc00014c870)
	D:/Go/src/6.824/src/raft/raft.go:630 +0x95
created by 6.824/raft.Make
	D:/Go/src/6.824/src/raft/raft.go:672 +0x2a7

goroutine 601356 [chan receive]:
6.824/labrpc.(*ClientEnd).Call(0xc0000450c0, {0x1183cce, 0x114dfc0}, {0x1156460, 0xc0004ae360}, {0x1146540, 0xc000380d98})
	D:/Go/src/6.824/src/labrpc/labrpc.go:112 +0x26e
6.824/kvraft.(*Clerk).Execute.func1(0x3, {0x1, {0x118bf8b, 0x1}, {0x0, 0x0}, 0x86f8bbcb, 0x1d}, 0xc000054190)
	D:/Go/src/6.824/src/kvraft/client.go:47 +0x11b
created by 6.824/kvraft.(*Clerk).Execute
	D:/Go/src/6.824/src/kvraft/client.go:45 +0x1b3

goroutine 19 [chan receive, 10 minutes]:
6.824/kvraft.spawn_clients_and_wait(0xc0001304e0, 0xc00014a000, 0x14, 0xc000054550)
	D:/Go/src/6.824/src/kvraft/test_test.go:117 +0x185
created by 6.824/kvraft.GenericTest
	D:/Go/src/6.824/src/kvraft/test_test.go:253 +0x6bd

goroutine 20 [select]:
6.824/kvraft.(*Clerk).Execute(0xc0001642c0, 0xc000169c80, 0xc000169c68)
	D:/Go/src/6.824/src/kvraft/client.go:52 +0x21a
6.824/kvraft.(*Clerk).Append(0x8, {0x118bf87, 0xc000169d50}, {0xc00085df88, 0xc0005ca300})
	D:/Go/src/6.824/src/kvraft/client.go:103 +0x150
6.824/kvraft.Append(0xc00014a000, 0x2, {0x118bf87, 0x1}, {0xc00085df88, 0x8}, 0xc000044c00, 0x0)
	D:/Go/src/6.824/src/kvraft/test_test.go:77 +0xd5
6.824/kvraft.GenericTest.func1(0x0, 0xc00000cf90, 0xc0001304e0)
	D:/Go/src/6.824/src/kvraft/test_test.go:272 +0x587
6.824/kvraft.run_client(0x0, 0xc00014a000, 0x0, 0x0, 0xc000054550)
	D:/Go/src/6.824/src/kvraft/test_test.go:103 +0xe4
created by 6.824/kvraft.spawn_clients_and_wait
	D:/Go/src/6.824/src/kvraft/test_test.go:113 +0x51

goroutine 21 [select]:
6.824/kvraft.(*Clerk).Execute(0xc000164300, 0xc00016bc70, 0xc00016bc58)
	D:/Go/src/6.824/src/kvraft/client.go:52 +0x21a
6.824/kvraft.(*Clerk).Get(0xc00016bcd8, {0x118bf88, 0x8})
	D:/Go/src/6.824/src/kvraft/client.go:74 +0x127
6.824/kvraft.Get(0xc00014a000, 0x2, {0x118bf88, 0x1}, 0xc000044c00, 0x1)
	D:/Go/src/6.824/src/kvraft/test_test.go:43 +0xbb
6.824/kvraft.GenericTest.func1(0x1, 0xc00000d0b0, 0xc0001304e0)
	D:/Go/src/6.824/src/kvraft/test_test.go:284 +0x3e5
6.824/kvraft.run_client(0x0, 0xc00014a000, 0x0, 0x0, 0xc000054550)
	D:/Go/src/6.824/src/kvraft/test_test.go:103 +0xe4
created by 6.824/kvraft.spawn_clients_and_wait
	D:/Go/src/6.824/src/kvraft/test_test.go:113 +0x51

goroutine 22 [select]:
6.824/kvraft.(*Clerk).Execute(0xc000164340, 0xc000185c80, 0xc000185c68)
	D:/Go/src/6.824/src/kvraft/client.go:52 +0x21a
6.824/kvraft.(*Clerk).Append(0x8, {0x118bf89, 0xc000185d50}, {0xc000887d18, 0xc000185d08})
	D:/Go/src/6.824/src/kvraft/client.go:103 +0x150
6.824/kvraft.Append(0xc00014a000, 0x2, {0x118bf89, 0x1}, {0xc000887d18, 0x8}, 0xc000044c00, 0x2)
	D:/Go/src/6.824/src/kvraft/test_test.go:77 +0xd5
6.824/kvraft.GenericTest.func1(0x2, 0xc00000d1d0, 0xc0001304e0)
	D:/Go/src/6.824/src/kvraft/test_test.go:272 +0x587
6.824/kvraft.run_client(0x0, 0xc00014a000, 0x0, 0x0, 0xc000054550)
	D:/Go/src/6.824/src/kvraft/test_test.go:103 +0xe4
created by 6.824/kvraft.spawn_clients_and_wait
	D:/Go/src/6.824/src/kvraft/test_test.go:113 +0x51

goroutine 23 [select]:
6.824/kvraft.(*Clerk).Execute(0xc000164380, 0xc000187c70, 0xc000187c58)
	D:/Go/src/6.824/src/kvraft/client.go:52 +0x21a
6.824/kvraft.(*Clerk).Get(0xc000187cd8, {0x118bf8a, 0x7})
	D:/Go/src/6.824/src/kvraft/client.go:74 +0x127
6.824/kvraft.Get(0xc00014a000, 0x2, {0x118bf8a, 0x1}, 0xc000044c00, 0x3)
	D:/Go/src/6.824/src/kvraft/test_test.go:43 +0xbb
6.824/kvraft.GenericTest.func1(0x3, 0xc00000d2f0, 0xc0001304e0)
	D:/Go/src/6.824/src/kvraft/test_test.go:284 +0x3e5
6.824/kvraft.run_client(0x0, 0xc00014a000, 0x0, 0x0, 0xc000054550)
	D:/Go/src/6.824/src/kvraft/test_test.go:103 +0xe4
created by 6.824/kvraft.spawn_clients_and_wait
	D:/Go/src/6.824/src/kvraft/test_test.go:113 +0x51

goroutine 24 [select]:
6.824/kvraft.(*Clerk).Execute(0xc0001643c0, 0xc000181c70, 0xc000181c58)
	D:/Go/src/6.824/src/kvraft/client.go:52 +0x21a
6.824/kvraft.(*Clerk).Get(0xc000181cd8, {0x118bf8b, 0x8})
	D:/Go/src/6.824/src/kvraft/client.go:74 +0x127
6.824/kvraft.Get(0xc00014a000, 0x2, {0x118bf8b, 0x1}, 0xc000044c00, 0x4)
	D:/Go/src/6.824/src/kvraft/test_test.go:43 +0xbb
6.824/kvraft.GenericTest.func1(0x4, 0xc00000d410, 0xc0001304e0)
	D:/Go/src/6.824/src/kvraft/test_test.go:284 +0x3e5
6.824/kvraft.run_client(0x0, 0xc00014a000, 0x0, 0x0, 0xc000054550)
	D:/Go/src/6.824/src/kvraft/test_test.go:103 +0xe4
created by 6.824/kvraft.spawn_clients_and_wait
	D:/Go/src/6.824/src/kvraft/test_test.go:113 +0x51

goroutine 25 [select]:
6.824/kvraft.(*Clerk).Execute(0xc000164400, 0xc000183c80, 0xc000183c68)
	D:/Go/src/6.824/src/kvraft/client.go:52 +0x21a
6.824/kvraft.(*Clerk).Append(0x8, {0x118bf8c, 0xc000183d50}, {0xc000411778, 0xc000183d08})
	D:/Go/src/6.824/src/kvraft/client.go:103 +0x150
6.824/kvraft.Append(0xc00014a000, 0x2, {0x118bf8c, 0x1}, {0xc000411778, 0x8}, 0xc000044c00, 0x5)
	D:/Go/src/6.824/src/kvraft/test_test.go:77 +0xd5
6.824/kvraft.GenericTest.func1(0x5, 0xc00000d530, 0xc0001304e0)
	D:/Go/src/6.824/src/kvraft/test_test.go:272 +0x587
6.824/kvraft.run_client(0x0, 0xc00014a000, 0x0, 0x0, 0xc000054550)
	D:/Go/src/6.824/src/kvraft/test_test.go:103 +0xe4
created by 6.824/kvraft.spawn_clients_and_wait
	D:/Go/src/6.824/src/kvraft/test_test.go:113 +0x51

goroutine 26 [select]:
6.824/kvraft.(*Clerk).Execute(0xc000164440, 0xc00018dc70, 0xc00018dc58)
	D:/Go/src/6.824/src/kvraft/client.go:52 +0x21a
6.824/kvraft.(*Clerk).Get(0xc00018dcd8, {0x118bf8d, 0x8})
	D:/Go/src/6.824/src/kvraft/client.go:74 +0x127
6.824/kvraft.Get(0xc00014a000, 0x2, {0x118bf8d, 0x1}, 0xc000044c00, 0x6)
	D:/Go/src/6.824/src/kvraft/test_test.go:43 +0xbb
6.824/kvraft.GenericTest.func1(0x6, 0xc00000d650, 0xc0001304e0)
	D:/Go/src/6.824/src/kvraft/test_test.go:284 +0x3e5
6.824/kvraft.run_client(0x0, 0xc00014a000, 0x0, 0x0, 0xc000054550)
	D:/Go/src/6.824/src/kvraft/test_test.go:103 +0xe4
created by 6.824/kvraft.spawn_clients_and_wait
	D:/Go/src/6.824/src/kvraft/test_test.go:113 +0x51

goroutine 27 [select]:
6.824/kvraft.(*Clerk).Execute(0xc000164480, 0xc00018fc80, 0xc00018fc68)
	D:/Go/src/6.824/src/kvraft/client.go:52 +0x21a
6.824/kvraft.(*Clerk).Append(0x8, {0x118bf8e, 0xc00018fd50}, {0xc000207bb0, 0xc0003201c0})
	D:/Go/src/6.824/src/kvraft/client.go:103 +0x150
6.824/kvraft.Append(0xc00014a000, 0x2, {0x118bf8e, 0x1}, {0xc000207bb0, 0x8}, 0xc000044c00, 0x7)
	D:/Go/src/6.824/src/kvraft/test_test.go:77 +0xd5
6.824/kvraft.GenericTest.func1(0x7, 0xc00000d770, 0xc0001304e0)
	D:/Go/src/6.824/src/kvraft/test_test.go:272 +0x587
6.824/kvraft.run_client(0x0, 0xc00014a000, 0x0, 0x0, 0xc000054550)
	D:/Go/src/6.824/src/kvraft/test_test.go:103 +0xe4
created by 6.824/kvraft.spawn_clients_and_wait
	D:/Go/src/6.824/src/kvraft/test_test.go:113 +0x51

goroutine 28 [select]:
6.824/kvraft.(*Clerk).Execute(0xc0001644c0, 0xc000189c80, 0xc000189c68)
	D:/Go/src/6.824/src/kvraft/client.go:52 +0x21a
6.824/kvraft.(*Clerk).Append(0x8, {0x118bf8f, 0xc000189d50}, {0xc00085db98, 0xc000671cd0})
	D:/Go/src/6.824/src/kvraft/client.go:103 +0x150
6.824/kvraft.Append(0xc00014a000, 0x2, {0x118bf8f, 0x1}, {0xc00085db98, 0x8}, 0xc000044c00, 0x8)
	D:/Go/src/6.824/src/kvraft/test_test.go:77 +0xd5
6.824/kvraft.GenericTest.func1(0x8, 0xc00000d890, 0xc0001304e0)
	D:/Go/src/6.824/src/kvraft/test_test.go:272 +0x587
6.824/kvraft.run_client(0x0, 0xc00014a000, 0x0, 0x0, 0xc000054550)
	D:/Go/src/6.824/src/kvraft/test_test.go:103 +0xe4
created by 6.824/kvraft.spawn_clients_and_wait
	D:/Go/src/6.824/src/kvraft/test_test.go:113 +0x51

goroutine 29 [select]:
6.824/kvraft.(*Clerk).Execute(0xc000164500, 0xc00018bc70, 0xc00018bc58)
	D:/Go/src/6.824/src/kvraft/client.go:52 +0x21a
6.824/kvraft.(*Clerk).Get(0xc00018bcd8, {0x118bf90, 0x8})
	D:/Go/src/6.824/src/kvraft/client.go:74 +0x127
6.824/kvraft.Get(0xc00014a000, 0x2, {0x118bf90, 0x1}, 0xc000044c00, 0x9)
	D:/Go/src/6.824/src/kvraft/test_test.go:43 +0xbb
6.824/kvraft.GenericTest.func1(0x9, 0xc00000d9b0, 0xc0001304e0)
	D:/Go/src/6.824/src/kvraft/test_test.go:284 +0x3e5
6.824/kvraft.run_client(0x0, 0xc00014a000, 0x0, 0x0, 0xc000054550)
	D:/Go/src/6.824/src/kvraft/test_test.go:103 +0xe4
created by 6.824/kvraft.spawn_clients_and_wait
	D:/Go/src/6.824/src/kvraft/test_test.go:113 +0x51

goroutine 30 [runnable]:
6.824/kvraft.(*Clerk).Execute(0xc000164540, 0xc000195c80, 0xc000195c68)
	D:/Go/src/6.824/src/kvraft/client.go:52 +0x21a
6.824/kvraft.(*Clerk).Append(0x9, {0x1190efd, 0xc000195d50}, {0xc000207cd0, 0xc000195d08})
	D:/Go/src/6.824/src/kvraft/client.go:103 +0x150
6.824/kvraft.Append(0xc00014a000, 0x2, {0x1190efd, 0x2}, {0xc000207cd0, 0x9}, 0xc000044c00, 0xa)
	D:/Go/src/6.824/src/kvraft/test_test.go:77 +0xd5
6.824/kvraft.GenericTest.func1(0xa, 0xc00000dad0, 0xc0001304e0)
	D:/Go/src/6.824/src/kvraft/test_test.go:272 +0x587
6.824/kvraft.run_client(0x0, 0xc00014a000, 0x0, 0x0, 0xc000054550)
	D:/Go/src/6.824/src/kvraft/test_test.go:103 +0xe4
created by 6.824/kvraft.spawn_clients_and_wait
	D:/Go/src/6.824/src/kvraft/test_test.go:113 +0x51

goroutine 31 [select]:
6.824/kvraft.(*Clerk).Execute(0xc000164580, 0xc000197c70, 0xc000197c58)
	D:/Go/src/6.824/src/kvraft/client.go:52 +0x21a
6.824/kvraft.(*Clerk).Get(0xc000197cd8, {0x1190eff, 0x9})
	D:/Go/src/6.824/src/kvraft/client.go:74 +0x127
6.824/kvraft.Get(0xc00014a000, 0x2, {0x1190eff, 0x2}, 0xc000044c00, 0xb)
	D:/Go/src/6.824/src/kvraft/test_test.go:43 +0xbb
6.824/kvraft.GenericTest.func1(0xb, 0xc00000dbf0, 0xc0001304e0)
	D:/Go/src/6.824/src/kvraft/test_test.go:284 +0x3e5
6.824/kvraft.run_client(0x0, 0xc00014a000, 0x0, 0x0, 0xc000054550)
	D:/Go/src/6.824/src/kvraft/test_test.go:103 +0xe4
created by 6.824/kvraft.spawn_clients_and_wait
	D:/Go/src/6.824/src/kvraft/test_test.go:113 +0x51

goroutine 32 [select]:
6.824/kvraft.(*Clerk).Execute(0xc0001645c0, 0xc000191c80, 0xc000191c68)
	D:/Go/src/6.824/src/kvraft/client.go:52 +0x21a
6.824/kvraft.(*Clerk).Append(0x9, {0x1190f01, 0xc000191d50}, {0xc0007440d0, 0xc0005ca4d0})
	D:/Go/src/6.824/src/kvraft/client.go:103 +0x150
6.824/kvraft.Append(0xc00014a000, 0x2, {0x1190f01, 0x2}, {0xc0007440d0, 0x9}, 0xc000044c00, 0xc)
	D:/Go/src/6.824/src/kvraft/test_test.go:77 +0xd5
6.824/kvraft.GenericTest.func1(0xc, 0xc00000dd10, 0xc0001304e0)
	D:/Go/src/6.824/src/kvraft/test_test.go:272 +0x587
6.824/kvraft.run_client(0x0, 0xc00014a000, 0x0, 0x0, 0xc000054550)
	D:/Go/src/6.824/src/kvraft/test_test.go:103 +0xe4
created by 6.824/kvraft.spawn_clients_and_wait
	D:/Go/src/6.824/src/kvraft/test_test.go:113 +0x51

goroutine 33 [select]:
6.824/kvraft.(*Clerk).Execute(0xc000164600, 0xc000193c80, 0xc000193c68)
	D:/Go/src/6.824/src/kvraft/client.go:52 +0x21a
6.824/kvraft.(*Clerk).Append(0x9, {0x1190f03, 0xc000193d50}, {0xc0006ba4b0, 0xc000881340})
	D:/Go/src/6.824/src/kvraft/client.go:103 +0x150
6.824/kvraft.Append(0xc00014a000, 0x2, {0x1190f03, 0x2}, {0xc0006ba4b0, 0x9}, 0xc000044c00, 0xd)
	D:/Go/src/6.824/src/kvraft/test_test.go:77 +0xd5
6.824/kvraft.GenericTest.func1(0xd, 0xc00000de30, 0xc0001304e0)
	D:/Go/src/6.824/src/kvraft/test_test.go:272 +0x587
6.824/kvraft.run_client(0x0, 0xc00014a000, 0x0, 0x0, 0xc000054550)
	D:/Go/src/6.824/src/kvraft/test_test.go:103 +0xe4
created by 6.824/kvraft.spawn_clients_and_wait
	D:/Go/src/6.824/src/kvraft/test_test.go:113 +0x51

goroutine 34 [select]:
6.824/kvraft.(*Clerk).Execute(0xc000164640, 0xc00019dc80, 0xc00019dc68)
	D:/Go/src/6.824/src/kvraft/client.go:52 +0x21a
6.824/kvraft.(*Clerk).Append(0x9, {0x1190f05, 0xc00019dd50}, {0xc00085c8c0, 0xc0006707f0})
	D:/Go/src/6.824/src/kvraft/client.go:103 +0x150
6.824/kvraft.Append(0xc00014a000, 0x2, {0x1190f05, 0x2}, {0xc00085c8c0, 0x9}, 0xc000044c00, 0xe)
	D:/Go/src/6.824/src/kvraft/test_test.go:77 +0xd5
6.824/kvraft.GenericTest.func1(0xe, 0xc00000df50, 0xc0001304e0)
	D:/Go/src/6.824/src/kvraft/test_test.go:272 +0x587
6.824/kvraft.run_client(0x0, 0xc00014a000, 0x0, 0x0, 0xc000054550)
	D:/Go/src/6.824/src/kvraft/test_test.go:103 +0xe4
created by 6.824/kvraft.spawn_clients_and_wait
	D:/Go/src/6.824/src/kvraft/test_test.go:113 +0x51

goroutine 35 [select]:
6.824/kvraft.(*Clerk).Execute(0xc000164680, 0xc00019fc70, 0xc00019fc58)
	D:/Go/src/6.824/src/kvraft/client.go:52 +0x21a
6.824/kvraft.(*Clerk).Get(0xc00019fcd8, {0x1190f07, 0x8})
	D:/Go/src/6.824/src/kvraft/client.go:74 +0x127
6.824/kvraft.Get(0xc00014a000, 0x2, {0x1190f07, 0x2}, 0xc000044c00, 0xf)
	D:/Go/src/6.824/src/kvraft/test_test.go:43 +0xbb
6.824/kvraft.GenericTest.func1(0xf, 0xc0001c8090, 0xc0001304e0)
	D:/Go/src/6.824/src/kvraft/test_test.go:284 +0x3e5
6.824/kvraft.run_client(0x0, 0xc00014a000, 0x0, 0x0, 0xc000054550)
	D:/Go/src/6.824/src/kvraft/test_test.go:103 +0xe4
created by 6.824/kvraft.spawn_clients_and_wait
	D:/Go/src/6.824/src/kvraft/test_test.go:113 +0x51

goroutine 36 [select]:
6.824/kvraft.(*Clerk).Execute(0xc0001646c0, 0xc000199c70, 0xc000199c58)
	D:/Go/src/6.824/src/kvraft/client.go:52 +0x21a
6.824/kvraft.(*Clerk).Get(0xc000199cd8, {0x1190f09, 0x9})
	D:/Go/src/6.824/src/kvraft/client.go:74 +0x127
6.824/kvraft.Get(0xc00014a000, 0x2, {0x1190f09, 0x2}, 0xc000044c00, 0x10)
	D:/Go/src/6.824/src/kvraft/test_test.go:43 +0xbb
6.824/kvraft.GenericTest.func1(0x10, 0xc0001c81b0, 0xc0001304e0)
	D:/Go/src/6.824/src/kvraft/test_test.go:284 +0x3e5
6.824/kvraft.run_client(0x0, 0xc00014a000, 0x0, 0x0, 0xc000054550)
	D:/Go/src/6.824/src/kvraft/test_test.go:103 +0xe4
created by 6.824/kvraft.spawn_clients_and_wait
	D:/Go/src/6.824/src/kvraft/test_test.go:113 +0x51

goroutine 37 [select]:
6.824/kvraft.(*Clerk).Execute(0xc000164700, 0xc00019bc70, 0xc00019bc58)
	D:/Go/src/6.824/src/kvraft/client.go:52 +0x21a
6.824/kvraft.(*Clerk).Get(0xc00019bcd8, {0x1190f0b, 0x9})
	D:/Go/src/6.824/src/kvraft/client.go:74 +0x127
6.824/kvraft.Get(0xc00014a000, 0x2, {0x1190f0b, 0x2}, 0xc000044c00, 0x11)
	D:/Go/src/6.824/src/kvraft/test_test.go:43 +0xbb
6.824/kvraft.GenericTest.func1(0x11, 0xc0001c82d0, 0xc0001304e0)
	D:/Go/src/6.824/src/kvraft/test_test.go:284 +0x3e5
6.824/kvraft.run_client(0x0, 0xc00014a000, 0x0, 0x0, 0xc000054550)
	D:/Go/src/6.824/src/kvraft/test_test.go:103 +0xe4
created by 6.824/kvraft.spawn_clients_and_wait
	D:/Go/src/6.824/src/kvraft/test_test.go:113 +0x51

goroutine 38 [select]:
6.824/kvraft.(*Clerk).Execute(0xc000164740, 0xc0001a5c80, 0xc0001a5c68)
	D:/Go/src/6.824/src/kvraft/client.go:52 +0x21a
6.824/kvraft.(*Clerk).Append(0x9, {0x1190f0d, 0xc0001a5d50}, {0xc000744230, 0xc0005ca6a0})
	D:/Go/src/6.824/src/kvraft/client.go:103 +0x150
6.824/kvraft.Append(0xc00014a000, 0x2, {0x1190f0d, 0x2}, {0xc000744230, 0x9}, 0xc000044c00, 0x12)
	D:/Go/src/6.824/src/kvraft/test_test.go:77 +0xd5
6.824/kvraft.GenericTest.func1(0x12, 0xc0001c83f0, 0xc0001304e0)
	D:/Go/src/6.824/src/kvraft/test_test.go:272 +0x587
6.824/kvraft.run_client(0x0, 0xc00014a000, 0x0, 0x0, 0xc000054550)
	D:/Go/src/6.824/src/kvraft/test_test.go:103 +0xe4
created by 6.824/kvraft.spawn_clients_and_wait
	D:/Go/src/6.824/src/kvraft/test_test.go:113 +0x51

goroutine 39 [select]:
6.824/kvraft.(*Clerk).Execute(0xc000164240, 0xc0001a7c70, 0xc0001a7c58)
	D:/Go/src/6.824/src/kvraft/client.go:52 +0x21a
6.824/kvraft.(*Clerk).Get(0xc0001a7cd8, {0x1190f0f, 0x9})
	D:/Go/src/6.824/src/kvraft/client.go:74 +0x127
6.824/kvraft.Get(0xc00014a000, 0x2, {0x1190f0f, 0x2}, 0xc000044c00, 0x13)
	D:/Go/src/6.824/src/kvraft/test_test.go:43 +0xbb
6.824/kvraft.GenericTest.func1(0x13, 0xc00000ce70, 0xc0001304e0)
	D:/Go/src/6.824/src/kvraft/test_test.go:284 +0x3e5
6.824/kvraft.run_client(0x0, 0xc00014a000, 0x0, 0x0, 0xc000054550)
	D:/Go/src/6.824/src/kvraft/test_test.go:103 +0xe4
created by 6.824/kvraft.spawn_clients_and_wait
	D:/Go/src/6.824/src/kvraft/test_test.go:113 +0x51

goroutine 602256 [select]:
6.824/labrpc.(*Network).processReq(0xc000054190, {{0x114e7c0, 0xc0001709e0}, {0x1183cce, 0xb}, {0x11d1560, 0x1156460}, {0xc00044c370, 0x65, 0xaf}, ...})
	D:/Go/src/6.824/src/labrpc/labrpc.go:251 +0x41c
created by 6.824/labrpc.MakeNetwork.func1
	D:/Go/src/6.824/src/labrpc/labrpc.go:157 +0x3e

goroutine 601358 [select]:
6.824/kvraft.(*KVServer).Do(0xc000357590, 0xc0004ae750, 0xc000380f60)
	D:/Go/src/6.824/src/kvraft/server.go:71 +0x2f4
reflect.Value.call({0xc000052180, 0xc00008feb0, 0xc0000fdb10}, {0x11827a2, 0x4}, {0xc0000fdc68, 0x3, 0xc0000fdb40})
	D:/ProgramFiles/Go/src/reflect/value.go:543 +0x814
reflect.Value.Call({0xc000052180, 0xc00008feb0, 0xc000221c88}, {0xc0000fdc68, 0x3, 0x3})
	D:/ProgramFiles/Go/src/reflect/value.go:339 +0xc5
6.824/labrpc.(*Service).dispatch(0xc0003f3480, {0x1183cd7, 0x2}, {{0x114e7c0, 0xc0001708f0}, {0x1183cce, 0xb}, {0x11d1560, 0x1156460}, {0xc00028a630, ...}, ...})
	D:/Go/src/6.824/src/labrpc/labrpc.go:496 +0x39d
6.824/labrpc.(*Server).dispatch(0xc0003416e0, {{0x114e7c0, 0xc0001708f0}, {0x1183cce, 0xb}, {0x11d1560, 0x1156460}, {0xc00028a630, 0x5b, 0xa5}, ...})
	D:/Go/src/6.824/src/labrpc/labrpc.go:420 +0x1fe
6.824/labrpc.(*Network).processReq.func1()
	D:/Go/src/6.824/src/labrpc/labrpc.go:240 +0x58
created by 6.824/labrpc.(*Network).processReq
	D:/Go/src/6.824/src/labrpc/labrpc.go:239 +0x1df

goroutine 22498 [sleep]:
time.Sleep(0xd693a40)
	D:/ProgramFiles/Go/src/runtime/time.go:193 +0x133
6.824/raft.(*Raft).electionTicker(0xc00014c690)
	D:/Go/src/6.824/src/raft/raft.go:630 +0x95
created by 6.824/raft.Make
	D:/Go/src/6.824/src/raft/raft.go:672 +0x2a7

goroutine 602062 [select]:
6.824/kvraft.(*KVServer).Do(0xc000357590, 0xc0006266c0, 0xc000439230)
	D:/Go/src/6.824/src/kvraft/server.go:71 +0x2f4
reflect.Value.call({0xc000052180, 0xc00008feb0, 0xc0002b5b10}, {0x11827a2, 0x4}, {0xc0002b5c68, 0x3, 0xc0002b5b40})
	D:/ProgramFiles/Go/src/reflect/value.go:543 +0x814
reflect.Value.Call({0xc000052180, 0xc00008feb0, 0xc0003abd68}, {0xc0002b5c68, 0x3, 0x3})
	D:/ProgramFiles/Go/src/reflect/value.go:339 +0xc5
6.824/labrpc.(*Service).dispatch(0xc0003f3480, {0x1183cd7, 0x2}, {{0x114e7c0, 0xc000170620}, {0x1183cce, 0xb}, {0x11d1560, 0x1156460}, {0xc0000bc790, ...}, ...})
	D:/Go/src/6.824/src/labrpc/labrpc.go:496 +0x39d
6.824/labrpc.(*Server).dispatch(0xc0003416e0, {{0x114e7c0, 0xc000170620}, {0x1183cce, 0xb}, {0x11d1560, 0x1156460}, {0xc0000bc790, 0x5b, 0xa5}, ...})
	D:/Go/src/6.824/src/labrpc/labrpc.go:420 +0x1fe
6.824/labrpc.(*Network).processReq.func1()
	D:/Go/src/6.824/src/labrpc/labrpc.go:240 +0x58
created by 6.824/labrpc.(*Network).processReq
	D:/Go/src/6.824/src/labrpc/labrpc.go:239 +0x1df

goroutine 602126 [select]:
6.824/kvraft.(*KVServer).Do(0xc000357590, 0xc000760210, 0xc0004309d8)
	D:/Go/src/6.824/src/kvraft/server.go:71 +0x2f4
reflect.Value.call({0xc000052180, 0xc00008feb0, 0xc000631b10}, {0x11827a2, 0x4}, {0xc000631c68, 0x3, 0xc000631b40})
	D:/ProgramFiles/Go/src/reflect/value.go:543 +0x814
reflect.Value.Call({0xc000052180, 0xc00008feb0, 0xc000602668}, {0xc000631c68, 0x3, 0x3})
	D:/ProgramFiles/Go/src/reflect/value.go:339 +0xc5
6.824/labrpc.(*Service).dispatch(0xc0003f3480, {0x1183cd7, 0x2}, {{0x114e7c0, 0xc000170bc0}, {0x1183cce, 0xb}, {0x11d1560, 0x1156460}, {0xc00028a000, ...}, ...})
	D:/Go/src/6.824/src/labrpc/labrpc.go:496 +0x39d
6.824/labrpc.(*Server).dispatch(0xc0003416e0, {{0x114e7c0, 0xc000170bc0}, {0x1183cce, 0xb}, {0x11d1560, 0x1156460}, {0xc00028a000, 0x65, 0xaf}, ...})
	D:/Go/src/6.824/src/labrpc/labrpc.go:420 +0x1fe
6.824/labrpc.(*Network).processReq.func1()
	D:/Go/src/6.824/src/labrpc/labrpc.go:240 +0x58
created by 6.824/labrpc.(*Network).processReq
	D:/Go/src/6.824/src/labrpc/labrpc.go:239 +0x1df

goroutine 602094 [chan receive]:
6.824/labrpc.(*ClientEnd).Call(0xc000045780, {0x1183cce, 0x114dfc0}, {0x1156460, 0xc0002b1d40}, {0x1146540, 0xc00033b218})
	D:/Go/src/6.824/src/labrpc/labrpc.go:112 +0x26e
6.824/kvraft.(*Clerk).Execute.func1(0x1, {0x3, {0x1190f03, 0x2}, {0xc0006ba4b0, 0x9}, 0xc2404c1e, 0x1e}, 0xc000054190)
	D:/Go/src/6.824/src/kvraft/client.go:47 +0x11b
created by 6.824/kvraft.(*Clerk).Execute
	D:/Go/src/6.824/src/kvraft/client.go:45 +0x1b3

goroutine 602096 [select]:
6.824/kvraft.(*KVServer).Do(0xc000357590, 0xc00053c1b0, 0xc00033b4a0)
	D:/Go/src/6.824/src/kvraft/server.go:71 +0x2f4
reflect.Value.call({0xc000052180, 0xc00008feb0, 0xc000237b10}, {0x11827a2, 0x4}, {0xc000237c68, 0x3, 0xc000237b40})
	D:/ProgramFiles/Go/src/reflect/value.go:543 +0x814
reflect.Value.Call({0xc000052180, 0xc00008feb0, 0xc0002d7c78}, {0xc000237c68, 0x3, 0x3})
	D:/ProgramFiles/Go/src/reflect/value.go:339 +0xc5
6.824/labrpc.(*Service).dispatch(0xc0003f3480, {0x1183cd7, 0x2}, {{0x114e7c0, 0xc000171160}, {0x1183cce, 0xb}, {0x11d1560, 0x1156460}, {0xc0000c8600, ...}, ...})
	D:/Go/src/6.824/src/labrpc/labrpc.go:496 +0x39d
6.824/labrpc.(*Server).dispatch(0xc0003416e0, {{0x114e7c0, 0xc000171160}, {0x1183cce, 0xb}, {0x11d1560, 0x1156460}, {0xc0000c8600, 0x67, 0xb1}, ...})
	D:/Go/src/6.824/src/labrpc/labrpc.go:420 +0x1fe
6.824/labrpc.(*Network).processReq.func1()
	D:/Go/src/6.824/src/labrpc/labrpc.go:240 +0x58
created by 6.824/labrpc.(*Network).processReq
	D:/Go/src/6.824/src/labrpc/labrpc.go:239 +0x1df

goroutine 602264 [select]:
6.824/labrpc.(*Network).processReq(0xc000054190, {{0x114e7c0, 0xc000171250}, {0x1183cce, 0xb}, {0x11d1560, 0x1156460}, {0xc0000c2300, 0x67, 0xb1}, ...})
	D:/Go/src/6.824/src/labrpc/labrpc.go:251 +0x41c
created by 6.824/labrpc.MakeNetwork.func1
	D:/Go/src/6.824/src/labrpc/labrpc.go:157 +0x3e

goroutine 601935 [select]:
6.824/kvraft.(*KVServer).Do(0xc000357590, 0xc00041d770, 0xc000005db8)
	D:/Go/src/6.824/src/kvraft/server.go:71 +0x2f4
reflect.Value.call({0xc000052180, 0xc00008feb0, 0xc000287b10}, {0x11827a2, 0x4}, {0xc000287c68, 0x3, 0xc000287b40})
	D:/ProgramFiles/Go/src/reflect/value.go:543 +0x814
reflect.Value.Call({0xc000052180, 0xc00008feb0, 0xc0000bf5e0}, {0xc000287c68, 0x3, 0x3})
	D:/ProgramFiles/Go/src/reflect/value.go:339 +0xc5
6.824/labrpc.(*Service).dispatch(0xc0003f3480, {0x1183cd7, 0x2}, {{0x114e7c0, 0xc000171520}, {0x1183cce, 0xb}, {0x11d1560, 0x1156460}, {0xc0000bc420, ...}, ...})
	D:/Go/src/6.824/src/labrpc/labrpc.go:496 +0x39d
6.824/labrpc.(*Server).dispatch(0xc0003416e0, {{0x114e7c0, 0xc000171520}, {0x1183cce, 0xb}, {0x11d1560, 0x1156460}, {0xc0000bc420, 0x5c, 0xa6}, ...})
	D:/Go/src/6.824/src/labrpc/labrpc.go:420 +0x1fe
6.824/labrpc.(*Network).processReq.func1()
	D:/Go/src/6.824/src/labrpc/labrpc.go:240 +0x58
created by 6.824/labrpc.(*Network).processReq
	D:/Go/src/6.824/src/labrpc/labrpc.go:239 +0x1df

goroutine 22501 [chan receive]:
6.824/kvraft.(*KVServer).doExecute(0xc000357770)
	D:/Go/src/6.824/src/kvraft/server.go:125 +0x70
created by 6.824/kvraft.StartKVServer
	D:/Go/src/6.824/src/kvraft/server.go:201 +0x207

goroutine 601855 [select]:
6.824/labrpc.(*Network).processReq(0xc000054190, {{0x114e7c0, 0xc000170440}, {0x1183cce, 0xb}, {0x11d1560, 0x1156460}, {0xc00028a370, 0x5c, 0xa6}, ...})
	D:/Go/src/6.824/src/labrpc/labrpc.go:251 +0x41c
created by 6.824/labrpc.MakeNetwork.func1
	D:/Go/src/6.824/src/labrpc/labrpc.go:157 +0x3e

goroutine 602124 [chan receive]:
6.824/labrpc.(*ClientEnd).Call(0xc000045300, {0x1183cce, 0xc00041fe00}, {0x1156460, 0xc00053de30}, {0x1146540, 0xc000430810})
	D:/Go/src/6.824/src/labrpc/labrpc.go:112 +0x26e
6.824/kvraft.(*Clerk).Execute.func1(0x1, {0x3, {0x118bf8e, 0x1}, {0xc000207bb0, 0x8}, 0x1ec6e5d, 0x1e}, 0x1)
	D:/Go/src/6.824/src/kvraft/client.go:47 +0x11b
created by 6.824/kvraft.(*Clerk).Execute
	D:/Go/src/6.824/src/kvraft/client.go:45 +0x1b3

goroutine 601943 [select]:
6.824/labrpc.(*Network).processReq(0xc000054190, {{0x114e7c0, 0xc000170800}, {0x1183cce, 0xb}, {0x11d1560, 0x1156460}, {0xc00028ab00, 0x5b, 0xa5}, ...})
	D:/Go/src/6.824/src/labrpc/labrpc.go:251 +0x41c
created by 6.824/labrpc.MakeNetwork.func1
	D:/Go/src/6.824/src/labrpc/labrpc.go:157 +0x3e

goroutine 601908 [select]:
6.824/labrpc.(*Network).processReq(0xc000054190, {{0x114e7c0, 0xc000170cb0}, {0x1183cce, 0xb}, {0x11d1560, 0x1156460}, {0xc00028a790, 0x65, 0xaf}, ...})
	D:/Go/src/6.824/src/labrpc/labrpc.go:251 +0x41c
created by 6.824/labrpc.MakeNetwork.func1
	D:/Go/src/6.824/src/labrpc/labrpc.go:157 +0x3e

goroutine 602060 [chan receive]:
6.824/labrpc.(*ClientEnd).Call(0xc000044e80, {0x1183cce, 0xc000302ae0}, {0x1156460, 0xc000626330}, {0x1146540, 0xc000439068})
	D:/Go/src/6.824/src/labrpc/labrpc.go:112 +0x26e
6.824/kvraft.(*Clerk).Execute.func1(0x3, {0x1, {0x118bf88, 0x1}, {0x0, 0x0}, 0x1bfb729a, 0x19}, 0x2)
	D:/Go/src/6.824/src/kvraft/client.go:47 +0x11b
created by 6.824/kvraft.(*Clerk).Execute
	D:/Go/src/6.824/src/kvraft/client.go:45 +0x1b3

goroutine 602109 [select]:
6.824/labrpc.(*Network).processReq(0xc000054190, {{0x114e7c0, 0xc000170da0}, {0x1183cce, 0xb}, {0x11d1560, 0x1156460}, {0xc0000bca50, 0x5b, 0xa5}, ...})
	D:/Go/src/6.824/src/labrpc/labrpc.go:251 +0x41c
created by 6.824/labrpc.MakeNetwork.func1
	D:/Go/src/6.824/src/labrpc/labrpc.go:157 +0x3e

goroutine 22523 [sleep]:
time.Sleep(0x4c4b400)
	D:/ProgramFiles/Go/src/runtime/time.go:193 +0x133
6.824/raft.(*Raft).heartTicker(0xc00014c4b0, 0xc000054190)
	D:/Go/src/6.824/src/raft/raft.go:618 +0x4f
created by 6.824/raft.(*Raft).BeLeader
	D:/Go/src/6.824/src/raft/raft.go:610 +0xcf

goroutine 601856 [select]:
6.824/kvraft.(*KVServer).Do(0xc000357590, 0xc00021fe60, 0xc000521ae8)
	D:/Go/src/6.824/src/kvraft/server.go:71 +0x2f4
reflect.Value.call({0xc000052180, 0xc00008feb0, 0xc000489b10}, {0x11827a2, 0x4}, {0xc000489c68, 0x3, 0xc000489b40})
	D:/ProgramFiles/Go/src/reflect/value.go:543 +0x814
reflect.Value.Call({0xc000052180, 0xc00008feb0, 0xc00027a040}, {0xc000489c68, 0x3, 0x3})
	D:/ProgramFiles/Go/src/reflect/value.go:339 +0xc5
6.824/labrpc.(*Service).dispatch(0xc0003f3480, {0x1183cd7, 0x2}, {{0x114e7c0, 0xc000170440}, {0x1183cce, 0xb}, {0x11d1560, 0x1156460}, {0xc00028a370, ...}, ...})
	D:/Go/src/6.824/src/labrpc/labrpc.go:496 +0x39d
6.824/labrpc.(*Server).dispatch(0xc0003416e0, {{0x114e7c0, 0xc000170440}, {0x1183cce, 0xb}, {0x11d1560, 0x1156460}, {0xc00028a370, 0x5c, 0xa6}, ...})
	D:/Go/src/6.824/src/labrpc/labrpc.go:420 +0x1fe
6.824/labrpc.(*Network).processReq.func1()
	D:/Go/src/6.824/src/labrpc/labrpc.go:240 +0x58
created by 6.824/labrpc.(*Network).processReq
	D:/Go/src/6.824/src/labrpc/labrpc.go:239 +0x1df

goroutine 601934 [select]:
6.824/labrpc.(*Network).processReq(0xc000054190, {{0x114e7c0, 0xc000171520}, {0x1183cce, 0xb}, {0x11d1560, 0x1156460}, {0xc0000bc420, 0x5c, 0xa6}, ...})
	D:/Go/src/6.824/src/labrpc/labrpc.go:251 +0x41c
created by 6.824/labrpc.MakeNetwork.func1
	D:/Go/src/6.824/src/labrpc/labrpc.go:157 +0x3e

goroutine 602003 [select]:
6.824/kvraft.(*KVServer).Do(0xc000357590, 0xc000442ba0, 0xc00033b428)
	D:/Go/src/6.824/src/kvraft/server.go:71 +0x2f4
reflect.Value.call({0xc000052180, 0xc00008feb0, 0xc000283b10}, {0x11827a2, 0x4}, {0xc000283c68, 0x3, 0xc000283b40})
	D:/ProgramFiles/Go/src/reflect/value.go:543 +0x814
reflect.Value.Call({0xc000052180, 0xc00008feb0, 0xc00038eb40}, {0xc000283c68, 0x3, 0x3})
	D:/ProgramFiles/Go/src/reflect/value.go:339 +0xc5
6.824/labrpc.(*Service).dispatch(0xc0003f3480, {0x1183cd7, 0x2}, {{0x114e7c0, 0xc000171070}, {0x1183cce, 0xb}, {0x11d1560, 0x1156460}, {0xc0000c83c0, ...}, ...})
	D:/Go/src/6.824/src/labrpc/labrpc.go:496 +0x39d
6.824/labrpc.(*Server).dispatch(0xc0003416e0, {{0x114e7c0, 0xc000171070}, {0x1183cce, 0xb}, {0x11d1560, 0x1156460}, {0xc0000c83c0, 0x67, 0xb1}, ...})
	D:/Go/src/6.824/src/labrpc/labrpc.go:420 +0x1fe
6.824/labrpc.(*Network).processReq.func1()
	D:/Go/src/6.824/src/labrpc/labrpc.go:240 +0x58
created by 6.824/labrpc.(*Network).processReq
	D:/Go/src/6.824/src/labrpc/labrpc.go:239 +0x1df

goroutine 602153 [select]:
6.824/labrpc.(*Network).processReq(0xc000054190, {{0x114e7c0, 0xc000170ad0}, {0x1183cce, 0xb}, {0x11d1560, 0x1156460}, {0xc0005cc160, 0x5b, 0xa5}, ...})
	D:/Go/src/6.824/src/labrpc/labrpc.go:251 +0x41c
created by 6.824/labrpc.MakeNetwork.func1
	D:/Go/src/6.824/src/labrpc/labrpc.go:157 +0x3e

goroutine 601601 [chan receive]:
6.824/labrpc.(*ClientEnd).Call(0xc0000456c0, {0x1183cce, 0x114dfc0}, {0x1156460, 0xc0004427b0}, {0x1146540, 0xc00033b260})
	D:/Go/src/6.824/src/labrpc/labrpc.go:112 +0x26e
6.824/kvraft.(*Clerk).Execute.func1(0x3, {0x3, {0x1190f01, 0x2}, {0xc0007440d0, 0x9}, 0xcb9d115b, 0x21}, 0xc000054190)
	D:/Go/src/6.824/src/kvraft/client.go:47 +0x11b
created by 6.824/kvraft.(*Clerk).Execute
	D:/Go/src/6.824/src/kvraft/client.go:45 +0x1b3

goroutine 601835 [select]:
6.824/kvraft.(*KVServer).Do(0xc000357590, 0xc00029b110, 0xc000344a08)
	D:/Go/src/6.824/src/kvraft/server.go:71 +0x2f4
reflect.Value.call({0xc000052180, 0xc00008feb0, 0xc00005bb10}, {0x11827a2, 0x4}, {0xc00005bc68, 0x3, 0xc00005bb40})
	D:/ProgramFiles/Go/src/reflect/value.go:543 +0x814
reflect.Value.Call({0xc000052180, 0xc00008feb0, 0xc0006db9b8}, {0xc00005bc68, 0x3, 0x3})
	D:/ProgramFiles/Go/src/reflect/value.go:339 +0xc5
6.824/labrpc.(*Service).dispatch(0xc0003f3480, {0x1183cd7, 0x2}, {{0x114e7c0, 0xc000171430}, {0x1183cce, 0xb}, {0x11d1560, 0x1156460}, {0xc0005cc9a0, ...}, ...})
	D:/Go/src/6.824/src/labrpc/labrpc.go:496 +0x39d
6.824/labrpc.(*Server).dispatch(0xc0003416e0, {{0x114e7c0, 0xc000171430}, {0x1183cce, 0xb}, {0x11d1560, 0x1156460}, {0xc0005cc9a0, 0x5c, 0xa6}, ...})
	D:/Go/src/6.824/src/labrpc/labrpc.go:420 +0x1fe
6.824/labrpc.(*Network).processReq.func1()
	D:/Go/src/6.824/src/labrpc/labrpc.go:240 +0x58
created by 6.824/labrpc.(*Network).processReq
	D:/Go/src/6.824/src/labrpc/labrpc.go:239 +0x1df

goroutine 601814 [select]:
6.824/kvraft.(*KVServer).Do(0xc000357590, 0xc0004af980, 0xc000381158)
	D:/Go/src/6.824/src/kvraft/server.go:71 +0x2f4
reflect.Value.call({0xc000052180, 0xc00008feb0, 0xc0000f9b10}, {0x11827a2, 0x4}, {0xc0000f9c68, 0x3, 0xc0000f9b40})
	D:/ProgramFiles/Go/src/reflect/value.go:543 +0x814
reflect.Value.Call({0xc000052180, 0xc00008feb0, 0xc0006daac8}, {0xc0000f9c68, 0x3, 0x3})
	D:/ProgramFiles/Go/src/reflect/value.go:339 +0xc5
6.824/labrpc.(*Service).dispatch(0xc0003f3480, {0x1183cd7, 0x2}, {{0x114e7c0, 0xc000171610}, {0x1183cce, 0xb}, {0x11d1560, 0x1156460}, {0xc00001c6c0, ...}, ...})
	D:/Go/src/6.824/src/labrpc/labrpc.go:496 +0x39d
6.824/labrpc.(*Server).dispatch(0xc0003416e0, {{0x114e7c0, 0xc000171610}, {0x1183cce, 0xb}, {0x11d1560, 0x1156460}, {0xc00001c6c0, 0x67, 0xb1}, ...})
	D:/Go/src/6.824/src/labrpc/labrpc.go:420 +0x1fe
6.824/labrpc.(*Network).processReq.func1()
	D:/Go/src/6.824/src/labrpc/labrpc.go:240 +0x58
created by 6.824/labrpc.(*Network).processReq
	D:/Go/src/6.824/src/labrpc/labrpc.go:239 +0x1df

goroutine 601909 [select]:
6.824/kvraft.(*KVServer).Do(0xc000357590, 0xc000240c60, 0xc0006c91a0)
	D:/Go/src/6.824/src/kvraft/server.go:71 +0x2f4
reflect.Value.call({0xc000052180, 0xc00008feb0, 0xc0003d1b10}, {0x11827a2, 0x4}, {0xc0003d1c68, 0x3, 0xc0003d1b40})
	D:/ProgramFiles/Go/src/reflect/value.go:543 +0x814
reflect.Value.Call({0xc000052180, 0xc00008feb0, 0xc00027acf0}, {0xc0003d1c68, 0x3, 0x3})
	D:/ProgramFiles/Go/src/reflect/value.go:339 +0xc5
6.824/labrpc.(*Service).dispatch(0xc0003f3480, {0x1183cd7, 0x2}, {{0x114e7c0, 0xc000170cb0}, {0x1183cce, 0xb}, {0x11d1560, 0x1156460}, {0xc00028a790, ...}, ...})
	D:/Go/src/6.824/src/labrpc/labrpc.go:496 +0x39d
6.824/labrpc.(*Server).dispatch(0xc0003416e0, {{0x114e7c0, 0xc000170cb0}, {0x1183cce, 0xb}, {0x11d1560, 0x1156460}, {0xc00028a790, 0x65, 0xaf}, ...})
	D:/Go/src/6.824/src/labrpc/labrpc.go:420 +0x1fe
6.824/labrpc.(*Network).processReq.func1()
	D:/Go/src/6.824/src/labrpc/labrpc.go:240 +0x58
created by 6.824/labrpc.(*Network).processReq
	D:/Go/src/6.824/src/labrpc/labrpc.go:239 +0x1df

goroutine 602263 [chan receive]:
6.824/labrpc.(*ClientEnd).Call(0xc000045840, {0x1183cce, 0xc0004c31a0}, {0x1156460, 0xc00070f8c0}, {0x1146540, 0xc0004f8d68})
	D:/Go/src/6.824/src/labrpc/labrpc.go:112 +0x26e
6.824/kvraft.(*Clerk).Execute.func1(0x4, {0x3, {0x1190f05, 0x2}, {0xc00085c8c0, 0x9}, 0xc9b9a273, 0x26}, 0x3)
	D:/Go/src/6.824/src/kvraft/client.go:47 +0x11b
created by 6.824/kvraft.(*Clerk).Execute
	D:/Go/src/6.824/src/kvraft/client.go:45 +0x1b3

goroutine 602108 [chan receive]:
6.824/labrpc.(*ClientEnd).Call(0xc000045480, {0x1183cce, 0x114dfc0}, {0x1156460, 0xc000074ed0}, {0x1146540, 0xc0004b7428})
	D:/Go/src/6.824/src/labrpc/labrpc.go:112 +0x26e
6.824/kvraft.(*Clerk).Execute.func1(0x4, {0x1, {0x118bf90, 0x1}, {0x0, 0x0}, 0xb87f192d, 0x1d}, 0xc000054190)
	D:/Go/src/6.824/src/kvraft/client.go:47 +0x11b
created by 6.824/kvraft.(*Clerk).Execute
	D:/Go/src/6.824/src/kvraft/client.go:45 +0x1b3

goroutine 22448 [sleep]:
time.Sleep(0xfea18c0)
	D:/ProgramFiles/Go/src/runtime/time.go:193 +0x133
6.824/raft.(*Raft).electionTicker(0xc00014c5a0)
	D:/Go/src/6.824/src/raft/raft.go:630 +0x95
created by 6.824/raft.Make
	D:/Go/src/6.824/src/raft/raft.go:672 +0x2a7

goroutine 602101 [select]:
6.824/kvraft.(*KVServer).Do(0xc000357590, 0xc0004bf4d0, 0xc0004b6cc0)
	D:/Go/src/6.824/src/kvraft/server.go:71 +0x2f4
reflect.Value.call({0xc000052180, 0xc00008feb0, 0xc000145b10}, {0x11827a2, 0x4}, {0xc000145c68, 0x3, 0xc000145b40})
	D:/ProgramFiles/Go/src/reflect/value.go:543 +0x814
reflect.Value.Call({0xc000052180, 0xc00008feb0, 0xc00041abc8}, {0xc000145c68, 0x3, 0x3})
	D:/ProgramFiles/Go/src/reflect/value.go:339 +0xc5
6.824/labrpc.(*Service).dispatch(0xc0003f3480, {0x1183cd7, 0x2}, {{0x114e7c0, 0xc000171340}, {0x1183cce, 0xb}, {0x11d1560, 0x1156460}, {0xc0000bc9a0, ...}, ...})
	D:/Go/src/6.824/src/labrpc/labrpc.go:496 +0x39d
6.824/labrpc.(*Server).dispatch(0xc0003416e0, {{0x114e7c0, 0xc000171340}, {0x1183cce, 0xb}, {0x11d1560, 0x1156460}, {0xc0000bc9a0, 0x5c, 0xa6}, ...})
	D:/Go/src/6.824/src/labrpc/labrpc.go:420 +0x1fe
6.824/labrpc.(*Network).processReq.func1()
	D:/Go/src/6.824/src/labrpc/labrpc.go:240 +0x58
created by 6.824/labrpc.(*Network).processReq
	D:/Go/src/6.824/src/labrpc/labrpc.go:239 +0x1df

goroutine 602002 [select]:
6.824/labrpc.(*Network).processReq(0xc000054190, {{0x114e7c0, 0xc000171070}, {0x1183cce, 0xb}, {0x11d1560, 0x1156460}, {0xc0000c83c0, 0x67, 0xb1}, ...})
	D:/Go/src/6.824/src/labrpc/labrpc.go:251 +0x41c
created by 6.824/labrpc.MakeNetwork.func1
	D:/Go/src/6.824/src/labrpc/labrpc.go:157 +0x3e

goroutine 601744 [select]:
6.824/kvraft.(*KVServer).Do(0xc000357590, 0xc0006a7350, 0xc000539ec0)
	D:/Go/src/6.824/src/kvraft/server.go:71 +0x2f4
reflect.Value.call({0xc000052180, 0xc00008feb0, 0xc000141b10}, {0x11827a2, 0x4}, {0xc000141c68, 0x3, 0xc000141b40})
	D:/ProgramFiles/Go/src/reflect/value.go:543 +0x814
reflect.Value.Call({0xc000052180, 0xc00008feb0, 0xc000006ea8}, {0xc000141c68, 0x3, 0x3})
	D:/ProgramFiles/Go/src/reflect/value.go:339 +0xc5
6.824/labrpc.(*Service).dispatch(0xc0003f3480, {0x1183cd7, 0x2}, {{0x114e7c0, 0xc000170530}, {0x1183cce, 0xb}, {0x11d1560, 0x1156460}, {0xc0005cc580, ...}, ...})
	D:/Go/src/6.824/src/labrpc/labrpc.go:496 +0x39d
6.824/labrpc.(*Server).dispatch(0xc0003416e0, {{0x114e7c0, 0xc000170530}, {0x1183cce, 0xb}, {0x11d1560, 0x1156460}, {0xc0005cc580, 0x65, 0xaf}, ...})
	D:/Go/src/6.824/src/labrpc/labrpc.go:420 +0x1fe
6.824/labrpc.(*Network).processReq.func1()
	D:/Go/src/6.824/src/labrpc/labrpc.go:240 +0x58
created by 6.824/labrpc.(*Network).processReq
	D:/Go/src/6.824/src/labrpc/labrpc.go:239 +0x1df

goroutine 601742 [chan receive]:
6.824/labrpc.(*ClientEnd).Call(0xc000044dc0, {0x1183cce, 0x114dfc0}, {0x1156460, 0xc0006a6f90}, {0x1146540, 0xc000539ce0})
	D:/Go/src/6.824/src/labrpc/labrpc.go:112 +0x26e
6.824/kvraft.(*Clerk).Execute.func1(0x4, {0x3, {0x118bf87, 0x1}, {0xc00085df88, 0x8}, 0xa5991d89, 0x20}, 0xc000054190)
	D:/Go/src/6.824/src/kvraft/client.go:47 +0x11b
created by 6.824/kvraft.(*Clerk).Execute
	D:/Go/src/6.824/src/kvraft/client.go:45 +0x1b3

goroutine 601834 [select]:
6.824/labrpc.(*Network).processReq(0xc000054190, {{0x114e7c0, 0xc000171430}, {0x1183cce, 0xb}, {0x11d1560, 0x1156460}, {0xc0005cc9a0, 0x5c, 0xa6}, ...})
	D:/Go/src/6.824/src/labrpc/labrpc.go:251 +0x41c
created by 6.824/labrpc.MakeNetwork.func1
	D:/Go/src/6.824/src/labrpc/labrpc.go:157 +0x3e

goroutine 601303 [chan receive]:
6.824/labrpc.(*ClientEnd).Call(0xc000045600, {0x1183cce, 0x114dfc0}, {0x1156460, 0xc0006a70b0}, {0x1146540, 0xc0005b3638})
	D:/Go/src/6.824/src/labrpc/labrpc.go:112 +0x26e
6.824/kvraft.(*Clerk).Execute.func1(0x3, {0x1, {0x1190eff, 0x2}, {0x0, 0x0}, 0x36005889, 0x1b}, 0xc000054190)
	D:/Go/src/6.824/src/kvraft/client.go:47 +0x11b
created by 6.824/kvraft.(*Clerk).Execute
	D:/Go/src/6.824/src/kvraft/client.go:45 +0x1b3

goroutine 601304 [select]:
6.824/labrpc.(*Network).processReq(0xc000054190, {{0x114e7c0, 0xc000170f80}, {0x1183cce, 0xb}, {0x11d1560, 0x1156460}, {0xc00028a2c0, 0x5c, 0xa6}, ...})
	D:/Go/src/6.824/src/labrpc/labrpc.go:251 +0x41c
created by 6.824/labrpc.MakeNetwork.func1
	D:/Go/src/6.824/src/labrpc/labrpc.go:157 +0x3e

goroutine 602125 [select]:
6.824/labrpc.(*Network).processReq(0xc000054190, {{0x114e7c0, 0xc000170bc0}, {0x1183cce, 0xb}, {0x11d1560, 0x1156460}, {0xc00028a000, 0x65, 0xaf}, ...})
	D:/Go/src/6.824/src/labrpc/labrpc.go:251 +0x41c
created by 6.824/labrpc.MakeNetwork.func1
	D:/Go/src/6.824/src/labrpc/labrpc.go:157 +0x3e

goroutine 602061 [select]:
6.824/labrpc.(*Network).processReq(0xc000054190, {{0x114e7c0, 0xc000170620}, {0x1183cce, 0xb}, {0x11d1560, 0x1156460}, {0xc0000bc790, 0x5b, 0xa5}, ...})
	D:/Go/src/6.824/src/labrpc/labrpc.go:251 +0x41c
created by 6.824/labrpc.MakeNetwork.func1
	D:/Go/src/6.824/src/labrpc/labrpc.go:157 +0x3e

goroutine 602265 [select]:
6.824/kvraft.(*KVServer).Do(0xc000357590, 0xc00070fd40, 0xc0004f8f30)
	D:/Go/src/6.824/src/kvraft/server.go:71 +0x2f4
reflect.Value.call({0xc000052180, 0xc00008feb0, 0xc000293b10}, {0x11827a2, 0x4}, {0xc000293c68, 0x3, 0xc000293b40})
	D:/ProgramFiles/Go/src/reflect/value.go:543 +0x814
reflect.Value.Call({0xc000052180, 0xc00008feb0, 0xc00038fba0}, {0xc000293c68, 0x3, 0x3})
	D:/ProgramFiles/Go/src/reflect/value.go:339 +0xc5
6.824/labrpc.(*Service).dispatch(0xc0003f3480, {0x1183cd7, 0x2}, {{0x114e7c0, 0xc000171250}, {0x1183cce, 0xb}, {0x11d1560, 0x1156460}, {0xc0000c2300, ...}, ...})
	D:/Go/src/6.824/src/labrpc/labrpc.go:496 +0x39d
6.824/labrpc.(*Server).dispatch(0xc0003416e0, {{0x114e7c0, 0xc000171250}, {0x1183cce, 0xb}, {0x11d1560, 0x1156460}, {0xc0000c2300, 0x67, 0xb1}, ...})
	D:/Go/src/6.824/src/labrpc/labrpc.go:420 +0x1fe
6.824/labrpc.(*Network).processReq.func1()
	D:/Go/src/6.824/src/labrpc/labrpc.go:240 +0x58
created by 6.824/labrpc.(*Network).processReq
	D:/Go/src/6.824/src/labrpc/labrpc.go:239 +0x1df

goroutine 22446 [sleep]:
time.Sleep(0xbebc200)
	D:/ProgramFiles/Go/src/runtime/time.go:193 +0x133
6.824/raft.(*Raft).electionTicker(0xc00014c4b0)
	D:/Go/src/6.824/src/raft/raft.go:630 +0x95
created by 6.824/raft.Make
	D:/Go/src/6.824/src/raft/raft.go:672 +0x2a7

goroutine 22500 [sleep]:
time.Sleep(0x111b45c0)
	D:/ProgramFiles/Go/src/runtime/time.go:193 +0x133
6.824/raft.(*Raft).electionTicker(0xc00014c780)
	D:/Go/src/6.824/src/raft/raft.go:630 +0x95
created by 6.824/raft.Make
	D:/Go/src/6.824/src/raft/raft.go:672 +0x2a7

goroutine 601854 [chan receive]:
6.824/labrpc.(*ClientEnd).Call(0xc000044ce0, {0x1183cce, 0x114dfc0}, {0x1156460, 0xc00021faa0}, {0x1146540, 0xc000521920})
	D:/Go/src/6.824/src/labrpc/labrpc.go:112 +0x26e
6.824/kvraft.(*Clerk).Execute.func1(0x2, {0x1, {0x1190f0f, 0x2}, {0x0, 0x0}, 0xdd671372, 0x20}, 0xc000054190)
	D:/Go/src/6.824/src/kvraft/client.go:47 +0x11b
created by 6.824/kvraft.(*Clerk).Execute
	D:/Go/src/6.824/src/kvraft/client.go:45 +0x1b3

goroutine 601933 [chan receive]:
6.824/labrpc.(*ClientEnd).Call(0xc000045a80, {0x1183cce, 0x114dfc0}, {0x1156460, 0xc00041d350}, {0x1146540, 0xc000005bf0})
	D:/Go/src/6.824/src/labrpc/labrpc.go:112 +0x26e
6.824/kvraft.(*Clerk).Execute.func1(0x3, {0x1, {0x1190f0b, 0x2}, {0x0, 0x0}, 0x82085217, 0x1e}, 0xc000054190)
	D:/Go/src/6.824/src/kvraft/client.go:47 +0x11b
created by 6.824/kvraft.(*Clerk).Execute
	D:/Go/src/6.824/src/kvraft/client.go:45 +0x1b3

goroutine 602110 [select]:
6.824/kvraft.(*KVServer).Do(0xc000357590, 0xc000075470, 0xc0004b75f0)
	D:/Go/src/6.824/src/kvraft/server.go:71 +0x2f4
reflect.Value.call({0xc000052180, 0xc00008feb0, 0xc0000efb10}, {0x11827a2, 0x4}, {0xc0000efc68, 0x3, 0xc0000efb40})
	D:/ProgramFiles/Go/src/reflect/value.go:543 +0x814
reflect.Value.Call({0xc000052180, 0xc00008feb0, 0xc00041b280}, {0xc0000efc68, 0x3, 0x3})
	D:/ProgramFiles/Go/src/reflect/value.go:339 +0xc5
6.824/labrpc.(*Service).dispatch(0xc0003f3480, {0x1183cd7, 0x2}, {{0x114e7c0, 0xc000170da0}, {0x1183cce, 0xb}, {0x11d1560, 0x1156460}, {0xc0000bca50, ...}, ...})
	D:/Go/src/6.824/src/labrpc/labrpc.go:496 +0x39d
6.824/labrpc.(*Server).dispatch(0xc0003416e0, {{0x114e7c0, 0xc000170da0}, {0x1183cce, 0xb}, {0x11d1560, 0x1156460}, {0xc0000bca50, 0x5b, 0xa5}, ...})
	D:/Go/src/6.824/src/labrpc/labrpc.go:420 +0x1fe
6.824/labrpc.(*Network).processReq.func1()
	D:/Go/src/6.824/src/labrpc/labrpc.go:240 +0x58
created by 6.824/labrpc.(*Network).processReq
	D:/Go/src/6.824/src/labrpc/labrpc.go:239 +0x1df

goroutine 601871 [select]:
6.824/labrpc.(*Network).processReq(0xc000054190, {{0x114e7c0, 0xc000170710}, {0x1183cce, 0xb}, {0x11d1560, 0x1156460}, {0xc0005ccdc0, 0x65, 0xaf}, ...})
	D:/Go/src/6.824/src/labrpc/labrpc.go:251 +0x41c
created by 6.824/labrpc.MakeNetwork.func1
	D:/Go/src/6.824/src/labrpc/labrpc.go:157 +0x3e

goroutine 601812 [chan receive]:
6.824/labrpc.(*ClientEnd).Call(0xc000045b40, {0x1183cce, 0x114dfc0}, {0x1156460, 0xc0004af5c0}, {0x1146540, 0xc000380f48})
	D:/Go/src/6.824/src/labrpc/labrpc.go:112 +0x26e
6.824/kvraft.(*Clerk).Execute.func1(0x2, {0x3, {0x1190f0d, 0x2}, {0xc000744230, 0x9}, 0x21cd1658, 0x1e}, 0xc000054190)
	D:/Go/src/6.824/src/kvraft/client.go:47 +0x11b
created by 6.824/kvraft.(*Clerk).Execute
	D:/Go/src/6.824/src/kvraft/client.go:45 +0x1b3

goroutine 601357 [select]:
6.824/labrpc.(*Network).processReq(0xc000054190, {{0x114e7c0, 0xc0001708f0}, {0x1183cce, 0xb}, {0x11d1560, 0x1156460}, {0xc00028a630, 0x5b, 0xa5}, ...})
	D:/Go/src/6.824/src/labrpc/labrpc.go:251 +0x41c
created by 6.824/labrpc.MakeNetwork.func1
	D:/Go/src/6.824/src/labrpc/labrpc.go:157 +0x3e

goroutine 22449 [chan receive]:
6.824/kvraft.(*KVServer).doExecute(0xc000357630)
	D:/Go/src/6.824/src/kvraft/server.go:125 +0x70
created by 6.824/kvraft.StartKVServer
	D:/Go/src/6.824/src/kvraft/server.go:201 +0x207

goroutine 601305 [select]:
6.824/kvraft.(*KVServer).Do(0xc000357590, 0xc0006a7440, 0xc0005b3818)
	D:/Go/src/6.824/src/kvraft/server.go:71 +0x2f4
reflect.Value.call({0xc000052180, 0xc00008feb0, 0xc000233b10}, {0x11827a2, 0x4}, {0xc000233c68, 0x3, 0xc000233b40})
	D:/ProgramFiles/Go/src/reflect/value.go:543 +0x814
reflect.Value.Call({0xc000052180, 0xc00008feb0, 0xc000220c48}, {0xc000233c68, 0x3, 0x3})
	D:/ProgramFiles/Go/src/reflect/value.go:339 +0xc5
6.824/labrpc.(*Service).dispatch(0xc0003f3480, {0x1183cd7, 0x2}, {{0x114e7c0, 0xc000170f80}, {0x1183cce, 0xb}, {0x11d1560, 0x1156460}, {0xc00028a2c0, ...}, ...})
	D:/Go/src/6.824/src/labrpc/labrpc.go:496 +0x39d
6.824/labrpc.(*Server).dispatch(0xc0003416e0, {{0x114e7c0, 0xc000170f80}, {0x1183cce, 0xb}, {0x11d1560, 0x1156460}, {0xc00028a2c0, 0x5c, 0xa6}, ...})
	D:/Go/src/6.824/src/labrpc/labrpc.go:420 +0x1fe
6.824/labrpc.(*Network).processReq.func1()
	D:/Go/src/6.824/src/labrpc/labrpc.go:240 +0x58
created by 6.824/labrpc.(*Network).processReq
	D:/Go/src/6.824/src/labrpc/labrpc.go:239 +0x1df

goroutine 601872 [select]:
6.824/kvraft.(*KVServer).Do(0xc000357590, 0xc00034ff20, 0xc00058a060)
	D:/Go/src/6.824/src/kvraft/server.go:71 +0x2f4
reflect.Value.call({0xc000052180, 0xc00008feb0, 0xc000485b10}, {0x11827a2, 0x4}, {0xc000485c68, 0x3, 0xc000485b40})
	D:/ProgramFiles/Go/src/reflect/value.go:543 +0x814
reflect.Value.Call({0xc000052180, 0xc00008feb0, 0xc0001d0668}, {0xc000485c68, 0x3, 0x3})
	D:/ProgramFiles/Go/src/reflect/value.go:339 +0xc5
6.824/labrpc.(*Service).dispatch(0xc0003f3480, {0x1183cd7, 0x2}, {{0x114e7c0, 0xc000170710}, {0x1183cce, 0xb}, {0x11d1560, 0x1156460}, {0xc0005ccdc0, ...}, ...})
	D:/Go/src/6.824/src/labrpc/labrpc.go:496 +0x39d
6.824/labrpc.(*Server).dispatch(0xc0003416e0, {{0x114e7c0, 0xc000170710}, {0x1183cce, 0xb}, {0x11d1560, 0x1156460}, {0xc0005ccdc0, 0x65, 0xaf}, ...})
	D:/Go/src/6.824/src/labrpc/labrpc.go:420 +0x1fe
6.824/labrpc.(*Network).processReq.func1()
	D:/Go/src/6.824/src/labrpc/labrpc.go:240 +0x58
created by 6.824/labrpc.(*Network).processReq
	D:/Go/src/6.824/src/labrpc/labrpc.go:239 +0x1df

goroutine 22499 [chan receive]:
6.824/kvraft.(*KVServer).doExecute(0xc0003576d0)
	D:/Go/src/6.824/src/kvraft/server.go:125 +0x70
created by 6.824/kvraft.StartKVServer
	D:/Go/src/6.824/src/kvraft/server.go:201 +0x207

goroutine 601907 [chan receive]:
6.824/labrpc.(*ClientEnd).Call(0xc0000453c0, {0x1183cce, 0xc0004ba660}, {0x1156460, 0xc000240870}, {0x1146540, 0xc0006c8f00})
	D:/Go/src/6.824/src/labrpc/labrpc.go:112 +0x26e
6.824/kvraft.(*Clerk).Execute.func1(0x2, {0x3, {0x118bf8f, 0x1}, {0xc00085db98, 0x8}, 0x1197d573, 0x1e}, 0x4)
	D:/Go/src/6.824/src/kvraft/client.go:47 +0x11b
created by 6.824/kvraft.(*Clerk).Execute
	D:/Go/src/6.824/src/kvraft/client.go:45 +0x1b3

goroutine 602255 [chan receive]:
6.824/labrpc.(*ClientEnd).Call(0xc000045180, {0x1183cce, 0x3092}, {0x1156460, 0xc00021ed20}, {0x1146540, 0xc0004d62e8})
	D:/Go/src/6.824/src/labrpc/labrpc.go:112 +0x26e
6.824/kvraft.(*Clerk).Execute.func1(0x3, {0x3, {0x118bf8c, 0x1}, {0xc000411778, 0x8}, 0x9d76783e, 0x1d}, 0xc000054190)
	D:/Go/src/6.824/src/kvraft/client.go:47 +0x11b
created by 6.824/kvraft.(*Clerk).Execute
	D:/Go/src/6.824/src/kvraft/client.go:45 +0x1b3

goroutine 22495 [sleep]:
time.Sleep(0x4c4b400)
	D:/ProgramFiles/Go/src/runtime/time.go:193 +0x133
6.824/raft.(*Raft).heartTicker(0xc00014c4b0, 0xc000054190)
	D:/Go/src/6.824/src/raft/raft.go:618 +0x4f
created by 6.824/raft.(*Raft).BeLeader
	D:/Go/src/6.824/src/raft/raft.go:610 +0xcf

goroutine 601813 [select]:
6.824/labrpc.(*Network).processReq(0xc000054190, {{0x114e7c0, 0xc000171610}, {0x1183cce, 0xb}, {0x11d1560, 0x1156460}, {0xc00001c6c0, 0x67, 0xb1}, ...})
	D:/Go/src/6.824/src/labrpc/labrpc.go:251 +0x41c
created by 6.824/labrpc.MakeNetwork.func1
	D:/Go/src/6.824/src/labrpc/labrpc.go:157 +0x3e

goroutine 22447 [chan receive]:
6.824/kvraft.(*KVServer).doExecute(0xc000357590)
	D:/Go/src/6.824/src/kvraft/server.go:125 +0x70
created by 6.824/kvraft.StartKVServer
	D:/Go/src/6.824/src/kvraft/server.go:201 +0x207

goroutine 602257 [select]:
6.824/kvraft.(*KVServer).Do(0xc000357590, 0xc00021f110, 0xc0004d64c8)
	D:/Go/src/6.824/src/kvraft/server.go:71 +0x2f4
reflect.Value.call({0xc000052180, 0xc00008feb0, 0xc0004f3b10}, {0x11827a2, 0x4}, {0xc0004f3c68, 0x3, 0xc0004f3b40})
	D:/ProgramFiles/Go/src/reflect/value.go:543 +0x814
reflect.Value.Call({0xc000052180, 0xc00008feb0, 0xc00008f568}, {0xc0004f3c68, 0x3, 0x3})
	D:/ProgramFiles/Go/src/reflect/value.go:339 +0xc5
6.824/labrpc.(*Service).dispatch(0xc0003f3480, {0x1183cd7, 0x2}, {{0x114e7c0, 0xc0001709e0}, {0x1183cce, 0xb}, {0x11d1560, 0x1156460}, {0xc00044c370, ...}, ...})
	D:/Go/src/6.824/src/labrpc/labrpc.go:496 +0x39d
6.824/labrpc.(*Server).dispatch(0xc0003416e0, {{0x114e7c0, 0xc0001709e0}, {0x1183cce, 0xb}, {0x11d1560, 0x1156460}, {0xc00044c370, 0x65, 0xaf}, ...})
	D:/Go/src/6.824/src/labrpc/labrpc.go:420 +0x1fe
6.824/labrpc.(*Network).processReq.func1()
	D:/Go/src/6.824/src/labrpc/labrpc.go:240 +0x58
created by 6.824/labrpc.(*Network).processReq
	D:/Go/src/6.824/src/labrpc/labrpc.go:239 +0x1df

goroutine 601743 [select]:
6.824/labrpc.(*Network).processReq(0xc000054190, {{0x114e7c0, 0xc000170530}, {0x1183cce, 0xb}, {0x11d1560, 0x1156460}, {0xc0005cc580, 0x65, 0xaf}, ...})
	D:/Go/src/6.824/src/labrpc/labrpc.go:251 +0x41c
created by 6.824/labrpc.MakeNetwork.func1
	D:/Go/src/6.824/src/labrpc/labrpc.go:157 +0x3e

goroutine 602152 [chan receive]:
6.824/labrpc.(*ClientEnd).Call(0xc000045240, {0x1183cce, 0xc0004bbec0}, {0x1156460, 0xc00072f680}, {0x1146540, 0xc000560ab0})
	D:/Go/src/6.824/src/labrpc/labrpc.go:112 +0x26e
6.824/kvraft.(*Clerk).Execute.func1(0x3, {0x1, {0x118bf8d, 0x1}, {0x0, 0x0}, 0x193aa78, 0x21}, 0x2)
	D:/Go/src/6.824/src/kvraft/client.go:47 +0x11b
created by 6.824/kvraft.(*Clerk).Execute
	D:/Go/src/6.824/src/kvraft/client.go:45 +0x1b3

goroutine 601942 [chan receive]:
6.824/labrpc.(*ClientEnd).Call(0xc000045000, {0x1183cce, 0xc00056bf98}, {0x1156460, 0xc000715590}, {0x1146540, 0xc000340450})
	D:/Go/src/6.824/src/labrpc/labrpc.go:112 +0x26e
6.824/kvraft.(*Clerk).Execute.func1(0x1, {0x1, {0x118bf8a, 0x1}, {0x0, 0x0}, 0xd83a815a, 0x16}, 0xc000054190)
	D:/Go/src/6.824/src/kvraft/client.go:47 +0x11b
created by 6.824/kvraft.(*Clerk).Execute
	D:/Go/src/6.824/src/kvraft/client.go:45 +0x1b3

goroutine 602099 [chan receive]:
6.824/labrpc.(*ClientEnd).Call(0xc000045900, {0x1183cce, 0xc0008fff98}, {0x1156460, 0xc0004bf110}, {0x1146540, 0xc0004b6af8})
	D:/Go/src/6.824/src/labrpc/labrpc.go:112 +0x26e
6.824/kvraft.(*Clerk).Execute.func1(0x4, {0x1, {0x1190f07, 0x2}, {0x0, 0x0}, 0xc5ae474b, 0x1f}, 0x1)
	D:/Go/src/6.824/src/kvraft/client.go:47 +0x11b
created by 6.824/kvraft.(*Clerk).Execute
	D:/Go/src/6.824/src/kvraft/client.go:45 +0x1b3

goroutine 22514 [sleep]:
time.Sleep(0x4c4b400)
	D:/ProgramFiles/Go/src/runtime/time.go:193 +0x133
6.824/raft.(*Raft).heartTicker(0xc00014c4b0, 0xc000054190)
	D:/Go/src/6.824/src/raft/raft.go:618 +0x4f
created by 6.824/raft.(*Raft).BeLeader
	D:/Go/src/6.824/src/raft/raft.go:610 +0xcf

goroutine 602095 [select]:
6.824/labrpc.(*Network).processReq(0xc000054190, {{0x114e7c0, 0xc000171160}, {0x1183cce, 0xb}, {0x11d1560, 0x1156460}, {0xc0000c8600, 0x67, 0xb1}, ...})
	D:/Go/src/6.824/src/labrpc/labrpc.go:251 +0x41c
created by 6.824/labrpc.MakeNetwork.func1
	D:/Go/src/6.824/src/labrpc/labrpc.go:157 +0x3e

goroutine 601833 [chan receive]:
6.824/labrpc.(*ClientEnd).Call(0xc0000459c0, {0x1183cce, 0x3076}, {0x1156460, 0xc00029acc0}, {0x1146540, 0xc000344840})
	D:/Go/src/6.824/src/labrpc/labrpc.go:112 +0x26e
6.824/kvraft.(*Clerk).Execute.func1(0x4, {0x1, {0x1190f09, 0x2}, {0x0, 0x0}, 0x7359d225, 0x1d}, 0x3)
	D:/Go/src/6.824/src/kvraft/client.go:47 +0x11b
created by 6.824/kvraft.(*Clerk).Execute
	D:/Go/src/6.824/src/kvraft/client.go:45 +0x1b3

goroutine 601944 [select]:
6.824/kvraft.(*KVServer).Do(0xc000357590, 0xc000715920, 0xc000340618)
	D:/Go/src/6.824/src/kvraft/server.go:71 +0x2f4
reflect.Value.call({0xc000052180, 0xc00008feb0, 0xc0005ebb10}, {0x11827a2, 0x4}, {0xc0005ebc68, 0x3, 0xc0005ebb40})
	D:/ProgramFiles/Go/src/reflect/value.go:543 +0x814
reflect.Value.Call({0xc000052180, 0xc00008feb0, 0xc00027b9f8}, {0xc0005ebc68, 0x3, 0x3})
	D:/ProgramFiles/Go/src/reflect/value.go:339 +0xc5
6.824/labrpc.(*Service).dispatch(0xc0003f3480, {0x1183cd7, 0x2}, {{0x114e7c0, 0xc000170800}, {0x1183cce, 0xb}, {0x11d1560, 0x1156460}, {0xc00028ab00, ...}, ...})
	D:/Go/src/6.824/src/labrpc/labrpc.go:496 +0x39d
6.824/labrpc.(*Server).dispatch(0xc0003416e0, {{0x114e7c0, 0xc000170800}, {0x1183cce, 0xb}, {0x11d1560, 0x1156460}, {0xc00028ab00, 0x5b, 0xa5}, ...})
	D:/Go/src/6.824/src/labrpc/labrpc.go:420 +0x1fe
6.824/labrpc.(*Network).processReq.func1()
	D:/Go/src/6.824/src/labrpc/labrpc.go:240 +0x58
created by 6.824/labrpc.(*Network).processReq
	D:/Go/src/6.824/src/labrpc/labrpc.go:239 +0x1df

goroutine 602154 [select]:
6.824/kvraft.(*KVServer).Do(0xc000357590, 0xc00072fa40, 0xc000560c78)
	D:/Go/src/6.824/src/kvraft/server.go:71 +0x2f4
reflect.Value.call({0xc000052180, 0xc00008feb0, 0xc00007db10}, {0x11827a2, 0x4}, {0xc00007dc68, 0x3, 0xc00007db40})
	D:/ProgramFiles/Go/src/reflect/value.go:543 +0x814
reflect.Value.Call({0xc000052180, 0xc00008feb0, 0xc00038e6d8}, {0xc00007dc68, 0x3, 0x3})
	D:/ProgramFiles/Go/src/reflect/value.go:339 +0xc5
6.824/labrpc.(*Service).dispatch(0xc0003f3480, {0x1183cd7, 0x2}, {{0x114e7c0, 0xc000170ad0}, {0x1183cce, 0xb}, {0x11d1560, 0x1156460}, {0xc0005cc160, ...}, ...})
	D:/Go/src/6.824/src/labrpc/labrpc.go:496 +0x39d
6.824/labrpc.(*Server).dispatch(0xc0003416e0, {{0x114e7c0, 0xc000170ad0}, {0x1183cce, 0xb}, {0x11d1560, 0x1156460}, {0xc0005cc160, 0x5b, 0xa5}, ...})
	D:/Go/src/6.824/src/labrpc/labrpc.go:420 +0x1fe
6.824/labrpc.(*Network).processReq.func1()
	D:/Go/src/6.824/src/labrpc/labrpc.go:240 +0x58
created by 6.824/labrpc.(*Network).processReq
	D:/Go/src/6.824/src/labrpc/labrpc.go:239 +0x1df

goroutine 602100 [select]:
6.824/labrpc.(*Network).processReq(0xc000054190, {{0x114e7c0, 0xc000171340}, {0x1183cce, 0xb}, {0x11d1560, 0x1156460}, {0xc0000bc9a0, 0x5c, 0xa6}, ...})
	D:/Go/src/6.824/src/labrpc/labrpc.go:251 +0x41c
created by 6.824/labrpc.MakeNetwork.func1
	D:/Go/src/6.824/src/labrpc/labrpc.go:157 +0x3e

goroutine 601870 [chan receive]:
6.824/labrpc.(*ClientEnd).Call(0xc000044f40, {0x1183cce, 0xc000466900}, {0x1156460, 0xc00034fa70}, {0x1146540, 0xc000345e90})
	D:/Go/src/6.824/src/labrpc/labrpc.go:112 +0x26e
6.824/kvraft.(*Clerk).Execute.func1(0x2, {0x3, {0x118bf89, 0x1}, {0xc000887d18, 0x8}, 0xb6e2de34, 0x23}, 0x4)
	D:/Go/src/6.824/src/kvraft/client.go:47 +0x11b
created by 6.824/kvraft.(*Clerk).Execute
	D:/Go/src/6.824/src/kvraft/client.go:45 +0x1b3
exit status 2
FAIL	6.824/kvraft	600.116s
