Test: restarts, snapshots, many clients (3B) ...
panic: test timed out after 10m0s

goroutine 611150 [running]:
testing.(*M).startAlarm.func1()
	D:/ProgramFiles/Go/src/testing/testing.go:1788 +0x8e
created by time.goFunc
	D:/ProgramFiles/Go/src/time/sleep.go:180 +0x31

goroutine 1 [chan receive, 10 minutes]:
testing.(*T).Run(0xc000085860, {0xa8abb1, 0x92c253}, 0xa983e0)
	D:/ProgramFiles/Go/src/testing/testing.go:1307 +0x375
testing.runTests.func1(0xc000085860)
	D:/ProgramFiles/Go/src/testing/testing.go:1598 +0x6e
testing.tRunner(0xc000085860, 0xc0000c3d18)
	D:/ProgramFiles/Go/src/testing/testing.go:1259 +0x102
testing.runTests(0xc000106000, {0xbe2c00, 0xf, 0xf}, {0x94d42d, 0xa84c2b, 0xbe6cc0})
	D:/ProgramFiles/Go/src/testing/testing.go:1596 +0x43f
testing.(*M).Run(0xc000106000)
	D:/ProgramFiles/Go/src/testing/testing.go:1504 +0x51d
main.main()
	_testmain.go:71 +0x14b

goroutine 19 [chan receive, 9 minutes]:
6.824/kvraft.GenericTest(0xc000085a00, {0xa8252f, 0x2}, 0x14, 0x5, 0x0, 0x1, 0x0, 0x3e8, 0x0)
	D:/Go/src/6.824/src/kvraft/test_test.go:334 +0xf88
6.824/kvraft.TestSnapshotRecoverManyClients3B(0x0)
	D:/Go/src/6.824/src/kvraft/test_test.go:695 +0x45
testing.tRunner(0xc000085a00, 0xa983e0)
	D:/ProgramFiles/Go/src/testing/testing.go:1259 +0x102
created by testing.(*T).Run
	D:/ProgramFiles/Go/src/testing/testing.go:1306 +0x35a

goroutine 20 [select]:
6.824/labrpc.MakeNetwork.func1()
	D:/Go/src/6.824/src/labrpc/labrpc.go:153 +0xbe
created by 6.824/labrpc.MakeNetwork
	D:/Go/src/6.824/src/labrpc/labrpc.go:151 +0x17b

goroutine 611224 [select]:
6.824/labrpc.(*Network).processReq(0xc000102140, {{0xa4e7c0, 0xc000142e80}, {0xa83cce, 0xb}, {0xad1560, 0xa56460}, {0xc00019e3c0, 0x67, 0xb1}, ...})
	D:/Go/src/6.824/src/labrpc/labrpc.go:251 +0x41c
created by 6.824/labrpc.MakeNetwork.func1
	D:/Go/src/6.824/src/labrpc/labrpc.go:157 +0x3e

goroutine 611047 [select]:
6.824/labrpc.(*Network).processReq(0xc000102140, {{0xa4e7c0, 0xc000208210}, {0xa83cce, 0xb}, {0xad1560, 0xa56460}, {0xc00023e600, 0x67, 0xb1}, ...})
	D:/Go/src/6.824/src/labrpc/labrpc.go:251 +0x41c
created by 6.824/labrpc.MakeNetwork.func1
	D:/Go/src/6.824/src/labrpc/labrpc.go:157 +0x3e

goroutine 610259 [select]:
6.824/labrpc.(*Network).processReq(0xc000102140, {{0xa4e7c0, 0xc000142610}, {0xa83cce, 0xb}, {0xad1560, 0xa56460}, {0xc000294580, 0x65, 0xaf}, ...})
	D:/Go/src/6.824/src/labrpc/labrpc.go:251 +0x41c
created by 6.824/labrpc.MakeNetwork.func1
	D:/Go/src/6.824/src/labrpc/labrpc.go:157 +0x3e

goroutine 31 [chan receive, 10 minutes]:
6.824/kvraft.spawn_clients_and_wait(0xc000085a00, 0xc00011a000, 0x14, 0xc000102500)
	D:/Go/src/6.824/src/kvraft/test_test.go:117 +0x185
created by 6.824/kvraft.GenericTest
	D:/Go/src/6.824/src/kvraft/test_test.go:253 +0x6bd

goroutine 32 [select]:
6.824/kvraft.(*Clerk).Execute(0xc000136240, 0xc00013bc80, 0xc00013bc68)
	D:/Go/src/6.824/src/kvraft/client.go:52 +0x21a
6.824/kvraft.(*Clerk).Append(0x8, {0xa8bf87, 0xc00013bd50}, {0xc000a0b010, 0xc000366c80})
	D:/Go/src/6.824/src/kvraft/client.go:103 +0x150
6.824/kvraft.Append(0xc00011a000, 0x2, {0xa8bf87, 0x1}, {0xc000a0b010, 0x8}, 0xc000096be0, 0x0)
	D:/Go/src/6.824/src/kvraft/test_test.go:77 +0xd5
6.824/kvraft.GenericTest.func1(0x0, 0xc0000b6ba0, 0xc000085a00)
	D:/Go/src/6.824/src/kvraft/test_test.go:272 +0x587
6.824/kvraft.run_client(0x0, 0xc00011a000, 0x0, 0x0, 0xc000102500)
	D:/Go/src/6.824/src/kvraft/test_test.go:103 +0xe4
created by 6.824/kvraft.spawn_clients_and_wait
	D:/Go/src/6.824/src/kvraft/test_test.go:113 +0x51

goroutine 33 [select]:
6.824/kvraft.(*Clerk).Execute(0xc000136280, 0xc000151c80, 0xc000151c68)
	D:/Go/src/6.824/src/kvraft/client.go:52 +0x21a
6.824/kvraft.(*Clerk).Append(0x8, {0xa8bf88, 0xc000151d50}, {0xc000341698, 0xc000554960})
	D:/Go/src/6.824/src/kvraft/client.go:103 +0x150
6.824/kvraft.Append(0xc00011a000, 0x2, {0xa8bf88, 0x1}, {0xc000341698, 0x8}, 0xc000096be0, 0x1)
	D:/Go/src/6.824/src/kvraft/test_test.go:77 +0xd5
6.824/kvraft.GenericTest.func1(0x1, 0xc0000b6cc0, 0xc000085a00)
	D:/Go/src/6.824/src/kvraft/test_test.go:272 +0x587
6.824/kvraft.run_client(0x0, 0xc00011a000, 0x0, 0x0, 0xc000102500)
	D:/Go/src/6.824/src/kvraft/test_test.go:103 +0xe4
created by 6.824/kvraft.spawn_clients_and_wait
	D:/Go/src/6.824/src/kvraft/test_test.go:113 +0x51

goroutine 34 [select]:
6.824/kvraft.(*Clerk).Execute(0xc000136300, 0xc000153c70, 0xc000153c58)
	D:/Go/src/6.824/src/kvraft/client.go:52 +0x21a
6.824/kvraft.(*Clerk).Get(0xc000153cd8, {0xa8bf89, 0x8})
	D:/Go/src/6.824/src/kvraft/client.go:74 +0x127
6.824/kvraft.Get(0xc00011a000, 0x2, {0xa8bf89, 0x1}, 0xc000096be0, 0x2)
	D:/Go/src/6.824/src/kvraft/test_test.go:43 +0xbb
6.824/kvraft.GenericTest.func1(0x2, 0xc0000b6de0, 0xc000085a00)
	D:/Go/src/6.824/src/kvraft/test_test.go:284 +0x3e5
6.824/kvraft.run_client(0x0, 0xc00011a000, 0x0, 0x0, 0xc000102500)
	D:/Go/src/6.824/src/kvraft/test_test.go:103 +0xe4
created by 6.824/kvraft.spawn_clients_and_wait
	D:/Go/src/6.824/src/kvraft/test_test.go:113 +0x51

goroutine 35 [select]:
6.824/kvraft.(*Clerk).Execute(0xc000136340, 0xc00014dc80, 0xc00014dc68)
	D:/Go/src/6.824/src/kvraft/client.go:52 +0x21a
6.824/kvraft.(*Clerk).Append(0x8, {0xa8bf8a, 0xc00014dd50}, {0xc000503138, 0xc00014dd08})
	D:/Go/src/6.824/src/kvraft/client.go:103 +0x150
6.824/kvraft.Append(0xc00011a000, 0x2, {0xa8bf8a, 0x1}, {0xc000503138, 0x8}, 0xc000096be0, 0x3)
	D:/Go/src/6.824/src/kvraft/test_test.go:77 +0xd5
6.824/kvraft.GenericTest.func1(0x3, 0xc0000b6f00, 0xc000085a00)
	D:/Go/src/6.824/src/kvraft/test_test.go:272 +0x587
6.824/kvraft.run_client(0x0, 0xc00011a000, 0x0, 0x0, 0xc000102500)
	D:/Go/src/6.824/src/kvraft/test_test.go:103 +0xe4
created by 6.824/kvraft.spawn_clients_and_wait
	D:/Go/src/6.824/src/kvraft/test_test.go:113 +0x51

goroutine 36 [select]:
6.824/kvraft.(*Clerk).Execute(0xc000136380, 0xc00014fc80, 0xc00014fc68)
	D:/Go/src/6.824/src/kvraft/client.go:52 +0x21a
6.824/kvraft.(*Clerk).Append(0x8, {0xa8bf8b, 0xc00014fd50}, {0xc0006201e8, 0xc0005012d0})
	D:/Go/src/6.824/src/kvraft/client.go:103 +0x150
6.824/kvraft.Append(0xc00011a000, 0x2, {0xa8bf8b, 0x1}, {0xc0006201e8, 0x8}, 0xc000096be0, 0x4)
	D:/Go/src/6.824/src/kvraft/test_test.go:77 +0xd5
6.824/kvraft.GenericTest.func1(0x4, 0xc0000b7020, 0xc000085a00)
	D:/Go/src/6.824/src/kvraft/test_test.go:272 +0x587
6.824/kvraft.run_client(0x0, 0xc00011a000, 0x0, 0x0, 0xc000102500)
	D:/Go/src/6.824/src/kvraft/test_test.go:103 +0xe4
created by 6.824/kvraft.spawn_clients_and_wait
	D:/Go/src/6.824/src/kvraft/test_test.go:113 +0x51

goroutine 37 [select]:
6.824/kvraft.(*Clerk).Execute(0xc0001363c0, 0xc000159c80, 0xc000159c68)
	D:/Go/src/6.824/src/kvraft/client.go:52 +0x21a
6.824/kvraft.(*Clerk).Append(0x8, {0xa8bf8c, 0xc000159d50}, {0xc0003405c8, 0xc000159d08})
	D:/Go/src/6.824/src/kvraft/client.go:103 +0x150
6.824/kvraft.Append(0xc00011a000, 0x2, {0xa8bf8c, 0x1}, {0xc0003405c8, 0x8}, 0xc000096be0, 0x5)
	D:/Go/src/6.824/src/kvraft/test_test.go:77 +0xd5
6.824/kvraft.GenericTest.func1(0x5, 0xc0000b7140, 0xc000085a00)
	D:/Go/src/6.824/src/kvraft/test_test.go:272 +0x587
6.824/kvraft.run_client(0x0, 0xc00011a000, 0x0, 0x0, 0xc000102500)
	D:/Go/src/6.824/src/kvraft/test_test.go:103 +0xe4
created by 6.824/kvraft.spawn_clients_and_wait
	D:/Go/src/6.824/src/kvraft/test_test.go:113 +0x51

goroutine 38 [select]:
6.824/kvraft.(*Clerk).Execute(0xc000136400, 0xc00015bc70, 0xc00015bc58)
	D:/Go/src/6.824/src/kvraft/client.go:52 +0x21a
6.824/kvraft.(*Clerk).Get(0xc00015bcd8, {0xa8bf8d, 0x8})
	D:/Go/src/6.824/src/kvraft/client.go:74 +0x127
6.824/kvraft.Get(0xc00011a000, 0x2, {0xa8bf8d, 0x1}, 0xc000096be0, 0x6)
	D:/Go/src/6.824/src/kvraft/test_test.go:43 +0xbb
6.824/kvraft.GenericTest.func1(0x6, 0xc0000b7260, 0xc000085a00)
	D:/Go/src/6.824/src/kvraft/test_test.go:284 +0x3e5
6.824/kvraft.run_client(0x0, 0xc00011a000, 0x0, 0x0, 0xc000102500)
	D:/Go/src/6.824/src/kvraft/test_test.go:103 +0xe4
created by 6.824/kvraft.spawn_clients_and_wait
	D:/Go/src/6.824/src/kvraft/test_test.go:113 +0x51

goroutine 39 [select]:
6.824/kvraft.(*Clerk).Execute(0xc000136440, 0xc000155c80, 0xc000155c68)
	D:/Go/src/6.824/src/kvraft/client.go:52 +0x21a
6.824/kvraft.(*Clerk).Append(0x7, {0xa8bf8e, 0xc000155d50}, {0xc000775a80, 0xc000500ac0})
	D:/Go/src/6.824/src/kvraft/client.go:103 +0x150
6.824/kvraft.Append(0xc00011a000, 0x2, {0xa8bf8e, 0x1}, {0xc000775a80, 0x7}, 0xc000096be0, 0x7)
	D:/Go/src/6.824/src/kvraft/test_test.go:77 +0xd5
6.824/kvraft.GenericTest.func1(0x7, 0xc0000b7380, 0xc000085a00)
	D:/Go/src/6.824/src/kvraft/test_test.go:272 +0x587
6.824/kvraft.run_client(0x0, 0xc00011a000, 0x0, 0x0, 0xc000102500)
	D:/Go/src/6.824/src/kvraft/test_test.go:103 +0xe4
created by 6.824/kvraft.spawn_clients_and_wait
	D:/Go/src/6.824/src/kvraft/test_test.go:113 +0x51

goroutine 40 [select]:
6.824/kvraft.(*Clerk).Execute(0xc000136480, 0xc000157c70, 0xc000157c58)
	D:/Go/src/6.824/src/kvraft/client.go:52 +0x21a
6.824/kvraft.(*Clerk).Get(0xc000157cd8, {0xa8bf8f, 0x8})
	D:/Go/src/6.824/src/kvraft/client.go:74 +0x127
6.824/kvraft.Get(0xc00011a000, 0x2, {0xa8bf8f, 0x1}, 0xc000096be0, 0x8)
	D:/Go/src/6.824/src/kvraft/test_test.go:43 +0xbb
6.824/kvraft.GenericTest.func1(0x8, 0xc0000b74a0, 0xc000085a00)
	D:/Go/src/6.824/src/kvraft/test_test.go:284 +0x3e5
6.824/kvraft.run_client(0x0, 0xc00011a000, 0x0, 0x0, 0xc000102500)
	D:/Go/src/6.824/src/kvraft/test_test.go:103 +0xe4
created by 6.824/kvraft.spawn_clients_and_wait
	D:/Go/src/6.824/src/kvraft/test_test.go:113 +0x51

goroutine 41 [select]:
6.824/kvraft.(*Clerk).Execute(0xc0001364c0, 0xc000163c80, 0xc000163c68)
	D:/Go/src/6.824/src/kvraft/client.go:52 +0x21a
6.824/kvraft.(*Clerk).Append(0x8, {0xa8bf90, 0xc000163d50}, {0xc000770940, 0xc0003672b0})
	D:/Go/src/6.824/src/kvraft/client.go:103 +0x150
6.824/kvraft.Append(0xc00011a000, 0x2, {0xa8bf90, 0x1}, {0xc000770940, 0x8}, 0xc000096be0, 0x9)
	D:/Go/src/6.824/src/kvraft/test_test.go:77 +0xd5
6.824/kvraft.GenericTest.func1(0x9, 0xc0000b75c0, 0xc000085a00)
	D:/Go/src/6.824/src/kvraft/test_test.go:272 +0x587
6.824/kvraft.run_client(0x0, 0xc00011a000, 0x0, 0x0, 0xc000102500)
	D:/Go/src/6.824/src/kvraft/test_test.go:103 +0xe4
created by 6.824/kvraft.spawn_clients_and_wait
	D:/Go/src/6.824/src/kvraft/test_test.go:113 +0x51

goroutine 42 [select]:
6.824/kvraft.(*Clerk).Execute(0xc000136500, 0xc000165c80, 0xc000165c68)
	D:/Go/src/6.824/src/kvraft/client.go:52 +0x21a
6.824/kvraft.(*Clerk).Append(0x9, {0xa90efd, 0xc000165d50}, {0xc000770c00, 0xc000165d08})
	D:/Go/src/6.824/src/kvraft/client.go:103 +0x150
6.824/kvraft.Append(0xc00011a000, 0x2, {0xa90efd, 0x2}, {0xc000770c00, 0x9}, 0xc000096be0, 0xa)
	D:/Go/src/6.824/src/kvraft/test_test.go:77 +0xd5
6.824/kvraft.GenericTest.func1(0xa, 0xc0000b76e0, 0xc000085a00)
	D:/Go/src/6.824/src/kvraft/test_test.go:272 +0x587
6.824/kvraft.run_client(0x0, 0xc00011a000, 0x0, 0x0, 0xc000102500)
	D:/Go/src/6.824/src/kvraft/test_test.go:103 +0xe4
created by 6.824/kvraft.spawn_clients_and_wait
	D:/Go/src/6.824/src/kvraft/test_test.go:113 +0x51

goroutine 43 [select]:
6.824/kvraft.(*Clerk).Execute(0xc000136540, 0xc00015fc70, 0xc00015fc58)
	D:/Go/src/6.824/src/kvraft/client.go:52 +0x21a
6.824/kvraft.(*Clerk).Get(0xc00015fcd8, {0xa90eff, 0x9})
	D:/Go/src/6.824/src/kvraft/client.go:74 +0x127
6.824/kvraft.Get(0xc00011a000, 0x2, {0xa90eff, 0x2}, 0xc000096be0, 0xb)
	D:/Go/src/6.824/src/kvraft/test_test.go:43 +0xbb
6.824/kvraft.GenericTest.func1(0xb, 0xc0000b7800, 0xc000085a00)
	D:/Go/src/6.824/src/kvraft/test_test.go:284 +0x3e5
6.824/kvraft.run_client(0x0, 0xc00011a000, 0x0, 0x0, 0xc000102500)
	D:/Go/src/6.824/src/kvraft/test_test.go:103 +0xe4
created by 6.824/kvraft.spawn_clients_and_wait
	D:/Go/src/6.824/src/kvraft/test_test.go:113 +0x51

goroutine 44 [select]:
6.824/kvraft.(*Clerk).Execute(0xc000136580, 0xc000161c80, 0xc000161c68)
	D:/Go/src/6.824/src/kvraft/client.go:52 +0x21a
6.824/kvraft.(*Clerk).Append(0x9, {0xa90f01, 0xc000161d50}, {0xc0002f5ec0, 0xc0004a3d50})
	D:/Go/src/6.824/src/kvraft/client.go:103 +0x150
6.824/kvraft.Append(0xc00011a000, 0x2, {0xa90f01, 0x2}, {0xc0002f5ec0, 0x9}, 0xc000096be0, 0xc)
	D:/Go/src/6.824/src/kvraft/test_test.go:77 +0xd5
6.824/kvraft.GenericTest.func1(0xc, 0xc0000b7920, 0xc000085a00)
	D:/Go/src/6.824/src/kvraft/test_test.go:272 +0x587
6.824/kvraft.run_client(0x0, 0xc00011a000, 0x0, 0x0, 0xc000102500)
	D:/Go/src/6.824/src/kvraft/test_test.go:103 +0xe4
created by 6.824/kvraft.spawn_clients_and_wait
	D:/Go/src/6.824/src/kvraft/test_test.go:113 +0x51

goroutine 45 [select]:
6.824/kvraft.(*Clerk).Execute(0xc0001365c0, 0xc00016dc70, 0xc00016dc58)
	D:/Go/src/6.824/src/kvraft/client.go:52 +0x21a
6.824/kvraft.(*Clerk).Get(0xc00016dcd8, {0xa90f03, 0x9})
	D:/Go/src/6.824/src/kvraft/client.go:74 +0x127
6.824/kvraft.Get(0xc00011a000, 0x2, {0xa90f03, 0x2}, 0xc000096be0, 0xd)
	D:/Go/src/6.824/src/kvraft/test_test.go:43 +0xbb
6.824/kvraft.GenericTest.func1(0xd, 0xc0000b7a40, 0xc000085a00)
	D:/Go/src/6.824/src/kvraft/test_test.go:284 +0x3e5
6.824/kvraft.run_client(0x0, 0xc00011a000, 0x0, 0x0, 0xc000102500)
	D:/Go/src/6.824/src/kvraft/test_test.go:103 +0xe4
created by 6.824/kvraft.spawn_clients_and_wait
	D:/Go/src/6.824/src/kvraft/test_test.go:113 +0x51

goroutine 46 [select]:
6.824/kvraft.(*Clerk).Execute(0xc000136600, 0xc00016fc70, 0xc00016fc58)
	D:/Go/src/6.824/src/kvraft/client.go:52 +0x21a
6.824/kvraft.(*Clerk).Get(0xc00016fcd8, {0xa90f05, 0x9})
	D:/Go/src/6.824/src/kvraft/client.go:74 +0x127
6.824/kvraft.Get(0xc00011a000, 0x2, {0xa90f05, 0x2}, 0xc000096be0, 0xe)
	D:/Go/src/6.824/src/kvraft/test_test.go:43 +0xbb
6.824/kvraft.GenericTest.func1(0xe, 0xc0000b7b60, 0xc000085a00)
	D:/Go/src/6.824/src/kvraft/test_test.go:284 +0x3e5
6.824/kvraft.run_client(0x0, 0xc00011a000, 0x0, 0x0, 0xc000102500)
	D:/Go/src/6.824/src/kvraft/test_test.go:103 +0xe4
created by 6.824/kvraft.spawn_clients_and_wait
	D:/Go/src/6.824/src/kvraft/test_test.go:113 +0x51

goroutine 47 [select]:
6.824/kvraft.(*Clerk).Execute(0xc000136640, 0xc000169c80, 0xc000169c68)
	D:/Go/src/6.824/src/kvraft/client.go:52 +0x21a
6.824/kvraft.(*Clerk).Append(0x9, {0xa90f07, 0xc000169d50}, {0xc000393f50, 0xc0006857f0})
	D:/Go/src/6.824/src/kvraft/client.go:103 +0x150
6.824/kvraft.Append(0xc00011a000, 0x2, {0xa90f07, 0x2}, {0xc000393f50, 0x9}, 0xc000096be0, 0xf)
	D:/Go/src/6.824/src/kvraft/test_test.go:77 +0xd5
6.824/kvraft.GenericTest.func1(0xf, 0xc0000b7c80, 0xc000085a00)
	D:/Go/src/6.824/src/kvraft/test_test.go:272 +0x587
6.824/kvraft.run_client(0x0, 0xc00011a000, 0x0, 0x0, 0xc000102500)
	D:/Go/src/6.824/src/kvraft/test_test.go:103 +0xe4
created by 6.824/kvraft.spawn_clients_and_wait
	D:/Go/src/6.824/src/kvraft/test_test.go:113 +0x51

goroutine 48 [select]:
6.824/kvraft.(*Clerk).Execute(0xc00020c040, 0xc00016bc80, 0xc00016bc68)
	D:/Go/src/6.824/src/kvraft/client.go:52 +0x21a
6.824/kvraft.(*Clerk).Append(0x9, {0xa90f09, 0xc00016bd50}, {0xc000392780, 0xc00016bd08})
	D:/Go/src/6.824/src/kvraft/client.go:103 +0x150
6.824/kvraft.Append(0xc00011a000, 0x2, {0xa90f09, 0x2}, {0xc000392780, 0x9}, 0xc000096be0, 0x10)
	D:/Go/src/6.824/src/kvraft/test_test.go:77 +0xd5
6.824/kvraft.GenericTest.func1(0x10, 0xc000280000, 0xc000085a00)
	D:/Go/src/6.824/src/kvraft/test_test.go:272 +0x587
6.824/kvraft.run_client(0x0, 0xc00011a000, 0x0, 0x0, 0xc000102500)
	D:/Go/src/6.824/src/kvraft/test_test.go:103 +0xe4
created by 6.824/kvraft.spawn_clients_and_wait
	D:/Go/src/6.824/src/kvraft/test_test.go:113 +0x51

goroutine 49 [select]:
6.824/kvraft.(*Clerk).Execute(0xc00020c000, 0xc000175c80, 0xc000175c68)
	D:/Go/src/6.824/src/kvraft/client.go:52 +0x21a
6.824/kvraft.(*Clerk).Append(0x9, {0xa90f0b, 0xc000175d50}, {0xc000620360, 0xc0000881d0})
	D:/Go/src/6.824/src/kvraft/client.go:103 +0x150
6.824/kvraft.Append(0xc00011a000, 0x2, {0xa90f0b, 0x2}, {0xc000620360, 0x9}, 0xc000096be0, 0x11)
	D:/Go/src/6.824/src/kvraft/test_test.go:77 +0xd5
6.824/kvraft.GenericTest.func1(0x11, 0xc000200000, 0xc000085a00)
	D:/Go/src/6.824/src/kvraft/test_test.go:272 +0x587
6.824/kvraft.run_client(0x0, 0xc00011a000, 0x0, 0x0, 0xc000102500)
	D:/Go/src/6.824/src/kvraft/test_test.go:103 +0xe4
created by 6.824/kvraft.spawn_clients_and_wait
	D:/Go/src/6.824/src/kvraft/test_test.go:113 +0x51

goroutine 50 [select]:
6.824/kvraft.(*Clerk).Execute(0xc00020c100, 0xc000177c80, 0xc000177c68)
	D:/Go/src/6.824/src/kvraft/client.go:52 +0x21a
6.824/kvraft.(*Clerk).Append(0x9, {0xa90f0d, 0xc000177d50}, {0xc000620090, 0xc000177d08})
	D:/Go/src/6.824/src/kvraft/client.go:103 +0x150
6.824/kvraft.Append(0xc00011a000, 0x2, {0xa90f0d, 0x2}, {0xc000620090, 0x9}, 0xc000096be0, 0x12)
	D:/Go/src/6.824/src/kvraft/test_test.go:77 +0xd5
6.824/kvraft.GenericTest.func1(0x12, 0xc000200210, 0xc000085a00)
	D:/Go/src/6.824/src/kvraft/test_test.go:272 +0x587
6.824/kvraft.run_client(0x0, 0xc00011a000, 0x0, 0x0, 0xc000102500)
	D:/Go/src/6.824/src/kvraft/test_test.go:103 +0xe4
created by 6.824/kvraft.spawn_clients_and_wait
	D:/Go/src/6.824/src/kvraft/test_test.go:113 +0x51

goroutine 51 [select]:
6.824/kvraft.(*Clerk).Execute(0xc000136200, 0xc000171c70, 0xc000171c58)
	D:/Go/src/6.824/src/kvraft/client.go:52 +0x21a
6.824/kvraft.(*Clerk).Get(0xc000171cd8, {0xa90f0f, 0x9})
	D:/Go/src/6.824/src/kvraft/client.go:74 +0x127
6.824/kvraft.Get(0xc00011a000, 0x2, {0xa90f0f, 0x2}, 0xc000096be0, 0x13)
	D:/Go/src/6.824/src/kvraft/test_test.go:43 +0xbb
6.824/kvraft.GenericTest.func1(0x13, 0xc0000b6a80, 0xc000085a00)
	D:/Go/src/6.824/src/kvraft/test_test.go:284 +0x3e5
6.824/kvraft.run_client(0x0, 0xc00011a000, 0x0, 0x0, 0xc000102500)
	D:/Go/src/6.824/src/kvraft/test_test.go:103 +0xe4
created by 6.824/kvraft.spawn_clients_and_wait
	D:/Go/src/6.824/src/kvraft/test_test.go:113 +0x51

goroutine 611109 [chan receive]:
6.824/labrpc.(*ClientEnd).Call(0xc000097220, {0xa83cce, 0x3035}, {0xa56460, 0xc0007fb4d0}, {0xa46540, 0xc000563a10})
	D:/Go/src/6.824/src/labrpc/labrpc.go:112 +0x26e
6.824/kvraft.(*Clerk).Execute.func1(0x3, {0x1, {0xa8bf8d, 0x1}, {0x0, 0x0}, 0xef69ed1f, 0x19}, 0xc000102140)
	D:/Go/src/6.824/src/kvraft/client.go:47 +0x11b
created by 6.824/kvraft.(*Clerk).Execute
	D:/Go/src/6.824/src/kvraft/client.go:45 +0x1b3

goroutine 27164 [chan receive]:
6.824/kvraft.(*KVServer).doExecute(0xc000103770)
	D:/Go/src/6.824/src/kvraft/server.go:125 +0x70
created by 6.824/kvraft.StartKVServer
	D:/Go/src/6.824/src/kvraft/server.go:201 +0x207

goroutine 610336 [chan receive]:
6.824/labrpc.(*ClientEnd).Call(0xc000096cc0, {0xa83cce, 0xa4dfc0}, {0xa56460, 0xc0005b24b0}, {0xa46540, 0xc00030b308})
	D:/Go/src/6.824/src/labrpc/labrpc.go:112 +0x26e
6.824/kvraft.(*Clerk).Execute.func1(0x3, {0x1, {0xa90f0f, 0x2}, {0x0, 0x0}, 0x673b2abe, 0x19}, 0xc000102140)
	D:/Go/src/6.824/src/kvraft/client.go:47 +0x11b
created by 6.824/kvraft.(*Clerk).Execute
	D:/Go/src/6.824/src/kvraft/client.go:45 +0x1b3

goroutine 610731 [select]:
6.824/kvraft.(*KVServer).Do(0xc000103770, 0xc0001a5d10, 0xc0002defd8)
	D:/Go/src/6.824/src/kvraft/server.go:71 +0x2f4
reflect.Value.call({0xc0000da120, 0xc0002c7368, 0xc00046db10}, {0xa827a2, 0x4}, {0xc00046dc68, 0x3, 0xc00046db40})
	D:/ProgramFiles/Go/src/reflect/value.go:543 +0x814
reflect.Value.Call({0xc0000da120, 0xc0002c7368, 0xc0002224a0}, {0xc00046dc68, 0x3, 0x3})
	D:/ProgramFiles/Go/src/reflect/value.go:339 +0xc5
6.824/labrpc.(*Service).dispatch(0xc0002f0a00, {0xa83cd7, 0x2}, {{0xa4e7c0, 0xc0001429d0}, {0xa83cce, 0xb}, {0xad1560, 0xa56460}, {0xc000294370, ...}, ...})
	D:/Go/src/6.824/src/labrpc/labrpc.go:496 +0x39d
6.824/labrpc.(*Server).dispatch(0xc0003e3800, {{0xa4e7c0, 0xc0001429d0}, {0xa83cce, 0xb}, {0xad1560, 0xa56460}, {0xc000294370, 0x65, 0xaf}, ...})
	D:/Go/src/6.824/src/labrpc/labrpc.go:420 +0x1fe
6.824/labrpc.(*Network).processReq.func1()
	D:/Go/src/6.824/src/labrpc/labrpc.go:240 +0x58
created by 6.824/labrpc.(*Network).processReq
	D:/Go/src/6.824/src/labrpc/labrpc.go:239 +0x1df

goroutine 610909 [chan receive]:
6.824/labrpc.(*ClientEnd).Call(0xc000097760, {0xa83cce, 0xa4dfc0}, {0xa56460, 0xc0001674d0}, {0xa46540, 0xc0002d8120})
	D:/Go/src/6.824/src/labrpc/labrpc.go:112 +0x26e
6.824/kvraft.(*Clerk).Execute.func1(0x1, {0x1, {0xa90f03, 0x2}, {0x0, 0x0}, 0x1d272ae0, 0x1b}, 0xc000102140)
	D:/Go/src/6.824/src/kvraft/client.go:47 +0x11b
created by 6.824/kvraft.(*Clerk).Execute
	D:/Go/src/6.824/src/kvraft/client.go:45 +0x1b3

goroutine 610954 [select]:
6.824/kvraft.(*KVServer).Do(0xc000103770, 0xc000203650, 0xc00030bb60)
	D:/Go/src/6.824/src/kvraft/server.go:71 +0x2f4
reflect.Value.call({0xc0000da120, 0xc0002c7368, 0xc0003d5b10}, {0xa827a2, 0x4}, {0xc0003d5c68, 0x3, 0xc0003d5b40})
	D:/ProgramFiles/Go/src/reflect/value.go:543 +0x814
reflect.Value.Call({0xc0000da120, 0xc0002c7368, 0xc000307798}, {0xc0003d5c68, 0x3, 0x3})
	D:/ProgramFiles/Go/src/reflect/value.go:339 +0xc5
6.824/labrpc.(*Service).dispatch(0xc0002f0a00, {0xa83cd7, 0x2}, {{0xa4e7c0, 0xc000142f70}, {0xa83cce, 0xb}, {0xad1560, 0xa56460}, {0xc000295080, ...}, ...})
	D:/Go/src/6.824/src/labrpc/labrpc.go:496 +0x39d
6.824/labrpc.(*Server).dispatch(0xc0003e3800, {{0xa4e7c0, 0xc000142f70}, {0xa83cce, 0xb}, {0xad1560, 0xa56460}, {0xc000295080, 0x5c, 0xa6}, ...})
	D:/Go/src/6.824/src/labrpc/labrpc.go:420 +0x1fe
6.824/labrpc.(*Network).processReq.func1()
	D:/Go/src/6.824/src/labrpc/labrpc.go:240 +0x58
created by 6.824/labrpc.(*Network).processReq
	D:/Go/src/6.824/src/labrpc/labrpc.go:239 +0x1df

goroutine 610282 [select]:
6.824/kvraft.(*KVServer).Do(0xc000103770, 0xc0004d5c20, 0xc00042e420)
	D:/Go/src/6.824/src/kvraft/server.go:71 +0x2f4
reflect.Value.call({0xc0000da120, 0xc0002c7368, 0xc00005db10}, {0xa827a2, 0x4}, {0xc00005dc68, 0x3, 0xc00005db40})
	D:/ProgramFiles/Go/src/reflect/value.go:543 +0x814
reflect.Value.Call({0xc0000da120, 0xc0002c7368, 0xc000307640}, {0xc00005dc68, 0x3, 0x3})
	D:/ProgramFiles/Go/src/reflect/value.go:339 +0xc5
6.824/labrpc.(*Service).dispatch(0xc0002f0a00, {0xa83cd7, 0x2}, {{0xa4e7c0, 0xc0001428e0}, {0xa83cce, 0xb}, {0xad1560, 0xa56460}, {0xc0002f6630, ...}, ...})
	D:/Go/src/6.824/src/labrpc/labrpc.go:496 +0x39d
6.824/labrpc.(*Server).dispatch(0xc0003e3800, {{0xa4e7c0, 0xc0001428e0}, {0xa83cce, 0xb}, {0xad1560, 0xa56460}, {0xc0002f6630, 0x65, 0xaf}, ...})
	D:/Go/src/6.824/src/labrpc/labrpc.go:420 +0x1fe
6.824/labrpc.(*Network).processReq.func1()
	D:/Go/src/6.824/src/labrpc/labrpc.go:240 +0x58
created by 6.824/labrpc.(*Network).processReq
	D:/Go/src/6.824/src/labrpc/labrpc.go:239 +0x1df

goroutine 610875 [select]:
6.824/labrpc.(*Network).processReq(0xc000102140, {{0xa4e7c0, 0xc000143060}, {0xa83cce, 0xb}, {0xad1560, 0xa56460}, {0xc00001c480, 0x67, 0xb1}, ...})
	D:/Go/src/6.824/src/labrpc/labrpc.go:251 +0x41c
created by 6.824/labrpc.MakeNetwork.func1
	D:/Go/src/6.824/src/labrpc/labrpc.go:157 +0x3e

goroutine 27211 [sleep]:
time.Sleep(0x4c4b400)
	D:/ProgramFiles/Go/src/runtime/time.go:193 +0x133
6.824/raft.(*Raft).heartTicker(0xc00011c4b0, 0xc000102140)
	D:/Go/src/6.824/src/raft/raft.go:618 +0x4f
created by 6.824/raft.(*Raft).BeLeader
	D:/Go/src/6.824/src/raft/raft.go:610 +0xcf

goroutine 611131 [chan receive]:
6.824/labrpc.(*ClientEnd).Call(0xc0000978e0, {0xa83cce, 0xa4dfc0}, {0xa56460, 0xc0001cc1b0}, {0xa46540, 0xc000004db0})
	D:/Go/src/6.824/src/labrpc/labrpc.go:112 +0x26e
6.824/kvraft.(*Clerk).Execute.func1(0x4, {0x3, {0xa90f07, 0x2}, {0xc000393f50, 0x9}, 0x966a20a2, 0x1b}, 0xc000102140)
	D:/Go/src/6.824/src/kvraft/client.go:47 +0x11b
created by 6.824/kvraft.(*Clerk).Execute
	D:/Go/src/6.824/src/kvraft/client.go:45 +0x1b3

goroutine 27165 [sleep]:
time.Sleep(0x96ae380)
	D:/ProgramFiles/Go/src/runtime/time.go:193 +0x133
6.824/raft.(*Raft).electionTicker(0xc00011c5a0)
	D:/Go/src/6.824/src/raft/raft.go:630 +0x95
created by 6.824/raft.Make
	D:/Go/src/6.824/src/raft/raft.go:672 +0x2a7

goroutine 611223 [chan receive]:
6.824/labrpc.(*ClientEnd).Call(0xc000097520, {0xa83cce, 0xa4dfc0}, {0xa56460, 0xc000493920}, {0xa46540, 0xc00042e9d8})
	D:/Go/src/6.824/src/labrpc/labrpc.go:112 +0x26e
6.824/kvraft.(*Clerk).Execute.func1(0x0, {0x3, {0xa90efd, 0x2}, {0xc000770c00, 0x9}, 0x967c7dfe, 0x1c}, 0xc000102140)
	D:/Go/src/6.824/src/kvraft/client.go:47 +0x11b
created by 6.824/kvraft.(*Clerk).Execute
	D:/Go/src/6.824/src/kvraft/client.go:45 +0x1b3

goroutine 610301 [chan receive]:
6.824/labrpc.(*ClientEnd).Call(0xc000096fe0, {0xa83cce, 0xa4dfc0}, {0xa56460, 0xc0000b9350}, {0xa46540, 0xc00042f878})
	D:/Go/src/6.824/src/labrpc/labrpc.go:112 +0x26e
6.824/kvraft.(*Clerk).Execute.func1(0x1, {0x3, {0xa8bf8a, 0x1}, {0xc000503138, 0x8}, 0x837d668e, 0x20}, 0xc000102140)
	D:/Go/src/6.824/src/kvraft/client.go:47 +0x11b
created by 6.824/kvraft.(*Clerk).Execute
	D:/Go/src/6.824/src/kvraft/client.go:45 +0x1b3

goroutine 610751 [chan receive]:
6.824/labrpc.(*ClientEnd).Call(0xc000096f20, {0xa83cce, 0x301b}, {0xa56460, 0xc000480510}, {0xa46540, 0xc00042e498})
	D:/Go/src/6.824/src/labrpc/labrpc.go:112 +0x26e
6.824/kvraft.(*Clerk).Execute.func1(0x2, {0x1, {0xa8bf89, 0x1}, {0x0, 0x0}, 0xa44fd034, 0x19}, 0xc000102140)
	D:/Go/src/6.824/src/kvraft/client.go:47 +0x11b
created by 6.824/kvraft.(*Clerk).Execute
	D:/Go/src/6.824/src/kvraft/client.go:45 +0x1b3

goroutine 610933 [select]:
6.824/kvraft.(*KVServer).Do(0xc000103770, 0xc0004f2ba0, 0xc00030a408)
	D:/Go/src/6.824/src/kvraft/server.go:71 +0x2f4
reflect.Value.call({0xc0000da120, 0xc0002c7368, 0xc000321b10}, {0xa827a2, 0x4}, {0xc000321c68, 0x3, 0xc000321b40})
	D:/ProgramFiles/Go/src/reflect/value.go:543 +0x814
reflect.Value.Call({0xc0000da120, 0xc0002c7368, 0xc000306528}, {0xc000321c68, 0x3, 0x3})
	D:/ProgramFiles/Go/src/reflect/value.go:339 +0xc5
6.824/labrpc.(*Service).dispatch(0xc0002f0a00, {0xa83cd7, 0x2}, {{0xa4e7c0, 0xc000142ca0}, {0xa83cce, 0xb}, {0xad1560, 0xa56460}, {0xc000294d10, ...}, ...})
	D:/Go/src/6.824/src/labrpc/labrpc.go:496 +0x39d
6.824/labrpc.(*Server).dispatch(0xc0003e3800, {{0xa4e7c0, 0xc000142ca0}, {0xa83cce, 0xb}, {0xad1560, 0xa56460}, {0xc000294d10, 0x5b, 0xa5}, ...})
	D:/Go/src/6.824/src/labrpc/labrpc.go:420 +0x1fe
6.824/labrpc.(*Network).processReq.func1()
	D:/Go/src/6.824/src/labrpc/labrpc.go:240 +0x58
created by 6.824/labrpc.(*Network).processReq
	D:/Go/src/6.824/src/labrpc/labrpc.go:239 +0x1df

goroutine 611132 [select]:
6.824/labrpc.(*Network).processReq(0xc000102140, {{0xa4e7c0, 0xc000143330}, {0xa83cce, 0xb}, {0xad1560, 0xa56460}, {0xc00023ea80, 0x67, 0xb1}, ...})
	D:/Go/src/6.824/src/labrpc/labrpc.go:251 +0x41c
created by 6.824/labrpc.MakeNetwork.func1
	D:/Go/src/6.824/src/labrpc/labrpc.go:157 +0x3e

goroutine 610843 [select]:
6.824/kvraft.(*KVServer).Do(0xc000103770, 0xc0008014d0, 0xc00050c978)
	D:/Go/src/6.824/src/kvraft/server.go:71 +0x2f4
reflect.Value.call({0xc0000da120, 0xc0002c7368, 0xc0002b9b10}, {0xa827a2, 0x4}, {0xc0002b9c68, 0x3, 0xc0002b9b40})
	D:/ProgramFiles/Go/src/reflect/value.go:543 +0x814
reflect.Value.Call({0xc0000da120, 0xc0002c7368, 0xc0003904d0}, {0xc0002b9c68, 0x3, 0x3})
	D:/ProgramFiles/Go/src/reflect/value.go:339 +0xc5
6.824/labrpc.(*Service).dispatch(0xc0002f0a00, {0xa83cd7, 0x2}, {{0xa4e7c0, 0xc000142ac0}, {0xa83cce, 0xb}, {0xad1560, 0xa56460}, {0xc0002953f0, ...}, ...})
	D:/Go/src/6.824/src/labrpc/labrpc.go:496 +0x39d
6.824/labrpc.(*Server).dispatch(0xc0003e3800, {{0xa4e7c0, 0xc000142ac0}, {0xa83cce, 0xb}, {0xad1560, 0xa56460}, {0xc0002953f0, 0x5b, 0xa5}, ...})
	D:/Go/src/6.824/src/labrpc/labrpc.go:420 +0x1fe
6.824/labrpc.(*Network).processReq.func1()
	D:/Go/src/6.824/src/labrpc/labrpc.go:240 +0x58
created by 6.824/labrpc.(*Network).processReq
	D:/Go/src/6.824/src/labrpc/labrpc.go:239 +0x1df

goroutine 611067 [chan receive]:
6.824/labrpc.(*ClientEnd).Call(0xc000096da0, {0xa83cce, 0xc000573740}, {0xa56460, 0xc00001f620}, {0xa46540, 0xc000462978})
	D:/Go/src/6.824/src/labrpc/labrpc.go:112 +0x26e
6.824/kvraft.(*Clerk).Execute.func1(0x4, {0x3, {0xa8bf87, 0x1}, {0xc000a0b010, 0x8}, 0xe31b8984, 0x19}, 0x4)
	D:/Go/src/6.824/src/kvraft/client.go:47 +0x11b
created by 6.824/kvraft.(*Clerk).Execute
	D:/Go/src/6.824/src/kvraft/client.go:45 +0x1b3

goroutine 610911 [select]:
6.824/kvraft.(*KVServer).Do(0xc000103770, 0xc000167890, 0xc0002d8300)
	D:/Go/src/6.824/src/kvraft/server.go:71 +0x2f4
reflect.Value.call({0xc0000da120, 0xc0002c7368, 0xc00010fb10}, {0xa827a2, 0x4}, {0xc00010fc68, 0x3, 0xc00010fb40})
	D:/ProgramFiles/Go/src/reflect/value.go:543 +0x814
reflect.Value.Call({0xc0000da120, 0xc0002c7368, 0xc000211770}, {0xc00010fc68, 0x3, 0x3})
	D:/ProgramFiles/Go/src/reflect/value.go:339 +0xc5
6.824/labrpc.(*Service).dispatch(0xc0002f0a00, {0xa83cd7, 0x2}, {{0xa4e7c0, 0xc000143150}, {0xa83cce, 0xb}, {0xad1560, 0xa56460}, {0xc0002948f0, ...}, ...})
	D:/Go/src/6.824/src/labrpc/labrpc.go:496 +0x39d
6.824/labrpc.(*Server).dispatch(0xc0003e3800, {{0xa4e7c0, 0xc000143150}, {0xa83cce, 0xb}, {0xad1560, 0xa56460}, {0xc0002948f0, 0x5c, 0xa6}, ...})
	D:/Go/src/6.824/src/labrpc/labrpc.go:420 +0x1fe
6.824/labrpc.(*Network).processReq.func1()
	D:/Go/src/6.824/src/labrpc/labrpc.go:240 +0x58
created by 6.824/labrpc.(*Network).processReq
	D:/Go/src/6.824/src/labrpc/labrpc.go:239 +0x1df

goroutine 27220 [sleep]:
time.Sleep(0x4c4b400)
	D:/ProgramFiles/Go/src/runtime/time.go:193 +0x133
6.824/raft.(*Raft).heartTicker(0xc00011c4b0, 0xc000102140)
	D:/Go/src/6.824/src/raft/raft.go:618 +0x4f
created by 6.824/raft.(*Raft).BeLeader
	D:/Go/src/6.824/src/raft/raft.go:610 +0xcf

goroutine 610370 [select]:
6.824/kvraft.(*KVServer).Do(0xc000103770, 0xc0005b2900, 0xc00030b518)
	D:/Go/src/6.824/src/kvraft/server.go:71 +0x2f4
reflect.Value.call({0xc0000da120, 0xc0002c7368, 0xc00051fb10}, {0xa827a2, 0x4}, {0xc00051fc68, 0x3, 0xc00051fb40})
	D:/ProgramFiles/Go/src/reflect/value.go:543 +0x814
reflect.Value.Call({0xc0000da120, 0xc0002c7368, 0xc000335178}, {0xc00051fc68, 0x3, 0x3})
	D:/ProgramFiles/Go/src/reflect/value.go:339 +0xc5
6.824/labrpc.(*Service).dispatch(0xc0002f0a00, {0xa83cd7, 0x2}, {{0xa4e7c0, 0xc000142430}, {0xa83cce, 0xb}, {0xad1560, 0xa56460}, {0xc0002f6d10, ...}, ...})
	D:/Go/src/6.824/src/labrpc/labrpc.go:496 +0x39d
6.824/labrpc.(*Server).dispatch(0xc0003e3800, {{0xa4e7c0, 0xc000142430}, {0xa83cce, 0xb}, {0xad1560, 0xa56460}, {0xc0002f6d10, 0x5c, 0xa6}, ...})
	D:/Go/src/6.824/src/labrpc/labrpc.go:420 +0x1fe
6.824/labrpc.(*Network).processReq.func1()
	D:/Go/src/6.824/src/labrpc/labrpc.go:240 +0x58
created by 6.824/labrpc.(*Network).processReq
	D:/Go/src/6.824/src/labrpc/labrpc.go:239 +0x1df

goroutine 610729 [chan receive]:
6.824/labrpc.(*ClientEnd).Call(0xc000097160, {0xa83cce, 0xc0001e7f98}, {0xa56460, 0xc0001a5920}, {0xa46540, 0xc0002dee10})
	D:/Go/src/6.824/src/labrpc/labrpc.go:112 +0x26e
6.824/kvraft.(*Clerk).Execute.func1(0x3, {0x3, {0xa8bf8c, 0x1}, {0xc0003405c8, 0x8}, 0xf90c9882, 0x15}, 0xc000102140)
	D:/Go/src/6.824/src/kvraft/client.go:47 +0x11b
created by 6.824/kvraft.(*Clerk).Execute
	D:/Go/src/6.824/src/kvraft/client.go:45 +0x1b3

goroutine 610953 [select]:
6.824/labrpc.(*Network).processReq(0xc000102140, {{0xa4e7c0, 0xc000142f70}, {0xa83cce, 0xb}, {0xad1560, 0xa56460}, {0xc000295080, 0x5c, 0xa6}, ...})
	D:/Go/src/6.824/src/labrpc/labrpc.go:251 +0x41c
created by 6.824/labrpc.MakeNetwork.func1
	D:/Go/src/6.824/src/labrpc/labrpc.go:157 +0x3e

goroutine 610280 [chan receive]:
6.824/labrpc.(*ClientEnd).Call(0xc0000970a0, {0xa83cce, 0xa4dfc0}, {0xa56460, 0xc0004d5770}, {0xa46540, 0xc00042e210})
	D:/Go/src/6.824/src/labrpc/labrpc.go:112 +0x26e
6.824/kvraft.(*Clerk).Execute.func1(0x3, {0x3, {0xa8bf8b, 0x1}, {0xc0006201e8, 0x8}, 0xe84af6fd, 0x1b}, 0xc000102140)
	D:/Go/src/6.824/src/kvraft/client.go:47 +0x11b
created by 6.824/kvraft.(*Clerk).Execute
	D:/Go/src/6.824/src/kvraft/client.go:45 +0x1b3

goroutine 610874 [chan receive]:
6.824/labrpc.(*ClientEnd).Call(0xc0000976a0, {0xa83cce, 0xa4dfc0}, {0xa56460, 0xc0004280f0}, {0xa46540, 0xc000670408})
	D:/Go/src/6.824/src/labrpc/labrpc.go:112 +0x26e
6.824/kvraft.(*Clerk).Execute.func1(0x3, {0x3, {0xa90f01, 0x2}, {0xc0002f5ec0, 0x9}, 0x75ca97cb, 0x1e}, 0xc000102140)
	D:/Go/src/6.824/src/kvraft/client.go:47 +0x11b
created by 6.824/kvraft.(*Clerk).Execute
	D:/Go/src/6.824/src/kvraft/client.go:45 +0x1b3

goroutine 610952 [chan receive]:
6.824/labrpc.(*ClientEnd).Call(0xc0000975e0, {0xa83cce, 0x301f}, {0xa56460, 0xc000203260}, {0xa46540, 0xc00030b998})
	D:/Go/src/6.824/src/labrpc/labrpc.go:112 +0x26e
6.824/kvraft.(*Clerk).Execute.func1(0x3, {0x1, {0xa90eff, 0x2}, {0x0, 0x0}, 0x66efb31f, 0x18}, 0xc000102140)
	D:/Go/src/6.824/src/kvraft/client.go:47 +0x11b
created by 6.824/kvraft.(*Clerk).Execute
	D:/Go/src/6.824/src/kvraft/client.go:45 +0x1b3

goroutine 27163 [sleep]:
time.Sleep(0xbebc200)
	D:/ProgramFiles/Go/src/runtime/time.go:193 +0x133
6.824/raft.(*Raft).electionTicker(0xc00011c4b0)
	D:/Go/src/6.824/src/raft/raft.go:630 +0x95
created by 6.824/raft.Make
	D:/Go/src/6.824/src/raft/raft.go:672 +0x2a7

goroutine 610774 [select]:
6.824/kvraft.(*KVServer).Do(0xc000103770, 0xc0002fbe30, 0xc00042fea8)
	D:/Go/src/6.824/src/kvraft/server.go:71 +0x2f4
reflect.Value.call({0xc0000da120, 0xc0002c7368, 0xc00010bb10}, {0xa827a2, 0x4}, {0xc00010bc68, 0x3, 0xc00010bb40})
	D:/ProgramFiles/Go/src/reflect/value.go:543 +0x814
reflect.Value.Call({0xc0000da120, 0xc0002c7368, 0xc000223f08}, {0xc00010bc68, 0x3, 0x3})
	D:/ProgramFiles/Go/src/reflect/value.go:339 +0xc5
6.824/labrpc.(*Service).dispatch(0xc0002f0a00, {0xa83cd7, 0x2}, {{0xa4e7c0, 0xc000142d90}, {0xa83cce, 0xb}, {0xad1560, 0xa56460}, {0xc000294b00, ...}, ...})
	D:/Go/src/6.824/src/labrpc/labrpc.go:496 +0x39d
6.824/labrpc.(*Server).dispatch(0xc0003e3800, {{0xa4e7c0, 0xc000142d90}, {0xa83cce, 0xb}, {0xad1560, 0xa56460}, {0xc000294b00, 0x65, 0xaf}, ...})
	D:/Go/src/6.824/src/labrpc/labrpc.go:420 +0x1fe
6.824/labrpc.(*Network).processReq.func1()
	D:/Go/src/6.824/src/labrpc/labrpc.go:240 +0x58
created by 6.824/labrpc.(*Network).processReq
	D:/Go/src/6.824/src/labrpc/labrpc.go:239 +0x1df

goroutine 610302 [select]:
6.824/labrpc.(*Network).processReq(0xc000102140, {{0xa4e7c0, 0xc0001427f0}, {0xa83cce, 0xb}, {0xad1560, 0xa56460}, {0xc0002f69a0, 0x65, 0xaf}, ...})
	D:/Go/src/6.824/src/labrpc/labrpc.go:251 +0x41c
created by 6.824/labrpc.MakeNetwork.func1
	D:/Go/src/6.824/src/labrpc/labrpc.go:157 +0x3e

goroutine 610752 [select]:
6.824/labrpc.(*Network).processReq(0xc000102140, {{0xa4e7c0, 0xc000142700}, {0xa83cce, 0xb}, {0xad1560, 0xa56460}, {0xc000294790, 0x5b, 0xa5}, ...})
	D:/Go/src/6.824/src/labrpc/labrpc.go:251 +0x41c
created by 6.824/labrpc.MakeNetwork.func1
	D:/Go/src/6.824/src/labrpc/labrpc.go:157 +0x3e

goroutine 610311 [chan receive]:
6.824/labrpc.(*ClientEnd).Call(0xc00020a000, {0xa83cce, 0xa4dfc0}, {0xa56460, 0xc0001a5a10}, {0xa46540, 0xc000458030})
	D:/Go/src/6.824/src/labrpc/labrpc.go:112 +0x26e
6.824/kvraft.(*Clerk).Execute.func1(0x4, {0x3, {0xa90f0b, 0x2}, {0xc000620360, 0x9}, 0x3d70fde9, 0x17}, 0xc000102140)
	D:/Go/src/6.824/src/kvraft/client.go:47 +0x11b
created by 6.824/kvraft.(*Clerk).Execute
	D:/Go/src/6.824/src/kvraft/client.go:45 +0x1b3

goroutine 611046 [chan receive]:
6.824/labrpc.(*ClientEnd).Call(0xc00020a1a0, {0xa83cce, 0xc000a15140}, {0xa56460, 0xc0003fa7e0}, {0xa46540, 0xc0004253f8})
	D:/Go/src/6.824/src/labrpc/labrpc.go:112 +0x26e
6.824/kvraft.(*Clerk).Execute.func1(0x2, {0x3, {0xa90f0d, 0x2}, {0xc000620090, 0x9}, 0xc8083678, 0x19}, 0x3)
	D:/Go/src/6.824/src/kvraft/client.go:47 +0x11b
created by 6.824/kvraft.(*Clerk).Execute
	D:/Go/src/6.824/src/kvraft/client.go:45 +0x1b3

goroutine 610932 [select]:
6.824/labrpc.(*Network).processReq(0xc000102140, {{0xa4e7c0, 0xc000142ca0}, {0xa83cce, 0xb}, {0xad1560, 0xa56460}, {0xc000294d10, 0x5b, 0xa5}, ...})
	D:/Go/src/6.824/src/labrpc/labrpc.go:251 +0x41c
created by 6.824/labrpc.MakeNetwork.func1
	D:/Go/src/6.824/src/labrpc/labrpc.go:157 +0x3e

goroutine 611112 [select]:
6.824/kvraft.(*KVServer).Do(0xc000103770, 0xc0007fb890, 0xc000563bd8)
	D:/Go/src/6.824/src/kvraft/server.go:71 +0x2f4
reflect.Value.call({0xc0000da120, 0xc0002c7368, 0xc0003d9b10}, {0xa827a2, 0x4}, {0xc0003d9c68, 0x3, 0xc0003d9b40})
	D:/ProgramFiles/Go/src/reflect/value.go:543 +0x814
reflect.Value.Call({0xc0000da120, 0xc0002c7368, 0xc0004a89d0}, {0xc0003d9c68, 0x3, 0x3})
	D:/ProgramFiles/Go/src/reflect/value.go:339 +0xc5
6.824/labrpc.(*Service).dispatch(0xc0002f0a00, {0xa83cd7, 0x2}, {{0xa4e7c0, 0xc000143240}, {0xa83cce, 0xb}, {0xad1560, 0xa56460}, {0xc000214630, ...}, ...})
	D:/Go/src/6.824/src/labrpc/labrpc.go:496 +0x39d
6.824/labrpc.(*Server).dispatch(0xc0003e3800, {{0xa4e7c0, 0xc000143240}, {0xa83cce, 0xb}, {0xad1560, 0xa56460}, {0xc000214630, 0x5c, 0xa6}, ...})
	D:/Go/src/6.824/src/labrpc/labrpc.go:420 +0x1fe
6.824/labrpc.(*Network).processReq.func1()
	D:/Go/src/6.824/src/labrpc/labrpc.go:240 +0x58
created by 6.824/labrpc.(*Network).processReq
	D:/Go/src/6.824/src/labrpc/labrpc.go:239 +0x1df

goroutine 610695 [chan receive]:
6.824/labrpc.(*ClientEnd).Call(0xc00020a0c0, {0xa83cce, 0xa4dfc0}, {0xa56460, 0xc0007fbbc0}, {0xa46540, 0xc0006b5f08})
	D:/Go/src/6.824/src/labrpc/labrpc.go:112 +0x26e
6.824/kvraft.(*Clerk).Execute.func1(0x3, {0x3, {0xa90f09, 0x2}, {0xc000392780, 0x9}, 0xc6fa8405, 0x1b}, 0xc000102140)
	D:/Go/src/6.824/src/kvraft/client.go:47 +0x11b
created by 6.824/kvraft.(*Clerk).Execute
	D:/Go/src/6.824/src/kvraft/client.go:45 +0x1b3

goroutine 610312 [select]:
6.824/labrpc.(*Network).processReq(0xc000102140, {{0xa4e7c0, 0xc000208000}, {0xa83cce, 0xb}, {0xad1560, 0xa56460}, {0xc00019e300, 0x67, 0xb1}, ...})
	D:/Go/src/6.824/src/labrpc/labrpc.go:251 +0x41c
created by 6.824/labrpc.MakeNetwork.func1
	D:/Go/src/6.824/src/labrpc/labrpc.go:157 +0x3e

goroutine 610753 [select]:
6.824/kvraft.(*KVServer).Do(0xc000103770, 0xc000480a20, 0xc00042e690)
	D:/Go/src/6.824/src/kvraft/server.go:71 +0x2f4
reflect.Value.call({0xc0000da120, 0xc0002c7368, 0xc000059b10}, {0xa827a2, 0x4}, {0xc000059c68, 0x3, 0xc000059b40})
	D:/ProgramFiles/Go/src/reflect/value.go:543 +0x814
reflect.Value.Call({0xc0000da120, 0xc0002c7368, 0xc000223150}, {0xc000059c68, 0x3, 0x3})
	D:/ProgramFiles/Go/src/reflect/value.go:339 +0xc5
6.824/labrpc.(*Service).dispatch(0xc0002f0a00, {0xa83cd7, 0x2}, {{0xa4e7c0, 0xc000142700}, {0xa83cce, 0xb}, {0xad1560, 0xa56460}, {0xc000294790, ...}, ...})
	D:/Go/src/6.824/src/labrpc/labrpc.go:496 +0x39d
6.824/labrpc.(*Server).dispatch(0xc0003e3800, {{0xa4e7c0, 0xc000142700}, {0xa83cce, 0xb}, {0xad1560, 0xa56460}, {0xc000294790, 0x5b, 0xa5}, ...})
	D:/Go/src/6.824/src/labrpc/labrpc.go:420 +0x1fe
6.824/labrpc.(*Network).processReq.func1()
	D:/Go/src/6.824/src/labrpc/labrpc.go:240 +0x58
created by 6.824/labrpc.(*Network).processReq
	D:/Go/src/6.824/src/labrpc/labrpc.go:239 +0x1df

goroutine 27167 [sleep]:
time.Sleep(0x11d260c0)
	D:/ProgramFiles/Go/src/runtime/time.go:193 +0x133
6.824/raft.(*Raft).electionTicker(0xc00011c690)
	D:/Go/src/6.824/src/raft/raft.go:630 +0x95
created by 6.824/raft.Make
	D:/Go/src/6.824/src/raft/raft.go:672 +0x2a7

goroutine 610772 [chan receive]:
6.824/labrpc.(*ClientEnd).Call(0xc000097460, {0xa83cce, 0xc0008ddf98}, {0xa56460, 0xc0002fb950}, {0xa46540, 0xc00042fcb0})
	D:/Go/src/6.824/src/labrpc/labrpc.go:112 +0x26e
6.824/kvraft.(*Clerk).Execute.func1(0x4, {0x3, {0xa8bf90, 0x1}, {0xc000770940, 0x8}, 0x136e7720, 0x1b}, 0xc000102140)
	D:/Go/src/6.824/src/kvraft/client.go:47 +0x11b
created by 6.824/kvraft.(*Clerk).Execute
	D:/Go/src/6.824/src/kvraft/client.go:45 +0x1b3

goroutine 611110 [select]:
6.824/labrpc.(*Network).processReq(0xc000102140, {{0xa4e7c0, 0xc000142ac0}, {0xa83cce, 0xb}, {0xad1560, 0xa56460}, {0xc0002953f0, 0x5b, 0xa5}, ...})
	D:/Go/src/6.824/src/labrpc/labrpc.go:251 +0x41c
created by 6.824/labrpc.MakeNetwork.func1
	D:/Go/src/6.824/src/labrpc/labrpc.go:157 +0x3e

goroutine 610854 [select]:
6.824/labrpc.(*Network).processReq(0xc000102140, {{0xa4e7c0, 0xc000142bb0}, {0xa83cce, 0xb}, {0xad1560, 0xa56460}, {0xc000294420, 0x64, 0xae}, ...})
	D:/Go/src/6.824/src/labrpc/labrpc.go:251 +0x41c
created by 6.824/labrpc.MakeNetwork.func1
	D:/Go/src/6.824/src/labrpc/labrpc.go:157 +0x3e

goroutine 611069 [select]:
6.824/kvraft.(*KVServer).Do(0xc000103770, 0xc00001f9b0, 0xc000462b40)
	D:/Go/src/6.824/src/kvraft/server.go:71 +0x2f4
reflect.Value.call({0xc0000da120, 0xc0002c7368, 0xc0003c1b10}, {0xa827a2, 0x4}, {0xc0003c1c68, 0x3, 0xc0003c1b40})
	D:/ProgramFiles/Go/src/reflect/value.go:543 +0x814
reflect.Value.Call({0xc0000da120, 0xc0002c7368, 0xc0000c2b50}, {0xc0003c1c68, 0x3, 0x3})
	D:/ProgramFiles/Go/src/reflect/value.go:339 +0xc5
6.824/labrpc.(*Service).dispatch(0xc0002f0a00, {0xa83cd7, 0x2}, {{0xa4e7c0, 0xc000142520}, {0xa83cce, 0xb}, {0xad1560, 0xa56460}, {0xc0002142c0, ...}, ...})
	D:/Go/src/6.824/src/labrpc/labrpc.go:496 +0x39d
6.824/labrpc.(*Server).dispatch(0xc0003e3800, {{0xa4e7c0, 0xc000142520}, {0xa83cce, 0xb}, {0xad1560, 0xa56460}, {0xc0002142c0, 0x65, 0xaf}, ...})
	D:/Go/src/6.824/src/labrpc/labrpc.go:420 +0x1fe
6.824/labrpc.(*Network).processReq.func1()
	D:/Go/src/6.824/src/labrpc/labrpc.go:240 +0x58
created by 6.824/labrpc.(*Network).processReq
	D:/Go/src/6.824/src/labrpc/labrpc.go:239 +0x1df

goroutine 610876 [select]:
6.824/kvraft.(*KVServer).Do(0xc000103770, 0xc000428480, 0xc0006705d0)
	D:/Go/src/6.824/src/kvraft/server.go:71 +0x2f4
reflect.Value.call({0xc0000da120, 0xc0002c7368, 0xc000073b10}, {0xa827a2, 0x4}, {0xc000073c68, 0x3, 0xc000073b40})
	D:/ProgramFiles/Go/src/reflect/value.go:543 +0x814
reflect.Value.Call({0xc0000da120, 0xc0002c7368, 0xc0003d1828}, {0xc000073c68, 0x3, 0x3})
	D:/ProgramFiles/Go/src/reflect/value.go:339 +0xc5
6.824/labrpc.(*Service).dispatch(0xc0002f0a00, {0xa83cd7, 0x2}, {{0xa4e7c0, 0xc000143060}, {0xa83cce, 0xb}, {0xad1560, 0xa56460}, {0xc00001c480, ...}, ...})
	D:/Go/src/6.824/src/labrpc/labrpc.go:496 +0x39d
6.824/labrpc.(*Server).dispatch(0xc0003e3800, {{0xa4e7c0, 0xc000143060}, {0xa83cce, 0xb}, {0xad1560, 0xa56460}, {0xc00001c480, 0x67, 0xb1}, ...})
	D:/Go/src/6.824/src/labrpc/labrpc.go:420 +0x1fe
6.824/labrpc.(*Network).processReq.func1()
	D:/Go/src/6.824/src/labrpc/labrpc.go:240 +0x58
created by 6.824/labrpc.(*Network).processReq
	D:/Go/src/6.824/src/labrpc/labrpc.go:239 +0x1df

goroutine 27186 [chan receive]:
6.824/kvraft.(*KVServer).doExecute(0xc000103950)
	D:/Go/src/6.824/src/kvraft/server.go:125 +0x70
created by 6.824/kvraft.StartKVServer
	D:/Go/src/6.824/src/kvraft/server.go:201 +0x207

goroutine 610303 [select]:
6.824/kvraft.(*KVServer).Do(0xc000103770, 0xc0000b96e0, 0xc00042fa58)
	D:/Go/src/6.824/src/kvraft/server.go:71 +0x2f4
reflect.Value.call({0xc0000da120, 0xc0002c7368, 0xc0004e7b10}, {0xa827a2, 0x4}, {0xc0004e7c68, 0x3, 0xc0004e7b40})
	D:/ProgramFiles/Go/src/reflect/value.go:543 +0x814
reflect.Value.Call({0xc0000da120, 0xc0002c7368, 0xc000334338}, {0xc0004e7c68, 0x3, 0x3})
	D:/ProgramFiles/Go/src/reflect/value.go:339 +0xc5
6.824/labrpc.(*Service).dispatch(0xc0002f0a00, {0xa83cd7, 0x2}, {{0xa4e7c0, 0xc0001427f0}, {0xa83cce, 0xb}, {0xad1560, 0xa56460}, {0xc0002f69a0, ...}, ...})
	D:/Go/src/6.824/src/labrpc/labrpc.go:496 +0x39d
6.824/labrpc.(*Server).dispatch(0xc0003e3800, {{0xa4e7c0, 0xc0001427f0}, {0xa83cce, 0xb}, {0xad1560, 0xa56460}, {0xc0002f69a0, 0x65, 0xaf}, ...})
	D:/Go/src/6.824/src/labrpc/labrpc.go:420 +0x1fe
6.824/labrpc.(*Network).processReq.func1()
	D:/Go/src/6.824/src/labrpc/labrpc.go:240 +0x58
created by 6.824/labrpc.(*Network).processReq
	D:/Go/src/6.824/src/labrpc/labrpc.go:239 +0x1df

goroutine 27208 [sleep]:
time.Sleep(0x4c4b400)
	D:/ProgramFiles/Go/src/runtime/time.go:193 +0x133
6.824/raft.(*Raft).heartTicker(0xc00011c4b0, 0xc000102140)
	D:/Go/src/6.824/src/raft/raft.go:618 +0x4f
created by 6.824/raft.(*Raft).BeLeader
	D:/Go/src/6.824/src/raft/raft.go:610 +0xcf

goroutine 611048 [select]:
6.824/kvraft.(*KVServer).Do(0xc000103770, 0xc0003fab70, 0xc0004255c0)
	D:/Go/src/6.824/src/kvraft/server.go:71 +0x2f4
reflect.Value.call({0xc0000da120, 0xc0002c7368, 0xc00006fb10}, {0xa827a2, 0x4}, {0xc00006fc68, 0x3, 0xc00006fb40})
	D:/ProgramFiles/Go/src/reflect/value.go:543 +0x814
reflect.Value.Call({0xc0000da120, 0xc0002c7368, 0xc000007ea0}, {0xc00006fc68, 0x3, 0x3})
	D:/ProgramFiles/Go/src/reflect/value.go:339 +0xc5
6.824/labrpc.(*Service).dispatch(0xc0002f0a00, {0xa83cd7, 0x2}, {{0xa4e7c0, 0xc000208210}, {0xa83cce, 0xb}, {0xad1560, 0xa56460}, {0xc00023e600, ...}, ...})
	D:/Go/src/6.824/src/labrpc/labrpc.go:496 +0x39d
6.824/labrpc.(*Server).dispatch(0xc0003e3800, {{0xa4e7c0, 0xc000208210}, {0xa83cce, 0xb}, {0xad1560, 0xa56460}, {0xc00023e600, 0x67, 0xb1}, ...})
	D:/Go/src/6.824/src/labrpc/labrpc.go:420 +0x1fe
6.824/labrpc.(*Network).processReq.func1()
	D:/Go/src/6.824/src/labrpc/labrpc.go:240 +0x58
created by 6.824/labrpc.(*Network).processReq
	D:/Go/src/6.824/src/labrpc/labrpc.go:239 +0x1df

goroutine 610696 [select]:
6.824/labrpc.(*Network).processReq(0xc000102140, {{0xa4e7c0, 0xc0002080f0}, {0xa83cce, 0xb}, {0xad1560, 0xa56460}, {0xc00001c3c0, 0x67, 0xb1}, ...})
	D:/Go/src/6.824/src/labrpc/labrpc.go:251 +0x41c
created by 6.824/labrpc.MakeNetwork.func1
	D:/Go/src/6.824/src/labrpc/labrpc.go:157 +0x3e

goroutine 611225 [select]:
6.824/kvraft.(*KVServer).Do(0xc000103770, 0xc000493cb0, 0xc00042ebb8)
	D:/Go/src/6.824/src/kvraft/server.go:71 +0x2f4
reflect.Value.call({0xc0000da120, 0xc0002c7368, 0xc00024bb10}, {0xa827a2, 0x4}, {0xc00024bc68, 0x3, 0xc00024bb40})
	D:/ProgramFiles/Go/src/reflect/value.go:543 +0x814
reflect.Value.Call({0xc0000da120, 0xc0002c7368, 0xc0005ff780}, {0xc00024bc68, 0x3, 0x3})
	D:/ProgramFiles/Go/src/reflect/value.go:339 +0xc5
6.824/labrpc.(*Service).dispatch(0xc0002f0a00, {0xa83cd7, 0x2}, {{0xa4e7c0, 0xc000142e80}, {0xa83cce, 0xb}, {0xad1560, 0xa56460}, {0xc00019e3c0, ...}, ...})
	D:/Go/src/6.824/src/labrpc/labrpc.go:496 +0x39d
6.824/labrpc.(*Server).dispatch(0xc0003e3800, {{0xa4e7c0, 0xc000142e80}, {0xa83cce, 0xb}, {0xad1560, 0xa56460}, {0xc00019e3c0, 0x67, 0xb1}, ...})
	D:/Go/src/6.824/src/labrpc/labrpc.go:420 +0x1fe
6.824/labrpc.(*Network).processReq.func1()
	D:/Go/src/6.824/src/labrpc/labrpc.go:240 +0x58
created by 6.824/labrpc.(*Network).processReq
	D:/Go/src/6.824/src/labrpc/labrpc.go:239 +0x1df

goroutine 610855 [select]:
6.824/kvraft.(*KVServer).Do(0xc000103770, 0xc000381fb0, 0xc000260ff0)
	D:/Go/src/6.824/src/kvraft/server.go:71 +0x2f4
reflect.Value.call({0xc0000da120, 0xc0002c7368, 0xc000469b10}, {0xa827a2, 0x4}, {0xc000469c68, 0x3, 0xc000469b40})
	D:/ProgramFiles/Go/src/reflect/value.go:543 +0x814
reflect.Value.Call({0xc0000da120, 0xc0002c7368, 0xc0003d08c8}, {0xc000469c68, 0x3, 0x3})
	D:/ProgramFiles/Go/src/reflect/value.go:339 +0xc5
6.824/labrpc.(*Service).dispatch(0xc0002f0a00, {0xa83cd7, 0x2}, {{0xa4e7c0, 0xc000142bb0}, {0xa83cce, 0xb}, {0xad1560, 0xa56460}, {0xc000294420, ...}, ...})
	D:/Go/src/6.824/src/labrpc/labrpc.go:496 +0x39d
6.824/labrpc.(*Server).dispatch(0xc0003e3800, {{0xa4e7c0, 0xc000142bb0}, {0xa83cce, 0xb}, {0xad1560, 0xa56460}, {0xc000294420, 0x64, 0xae}, ...})
	D:/Go/src/6.824/src/labrpc/labrpc.go:420 +0x1fe
6.824/labrpc.(*Network).processReq.func1()
	D:/Go/src/6.824/src/labrpc/labrpc.go:240 +0x58
created by 6.824/labrpc.(*Network).processReq
	D:/Go/src/6.824/src/labrpc/labrpc.go:239 +0x1df

goroutine 610730 [select]:
6.824/labrpc.(*Network).processReq(0xc000102140, {{0xa4e7c0, 0xc0001429d0}, {0xa83cce, 0xb}, {0xad1560, 0xa56460}, {0xc000294370, 0x65, 0xaf}, ...})
	D:/Go/src/6.824/src/labrpc/labrpc.go:251 +0x41c
created by 6.824/labrpc.MakeNetwork.func1
	D:/Go/src/6.824/src/labrpc/labrpc.go:157 +0x3e

goroutine 611068 [select]:
6.824/labrpc.(*Network).processReq(0xc000102140, {{0xa4e7c0, 0xc000142520}, {0xa83cce, 0xb}, {0xad1560, 0xa56460}, {0xc0002142c0, 0x65, 0xaf}, ...})
	D:/Go/src/6.824/src/labrpc/labrpc.go:251 +0x41c
created by 6.824/labrpc.MakeNetwork.func1
	D:/Go/src/6.824/src/labrpc/labrpc.go:157 +0x3e

goroutine 611111 [select]:
6.824/labrpc.(*Network).processReq(0xc000102140, {{0xa4e7c0, 0xc000143240}, {0xa83cce, 0xb}, {0xad1560, 0xa56460}, {0xc000214630, 0x5c, 0xa6}, ...})
	D:/Go/src/6.824/src/labrpc/labrpc.go:251 +0x41c
created by 6.824/labrpc.MakeNetwork.func1
	D:/Go/src/6.824/src/labrpc/labrpc.go:157 +0x3e

goroutine 27166 [chan receive]:
6.824/kvraft.(*KVServer).doExecute(0xc000103810)
	D:/Go/src/6.824/src/kvraft/server.go:125 +0x70
created by 6.824/kvraft.StartKVServer
	D:/Go/src/6.824/src/kvraft/server.go:201 +0x207

goroutine 610910 [select]:
6.824/labrpc.(*Network).processReq(0xc000102140, {{0xa4e7c0, 0xc000143150}, {0xa83cce, 0xb}, {0xad1560, 0xa56460}, {0xc0002948f0, 0x5c, 0xa6}, ...})
	D:/Go/src/6.824/src/labrpc/labrpc.go:251 +0x41c
created by 6.824/labrpc.MakeNetwork.func1
	D:/Go/src/6.824/src/labrpc/labrpc.go:157 +0x3e

goroutine 27169 [sleep]:
time.Sleep(0x1139ca40)
	D:/ProgramFiles/Go/src/runtime/time.go:193 +0x133
6.824/raft.(*Raft).electionTicker(0xc00011c780)
	D:/Go/src/6.824/src/raft/raft.go:630 +0x95
created by 6.824/raft.Make
	D:/Go/src/6.824/src/raft/raft.go:672 +0x2a7

goroutine 610773 [select]:
6.824/labrpc.(*Network).processReq(0xc000102140, {{0xa4e7c0, 0xc000142d90}, {0xa83cce, 0xb}, {0xad1560, 0xa56460}, {0xc000294b00, 0x65, 0xaf}, ...})
	D:/Go/src/6.824/src/labrpc/labrpc.go:251 +0x41c
created by 6.824/labrpc.MakeNetwork.func1
	D:/Go/src/6.824/src/labrpc/labrpc.go:157 +0x3e

goroutine 610337 [select]:
6.824/labrpc.(*Network).processReq(0xc000102140, {{0xa4e7c0, 0xc000142430}, {0xa83cce, 0xb}, {0xad1560, 0xa56460}, {0xc0002f6d10, 0x5c, 0xa6}, ...})
	D:/Go/src/6.824/src/labrpc/labrpc.go:251 +0x41c
created by 6.824/labrpc.MakeNetwork.func1
	D:/Go/src/6.824/src/labrpc/labrpc.go:157 +0x3e

goroutine 610697 [select]:
6.824/kvraft.(*KVServer).Do(0xc000103770, 0xc0007fbf50, 0xc000544120)
	D:/Go/src/6.824/src/kvraft/server.go:71 +0x2f4
reflect.Value.call({0xc0000da120, 0xc0002c7368, 0xc0001b1b10}, {0xa827a2, 0x4}, {0xc0001b1c68, 0x3, 0xc0001b1b40})
	D:/ProgramFiles/Go/src/reflect/value.go:543 +0x814
reflect.Value.Call({0xc0000da120, 0xc0002c7368, 0xc0000c3648}, {0xc0001b1c68, 0x3, 0x3})
	D:/ProgramFiles/Go/src/reflect/value.go:339 +0xc5
6.824/labrpc.(*Service).dispatch(0xc0002f0a00, {0xa83cd7, 0x2}, {{0xa4e7c0, 0xc0002080f0}, {0xa83cce, 0xb}, {0xad1560, 0xa56460}, {0xc00001c3c0, ...}, ...})
	D:/Go/src/6.824/src/labrpc/labrpc.go:496 +0x39d
6.824/labrpc.(*Server).dispatch(0xc0003e3800, {{0xa4e7c0, 0xc0002080f0}, {0xa83cce, 0xb}, {0xad1560, 0xa56460}, {0xc00001c3c0, 0x67, 0xb1}, ...})
	D:/Go/src/6.824/src/labrpc/labrpc.go:420 +0x1fe
6.824/labrpc.(*Network).processReq.func1()
	D:/Go/src/6.824/src/labrpc/labrpc.go:240 +0x58
created by 6.824/labrpc.(*Network).processReq
	D:/Go/src/6.824/src/labrpc/labrpc.go:239 +0x1df

goroutine 611102 [chan receive]:
6.824/labrpc.(*ClientEnd).Call(0xc000097820, {0xa83cce, 0xc000405f98}, {0xa56460, 0xc0005ce1b0}, {0xa46540, 0xc0002c3fb0})
	D:/Go/src/6.824/src/labrpc/labrpc.go:112 +0x26e
6.824/kvraft.(*Clerk).Execute.func1(0x4, {0x1, {0xa90f05, 0x2}, {0x0, 0x0}, 0xfccb7907, 0x19}, 0xc000102140)
	D:/Go/src/6.824/src/kvraft/client.go:47 +0x11b
created by 6.824/kvraft.(*Clerk).Execute
	D:/Go/src/6.824/src/kvraft/client.go:45 +0x1b3

goroutine 27168 [chan receive]:
6.824/kvraft.(*KVServer).doExecute(0xc0001038b0)
	D:/Go/src/6.824/src/kvraft/server.go:125 +0x70
created by 6.824/kvraft.StartKVServer
	D:/Go/src/6.824/src/kvraft/server.go:201 +0x207

goroutine 610281 [select]:
6.824/labrpc.(*Network).processReq(0xc000102140, {{0xa4e7c0, 0xc0001428e0}, {0xa83cce, 0xb}, {0xad1560, 0xa56460}, {0xc0002f6630, 0x65, 0xaf}, ...})
	D:/Go/src/6.824/src/labrpc/labrpc.go:251 +0x41c
created by 6.824/labrpc.MakeNetwork.func1
	D:/Go/src/6.824/src/labrpc/labrpc.go:157 +0x3e

goroutine 610260 [select]:
6.824/kvraft.(*KVServer).Do(0xc000103770, 0xc000800990, 0xc0005456c8)
	D:/Go/src/6.824/src/kvraft/server.go:71 +0x2f4
reflect.Value.call({0xc0000da120, 0xc0002c7368, 0xc0001ddb10}, {0xa827a2, 0x4}, {0xc0001ddc68, 0x3, 0xc0001ddb40})
	D:/ProgramFiles/Go/src/reflect/value.go:543 +0x814
reflect.Value.Call({0xc0000da120, 0xc0002c7368, 0xc0000c5b10}, {0xc0001ddc68, 0x3, 0x3})
	D:/ProgramFiles/Go/src/reflect/value.go:339 +0xc5
6.824/labrpc.(*Service).dispatch(0xc0002f0a00, {0xa83cd7, 0x2}, {{0xa4e7c0, 0xc000142610}, {0xa83cce, 0xb}, {0xad1560, 0xa56460}, {0xc000294580, ...}, ...})
	D:/Go/src/6.824/src/labrpc/labrpc.go:496 +0x39d
6.824/labrpc.(*Server).dispatch(0xc0003e3800, {{0xa4e7c0, 0xc000142610}, {0xa83cce, 0xb}, {0xad1560, 0xa56460}, {0xc000294580, 0x65, 0xaf}, ...})
	D:/Go/src/6.824/src/labrpc/labrpc.go:420 +0x1fe
6.824/labrpc.(*Network).processReq.func1()
	D:/Go/src/6.824/src/labrpc/labrpc.go:240 +0x58
created by 6.824/labrpc.(*Network).processReq
	D:/Go/src/6.824/src/labrpc/labrpc.go:239 +0x1df

goroutine 27187 [sleep]:
time.Sleep(0xc1988c0)
	D:/ProgramFiles/Go/src/runtime/time.go:193 +0x133
6.824/raft.(*Raft).electionTicker(0xc00011c870)
	D:/Go/src/6.824/src/raft/raft.go:630 +0x95
created by 6.824/raft.Make
	D:/Go/src/6.824/src/raft/raft.go:672 +0x2a7

goroutine 610313 [select]:
6.824/kvraft.(*KVServer).Do(0xc000103770, 0xc0001a5dd0, 0xc000458210)
	D:/Go/src/6.824/src/kvraft/server.go:71 +0x2f4
reflect.Value.call({0xc0000da120, 0xc0002c7368, 0xc00024fb10}, {0xa827a2, 0x4}, {0xc00024fc68, 0x3, 0xc00024fb40})
	D:/ProgramFiles/Go/src/reflect/value.go:543 +0x814
reflect.Value.Call({0xc0000da120, 0xc0002c7368, 0xc0001bc4b8}, {0xc00024fc68, 0x3, 0x3})
	D:/ProgramFiles/Go/src/reflect/value.go:339 +0xc5
6.824/labrpc.(*Service).dispatch(0xc0002f0a00, {0xa83cd7, 0x2}, {{0xa4e7c0, 0xc000208000}, {0xa83cce, 0xb}, {0xad1560, 0xa56460}, {0xc00019e300, ...}, ...})
	D:/Go/src/6.824/src/labrpc/labrpc.go:496 +0x39d
6.824/labrpc.(*Server).dispatch(0xc0003e3800, {{0xa4e7c0, 0xc000208000}, {0xa83cce, 0xb}, {0xad1560, 0xa56460}, {0xc00019e300, 0x67, 0xb1}, ...})
	D:/Go/src/6.824/src/labrpc/labrpc.go:420 +0x1fe
6.824/labrpc.(*Network).processReq.func1()
	D:/Go/src/6.824/src/labrpc/labrpc.go:240 +0x58
created by 6.824/labrpc.(*Network).processReq
	D:/Go/src/6.824/src/labrpc/labrpc.go:239 +0x1df

goroutine 610931 [chan receive]:
6.824/labrpc.(*ClientEnd).Call(0xc0000973a0, {0xa83cce, 0x0}, {0xa56460, 0xc0004f2810}, {0xa46540, 0xc00030a240})
	D:/Go/src/6.824/src/labrpc/labrpc.go:112 +0x26e
6.824/kvraft.(*Clerk).Execute.func1(0x2, {0x1, {0xa8bf8f, 0x1}, {0x0, 0x0}, 0xe04a24f2, 0x1a}, 0x0)
	D:/Go/src/6.824/src/kvraft/client.go:47 +0x11b
created by 6.824/kvraft.(*Clerk).Execute
	D:/Go/src/6.824/src/kvraft/client.go:45 +0x1b3

goroutine 610258 [chan receive]:
6.824/labrpc.(*ClientEnd).Call(0xc000096e60, {0xa83cce, 0xc000230480}, {0xa56460, 0xc000800540}, {0xa46540, 0xc0005454b8})
	D:/Go/src/6.824/src/labrpc/labrpc.go:112 +0x26e
6.824/kvraft.(*Clerk).Execute.func1(0x3, {0x3, {0xa8bf88, 0x1}, {0xc000341698, 0x8}, 0xf51e014c, 0x18}, 0x1)
	D:/Go/src/6.824/src/kvraft/client.go:47 +0x11b
created by 6.824/kvraft.(*Clerk).Execute
	D:/Go/src/6.824/src/kvraft/client.go:45 +0x1b3

goroutine 610853 [chan receive]:
6.824/labrpc.(*ClientEnd).Call(0xc0000972e0, {0xa83cce, 0x3030}, {0xa56460, 0xc000381c20}, {0xa46540, 0xc000260e10})
	D:/Go/src/6.824/src/labrpc/labrpc.go:112 +0x26e
6.824/kvraft.(*Clerk).Execute.func1(0x1, {0x3, {0xa8bf8e, 0x1}, {0xc000775a80, 0x7}, 0xd6352eaa, 0x16}, 0xc000102140)
	D:/Go/src/6.824/src/kvraft/client.go:47 +0x11b
created by 6.824/kvraft.(*Clerk).Execute
	D:/Go/src/6.824/src/kvraft/client.go:45 +0x1b3

goroutine 27188 [chan receive]:
6.824/kvraft.(*KVServer).doExecute(0xc0001039f0)
	D:/Go/src/6.824/src/kvraft/server.go:125 +0x70
created by 6.824/kvraft.StartKVServer
	D:/Go/src/6.824/src/kvraft/server.go:201 +0x207

goroutine 611133 [select]:
6.824/kvraft.(*KVServer).Do(0xc000103770, 0xc0001cc5d0, 0xc000004f78)
	D:/Go/src/6.824/src/kvraft/server.go:71 +0x2f4
reflect.Value.call({0xc0000da120, 0xc0002c7368, 0xc0003c5b10}, {0xa827a2, 0x4}, {0xc0003c5c68, 0x3, 0xc0003c5b40})
	D:/ProgramFiles/Go/src/reflect/value.go:543 +0x814
reflect.Value.Call({0xc0000da120, 0xc0002c7368, 0xc0000c5838}, {0xc0003c5c68, 0x3, 0x3})
	D:/ProgramFiles/Go/src/reflect/value.go:339 +0xc5
6.824/labrpc.(*Service).dispatch(0xc0002f0a00, {0xa83cd7, 0x2}, {{0xa4e7c0, 0xc000143330}, {0xa83cce, 0xb}, {0xad1560, 0xa56460}, {0xc00023ea80, ...}, ...})
	D:/Go/src/6.824/src/labrpc/labrpc.go:496 +0x39d
6.824/labrpc.(*Server).dispatch(0xc0003e3800, {{0xa4e7c0, 0xc000143330}, {0xa83cce, 0xb}, {0xad1560, 0xa56460}, {0xc00023ea80, 0x67, 0xb1}, ...})
	D:/Go/src/6.824/src/labrpc/labrpc.go:420 +0x1fe
6.824/labrpc.(*Network).processReq.func1()
	D:/Go/src/6.824/src/labrpc/labrpc.go:240 +0x58
created by 6.824/labrpc.(*Network).processReq
	D:/Go/src/6.824/src/labrpc/labrpc.go:239 +0x1df
exit status 2
FAIL	6.824/kvraft	600.168s
