Test: InstallSnapshot RPC (3B) ...
  ... Passed --   3.6  3  1753   63
Test: snapshot size is reasonable (3B) ...
  ... Passed --   4.5  3  3395  800
Test: ops complete fast enough (3B) ...
  ... Passed --   7.6  3  4489    0
Test: restarts, snapshots, one client (3B) ...
  ... Passed --  20.3  5 15680 2050
Test: restarts, snapshots, many clients (3B) ...
panic: runtime error: slice bounds out of range [:824649452567] with capacity 24

goroutine 260428 [running]:
6.824/raft.(*Raft).cutLog(...)
	D:/Go/src/6.824/src/raft/raft.go:111
6.824/raft.(*Raft).AppendLog(0xc00014c780, 0xc000f02840, 0xc000422410)
	D:/Go/src/6.824/src/raft/raft.go:397 +0x5ae
reflect.Value.call({0xc000052300, 0xc000425070, 0xc00021bb10}, {0xdd34cd, 0x4}, {0xc00021bc68, 0x3, 0xc00021bb40})
	D:/ProgramFiles/Go/src/reflect/value.go:543 +0x814
reflect.Value.Call({0xc000052300, 0xc000425070, 0xc0001c6e90}, {0xc00021bc68, 0x3, 0x3})
	D:/ProgramFiles/Go/src/reflect/value.go:339 +0xc5
6.824/labrpc.(*Service).dispatch(0xc0002c5500, {0xdd5798, 0x9}, {{0xd9f740, 0xc0005908b0}, {0xdd5793, 0xe}, {0xe22400, 0xd978c0}, {0xc000403800, ...}, ...})
	D:/Go/src/6.824/src/labrpc/labrpc.go:496 +0x39d
6.824/labrpc.(*Server).dispatch(0xc0002f80f0, {{0xd9f740, 0xc0005908b0}, {0xdd5793, 0xe}, {0xe22400, 0xd978c0}, {0xc000403800, 0x370, 0x728}, ...})
	D:/Go/src/6.824/src/labrpc/labrpc.go:420 +0x1fe
6.824/labrpc.(*Network).processReq.func1()
	D:/Go/src/6.824/src/labrpc/labrpc.go:240 +0x58
created by 6.824/labrpc.(*Network).processReq
	D:/Go/src/6.824/src/labrpc/labrpc.go:239 +0x1df
exit status 2
FAIL	6.824/kvraft	45.525s
