Test: InstallSnapshot RPC (3B) ...
  ... Passed --   3.8  3  2170   63
Test: snapshot size is reasonable (3B) ...
  ... Passed --   5.5  3  4040  800
Test: ops complete fast enough (3B) ...
  ... Passed --   8.9  3  4676    0
Test: restarts, snapshots, one client (3B) ...
  ... Passed --  20.3  5 16632 2336
Test: restarts, snapshots, many clients (3B) ...
unexpected fault address 0xffffffffffffffff
fatal error: fault
[signal 0xc0000005 code=0x0 addr=0xffffffffffffffff pc=0xbd6c3f]

goroutine 331641 [running]:
runtime.throw({0xd33780, 0x56})
	D:/ProgramFiles/Go/src/runtime/panic.go:1198 +0x76 fp=0xc000aa32f0 sp=0xc000aa32c0 pc=0xba8e56
runtime.sigpanic()
	D:/ProgramFiles/Go/src/runtime/signal_windows.go:260 +0x10c fp=0xc000aa3338 sp=0xc000aa32f0 pc=0xbbd3ac
aeshashbody()
	D:/ProgramFiles/Go/src/runtime/asm_amd64.s:1324 +0x39f fp=0xc000aa3340 sp=0xc000aa3338 pc=0xbd6c3f
runtime.mapaccess1_faststr(0xd0a640, 0xc000c0bb90, {0x2d5f84100000000, 0xc000456d90})
	D:/ProgramFiles/Go/src/runtime/map_faststr.go:79 +0xa2 fp=0xc000aa33a8 sp=0xc000aa3340 pc=0xb82b62
6.824/kvraft.(*KVServer).Do(0xc000d24460, 0xc0001f1cb0, 0xc000596840)
	D:/Go/src/6.824/src/kvraft/server.go:53 +0x11a fp=0xc000aa3478 sp=0xc000aa33a8 pc=0xce30da
runtime.call32(0xc000075f50, 0xc0002a1158, 0x0, 0x0, 0x0, 0x18, 0xc000aa39b8)
	D:/ProgramFiles/Go/src/runtime/asm_amd64.s:626 +0x50 fp=0xc000aa34a8 sp=0xc000aa3478 pc=0xbd7c30
runtime.reflectcall(0xcf7480, 0xc000596840, 0x4, 0xd36bfd, 0x0, 0x12, 0xcf7480)
	<autogenerated>:1 +0x3c fp=0xc000aa34e8 sp=0xc000aa34a8 pc=0xbdbf3c
reflect.Value.call({0xc000052180, 0xc0002a1158, 0xc00115fb10}, {0xd334cd, 0x4}, {0xc00115fc68, 0x3, 0xc00115fb40})
	D:/ProgramFiles/Go/src/reflect/value.go:543 +0x814 fp=0xc000aa3ad8 sp=0xc000aa34e8 pc=0xc37354
reflect.Value.Call({0xc000052180, 0xc0002a1158, 0xc0003d8898}, {0xc00115fc68, 0x3, 0x3})
	D:/ProgramFiles/Go/src/reflect/value.go:339 +0xc5 fp=0xc000aa3b50 sp=0xc000aa3ad8 pc=0xc36905
6.824/labrpc.(*Service).dispatch(0xc0005a0240, {0xd34a02, 0x2}, {{0xcff740, 0xc000e4c390}, {0xd349f9, 0xb}, {0xd82400, 0xd07340}, {0xc0004880b0, ...}, ...})
	D:/Go/src/6.824/src/labrpc/labrpc.go:496 +0x39d fp=0xc000aa3dc0 sp=0xc000aa3b50 pc=0xcc57bd
6.824/labrpc.(*Server).dispatch(0xc000b3b6f8, {{0xcff740, 0xc000e4c390}, {0xd349f9, 0xb}, {0xd82400, 0xd07340}, {0xc0004880b0, 0x5d, 0xa7}, ...})
	D:/Go/src/6.824/src/labrpc/labrpc.go:420 +0x1fe fp=0xc000aa3f50 sp=0xc000aa3dc0 pc=0xcc4dde
6.824/labrpc.(*Network).processReq.func1()
	D:/Go/src/6.824/src/labrpc/labrpc.go:240 +0x58 fp=0xc000aa3fe0 sp=0xc000aa3f50 pc=0xcc3ff8
runtime.goexit()
	D:/ProgramFiles/Go/src/runtime/asm_amd64.s:1581 +0x1 fp=0xc000aa3fe8 sp=0xc000aa3fe0 pc=0xbd99a1
created by 6.824/labrpc.(*Network).processReq
	D:/Go/src/6.824/src/labrpc/labrpc.go:239 +0x1df

goroutine 1 [chan receive]:
testing.(*T).Run(0xc0001304e0, {0xd3b990, 0xbdc253}, 0xd49278)
	D:/ProgramFiles/Go/src/testing/testing.go:1307 +0x375
testing.runTests.func1(0xc0001304e0)
	D:/ProgramFiles/Go/src/testing/testing.go:1598 +0x6e
testing.tRunner(0xc0001304e0, 0xc00007dd18)
	D:/ProgramFiles/Go/src/testing/testing.go:1259 +0x102
testing.runTests(0xc000138000, {0xe94300, 0x17, 0x17}, {0xbfd42d, 0xd35961, 0xe97d80})
	D:/ProgramFiles/Go/src/testing/testing.go:1596 +0x43f
testing.(*M).Run(0xc000138000)
	D:/ProgramFiles/Go/src/testing/testing.go:1504 +0x51d
main.main()
	_testmain.go:87 +0x14b

goroutine 101064 [sleep]:
time.Sleep(0x12a05f200)
	D:/ProgramFiles/Go/src/runtime/time.go:193 +0x133
6.824/kvraft.GenericTest(0xc000174000, {0xd33258, 0x2}, 0x14, 0x5, 0x0, 0x1, 0x0, 0x3e8, 0x0)
	D:/Go/src/6.824/src/kvraft/test_test.go:298 +0x787
6.824/kvraft.TestSnapshotRecoverManyClients3B(0xc0004a11e0)
	D:/Go/src/6.824/src/kvraft/test_test.go:695 +0x45
testing.tRunner(0xc000174000, 0xd49278)
	D:/ProgramFiles/Go/src/testing/testing.go:1259 +0x102
created by testing.(*T).Run
	D:/ProgramFiles/Go/src/testing/testing.go:1306 +0x35a

goroutine 331494 [chan receive]:
6.824/labrpc.(*ClientEnd).Call(0xc0002941c0, {0xd35793, 0xd82400}, {0xcf78c0, 0xc00048f5c0}, {0xcf7900, 0xc00031ce10})
	D:/Go/src/6.824/src/labrpc/labrpc.go:112 +0x26e
6.824/raft.(*Raft).sendAppendLog(...)
	D:/Go/src/6.824/src/raft/raft.go:455
6.824/raft.(*Raft).sendMsg.func1(0x0)
	D:/Go/src/6.824/src/raft/raft.go:298 +0x90
created by 6.824/raft.(*Raft).sendMsg
	D:/Go/src/6.824/src/raft/raft.go:296 +0x44f

goroutine 228323 [sleep]:
time.Sleep(0xf518240)
	D:/ProgramFiles/Go/src/runtime/time.go:193 +0x133
6.824/raft.(*Raft).electionTicker(0xc00014c870)
	D:/Go/src/6.824/src/raft/raft.go:622 +0x95
created by 6.824/raft.Make
	D:/Go/src/6.824/src/raft/raft.go:664 +0x2a7

goroutine 331646 [runnable]:
sync.runtime_SemacquireMutex(0xc00040ccc0, 0x28, 0xb7559d)
	D:/ProgramFiles/Go/src/runtime/sema.go:71 +0x25
sync.(*Mutex).lockSlow(0xc00014c780)
	D:/ProgramFiles/Go/src/sync/mutex.go:138 +0x165
sync.(*Mutex).Lock(...)
	D:/ProgramFiles/Go/src/sync/mutex.go:81
6.824/raft.(*Raft).lock(...)
	D:/Go/src/6.824/src/raft/raft.go:468
6.824/raft.(*Raft).Snapshot(0xc00014c780, 0x2aae, {0xc000a5a000, 0x5614, 0xab9c})
	D:/Go/src/6.824/src/raft/raft.go:193 +0x6a
created by 6.824/kvraft.(*KVServer).SnapShot
	D:/Go/src/6.824/src/kvraft/server.go:107 +0x185

goroutine 331661 [semacquire]:
sync.runtime_SemacquireMutex(0x4, 0xa0, 0x3)
	D:/ProgramFiles/Go/src/runtime/sema.go:71 +0x25
sync.(*Mutex).lockSlow(0xc00014c000)
	D:/ProgramFiles/Go/src/sync/mutex.go:138 +0x165
sync.(*Mutex).Lock(...)
	D:/ProgramFiles/Go/src/sync/mutex.go:81
6.824/raft.(*Raft).lock(...)
	D:/Go/src/6.824/src/raft/raft.go:468
6.824/raft.(*Raft).AppendLog(0xc00014c000, 0xc0008adf80, 0xc0007312c0)
	D:/Go/src/6.824/src/raft/raft.go:326 +0x72
reflect.Value.call({0xc000052300, 0xc0002a0490, 0xc000953b10}, {0xd334cd, 0x4}, {0xc000953c68, 0x3, 0xc000953b40})
	D:/ProgramFiles/Go/src/reflect/value.go:543 +0x814
reflect.Value.Call({0xc000052300, 0xc0002a0490, 0xc0004ca620}, {0xc000953c68, 0x3, 0x3})
	D:/ProgramFiles/Go/src/reflect/value.go:339 +0xc5
6.824/labrpc.(*Service).dispatch(0xc000166340, {0xd35798, 0x9}, {{0xcff740, 0xc000d21e30}, {0xd35793, 0xe}, {0xd82400, 0xcf78c0}, {0xc000830000, ...}, ...})
	D:/Go/src/6.824/src/labrpc/labrpc.go:496 +0x39d
6.824/labrpc.(*Server).dispatch(0xc0003fa978, {{0xcff740, 0xc000d21e30}, {0xd35793, 0xe}, {0xd82400, 0xcf78c0}, {0xc000830000, 0x5723, 0x589b}, ...})
	D:/Go/src/6.824/src/labrpc/labrpc.go:420 +0x1fe
6.824/labrpc.(*Network).processReq.func1()
	D:/Go/src/6.824/src/labrpc/labrpc.go:240 +0x58
created by 6.824/labrpc.(*Network).processReq
	D:/Go/src/6.824/src/labrpc/labrpc.go:239 +0x1df

goroutine 331696 [runnable]:
6.824/raft.(*Raft).sendMsg·dwrap·13()
	D:/Go/src/6.824/src/raft/raft.go:296
runtime.goexit()
	D:/ProgramFiles/Go/src/runtime/asm_amd64.s:1581 +0x1
created by 6.824/raft.(*Raft).sendMsg
	D:/Go/src/6.824/src/raft/raft.go:296 +0x44f

goroutine 331657 [chan receive]:
6.824/labrpc.(*ClientEnd).Call(0xc0002f33a0, {0xd349f9, 0xc000d11fd0}, {0xd07340, 0xc0010e8e70}, {0xcf7480, 0xc000cdecd8})
	D:/Go/src/6.824/src/labrpc/labrpc.go:112 +0x26e
6.824/kvraft.(*Clerk).Execute.func1(0x2, {0x1, {0xd3cd68, 0x1}, {0x0, 0x0}, 0x4e75b066, 0x103})
	D:/Go/src/6.824/src/kvraft/client.go:47 +0x11f
created by 6.824/kvraft.(*Clerk).Execute
	D:/Go/src/6.824/src/kvraft/client.go:45 +0x1b2

goroutine 229209 [select]:
6.824/kvraft.(*Clerk).Execute(0xc0004ece80, 0xc00107fc70, 0xc00107fc58)
	D:/Go/src/6.824/src/kvraft/client.go:52 +0x219
6.824/kvraft.(*Clerk).Get(0xc00107fcd8, {0xd41d82, 0xa})
	D:/Go/src/6.824/src/kvraft/client.go:74 +0x127
6.824/kvraft.Get(0xc0000a60c0, 0x2, {0xd41d82, 0x2}, 0xc000558780, 0x12)
	D:/Go/src/6.824/src/kvraft/test_test.go:43 +0xbb
6.824/kvraft.GenericTest.func1(0x12, 0xc000242ff0, 0xc000174000)
	D:/Go/src/6.824/src/kvraft/test_test.go:284 +0x3e5
6.824/kvraft.run_client(0xc00014c1e0, 0xc0000a60c0, 0xc001176000, 0x62e9, 0xc000250aa0)
	D:/Go/src/6.824/src/kvraft/test_test.go:103 +0xe4
created by 6.824/kvraft.spawn_clients_and_wait
	D:/Go/src/6.824/src/kvraft/test_test.go:113 +0x51

goroutine 331491 [select]:
6.824/labrpc.(*Network).processReq(0xc0008b6370, {{0xcff740, 0xc000177b40}, {0xd349f9, 0xb}, {0xd82400, 0xd07340}, {0xc0004886e0, 0x5d, 0xa7}, ...})
	D:/Go/src/6.824/src/labrpc/labrpc.go:251 +0x41c
created by 6.824/labrpc.MakeNetwork.func1
	D:/Go/src/6.824/src/labrpc/labrpc.go:157 +0x3e

goroutine 229182 [select]:
6.824/kvraft.(*Clerk).Execute(0xc0004ecbc0, 0xc000ca1c80, 0xc000ca1c68)
	D:/Go/src/6.824/src/kvraft/client.go:52 +0x219
6.824/kvraft.(*Clerk).Append(0x9, {0xd3cd6d, 0xc000ca1d50}, {0xc000731c03, 0x3})
	D:/Go/src/6.824/src/kvraft/client.go:103 +0x150
6.824/kvraft.Append(0xc0000a60c0, 0x2, {0xd3cd6d, 0x1}, {0xc000731c03, 0x9}, 0xc000558780, 0x7)
	D:/Go/src/6.824/src/kvraft/test_test.go:77 +0xd5
6.824/kvraft.GenericTest.func1(0x7, 0xc000242de0, 0xc000174000)
	D:/Go/src/6.824/src/kvraft/test_test.go:272 +0x587
6.824/kvraft.run_client(0xc00000a040, 0xc0000a60c0, 0xc000ca1fd0, 0xccb20d, 0xc000250aa0)
	D:/Go/src/6.824/src/kvraft/test_test.go:103 +0xe4
created by 6.824/kvraft.spawn_clients_and_wait
	D:/Go/src/6.824/src/kvraft/test_test.go:113 +0x51

goroutine 331666 [select]:
6.824/kvraft.(*KVServer).Do(0xc000d24460, 0xc000e5eb70, 0xc0007b2f00)
	D:/Go/src/6.824/src/kvraft/server.go:71 +0x2f4
reflect.Value.call({0xc000052180, 0xc0002a1158, 0xc00061bb10}, {0xd334cd, 0x4}, {0xc00061bc68, 0x3, 0xc00061bb40})
	D:/ProgramFiles/Go/src/reflect/value.go:543 +0x814
reflect.Value.Call({0xc000052180, 0xc0002a1158, 0xc0006313f8}, {0xc00061bc68, 0x3, 0x3})
	D:/ProgramFiles/Go/src/reflect/value.go:339 +0xc5
6.824/labrpc.(*Service).dispatch(0xc0005a0240, {0xd34a02, 0x2}, {{0xcff740, 0xc000177a10}, {0xd349f9, 0xb}, {0xd82400, 0xd07340}, {0xc000488790, ...}, ...})
	D:/Go/src/6.824/src/labrpc/labrpc.go:496 +0x39d
6.824/labrpc.(*Server).dispatch(0xc000b3b6f8, {{0xcff740, 0xc000177a10}, {0xd349f9, 0xb}, {0xd82400, 0xd07340}, {0xc000488790, 0x5e, 0xa8}, ...})
	D:/Go/src/6.824/src/labrpc/labrpc.go:420 +0x1fe
6.824/labrpc.(*Network).processReq.func1()
	D:/Go/src/6.824/src/labrpc/labrpc.go:240 +0x58
created by 6.824/labrpc.(*Network).processReq
	D:/Go/src/6.824/src/labrpc/labrpc.go:239 +0x1df

goroutine 331510 [chan receive]:
6.824/labrpc.(*ClientEnd).Call(0xc0002f3fa0, {0xd349f9, 0xc001081fa0}, {0xd07340, 0xc000996b10}, {0xcf7480, 0xc000b0ff98})
	D:/Go/src/6.824/src/labrpc/labrpc.go:112 +0x26e
6.824/kvraft.(*Clerk).Execute.func1(0x0, {0x1, {0xd41d82, 0x2}, {0x0, 0x0}, 0x9b1ae8ad, 0x10a})
	D:/Go/src/6.824/src/kvraft/client.go:47 +0x11f
created by 6.824/kvraft.(*Clerk).Execute
	D:/Go/src/6.824/src/kvraft/client.go:45 +0x1b2

goroutine 229180 [select]:
6.824/kvraft.(*Clerk).Execute(0xc0004ecb40, 0xc0006afc70, 0xc0006afc58)
	D:/Go/src/6.824/src/kvraft/client.go:52 +0x219
6.824/kvraft.(*Clerk).Get(0xc0006afcd8, {0xd3cd6b, 0x9})
	D:/Go/src/6.824/src/kvraft/client.go:74 +0x127
6.824/kvraft.Get(0xc0000a60c0, 0x2, {0xd3cd6b, 0x1}, 0xc000558780, 0x5)
	D:/Go/src/6.824/src/kvraft/test_test.go:43 +0xbb
6.824/kvraft.GenericTest.func1(0x5, 0xc000242d80, 0xc000174000)
	D:/Go/src/6.824/src/kvraft/test_test.go:284 +0x3e5
6.824/kvraft.run_client(0xc000406060, 0xc0000a60c0, 0x28a, 0xc0002938c0, 0xc000250aa0)
	D:/Go/src/6.824/src/kvraft/test_test.go:103 +0xe4
created by 6.824/kvraft.spawn_clients_and_wait
	D:/Go/src/6.824/src/kvraft/test_test.go:113 +0x51

goroutine 229184 [select]:
6.824/kvraft.(*Clerk).Execute(0xc0004ecc40, 0xc000c9dc70, 0xc000c9dc58)
	D:/Go/src/6.824/src/kvraft/client.go:52 +0x219
6.824/kvraft.(*Clerk).Get(0xc000c9dcd8, {0xd3cd6f, 0x9})
	D:/Go/src/6.824/src/kvraft/client.go:74 +0x127
6.824/kvraft.Get(0xc0000a60c0, 0x2, {0xd3cd6f, 0x1}, 0xc000558780, 0x9)
	D:/Go/src/6.824/src/kvraft/test_test.go:43 +0xbb
6.824/kvraft.GenericTest.func1(0x9, 0xc000242e40, 0xc000174000)
	D:/Go/src/6.824/src/kvraft/test_test.go:284 +0x3e5
6.824/kvraft.run_client(0xc00007db80, 0xc0000a60c0, 0x0, 0x0, 0xc000250aa0)
	D:/Go/src/6.824/src/kvraft/test_test.go:103 +0xe4
created by 6.824/kvraft.spawn_clients_and_wait
	D:/Go/src/6.824/src/kvraft/test_test.go:113 +0x51

goroutine 331518 [select]:
6.824/labrpc.(*Network).processReq(0xc0008b6370, {{0xcff740, 0xc000e4ca10}, {0xd349f9, 0xb}, {0xd82400, 0xd07340}, {0xc0003a6cc0, 0x6a, 0xb4}, ...})
	D:/Go/src/6.824/src/labrpc/labrpc.go:251 +0x41c
created by 6.824/labrpc.MakeNetwork.func1
	D:/Go/src/6.824/src/labrpc/labrpc.go:157 +0x3e

goroutine 331473 [chan receive]:
6.824/labrpc.(*ClientEnd).Call(0xc0002f3760, {0xd349f9, 0xc000c3bfa0}, {0xd07340, 0xc0005f8540}, {0xcf7480, 0xc001503890})
	D:/Go/src/6.824/src/labrpc/labrpc.go:112 +0x26e
6.824/kvraft.(*Clerk).Execute.func1(0x2, {0x3, {0xd3cd6d, 0x1}, {0xc000731c03, 0x9}, 0x80c4b961, 0x106})
	D:/Go/src/6.824/src/kvraft/client.go:47 +0x11f
created by 6.824/kvraft.(*Clerk).Execute
	D:/Go/src/6.824/src/kvraft/client.go:45 +0x1b2

goroutine 331615 [semacquire]:
6.824/labrpc.(*Network).processReq(0xc0008b6370, {{0xcff740, 0xc000d21e70}, {0xd35793, 0xe}, {0xd82400, 0xcf78c0}, {0xc0009a4000, 0x56fc, 0x5874}, ...})
	D:/Go/src/6.824/src/labrpc/labrpc.go:238 +0x12d
created by 6.824/labrpc.MakeNetwork.func1
	D:/Go/src/6.824/src/labrpc/labrpc.go:157 +0x3e

goroutine 331484 [runnable]:
sync.runtime_SemacquireMutex(0xc000d21e30, 0x93, 0xe)
	D:/ProgramFiles/Go/src/runtime/sema.go:71 +0x25
sync.(*Mutex).lockSlow(0xc00014c870)
	D:/ProgramFiles/Go/src/sync/mutex.go:138 +0x165
sync.(*Mutex).Lock(...)
	D:/ProgramFiles/Go/src/sync/mutex.go:81
6.824/raft.(*Raft).lock(...)
	D:/Go/src/6.824/src/raft/raft.go:468
6.824/raft.(*Raft).receiveAppendReplay(0xc00014c870, 0x0, 0x3, 0xc00031c3a0)
	D:/Go/src/6.824/src/raft/raft.go:407 +0x5d
6.824/raft.(*Raft).sendMsg.func1(0x0)
	D:/Go/src/6.824/src/raft/raft.go:300 +0xad
created by 6.824/raft.(*Raft).sendMsg
	D:/Go/src/6.824/src/raft/raft.go:296 +0x44f

goroutine 331514 [semacquire]:
sync.runtime_SemacquireMutex(0xc000d21e50, 0x93, 0xe)
	D:/ProgramFiles/Go/src/runtime/sema.go:71 +0x25
sync.(*Mutex).lockSlow(0xc00014c870)
	D:/ProgramFiles/Go/src/sync/mutex.go:138 +0x165
sync.(*Mutex).Lock(...)
	D:/ProgramFiles/Go/src/sync/mutex.go:81
6.824/raft.(*Raft).lock(...)
	D:/Go/src/6.824/src/raft/raft.go:468
6.824/raft.(*Raft).receiveAppendReplay(0xc00014c870, 0x1, 0x3, 0xc000327e50)
	D:/Go/src/6.824/src/raft/raft.go:407 +0x5d
6.824/raft.(*Raft).sendMsg.func1(0x1)
	D:/Go/src/6.824/src/raft/raft.go:300 +0xad
created by 6.824/raft.(*Raft).sendMsg
	D:/Go/src/6.824/src/raft/raft.go:296 +0x44f

goroutine 331691 [runnable]:
6.824/raft.(*Raft).sendMsg·dwrap·13()
	D:/Go/src/6.824/src/raft/raft.go:296
runtime.goexit()
	D:/ProgramFiles/Go/src/runtime/asm_amd64.s:1581 +0x1
created by 6.824/raft.(*Raft).sendMsg
	D:/Go/src/6.824/src/raft/raft.go:296 +0x44f

goroutine 331672 [select]:
6.824/labrpc.(*Network).processReq(0xc0008b6370, {{0xcff740, 0xc000e4d250}, {0xd349f9, 0xb}, {0xd82400, 0xd07340}, {0xc000489340, 0x5e, 0xa8}, ...})
	D:/Go/src/6.824/src/labrpc/labrpc.go:251 +0x41c
created by 6.824/labrpc.MakeNetwork.func1
	D:/Go/src/6.824/src/labrpc/labrpc.go:157 +0x3e

goroutine 331734 [runnable]:
6.824/raft.(*Raft).sendMsg·dwrap·13()
	D:/Go/src/6.824/src/raft/raft.go:296
runtime.goexit()
	D:/ProgramFiles/Go/src/runtime/asm_amd64.s:1581 +0x1
created by 6.824/raft.(*Raft).sendMsg
	D:/Go/src/6.824/src/raft/raft.go:296 +0x44f

goroutine 331667 [chan receive]:
6.824/labrpc.(*ClientEnd).Call(0xc0002f3ca0, {0xd349f9, 0xc0017b5fd0}, {0xd07340, 0xc000920870}, {0xcf7480, 0xc0005c8000})
	D:/Go/src/6.824/src/labrpc/labrpc.go:112 +0x26e
6.824/kvraft.(*Clerk).Execute.func1(0x0, {0x1, {0xd41d7a, 0x2}, {0x0, 0x0}, 0xc403222c, 0xf6})
	D:/Go/src/6.824/src/kvraft/client.go:47 +0x11f
created by 6.824/kvraft.(*Clerk).Execute
	D:/Go/src/6.824/src/kvraft/client.go:45 +0x1b2

goroutine 331697 [runnable]:
6.824/raft.(*Raft).sendMsg·dwrap·13()
	D:/Go/src/6.824/src/raft/raft.go:296
runtime.goexit()
	D:/ProgramFiles/Go/src/runtime/asm_amd64.s:1581 +0x1
created by 6.824/raft.(*Raft).sendMsg
	D:/Go/src/6.824/src/raft/raft.go:296 +0x44f

goroutine 331716 [runnable]:
6.824/raft.(*Raft).sendMsg·dwrap·13()
	D:/Go/src/6.824/src/raft/raft.go:296
runtime.goexit()
	D:/ProgramFiles/Go/src/runtime/asm_amd64.s:1581 +0x1
created by 6.824/raft.(*Raft).sendMsg
	D:/Go/src/6.824/src/raft/raft.go:296 +0x44f

goroutine 331642 [select]:
6.824/kvraft.(*KVServer).Do(0xc000d24460, 0xc000e5f3e0, 0xc0007b3350)
	D:/Go/src/6.824/src/kvraft/server.go:71 +0x2f4
reflect.Value.call({0xc000052180, 0xc0002a1158, 0xc000645b10}, {0xd334cd, 0x4}, {0xc000645c68, 0x3, 0xc000645b40})
	D:/ProgramFiles/Go/src/reflect/value.go:543 +0x814
reflect.Value.Call({0xc000052180, 0xc0002a1158, 0xc000630000}, {0xc000645c68, 0x3, 0x3})
	D:/ProgramFiles/Go/src/reflect/value.go:339 +0xc5
6.824/labrpc.(*Service).dispatch(0xc0005a0240, {0xd34a02, 0x2}, {{0xcff740, 0xc000177f60}, {0xd349f9, 0xb}, {0xd82400, 0xd07340}, {0xc000542420, ...}, ...})
	D:/Go/src/6.824/src/labrpc/labrpc.go:496 +0x39d
6.824/labrpc.(*Server).dispatch(0xc000b3b6f8, {{0xcff740, 0xc000177f60}, {0xd349f9, 0xb}, {0xd82400, 0xd07340}, {0xc000542420, 0x5d, 0xa7}, ...})
	D:/Go/src/6.824/src/labrpc/labrpc.go:420 +0x1fe
6.824/labrpc.(*Network).processReq.func1()
	D:/Go/src/6.824/src/labrpc/labrpc.go:240 +0x58
created by 6.824/labrpc.(*Network).processReq
	D:/Go/src/6.824/src/labrpc/labrpc.go:239 +0x1df

goroutine 331547 [select]:
6.824/labrpc.(*Network).processReq(0xc0008b6370, {{0xcff740, 0xc000d21e30}, {0xd35793, 0xe}, {0xd82400, 0xcf78c0}, {0xc000965080, 0x257, 0x28a}, ...})
	D:/Go/src/6.824/src/labrpc/labrpc.go:251 +0x41c
created by 6.824/labrpc.MakeNetwork.func1
	D:/Go/src/6.824/src/labrpc/labrpc.go:157 +0x3e

goroutine 331727 [runnable]:
6.824/raft.(*Raft).sendMsg·dwrap·13()
	D:/Go/src/6.824/src/raft/raft.go:296
runtime.goexit()
	D:/ProgramFiles/Go/src/runtime/asm_amd64.s:1581 +0x1
created by 6.824/raft.(*Raft).sendMsg
	D:/Go/src/6.824/src/raft/raft.go:296 +0x44f

goroutine 331736 [runnable]:
6.824/raft.(*Raft).sendMsg·dwrap·13()
	D:/Go/src/6.824/src/raft/raft.go:296
runtime.goexit()
	D:/ProgramFiles/Go/src/runtime/asm_amd64.s:1581 +0x1
created by 6.824/raft.(*Raft).sendMsg
	D:/Go/src/6.824/src/raft/raft.go:296 +0x44f

goroutine 331678 [runnable]:
6.824/kvraft.(*KVServer).SnapShot·dwrap·16()
	D:/Go/src/6.824/src/kvraft/server.go:107
runtime.goexit()
	D:/ProgramFiles/Go/src/runtime/asm_amd64.s:1581 +0x1
created by 6.824/kvraft.(*KVServer).SnapShot
	D:/Go/src/6.824/src/kvraft/server.go:107 +0x185

goroutine 331505 [semacquire]:
sync.runtime_SemacquireMutex(0xc000d21e50, 0x93, 0xe)
	D:/ProgramFiles/Go/src/runtime/sema.go:71 +0x25
sync.(*Mutex).lockSlow(0xc00014c870)
	D:/ProgramFiles/Go/src/sync/mutex.go:138 +0x165
sync.(*Mutex).Lock(...)
	D:/ProgramFiles/Go/src/sync/mutex.go:81
6.824/raft.(*Raft).lock(...)
	D:/Go/src/6.824/src/raft/raft.go:468
6.824/raft.(*Raft).receiveAppendReplay(0xc00014c870, 0x1, 0x3, 0xc0003f6eb0)
	D:/Go/src/6.824/src/raft/raft.go:407 +0x5d
6.824/raft.(*Raft).sendMsg.func1(0x1)
	D:/Go/src/6.824/src/raft/raft.go:300 +0xad
created by 6.824/raft.(*Raft).sendMsg
	D:/Go/src/6.824/src/raft/raft.go:296 +0x44f

goroutine 331676 [runnable]:
6.824/kvraft.(*KVServer).SnapShot·dwrap·16()
	D:/Go/src/6.824/src/kvraft/server.go:107
runtime.goexit()
	D:/ProgramFiles/Go/src/runtime/asm_amd64.s:1581 +0x1
created by 6.824/kvraft.(*KVServer).SnapShot
	D:/Go/src/6.824/src/kvraft/server.go:107 +0x185

goroutine 331517 [chan receive]:
6.824/labrpc.(*ClientEnd).Call(0xc0002f39a0, {0xd349f9, 0xc0009c1fa0}, {0xd07340, 0xc0008a8b70}, {0xcf7480, 0xc0005e4480})
	D:/Go/src/6.824/src/labrpc/labrpc.go:112 +0x26e
6.824/kvraft.(*Clerk).Execute.func1(0x0, {0x3, {0xd41d72, 0x2}, {0xc000592084, 0xa}, 0x6f5bb575, 0x104})
	D:/Go/src/6.824/src/kvraft/client.go:47 +0x11f
created by 6.824/kvraft.(*Clerk).Execute
	D:/Go/src/6.824/src/kvraft/client.go:45 +0x1b2

goroutine 331603 [chan receive]:
6.824/labrpc.(*ClientEnd).Call(0xc0002f32e0, {0xd349f9, 0xc000f3bf50}, {0xd07340, 0xc000c71ce0}, {0xcf7480, 0xc000596420})
	D:/Go/src/6.824/src/labrpc/labrpc.go:112 +0x26e
6.824/kvraft.(*Clerk).Execute.func1(0x4, {0x3, {0xd3cd67, 0x1}, {0xc00099b233, 0x9}, 0xc02a941, 0xfd})
	D:/Go/src/6.824/src/kvraft/client.go:47 +0x11f
created by 6.824/kvraft.(*Clerk).Execute
	D:/Go/src/6.824/src/kvraft/client.go:45 +0x1b2

goroutine 101065 [select]:
6.824/labrpc.MakeNetwork.func1()
	D:/Go/src/6.824/src/labrpc/labrpc.go:153 +0xbe
created by 6.824/labrpc.MakeNetwork
	D:/Go/src/6.824/src/labrpc/labrpc.go:151 +0x17b

goroutine 331692 [runnable]:
6.824/raft.(*Raft).sendMsg·dwrap·13()
	D:/Go/src/6.824/src/raft/raft.go:296
runtime.goexit()
	D:/ProgramFiles/Go/src/runtime/asm_amd64.s:1581 +0x1
created by 6.824/raft.(*Raft).sendMsg
	D:/Go/src/6.824/src/raft/raft.go:296 +0x44f

goroutine 229181 [select]:
6.824/kvraft.(*Clerk).Execute(0xc0004ecb80, 0xc0004a3c70, 0xc0004a3c58)
	D:/Go/src/6.824/src/kvraft/client.go:52 +0x219
6.824/kvraft.(*Clerk).Get(0xc0004a3cd8, {0xd3cd6c, 0x9})
	D:/Go/src/6.824/src/kvraft/client.go:74 +0x127
6.824/kvraft.Get(0xc0000a60c0, 0x2, {0xd3cd6c, 0x1}, 0xc000558780, 0x6)
	D:/Go/src/6.824/src/kvraft/test_test.go:43 +0xbb
6.824/kvraft.GenericTest.func1(0x6, 0xc000242db0, 0xc000174000)
	D:/Go/src/6.824/src/kvraft/test_test.go:284 +0x3e5
6.824/kvraft.run_client(0xc0002cab00, 0xc0000a60c0, 0x28a, 0xc000406120, 0xc000250aa0)
	D:/Go/src/6.824/src/kvraft/test_test.go:103 +0xe4
created by 6.824/kvraft.spawn_clients_and_wait
	D:/Go/src/6.824/src/kvraft/test_test.go:113 +0x51

goroutine 331495 [semacquire]:
sync.runtime_SemacquireMutex(0xc000d21e50, 0x93, 0xe)
	D:/ProgramFiles/Go/src/runtime/sema.go:71 +0x25
sync.(*Mutex).lockSlow(0xc00014c870)
	D:/ProgramFiles/Go/src/sync/mutex.go:138 +0x165
sync.(*Mutex).Lock(...)
	D:/ProgramFiles/Go/src/sync/mutex.go:81
6.824/raft.(*Raft).lock(...)
	D:/Go/src/6.824/src/raft/raft.go:468
6.824/raft.(*Raft).receiveAppendReplay(0xc00014c870, 0x1, 0x3, 0xc00031ce20)
	D:/Go/src/6.824/src/raft/raft.go:407 +0x5d
6.824/raft.(*Raft).sendMsg.func1(0x1)
	D:/Go/src/6.824/src/raft/raft.go:300 +0xad
created by 6.824/raft.(*Raft).sendMsg
	D:/Go/src/6.824/src/raft/raft.go:296 +0x44f

goroutine 331698 [semacquire]:
sync.runtime_SemacquireMutex(0xc000b05398, 0xbd, 0x60)
	D:/ProgramFiles/Go/src/runtime/sema.go:71 +0x25
sync.(*Mutex).lockSlow(0xc000d24460)
	D:/ProgramFiles/Go/src/sync/mutex.go:138 +0x165
sync.(*Mutex).Lock(...)
	D:/ProgramFiles/Go/src/sync/mutex.go:81
6.824/kvraft.(*KVServer).lock(...)
	D:/Go/src/6.824/src/kvraft/server.go:35
6.824/kvraft.(*KVServer).Do(0xc000d24460, 0xc000e5ca80, 0xc000b3b770)
	D:/Go/src/6.824/src/kvraft/server.go:44 +0x79
reflect.Value.call({0xc000052180, 0xc0002a1158, 0xc000b05b10}, {0xd334cd, 0x4}, {0xc000b05c68, 0x3, 0xc000b05b40})
	D:/ProgramFiles/Go/src/reflect/value.go:543 +0x814
reflect.Value.Call({0xc000052180, 0xc0002a1158, 0xc0006309d8}, {0xc000b05c68, 0x3, 0x3})
	D:/ProgramFiles/Go/src/reflect/value.go:339 +0xc5
6.824/labrpc.(*Service).dispatch(0xc0005a0240, {0xd34a02, 0x2}, {{0xcff740, 0xc000e4cfd0}, {0xd349f9, 0xb}, {0xd82400, 0xd07340}, {0xc000f700b0, ...}, ...})
	D:/Go/src/6.824/src/labrpc/labrpc.go:496 +0x39d
6.824/labrpc.(*Server).dispatch(0xc000b3b6f8, {{0xcff740, 0xc000e4cfd0}, {0xd349f9, 0xb}, {0xd82400, 0xd07340}, {0xc000f700b0, 0x5e, 0xa8}, ...})
	D:/Go/src/6.824/src/labrpc/labrpc.go:420 +0x1fe
6.824/labrpc.(*Network).processReq.func1()
	D:/Go/src/6.824/src/labrpc/labrpc.go:240 +0x58
created by 6.824/labrpc.(*Network).processReq
	D:/Go/src/6.824/src/labrpc/labrpc.go:239 +0x1df

goroutine 331740 [runnable]:
6.824/raft.(*Raft).sendMsg·dwrap·13()
	D:/Go/src/6.824/src/raft/raft.go:296
runtime.goexit()
	D:/ProgramFiles/Go/src/runtime/asm_amd64.s:1581 +0x1
created by 6.824/raft.(*Raft).sendMsg
	D:/Go/src/6.824/src/raft/raft.go:296 +0x44f

goroutine 228255 [sleep]:
time.Sleep(0xee6b280)
	D:/ProgramFiles/Go/src/runtime/time.go:193 +0x133
6.824/raft.(*Raft).electionTicker(0xc00014c1e0)
	D:/Go/src/6.824/src/raft/raft.go:622 +0x95
created by 6.824/raft.Make
	D:/Go/src/6.824/src/raft/raft.go:664 +0x2a7

goroutine 228324 [semacquire]:
sync.runtime_SemacquireMutex(0xc00036a968, 0xfd, 0x0)
	D:/ProgramFiles/Go/src/runtime/sema.go:71 +0x25
sync.(*Mutex).lockSlow(0xc000d24460)
	D:/ProgramFiles/Go/src/sync/mutex.go:138 +0x165
sync.(*Mutex).Lock(...)
	D:/ProgramFiles/Go/src/sync/mutex.go:81
6.824/kvraft.(*KVServer).lock(...)
	D:/Go/src/6.824/src/kvraft/server.go:35
6.824/kvraft.(*KVServer).doExecute(0xc000d24460)
	D:/Go/src/6.824/src/kvraft/server.go:124 +0xb9
created by 6.824/kvraft.StartKVServer
	D:/Go/src/6.824/src/kvraft/server.go:198 +0x207

goroutine 331639 [select]:
6.824/labrpc.(*Network).processReq(0xc0008b6370, {{0xcff740, 0xc000177f60}, {0xd349f9, 0xb}, {0xd82400, 0xd07340}, {0xc000542420, 0x5d, 0xa7}, ...})
	D:/Go/src/6.824/src/labrpc/labrpc.go:251 +0x41c
created by 6.824/labrpc.MakeNetwork.func1
	D:/Go/src/6.824/src/labrpc/labrpc.go:157 +0x3e

goroutine 229208 [select]:
6.824/kvraft.(*Clerk).Execute(0xc0004ece40, 0xc00067bc70, 0xc00067bc58)
	D:/Go/src/6.824/src/kvraft/client.go:52 +0x219
6.824/kvraft.(*Clerk).Get(0xc00067bcd8, {0xd41d80, 0xa})
	D:/Go/src/6.824/src/kvraft/client.go:74 +0x127
6.824/kvraft.Get(0xc0000a60c0, 0x2, {0xd41d80, 0x2}, 0xc000558780, 0x11)
	D:/Go/src/6.824/src/kvraft/test_test.go:43 +0xbb
6.824/kvraft.GenericTest.func1(0x11, 0xc000242fc0, 0xc000174000)
	D:/Go/src/6.824/src/kvraft/test_test.go:284 +0x3e5
6.824/kvraft.run_client(0xc0006a3340, 0xc0000a60c0, 0x28a, 0xc000382480, 0xc000250aa0)
	D:/Go/src/6.824/src/kvraft/test_test.go:103 +0xe4
created by 6.824/kvraft.spawn_clients_and_wait
	D:/Go/src/6.824/src/kvraft/test_test.go:113 +0x51

goroutine 331720 [runnable]:
6.824/raft.(*Raft).sendMsg·dwrap·13()
	D:/Go/src/6.824/src/raft/raft.go:296
runtime.goexit()
	D:/ProgramFiles/Go/src/runtime/asm_amd64.s:1581 +0x1
created by 6.824/raft.(*Raft).sendMsg
	D:/Go/src/6.824/src/raft/raft.go:296 +0x44f

goroutine 331681 [runnable]:
6.824/kvraft.(*KVServer).SnapShot·dwrap·16()
	D:/Go/src/6.824/src/kvraft/server.go:107
runtime.goexit()
	D:/ProgramFiles/Go/src/runtime/asm_amd64.s:1581 +0x1
created by 6.824/kvraft.(*KVServer).SnapShot
	D:/Go/src/6.824/src/kvraft/server.go:107 +0x185

goroutine 331677 [runnable]:
6.824/kvraft.(*KVServer).SnapShot·dwrap·16()
	D:/Go/src/6.824/src/kvraft/server.go:107
runtime.goexit()
	D:/ProgramFiles/Go/src/runtime/asm_amd64.s:1581 +0x1
created by 6.824/kvraft.(*KVServer).SnapShot
	D:/Go/src/6.824/src/kvraft/server.go:107 +0x185

goroutine 331627 [chan receive]:
6.824/labrpc.(*ClientEnd).Call(0xc0002f3be0, {0xd349f9, 0xc000e29fa0}, {0xd07340, 0xc000d1b650}, {0xcf7480, 0xc0006c3f98})
	D:/Go/src/6.824/src/labrpc/labrpc.go:112 +0x26e
6.824/kvraft.(*Clerk).Execute.func1(0x0, {0x3, {0xd41d78, 0x2}, {0xc000688634, 0xa}, 0x9a70a5f1, 0xf8})
	D:/Go/src/6.824/src/kvraft/client.go:47 +0x11f
created by 6.824/kvraft.(*Clerk).Execute
	D:/Go/src/6.824/src/kvraft/client.go:45 +0x1b2

goroutine 229183 [select]:
6.824/kvraft.(*Clerk).Execute(0xc0004ecc00, 0xc0007ddc70, 0xc0007ddc58)
	D:/Go/src/6.824/src/kvraft/client.go:52 +0x219
6.824/kvraft.(*Clerk).Get(0xc0007ddcd8, {0xd3cd6e, 0x9})
	D:/Go/src/6.824/src/kvraft/client.go:74 +0x127
6.824/kvraft.Get(0xc0000a60c0, 0x2, {0xd3cd6e, 0x1}, 0xc000558780, 0x8)
	D:/Go/src/6.824/src/kvraft/test_test.go:43 +0xbb
6.824/kvraft.GenericTest.func1(0x8, 0xc000242e10, 0xc000174000)
	D:/Go/src/6.824/src/kvraft/test_test.go:284 +0x3e5
6.824/kvraft.run_client(0xc0002ca580, 0xc0000a60c0, 0x28a, 0xc000406000, 0xc000250aa0)
	D:/Go/src/6.824/src/kvraft/test_test.go:103 +0xe4
created by 6.824/kvraft.spawn_clients_and_wait
	D:/Go/src/6.824/src/kvraft/test_test.go:113 +0x51

goroutine 331501 [chan receive]:
6.824/labrpc.(*ClientEnd).Call(0xc0002f3820, {0xd349f9, 0xc0017b1fa0}, {0xd07340, 0xc000934f90}, {0xcf7480, 0xc000b0f338})
	D:/Go/src/6.824/src/labrpc/labrpc.go:112 +0x26e
6.824/kvraft.(*Clerk).Execute.func1(0x1, {0x1, {0xd3cd6e, 0x1}, {0x0, 0x0}, 0xcf7ae8c8, 0xf6})
	D:/Go/src/6.824/src/kvraft/client.go:47 +0x11f
created by 6.824/kvraft.(*Clerk).Execute
	D:/Go/src/6.824/src/kvraft/client.go:45 +0x1b2

goroutine 331673 [select]:
6.824/kvraft.(*KVServer).Do(0xc000d24460, 0xc000921740, 0xc0005c8d20)
	D:/Go/src/6.824/src/kvraft/server.go:71 +0x2f4
reflect.Value.call({0xc000052180, 0xc0002a1158, 0xc00089db10}, {0xd334cd, 0x4}, {0xc00089dc68, 0x3, 0xc00089db40})
	D:/ProgramFiles/Go/src/reflect/value.go:543 +0x814
reflect.Value.Call({0xc000052180, 0xc0002a1158, 0xc000006868}, {0xc00089dc68, 0x3, 0x3})
	D:/ProgramFiles/Go/src/reflect/value.go:339 +0xc5
6.824/labrpc.(*Service).dispatch(0xc0005a0240, {0xd34a02, 0x2}, {{0xcff740, 0xc000e4d250}, {0xd349f9, 0xb}, {0xd82400, 0xd07340}, {0xc000489340, ...}, ...})
	D:/Go/src/6.824/src/labrpc/labrpc.go:496 +0x39d
6.824/labrpc.(*Server).dispatch(0xc000b3b6f8, {{0xcff740, 0xc000e4d250}, {0xd349f9, 0xb}, {0xd82400, 0xd07340}, {0xc000489340, 0x5e, 0xa8}, ...})
	D:/Go/src/6.824/src/labrpc/labrpc.go:420 +0x1fe
6.824/labrpc.(*Network).processReq.func1()
	D:/Go/src/6.824/src/labrpc/labrpc.go:240 +0x58
created by 6.824/labrpc.(*Network).processReq
	D:/Go/src/6.824/src/labrpc/labrpc.go:239 +0x1df

goroutine 331714 [runnable]:
6.824/raft.(*Raft).sendMsg·dwrap·13()
	D:/Go/src/6.824/src/raft/raft.go:296
runtime.goexit()
	D:/ProgramFiles/Go/src/runtime/asm_amd64.s:1581 +0x1
created by 6.824/raft.(*Raft).sendMsg
	D:/Go/src/6.824/src/raft/raft.go:296 +0x44f

goroutine 331585 [chan receive]:
6.824/labrpc.(*ClientEnd).Call(0xc0002f3520, {0xd349f9, 0xc00120ede0}, {0xd07340, 0xc000c71aa0}, {0xcf7480, 0xc000596318})
	D:/Go/src/6.824/src/labrpc/labrpc.go:112 +0x26e
6.824/kvraft.(*Clerk).Execute.func1(0x1, {0x3, {0xd3cd6a, 0x1}, {0xc000327413, 0x9}, 0xfe1df851, 0x105})
	D:/Go/src/6.824/src/kvraft/client.go:47 +0x11f
created by 6.824/kvraft.(*Clerk).Execute
	D:/Go/src/6.824/src/kvraft/client.go:45 +0x1b2

goroutine 229202 [semacquire]:
6.824/kvraft.(*Clerk).Execute(0xc0004eccc0, 0xc0004a5c70, 0xc0004a5c58)
	D:/Go/src/6.824/src/kvraft/client.go:44 +0x8a
6.824/kvraft.(*Clerk).Get(0xc0004a5cd8, {0xd41d74, 0xa})
	D:/Go/src/6.824/src/kvraft/client.go:74 +0x127
6.824/kvraft.Get(0xc0000a60c0, 0x2, {0xd41d74, 0x2}, 0xc000558780, 0xb)
	D:/Go/src/6.824/src/kvraft/test_test.go:43 +0xbb
6.824/kvraft.GenericTest.func1(0xb, 0xc000242ea0, 0xc000174000)
	D:/Go/src/6.824/src/kvraft/test_test.go:284 +0x3e5
6.824/kvraft.run_client(0xccbc52, 0xc0000a60c0, 0xc0002fc4e0, 0x4, 0xc000250aa0)
	D:/Go/src/6.824/src/kvraft/test_test.go:103 +0xe4
created by 6.824/kvraft.spawn_clients_and_wait
	D:/Go/src/6.824/src/kvraft/test_test.go:113 +0x51

goroutine 228343 [sleep]:
time.Sleep(0x4c4b400)
	D:/ProgramFiles/Go/src/runtime/time.go:193 +0x133
6.824/raft.(*Raft).heartTicker(0xc00014c870, 0xc0008b6370)
	D:/Go/src/6.824/src/raft/raft.go:610 +0x4f
created by 6.824/raft.(*Raft).BeLeader
	D:/Go/src/6.824/src/raft/raft.go:602 +0xcf

goroutine 331616 [select]:
6.824/labrpc.(*Network).processReq(0xc0008b6370, {{0xcff740, 0xc000d21e30}, {0xd35793, 0xe}, {0xd82400, 0xcf78c0}, {0xc000f9adc0, 0x21d, 0x28a}, ...})
	D:/Go/src/6.824/src/labrpc/labrpc.go:251 +0x41c
created by 6.824/labrpc.MakeNetwork.func1
	D:/Go/src/6.824/src/labrpc/labrpc.go:157 +0x3e

goroutine 229207 [select]:
6.824/kvraft.(*Clerk).Execute(0xc0004ece00, 0xc000b33c80, 0xc000b33c68)
	D:/Go/src/6.824/src/kvraft/client.go:52 +0x219
6.824/kvraft.(*Clerk).Append(0xa, {0xd41d7e, 0xc000b33d50}, {0xc000688344, 0x3})
	D:/Go/src/6.824/src/kvraft/client.go:103 +0x150
6.824/kvraft.Append(0xc0000a60c0, 0x2, {0xd41d7e, 0x2}, {0xc000688344, 0xa}, 0xc000558780, 0x10)
	D:/Go/src/6.824/src/kvraft/test_test.go:77 +0xd5
6.824/kvraft.GenericTest.func1(0x10, 0xc000242f90, 0xc000174000)
	D:/Go/src/6.824/src/kvraft/test_test.go:272 +0x587
6.824/kvraft.run_client(0xc00014c870, 0xc0000a60c0, 0xc000e94000, 0x635b, 0xc000250aa0)
	D:/Go/src/6.824/src/kvraft/test_test.go:103 +0xe4
created by 6.824/kvraft.spawn_clients_and_wait
	D:/Go/src/6.824/src/kvraft/test_test.go:113 +0x51

goroutine 331733 [runnable]:
6.824/raft.(*Raft).sendMsg·dwrap·13()
	D:/Go/src/6.824/src/raft/raft.go:296
runtime.goexit()
	D:/ProgramFiles/Go/src/runtime/asm_amd64.s:1581 +0x1
created by 6.824/raft.(*Raft).sendMsg
	D:/Go/src/6.824/src/raft/raft.go:296 +0x44f

goroutine 331634 [semacquire]:
6.824/labrpc.(*Network).processReq(0xc0008b6370, {{0xcff740, 0xc000d21e30}, {0xd35793, 0xe}, {0xd82400, 0xcf78c0}, {0xc0004f6e00, 0x294, 0x64a}, ...})
	D:/Go/src/6.824/src/labrpc/labrpc.go:238 +0x12d
created by 6.824/labrpc.MakeNetwork.func1
	D:/Go/src/6.824/src/labrpc/labrpc.go:157 +0x3e

goroutine 331614 [select]:
6.824/labrpc.(*Network).processReq(0xc0008b6370, {{0xcff740, 0xc000d21e30}, {0xd35793, 0xe}, {0xd82400, 0xcf78c0}, {0xc0008e5800, 0x2c3, 0x679}, ...})
	D:/Go/src/6.824/src/labrpc/labrpc.go:251 +0x41c
created by 6.824/labrpc.MakeNetwork.func1
	D:/Go/src/6.824/src/labrpc/labrpc.go:157 +0x3e

goroutine 331581 [semacquire]:
sync.runtime_SemacquireMutex(0xc000d21e70, 0x93, 0xe)
	D:/ProgramFiles/Go/src/runtime/sema.go:71 +0x25
sync.(*Mutex).lockSlow(0xc00014c870)
	D:/ProgramFiles/Go/src/sync/mutex.go:138 +0x165
sync.(*Mutex).Lock(...)
	D:/ProgramFiles/Go/src/sync/mutex.go:81
6.824/raft.(*Raft).lock(...)
	D:/Go/src/6.824/src/raft/raft.go:468
6.824/raft.(*Raft).receiveAppendReplay(0xc00014c870, 0x2, 0x3, 0xc0003f13d0)
	D:/Go/src/6.824/src/raft/raft.go:407 +0x5d
6.824/raft.(*Raft).sendMsg.func1(0x2)
	D:/Go/src/6.824/src/raft/raft.go:300 +0xad
created by 6.824/raft.(*Raft).sendMsg
	D:/Go/src/6.824/src/raft/raft.go:296 +0x44f

goroutine 229205 [select]:
6.824/kvraft.(*Clerk).Execute(0xc0004ecd80, 0xc000b35c70, 0xc000b35c58)
	D:/Go/src/6.824/src/kvraft/client.go:52 +0x219
6.824/kvraft.(*Clerk).Get(0xc000b35cd8, {0xd41d7a, 0xa})
	D:/Go/src/6.824/src/kvraft/client.go:74 +0x127
6.824/kvraft.Get(0xc0000a60c0, 0x2, {0xd41d7a, 0x2}, 0xc000558780, 0xe)
	D:/Go/src/6.824/src/kvraft/test_test.go:43 +0xbb
6.824/kvraft.GenericTest.func1(0xe, 0xc000242f30, 0xc000174000)
	D:/Go/src/6.824/src/kvraft/test_test.go:284 +0x3e5
6.824/kvraft.run_client(0xc00069ec30, 0xc0000a60c0, 0xc000b35fd0, 0xccb20d, 0xc000250aa0)
	D:/Go/src/6.824/src/kvraft/test_test.go:103 +0xe4
created by 6.824/kvraft.spawn_clients_and_wait
	D:/Go/src/6.824/src/kvraft/test_test.go:113 +0x51

goroutine 331693 [runnable]:
6.824/raft.(*Raft).sendMsg·dwrap·13()
	D:/Go/src/6.824/src/raft/raft.go:296
runtime.goexit()
	D:/ProgramFiles/Go/src/runtime/asm_amd64.s:1581 +0x1
created by 6.824/raft.(*Raft).sendMsg
	D:/Go/src/6.824/src/raft/raft.go:296 +0x44f

goroutine 331538 [select]:
6.824/labrpc.(*Network).processReq(0xc0008b6370, {{0xcff740, 0xc000e4c4e0}, {0xd349f9, 0xb}, {0xd82400, 0xd07340}, {0xc00001c900, 0x68, 0xb2}, ...})
	D:/Go/src/6.824/src/labrpc/labrpc.go:251 +0x41c
created by 6.824/labrpc.MakeNetwork.func1
	D:/Go/src/6.824/src/labrpc/labrpc.go:157 +0x3e

goroutine 331717 [runnable]:
6.824/raft.(*Raft).sendMsg·dwrap·13()
	D:/Go/src/6.824/src/raft/raft.go:296
runtime.goexit()
	D:/ProgramFiles/Go/src/runtime/asm_amd64.s:1581 +0x1
created by 6.824/raft.(*Raft).sendMsg
	D:/Go/src/6.824/src/raft/raft.go:296 +0x44f

goroutine 331382 [semacquire]:
sync.runtime_SemacquireMutex(0xc000d21e30, 0x93, 0xe)
	D:/ProgramFiles/Go/src/runtime/sema.go:71 +0x25
sync.(*Mutex).lockSlow(0xc00014c870)
	D:/ProgramFiles/Go/src/sync/mutex.go:138 +0x165
sync.(*Mutex).Lock(...)
	D:/ProgramFiles/Go/src/sync/mutex.go:81
6.824/raft.(*Raft).lock(...)
	D:/Go/src/6.824/src/raft/raft.go:468
6.824/raft.(*Raft).receiveAppendReplay(0xc00014c870, 0x0, 0x3, 0xc000dec1d0)
	D:/Go/src/6.824/src/raft/raft.go:407 +0x5d
6.824/raft.(*Raft).sendMsg.func1(0x0)
	D:/Go/src/6.824/src/raft/raft.go:300 +0xad
created by 6.824/raft.(*Raft).sendMsg
	D:/Go/src/6.824/src/raft/raft.go:296 +0x44f

goroutine 331621 [select]:
6.824/labrpc.(*Network).processReq(0xc0008b6370, {{0xcff740, 0xc000e4d120}, {0xd349f9, 0xb}, {0xd82400, 0xd07340}, {0xc0003a60c0, 0x6a, 0xb4}, ...})
	D:/Go/src/6.824/src/labrpc/labrpc.go:251 +0x41c
created by 6.824/labrpc.MakeNetwork.func1
	D:/Go/src/6.824/src/labrpc/labrpc.go:157 +0x3e

goroutine 331730 [runnable]:
6.824/raft.(*Raft).sendMsg·dwrap·13()
	D:/Go/src/6.824/src/raft/raft.go:296
runtime.goexit()
	D:/ProgramFiles/Go/src/runtime/asm_amd64.s:1581 +0x1
created by 6.824/raft.(*Raft).sendMsg
	D:/Go/src/6.824/src/raft/raft.go:296 +0x44f

goroutine 331731 [runnable]:
6.824/raft.(*Raft).sendMsg·dwrap·13()
	D:/Go/src/6.824/src/raft/raft.go:296
runtime.goexit()
	D:/ProgramFiles/Go/src/runtime/asm_amd64.s:1581 +0x1
created by 6.824/raft.(*Raft).sendMsg
	D:/Go/src/6.824/src/raft/raft.go:296 +0x44f

goroutine 331739 [runnable]:
6.824/raft.(*Raft).sendMsg·dwrap·13()
	D:/Go/src/6.824/src/raft/raft.go:296
runtime.goexit()
	D:/ProgramFiles/Go/src/runtime/asm_amd64.s:1581 +0x1
created by 6.824/raft.(*Raft).sendMsg
	D:/Go/src/6.824/src/raft/raft.go:296 +0x44f

goroutine 331490 [chan receive]:
6.824/labrpc.(*ClientEnd).Call(0xc0002f3220, {0xd349f9, 0xc001223fa0}, {0xd07340, 0xc000a429f0}, {0xcf7480, 0xc000b0e318})
	D:/Go/src/6.824/src/labrpc/labrpc.go:112 +0x26e
6.824/kvraft.(*Clerk).Execute.func1(0x2, {0x1, {0xd3cd66, 0x1}, {0x0, 0x0}, 0x39a4255a, 0x101})
	D:/Go/src/6.824/src/kvraft/client.go:47 +0x11f
created by 6.824/kvraft.(*Clerk).Execute
	D:/Go/src/6.824/src/kvraft/client.go:45 +0x1b2

goroutine 331651 [chan receive]:
6.824/labrpc.(*ClientEnd).Call(0xc0002f3b20, {0xd349f9, 0xc0009bbfa0}, {0xd07340, 0xc0010e9200}, {0xcf7480, 0xc000cde5e8})
	D:/Go/src/6.824/src/labrpc/labrpc.go:112 +0x26e
6.824/kvraft.(*Clerk).Execute.func1(0x2, {0x1, {0xd41d76, 0x2}, {0x0, 0x0}, 0x512092cb, 0x106})
	D:/Go/src/6.824/src/kvraft/client.go:47 +0x11f
created by 6.824/kvraft.(*Clerk).Execute
	D:/Go/src/6.824/src/kvraft/client.go:45 +0x1b2

goroutine 331660 [select]:
6.824/labrpc.(*Network).processReq(0xc0008b6370, {{0xcff740, 0xc000d21e30}, {0xd35793, 0xe}, {0xd82400, 0xcf78c0}, {0xc000830000, 0x5723, 0x589b}, ...})
	D:/Go/src/6.824/src/labrpc/labrpc.go:251 +0x41c
created by 6.824/labrpc.MakeNetwork.func1
	D:/Go/src/6.824/src/labrpc/labrpc.go:157 +0x3e

goroutine 331637 [semacquire]:
6.824/labrpc.(*Network).processReq(0xc0008b6370, {{0xcff740, 0xc000e4c210}, {0xd349f9, 0xb}, {0xd82400, 0xd07340}, {0xc000542210, 0x5c, 0xa6}, ...})
	D:/Go/src/6.824/src/labrpc/labrpc.go:238 +0x12d
created by 6.824/labrpc.MakeNetwork.func1
	D:/Go/src/6.824/src/labrpc/labrpc.go:157 +0x3e

goroutine 228252 [runnable]:
bytes.makeSlice(0xab73)
	D:/ProgramFiles/Go/src/bytes/buffer.go:229 +0x65
bytes.(*Buffer).grow(0xc0009965a0, 0x143)
	D:/ProgramFiles/Go/src/bytes/buffer.go:142 +0x11f
bytes.(*Buffer).Write(0xc0009965a0, {0xc001374006, 0x143, 0x15})
	D:/ProgramFiles/Go/src/bytes/buffer.go:172 +0x66
encoding/gob.(*Encoder).writeMessage(0xc000e4a780, {0xd7a340, 0xc0009965a0}, 0xc000e4a7b8)
	D:/ProgramFiles/Go/src/encoding/gob/encoder.go:82 +0x19c
encoding/gob.(*Encoder).EncodeValue(0xc000e4a780, {0xd0a820, 0xc000e46c90, 0xd0a820})
	D:/ProgramFiles/Go/src/encoding/gob/encoder.go:253 +0x472
encoding/gob.(*Encoder).Encode(0xd0a820, {0xd0a820, 0xc000e46c90})
	D:/ProgramFiles/Go/src/encoding/gob/encoder.go:176 +0xa5
6.824/labgob.(*LabEncoder).Encode(0xc0004cadc8, {0xd0a820, 0xc000e46c90})
	D:/Go/src/6.824/src/labgob/labgob.go:34 +0x45
6.824/kvraft.(*KVServer).SnapShot(0xc000d24050)
	D:/Go/src/6.824/src/kvraft/server.go:105 +0xa5
6.824/kvraft.(*KVServer).doExecute(0xc000d24050)
	D:/Go/src/6.824/src/kvraft/server.go:153 +0x4f6
created by 6.824/kvraft.StartKVServer
	D:/Go/src/6.824/src/kvraft/server.go:198 +0x207

goroutine 331511 [select]:
6.824/labrpc.(*Network).processReq(0xc0008b6370, {{0xcff740, 0xc000e4d3b0}, {0xd349f9, 0xb}, {0xd82400, 0xd07340}, {0xc000489290, 0x5e, 0xa8}, ...})
	D:/Go/src/6.824/src/labrpc/labrpc.go:251 +0x41c
created by 6.824/labrpc.MakeNetwork.func1
	D:/Go/src/6.824/src/labrpc/labrpc.go:157 +0x3e

goroutine 331519 [select]:
6.824/kvraft.(*KVServer).Do(0xc000d24460, 0xc001226000, 0xc0005e49f0)
	D:/Go/src/6.824/src/kvraft/server.go:71 +0x2f4
reflect.Value.call({0xc000052180, 0xc0002a1158, 0xc000357b10}, {0xd334cd, 0x4}, {0xc000357c68, 0x3, 0xc000357b40})
	D:/ProgramFiles/Go/src/reflect/value.go:543 +0x814
reflect.Value.Call({0xc000052180, 0xc0002a1158, 0xc000630588}, {0xc000357c68, 0x3, 0x3})
	D:/ProgramFiles/Go/src/reflect/value.go:339 +0xc5
6.824/labrpc.(*Service).dispatch(0xc0005a0240, {0xd34a02, 0x2}, {{0xcff740, 0xc000e4ca10}, {0xd349f9, 0xb}, {0xd82400, 0xd07340}, {0xc0003a6cc0, ...}, ...})
	D:/Go/src/6.824/src/labrpc/labrpc.go:496 +0x39d
6.824/labrpc.(*Server).dispatch(0xc000b3b6f8, {{0xcff740, 0xc000e4ca10}, {0xd349f9, 0xb}, {0xd82400, 0xd07340}, {0xc0003a6cc0, 0x6a, 0xb4}, ...})
	D:/Go/src/6.824/src/labrpc/labrpc.go:420 +0x1fe
6.824/labrpc.(*Network).processReq.func1()
	D:/Go/src/6.824/src/labrpc/labrpc.go:240 +0x58
created by 6.824/labrpc.(*Network).processReq
	D:/Go/src/6.824/src/labrpc/labrpc.go:239 +0x1df

goroutine 331570 [chan receive]:
6.824/labrpc.(*ClientEnd).Call(0xc0002941c0, {0xd35793, 0xc00014c0f8}, {0xcf78c0, 0xc000f38480}, {0xcf7900, 0xc0003f6bc0})
	D:/Go/src/6.824/src/labrpc/labrpc.go:112 +0x26e
6.824/raft.(*Raft).sendAppendLog(...)
	D:/Go/src/6.824/src/raft/raft.go:455
6.824/raft.(*Raft).sendMsg.func1(0x0)
	D:/Go/src/6.824/src/raft/raft.go:298 +0x90
created by 6.824/raft.(*Raft).sendMsg
	D:/Go/src/6.824/src/raft/raft.go:296 +0x44f

goroutine 331650 [select]:
6.824/kvraft.(*KVServer).Do(0xc000d24460, 0xc0010e9170, 0xc000cde528)
	D:/Go/src/6.824/src/kvraft/server.go:71 +0x2f4
reflect.Value.call({0xc000052180, 0xc0002a1158, 0xc00110db10}, {0xd334cd, 0x4}, {0xc00110dc68, 0x3, 0xc00110db40})
	D:/ProgramFiles/Go/src/reflect/value.go:543 +0x814
reflect.Value.Call({0xc000052180, 0xc0002a1158, 0xc0004ca9c0}, {0xc00110dc68, 0x3, 0x3})
	D:/ProgramFiles/Go/src/reflect/value.go:339 +0xc5
6.824/labrpc.(*Service).dispatch(0xc0005a0240, {0xd34a02, 0x2}, {{0xcff740, 0xc000177b40}, {0xd349f9, 0xb}, {0xd82400, 0xd07340}, {0xc0004886e0, ...}, ...})
	D:/Go/src/6.824/src/labrpc/labrpc.go:496 +0x39d
6.824/labrpc.(*Server).dispatch(0xc000b3b6f8, {{0xcff740, 0xc000177b40}, {0xd349f9, 0xb}, {0xd82400, 0xd07340}, {0xc0004886e0, 0x5d, 0xa7}, ...})
	D:/Go/src/6.824/src/labrpc/labrpc.go:420 +0x1fe
6.824/labrpc.(*Network).processReq.func1()
	D:/Go/src/6.824/src/labrpc/labrpc.go:240 +0x58
created by 6.824/labrpc.(*Network).processReq
	D:/Go/src/6.824/src/labrpc/labrpc.go:239 +0x1df

goroutine 331578 [select]:
6.824/kvraft.(*KVServer).Do(0xc000d24460, 0xc000c70720, 0xc000c698a8)
	D:/Go/src/6.824/src/kvraft/server.go:71 +0x2f4
reflect.Value.call({0xc000052180, 0xc0002a1158, 0xc000617b10}, {0xd334cd, 0x4}, {0xc000617c68, 0x3, 0xc000617b40})
	D:/ProgramFiles/Go/src/reflect/value.go:543 +0x814
reflect.Value.Call({0xc000052180, 0xc0002a1158, 0xc0003d8308}, {0xc000617c68, 0x3, 0x3})
	D:/ProgramFiles/Go/src/reflect/value.go:339 +0xc5
6.824/labrpc.(*Service).dispatch(0xc0005a0240, {0xd34a02, 0x2}, {{0xcff740, 0xc000e4c7b0}, {0xd349f9, 0xb}, {0xd82400, 0xd07340}, {0xc000f70000, ...}, ...})
	D:/Go/src/6.824/src/labrpc/labrpc.go:496 +0x39d
6.824/labrpc.(*Server).dispatch(0xc000b3b6f8, {{0xcff740, 0xc000e4c7b0}, {0xd349f9, 0xb}, {0xd82400, 0xd07340}, {0xc000f70000, 0x5d, 0xa7}, ...})
	D:/Go/src/6.824/src/labrpc/labrpc.go:420 +0x1fe
6.824/labrpc.(*Network).processReq.func1()
	D:/Go/src/6.824/src/labrpc/labrpc.go:240 +0x58
created by 6.824/labrpc.(*Network).processReq
	D:/Go/src/6.824/src/labrpc/labrpc.go:239 +0x1df

goroutine 331640 [select]:
6.824/labrpc.(*Network).processReq(0xc0008b6370, {{0xcff740, 0xc000e4c390}, {0xd349f9, 0xb}, {0xd82400, 0xd07340}, {0xc0004880b0, 0x5d, 0xa7}, ...})
	D:/Go/src/6.824/src/labrpc/labrpc.go:251 +0x41c
created by 6.824/labrpc.MakeNetwork.func1
	D:/Go/src/6.824/src/labrpc/labrpc.go:157 +0x3e

goroutine 331571 [runnable]:
sync.runtime_SemacquireMutex(0xc000d21e50, 0x93, 0xe)
	D:/ProgramFiles/Go/src/runtime/sema.go:71 +0x25
sync.(*Mutex).lockSlow(0xc00014c870)
	D:/ProgramFiles/Go/src/sync/mutex.go:138 +0x165
sync.(*Mutex).Lock(...)
	D:/ProgramFiles/Go/src/sync/mutex.go:81
6.824/raft.(*Raft).lock(...)
	D:/Go/src/6.824/src/raft/raft.go:468
6.824/raft.(*Raft).receiveAppendReplay(0xc00014c870, 0x1, 0x3, 0xc000593fe0)
	D:/Go/src/6.824/src/raft/raft.go:407 +0x5d
6.824/raft.(*Raft).sendMsg.func1(0x1)
	D:/Go/src/6.824/src/raft/raft.go:300 +0xad
created by 6.824/raft.(*Raft).sendMsg
	D:/Go/src/6.824/src/raft/raft.go:296 +0x44f

goroutine 331715 [runnable]:
6.824/raft.(*Raft).sendMsg·dwrap·13()
	D:/Go/src/6.824/src/raft/raft.go:296
runtime.goexit()
	D:/ProgramFiles/Go/src/runtime/asm_amd64.s:1581 +0x1
created by 6.824/raft.(*Raft).sendMsg
	D:/Go/src/6.824/src/raft/raft.go:296 +0x44f

goroutine 331695 [runnable]:
6.824/raft.(*Raft).sendMsg·dwrap·13()
	D:/Go/src/6.824/src/raft/raft.go:296
runtime.goexit()
	D:/ProgramFiles/Go/src/runtime/asm_amd64.s:1581 +0x1
created by 6.824/raft.(*Raft).sendMsg
	D:/Go/src/6.824/src/raft/raft.go:296 +0x44f

goroutine 331649 [select]:
6.824/kvraft.(*KVServer).Do(0xc000d24460, 0xc000743cb0, 0xc000b3b458)
	D:/Go/src/6.824/src/kvraft/server.go:71 +0x2f4
reflect.Value.call({0xc000052180, 0xc0002a1158, 0xc000a77b10}, {0xd334cd, 0x4}, {0xc000a77c68, 0x3, 0xc000a77b40})
	D:/ProgramFiles/Go/src/reflect/value.go:543 +0x814
reflect.Value.Call({0xc000052180, 0xc0002a1158, 0xc0006308b8}, {0xc000a77c68, 0x3, 0x3})
	D:/ProgramFiles/Go/src/reflect/value.go:339 +0xc5
6.824/labrpc.(*Service).dispatch(0xc0005a0240, {0xd34a02, 0x2}, {{0xcff740, 0xc000e4c0c0}, {0xd349f9, 0xb}, {0xd82400, 0xd07340}, {0xc00001ca80, ...}, ...})
	D:/Go/src/6.824/src/labrpc/labrpc.go:496 +0x39d
6.824/labrpc.(*Server).dispatch(0xc000b3b6f8, {{0xcff740, 0xc000e4c0c0}, {0xd349f9, 0xb}, {0xd82400, 0xd07340}, {0xc00001ca80, 0x68, 0xb2}, ...})
	D:/Go/src/6.824/src/labrpc/labrpc.go:420 +0x1fe
6.824/labrpc.(*Network).processReq.func1()
	D:/Go/src/6.824/src/labrpc/labrpc.go:240 +0x58
created by 6.824/labrpc.(*Network).processReq
	D:/Go/src/6.824/src/labrpc/labrpc.go:239 +0x1df

goroutine 331707 [runnable]:
6.824/kvraft.(*KVServer).SnapShot·dwrap·16()
	D:/Go/src/6.824/src/kvraft/server.go:107
runtime.goexit()
	D:/ProgramFiles/Go/src/runtime/asm_amd64.s:1581 +0x1
created by 6.824/kvraft.(*KVServer).SnapShot
	D:/Go/src/6.824/src/kvraft/server.go:107 +0x185

goroutine 331633 [select]:
6.824/labrpc.(*Network).processReq(0xc0008b6370, {{0xcff740, 0xc000177a10}, {0xd349f9, 0xb}, {0xd82400, 0xd07340}, {0xc000488790, 0x5e, 0xa8}, ...})
	D:/Go/src/6.824/src/labrpc/labrpc.go:251 +0x41c
created by 6.824/labrpc.MakeNetwork.func1
	D:/Go/src/6.824/src/labrpc/labrpc.go:157 +0x3e

goroutine 331624 [semacquire]:
sync.runtime_SemacquireMutex(0x4, 0xa0, 0x3)
	D:/ProgramFiles/Go/src/runtime/sema.go:71 +0x25
sync.(*Mutex).lockSlow(0xc00014c000)
	D:/ProgramFiles/Go/src/sync/mutex.go:138 +0x165
sync.(*Mutex).Lock(...)
	D:/ProgramFiles/Go/src/sync/mutex.go:81
6.824/raft.(*Raft).lock(...)
	D:/Go/src/6.824/src/raft/raft.go:468
6.824/raft.(*Raft).AppendLog(0xc00014c000, 0xc000275920, 0xc0003f7b70)
	D:/Go/src/6.824/src/raft/raft.go:326 +0x72
reflect.Value.call({0xc000052300, 0xc0002a0490, 0xc00079bb10}, {0xd334cd, 0x4}, {0xc00079bc68, 0x3, 0xc00079bb40})
	D:/ProgramFiles/Go/src/reflect/value.go:543 +0x814
reflect.Value.Call({0xc000052300, 0xc0002a0490, 0xc000630bf0}, {0xc00079bc68, 0x3, 0x3})
	D:/ProgramFiles/Go/src/reflect/value.go:339 +0xc5
6.824/labrpc.(*Service).dispatch(0xc000166340, {0xd35798, 0x9}, {{0xcff740, 0xc000d21e30}, {0xd35793, 0xe}, {0xd82400, 0xcf78c0}, {0xc000e54000, ...}, ...})
	D:/Go/src/6.824/src/labrpc/labrpc.go:496 +0x39d
6.824/labrpc.(*Server).dispatch(0xc0003fa978, {{0xcff740, 0xc000d21e30}, {0xd35793, 0xe}, {0xd82400, 0xcf78c0}, {0xc000e54000, 0x18e, 0x28a}, ...})
	D:/Go/src/6.824/src/labrpc/labrpc.go:420 +0x1fe
6.824/labrpc.(*Network).processReq.func1()
	D:/Go/src/6.824/src/labrpc/labrpc.go:240 +0x58
created by 6.824/labrpc.(*Network).processReq
	D:/Go/src/6.824/src/labrpc/labrpc.go:239 +0x1df

goroutine 331679 [runnable]:
6.824/kvraft.(*KVServer).SnapShot·dwrap·16()
	D:/Go/src/6.824/src/kvraft/server.go:107
runtime.goexit()
	D:/ProgramFiles/Go/src/runtime/asm_amd64.s:1581 +0x1
created by 6.824/kvraft.(*KVServer).SnapShot
	D:/Go/src/6.824/src/kvraft/server.go:107 +0x185

goroutine 331687 [runnable]:
sync.runtime_SemacquireMutex(0xc000d21e50, 0x93, 0xe)
	D:/ProgramFiles/Go/src/runtime/sema.go:71 +0x25
sync.(*Mutex).lockSlow(0xc00014c870)
	D:/ProgramFiles/Go/src/sync/mutex.go:138 +0x165
sync.(*Mutex).Lock(...)
	D:/ProgramFiles/Go/src/sync/mutex.go:81
6.824/raft.(*Raft).lock(...)
	D:/Go/src/6.824/src/raft/raft.go:468
6.824/raft.(*Raft).receiveAppendReplay(0xc00014c870, 0x1, 0x3, 0xc00031cbf0)
	D:/Go/src/6.824/src/raft/raft.go:407 +0x5d
6.824/raft.(*Raft).sendMsg.func1(0x1)
	D:/Go/src/6.824/src/raft/raft.go:300 +0xad
created by 6.824/raft.(*Raft).sendMsg
	D:/Go/src/6.824/src/raft/raft.go:296 +0x44f

goroutine 228253 [sleep]:
time.Sleep(0x9d5b340)
	D:/ProgramFiles/Go/src/runtime/time.go:193 +0x133
6.824/raft.(*Raft).electionTicker(0xc00014c0f0)
	D:/Go/src/6.824/src/raft/raft.go:622 +0x95
created by 6.824/raft.Make
	D:/Go/src/6.824/src/raft/raft.go:664 +0x2a7

goroutine 331569 [chan receive]:
6.824/labrpc.(*ClientEnd).Call(0xc0002f3460, {0xd349f9, 0xc00154df50}, {0xd07340, 0xc0010e8a80}, {0xcf7480, 0xc000cde000})
	D:/Go/src/6.824/src/labrpc/labrpc.go:112 +0x26e
6.824/kvraft.(*Clerk).Execute.func1(0x3, {0x1, {0xd3cd69, 0x1}, {0x0, 0x0}, 0x7484bdf9, 0x107})
	D:/Go/src/6.824/src/kvraft/client.go:47 +0x11f
created by 6.824/kvraft.(*Clerk).Execute
	D:/Go/src/6.824/src/kvraft/client.go:45 +0x1b2

goroutine 331729 [runnable]:
6.824/raft.(*Raft).sendMsg·dwrap·13()
	D:/Go/src/6.824/src/raft/raft.go:296
runtime.goexit()
	D:/ProgramFiles/Go/src/runtime/asm_amd64.s:1581 +0x1
created by 6.824/raft.(*Raft).sendMsg
	D:/Go/src/6.824/src/raft/raft.go:296 +0x44f

goroutine 331735 [runnable]:
6.824/raft.(*Raft).sendMsg·dwrap·13()
	D:/Go/src/6.824/src/raft/raft.go:296
runtime.goexit()
	D:/ProgramFiles/Go/src/runtime/asm_amd64.s:1581 +0x1
created by 6.824/raft.(*Raft).sendMsg
	D:/Go/src/6.824/src/raft/raft.go:296 +0x44f

goroutine 331579 [chan receive]:
6.824/labrpc.(*ClientEnd).Call(0xc0002941c0, {0xd35793, 0xd82400}, {0xcf78c0, 0xc000db0180}, {0xcf7900, 0xc0003f0eb0})
	D:/Go/src/6.824/src/labrpc/labrpc.go:112 +0x26e
6.824/raft.(*Raft).sendAppendLog(...)
	D:/Go/src/6.824/src/raft/raft.go:455
6.824/raft.(*Raft).sendMsg.func1(0x0)
	D:/Go/src/6.824/src/raft/raft.go:298 +0x90
created by 6.824/raft.(*Raft).sendMsg
	D:/Go/src/6.824/src/raft/raft.go:296 +0x44f

goroutine 331669 [select]:
6.824/kvraft.(*KVServer).Do(0xc000d24460, 0xc000920d20, 0xc0005c8330)
	D:/Go/src/6.824/src/kvraft/server.go:71 +0x2f4
reflect.Value.call({0xc000052180, 0xc0002a1158, 0xc000767b10}, {0xd334cd, 0x4}, {0xc000767c68, 0x3, 0xc000767b40})
	D:/ProgramFiles/Go/src/reflect/value.go:543 +0x814
reflect.Value.Call({0xc000052180, 0xc0002a1158, 0xc0000060b8}, {0xc000767c68, 0x3, 0x3})
	D:/ProgramFiles/Go/src/reflect/value.go:339 +0xc5
6.824/labrpc.(*Service).dispatch(0xc0005a0240, {0xd34a02, 0x2}, {{0xcff740, 0xc000e4ceb0}, {0xd349f9, 0xb}, {0xd82400, 0xd07340}, {0xc000488d10, ...}, ...})
	D:/Go/src/6.824/src/labrpc/labrpc.go:496 +0x39d
6.824/labrpc.(*Server).dispatch(0xc000b3b6f8, {{0xcff740, 0xc000e4ceb0}, {0xd349f9, 0xb}, {0xd82400, 0xd07340}, {0xc000488d10, 0x5d, 0xa7}, ...})
	D:/Go/src/6.824/src/labrpc/labrpc.go:420 +0x1fe
6.824/labrpc.(*Network).processReq.func1()
	D:/Go/src/6.824/src/labrpc/labrpc.go:240 +0x58
created by 6.824/labrpc.(*Network).processReq
	D:/Go/src/6.824/src/labrpc/labrpc.go:239 +0x1df

goroutine 229204 [select]:
6.824/kvraft.(*Clerk).Execute(0xc0004ecd40, 0xc0006b5c80, 0xc0006b5c68)
	D:/Go/src/6.824/src/kvraft/client.go:52 +0x219
6.824/kvraft.(*Clerk).Append(0xa, {0xd41d78, 0xc0006b5d50}, {0xc000688634, 0x3})
	D:/Go/src/6.824/src/kvraft/client.go:103 +0x150
6.824/kvraft.Append(0xc0000a60c0, 0x2, {0xd41d78, 0x2}, {0xc000688634, 0xa}, 0xc000558780, 0xd)
	D:/Go/src/6.824/src/kvraft/test_test.go:77 +0xd5
6.824/kvraft.GenericTest.func1(0xd, 0xc000242f00, 0xc000174000)
	D:/Go/src/6.824/src/kvraft/test_test.go:272 +0x587
6.824/kvraft.run_client(0xc0006a3b80, 0xc0000a60c0, 0x28a, 0xc000382540, 0xc000250aa0)
	D:/Go/src/6.824/src/kvraft/test_test.go:103 +0xe4
created by 6.824/kvraft.spawn_clients_and_wait
	D:/Go/src/6.824/src/kvraft/test_test.go:113 +0x51

goroutine 229177 [select]:
6.824/kvraft.(*Clerk).Execute(0xc0004eca80, 0xc0002adc70, 0xc0002adc58)
	D:/Go/src/6.824/src/kvraft/client.go:52 +0x219
6.824/kvraft.(*Clerk).Get(0xc0002adcd8, {0xd3cd68, 0x9})
	D:/Go/src/6.824/src/kvraft/client.go:74 +0x127
6.824/kvraft.Get(0xc0000a60c0, 0x2, {0xd3cd68, 0x1}, 0xc000558780, 0x2)
	D:/Go/src/6.824/src/kvraft/test_test.go:43 +0xbb
6.824/kvraft.GenericTest.func1(0x2, 0xc000242cf0, 0xc000174000)
	D:/Go/src/6.824/src/kvraft/test_test.go:284 +0x3e5
6.824/kvraft.run_client(0xccbc52, 0xc0000a60c0, 0xc00016e480, 0x6, 0xc000250aa0)
	D:/Go/src/6.824/src/kvraft/test_test.go:103 +0xe4
created by 6.824/kvraft.spawn_clients_and_wait
	D:/Go/src/6.824/src/kvraft/test_test.go:113 +0x51

goroutine 331670 [semacquire]:
sync.runtime_SemacquireMutex(0x4, 0xa0, 0x3)
	D:/ProgramFiles/Go/src/runtime/sema.go:71 +0x25
sync.(*Mutex).lockSlow(0xc00014c000)
	D:/ProgramFiles/Go/src/sync/mutex.go:138 +0x165
sync.(*Mutex).Lock(...)
	D:/ProgramFiles/Go/src/sync/mutex.go:81
6.824/raft.(*Raft).lock(...)
	D:/Go/src/6.824/src/raft/raft.go:468
6.824/raft.(*Raft).AppendLog(0xc00014c000, 0xc000fc46c0, 0xc00099a920)
	D:/Go/src/6.824/src/raft/raft.go:326 +0x72
reflect.Value.call({0xc000052300, 0xc0002a0490, 0xc000791b10}, {0xd334cd, 0x4}, {0xc000791c68, 0x3, 0xc000791b40})
	D:/ProgramFiles/Go/src/reflect/value.go:543 +0x814
reflect.Value.Call({0xc000052300, 0xc0002a0490, 0xc000006638}, {0xc000791c68, 0x3, 0x3})
	D:/ProgramFiles/Go/src/reflect/value.go:339 +0xc5
6.824/labrpc.(*Service).dispatch(0xc000166340, {0xd35798, 0x9}, {{0xcff740, 0xc000d21e30}, {0xd35793, 0xe}, {0xd82400, 0xcf78c0}, {0xc0008e5800, ...}, ...})
	D:/Go/src/6.824/src/labrpc/labrpc.go:496 +0x39d
6.824/labrpc.(*Server).dispatch(0xc0003fa978, {{0xcff740, 0xc000d21e30}, {0xd35793, 0xe}, {0xd82400, 0xcf78c0}, {0xc0008e5800, 0x2c3, 0x679}, ...})
	D:/Go/src/6.824/src/labrpc/labrpc.go:420 +0x1fe
6.824/labrpc.(*Network).processReq.func1()
	D:/Go/src/6.824/src/labrpc/labrpc.go:240 +0x58
created by 6.824/labrpc.(*Network).processReq
	D:/Go/src/6.824/src/labrpc/labrpc.go:239 +0x1df

goroutine 331629 [select]:
6.824/kvraft.(*KVServer).Do(0xc000d24460, 0xc000d1be60, 0xc0007b2330)
	D:/Go/src/6.824/src/kvraft/server.go:71 +0x2f4
reflect.Value.call({0xc000052180, 0xc0002a1158, 0xc000a57b10}, {0xd334cd, 0x4}, {0xc000a57c68, 0x3, 0xc000a57b40})
	D:/ProgramFiles/Go/src/reflect/value.go:543 +0x814
reflect.Value.Call({0xc000052180, 0xc0002a1158, 0xc000631060}, {0xc000a57c68, 0x3, 0x3})
	D:/ProgramFiles/Go/src/reflect/value.go:339 +0xc5
6.824/labrpc.(*Service).dispatch(0xc0005a0240, {0xd34a02, 0x2}, {{0xcff740, 0xc000e4cda0}, {0xd349f9, 0xb}, {0xd82400, 0xd07340}, {0xc0003a6780, ...}, ...})
	D:/Go/src/6.824/src/labrpc/labrpc.go:496 +0x39d
6.824/labrpc.(*Server).dispatch(0xc000b3b6f8, {{0xcff740, 0xc000e4cda0}, {0xd349f9, 0xb}, {0xd82400, 0xd07340}, {0xc0003a6780, 0x69, 0xb3}, ...})
	D:/Go/src/6.824/src/labrpc/labrpc.go:420 +0x1fe
6.824/labrpc.(*Network).processReq.func1()
	D:/Go/src/6.824/src/labrpc/labrpc.go:240 +0x58
created by 6.824/labrpc.(*Network).processReq
	D:/Go/src/6.824/src/labrpc/labrpc.go:239 +0x1df

goroutine 331620 [chan receive]:
6.824/labrpc.(*ClientEnd).Call(0xc0002f3e20, {0xd349f9, 0xc000630ab0}, {0xd07340, 0xc00071b950}, {0xcf7480, 0xc0006c2d08})
	D:/Go/src/6.824/src/labrpc/labrpc.go:112 +0x26e
6.824/kvraft.(*Clerk).Execute.func1(0x1, {0x3, {0xd41d7e, 0x2}, {0xc000688344, 0xa}, 0x25d702de, 0x10b})
	D:/Go/src/6.824/src/kvraft/client.go:47 +0x11f
created by 6.824/kvraft.(*Clerk).Execute
	D:/Go/src/6.824/src/kvraft/client.go:45 +0x1b2

goroutine 331724 [runnable]:
6.824/raft.(*Raft).sendMsg·dwrap·13()
	D:/Go/src/6.824/src/raft/raft.go:296
runtime.goexit()
	D:/ProgramFiles/Go/src/runtime/asm_amd64.s:1581 +0x1
created by 6.824/raft.(*Raft).sendMsg
	D:/Go/src/6.824/src/raft/raft.go:296 +0x44f

goroutine 331622 [select]:
6.824/kvraft.(*KVServer).Do(0xc000d24460, 0xc00071bf20, 0xc0006c3038)
	D:/Go/src/6.824/src/kvraft/server.go:71 +0x2f4
reflect.Value.call({0xc000052180, 0xc0002a1158, 0xc000a4bb10}, {0xd334cd, 0x4}, {0xc000a4bc68, 0x3, 0xc000a4bb40})
	D:/ProgramFiles/Go/src/reflect/value.go:543 +0x814
reflect.Value.Call({0xc000052180, 0xc0002a1158, 0xc000630ac0}, {0xc000a4bc68, 0x3, 0x3})
	D:/ProgramFiles/Go/src/reflect/value.go:339 +0xc5
6.824/labrpc.(*Service).dispatch(0xc0005a0240, {0xd34a02, 0x2}, {{0xcff740, 0xc000e4d120}, {0xd349f9, 0xb}, {0xd82400, 0xd07340}, {0xc0003a60c0, ...}, ...})
	D:/Go/src/6.824/src/labrpc/labrpc.go:496 +0x39d
6.824/labrpc.(*Server).dispatch(0xc000b3b6f8, {{0xcff740, 0xc000e4d120}, {0xd349f9, 0xb}, {0xd82400, 0xd07340}, {0xc0003a60c0, 0x6a, 0xb4}, ...})
	D:/Go/src/6.824/src/labrpc/labrpc.go:420 +0x1fe
6.824/labrpc.(*Network).processReq.func1()
	D:/Go/src/6.824/src/labrpc/labrpc.go:240 +0x58
created by 6.824/labrpc.(*Network).processReq
	D:/Go/src/6.824/src/labrpc/labrpc.go:239 +0x1df

goroutine 331486 [semacquire]:
sync.runtime_SemacquireMutex(0xc000d21e70, 0x93, 0xe)
	D:/ProgramFiles/Go/src/runtime/sema.go:71 +0x25
sync.(*Mutex).lockSlow(0xc00014c870)
	D:/ProgramFiles/Go/src/sync/mutex.go:138 +0x165
sync.(*Mutex).Lock(...)
	D:/ProgramFiles/Go/src/sync/mutex.go:81
6.824/raft.(*Raft).lock(...)
	D:/Go/src/6.824/src/raft/raft.go:468
6.824/raft.(*Raft).receiveAppendReplay(0xc00014c870, 0x2, 0x3, 0xc000a586d0)
	D:/Go/src/6.824/src/raft/raft.go:407 +0x5d
6.824/raft.(*Raft).sendMsg.func1(0x2)
	D:/Go/src/6.824/src/raft/raft.go:300 +0xad
created by 6.824/raft.(*Raft).sendMsg
	D:/Go/src/6.824/src/raft/raft.go:296 +0x44f

goroutine 331559 [semacquire]:
sync.runtime_SemacquireMutex(0x4, 0xa0, 0x3)
	D:/ProgramFiles/Go/src/runtime/sema.go:71 +0x25
sync.(*Mutex).lockSlow(0xc00014c000)
	D:/ProgramFiles/Go/src/sync/mutex.go:138 +0x165
sync.(*Mutex).Lock(...)
	D:/ProgramFiles/Go/src/sync/mutex.go:81
6.824/raft.(*Raft).lock(...)
	D:/Go/src/6.824/src/raft/raft.go:468
6.824/raft.(*Raft).AppendLog(0xc00014c000, 0xc000398a80, 0xc000326670)
	D:/Go/src/6.824/src/raft/raft.go:326 +0x72
reflect.Value.call({0xc000052300, 0xc0002a0490, 0xc000529b10}, {0xd334cd, 0x4}, {0xc000529c68, 0x3, 0xc000529b40})
	D:/ProgramFiles/Go/src/reflect/value.go:543 +0x814
reflect.Value.Call({0xc000052300, 0xc0002a0490, 0xc0004ca020}, {0xc000529c68, 0x3, 0x3})
	D:/ProgramFiles/Go/src/reflect/value.go:339 +0xc5
6.824/labrpc.(*Service).dispatch(0xc000166340, {0xd35798, 0x9}, {{0xcff740, 0xc000d21e30}, {0xd35793, 0xe}, {0xd82400, 0xcf78c0}, {0xc00054e000, ...}, ...})
	D:/Go/src/6.824/src/labrpc/labrpc.go:496 +0x39d
6.824/labrpc.(*Server).dispatch(0xc0003fa978, {{0xcff740, 0xc000d21e30}, {0xd35793, 0xe}, {0xd82400, 0xcf78c0}, {0xc00054e000, 0x294, 0x64a}, ...})
	D:/Go/src/6.824/src/labrpc/labrpc.go:420 +0x1fe
6.824/labrpc.(*Network).processReq.func1()
	D:/Go/src/6.824/src/labrpc/labrpc.go:240 +0x58
created by 6.824/labrpc.(*Network).processReq
	D:/Go/src/6.824/src/labrpc/labrpc.go:239 +0x1df

goroutine 331688 [runnable]:
sync.runtime_SemacquireMutex(0xc000d21e70, 0x93, 0xe)
	D:/ProgramFiles/Go/src/runtime/sema.go:71 +0x25
sync.(*Mutex).lockSlow(0xc00014c870)
	D:/ProgramFiles/Go/src/sync/mutex.go:138 +0x165
sync.(*Mutex).Lock(...)
	D:/ProgramFiles/Go/src/sync/mutex.go:81
6.824/raft.(*Raft).lock(...)
	D:/Go/src/6.824/src/raft/raft.go:468
6.824/raft.(*Raft).receiveAppendReplay(0xc00014c870, 0x2, 0x3, 0xc00031c390)
	D:/Go/src/6.824/src/raft/raft.go:407 +0x5d
6.824/raft.(*Raft).sendMsg.func1(0x2)
	D:/Go/src/6.824/src/raft/raft.go:300 +0xad
created by 6.824/raft.(*Raft).sendMsg
	D:/Go/src/6.824/src/raft/raft.go:296 +0x44f

goroutine 331668 [select]:
6.824/labrpc.(*Network).processReq(0xc0008b6370, {{0xcff740, 0xc000e4ceb0}, {0xd349f9, 0xb}, {0xd82400, 0xd07340}, {0xc000488d10, 0x5d, 0xa7}, ...})
	D:/Go/src/6.824/src/labrpc/labrpc.go:251 +0x41c
created by 6.824/labrpc.MakeNetwork.func1
	D:/Go/src/6.824/src/labrpc/labrpc.go:157 +0x3e

goroutine 331686 [chan receive]:
6.824/labrpc.(*ClientEnd).Call(0xc0002941c0, {0xd35793, 0xd82400}, {0xcf78c0, 0xc000f38480}, {0xcf7900, 0xc000730ef0})
	D:/Go/src/6.824/src/labrpc/labrpc.go:112 +0x26e
6.824/raft.(*Raft).sendAppendLog(...)
	D:/Go/src/6.824/src/raft/raft.go:455
6.824/raft.(*Raft).sendMsg.func1(0x0)
	D:/Go/src/6.824/src/raft/raft.go:298 +0x90
created by 6.824/raft.(*Raft).sendMsg
	D:/Go/src/6.824/src/raft/raft.go:296 +0x44f

goroutine 331747 [runnable]:
6.824/kvraft.(*KVServer).SnapShot·dwrap·16()
	D:/Go/src/6.824/src/kvraft/server.go:107
runtime.goexit()
	D:/ProgramFiles/Go/src/runtime/asm_amd64.s:1581 +0x1
created by 6.824/kvraft.(*KVServer).SnapShot
	D:/Go/src/6.824/src/kvraft/server.go:107 +0x185

goroutine 228322 [chan receive]:
6.824/kvraft.(*KVServer).doExecute(0xc000d24370)
	D:/Go/src/6.824/src/kvraft/server.go:123 +0x70
created by 6.824/kvraft.StartKVServer
	D:/Go/src/6.824/src/kvraft/server.go:198 +0x207

goroutine 331722 [runnable]:
6.824/raft.(*Raft).sendMsg·dwrap·13()
	D:/Go/src/6.824/src/raft/raft.go:296
runtime.goexit()
	D:/ProgramFiles/Go/src/runtime/asm_amd64.s:1581 +0x1
created by 6.824/raft.(*Raft).sendMsg
	D:/Go/src/6.824/src/raft/raft.go:296 +0x44f

goroutine 331577 [select]:
6.824/labrpc.(*Network).processReq(0xc0008b6370, {{0xcff740, 0xc000e4c7b0}, {0xd349f9, 0xb}, {0xd82400, 0xd07340}, {0xc000f70000, 0x5d, 0xa7}, ...})
	D:/Go/src/6.824/src/labrpc/labrpc.go:251 +0x41c
created by 6.824/labrpc.MakeNetwork.func1
	D:/Go/src/6.824/src/labrpc/labrpc.go:157 +0x3e

goroutine 229185 [select]:
6.824/kvraft.(*Clerk).Execute(0xc0004ecc80, 0xc000acfc80, 0xc000acfc68)
	D:/Go/src/6.824/src/kvraft/client.go:52 +0x219
6.824/kvraft.(*Clerk).Append(0xa, {0xd41d72, 0xc000acfd50}, {0xc000592084, 0x3})
	D:/Go/src/6.824/src/kvraft/client.go:103 +0x150
6.824/kvraft.Append(0xc0000a60c0, 0x2, {0xd41d72, 0x2}, {0xc000592084, 0xa}, 0xc000558780, 0xa)
	D:/Go/src/6.824/src/kvraft/test_test.go:77 +0xd5
6.824/kvraft.GenericTest.func1(0xa, 0xc000242e70, 0xc000174000)
	D:/Go/src/6.824/src/kvraft/test_test.go:272 +0x587
6.824/kvraft.run_client(0xccbc52, 0xc0000a60c0, 0xc0000b6780, 0x2, 0xc000250aa0)
	D:/Go/src/6.824/src/kvraft/test_test.go:103 +0xe4
created by 6.824/kvraft.spawn_clients_and_wait
	D:/Go/src/6.824/src/kvraft/test_test.go:113 +0x51

goroutine 331580 [chan receive]:
6.824/labrpc.(*ClientEnd).Call(0xc0002941e0, {0xd35793, 0xcc3065}, {0xcf78c0, 0xc000db0780}, {0xcf7900, 0xc0003f1120})
	D:/Go/src/6.824/src/labrpc/labrpc.go:112 +0x26e
6.824/raft.(*Raft).sendAppendLog(...)
	D:/Go/src/6.824/src/raft/raft.go:455
6.824/raft.(*Raft).sendMsg.func1(0x1)
	D:/Go/src/6.824/src/raft/raft.go:298 +0x90
created by 6.824/raft.(*Raft).sendMsg
	D:/Go/src/6.824/src/raft/raft.go:296 +0x44f

goroutine 331608 [semacquire]:
6.824/labrpc.(*Network).processReq(0xc0008b6370, {{0xcff740, 0xc000177c70}, {0xd349f9, 0xb}, {0xd82400, 0xd07340}, {0xc00001cfc0, 0x67, 0xb1}, ...})
	D:/Go/src/6.824/src/labrpc/labrpc.go:238 +0x12d
created by 6.824/labrpc.MakeNetwork.func1
	D:/Go/src/6.824/src/labrpc/labrpc.go:157 +0x3e

goroutine 331690 [runnable]:
6.824/raft.(*Raft).sendMsg·dwrap·13()
	D:/Go/src/6.824/src/raft/raft.go:296
runtime.goexit()
	D:/ProgramFiles/Go/src/runtime/asm_amd64.s:1581 +0x1
created by 6.824/raft.(*Raft).sendMsg
	D:/Go/src/6.824/src/raft/raft.go:296 +0x44f

goroutine 331617 [runnable]:
6.824/labrpc.(*Network).processReq(0xc0008b6370, {{0xcff740, 0xc000d21e50}, {0xd35793, 0xe}, {0xd82400, 0xcf78c0}, {0xc000589200, 0x48d, 0x843}, ...})
	D:/Go/src/6.824/src/labrpc/labrpc.go:238 +0x12d
created by 6.824/labrpc.MakeNetwork.func1
	D:/Go/src/6.824/src/labrpc/labrpc.go:157 +0x3e

goroutine 228254 [runnable]:
bytes.makeSlice.func1()
	D:/ProgramFiles/Go/src/bytes/buffer.go:224 +0x57
bytes.makeSlice(0xabfd)
	D:/ProgramFiles/Go/src/bytes/buffer.go:229 +0x85
bytes.(*Buffer).grow(0xc000d013b0, 0x145)
	D:/ProgramFiles/Go/src/bytes/buffer.go:142 +0x11f
bytes.(*Buffer).Write(0xc000d013b0, {0xc001398a86, 0x145, 0x15})
	D:/ProgramFiles/Go/src/bytes/buffer.go:172 +0x66
encoding/gob.(*Encoder).writeMessage(0xc000a3c6e0, {0xd7a340, 0xc000d013b0}, 0xc000a3c718)
	D:/ProgramFiles/Go/src/encoding/gob/encoder.go:82 +0x19c
encoding/gob.(*Encoder).EncodeValue(0xc000a3c6e0, {0xd0a820, 0xc000e47aa0, 0xd0a820})
	D:/ProgramFiles/Go/src/encoding/gob/encoder.go:253 +0x472
encoding/gob.(*Encoder).Encode(0xd0a820, {0xd0a820, 0xc000e47aa0})
	D:/ProgramFiles/Go/src/encoding/gob/encoder.go:176 +0xa5
6.824/labgob.(*LabEncoder).Encode(0xc000631d10, {0xd0a820, 0xc000e47aa0})
	D:/Go/src/6.824/src/labgob/labgob.go:34 +0x45
6.824/kvraft.(*KVServer).SnapShot(0xc000d240f0)
	D:/Go/src/6.824/src/kvraft/server.go:105 +0xa5
6.824/kvraft.(*KVServer).doExecute(0xc000d240f0)
	D:/Go/src/6.824/src/kvraft/server.go:153 +0x4f6
created by 6.824/kvraft.StartKVServer
	D:/Go/src/6.824/src/kvraft/server.go:198 +0x207

goroutine 228340 [sleep]:
time.Sleep(0x4c4b400)
	D:/ProgramFiles/Go/src/runtime/time.go:193 +0x133
6.824/raft.(*Raft).heartTicker(0xc00014c870, 0xc0008b6370)
	D:/Go/src/6.824/src/raft/raft.go:610 +0x4f
created by 6.824/raft.(*Raft).BeLeader
	D:/Go/src/6.824/src/raft/raft.go:602 +0xcf

goroutine 331671 [chan receive]:
6.824/labrpc.(*ClientEnd).Call(0xc0002f3ee0, {0xd349f9, 0xc00040d980}, {0xd07340, 0xc0009212c0}, {0xcf7480, 0xc0005c8a08})
	D:/Go/src/6.824/src/labrpc/labrpc.go:112 +0x26e
6.824/kvraft.(*Clerk).Execute.func1(0x0, {0x1, {0xd41d80, 0x2}, {0x0, 0x0}, 0x4206652c, 0x100})
	D:/Go/src/6.824/src/kvraft/client.go:47 +0x11f
created by 6.824/kvraft.(*Clerk).Execute
	D:/Go/src/6.824/src/kvraft/client.go:45 +0x1b2

goroutine 331685 [semacquire]:
sync.runtime_SemacquireMutex(0x4, 0xa0, 0x3)
	D:/ProgramFiles/Go/src/runtime/sema.go:71 +0x25
sync.(*Mutex).lockSlow(0xc00014c000)
	D:/ProgramFiles/Go/src/sync/mutex.go:138 +0x165
sync.(*Mutex).Lock(...)
	D:/ProgramFiles/Go/src/sync/mutex.go:81
6.824/raft.(*Raft).lock(...)
	D:/Go/src/6.824/src/raft/raft.go:468
6.824/raft.(*Raft).AppendLog(0xc00014c000, 0xc000053e00, 0xc0003f12f0)
	D:/Go/src/6.824/src/raft/raft.go:326 +0x72
reflect.Value.call({0xc000052300, 0xc0002a0490, 0xc000b01b10}, {0xd334cd, 0x4}, {0xc000b01c68, 0x3, 0xc000b01b40})
	D:/ProgramFiles/Go/src/reflect/value.go:543 +0x814
reflect.Value.Call({0xc000052300, 0xc0002a0490, 0xc0003d8520}, {0xc000b01c68, 0x3, 0x3})
	D:/ProgramFiles/Go/src/reflect/value.go:339 +0xc5
6.824/labrpc.(*Service).dispatch(0xc000166340, {0xd35798, 0x9}, {{0xcff740, 0xc000d21e30}, {0xd35793, 0xe}, {0xd82400, 0xcf78c0}, {0xc000f9adc0, ...}, ...})
	D:/Go/src/6.824/src/labrpc/labrpc.go:496 +0x39d
6.824/labrpc.(*Server).dispatch(0xc0003fa978, {{0xcff740, 0xc000d21e30}, {0xd35793, 0xe}, {0xd82400, 0xcf78c0}, {0xc000f9adc0, 0x21d, 0x28a}, ...})
	D:/Go/src/6.824/src/labrpc/labrpc.go:420 +0x1fe
6.824/labrpc.(*Network).processReq.func1()
	D:/Go/src/6.824/src/labrpc/labrpc.go:240 +0x58
created by 6.824/labrpc.(*Network).processReq
	D:/Go/src/6.824/src/labrpc/labrpc.go:239 +0x1df

goroutine 331653 [select]:
6.824/kvraft.(*KVServer).Do(0xc000d24460, 0xc000e5fb90, 0xc0007b3788)
	D:/Go/src/6.824/src/kvraft/server.go:71 +0x2f4
reflect.Value.call({0xc000052180, 0xc0002a1158, 0xc000de1b10}, {0xd334cd, 0x4}, {0xc000de1c68, 0x3, 0xc000de1b40})
	D:/ProgramFiles/Go/src/reflect/value.go:543 +0x814
reflect.Value.Call({0xc000052180, 0xc0002a1158, 0xc000630128}, {0xc000de1c68, 0x3, 0x3})
	D:/ProgramFiles/Go/src/reflect/value.go:339 +0xc5
6.824/labrpc.(*Service).dispatch(0xc0005a0240, {0xd34a02, 0x2}, {{0xcff740, 0xc000e4cc60}, {0xd349f9, 0xb}, {0xd82400, 0xd07340}, {0xc000542580, ...}, ...})
	D:/Go/src/6.824/src/labrpc/labrpc.go:496 +0x39d
6.824/labrpc.(*Server).dispatch(0xc000b3b6f8, {{0xcff740, 0xc000e4cc60}, {0xd349f9, 0xb}, {0xd82400, 0xd07340}, {0xc000542580, 0x5e, 0xa8}, ...})
	D:/Go/src/6.824/src/labrpc/labrpc.go:420 +0x1fe
6.824/labrpc.(*Network).processReq.func1()
	D:/Go/src/6.824/src/labrpc/labrpc.go:240 +0x58
created by 6.824/labrpc.(*Network).processReq
	D:/Go/src/6.824/src/labrpc/labrpc.go:239 +0x1df

goroutine 331520 [chan receive]:
6.824/labrpc.(*ClientEnd).Call(0xc0002941c0, {0xd35793, 0xc00014c0f8}, {0xcf78c0, 0xc000398900}, {0xcf7900, 0xc0003261a0})
	D:/Go/src/6.824/src/labrpc/labrpc.go:112 +0x26e
6.824/raft.(*Raft).sendAppendLog(...)
	D:/Go/src/6.824/src/raft/raft.go:455
6.824/raft.(*Raft).sendMsg.func1(0x0)
	D:/Go/src/6.824/src/raft/raft.go:298 +0x90
created by 6.824/raft.(*Raft).sendMsg
	D:/Go/src/6.824/src/raft/raft.go:296 +0x44f

goroutine 331576 [chan receive]:
6.824/labrpc.(*ClientEnd).Call(0xc0002f38e0, {0xd349f9, 0xc000cc3fd0}, {0xd07340, 0xc000c70120}, {0xcf7480, 0xc000c695c0})
	D:/Go/src/6.824/src/labrpc/labrpc.go:112 +0x26e
6.824/kvraft.(*Clerk).Execute.func1(0x4, {0x1, {0xd3cd6f, 0x1}, {0x0, 0x0}, 0x6fe6005e, 0x100})
	D:/Go/src/6.824/src/kvraft/client.go:47 +0x11f
created by 6.824/kvraft.(*Clerk).Execute
	D:/Go/src/6.824/src/kvraft/client.go:45 +0x1b2

goroutine 331516 [semacquire]:
sync.runtime_SemacquireMutex(0xc000d21e90, 0x93, 0xe)
	D:/ProgramFiles/Go/src/runtime/sema.go:71 +0x25
sync.(*Mutex).lockSlow(0xc00014c870)
	D:/ProgramFiles/Go/src/sync/mutex.go:138 +0x165
sync.(*Mutex).Lock(...)
	D:/ProgramFiles/Go/src/sync/mutex.go:81
6.824/raft.(*Raft).lock(...)
	D:/Go/src/6.824/src/raft/raft.go:468
6.824/raft.(*Raft).receiveAppendReplay(0xc00014c870, 0x3, 0x3, 0xc0003f0670)
	D:/Go/src/6.824/src/raft/raft.go:407 +0x5d
6.824/raft.(*Raft).sendMsg.func1(0x3)
	D:/Go/src/6.824/src/raft/raft.go:300 +0xad
created by 6.824/raft.(*Raft).sendMsg
	D:/Go/src/6.824/src/raft/raft.go:296 +0x44f

goroutine 331746 [runnable]:
6.824/kvraft.(*KVServer).SnapShot·dwrap·16()
	D:/Go/src/6.824/src/kvraft/server.go:107
runtime.goexit()
	D:/ProgramFiles/Go/src/runtime/asm_amd64.s:1581 +0x1
created by 6.824/kvraft.(*KVServer).SnapShot
	D:/Go/src/6.824/src/kvraft/server.go:107 +0x185

goroutine 229174 [chan receive]:
6.824/kvraft.spawn_clients_and_wait(0xc000174000, 0xc0000a60c0, 0x14, 0xc000250aa0)
	D:/Go/src/6.824/src/kvraft/test_test.go:117 +0x185
created by 6.824/kvraft.GenericTest
	D:/Go/src/6.824/src/kvraft/test_test.go:253 +0x6bd

goroutine 331728 [runnable]:
6.824/raft.(*Raft).sendMsg·dwrap·13()
	D:/Go/src/6.824/src/raft/raft.go:296
runtime.goexit()
	D:/ProgramFiles/Go/src/runtime/asm_amd64.s:1581 +0x1
created by 6.824/raft.(*Raft).sendMsg
	D:/Go/src/6.824/src/raft/raft.go:296 +0x44f

goroutine 229210 [select]:
6.824/kvraft.(*Clerk).Execute(0xc0004ec9c0, 0xc000b2fc70, 0xc000b2fc58)
	D:/Go/src/6.824/src/kvraft/client.go:52 +0x219
6.824/kvraft.(*Clerk).Get(0xc000b2fcd8, {0xd41d84, 0xa})
	D:/Go/src/6.824/src/kvraft/client.go:74 +0x127
6.824/kvraft.Get(0xc0000a60c0, 0x2, {0xd41d84, 0x2}, 0xc000558780, 0x13)
	D:/Go/src/6.824/src/kvraft/test_test.go:43 +0xbb
6.824/kvraft.GenericTest.func1(0x13, 0xc000242c60, 0xc000174000)
	D:/Go/src/6.824/src/kvraft/test_test.go:284 +0x3e5
6.824/kvraft.run_client(0xd41d80, 0xc0000a60c0, 0xc0007319c4, 0xa, 0xc000250aa0)
	D:/Go/src/6.824/src/kvraft/test_test.go:103 +0xe4
created by 6.824/kvraft.spawn_clients_and_wait
	D:/Go/src/6.824/src/kvraft/test_test.go:113 +0x51

goroutine 331607 [select]:
6.824/labrpc.(*Network).processReq(0xc0008b6370, {{0xcff740, 0xc000e4cfd0}, {0xd349f9, 0xb}, {0xd82400, 0xd07340}, {0xc000f700b0, 0x5e, 0xa8}, ...})
	D:/Go/src/6.824/src/labrpc/labrpc.go:251 +0x41c
created by 6.824/labrpc.MakeNetwork.func1
	D:/Go/src/6.824/src/labrpc/labrpc.go:157 +0x3e

goroutine 331726 [runnable]:
6.824/raft.(*Raft).sendMsg·dwrap·13()
	D:/Go/src/6.824/src/raft/raft.go:296
runtime.goexit()
	D:/ProgramFiles/Go/src/runtime/asm_amd64.s:1581 +0x1
created by 6.824/raft.(*Raft).sendMsg
	D:/Go/src/6.824/src/raft/raft.go:296 +0x44f

goroutine 228251 [sleep]:
time.Sleep(0xdd40a00)
	D:/ProgramFiles/Go/src/runtime/time.go:193 +0x133
6.824/raft.(*Raft).electionTicker(0xc00014c000)
	D:/Go/src/6.824/src/raft/raft.go:622 +0x95
created by 6.824/raft.Make
	D:/Go/src/6.824/src/raft/raft.go:664 +0x2a7

goroutine 331748 [runnable]:
6.824/kvraft.(*KVServer).SnapShot·dwrap·16()
	D:/Go/src/6.824/src/kvraft/server.go:107
runtime.goexit()
	D:/ProgramFiles/Go/src/runtime/asm_amd64.s:1581 +0x1
created by 6.824/kvraft.(*KVServer).SnapShot
	D:/Go/src/6.824/src/kvraft/server.go:107 +0x185

goroutine 331506 [chan receive]:
6.824/labrpc.(*ClientEnd).Call(0xc000294200, {0xd35793, 0xc00014c788}, {0xcf78c0, 0xc0004d4300}, {0xcf7900, 0xc000327c00})
	D:/Go/src/6.824/src/labrpc/labrpc.go:112 +0x26e
6.824/raft.(*Raft).sendAppendLog(...)
	D:/Go/src/6.824/src/raft/raft.go:455
6.824/raft.(*Raft).sendMsg.func1(0x2)
	D:/Go/src/6.824/src/raft/raft.go:298 +0x90
created by 6.824/raft.(*Raft).sendMsg
	D:/Go/src/6.824/src/raft/raft.go:296 +0x44f

goroutine 331725 [runnable]:
6.824/raft.(*Raft).sendMsg·dwrap·13()
	D:/Go/src/6.824/src/raft/raft.go:296
runtime.goexit()
	D:/ProgramFiles/Go/src/runtime/asm_amd64.s:1581 +0x1
created by 6.824/raft.(*Raft).sendMsg
	D:/Go/src/6.824/src/raft/raft.go:296 +0x44f

goroutine 331737 [runnable]:
6.824/raft.(*Raft).sendMsg·dwrap·13()
	D:/Go/src/6.824/src/raft/raft.go:296
runtime.goexit()
	D:/ProgramFiles/Go/src/runtime/asm_amd64.s:1581 +0x1
created by 6.824/raft.(*Raft).sendMsg
	D:/Go/src/6.824/src/raft/raft.go:296 +0x44f

goroutine 331496 [semacquire]:
sync.runtime_SemacquireMutex(0xc000d21e70, 0x93, 0xe)
	D:/ProgramFiles/Go/src/runtime/sema.go:71 +0x25
sync.(*Mutex).lockSlow(0xc00014c870)
	D:/ProgramFiles/Go/src/sync/mutex.go:138 +0x165
sync.(*Mutex).Lock(...)
	D:/ProgramFiles/Go/src/sync/mutex.go:81
6.824/raft.(*Raft).lock(...)
	D:/Go/src/6.824/src/raft/raft.go:468
6.824/raft.(*Raft).receiveAppendReplay(0xc00014c870, 0x2, 0x3, 0xc00031ce30)
	D:/Go/src/6.824/src/raft/raft.go:407 +0x5d
6.824/raft.(*Raft).sendMsg.func1(0x2)
	D:/Go/src/6.824/src/raft/raft.go:300 +0xad
created by 6.824/raft.(*Raft).sendMsg
	D:/Go/src/6.824/src/raft/raft.go:296 +0x44f

goroutine 331619 [chan receive]:
6.824/labrpc.(*ClientEnd).Call(0xc0002f36a0, {0xd349f9, 0xc0006c9f50}, {0xd07340, 0xc00071b860}, {0xcf7480, 0xc0006c2ba0})
	D:/Go/src/6.824/src/labrpc/labrpc.go:112 +0x26e
6.824/kvraft.(*Clerk).Execute.func1(0x3, {0x1, {0xd3cd6c, 0x1}, {0x0, 0x0}, 0x56b32be9, 0x107})
	D:/Go/src/6.824/src/kvraft/client.go:47 +0x11f
created by 6.824/kvraft.(*Clerk).Execute
	D:/Go/src/6.824/src/kvraft/client.go:45 +0x1b2

goroutine 331659 [select]:
6.824/kvraft.(*KVServer).Do(0xc000d24460, 0xc0010e92f0, 0xc000cdef90)
	D:/Go/src/6.824/src/kvraft/server.go:71 +0x2f4
reflect.Value.call({0xc000052180, 0xc0002a1158, 0xc000a73b10}, {0xd334cd, 0x4}, {0xc000a73c68, 0x3, 0xc000a73b40})
	D:/ProgramFiles/Go/src/reflect/value.go:543 +0x814
reflect.Value.Call({0xc000052180, 0xc0002a1158, 0xc0004ca4f8}, {0xc000a73c68, 0x3, 0x3})
	D:/ProgramFiles/Go/src/reflect/value.go:339 +0xc5
6.824/labrpc.(*Service).dispatch(0xc0005a0240, {0xd34a02, 0x2}, {{0xcff740, 0xc000177e00}, {0xd349f9, 0xb}, {0xd82400, 0xd07340}, {0xc000f70160, ...}, ...})
	D:/Go/src/6.824/src/labrpc/labrpc.go:496 +0x39d
6.824/labrpc.(*Server).dispatch(0xc000b3b6f8, {{0xcff740, 0xc000177e00}, {0xd349f9, 0xb}, {0xd82400, 0xd07340}, {0xc000f70160, 0x5d, 0xa7}, ...})
	D:/Go/src/6.824/src/labrpc/labrpc.go:420 +0x1fe
6.824/labrpc.(*Network).processReq.func1()
	D:/Go/src/6.824/src/labrpc/labrpc.go:240 +0x58
created by 6.824/labrpc.(*Network).processReq
	D:/Go/src/6.824/src/labrpc/labrpc.go:239 +0x1df

goroutine 331546 [chan receive]:
6.824/labrpc.(*ClientEnd).Call(0xc0002f3160, {0xd349f9, 0xc000f31fa0}, {0xd07340, 0xc000e5e660}, {0xcf7480, 0xc0007b2b40})
	D:/Go/src/6.824/src/labrpc/labrpc.go:112 +0x26e
6.824/kvraft.(*Clerk).Execute.func1(0x1, {0x1, {0xd41d84, 0x2}, {0x0, 0x0}, 0xe45c8346, 0x101})
	D:/Go/src/6.824/src/kvraft/client.go:47 +0x11f
created by 6.824/kvraft.(*Clerk).Execute
	D:/Go/src/6.824/src/kvraft/client.go:45 +0x1b2

goroutine 331548 [semacquire]:
sync.runtime_SemacquireMutex(0x4, 0xa0, 0x3)
	D:/ProgramFiles/Go/src/runtime/sema.go:71 +0x25
sync.(*Mutex).lockSlow(0xc00014c000)
	D:/ProgramFiles/Go/src/sync/mutex.go:138 +0x165
sync.(*Mutex).Lock(...)
	D:/ProgramFiles/Go/src/sync/mutex.go:81
6.824/raft.(*Raft).lock(...)
	D:/Go/src/6.824/src/raft/raft.go:468
6.824/raft.(*Raft).AppendLog(0xc00014c000, 0xc0006ba060, 0xc00031d4d0)
	D:/Go/src/6.824/src/raft/raft.go:326 +0x72
reflect.Value.call({0xc000052300, 0xc0002a0490, 0xc00052db10}, {0xd334cd, 0x4}, {0xc00052dc68, 0x3, 0xc00052db40})
	D:/ProgramFiles/Go/src/reflect/value.go:543 +0x814
reflect.Value.Call({0xc000052300, 0xc0002a0490, 0xc0000060b8}, {0xc00052dc68, 0x3, 0x3})
	D:/ProgramFiles/Go/src/reflect/value.go:339 +0xc5
6.824/labrpc.(*Service).dispatch(0xc000166340, {0xd35798, 0x9}, {{0xcff740, 0xc000d21e30}, {0xd35793, 0xe}, {0xd82400, 0xcf78c0}, {0xc000965080, ...}, ...})
	D:/Go/src/6.824/src/labrpc/labrpc.go:496 +0x39d
6.824/labrpc.(*Server).dispatch(0xc0003fa978, {{0xcff740, 0xc000d21e30}, {0xd35793, 0xe}, {0xd82400, 0xcf78c0}, {0xc000965080, 0x257, 0x28a}, ...})
	D:/Go/src/6.824/src/labrpc/labrpc.go:420 +0x1fe
6.824/labrpc.(*Network).processReq.func1()
	D:/Go/src/6.824/src/labrpc/labrpc.go:240 +0x58
created by 6.824/labrpc.(*Network).processReq
	D:/Go/src/6.824/src/labrpc/labrpc.go:239 +0x1df

goroutine 331539 [select]:
6.824/kvraft.(*KVServer).Do(0xc000d24460, 0xc0005f8ba0, 0xc001503ad0)
	D:/Go/src/6.824/src/kvraft/server.go:71 +0x2f4
reflect.Value.call({0xc000052180, 0xc0002a1158, 0xc000353b10}, {0xd334cd, 0x4}, {0xc000353c68, 0x3, 0xc000353b40})
	D:/ProgramFiles/Go/src/reflect/value.go:543 +0x814
reflect.Value.Call({0xc000052180, 0xc0002a1158, 0xc0003d9678}, {0xc000353c68, 0x3, 0x3})
	D:/ProgramFiles/Go/src/reflect/value.go:339 +0xc5
6.824/labrpc.(*Service).dispatch(0xc0005a0240, {0xd34a02, 0x2}, {{0xcff740, 0xc000e4c4e0}, {0xd349f9, 0xb}, {0xd82400, 0xd07340}, {0xc00001c900, ...}, ...})
	D:/Go/src/6.824/src/labrpc/labrpc.go:496 +0x39d
6.824/labrpc.(*Server).dispatch(0xc000b3b6f8, {{0xcff740, 0xc000e4c4e0}, {0xd349f9, 0xb}, {0xd82400, 0xd07340}, {0xc00001c900, 0x68, 0xb2}, ...})
	D:/Go/src/6.824/src/labrpc/labrpc.go:420 +0x1fe
6.824/labrpc.(*Network).processReq.func1()
	D:/Go/src/6.824/src/labrpc/labrpc.go:240 +0x58
created by 6.824/labrpc.(*Network).processReq
	D:/Go/src/6.824/src/labrpc/labrpc.go:239 +0x1df

goroutine 228256 [chan receive]:
6.824/kvraft.(*KVServer).doExecute(0xc000d24190)
	D:/Go/src/6.824/src/kvraft/server.go:123 +0x70
created by 6.824/kvraft.StartKVServer
	D:/Go/src/6.824/src/kvraft/server.go:198 +0x207

goroutine 331694 [runnable]:
6.824/raft.(*Raft).sendMsg·dwrap·13()
	D:/Go/src/6.824/src/raft/raft.go:296
runtime.goexit()
	D:/ProgramFiles/Go/src/runtime/asm_amd64.s:1581 +0x1
created by 6.824/raft.(*Raft).sendMsg
	D:/Go/src/6.824/src/raft/raft.go:296 +0x44f

goroutine 229206 [select]:
6.824/kvraft.(*Clerk).Execute(0xc0004ecdc0, 0xc0005edc70, 0xc0005edc58)
	D:/Go/src/6.824/src/kvraft/client.go:52 +0x219
6.824/kvraft.(*Clerk).Get(0xc0005edcd8, {0xd41d7c, 0xa})
	D:/Go/src/6.824/src/kvraft/client.go:74 +0x127
6.824/kvraft.Get(0xc0000a60c0, 0x2, {0xd41d7c, 0x2}, 0xc000558780, 0xf)
	D:/Go/src/6.824/src/kvraft/test_test.go:43 +0xbb
6.824/kvraft.GenericTest.func1(0xf, 0xc000242f60, 0xc000174000)
	D:/Go/src/6.824/src/kvraft/test_test.go:284 +0x3e5
6.824/kvraft.run_client(0xccbc52, 0xc0000a60c0, 0xc0002fc600, 0xc, 0xc000250aa0)
	D:/Go/src/6.824/src/kvraft/test_test.go:103 +0xe4
created by 6.824/kvraft.spawn_clients_and_wait
	D:/Go/src/6.824/src/kvraft/test_test.go:113 +0x51

goroutine 331721 [runnable]:
6.824/raft.(*Raft).sendMsg·dwrap·13()
	D:/Go/src/6.824/src/raft/raft.go:296
runtime.goexit()
	D:/ProgramFiles/Go/src/runtime/asm_amd64.s:1581 +0x1
created by 6.824/raft.(*Raft).sendMsg
	D:/Go/src/6.824/src/raft/raft.go:296 +0x44f

goroutine 331540 [chan receive]:
6.824/labrpc.(*ClientEnd).Call(0xc0002941c0, {0xd35793, 0xc00014c0f8}, {0xcf78c0, 0xc000ba3740}, {0xcf7900, 0xc00031cd60})
	D:/Go/src/6.824/src/labrpc/labrpc.go:112 +0x26e
6.824/raft.(*Raft).sendAppendLog(...)
	D:/Go/src/6.824/src/raft/raft.go:455
6.824/raft.(*Raft).sendMsg.func1(0x0)
	D:/Go/src/6.824/src/raft/raft.go:298 +0x90
created by 6.824/raft.(*Raft).sendMsg
	D:/Go/src/6.824/src/raft/raft.go:296 +0x44f

goroutine 331628 [select]:
6.824/labrpc.(*Network).processReq(0xc0008b6370, {{0xcff740, 0xc000e4cda0}, {0xd349f9, 0xb}, {0xd82400, 0xd07340}, {0xc0003a6780, 0x69, 0xb3}, ...})
	D:/Go/src/6.824/src/labrpc/labrpc.go:251 +0x41c
created by 6.824/labrpc.MakeNetwork.func1
	D:/Go/src/6.824/src/labrpc/labrpc.go:157 +0x3e

goroutine 331732 [runnable]:
6.824/raft.(*Raft).sendMsg·dwrap·13()
	D:/Go/src/6.824/src/raft/raft.go:296
runtime.goexit()
	D:/ProgramFiles/Go/src/runtime/asm_amd64.s:1581 +0x1
created by 6.824/raft.(*Raft).sendMsg
	D:/Go/src/6.824/src/raft/raft.go:296 +0x44f

goroutine 229179 [select]:
6.824/kvraft.(*Clerk).Execute(0xc0004ecb00, 0xc0004a7c80, 0xc0004a7c68)
	D:/Go/src/6.824/src/kvraft/client.go:52 +0x219
6.824/kvraft.(*Clerk).Append(0x9, {0xd3cd6a, 0xc0004a7d50}, {0xc000327413, 0x3})
	D:/Go/src/6.824/src/kvraft/client.go:103 +0x150
6.824/kvraft.Append(0xc0000a60c0, 0x2, {0xd3cd6a, 0x1}, {0xc000327413, 0x9}, 0xc000558780, 0x4)
	D:/Go/src/6.824/src/kvraft/test_test.go:77 +0xd5
6.824/kvraft.GenericTest.func1(0x4, 0xc000242d50, 0xc000174000)
	D:/Go/src/6.824/src/kvraft/test_test.go:272 +0x587
6.824/kvraft.run_client(0xccbc52, 0xc0000a60c0, 0xc000126900, 0x9, 0xc000250aa0)
	D:/Go/src/6.824/src/kvraft/test_test.go:103 +0xe4
created by 6.824/kvraft.spawn_clients_and_wait
	D:/Go/src/6.824/src/kvraft/test_test.go:113 +0x51

goroutine 331558 [select]:
6.824/labrpc.(*Network).processReq(0xc0008b6370, {{0xcff740, 0xc000d21e30}, {0xd35793, 0xe}, {0xd82400, 0xcf78c0}, {0xc00054e000, 0x294, 0x64a}, ...})
	D:/Go/src/6.824/src/labrpc/labrpc.go:251 +0x41c
created by 6.824/labrpc.MakeNetwork.func1
	D:/Go/src/6.824/src/labrpc/labrpc.go:157 +0x3e

goroutine 331502 [select]:
6.824/labrpc.(*Network).processReq(0xc0008b6370, {{0xcff740, 0xc000e4c600}, {0xd349f9, 0xb}, {0xd82400, 0xd07340}, {0xc000488fd0, 0x5c, 0xa6}, ...})
	D:/Go/src/6.824/src/labrpc/labrpc.go:251 +0x41c
created by 6.824/labrpc.MakeNetwork.func1
	D:/Go/src/6.824/src/labrpc/labrpc.go:157 +0x3e

goroutine 229175 [select]:
6.824/kvraft.(*Clerk).Execute(0xc0004eca00, 0xc00015fc70, 0xc00015fc58)
	D:/Go/src/6.824/src/kvraft/client.go:52 +0x219
6.824/kvraft.(*Clerk).Get(0xc00015fcd8, {0xd3cd66, 0x9})
	D:/Go/src/6.824/src/kvraft/client.go:74 +0x127
6.824/kvraft.Get(0xc0000a60c0, 0x2, {0xd3cd66, 0x1}, 0xc000558780, 0x0)
	D:/Go/src/6.824/src/kvraft/test_test.go:43 +0xbb
6.824/kvraft.GenericTest.func1(0x0, 0xc000242c90, 0xc000174000)
	D:/Go/src/6.824/src/kvraft/test_test.go:284 +0x3e5
6.824/kvraft.run_client(0xc00045c2c0, 0xc0000a60c0, 0xa6, 0xc000293380, 0xc000250aa0)
	D:/Go/src/6.824/src/kvraft/test_test.go:103 +0xe4
created by 6.824/kvraft.spawn_clients_and_wait
	D:/Go/src/6.824/src/kvraft/test_test.go:113 +0x51

goroutine 331545 [chan receive]:
6.824/labrpc.(*ClientEnd).Call(0xc0002f35e0, {0xd349f9, 0xc000839f50}, {0xd07340, 0xc0010e89f0}, {0xcf7480, 0xc0012cff68})
	D:/Go/src/6.824/src/labrpc/labrpc.go:112 +0x26e
6.824/kvraft.(*Clerk).Execute.func1(0x1, {0x1, {0xd3cd6b, 0x1}, {0x0, 0x0}, 0x886a4b20, 0xfb})
	D:/Go/src/6.824/src/kvraft/client.go:47 +0x11f
created by 6.824/kvraft.(*Clerk).Execute
	D:/Go/src/6.824/src/kvraft/client.go:45 +0x1b2

goroutine 228257 [sleep]:
time.Sleep(0x10642ac0)
	D:/ProgramFiles/Go/src/runtime/time.go:193 +0x133
6.824/raft.(*Raft).electionTicker(0xc00014c780)
	D:/Go/src/6.824/src/raft/raft.go:622 +0x95
created by 6.824/raft.Make
	D:/Go/src/6.824/src/raft/raft.go:664 +0x2a7

goroutine 331738 [runnable]:
6.824/raft.(*Raft).sendMsg·dwrap·13()
	D:/Go/src/6.824/src/raft/raft.go:296
runtime.goexit()
	D:/ProgramFiles/Go/src/runtime/asm_amd64.s:1581 +0x1
created by 6.824/raft.(*Raft).sendMsg
	D:/Go/src/6.824/src/raft/raft.go:296 +0x44f

goroutine 331515 [runnable]:
sync.runtime_SemacquireMutex(0xc000d21e70, 0x93, 0xe)
	D:/ProgramFiles/Go/src/runtime/sema.go:71 +0x25
sync.(*Mutex).lockSlow(0xc00014c870)
	D:/ProgramFiles/Go/src/sync/mutex.go:138 +0x165
sync.(*Mutex).Lock(...)
	D:/ProgramFiles/Go/src/sync/mutex.go:81
6.824/raft.(*Raft).lock(...)
	D:/Go/src/6.824/src/raft/raft.go:468
6.824/raft.(*Raft).receiveAppendReplay(0xc00014c870, 0x2, 0x3, 0xc0003f0440)
	D:/Go/src/6.824/src/raft/raft.go:407 +0x5d
6.824/raft.(*Raft).sendMsg.func1(0x2)
	D:/Go/src/6.824/src/raft/raft.go:300 +0xad
created by 6.824/raft.(*Raft).sendMsg
	D:/Go/src/6.824/src/raft/raft.go:296 +0x44f

goroutine 331606 [select]:
6.824/labrpc.(*Network).processReq(0xc0008b6370, {{0xcff740, 0xc000e4c0c0}, {0xd349f9, 0xb}, {0xd82400, 0xd07340}, {0xc00001ca80, 0x68, 0xb2}, ...})
	D:/Go/src/6.824/src/labrpc/labrpc.go:251 +0x41c
created by 6.824/labrpc.MakeNetwork.func1
	D:/Go/src/6.824/src/labrpc/labrpc.go:157 +0x3e

goroutine 331602 [chan receive]:
6.824/labrpc.(*ClientEnd).Call(0xc0002f3d60, {0xd349f9, 0xc000db1d40}, {0xd07340, 0xc000c71bf0}, {0xcf7480, 0xc0005963a8})
	D:/Go/src/6.824/src/labrpc/labrpc.go:112 +0x26e
6.824/kvraft.(*Clerk).Execute.func1(0x4, {0x1, {0xd41d7c, 0x2}, {0x0, 0x0}, 0x42f63c26, 0x109})
	D:/Go/src/6.824/src/kvraft/client.go:47 +0x11f
created by 6.824/kvraft.(*Clerk).Execute
	D:/Go/src/6.824/src/kvraft/client.go:45 +0x1b2

goroutine 331763 [runnable]:
6.824/kvraft.(*KVServer).SnapShot·dwrap·16()
	D:/Go/src/6.824/src/kvraft/server.go:107
runtime.goexit()
	D:/ProgramFiles/Go/src/runtime/asm_amd64.s:1581 +0x1
created by 6.824/kvraft.(*KVServer).SnapShot
	D:/Go/src/6.824/src/kvraft/server.go:107 +0x185

goroutine 331719 [runnable]:
6.824/raft.(*Raft).sendMsg·dwrap·13()
	D:/Go/src/6.824/src/raft/raft.go:296
runtime.goexit()
	D:/ProgramFiles/Go/src/runtime/asm_amd64.s:1581 +0x1
created by 6.824/raft.(*Raft).sendMsg
	D:/Go/src/6.824/src/raft/raft.go:296 +0x44f

goroutine 229203 [select]:
6.824/kvraft.(*Clerk).Execute(0xc0004ecd00, 0xc00076fc70, 0xc00076fc58)
	D:/Go/src/6.824/src/kvraft/client.go:52 +0x219
6.824/kvraft.(*Clerk).Get(0xc00076fcd8, {0xd41d76, 0xa})
	D:/Go/src/6.824/src/kvraft/client.go:74 +0x127
6.824/kvraft.Get(0xc0000a60c0, 0x2, {0xd41d76, 0x2}, 0xc000558780, 0xc)
	D:/Go/src/6.824/src/kvraft/test_test.go:43 +0xbb
6.824/kvraft.GenericTest.func1(0xc, 0xc000242ed0, 0xc000174000)
	D:/Go/src/6.824/src/kvraft/test_test.go:284 +0x3e5
6.824/kvraft.run_client(0xc0004068a0, 0xc0000a60c0, 0xc0002fc4e0, 0x5, 0xc000250aa0)
	D:/Go/src/6.824/src/kvraft/test_test.go:103 +0xe4
created by 6.824/kvraft.spawn_clients_and_wait
	D:/Go/src/6.824/src/kvraft/test_test.go:113 +0x51

goroutine 331572 [semacquire]:
sync.runtime_SemacquireMutex(0xc000d21e70, 0x93, 0xe)
	D:/ProgramFiles/Go/src/runtime/sema.go:71 +0x25
sync.(*Mutex).lockSlow(0xc00014c870)
	D:/ProgramFiles/Go/src/sync/mutex.go:138 +0x165
sync.(*Mutex).Lock(...)
	D:/ProgramFiles/Go/src/sync/mutex.go:81
6.824/raft.(*Raft).lock(...)
	D:/Go/src/6.824/src/raft/raft.go:468
6.824/raft.(*Raft).receiveAppendReplay(0xc00014c870, 0x2, 0x3, 0xc0003f0ca0)
	D:/Go/src/6.824/src/raft/raft.go:407 +0x5d
6.824/raft.(*Raft).sendMsg.func1(0x2)
	D:/Go/src/6.824/src/raft/raft.go:300 +0xad
created by 6.824/raft.(*Raft).sendMsg
	D:/Go/src/6.824/src/raft/raft.go:296 +0x44f

goroutine 229176 [select]:
6.824/kvraft.(*Clerk).Execute(0xc0004eca40, 0xc000349c80, 0xc000349c68)
	D:/Go/src/6.824/src/kvraft/client.go:52 +0x219
6.824/kvraft.(*Clerk).Append(0x9, {0xd3cd67, 0xc000349d50}, {0xc00099b233, 0x3})
	D:/Go/src/6.824/src/kvraft/client.go:103 +0x150
6.824/kvraft.Append(0xc0000a60c0, 0x2, {0xd3cd67, 0x1}, {0xc00099b233, 0x9}, 0xc000558780, 0x1)
	D:/Go/src/6.824/src/kvraft/test_test.go:77 +0xd5
6.824/kvraft.GenericTest.func1(0x1, 0xc000242cc0, 0xc000174000)
	D:/Go/src/6.824/src/kvraft/test_test.go:272 +0x587
6.824/kvraft.run_client(0xc00000ae40, 0xc0000a60c0, 0xc000349fd0, 0xccb20d, 0xc000250aa0)
	D:/Go/src/6.824/src/kvraft/test_test.go:103 +0xe4
created by 6.824/kvraft.spawn_clients_and_wait
	D:/Go/src/6.824/src/kvraft/test_test.go:113 +0x51

goroutine 331718 [runnable]:
6.824/raft.(*Raft).sendMsg·dwrap·13()
	D:/Go/src/6.824/src/raft/raft.go:296
runtime.goexit()
	D:/ProgramFiles/Go/src/runtime/asm_amd64.s:1581 +0x1
created by 6.824/raft.(*Raft).sendMsg
	D:/Go/src/6.824/src/raft/raft.go:296 +0x44f

goroutine 331512 [select]:
6.824/kvraft.(*KVServer).Do(0xc000d24460, 0xc0008a8960, 0xc0005e4300)
	D:/Go/src/6.824/src/kvraft/server.go:71 +0x2f4
reflect.Value.call({0xc000052180, 0xc0002a1158, 0xc001109b10}, {0xd334cd, 0x4}, {0xc001109c68, 0x3, 0xc001109b40})
	D:/ProgramFiles/Go/src/reflect/value.go:543 +0x814
reflect.Value.Call({0xc000052180, 0xc0002a1158, 0xc000630458}, {0xc001109c68, 0x3, 0x3})
	D:/ProgramFiles/Go/src/reflect/value.go:339 +0xc5
6.824/labrpc.(*Service).dispatch(0xc0005a0240, {0xd34a02, 0x2}, {{0xcff740, 0xc000e4d3b0}, {0xd349f9, 0xb}, {0xd82400, 0xd07340}, {0xc000489290, ...}, ...})
	D:/Go/src/6.824/src/labrpc/labrpc.go:496 +0x39d
6.824/labrpc.(*Server).dispatch(0xc000b3b6f8, {{0xcff740, 0xc000e4d3b0}, {0xd349f9, 0xb}, {0xd82400, 0xd07340}, {0xc000489290, 0x5e, 0xa8}, ...})
	D:/Go/src/6.824/src/labrpc/labrpc.go:420 +0x1fe
6.824/labrpc.(*Network).processReq.func1()
	D:/Go/src/6.824/src/labrpc/labrpc.go:240 +0x58
created by 6.824/labrpc.(*Network).processReq
	D:/Go/src/6.824/src/labrpc/labrpc.go:239 +0x1df

goroutine 331741 [runnable]:
6.824/raft.(*Raft).sendMsg·dwrap·13()
	D:/Go/src/6.824/src/raft/raft.go:296
runtime.goexit()
	D:/ProgramFiles/Go/src/runtime/asm_amd64.s:1581 +0x1
created by 6.824/raft.(*Raft).sendMsg
	D:/Go/src/6.824/src/raft/raft.go:296 +0x44f

goroutine 331529 [runnable]:
sync.runtime_SemacquireMutex(0x0, 0x80, 0x10)
	D:/ProgramFiles/Go/src/runtime/sema.go:71 +0x25
sync.(*Mutex).lockSlow(0xc00014c000)
	D:/ProgramFiles/Go/src/sync/mutex.go:138 +0x165
sync.(*Mutex).Lock(...)
	D:/ProgramFiles/Go/src/sync/mutex.go:81
6.824/raft.(*Raft).lock(...)
	D:/Go/src/6.824/src/raft/raft.go:468
6.824/raft.(*Raft).Snapshot(0xc00014c000, 0x2aa9, {0xc0007a0000, 0x55ff, 0xab73})
	D:/Go/src/6.824/src/raft/raft.go:193 +0x6a
created by 6.824/kvraft.(*KVServer).SnapShot
	D:/Go/src/6.824/src/kvraft/server.go:107 +0x185

goroutine 331723 [runnable]:
6.824/raft.(*Raft).sendMsg·dwrap·13()
	D:/Go/src/6.824/src/raft/raft.go:296
runtime.goexit()
	D:/ProgramFiles/Go/src/runtime/asm_amd64.s:1581 +0x1
created by 6.824/raft.(*Raft).sendMsg
	D:/Go/src/6.824/src/raft/raft.go:296 +0x44f

goroutine 331675 [runnable]:
6.824/kvraft.(*KVServer).SnapShot·dwrap·16()
	D:/Go/src/6.824/src/kvraft/server.go:107
runtime.goexit()
	D:/ProgramFiles/Go/src/runtime/asm_amd64.s:1581 +0x1
created by 6.824/kvraft.(*KVServer).SnapShot
	D:/Go/src/6.824/src/kvraft/server.go:107 +0x185

goroutine 331658 [select]:
6.824/labrpc.(*Network).processReq(0xc0008b6370, {{0xcff740, 0xc000177e00}, {0xd349f9, 0xb}, {0xd82400, 0xd07340}, {0xc000f70160, 0x5d, 0xa7}, ...})
	D:/Go/src/6.824/src/labrpc/labrpc.go:251 +0x41c
created by 6.824/labrpc.MakeNetwork.func1
	D:/Go/src/6.824/src/labrpc/labrpc.go:157 +0x3e

goroutine 229178 [select]:
6.824/kvraft.(*Clerk).Execute(0xc0004ecac0, 0xc000e27c70, 0xc000e27c58)
	D:/Go/src/6.824/src/kvraft/client.go:52 +0x219
6.824/kvraft.(*Clerk).Get(0xc000e27cd8, {0xd3cd69, 0x9})
	D:/Go/src/6.824/src/kvraft/client.go:74 +0x127
6.824/kvraft.Get(0xc0000a60c0, 0x2, {0xd3cd69, 0x1}, 0xc000558780, 0x3)
	D:/Go/src/6.824/src/kvraft/test_test.go:43 +0xbb
6.824/kvraft.GenericTest.func1(0x3, 0xc000242d20, 0xc000174000)
	D:/Go/src/6.824/src/kvraft/test_test.go:284 +0x3e5
6.824/kvraft.run_client(0xccbc52, 0xc0000a60c0, 0xc0002fc800, 0x2, 0xc000250aa0)
	D:/Go/src/6.824/src/kvraft/test_test.go:103 +0xe4
created by 6.824/kvraft.spawn_clients_and_wait
	D:/Go/src/6.824/src/kvraft/test_test.go:113 +0x51

goroutine 331513 [chan receive]:
6.824/labrpc.(*ClientEnd).Call(0xc0002941c0, {0xd35793, 0xd82400}, {0xcf78c0, 0xc00164f1a0}, {0xcf7900, 0xc000327d00})
	D:/Go/src/6.824/src/labrpc/labrpc.go:112 +0x26e
6.824/raft.(*Raft).sendAppendLog(...)
	D:/Go/src/6.824/src/raft/raft.go:455
6.824/raft.(*Raft).sendMsg.func1(0x0)
	D:/Go/src/6.824/src/raft/raft.go:298 +0x90
created by 6.824/raft.(*Raft).sendMsg
	D:/Go/src/6.824/src/raft/raft.go:296 +0x44f

goroutine 331680 [runnable]:
6.824/kvraft.(*KVServer).SnapShot·dwrap·16()
	D:/Go/src/6.824/src/kvraft/server.go:107
runtime.goexit()
	D:/ProgramFiles/Go/src/runtime/asm_amd64.s:1581 +0x1
created by 6.824/kvraft.(*KVServer).SnapShot
	D:/Go/src/6.824/src/kvraft/server.go:107 +0x185

goroutine 331623 [select]:
6.824/labrpc.(*Network).processReq(0xc0008b6370, {{0xcff740, 0xc000d21e30}, {0xd35793, 0xe}, {0xd82400, 0xcf78c0}, {0xc000e54000, 0x18e, 0x28a}, ...})
	D:/Go/src/6.824/src/labrpc/labrpc.go:251 +0x41c
created by 6.824/labrpc.MakeNetwork.func1
	D:/Go/src/6.824/src/labrpc/labrpc.go:157 +0x3e

goroutine 331689 [runnable]:
6.824/raft.(*Raft).sendMsg·dwrap·13()
	D:/Go/src/6.824/src/raft/raft.go:296
runtime.goexit()
	D:/ProgramFiles/Go/src/runtime/asm_amd64.s:1581 +0x1
created by 6.824/raft.(*Raft).sendMsg
	D:/Go/src/6.824/src/raft/raft.go:296 +0x44f

goroutine 331652 [select]:
6.824/labrpc.(*Network).processReq(0xc0008b6370, {{0xcff740, 0xc000e4cc60}, {0xd349f9, 0xb}, {0xd82400, 0xd07340}, {0xc000542580, 0x5e, 0xa8}, ...})
	D:/Go/src/6.824/src/labrpc/labrpc.go:251 +0x41c
created by 6.824/labrpc.MakeNetwork.func1
	D:/Go/src/6.824/src/labrpc/labrpc.go:157 +0x3e

goroutine 331674 [runnable]:
6.824/kvraft.(*KVServer).SnapShot·dwrap·16()
	D:/Go/src/6.824/src/kvraft/server.go:107
runtime.goexit()
	D:/ProgramFiles/Go/src/runtime/asm_amd64.s:1581 +0x1
created by 6.824/kvraft.(*KVServer).SnapShot
	D:/Go/src/6.824/src/kvraft/server.go:107 +0x185

goroutine 331503 [select]:
6.824/kvraft.(*KVServer).Do(0xc000d24460, 0xc00084a810, 0xc000b0f5d8)
	D:/Go/src/6.824/src/kvraft/server.go:71 +0x2f4
reflect.Value.call({0xc000052180, 0xc0002a1158, 0xc00088fb10}, {0xd334cd, 0x4}, {0xc00088fc68, 0x3, 0xc00088fb40})
	D:/ProgramFiles/Go/src/reflect/value.go:543 +0x814
reflect.Value.Call({0xc000052180, 0xc0002a1158, 0xc000630068}, {0xc00088fc68, 0x3, 0x3})
	D:/ProgramFiles/Go/src/reflect/value.go:339 +0xc5
6.824/labrpc.(*Service).dispatch(0xc0005a0240, {0xd34a02, 0x2}, {{0xcff740, 0xc000e4c600}, {0xd349f9, 0xb}, {0xd82400, 0xd07340}, {0xc000488fd0, ...}, ...})
	D:/Go/src/6.824/src/labrpc/labrpc.go:496 +0x39d
6.824/labrpc.(*Server).dispatch(0xc000b3b6f8, {{0xcff740, 0xc000e4c600}, {0xd349f9, 0xb}, {0xd82400, 0xd07340}, {0xc000488fd0, 0x5c, 0xa6}, ...})
	D:/Go/src/6.824/src/labrpc/labrpc.go:420 +0x1fe
6.824/labrpc.(*Network).processReq.func1()
	D:/Go/src/6.824/src/labrpc/labrpc.go:240 +0x58
created by 6.824/labrpc.(*Network).processReq
	D:/Go/src/6.824/src/labrpc/labrpc.go:239 +0x1df
exit status 2
FAIL	6.824/kvraft	48.989s
