Test: InstallSnapshot RPC (3B) ...
  ... Passed --   3.8  3  2039   63
Test: snapshot size is reasonable (3B) ...
  ... Passed --   6.5  3  4547  800
Test: ops complete fast enough (3B) ...
  ... Passed --   7.5  3  4909    0
Test: restarts, snapshots, one client (3B) ...
  ... Passed --  19.4  5 16746 2283
Test: restarts, snapshots, many clients (3B) ...
unexpected fault address 0xffffffffffffffff
fatal error: fault
[signal 0xc0000005 code=0x0 addr=0xffffffffffffffff pc=0xed6c3f]

goroutine 169185 [running]:
runtime.throw({0x1033780, 0x16})
	D:/ProgramFiles/Go/src/runtime/panic.go:1198 +0x76 fp=0xc00078f2f0 sp=0xc00078f2c0 pc=0xea8e56
runtime.sigpanic()
	D:/ProgramFiles/Go/src/runtime/signal_windows.go:260 +0x10c fp=0xc00078f338 sp=0xc00078f2f0 pc=0xebd3ac
aeshashbody()
	D:/ProgramFiles/Go/src/runtime/asm_amd64.s:1324 +0x39f fp=0xc00078f340 sp=0xc00078f338 pc=0xed6c3f
runtime.mapaccess1_faststr(0x100a640, 0xc0006f9a40, {0x1d5eee2c00000000, 0xc000546d20})
	D:/ProgramFiles/Go/src/runtime/map_faststr.go:79 +0xa2 fp=0xc00078f3a8 sp=0xc00078f340 pc=0xe82b62
6.824/kvraft.(*KVServer).Do(0xc000865590, 0xc0006428d0, 0xc000c81b00)
	D:/Go/src/6.824/src/kvraft/server.go:53 +0x11a fp=0xc00078f478 sp=0xc00078f3a8 pc=0xfe30da
runtime.call32(0xc000075f50, 0xc00080e008, 0x0, 0x0, 0x0, 0x18, 0xc00078f9b8)
	D:/ProgramFiles/Go/src/runtime/asm_amd64.s:626 +0x50 fp=0xc00078f4a8 sp=0xc00078f478 pc=0xed7c30
runtime.reflectcall(0xff7480, 0xc000c81b00, 0x4, 0x1036bfd, 0x0, 0x12, 0xff7480)
	<autogenerated>:1 +0x3c fp=0xc00078f4e8 sp=0xc00078f4a8 pc=0xedbf3c
reflect.Value.call({0xc000052180, 0xc00080e008, 0xc000639b10}, {0x10334cd, 0x4}, {0xc000639c68, 0x3, 0xc000639b40})
	D:/ProgramFiles/Go/src/reflect/value.go:543 +0x814 fp=0xc00078fad8 sp=0xc00078f4e8 pc=0xf37354
reflect.Value.Call({0xc000052180, 0xc00080e008, 0xc0001cd268}, {0xc000639c68, 0x3, 0x3})
	D:/ProgramFiles/Go/src/reflect/value.go:339 +0xc5 fp=0xc00078fb50 sp=0xc00078fad8 pc=0xf36905
6.824/labrpc.(*Service).dispatch(0xc000208080, {0x1034a02, 0x2}, {{0xfff740, 0xc000164ae0}, {0x10349f9, 0xb}, {0x1082400, 0x1007340}, {0xc000a544d0, ...}, ...})
	D:/Go/src/6.824/src/labrpc/labrpc.go:496 +0x39d fp=0xc00078fdc0 sp=0xc00078fb50 pc=0xfc57bd
6.824/labrpc.(*Server).dispatch(0xc0006fa078, {{0xfff740, 0xc000164ae0}, {0x10349f9, 0xb}, {0x1082400, 0x1007340}, {0xc000a544d0, 0x66, 0xb0}, ...})
	D:/Go/src/6.824/src/labrpc/labrpc.go:420 +0x1fe fp=0xc00078ff50 sp=0xc00078fdc0 pc=0xfc4dde
6.824/labrpc.(*Network).processReq.func1()
	D:/Go/src/6.824/src/labrpc/labrpc.go:240 +0x58 fp=0xc00078ffe0 sp=0xc00078ff50 pc=0xfc3ff8
runtime.goexit()
	D:/ProgramFiles/Go/src/runtime/asm_amd64.s:1581 +0x1 fp=0xc00078ffe8 sp=0xc00078ffe0 pc=0xed99a1
created by 6.824/labrpc.(*Network).processReq
	D:/Go/src/6.824/src/labrpc/labrpc.go:239 +0x1df

goroutine 1 [chan receive]:
testing.(*T).Run(0xc000130340, {0x103b990, 0xedc253}, 0x1049278)
	D:/ProgramFiles/Go/src/testing/testing.go:1307 +0x375
testing.runTests.func1(0xc000130340)
	D:/ProgramFiles/Go/src/testing/testing.go:1598 +0x6e
testing.tRunner(0xc000130340, 0xc00007dd18)
	D:/ProgramFiles/Go/src/testing/testing.go:1259 +0x102
testing.runTests(0xc000138000, {0x1194300, 0x17, 0x17}, {0xefd42d, 0x35961, 0x1197d80})
	D:/ProgramFiles/Go/src/testing/testing.go:1596 +0x43f
testing.(*M).Run(0xc000138000)
	D:/ProgramFiles/Go/src/testing/testing.go:1504 +0x51d
main.main()
	_testmain.go:87 +0x14b

goroutine 103007 [sleep]:
time.Sleep(0x12a05f200)
	D:/ProgramFiles/Go/src/runtime/time.go:193 +0x133
6.824/kvraft.GenericTest(0xc0001821a0, {0x1033258, 0x2}, 0x14, 0x5, 0x0, 0x1, 0x0, 0x3e8, 0x0)
	D:/Go/src/6.824/src/kvraft/test_test.go:298 +0x787
6.824/kvraft.TestSnapshotRecoverManyClients3B(0xc000352000)
	D:/Go/src/6.824/src/kvraft/test_test.go:695 +0x45
testing.tRunner(0xc0001821a0, 0x1049278)
	D:/ProgramFiles/Go/src/testing/testing.go:1259 +0x102
created by testing.(*T).Run
	D:/ProgramFiles/Go/src/testing/testing.go:1306 +0x35a

goroutine 169295 [chan receive]:
6.824/labrpc.(*ClientEnd).Call(0xc000410040, {0x1035793, 0xfc3065}, {0xff78c0, 0xc0003a3380}, {0xff7900, 0xc0003078c0})
	D:/Go/src/6.824/src/labrpc/labrpc.go:112 +0x26e
6.824/raft.(*Raft).sendAppendLog(...)
	D:/Go/src/6.824/src/raft/raft.go:455
6.824/raft.(*Raft).sendMsg.func1(0x2)
	D:/Go/src/6.824/src/raft/raft.go:298 +0x90
created by 6.824/raft.(*Raft).sendMsg
	D:/Go/src/6.824/src/raft/raft.go:296 +0x44f

goroutine 103034 [chan receive]:
6.824/kvraft.(*KVServer).doExecute(0xc000865810)
	D:/Go/src/6.824/src/kvraft/server.go:123 +0x70
created by 6.824/kvraft.StartKVServer
	D:/Go/src/6.824/src/kvraft/server.go:198 +0x207

goroutine 103032 [chan receive]:
6.824/kvraft.(*KVServer).doExecute(0xc000865770)
	D:/Go/src/6.824/src/kvraft/server.go:123 +0x70
created by 6.824/kvraft.StartKVServer
	D:/Go/src/6.824/src/kvraft/server.go:198 +0x207

goroutine 169253 [select]:
6.824/kvraft.(*KVServer).Do(0xc000865590, 0xc000a118f0, 0xc000004d38)
	D:/Go/src/6.824/src/kvraft/server.go:71 +0x2f4
reflect.Value.call({0xc000052180, 0xc00080e008, 0xc000775b10}, {0x10334cd, 0x4}, {0xc000775c68, 0x3, 0xc000775b40})
	D:/ProgramFiles/Go/src/reflect/value.go:543 +0x814
reflect.Value.Call({0xc000052180, 0xc00080e008, 0xc0004bc120}, {0xc000775c68, 0x3, 0x3})
	D:/ProgramFiles/Go/src/reflect/value.go:339 +0xc5
6.824/labrpc.(*Service).dispatch(0xc000208080, {0x1034a02, 0x2}, {{0xfff740, 0xc0001644e0}, {0x10349f9, 0xb}, {0x1082400, 0x1007340}, {0xc00021e0c0, ...}, ...})
	D:/Go/src/6.824/src/labrpc/labrpc.go:496 +0x39d
6.824/labrpc.(*Server).dispatch(0xc0006fa078, {{0xfff740, 0xc0001644e0}, {0x10349f9, 0xb}, {0x1082400, 0x1007340}, {0xc00021e0c0, 0x68, 0xb2}, ...})
	D:/Go/src/6.824/src/labrpc/labrpc.go:420 +0x1fe
6.824/labrpc.(*Network).processReq.func1()
	D:/Go/src/6.824/src/labrpc/labrpc.go:240 +0x58
created by 6.824/labrpc.(*Network).processReq
	D:/Go/src/6.824/src/labrpc/labrpc.go:239 +0x1df

goroutine 169236 [select]:
6.824/kvraft.(*KVServer).Do(0xc000865590, 0xc000a10450, 0xc00069db18)
	D:/Go/src/6.824/src/kvraft/server.go:71 +0x2f4
reflect.Value.call({0xc000052180, 0xc00080e008, 0xc0005a1b10}, {0x10334cd, 0x4}, {0xc0005a1c68, 0x3, 0xc0005a1b40})
	D:/ProgramFiles/Go/src/reflect/value.go:543 +0x814
reflect.Value.Call({0xc000052180, 0xc00080e008, 0xc0004bd620}, {0xc0005a1c68, 0x3, 0x3})
	D:/ProgramFiles/Go/src/reflect/value.go:339 +0xc5
6.824/labrpc.(*Service).dispatch(0xc000208080, {0x1034a02, 0x2}, {{0xfff740, 0xc000164ed0}, {0x10349f9, 0xb}, {0x1082400, 0x1007340}, {0xc000944dc0, ...}, ...})
	D:/Go/src/6.824/src/labrpc/labrpc.go:496 +0x39d
6.824/labrpc.(*Server).dispatch(0xc0006fa078, {{0xfff740, 0xc000164ed0}, {0x10349f9, 0xb}, {0x1082400, 0x1007340}, {0xc000944dc0, 0x5c, 0xa6}, ...})
	D:/Go/src/6.824/src/labrpc/labrpc.go:420 +0x1fe
6.824/labrpc.(*Network).processReq.func1()
	D:/Go/src/6.824/src/labrpc/labrpc.go:240 +0x58
created by 6.824/labrpc.(*Network).processReq
	D:/Go/src/6.824/src/labrpc/labrpc.go:239 +0x1df

goroutine 169401 [chan receive]:
6.824/labrpc.(*ClientEnd).Call(0xc0001ca9a0, {0x10349f9, 0xc000ad7f50}, {0x1007340, 0xc000a105d0}, {0xff7480, 0xc000af30f8})
	D:/Go/src/6.824/src/labrpc/labrpc.go:112 +0x26e
6.824/kvraft.(*Clerk).Execute.func1(0x2, {0x3, {0x103cd6d, 0x1}, {0xc000928160, 0x8}, 0x19abc452, 0x8c})
	D:/Go/src/6.824/src/kvraft/client.go:47 +0x11f
created by 6.824/kvraft.(*Clerk).Execute
	D:/Go/src/6.824/src/kvraft/client.go:45 +0x1b2

goroutine 169510 [chan receive]:
6.824/labrpc.(*ClientEnd).Call(0xc000510000, {0x10349f9, 0xc0005fff50}, {0x1007340, 0xc0003a4690}, {0xff7480, 0xc000af2f30})
	D:/Go/src/6.824/src/labrpc/labrpc.go:112 +0x26e
6.824/kvraft.(*Clerk).Execute.func1(0x3, {0x3, {0x103cd6a, 0x1}, {0xc0002bf9b8, 0x8}, 0x2bdebbae, 0x99})
	D:/Go/src/6.824/src/kvraft/client.go:47 +0x11f
created by 6.824/kvraft.(*Clerk).Execute
	D:/Go/src/6.824/src/kvraft/client.go:45 +0x1b2

goroutine 103037 [select]:
6.824/kvraft.(*Clerk).Execute(0xc000218380, 0xc00064bc80, 0xc00064bc68)
	D:/Go/src/6.824/src/kvraft/client.go:52 +0x219
6.824/kvraft.(*Clerk).Append(0x8, {0x103cd67, 0xc00064bd50}, {0xc0002bf450, 0xc0006988b0})
	D:/Go/src/6.824/src/kvraft/client.go:103 +0x150
6.824/kvraft.Append(0xc00014a600, 0x2, {0x103cd67, 0x1}, {0xc0002bf450, 0x8}, 0xc0004106e0, 0x1)
	D:/Go/src/6.824/src/kvraft/test_test.go:77 +0xd5
6.824/kvraft.GenericTest.func1(0x1, 0xc000384bd0, 0xc0001821a0)
	D:/Go/src/6.824/src/kvraft/test_test.go:272 +0x587
6.824/kvraft.run_client(0xc000948360, 0xc00014a600, 0xc00072c000, 0xc57, 0xc0008658b0)
	D:/Go/src/6.824/src/kvraft/test_test.go:103 +0xe4
created by 6.824/kvraft.spawn_clients_and_wait
	D:/Go/src/6.824/src/kvraft/test_test.go:113 +0x51

goroutine 103054 [runnable]:
time.Sleep(0x3e8)
	D:/ProgramFiles/Go/src/runtime/time.go:193 +0x133
6.824/kvraft.(*Clerk).Execute(0xc000218280, 0xc0004d1c80, 0xc0004d1c68)
	D:/Go/src/6.824/src/kvraft/client.go:42 +0x48
6.824/kvraft.(*Clerk).Append(0x9, {0x1041d82, 0xc0004d1d50}, {0xc0002bf850, 0xc0007169b0})
	D:/Go/src/6.824/src/kvraft/client.go:103 +0x150
6.824/kvraft.Append(0xc00014a600, 0x2, {0x1041d82, 0x2}, {0xc0002bf850, 0x9}, 0xc0004106e0, 0x12)
	D:/Go/src/6.824/src/kvraft/test_test.go:77 +0xd5
6.824/kvraft.GenericTest.func1(0x12, 0xc000384ba0, 0xc0001821a0)
	D:/Go/src/6.824/src/kvraft/test_test.go:272 +0x587
6.824/kvraft.run_client(0x0, 0xc00014a600, 0x0, 0x0, 0xc0008658b0)
	D:/Go/src/6.824/src/kvraft/test_test.go:103 +0xe4
created by 6.824/kvraft.spawn_clients_and_wait
	D:/Go/src/6.824/src/kvraft/test_test.go:113 +0x51

goroutine 103055 [select]:
6.824/kvraft.(*Clerk).Execute(0xc000218000, 0xc0004cbc80, 0xc0004cbc68)
	D:/Go/src/6.824/src/kvraft/client.go:52 +0x219
6.824/kvraft.(*Clerk).Append(0x9, {0x1041d84, 0xc0004cbd50}, {0xc000307110, 0xc0004cbd08})
	D:/Go/src/6.824/src/kvraft/client.go:103 +0x150
6.824/kvraft.Append(0xc00014a600, 0x2, {0x1041d84, 0x2}, {0xc000307110, 0x9}, 0xc0004106e0, 0x13)
	D:/Go/src/6.824/src/kvraft/test_test.go:77 +0xd5
6.824/kvraft.GenericTest.func1(0x13, 0xc000384a50, 0xc0001821a0)
	D:/Go/src/6.824/src/kvraft/test_test.go:272 +0x587
6.824/kvraft.run_client(0x0, 0xc00014a600, 0x0, 0x0, 0xc0008658b0)
	D:/Go/src/6.824/src/kvraft/test_test.go:103 +0xe4
created by 6.824/kvraft.spawn_clients_and_wait
	D:/Go/src/6.824/src/kvraft/test_test.go:113 +0x51

goroutine 169509 [runnable]:
6.824/raft.(*Raft).AppendLog·dwrap·16()
	D:/Go/src/6.824/src/raft/raft.go:397
runtime.goexit()
	D:/ProgramFiles/Go/src/runtime/asm_amd64.s:1581 +0x1
created by 6.824/raft.(*Raft).AppendLog
	D:/Go/src/6.824/src/raft/raft.go:397 +0x552

goroutine 112733 [sleep]:
time.Sleep(0x4c4b400)
	D:/ProgramFiles/Go/src/runtime/time.go:193 +0x133
6.824/raft.(*Raft).heartTicker(0xc00014c0f0, 0xc0008654f0)
	D:/Go/src/6.824/src/raft/raft.go:610 +0x4f
created by 6.824/raft.(*Raft).BeLeader
	D:/Go/src/6.824/src/raft/raft.go:602 +0xcf

goroutine 103038 [select]:
6.824/kvraft.(*Clerk).Execute(0xc000218540, 0xc0000ebc70, 0xc0000ebc58)
	D:/Go/src/6.824/src/kvraft/client.go:52 +0x219
6.824/kvraft.(*Clerk).Get(0xc0000ebcd8, {0x103cd68, 0x8})
	D:/Go/src/6.824/src/kvraft/client.go:74 +0x127
6.824/kvraft.Get(0xc00014a600, 0x2, {0x103cd68, 0x1}, 0xc0004106e0, 0x2)
	D:/Go/src/6.824/src/kvraft/test_test.go:43 +0xbb
6.824/kvraft.GenericTest.func1(0x2, 0xc000384c30, 0xc0001821a0)
	D:/Go/src/6.824/src/kvraft/test_test.go:284 +0x3e5
6.824/kvraft.run_client(0xc000421f40, 0xc00014a600, 0xc0000ebfd0, 0xfcb20d, 0xc0008658b0)
	D:/Go/src/6.824/src/kvraft/test_test.go:103 +0xe4
created by 6.824/kvraft.spawn_clients_and_wait
	D:/Go/src/6.824/src/kvraft/test_test.go:113 +0x51

goroutine 169403 [runnable]:
sync.runtime_Semrelease(0xafe, 0xc0, 0x1012e20)
	D:/ProgramFiles/Go/src/runtime/sema.go:66 +0x19
sync.(*Mutex).unlockSlow(0xc00014c0f0, 0x1012e20)
	D:/ProgramFiles/Go/src/sync/mutex.go:224 +0x65
sync.(*Mutex).Unlock(...)
	D:/ProgramFiles/Go/src/sync/mutex.go:190
6.824/kvraft.(*KVServer).unlock(...)
	D:/Go/src/6.824/src/kvraft/server.go:39
6.824/kvraft.(*KVServer).Do(0xc000865590, 0xc000a10ed0, 0xc000af35c0)
	D:/Go/src/6.824/src/kvraft/server.go:70 +0x28c
reflect.Value.call({0xc000052180, 0xc00080e008, 0xc0000abb10}, {0x10334cd, 0x4}, {0xc0000abc68, 0x3, 0xc0000abb40})
	D:/ProgramFiles/Go/src/reflect/value.go:543 +0x814
reflect.Value.Call({0xc000052180, 0xc00080e008, 0xc0004bc008}, {0xc0000abc68, 0x3, 0x3})
	D:/ProgramFiles/Go/src/reflect/value.go:339 +0xc5
6.824/labrpc.(*Service).dispatch(0xc000208080, {0x1034a02, 0x2}, {{0xfff740, 0xc000164be0}, {0x10349f9, 0xb}, {0x1082400, 0x1007340}, {0xc000a54580, ...}, ...})
	D:/Go/src/6.824/src/labrpc/labrpc.go:496 +0x39d
6.824/labrpc.(*Server).dispatch(0xc0006fa078, {{0xfff740, 0xc000164be0}, {0x10349f9, 0xb}, {0x1082400, 0x1007340}, {0xc000a54580, 0x66, 0xb0}, ...})
	D:/Go/src/6.824/src/labrpc/labrpc.go:420 +0x1fe
6.824/labrpc.(*Network).processReq.func1()
	D:/Go/src/6.824/src/labrpc/labrpc.go:240 +0x58
created by 6.824/labrpc.(*Network).processReq
	D:/Go/src/6.824/src/labrpc/labrpc.go:239 +0x1df

goroutine 103039 [select]:
6.824/kvraft.(*Clerk).Execute(0xc000218580, 0xc00029bc70, 0xc00029bc58)
	D:/Go/src/6.824/src/kvraft/client.go:52 +0x219
6.824/kvraft.(*Clerk).Get(0xc00029bcd8, {0x103cd69, 0x8})
	D:/Go/src/6.824/src/kvraft/client.go:74 +0x127
6.824/kvraft.Get(0xc00014a600, 0x2, {0x103cd69, 0x1}, 0xc0004106e0, 0x3)
	D:/Go/src/6.824/src/kvraft/test_test.go:43 +0xbb
6.824/kvraft.GenericTest.func1(0x3, 0xc000328180, 0xc0001821a0)
	D:/Go/src/6.824/src/kvraft/test_test.go:284 +0x3e5
6.824/kvraft.run_client(0xc0000562a0, 0xc00014a600, 0xc00029bfd0, 0xfcb20d, 0xc0008658b0)
	D:/Go/src/6.824/src/kvraft/test_test.go:103 +0xe4
created by 6.824/kvraft.spawn_clients_and_wait
	D:/Go/src/6.824/src/kvraft/test_test.go:113 +0x51

goroutine 103046 [select]:
6.824/kvraft.(*Clerk).Execute(0xc000218500, 0xc000969c70, 0xc000969c58)
	D:/Go/src/6.824/src/kvraft/client.go:52 +0x219
6.824/kvraft.(*Clerk).Get(0xc000969cd8, {0x1041d72, 0x9})
	D:/Go/src/6.824/src/kvraft/client.go:74 +0x127
6.824/kvraft.Get(0xc00014a600, 0x2, {0x1041d72, 0x2}, 0xc0004106e0, 0xa)
	D:/Go/src/6.824/src/kvraft/test_test.go:43 +0xbb
6.824/kvraft.GenericTest.func1(0xa, 0xc000328150, 0xc0001821a0)
	D:/Go/src/6.824/src/kvraft/test_test.go:284 +0x3e5
6.824/kvraft.run_client(0xc00069ad80, 0xc00014a600, 0x0, 0x0, 0xc0008658b0)
	D:/Go/src/6.824/src/kvraft/test_test.go:103 +0xe4
created by 6.824/kvraft.spawn_clients_and_wait
	D:/Go/src/6.824/src/kvraft/test_test.go:113 +0x51

goroutine 169514 [runnable]:
6.824/raft.(*Raft).sendMsg·dwrap·13()
	D:/Go/src/6.824/src/raft/raft.go:296
runtime.goexit()
	D:/ProgramFiles/Go/src/runtime/asm_amd64.s:1581 +0x1
created by 6.824/raft.(*Raft).sendMsg
	D:/Go/src/6.824/src/raft/raft.go:296 +0x44f

goroutine 103049 [select]:
6.824/kvraft.(*Clerk).Execute(0xc000218080, 0xc00096fc80, 0xc00096fc68)
	D:/Go/src/6.824/src/kvraft/client.go:52 +0x219
6.824/kvraft.(*Clerk).Append(0x9, {0x1041d78, 0xc00096fd50}, {0xc0003072d0, 0xc000229950})
	D:/Go/src/6.824/src/kvraft/client.go:103 +0x150
6.824/kvraft.Append(0xc00014a600, 0x2, {0x1041d78, 0x2}, {0xc0003072d0, 0x9}, 0xc0004106e0, 0xd)
	D:/Go/src/6.824/src/kvraft/test_test.go:77 +0xd5
6.824/kvraft.GenericTest.func1(0xd, 0xc000384ab0, 0xc0001821a0)
	D:/Go/src/6.824/src/kvraft/test_test.go:272 +0x587
6.824/kvraft.run_client(0xc000007f28, 0xc00014a600, 0x0, 0x0, 0xc0008658b0)
	D:/Go/src/6.824/src/kvraft/test_test.go:103 +0xe4
created by 6.824/kvraft.spawn_clients_and_wait
	D:/Go/src/6.824/src/kvraft/test_test.go:113 +0x51

goroutine 103051 [select]:
6.824/kvraft.(*Clerk).Execute(0xc000218100, 0xc00096bc70, 0xc00096bc58)
	D:/Go/src/6.824/src/kvraft/client.go:52 +0x219
6.824/kvraft.(*Clerk).Get(0xc00096bcd8, {0x1041d7c, 0x9})
	D:/Go/src/6.824/src/kvraft/client.go:74 +0x127
6.824/kvraft.Get(0xc00014a600, 0x2, {0x1041d7c, 0x2}, 0xc0004106e0, 0xf)
	D:/Go/src/6.824/src/kvraft/test_test.go:43 +0xbb
6.824/kvraft.GenericTest.func1(0xf, 0xc000384b10, 0xc0001821a0)
	D:/Go/src/6.824/src/kvraft/test_test.go:284 +0x3e5
6.824/kvraft.run_client(0x0, 0xc00014a600, 0xc, 0x42, 0xc0008658b0)
	D:/Go/src/6.824/src/kvraft/test_test.go:103 +0xe4
created by 6.824/kvraft.spawn_clients_and_wait
	D:/Go/src/6.824/src/kvraft/test_test.go:113 +0x51

goroutine 169454 [runnable]:
6.824/raft.(*Raft).sendMsg·dwrap·13()
	D:/Go/src/6.824/src/raft/raft.go:296
runtime.goexit()
	D:/ProgramFiles/Go/src/runtime/asm_amd64.s:1581 +0x1
created by 6.824/raft.(*Raft).sendMsg
	D:/Go/src/6.824/src/raft/raft.go:296 +0x44f

goroutine 169494 [chan receive]:
6.824/labrpc.(*ClientEnd).Call(0xc0001ca760, {0x10349f9, 0xc0000d82a0}, {0x1007340, 0xc000a10bd0}, {0xff7480, 0xc0004b2c48})
	D:/Go/src/6.824/src/labrpc/labrpc.go:112 +0x26e
6.824/kvraft.(*Clerk).Execute.func1(0x2, {0x1, {0x103cd6b, 0x1}, {0x0, 0x0}, 0xe7b0d291, 0x92})
	D:/Go/src/6.824/src/kvraft/client.go:47 +0x11f
created by 6.824/kvraft.(*Clerk).Execute
	D:/Go/src/6.824/src/kvraft/client.go:45 +0x1b2

goroutine 103027 [sleep]:
time.Sleep(0xb80f240)
	D:/ProgramFiles/Go/src/runtime/time.go:193 +0x133
6.824/raft.(*Raft).electionTicker(0xc00014c1e0)
	D:/Go/src/6.824/src/raft/raft.go:622 +0x95
created by 6.824/raft.Make
	D:/Go/src/6.824/src/raft/raft.go:664 +0x2a7

goroutine 169455 [runnable]:
6.824/raft.(*Raft).sendMsg·dwrap·13()
	D:/Go/src/6.824/src/raft/raft.go:296
runtime.goexit()
	D:/ProgramFiles/Go/src/runtime/asm_amd64.s:1581 +0x1
created by 6.824/raft.(*Raft).sendMsg
	D:/Go/src/6.824/src/raft/raft.go:296 +0x44f

goroutine 169184 [select]:
6.824/labrpc.(*Network).processReq(0xc0008654f0, {{0xfff740, 0xc000164ae0}, {0x10349f9, 0xb}, {0x1082400, 0x1007340}, {0xc000a544d0, 0x66, 0xb0}, ...})
	D:/Go/src/6.824/src/labrpc/labrpc.go:251 +0x41c
created by 6.824/labrpc.MakeNetwork.func1
	D:/Go/src/6.824/src/labrpc/labrpc.go:157 +0x3e

goroutine 169421 [select]:
6.824/labrpc.(*Network).processReq(0xc0008654f0, {{0xfff740, 0xc0007ffc20}, {0x1035793, 0xe}, {0x1082400, 0xff78c0}, {0xc000a30c00, 0x6da, 0xa92}, ...})
	D:/Go/src/6.824/src/labrpc/labrpc.go:251 +0x41c
created by 6.824/labrpc.MakeNetwork.func1
	D:/Go/src/6.824/src/labrpc/labrpc.go:157 +0x3e

goroutine 169487 [select]:
6.824/labrpc.(*Network).processReq(0xc0008654f0, {{0xfff740, 0xc000164cd0}, {0x10349f9, 0xb}, {0x1082400, 0x1007340}, {0xc0000ce000, 0x66, 0xb0}, ...})
	D:/Go/src/6.824/src/labrpc/labrpc.go:251 +0x41c
created by 6.824/labrpc.MakeNetwork.func1
	D:/Go/src/6.824/src/labrpc/labrpc.go:157 +0x3e

goroutine 103035 [chan receive]:
6.824/kvraft.spawn_clients_and_wait(0xc0001821a0, 0xc00014a600, 0x14, 0xc0008658b0)
	D:/Go/src/6.824/src/kvraft/test_test.go:117 +0x185
created by 6.824/kvraft.GenericTest
	D:/Go/src/6.824/src/kvraft/test_test.go:253 +0x6bd

goroutine 103050 [select]:
6.824/kvraft.(*Clerk).Execute(0xc0002180c0, 0xc000971c80, 0xc000971c68)
	D:/Go/src/6.824/src/kvraft/client.go:52 +0x219
6.824/kvraft.(*Clerk).Append(0x9, {0x1041d7a, 0xc000971d50}, {0xc000307440, 0xc000971d08})
	D:/Go/src/6.824/src/kvraft/client.go:103 +0x150
6.824/kvraft.Append(0xc00014a600, 0x2, {0x1041d7a, 0x2}, {0xc000307440, 0x9}, 0xc0004106e0, 0xe)
	D:/Go/src/6.824/src/kvraft/test_test.go:77 +0xd5
6.824/kvraft.GenericTest.func1(0xe, 0xc000384ae0, 0xc0001821a0)
	D:/Go/src/6.824/src/kvraft/test_test.go:272 +0x587
6.824/kvraft.run_client(0x0, 0xc00014a600, 0x0, 0x0, 0xc0008658b0)
	D:/Go/src/6.824/src/kvraft/test_test.go:103 +0xe4
created by 6.824/kvraft.spawn_clients_and_wait
	D:/Go/src/6.824/src/kvraft/test_test.go:113 +0x51

goroutine 169488 [semacquire]:
sync.runtime_SemacquireMutex(0xc0006ab398, 0xbd, 0x60)
	D:/ProgramFiles/Go/src/runtime/sema.go:71 +0x25
sync.(*Mutex).lockSlow(0xc000865590)
	D:/ProgramFiles/Go/src/sync/mutex.go:138 +0x165
sync.(*Mutex).Lock(...)
	D:/ProgramFiles/Go/src/sync/mutex.go:81
6.824/kvraft.(*KVServer).lock(...)
	D:/Go/src/6.824/src/kvraft/server.go:35
6.824/kvraft.(*KVServer).Do(0xc000865590, 0xc0006f9740, 0xc00095ae28)
	D:/Go/src/6.824/src/kvraft/server.go:44 +0x79
reflect.Value.call({0xc000052180, 0xc00080e008, 0xc0006abb10}, {0x10334cd, 0x4}, {0xc0006abc68, 0x3, 0xc0006abb40})
	D:/ProgramFiles/Go/src/reflect/value.go:543 +0x814
reflect.Value.Call({0xc000052180, 0xc00080e008, 0xc000dee348}, {0xc0006abc68, 0x3, 0x3})
	D:/ProgramFiles/Go/src/reflect/value.go:339 +0xc5
6.824/labrpc.(*Service).dispatch(0xc000208080, {0x1034a02, 0x2}, {{0xfff740, 0xc000164cd0}, {0x10349f9, 0xb}, {0x1082400, 0x1007340}, {0xc0000ce000, ...}, ...})
	D:/Go/src/6.824/src/labrpc/labrpc.go:496 +0x39d
6.824/labrpc.(*Server).dispatch(0xc0006fa078, {{0xfff740, 0xc000164cd0}, {0x10349f9, 0xb}, {0x1082400, 0x1007340}, {0xc0000ce000, 0x66, 0xb0}, ...})
	D:/Go/src/6.824/src/labrpc/labrpc.go:420 +0x1fe
6.824/labrpc.(*Network).processReq.func1()
	D:/Go/src/6.824/src/labrpc/labrpc.go:240 +0x58
created by 6.824/labrpc.(*Network).processReq
	D:/Go/src/6.824/src/labrpc/labrpc.go:239 +0x1df

goroutine 169497 [select]:
6.824/labrpc.(*Network).processReq(0xc0008654f0, {{0xfff740, 0xc000164fc0}, {0x10349f9, 0xb}, {0x1082400, 0x1007340}, {0xc000a548f0, 0x5d, 0xa7}, ...})
	D:/Go/src/6.824/src/labrpc/labrpc.go:251 +0x41c
created by 6.824/labrpc.MakeNetwork.func1
	D:/Go/src/6.824/src/labrpc/labrpc.go:157 +0x3e

goroutine 103048 [select]:
6.824/kvraft.(*Clerk).Execute(0xc000218040, 0xc000965c70, 0xc000965c58)
	D:/Go/src/6.824/src/kvraft/client.go:52 +0x219
6.824/kvraft.(*Clerk).Get(0xc000965cd8, {0x1041d76, 0x9})
	D:/Go/src/6.824/src/kvraft/client.go:74 +0x127
6.824/kvraft.Get(0xc00014a600, 0x2, {0x1041d76, 0x2}, 0xc0004106e0, 0xc)
	D:/Go/src/6.824/src/kvraft/test_test.go:43 +0xbb
6.824/kvraft.GenericTest.func1(0xc, 0xc000384a80, 0xc0001821a0)
	D:/Go/src/6.824/src/kvraft/test_test.go:284 +0x3e5
6.824/kvraft.run_client(0xc000853a68, 0xc00014a600, 0x0, 0x0, 0xc0008658b0)
	D:/Go/src/6.824/src/kvraft/test_test.go:103 +0xe4
created by 6.824/kvraft.spawn_clients_and_wait
	D:/Go/src/6.824/src/kvraft/test_test.go:113 +0x51

goroutine 103033 [sleep]:
time.Sleep(0x95ba140)
	D:/ProgramFiles/Go/src/runtime/time.go:193 +0x133
6.824/raft.(*Raft).electionTicker(0xc00014c4b0)
	D:/Go/src/6.824/src/raft/raft.go:622 +0x95
created by 6.824/raft.Make
	D:/Go/src/6.824/src/raft/raft.go:664 +0x2a7

goroutine 103008 [select]:
6.824/labrpc.MakeNetwork.func1()
	D:/Go/src/6.824/src/labrpc/labrpc.go:153 +0xbe
created by 6.824/labrpc.MakeNetwork
	D:/Go/src/6.824/src/labrpc/labrpc.go:151 +0x17b

goroutine 169472 [select]:
6.824/labrpc.(*Network).processReq(0xc0008654f0, {{0xfff740, 0xc0001643e0}, {0x10349f9, 0xb}, {0x1082400, 0x1007340}, {0xc000a546e0, 0x5d, 0xa7}, ...})
	D:/Go/src/6.824/src/labrpc/labrpc.go:251 +0x41c
created by 6.824/labrpc.MakeNetwork.func1
	D:/Go/src/6.824/src/labrpc/labrpc.go:157 +0x3e

goroutine 103041 [select]:
6.824/kvraft.(*Clerk).Execute(0xc000218340, 0xc0007a7c70, 0xc0007a7c58)
	D:/Go/src/6.824/src/kvraft/client.go:52 +0x219
6.824/kvraft.(*Clerk).Get(0xc0007a7cd8, {0x103cd6b, 0x8})
	D:/Go/src/6.824/src/kvraft/client.go:74 +0x127
6.824/kvraft.Get(0xc00014a600, 0x2, {0x103cd6b, 0x1}, 0xc0004106e0, 0x5)
	D:/Go/src/6.824/src/kvraft/test_test.go:43 +0xbb
6.824/kvraft.GenericTest.func1(0x5, 0xc000328030, 0xc0001821a0)
	D:/Go/src/6.824/src/kvraft/test_test.go:284 +0x3e5
6.824/kvraft.run_client(0xc000056360, 0xc00014a600, 0x6cc, 0xc000056240, 0xc0008658b0)
	D:/Go/src/6.824/src/kvraft/test_test.go:103 +0xe4
created by 6.824/kvraft.spawn_clients_and_wait
	D:/Go/src/6.824/src/kvraft/test_test.go:113 +0x51

goroutine 103026 [runnable]:
sync.runtime_Semrelease(0xfca0a0, 0xf0, 0xc00054be00)
	D:/ProgramFiles/Go/src/runtime/sema.go:66 +0x19
sync.(*Mutex).unlockSlow(0x100a8e0, 0x6f9a10)
	D:/ProgramFiles/Go/src/sync/mutex.go:224 +0x65
sync.(*Mutex).Unlock(...)
	D:/ProgramFiles/Go/src/sync/mutex.go:190
6.824/kvraft.(*KVServer).unlock(...)
	D:/Go/src/6.824/src/kvraft/server.go:39
6.824/kvraft.(*KVServer).doExecute(0xc000865590)
	D:/Go/src/6.824/src/kvraft/server.go:161 +0x5ad
created by 6.824/kvraft.StartKVServer
	D:/Go/src/6.824/src/kvraft/server.go:198 +0x207

goroutine 103029 [sleep]:
time.Sleep(0xfea18c0)
	D:/ProgramFiles/Go/src/runtime/time.go:193 +0x133
6.824/raft.(*Raft).electionTicker(0xc00014c2d0)
	D:/Go/src/6.824/src/raft/raft.go:622 +0x95
created by 6.824/raft.Make
	D:/Go/src/6.824/src/raft/raft.go:664 +0x2a7

goroutine 103053 [select]:
6.824/kvraft.(*Clerk).Execute(0xc000218180, 0xc0004cfc70, 0xc0004cfc58)
	D:/Go/src/6.824/src/kvraft/client.go:52 +0x219
6.824/kvraft.(*Clerk).Get(0xc0004cfcd8, {0x1041d80, 0x9})
	D:/Go/src/6.824/src/kvraft/client.go:74 +0x127
6.824/kvraft.Get(0xc00014a600, 0x2, {0x1041d80, 0x2}, 0xc0004106e0, 0x11)
	D:/Go/src/6.824/src/kvraft/test_test.go:43 +0xbb
6.824/kvraft.GenericTest.func1(0x11, 0xc000384b70, 0xc0001821a0)
	D:/Go/src/6.824/src/kvraft/test_test.go:284 +0x3e5
6.824/kvraft.run_client(0x0, 0xc00014a600, 0x0, 0x0, 0xc0008658b0)
	D:/Go/src/6.824/src/kvraft/test_test.go:103 +0xe4
created by 6.824/kvraft.spawn_clients_and_wait
	D:/Go/src/6.824/src/kvraft/test_test.go:113 +0x51

goroutine 169524 [runnable]:
6.824/raft.(*Raft).sendMsg·dwrap·13()
	D:/Go/src/6.824/src/raft/raft.go:296
runtime.goexit()
	D:/ProgramFiles/Go/src/runtime/asm_amd64.s:1581 +0x1
created by 6.824/raft.(*Raft).sendMsg
	D:/Go/src/6.824/src/raft/raft.go:296 +0x44f

goroutine 169187 [chan receive]:
6.824/labrpc.(*ClientEnd).Call(0xc0001cab20, {0x10349f9, 0xc00029dfa0}, {0x1007340, 0xc0005231d0}, {0xff7480, 0xc00028bbf0})
	D:/Go/src/6.824/src/labrpc/labrpc.go:112 +0x26e
6.824/kvraft.(*Clerk).Execute.func1(0x0, {0x3, {0x103cd6f, 0x1}, {0xc00027cb38, 0x8}, 0x46b36aec, 0x87})
	D:/Go/src/6.824/src/kvraft/client.go:47 +0x11f
created by 6.824/kvraft.(*Clerk).Execute
	D:/Go/src/6.824/src/kvraft/client.go:45 +0x1b2

goroutine 169246 [select]:
6.824/kvraft.(*KVServer).Do(0xc000865590, 0xc0003b8540, 0xc0006d33e0)
	D:/Go/src/6.824/src/kvraft/server.go:71 +0x2f4
reflect.Value.call({0xc000052180, 0xc00080e008, 0xc0007a1b10}, {0x10334cd, 0x4}, {0xc0007a1c68, 0x3, 0xc0007a1b40})
	D:/ProgramFiles/Go/src/reflect/value.go:543 +0x814
reflect.Value.Call({0xc000052180, 0xc00080e008, 0xc0001cc240}, {0xc0007a1c68, 0x3, 0x3})
	D:/ProgramFiles/Go/src/reflect/value.go:339 +0xc5
6.824/labrpc.(*Service).dispatch(0xc000208080, {0x1034a02, 0x2}, {{0xfff740, 0xc0001642f0}, {0x10349f9, 0xb}, {0x1082400, 0x1007340}, {0xc00021e240, ...}, ...})
	D:/Go/src/6.824/src/labrpc/labrpc.go:496 +0x39d
6.824/labrpc.(*Server).dispatch(0xc0006fa078, {{0xfff740, 0xc0001642f0}, {0x10349f9, 0xb}, {0x1082400, 0x1007340}, {0xc00021e240, 0x68, 0xb2}, ...})
	D:/Go/src/6.824/src/labrpc/labrpc.go:420 +0x1fe
6.824/labrpc.(*Network).processReq.func1()
	D:/Go/src/6.824/src/labrpc/labrpc.go:240 +0x58
created by 6.824/labrpc.(*Network).processReq
	D:/Go/src/6.824/src/labrpc/labrpc.go:239 +0x1df

goroutine 169242 [select]:
6.824/labrpc.(*Network).processReq(0xc0008654f0, {{0xfff740, 0xc0001641e0}, {0x10349f9, 0xb}, {0x1082400, 0x1007340}, {0xc00021e000, 0x68, 0xb2}, ...})
	D:/Go/src/6.824/src/labrpc/labrpc.go:251 +0x41c
created by 6.824/labrpc.MakeNetwork.func1
	D:/Go/src/6.824/src/labrpc/labrpc.go:157 +0x3e

goroutine 169250 [select]:
6.824/labrpc.(*Network).processReq(0xc0008654f0, {{0xfff740, 0xc000165180}, {0x10349f9, 0xb}, {0x1082400, 0x1007340}, {0xc000944e70, 0x5c, 0xa6}, ...})
	D:/Go/src/6.824/src/labrpc/labrpc.go:251 +0x41c
created by 6.824/labrpc.MakeNetwork.func1
	D:/Go/src/6.824/src/labrpc/labrpc.go:157 +0x3e

goroutine 112774 [sleep]:
time.Sleep(0x4c4b400)
	D:/ProgramFiles/Go/src/runtime/time.go:193 +0x133
6.824/raft.(*Raft).heartTicker(0xc00014c0f0, 0xc0008654f0)
	D:/Go/src/6.824/src/raft/raft.go:610 +0x4f
created by 6.824/raft.(*Raft).BeLeader
	D:/Go/src/6.824/src/raft/raft.go:602 +0xcf

goroutine 103031 [sleep]:
time.Sleep(0xdc4c7c0)
	D:/ProgramFiles/Go/src/runtime/time.go:193 +0x133
6.824/raft.(*Raft).electionTicker(0xc00014c3c0)
	D:/Go/src/6.824/src/raft/raft.go:622 +0x95
created by 6.824/raft.Make
	D:/Go/src/6.824/src/raft/raft.go:664 +0x2a7

goroutine 103044 [select]:
6.824/kvraft.(*Clerk).Execute(0xc000218440, 0xc0005adc80, 0xc0005adc68)
	D:/Go/src/6.824/src/kvraft/client.go:52 +0x219
6.824/kvraft.(*Clerk).Append(0x8, {0x103cd6e, 0xc0005add50}, {0xc000420b38, 0xc0005add08})
	D:/Go/src/6.824/src/kvraft/client.go:103 +0x150
6.824/kvraft.Append(0xc00014a600, 0x2, {0x103cd6e, 0x1}, {0xc000420b38, 0x8}, 0xc0004106e0, 0x8)
	D:/Go/src/6.824/src/kvraft/test_test.go:77 +0xd5
6.824/kvraft.GenericTest.func1(0x8, 0xc0003280c0, 0xc0001821a0)
	D:/Go/src/6.824/src/kvraft/test_test.go:272 +0x587
6.824/kvraft.run_client(0xc000056c00, 0xc00014a600, 0xc0005adfd0, 0xfcb20d, 0xc0008658b0)
	D:/Go/src/6.824/src/kvraft/test_test.go:103 +0xe4
created by 6.824/kvraft.spawn_clients_and_wait
	D:/Go/src/6.824/src/kvraft/test_test.go:113 +0x51

goroutine 169406 [runnable]:
sync.runtime_Semrelease(0xaff, 0x40, 0x1012e20)
	D:/ProgramFiles/Go/src/runtime/sema.go:66 +0x19
sync.(*Mutex).unlockSlow(0xc00014c0f0, 0x1012e20)
	D:/ProgramFiles/Go/src/sync/mutex.go:224 +0x65
sync.(*Mutex).Unlock(...)
	D:/ProgramFiles/Go/src/sync/mutex.go:190
6.824/kvraft.(*KVServer).unlock(...)
	D:/Go/src/6.824/src/kvraft/server.go:39
6.824/kvraft.(*KVServer).Do(0xc000865590, 0xc000a119e0, 0xc000af3980)
	D:/Go/src/6.824/src/kvraft/server.go:70 +0x28c
reflect.Value.call({0xc000052180, 0xc00080e008, 0xc000639b10}, {0x10334cd, 0x4}, {0xc000639c68, 0x3, 0xc000639b40})
	D:/ProgramFiles/Go/src/reflect/value.go:543 +0x814
reflect.Value.Call({0xc000052180, 0xc00080e008, 0xc0004bc130}, {0xc000639c68, 0x3, 0x3})
	D:/ProgramFiles/Go/src/reflect/value.go:339 +0xc5
6.824/labrpc.(*Service).dispatch(0xc000208080, {0x1034a02, 0x2}, {{0xfff740, 0xc0001646d0}, {0x10349f9, 0xb}, {0x1082400, 0x1007340}, {0xc00021e480, ...}, ...})
	D:/Go/src/6.824/src/labrpc/labrpc.go:496 +0x39d
6.824/labrpc.(*Server).dispatch(0xc0006fa078, {{0xfff740, 0xc0001646d0}, {0x10349f9, 0xb}, {0x1082400, 0x1007340}, {0xc00021e480, 0x68, 0xb2}, ...})
	D:/Go/src/6.824/src/labrpc/labrpc.go:420 +0x1fe
6.824/labrpc.(*Network).processReq.func1()
	D:/Go/src/6.824/src/labrpc/labrpc.go:240 +0x58
created by 6.824/labrpc.(*Network).processReq
	D:/Go/src/6.824/src/labrpc/labrpc.go:239 +0x1df

goroutine 103042 [select]:
6.824/kvraft.(*Clerk).Execute(0xc0002183c0, 0xc0007a3c80, 0xc0007a3c68)
	D:/Go/src/6.824/src/kvraft/client.go:52 +0x219
6.824/kvraft.(*Clerk).Append(0x8, {0x103cd6c, 0xc0007a3d50}, {0xc000928d80, 0xc000175d90})
	D:/Go/src/6.824/src/kvraft/client.go:103 +0x150
6.824/kvraft.Append(0xc00014a600, 0x2, {0x103cd6c, 0x1}, {0xc000928d80, 0x8}, 0xc0004106e0, 0x6)
	D:/Go/src/6.824/src/kvraft/test_test.go:77 +0xd5
6.824/kvraft.GenericTest.func1(0x6, 0xc000328060, 0xc0001821a0)
	D:/Go/src/6.824/src/kvraft/test_test.go:272 +0x587
6.824/kvraft.run_client(0xc000192010, 0xc00014a600, 0xc0007a3fd0, 0xfcb20d, 0xc0008658b0)
	D:/Go/src/6.824/src/kvraft/test_test.go:103 +0xe4
created by 6.824/kvraft.spawn_clients_and_wait
	D:/Go/src/6.824/src/kvraft/test_test.go:113 +0x51

goroutine 103047 [select]:
6.824/kvraft.(*Clerk).Execute(0xc000218240, 0xc000963c80, 0xc000963c68)
	D:/Go/src/6.824/src/kvraft/client.go:52 +0x219
6.824/kvraft.(*Clerk).Append(0x9, {0x1041d74, 0xc000963d50}, {0xc0001bbff0, 0xc0002287f0})
	D:/Go/src/6.824/src/kvraft/client.go:103 +0x150
6.824/kvraft.Append(0xc00014a600, 0x2, {0x1041d74, 0x2}, {0xc0001bbff0, 0x9}, 0xc0004106e0, 0xb)
	D:/Go/src/6.824/src/kvraft/test_test.go:77 +0xd5
6.824/kvraft.GenericTest.func1(0xb, 0xc000328000, 0xc0001821a0)
	D:/Go/src/6.824/src/kvraft/test_test.go:272 +0x587
6.824/kvraft.run_client(0xc0008ca6c0, 0xc00014a600, 0x0, 0x0, 0xc0008658b0)
	D:/Go/src/6.824/src/kvraft/test_test.go:103 +0xe4
created by 6.824/kvraft.spawn_clients_and_wait
	D:/Go/src/6.824/src/kvraft/test_test.go:113 +0x51

goroutine 112730 [sleep]:
time.Sleep(0x4c4b400)
	D:/ProgramFiles/Go/src/runtime/time.go:193 +0x133
6.824/raft.(*Raft).heartTicker(0xc00014c0f0, 0xc0008654f0)
	D:/Go/src/6.824/src/raft/raft.go:610 +0x4f
created by 6.824/raft.(*Raft).BeLeader
	D:/Go/src/6.824/src/raft/raft.go:602 +0xcf

goroutine 169176 [chan receive]:
6.824/labrpc.(*ClientEnd).Call(0xc0001cae20, {0x10349f9, 0xc00098dfa0}, {0x1007340, 0xc00022e660}, {0xff7480, 0xc00058fd70})
	D:/Go/src/6.824/src/labrpc/labrpc.go:112 +0x26e
6.824/kvraft.(*Clerk).Execute.func1(0x3, {0x1, {0x103cd69, 0x1}, {0x0, 0x0}, 0xff21ad79, 0x97})
	D:/Go/src/6.824/src/kvraft/client.go:47 +0x11f
created by 6.824/kvraft.(*Clerk).Execute
	D:/Go/src/6.824/src/kvraft/client.go:45 +0x1b2

goroutine 103030 [chan receive]:
6.824/kvraft.(*KVServer).doExecute(0xc0008656d0)
	D:/Go/src/6.824/src/kvraft/server.go:123 +0x70
created by 6.824/kvraft.StartKVServer
	D:/Go/src/6.824/src/kvraft/server.go:198 +0x207

goroutine 103045 [select]:
6.824/kvraft.(*Clerk).Execute(0xc000218480, 0xc000967c80, 0xc000967c68)
	D:/Go/src/6.824/src/kvraft/client.go:52 +0x219
6.824/kvraft.(*Clerk).Append(0x8, {0x103cd6f, 0xc000967d50}, {0xc00027cb38, 0xc0008c80a0})
	D:/Go/src/6.824/src/kvraft/client.go:103 +0x150
6.824/kvraft.Append(0xc00014a600, 0x2, {0x103cd6f, 0x1}, {0xc00027cb38, 0x8}, 0xc0004106e0, 0x9)
	D:/Go/src/6.824/src/kvraft/test_test.go:77 +0xd5
6.824/kvraft.GenericTest.func1(0x9, 0xc0003280f0, 0xc0001821a0)
	D:/Go/src/6.824/src/kvraft/test_test.go:272 +0x587
6.824/kvraft.run_client(0xc000853f90, 0xc00014a600, 0x0, 0x0, 0xc0008658b0)
	D:/Go/src/6.824/src/kvraft/test_test.go:103 +0xe4
created by 6.824/kvraft.spawn_clients_and_wait
	D:/Go/src/6.824/src/kvraft/test_test.go:113 +0x51

goroutine 103052 [select]:
6.824/kvraft.(*Clerk).Execute(0xc000218140, 0xc00096dc80, 0xc00096dc68)
	D:/Go/src/6.824/src/kvraft/client.go:52 +0x219
6.824/kvraft.(*Clerk).Append(0x9, {0x1041d7e, 0xc00096dd50}, {0xc0003075d0, 0xc00096dd08})
	D:/Go/src/6.824/src/kvraft/client.go:103 +0x150
6.824/kvraft.Append(0xc00014a600, 0x2, {0x1041d7e, 0x2}, {0xc0003075d0, 0x9}, 0xc0004106e0, 0x10)
	D:/Go/src/6.824/src/kvraft/test_test.go:77 +0xd5
6.824/kvraft.GenericTest.func1(0x10, 0xc000384b40, 0xc0001821a0)
	D:/Go/src/6.824/src/kvraft/test_test.go:272 +0x587
6.824/kvraft.run_client(0x107a480, 0xc00014a600, 0x1049410, 0x1, 0xc0008658b0)
	D:/Go/src/6.824/src/kvraft/test_test.go:103 +0xe4
created by 6.824/kvraft.spawn_clients_and_wait
	D:/Go/src/6.824/src/kvraft/test_test.go:113 +0x51

goroutine 169202 [chan receive]:
6.824/labrpc.(*ClientEnd).Call(0xc0001ca460, {0x10349f9, 0xc0009d1fa0}, {0x1007340, 0xc0008a1fb0}, {0xff7480, 0xc0004b3650})
	D:/Go/src/6.824/src/labrpc/labrpc.go:112 +0x26e
6.824/kvraft.(*Clerk).Execute.func1(0x3, {0x3, {0x1041d7e, 0x2}, {0xc0003075d0, 0x9}, 0xc6b3b4bb, 0x8b})
	D:/Go/src/6.824/src/kvraft/client.go:47 +0x11f
created by 6.824/kvraft.(*Clerk).Execute
	D:/Go/src/6.824/src/kvraft/client.go:45 +0x1b2

goroutine 169523 [runnable]:
6.824/raft.(*Raft).sendMsg·dwrap·13()
	D:/Go/src/6.824/src/raft/raft.go:296
runtime.goexit()
	D:/ProgramFiles/Go/src/runtime/asm_amd64.s:1581 +0x1
created by 6.824/raft.(*Raft).sendMsg
	D:/Go/src/6.824/src/raft/raft.go:296 +0x44f

goroutine 103043 [select]:
6.824/kvraft.(*Clerk).Execute(0xc000218400, 0xc0005b1c80, 0xc0005b1c68)
	D:/Go/src/6.824/src/kvraft/client.go:52 +0x219
6.824/kvraft.(*Clerk).Append(0x8, {0x103cd6d, 0xc0005b1d50}, {0xc000928160, 0xc0005b1d08})
	D:/Go/src/6.824/src/kvraft/client.go:103 +0x150
6.824/kvraft.Append(0xc00014a600, 0x2, {0x103cd6d, 0x1}, {0xc000928160, 0x8}, 0xc0004106e0, 0x7)
	D:/Go/src/6.824/src/kvraft/test_test.go:77 +0xd5
6.824/kvraft.GenericTest.func1(0x7, 0xc000328090, 0xc0001821a0)
	D:/Go/src/6.824/src/kvraft/test_test.go:272 +0x587
6.824/kvraft.run_client(0xc00014c3c0, 0xc00014a600, 0xc000720c80, 0xbf4, 0xc0008658b0)
	D:/Go/src/6.824/src/kvraft/test_test.go:103 +0xe4
created by 6.824/kvraft.spawn_clients_and_wait
	D:/Go/src/6.824/src/kvraft/test_test.go:113 +0x51

goroutine 103028 [chan receive]:
6.824/kvraft.(*KVServer).doExecute(0xc000865630)
	D:/Go/src/6.824/src/kvraft/server.go:123 +0x70
created by 6.824/kvraft.StartKVServer
	D:/Go/src/6.824/src/kvraft/server.go:198 +0x207

goroutine 103009 [sleep]:
time.Sleep(0xf518240)
	D:/ProgramFiles/Go/src/runtime/time.go:193 +0x133
6.824/raft.(*Raft).electionTicker(0xc00014c0f0)
	D:/Go/src/6.824/src/raft/raft.go:622 +0x95
created by 6.824/raft.Make
	D:/Go/src/6.824/src/raft/raft.go:664 +0x2a7

goroutine 103040 [select]:
6.824/kvraft.(*Clerk).Execute(0xc0002d2000, 0xc00029fc80, 0xc00029fc68)
	D:/Go/src/6.824/src/kvraft/client.go:52 +0x219
6.824/kvraft.(*Clerk).Append(0x8, {0x103cd6a, 0xc00029fd50}, {0xc0002bf9b8, 0xc000716be0})
	D:/Go/src/6.824/src/kvraft/client.go:103 +0x150
6.824/kvraft.Append(0xc00014a600, 0x2, {0x103cd6a, 0x1}, {0xc0002bf9b8, 0x8}, 0xc0004106e0, 0x4)
	D:/Go/src/6.824/src/kvraft/test_test.go:77 +0xd5
6.824/kvraft.GenericTest.func1(0x4, 0xc00026a000, 0xc0001821a0)
	D:/Go/src/6.824/src/kvraft/test_test.go:272 +0x587
6.824/kvraft.run_client(0xc0002fb860, 0xc00014a600, 0xc000062140, 0x8, 0xc0008658b0)
	D:/Go/src/6.824/src/kvraft/test_test.go:103 +0xe4
created by 6.824/kvraft.spawn_clients_and_wait
	D:/Go/src/6.824/src/kvraft/test_test.go:113 +0x51

goroutine 169251 [semacquire]:
sync.runtime_SemacquireMutex(0xed9ae7, 0xfe, 0x60)
	D:/ProgramFiles/Go/src/runtime/sema.go:71 +0x25
sync.(*Mutex).lockSlow(0xc000865590)
	D:/ProgramFiles/Go/src/sync/mutex.go:138 +0x165
sync.(*Mutex).Lock(...)
	D:/ProgramFiles/Go/src/sync/mutex.go:81
6.824/kvraft.(*KVServer).lock(...)
	D:/Go/src/6.824/src/kvraft/server.go:35
6.824/kvraft.(*KVServer).Do(0xc000865590, 0xc000471890, 0xc0004f9ea8)
	D:/Go/src/6.824/src/kvraft/server.go:44 +0x79
reflect.Value.call({0xc000052180, 0xc00080e008, 0xc000351b10}, {0x10334cd, 0x4}, {0xc000351c68, 0x3, 0xc000351b40})
	D:/ProgramFiles/Go/src/reflect/value.go:543 +0x814
reflect.Value.Call({0xc000052180, 0xc00080e008, 0xc000deef68}, {0xc000351c68, 0x3, 0x3})
	D:/ProgramFiles/Go/src/reflect/value.go:339 +0xc5
6.824/labrpc.(*Service).dispatch(0xc000208080, {0x1034a02, 0x2}, {{0xfff740, 0xc000165180}, {0x10349f9, 0xb}, {0x1082400, 0x1007340}, {0xc000944e70, ...}, ...})
	D:/Go/src/6.824/src/labrpc/labrpc.go:496 +0x39d
6.824/labrpc.(*Server).dispatch(0xc0006fa078, {{0xfff740, 0xc000165180}, {0x10349f9, 0xb}, {0x1082400, 0x1007340}, {0xc000944e70, 0x5c, 0xa6}, ...})
	D:/Go/src/6.824/src/labrpc/labrpc.go:420 +0x1fe
6.824/labrpc.(*Network).processReq.func1()
	D:/Go/src/6.824/src/labrpc/labrpc.go:240 +0x58
created by 6.824/labrpc.(*Network).processReq
	D:/Go/src/6.824/src/labrpc/labrpc.go:239 +0x1df

goroutine 103036 [select]:
6.824/kvraft.(*Clerk).Execute(0xc0002184c0, 0xc000263c70, 0xc000263c58)
	D:/Go/src/6.824/src/kvraft/client.go:52 +0x219
6.824/kvraft.(*Clerk).Get(0xc000263cd8, {0x103cd66, 0x8})
	D:/Go/src/6.824/src/kvraft/client.go:74 +0x127
6.824/kvraft.Get(0xc00014a600, 0x2, {0x103cd66, 0x1}, 0xc0004106e0, 0x0)
	D:/Go/src/6.824/src/kvraft/test_test.go:43 +0xbb
6.824/kvraft.GenericTest.func1(0x0, 0xc000384c00, 0xc0001821a0)
	D:/Go/src/6.824/src/kvraft/test_test.go:284 +0x3e5
6.824/kvraft.run_client(0xc00074a1e0, 0xc00014a600, 0xc000701b00, 0xc7b, 0xc0008658b0)
	D:/Go/src/6.824/src/kvraft/test_test.go:103 +0xe4
created by 6.824/kvraft.spawn_clients_and_wait
	D:/Go/src/6.824/src/kvraft/test_test.go:113 +0x51

goroutine 169538 [select]:
6.824/labrpc.(*Network).processReq(0xc0008654f0, {{0xfff740, 0xc0001640f0}, {0x10349f9, 0xb}, {0x1082400, 0x1007340}, {0xc0000ce0b0, 0x5d, 0xa7}, ...})
	D:/Go/src/6.824/src/labrpc/labrpc.go:251 +0x41c
created by 6.824/labrpc.MakeNetwork.func1
	D:/Go/src/6.824/src/labrpc/labrpc.go:157 +0x3e

goroutine 169245 [select]:
6.824/labrpc.(*Network).processReq(0xc0008654f0, {{0xfff740, 0xc0001642f0}, {0x10349f9, 0xb}, {0x1082400, 0x1007340}, {0xc00021e240, 0x68, 0xb2}, ...})
	D:/Go/src/6.824/src/labrpc/labrpc.go:251 +0x41c
created by 6.824/labrpc.MakeNetwork.func1
	D:/Go/src/6.824/src/labrpc/labrpc.go:157 +0x3e

goroutine 169239 [select]:
6.824/labrpc.(*Network).processReq(0xc0008654f0, {{0xfff740, 0xc000164000}, {0x10349f9, 0xb}, {0x1082400, 0x1007340}, {0xc00021e180, 0x68, 0xb2}, ...})
	D:/Go/src/6.824/src/labrpc/labrpc.go:251 +0x41c
created by 6.824/labrpc.MakeNetwork.func1
	D:/Go/src/6.824/src/labrpc/labrpc.go:157 +0x3e

goroutine 169422 [runnable]:
6.824/labrpc.(*Service).dispatch(0xc000208340, {0x1035798, 0x9}, {{0xfff740, 0xc0007ffc20}, {0x1035793, 0xe}, {0x1082400, 0xff78c0}, {0xc000a30c00, ...}, ...})
	D:/Go/src/6.824/src/labrpc/labrpc.go:499 +0x3a9
6.824/labrpc.(*Server).dispatch(0xc0006fa0d8, {{0xfff740, 0xc0007ffc20}, {0x1035793, 0xe}, {0x1082400, 0xff78c0}, {0xc000a30c00, 0x6da, 0xa92}, ...})
	D:/Go/src/6.824/src/labrpc/labrpc.go:420 +0x1fe
6.824/labrpc.(*Network).processReq.func1()
	D:/Go/src/6.824/src/labrpc/labrpc.go:240 +0x58
created by 6.824/labrpc.(*Network).processReq
	D:/Go/src/6.824/src/labrpc/labrpc.go:239 +0x1df

goroutine 169189 [select]:
6.824/labrpc.(*Network).processReq(0xc0008654f0, {{0xfff740, 0xc000164dc0}, {0x10349f9, 0xb}, {0x1082400, 0x1007340}, {0xc0000ce160, 0x66, 0xb0}, ...})
	D:/Go/src/6.824/src/labrpc/labrpc.go:251 +0x41c
created by 6.824/labrpc.MakeNetwork.func1
	D:/Go/src/6.824/src/labrpc/labrpc.go:157 +0x3e

goroutine 169240 [semacquire]:
sync.runtime_SemacquireMutex(0xed9ae7, 0xfe, 0x60)
	D:/ProgramFiles/Go/src/runtime/sema.go:71 +0x25
sync.(*Mutex).lockSlow(0xc000865590)
	D:/ProgramFiles/Go/src/sync/mutex.go:138 +0x165
sync.(*Mutex).Lock(...)
	D:/ProgramFiles/Go/src/sync/mutex.go:81
6.824/kvraft.(*KVServer).lock(...)
	D:/Go/src/6.824/src/kvraft/server.go:35
6.824/kvraft.(*KVServer).Do(0xc000865590, 0xc00023b500, 0xc000583e00)
	D:/Go/src/6.824/src/kvraft/server.go:44 +0x79
reflect.Value.call({0xc000052180, 0xc00080e008, 0xc00078bb10}, {0x10334cd, 0x4}, {0xc00078bc68, 0x3, 0xc00078bb40})
	D:/ProgramFiles/Go/src/reflect/value.go:543 +0x814
reflect.Value.Call({0xc000052180, 0xc00080e008, 0xc0001cc000}, {0xc00078bc68, 0x3, 0x3})
	D:/ProgramFiles/Go/src/reflect/value.go:339 +0xc5
6.824/labrpc.(*Service).dispatch(0xc000208080, {0x1034a02, 0x2}, {{0xfff740, 0xc000164000}, {0x10349f9, 0xb}, {0x1082400, 0x1007340}, {0xc00021e180, ...}, ...})
	D:/Go/src/6.824/src/labrpc/labrpc.go:496 +0x39d
6.824/labrpc.(*Server).dispatch(0xc0006fa078, {{0xfff740, 0xc000164000}, {0x10349f9, 0xb}, {0x1082400, 0x1007340}, {0xc00021e180, 0x68, 0xb2}, ...})
	D:/Go/src/6.824/src/labrpc/labrpc.go:420 +0x1fe
6.824/labrpc.(*Network).processReq.func1()
	D:/Go/src/6.824/src/labrpc/labrpc.go:240 +0x58
created by 6.824/labrpc.(*Network).processReq
	D:/Go/src/6.824/src/labrpc/labrpc.go:239 +0x1df

goroutine 169244 [chan receive]:
6.824/labrpc.(*ClientEnd).Call(0xc0001ca2e0, {0x10349f9, 0xff78c0}, {0x1007340, 0xc0004d3bc0}, {0xff7480, 0xc0006d3020})
	D:/Go/src/6.824/src/labrpc/labrpc.go:112 +0x26e
6.824/kvraft.(*Clerk).Execute.func1(0x1, {0x3, {0x1041d7a, 0x2}, {0xc000307440, 0x9}, 0x95cdafef, 0x98})
	D:/Go/src/6.824/src/kvraft/client.go:47 +0x11f
created by 6.824/kvraft.(*Clerk).Execute
	D:/Go/src/6.824/src/kvraft/client.go:45 +0x1b2

goroutine 169516 [runnable]:
sync.(*Map).Load(0x11979c0, {0x102da80, 0x1012e20})
	D:/ProgramFiles/Go/src/sync/map.go:103 +0x266
encoding/gob.(*Encoder).encodeInterface(0xc0001f8b40, 0xc0001f8b78, {0x1006ae0, 0xc0002ce480, 0xc0004e78c8})
	D:/ProgramFiles/Go/src/encoding/gob/encode.go:401 +0x2d8
encoding/gob.encOpFor.func5(0xc00014a480, 0xc000221900, {0x1006ae0, 0xc0002ce480, 0x1019620})
	D:/ProgramFiles/Go/src/encoding/gob/encode.go:589 +0x116
encoding/gob.(*Encoder).encodeStruct(0xc0001f8b40, 0xc0001f8b78, 0xc00050e030, {0x1019620, 0xc0002ce480, 0xc0004e7a98})
	D:/ProgramFiles/Go/src/encoding/gob/encode.go:328 +0x2d1
encoding/gob.encOpFor.func4(0xffbc40, 0xc0002f2440, {0x1019620, 0xc0002ce480, 0xffd540})
	D:/ProgramFiles/Go/src/encoding/gob/encode.go:581 +0xec
encoding/gob.(*Encoder).encodeArray(0xffbc40, 0xc0002f2440, {0xffbc40, 0xc0002f2440, 0xc0002f2420}, 0xc0001b4490, 0x0, 0x4, 0x0)
	D:/ProgramFiles/Go/src/encoding/gob/encode.go:351 +0x29d
encoding/gob.encOpFor.func1(0xc0001c80c0, 0xc000221800, {0xffbc40, 0xc0002f2440, 0x8})
	D:/ProgramFiles/Go/src/encoding/gob/encode.go:551 +0x136
encoding/gob.(*Encoder).encodeStruct(0xc0001f8b40, 0xc0001f8b78, 0xc00050f4e8, {0x10265e0, 0xc0002f2420, 0xc0004e7c68})
	D:/ProgramFiles/Go/src/encoding/gob/encode.go:328 +0x2d1
encoding/gob.(*Encoder).encode(0xc0001f8b40, 0xc0003a4e40, {0xff78c0, 0xc0002f2420, 0xc0001b0e80}, 0xc0001b0e80)
	D:/ProgramFiles/Go/src/encoding/gob/encode.go:701 +0x1d7
encoding/gob.(*Encoder).EncodeValue(0xc0001f8b40, {0xff78c0, 0xc0002f2420, 0xff78c0})
	D:/ProgramFiles/Go/src/encoding/gob/encoder.go:251 +0x42e
encoding/gob.(*Encoder).Encode(0xff78c0, {0xff78c0, 0xc0002f2420})
	D:/ProgramFiles/Go/src/encoding/gob/encoder.go:176 +0xa5
6.824/labgob.(*LabEncoder).Encode(0xc00080f060, {0xff78c0, 0xc0002f2420})
	D:/Go/src/6.824/src/labgob/labgob.go:34 +0x45
6.824/labrpc.(*ClientEnd).Call(0xc000410080, {0x1035793, 0xfc3065}, {0xff78c0, 0xc0002f2420}, {0xff7900, 0xc000192030})
	D:/Go/src/6.824/src/labrpc/labrpc.go:93 +0x125
6.824/raft.(*Raft).sendAppendLog(...)
	D:/Go/src/6.824/src/raft/raft.go:455
6.824/raft.(*Raft).sendMsg.func1(0x4)
	D:/Go/src/6.824/src/raft/raft.go:298 +0x90
created by 6.824/raft.(*Raft).sendMsg
	D:/Go/src/6.824/src/raft/raft.go:296 +0x44f

goroutine 169507 [runnable]:
6.824/labrpc.(*Network).processReq(0xc0008654f0, {{0xfff740, 0xc0007ffc00}, {0x1035793, 0xe}, {0x1082400, 0xff78c0}, {0xc00010db80, 0x187, 0x28a}, ...})
	D:/Go/src/6.824/src/labrpc/labrpc.go:251 +0x41c
created by 6.824/labrpc.MakeNetwork.func1
	D:/Go/src/6.824/src/labrpc/labrpc.go:157 +0x3e

goroutine 169539 [semacquire]:
sync.runtime_SemacquireMutex(0xc000597398, 0xbd, 0x60)
	D:/ProgramFiles/Go/src/runtime/sema.go:71 +0x25
sync.(*Mutex).lockSlow(0xc000865590)
	D:/ProgramFiles/Go/src/sync/mutex.go:138 +0x165
sync.(*Mutex).Lock(...)
	D:/ProgramFiles/Go/src/sync/mutex.go:81
6.824/kvraft.(*KVServer).lock(...)
	D:/Go/src/6.824/src/kvraft/server.go:35
6.824/kvraft.(*KVServer).Do(0xc000865590, 0xc00008a5a0, 0xc00095b0f8)
	D:/Go/src/6.824/src/kvraft/server.go:44 +0x79
reflect.Value.call({0xc000052180, 0xc00080e008, 0xc000597b10}, {0x10334cd, 0x4}, {0xc000597c68, 0x3, 0xc000597b40})
	D:/ProgramFiles/Go/src/reflect/value.go:543 +0x814
reflect.Value.Call({0xc000052180, 0xc00080e008, 0xc000dee540}, {0xc000597c68, 0x3, 0x3})
	D:/ProgramFiles/Go/src/reflect/value.go:339 +0xc5
6.824/labrpc.(*Service).dispatch(0xc000208080, {0x1034a02, 0x2}, {{0xfff740, 0xc0001640f0}, {0x10349f9, 0xb}, {0x1082400, 0x1007340}, {0xc0000ce0b0, ...}, ...})
	D:/Go/src/6.824/src/labrpc/labrpc.go:496 +0x39d
6.824/labrpc.(*Server).dispatch(0xc0006fa078, {{0xfff740, 0xc0001640f0}, {0x10349f9, 0xb}, {0x1082400, 0x1007340}, {0xc0000ce0b0, 0x5d, 0xa7}, ...})
	D:/Go/src/6.824/src/labrpc/labrpc.go:420 +0x1fe
6.824/labrpc.(*Network).processReq.func1()
	D:/Go/src/6.824/src/labrpc/labrpc.go:240 +0x58
created by 6.824/labrpc.(*Network).processReq
	D:/Go/src/6.824/src/labrpc/labrpc.go:239 +0x1df

goroutine 169402 [select]:
6.824/labrpc.(*Network).processReq(0xc0008654f0, {{0xfff740, 0xc000164be0}, {0x10349f9, 0xb}, {0x1082400, 0x1007340}, {0xc000a54580, 0x66, 0xb0}, ...})
	D:/Go/src/6.824/src/labrpc/labrpc.go:251 +0x41c
created by 6.824/labrpc.MakeNetwork.func1
	D:/Go/src/6.824/src/labrpc/labrpc.go:157 +0x3e

goroutine 169237 [chan receive]:
6.824/labrpc.(*ClientEnd).Call(0xc0001cad60, {0x10349f9, 0xc00061bfa0}, {0x1007340, 0xc000a104e0}, {0xff7480, 0xc00069db90})
	D:/Go/src/6.824/src/labrpc/labrpc.go:112 +0x26e
6.824/kvraft.(*Clerk).Execute.func1(0x3, {0x1, {0x103cd68, 0x1}, {0x0, 0x0}, 0x1376a2cc, 0x87})
	D:/Go/src/6.824/src/kvraft/client.go:47 +0x11f
created by 6.824/kvraft.(*Clerk).Execute
	D:/Go/src/6.824/src/kvraft/client.go:45 +0x1b2

goroutine 169511 [select]:
6.824/labrpc.(*Network).processReq(0xc0008654f0, {{0xfff740, 0xc0001f4000}, {0x10349f9, 0xb}, {0x1082400, 0x1007340}, {0xc000944000, 0x66, 0xb0}, ...})
	D:/Go/src/6.824/src/labrpc/labrpc.go:251 +0x41c
created by 6.824/labrpc.MakeNetwork.func1
	D:/Go/src/6.824/src/labrpc/labrpc.go:157 +0x3e

goroutine 169495 [select]:
6.824/labrpc.(*Network).processReq(0xc0008654f0, {{0xfff740, 0xc0001648d0}, {0x10349f9, 0xb}, {0x1082400, 0x1007340}, {0xc000a54840, 0x5c, 0xa6}, ...})
	D:/Go/src/6.824/src/labrpc/labrpc.go:251 +0x41c
created by 6.824/labrpc.MakeNetwork.func1
	D:/Go/src/6.824/src/labrpc/labrpc.go:157 +0x3e

goroutine 169238 [chan receive]:
6.824/labrpc.(*ClientEnd).Call(0xc0001ca000, {0x10349f9, 0xc0008bffa0}, {0x1007340, 0xc000a105d0}, {0xff7480, 0xc00069dc20})
	D:/Go/src/6.824/src/labrpc/labrpc.go:112 +0x26e
6.824/kvraft.(*Clerk).Execute.func1(0x4, {0x3, {0x1041d84, 0x2}, {0xc000307110, 0x9}, 0x30047caf, 0x88})
	D:/Go/src/6.824/src/kvraft/client.go:47 +0x11f
created by 6.824/kvraft.(*Clerk).Execute
	D:/Go/src/6.824/src/kvraft/client.go:45 +0x1b2

goroutine 169235 [select]:
6.824/labrpc.(*Network).processReq(0xc0008654f0, {{0xfff740, 0xc000164ed0}, {0x10349f9, 0xb}, {0x1082400, 0x1007340}, {0xc000944dc0, 0x5c, 0xa6}, ...})
	D:/Go/src/6.824/src/labrpc/labrpc.go:251 +0x41c
created by 6.824/labrpc.MakeNetwork.func1
	D:/Go/src/6.824/src/labrpc/labrpc.go:157 +0x3e

goroutine 169190 [select]:
6.824/labrpc.(*Network).processReq(0xc0008654f0, {{0xfff740, 0xc0001644e0}, {0x10349f9, 0xb}, {0x1082400, 0x1007340}, {0xc00021e0c0, 0x68, 0xb2}, ...})
	D:/Go/src/6.824/src/labrpc/labrpc.go:251 +0x41c
created by 6.824/labrpc.MakeNetwork.func1
	D:/Go/src/6.824/src/labrpc/labrpc.go:157 +0x3e

goroutine 169515 [runnable]:
6.824/raft.(*Raft).sendMsg·dwrap·13()
	D:/Go/src/6.824/src/raft/raft.go:296
runtime.goexit()
	D:/ProgramFiles/Go/src/runtime/asm_amd64.s:1581 +0x1
created by 6.824/raft.(*Raft).sendMsg
	D:/Go/src/6.824/src/raft/raft.go:296 +0x44f

goroutine 169492 [select]:
6.824/labrpc.(*Network).processReq(0xc0008654f0, {{0xfff740, 0xc0001645e0}, {0x10349f9, 0xb}, {0x1082400, 0x1007340}, {0xc000a54790, 0x5d, 0xa7}, ...})
	D:/Go/src/6.824/src/labrpc/labrpc.go:251 +0x41c
created by 6.824/labrpc.MakeNetwork.func1
	D:/Go/src/6.824/src/labrpc/labrpc.go:157 +0x3e

goroutine 169473 [semacquire]:
sync.runtime_SemacquireMutex(0xc0004e3398, 0xbd, 0x60)
	D:/ProgramFiles/Go/src/runtime/sema.go:71 +0x25
sync.(*Mutex).lockSlow(0xc000865590)
	D:/ProgramFiles/Go/src/sync/mutex.go:138 +0x165
sync.(*Mutex).Lock(...)
	D:/ProgramFiles/Go/src/sync/mutex.go:81
6.824/kvraft.(*KVServer).lock(...)
	D:/Go/src/6.824/src/kvraft/server.go:35
6.824/kvraft.(*KVServer).Do(0xc000865590, 0xc0004703c0, 0xc000c2eab0)
	D:/Go/src/6.824/src/kvraft/server.go:44 +0x79
reflect.Value.call({0xc000052180, 0xc00080e008, 0xc0004e3b10}, {0x10334cd, 0x4}, {0xc0004e3c68, 0x3, 0xc0004e3b40})
	D:/ProgramFiles/Go/src/reflect/value.go:543 +0x814
reflect.Value.Call({0xc000052180, 0xc00080e008, 0xc0004bc008}, {0xc0004e3c68, 0x3, 0x3})
	D:/ProgramFiles/Go/src/reflect/value.go:339 +0xc5
6.824/labrpc.(*Service).dispatch(0xc000208080, {0x1034a02, 0x2}, {{0xfff740, 0xc0001643e0}, {0x10349f9, 0xb}, {0x1082400, 0x1007340}, {0xc000a546e0, ...}, ...})
	D:/Go/src/6.824/src/labrpc/labrpc.go:496 +0x39d
6.824/labrpc.(*Server).dispatch(0xc0006fa078, {{0xfff740, 0xc0001643e0}, {0x10349f9, 0xb}, {0x1082400, 0x1007340}, {0xc000a546e0, 0x5d, 0xa7}, ...})
	D:/Go/src/6.824/src/labrpc/labrpc.go:420 +0x1fe
6.824/labrpc.(*Network).processReq.func1()
	D:/Go/src/6.824/src/labrpc/labrpc.go:240 +0x58
created by 6.824/labrpc.(*Network).processReq
	D:/Go/src/6.824/src/labrpc/labrpc.go:239 +0x1df

goroutine 169513 [runnable]:
6.824/raft.(*Raft).sendMsg·dwrap·13()
	D:/Go/src/6.824/src/raft/raft.go:296
runtime.goexit()
	D:/ProgramFiles/Go/src/runtime/asm_amd64.s:1581 +0x1
created by 6.824/raft.(*Raft).sendMsg
	D:/Go/src/6.824/src/raft/raft.go:296 +0x44f

goroutine 169405 [select]:
6.824/labrpc.(*Network).processReq(0xc0008654f0, {{0xfff740, 0xc0001646d0}, {0x10349f9, 0xb}, {0x1082400, 0x1007340}, {0xc00021e480, 0x68, 0xb2}, ...})
	D:/Go/src/6.824/src/labrpc/labrpc.go:251 +0x41c
created by 6.824/labrpc.MakeNetwork.func1
	D:/Go/src/6.824/src/labrpc/labrpc.go:157 +0x3e

goroutine 169453 [chan receive]:
6.824/labrpc.(*ClientEnd).Call(0xc000410020, {0x1035793, 0xfc3065}, {0xff78c0, 0xc0004dfc80}, {0xff7900, 0xc0002bf9c0})
	D:/Go/src/6.824/src/labrpc/labrpc.go:112 +0x26e
6.824/raft.(*Raft).sendAppendLog(...)
	D:/Go/src/6.824/src/raft/raft.go:455
6.824/raft.(*Raft).sendMsg.func1(0x1)
	D:/Go/src/6.824/src/raft/raft.go:298 +0x90
created by 6.824/raft.(*Raft).sendMsg
	D:/Go/src/6.824/src/raft/raft.go:296 +0x44f

goroutine 169252 [select]:
6.824/kvraft.(*KVServer).Do(0xc000865590, 0xc000a10ed0, 0xc00069dc68)
	D:/Go/src/6.824/src/kvraft/server.go:71 +0x2f4
reflect.Value.call({0xc000052180, 0xc00080e008, 0xc0006d7b10}, {0x10334cd, 0x4}, {0xc0006d7c68, 0x3, 0xc0006d7b40})
	D:/ProgramFiles/Go/src/reflect/value.go:543 +0x814
reflect.Value.Call({0xc000052180, 0xc00080e008, 0xc0004bc000}, {0xc0006d7c68, 0x3, 0x3})
	D:/ProgramFiles/Go/src/reflect/value.go:339 +0xc5
6.824/labrpc.(*Service).dispatch(0xc000208080, {0x1034a02, 0x2}, {{0xfff740, 0xc000164dc0}, {0x10349f9, 0xb}, {0x1082400, 0x1007340}, {0xc0000ce160, ...}, ...})
	D:/Go/src/6.824/src/labrpc/labrpc.go:496 +0x39d
6.824/labrpc.(*Server).dispatch(0xc0006fa078, {{0xfff740, 0xc000164dc0}, {0x10349f9, 0xb}, {0x1082400, 0x1007340}, {0xc0000ce160, 0x66, 0xb0}, ...})
	D:/Go/src/6.824/src/labrpc/labrpc.go:420 +0x1fe
6.824/labrpc.(*Network).processReq.func1()
	D:/Go/src/6.824/src/labrpc/labrpc.go:240 +0x58
created by 6.824/labrpc.(*Network).processReq
	D:/Go/src/6.824/src/labrpc/labrpc.go:239 +0x1df

goroutine 169470 [chan receive]:
6.824/labrpc.(*ClientEnd).Call(0xc0001caca0, {0x10349f9, 0xc0005263c0}, {0x1007340, 0xc000a11d70}, {0xff7480, 0xc0004b3458})
	D:/Go/src/6.824/src/labrpc/labrpc.go:112 +0x26e
6.824/kvraft.(*Clerk).Execute.func1(0x3, {0x1, {0x1041d72, 0x2}, {0x0, 0x0}, 0x1dcc4405, 0x8e})
	D:/Go/src/6.824/src/kvraft/client.go:47 +0x11f
created by 6.824/kvraft.(*Clerk).Execute
	D:/Go/src/6.824/src/kvraft/client.go:45 +0x1b2

goroutine 169481 [semacquire]:
6.824/kvraft.(*Clerk).Execute.func1(0x4, {0x3, {0x103cd67, 0x1}, {0xc0002bf450, 0x8}, 0x2d6a2859, 0x89})
	D:/Go/src/6.824/src/kvraft/client.go:45 +0x75
created by 6.824/kvraft.(*Clerk).Execute
	D:/Go/src/6.824/src/kvraft/client.go:45 +0x1b2

goroutine 169486 [chan receive]:
6.824/labrpc.(*ClientEnd).Call(0xc0001caa60, {0x10349f9, 0xff78c0}, {0x1007340, 0xc0006f8f60}, {0xff7480, 0xc00095aae0})
	D:/Go/src/6.824/src/labrpc/labrpc.go:112 +0x26e
6.824/kvraft.(*Clerk).Execute.func1(0x0, {0x3, {0x103cd6e, 0x1}, {0xc000420b38, 0x8}, 0xc68c6c89, 0x8e})
	D:/Go/src/6.824/src/kvraft/client.go:47 +0x11f
created by 6.824/kvraft.(*Clerk).Execute
	D:/Go/src/6.824/src/kvraft/client.go:45 +0x1b2

goroutine 169456 [runnable]:
6.824/raft.(*Raft).sendMsg·dwrap·13()
	D:/Go/src/6.824/src/raft/raft.go:296
runtime.goexit()
	D:/ProgramFiles/Go/src/runtime/asm_amd64.s:1581 +0x1
created by 6.824/raft.(*Raft).sendMsg
	D:/Go/src/6.824/src/raft/raft.go:296 +0x44f

goroutine 169404 [chan receive]:
6.824/labrpc.(*ClientEnd).Call(0xc0001ca5e0, {0x10349f9, 0xc0006edf50}, {0x1007340, 0xc000a10fc0}, {0xff7480, 0xc000af36c8})
	D:/Go/src/6.824/src/labrpc/labrpc.go:112 +0x26e
6.824/kvraft.(*Clerk).Execute.func1(0x2, {0x3, {0x1041d74, 0x2}, {0xc0001bbff0, 0x9}, 0x4b07705d, 0x91})
	D:/Go/src/6.824/src/kvraft/client.go:47 +0x11f
created by 6.824/kvraft.(*Clerk).Execute
	D:/Go/src/6.824/src/kvraft/client.go:45 +0x1b2

goroutine 169493 [semacquire]:
sync.runtime_SemacquireMutex(0xc0006af398, 0xbd, 0x60)
	D:/ProgramFiles/Go/src/runtime/sema.go:71 +0x25
sync.(*Mutex).lockSlow(0xc000865590)
	D:/ProgramFiles/Go/src/sync/mutex.go:138 +0x165
sync.(*Mutex).Lock(...)
	D:/ProgramFiles/Go/src/sync/mutex.go:81
6.824/kvraft.(*KVServer).lock(...)
	D:/Go/src/6.824/src/kvraft/server.go:35
6.824/kvraft.(*KVServer).Do(0xc000865590, 0xc000a10b40, 0xc0004b2b10)
	D:/Go/src/6.824/src/kvraft/server.go:44 +0x79
reflect.Value.call({0xc000052180, 0xc00080e008, 0xc0006afb10}, {0x10334cd, 0x4}, {0xc0006afc68, 0x3, 0xc0006afb40})
	D:/ProgramFiles/Go/src/reflect/value.go:543 +0x814
reflect.Value.Call({0xc000052180, 0xc00080e008, 0xc0004bc9a0}, {0xc0006afc68, 0x3, 0x3})
	D:/ProgramFiles/Go/src/reflect/value.go:339 +0xc5
6.824/labrpc.(*Service).dispatch(0xc000208080, {0x1034a02, 0x2}, {{0xfff740, 0xc0001645e0}, {0x10349f9, 0xb}, {0x1082400, 0x1007340}, {0xc000a54790, ...}, ...})
	D:/Go/src/6.824/src/labrpc/labrpc.go:496 +0x39d
6.824/labrpc.(*Server).dispatch(0xc0006fa078, {{0xfff740, 0xc0001645e0}, {0x10349f9, 0xb}, {0x1082400, 0x1007340}, {0xc000a54790, 0x5d, 0xa7}, ...})
	D:/Go/src/6.824/src/labrpc/labrpc.go:420 +0x1fe
6.824/labrpc.(*Network).processReq.func1()
	D:/Go/src/6.824/src/labrpc/labrpc.go:240 +0x58
created by 6.824/labrpc.(*Network).processReq
	D:/Go/src/6.824/src/labrpc/labrpc.go:239 +0x1df

goroutine 169177 [select]:
6.824/labrpc.(*Network).processReq(0xc0008654f0, {{0xfff740, 0xc000165280}, {0x10349f9, 0xb}, {0x1082400, 0x1007340}, {0xc000a542c0, 0x5c, 0xa6}, ...})
	D:/Go/src/6.824/src/labrpc/labrpc.go:251 +0x41c
created by 6.824/labrpc.MakeNetwork.func1
	D:/Go/src/6.824/src/labrpc/labrpc.go:157 +0x3e

goroutine 169469 [chan receive]:
6.824/labrpc.(*ClientEnd).Call(0xc0001ca520, {0x10349f9, 0xaec}, {0x1007340, 0xc000a100c0}, {0xff7480, 0xc0004b2660})
	D:/Go/src/6.824/src/labrpc/labrpc.go:112 +0x26e
6.824/kvraft.(*Clerk).Execute.func1(0x0, {0x1, {0x1041d80, 0x2}, {0x0, 0x0}, 0xd3429190, 0x88})
	D:/Go/src/6.824/src/kvraft/client.go:47 +0x11f
created by 6.824/kvraft.(*Clerk).Execute
	D:/Go/src/6.824/src/kvraft/client.go:45 +0x1b2

goroutine 169522 [runnable]:
6.824/raft.(*Raft).sendMsg·dwrap·13()
	D:/Go/src/6.824/src/raft/raft.go:296
runtime.goexit()
	D:/ProgramFiles/Go/src/runtime/asm_amd64.s:1581 +0x1
created by 6.824/raft.(*Raft).sendMsg
	D:/Go/src/6.824/src/raft/raft.go:296 +0x44f

goroutine 169496 [semacquire]:
sync.runtime_SemacquireMutex(0xc00059d398, 0xbd, 0x60)
	D:/ProgramFiles/Go/src/runtime/sema.go:71 +0x25
sync.(*Mutex).lockSlow(0xc000865590)
	D:/ProgramFiles/Go/src/sync/mutex.go:138 +0x165
sync.(*Mutex).Lock(...)
	D:/ProgramFiles/Go/src/sync/mutex.go:81
6.824/kvraft.(*KVServer).lock(...)
	D:/Go/src/6.824/src/kvraft/server.go:35
6.824/kvraft.(*KVServer).Do(0xc000865590, 0xc000a11680, 0xc0004b30e0)
	D:/Go/src/6.824/src/kvraft/server.go:44 +0x79
reflect.Value.call({0xc000052180, 0xc00080e008, 0xc00059db10}, {0x10334cd, 0x4}, {0xc00059dc68, 0x3, 0xc00059db40})
	D:/ProgramFiles/Go/src/reflect/value.go:543 +0x814
reflect.Value.Call({0xc000052180, 0xc00080e008, 0xc0004bcac8}, {0xc00059dc68, 0x3, 0x3})
	D:/ProgramFiles/Go/src/reflect/value.go:339 +0xc5
6.824/labrpc.(*Service).dispatch(0xc000208080, {0x1034a02, 0x2}, {{0xfff740, 0xc0001648d0}, {0x10349f9, 0xb}, {0x1082400, 0x1007340}, {0xc000a54840, ...}, ...})
	D:/Go/src/6.824/src/labrpc/labrpc.go:496 +0x39d
6.824/labrpc.(*Server).dispatch(0xc0006fa078, {{0xfff740, 0xc0001648d0}, {0x10349f9, 0xb}, {0x1082400, 0x1007340}, {0xc000a54840, 0x5c, 0xa6}, ...})
	D:/Go/src/6.824/src/labrpc/labrpc.go:420 +0x1fe
6.824/labrpc.(*Network).processReq.func1()
	D:/Go/src/6.824/src/labrpc/labrpc.go:240 +0x58
created by 6.824/labrpc.(*Network).processReq
	D:/Go/src/6.824/src/labrpc/labrpc.go:239 +0x1df

goroutine 169498 [semacquire]:
sync.runtime_SemacquireMutex(0xc000727398, 0xbd, 0x60)
	D:/ProgramFiles/Go/src/runtime/sema.go:71 +0x25
sync.(*Mutex).lockSlow(0xc000865590)
	D:/ProgramFiles/Go/src/sync/mutex.go:138 +0x165
sync.(*Mutex).Lock(...)
	D:/ProgramFiles/Go/src/sync/mutex.go:81
6.824/kvraft.(*KVServer).lock(...)
	D:/Go/src/6.824/src/kvraft/server.go:35
6.824/kvraft.(*KVServer).Do(0xc000865590, 0xc0005625d0, 0xc0004b3920)
	D:/Go/src/6.824/src/kvraft/server.go:44 +0x79
reflect.Value.call({0xc000052180, 0xc00080e008, 0xc000727b10}, {0x10334cd, 0x4}, {0xc000727c68, 0x3, 0xc000727b40})
	D:/ProgramFiles/Go/src/reflect/value.go:543 +0x814
reflect.Value.Call({0xc000052180, 0xc00080e008, 0xc0004bccf8}, {0xc000727c68, 0x3, 0x3})
	D:/ProgramFiles/Go/src/reflect/value.go:339 +0xc5
6.824/labrpc.(*Service).dispatch(0xc000208080, {0x1034a02, 0x2}, {{0xfff740, 0xc000164fc0}, {0x10349f9, 0xb}, {0x1082400, 0x1007340}, {0xc000a548f0, ...}, ...})
	D:/Go/src/6.824/src/labrpc/labrpc.go:496 +0x39d
6.824/labrpc.(*Server).dispatch(0xc0006fa078, {{0xfff740, 0xc000164fc0}, {0x10349f9, 0xb}, {0x1082400, 0x1007340}, {0xc000a548f0, 0x5d, 0xa7}, ...})
	D:/Go/src/6.824/src/labrpc/labrpc.go:420 +0x1fe
6.824/labrpc.(*Network).processReq.func1()
	D:/Go/src/6.824/src/labrpc/labrpc.go:240 +0x58
created by 6.824/labrpc.(*Network).processReq
	D:/Go/src/6.824/src/labrpc/labrpc.go:239 +0x1df

goroutine 169146 [semacquire]:
bytes.NewBuffer(...)
	D:/ProgramFiles/Go/src/bytes/buffer.go:451
6.824/labrpc.(*ClientEnd).Call(0xc000410040, {0x1035793, 0x1082400}, {0xff78c0, 0xc0002b2f60}, {0xff7900, 0xc0004accb0})
	D:/Go/src/6.824/src/labrpc/labrpc.go:114 +0x2b0
6.824/raft.(*Raft).sendAppendLog(...)
	D:/Go/src/6.824/src/raft/raft.go:455
6.824/raft.(*Raft).sendMsg.func1(0x2)
	D:/Go/src/6.824/src/raft/raft.go:298 +0x90
created by 6.824/raft.(*Raft).sendMsg
	D:/Go/src/6.824/src/raft/raft.go:296 +0x44f

goroutine 169275 [runnable]:
sync.runtime_SemacquireMutex(0xc0007ffc20, 0x93, 0xe)
	D:/ProgramFiles/Go/src/runtime/sema.go:71 +0x25
sync.(*Mutex).lockSlow(0xc00014c0f0)
	D:/ProgramFiles/Go/src/sync/mutex.go:138 +0x165
sync.(*Mutex).Lock(...)
	D:/ProgramFiles/Go/src/sync/mutex.go:81
6.824/raft.(*Raft).lock(...)
	D:/Go/src/6.824/src/raft/raft.go:468
6.824/raft.(*Raft).receiveAppendReplay(0xc00014c0f0, 0x2, 0x1, 0xc0009292a0)
	D:/Go/src/6.824/src/raft/raft.go:407 +0x5d
6.824/raft.(*Raft).sendMsg.func1(0x2)
	D:/Go/src/6.824/src/raft/raft.go:300 +0xad
created by 6.824/raft.(*Raft).sendMsg
	D:/Go/src/6.824/src/raft/raft.go:296 +0x44f

goroutine 169178 [select]:
6.824/kvraft.(*KVServer).Do(0xc000865590, 0xc000642090, 0xc000c81188)
	D:/Go/src/6.824/src/kvraft/server.go:71 +0x2f4
reflect.Value.call({0xc000052180, 0xc00080e008, 0xc0000afb10}, {0x10334cd, 0x4}, {0xc0000afc68, 0x3, 0xc0000afb40})
	D:/ProgramFiles/Go/src/reflect/value.go:543 +0x814
reflect.Value.Call({0xc000052180, 0xc00080e008, 0xc0001ccf90}, {0xc0000afc68, 0x3, 0x3})
	D:/ProgramFiles/Go/src/reflect/value.go:339 +0xc5
6.824/labrpc.(*Service).dispatch(0xc000208080, {0x1034a02, 0x2}, {{0xfff740, 0xc000165280}, {0x10349f9, 0xb}, {0x1082400, 0x1007340}, {0xc000a542c0, ...}, ...})
	D:/Go/src/6.824/src/labrpc/labrpc.go:496 +0x39d
6.824/labrpc.(*Server).dispatch(0xc0006fa078, {{0xfff740, 0xc000165280}, {0x10349f9, 0xb}, {0x1082400, 0x1007340}, {0xc000a542c0, 0x5c, 0xa6}, ...})
	D:/Go/src/6.824/src/labrpc/labrpc.go:420 +0x1fe
6.824/labrpc.(*Network).processReq.func1()
	D:/Go/src/6.824/src/labrpc/labrpc.go:240 +0x58
created by 6.824/labrpc.(*Network).processReq
	D:/Go/src/6.824/src/labrpc/labrpc.go:239 +0x1df

goroutine 169183 [chan receive]:
6.824/labrpc.(*ClientEnd).Call(0xc0001ca8e0, {0x10349f9, 0xc000701fa0}, {0x1007340, 0xc00022fe60}, {0xff7480, 0xc0006d2660})
	D:/Go/src/6.824/src/labrpc/labrpc.go:112 +0x26e
6.824/kvraft.(*Clerk).Execute.func1(0x4, {0x3, {0x103cd6c, 0x1}, {0xc000928d80, 0x8}, 0xd6983989, 0x8c})
	D:/Go/src/6.824/src/kvraft/client.go:47 +0x11f
created by 6.824/kvraft.(*Clerk).Execute
	D:/Go/src/6.824/src/kvraft/client.go:45 +0x1b2

goroutine 169471 [chan receive]:
6.824/labrpc.(*ClientEnd).Call(0xc0001ca3a0, {0x10349f9, 0xff78c0}, {0x1007340, 0xc000179e00}, {0xff7480, 0xc000c2e018})
	D:/Go/src/6.824/src/labrpc/labrpc.go:112 +0x26e
6.824/kvraft.(*Clerk).Execute.func1(0x1, {0x1, {0x1041d7c, 0x2}, {0x0, 0x0}, 0x662e7a67, 0x92})
	D:/Go/src/6.824/src/kvraft/client.go:47 +0x11f
created by 6.824/kvraft.(*Clerk).Execute
	D:/Go/src/6.824/src/kvraft/client.go:45 +0x1b2

goroutine 169489 [chan receive]:
6.824/labrpc.(*ClientEnd).Call(0xc0001ca0c0, {0x10349f9, 0x0}, {0x1007340, 0xc0006f9770}, {0xff7480, 0xc00095ae88})
	D:/Go/src/6.824/src/labrpc/labrpc.go:112 +0x26e
6.824/kvraft.(*Clerk).Execute.func1(0x1, {0x1, {0x1041d76, 0x2}, {0x0, 0x0}, 0x9be1b5f0, 0x88})
	D:/Go/src/6.824/src/kvraft/client.go:47 +0x11f
created by 6.824/kvraft.(*Clerk).Execute
	D:/Go/src/6.824/src/kvraft/client.go:45 +0x1b2

goroutine 169234 [chan receive]:
6.824/labrpc.(*ClientEnd).Call(0xc0001cabe0, {0x10349f9, 0xc00018bfa0}, {0x1007340, 0xc000391c80}, {0xff7480, 0xc00069d770})
	D:/Go/src/6.824/src/labrpc/labrpc.go:112 +0x26e
6.824/kvraft.(*Clerk).Execute.func1(0x3, {0x1, {0x103cd66, 0x1}, {0x0, 0x0}, 0x27cbf775, 0x86})
	D:/Go/src/6.824/src/kvraft/client.go:47 +0x11f
created by 6.824/kvraft.(*Clerk).Execute
	D:/Go/src/6.824/src/kvraft/client.go:45 +0x1b2

goroutine 169241 [chan receive]:
6.824/labrpc.(*ClientEnd).Call(0xc0001ca220, {0x10349f9, 0xff78c0}, {0x1007340, 0xc0004d3320}, {0xff7480, 0xc0006d2c00})
	D:/Go/src/6.824/src/labrpc/labrpc.go:112 +0x26e
6.824/kvraft.(*Clerk).Execute.func1(0x3, {0x3, {0x1041d78, 0x2}, {0xc0003072d0, 0x9}, 0x9ab849b0, 0x8e})
	D:/Go/src/6.824/src/kvraft/client.go:47 +0x11f
created by 6.824/kvraft.(*Clerk).Execute
	D:/Go/src/6.824/src/kvraft/client.go:45 +0x1b2

goroutine 169243 [select]:
6.824/kvraft.(*KVServer).Do(0xc000865590, 0xc0004d3ad0, 0xc0006d2f18)
	D:/Go/src/6.824/src/kvraft/server.go:71 +0x2f4
reflect.Value.call({0xc000052180, 0xc00080e008, 0xc00065fb10}, {0x10334cd, 0x4}, {0xc00065fc68, 0x3, 0xc00065fb40})
	D:/ProgramFiles/Go/src/reflect/value.go:543 +0x814
reflect.Value.Call({0xc000052180, 0xc00080e008, 0xc0001cc100}, {0xc00065fc68, 0x3, 0x3})
	D:/ProgramFiles/Go/src/reflect/value.go:339 +0xc5
6.824/labrpc.(*Service).dispatch(0xc000208080, {0x1034a02, 0x2}, {{0xfff740, 0xc0001641e0}, {0x10349f9, 0xb}, {0x1082400, 0x1007340}, {0xc00021e000, ...}, ...})
	D:/Go/src/6.824/src/labrpc/labrpc.go:496 +0x39d
6.824/labrpc.(*Server).dispatch(0xc0006fa078, {{0xfff740, 0xc0001641e0}, {0x10349f9, 0xb}, {0x1082400, 0x1007340}, {0xc00021e000, 0x68, 0xb2}, ...})
	D:/Go/src/6.824/src/labrpc/labrpc.go:420 +0x1fe
6.824/labrpc.(*Network).processReq.func1()
	D:/Go/src/6.824/src/labrpc/labrpc.go:240 +0x58
created by 6.824/labrpc.(*Network).processReq
	D:/Go/src/6.824/src/labrpc/labrpc.go:239 +0x1df

goroutine 169512 [semacquire]:
sync.runtime_SemacquireMutex(0xc00034d398, 0xbd, 0x60)
	D:/ProgramFiles/Go/src/runtime/sema.go:71 +0x25
sync.(*Mutex).lockSlow(0xc000865590)
	D:/ProgramFiles/Go/src/sync/mutex.go:138 +0x165
sync.(*Mutex).Lock(...)
	D:/ProgramFiles/Go/src/sync/mutex.go:81
6.824/kvraft.(*KVServer).lock(...)
	D:/Go/src/6.824/src/kvraft/server.go:35
6.824/kvraft.(*KVServer).Do(0xc000865590, 0xc0003a4de0, 0xc000af3500)
	D:/Go/src/6.824/src/kvraft/server.go:44 +0x79
reflect.Value.call({0xc000052180, 0xc00080e008, 0xc00034db10}, {0x10334cd, 0x4}, {0xc00034dc68, 0x3, 0xc00034db40})
	D:/ProgramFiles/Go/src/reflect/value.go:543 +0x814
reflect.Value.Call({0xc000052180, 0xc00080e008, 0xc00080ef40}, {0xc00034dc68, 0x3, 0x3})
	D:/ProgramFiles/Go/src/reflect/value.go:339 +0xc5
6.824/labrpc.(*Service).dispatch(0xc000208080, {0x1034a02, 0x2}, {{0xfff740, 0xc0001f4000}, {0x10349f9, 0xb}, {0x1082400, 0x1007340}, {0xc000944000, ...}, ...})
	D:/Go/src/6.824/src/labrpc/labrpc.go:496 +0x39d
6.824/labrpc.(*Server).dispatch(0xc0006fa078, {{0xfff740, 0xc0001f4000}, {0x10349f9, 0xb}, {0x1082400, 0x1007340}, {0xc000944000, 0x66, 0xb0}, ...})
	D:/Go/src/6.824/src/labrpc/labrpc.go:420 +0x1fe
6.824/labrpc.(*Network).processReq.func1()
	D:/Go/src/6.824/src/labrpc/labrpc.go:240 +0x58
created by 6.824/labrpc.(*Network).processReq
	D:/Go/src/6.824/src/labrpc/labrpc.go:239 +0x1df

goroutine 169457 [runnable]:
6.824/raft.(*Raft).sendMsg·dwrap·13()
	D:/Go/src/6.824/src/raft/raft.go:296
runtime.goexit()
	D:/ProgramFiles/Go/src/runtime/asm_amd64.s:1581 +0x1
created by 6.824/raft.(*Raft).sendMsg
	D:/Go/src/6.824/src/raft/raft.go:296 +0x44f
exit status 2
FAIL	6.824/kvraft	39.766s
