Test: InstallSnapshot RPC (3B) ...
  ... Passed --   3.8  3  1242   63
Test: snapshot size is reasonable (3B) ...
  ... Passed --   5.3  3  3404  800
Test: ops complete fast enough (3B) ...
  ... Passed --   5.9  3  4019    0
Test: restarts, snapshots, one client (3B) ...
  ... Passed --  19.5  5 20426 3015
Test: restarts, snapshots, many clients (3B) ...
panic: runtime error: slice bounds out of range [:824638691583] with capacity 34

goroutine 182530 [running]:
6.824/raft.(*Raft).cutLog(...)
	D:/Go/src/6.824/src/raft/raft.go:111
6.824/raft.(*Raft).AppendLog(0xc00014c0f0, 0xc000366a20, 0xc00048c0a0)
	D:/Go/src/6.824/src/raft/raft.go:397 +0x5ae
reflect.Value.call({0xc000052300, 0xc000006f38, 0xc00063fb10}, {0xd134cd, 0x4}, {0xc00063fc68, 0x3, 0xc00063fb40})
	D:/ProgramFiles/Go/src/reflect/value.go:543 +0x814
reflect.Value.Call({0xc000052300, 0xc000006f38, 0xc0003f3258}, {0xc00063fc68, 0x3, 0x3})
	D:/ProgramFiles/Go/src/reflect/value.go:339 +0xc5
6.824/labrpc.(*Service).dispatch(0xc000167a40, {0xd15798, 0x9}, {{0xcdf740, 0xc000a7c790}, {0xd15793, 0xe}, {0xd62400, 0xcd78c0}, {0xc00070e000, ...}, ...})
	D:/Go/src/6.824/src/labrpc/labrpc.go:496 +0x39d
6.824/labrpc.(*Server).dispatch(0xc0016c5530, {{0xcdf740, 0xc000a7c790}, {0xd15793, 0xe}, {0xd62400, 0xcd78c0}, {0xc00070e000, 0x3d4, 0x78c}, ...})
	D:/Go/src/6.824/src/labrpc/labrpc.go:420 +0x1fe
6.824/labrpc.(*Network).processReq.func1()
	D:/Go/src/6.824/src/labrpc/labrpc.go:240 +0x58
created by 6.824/labrpc.(*Network).processReq
	D:/Go/src/6.824/src/labrpc/labrpc.go:239 +0x1df
exit status 2
FAIL	6.824/kvraft	42.943s
