Test: InstallSnapshot RPC (3B) ...
  ... Passed --   4.5  3  1224   63
Test: snapshot size is reasonable (3B) ...
  ... Passed --   5.5  3  3526  800
Test: ops complete fast enough (3B) ...
  ... Passed --   7.0  3  4357    0
Test: restarts, snapshots, one client (3B) ...
  ... Passed --  20.3  5 16909 2523
Test: restarts, snapshots, many clients (3B) ...
panic: test timed out after 10m0s

goroutine 17999597 [running]:
testing.(*M).startAlarm.func1()
	D:/ProgramFiles/Go/src/testing/testing.go:1788 +0x8e
created by time.goFunc
	D:/ProgramFiles/Go/src/time/sleep.go:180 +0x31

goroutine 1 [chan receive, 9 minutes]:
testing.(*T).Run(0xc00012e680, {0x4bb990, 0x35c253}, 0x4c9278)
	D:/ProgramFiles/Go/src/testing/testing.go:1307 +0x375
testing.runTests.func1(0xc00012e680)
	D:/ProgramFiles/Go/src/testing/testing.go:1598 +0x6e
testing.tRunner(0xc00012e680, 0xc00007dd18)
	D:/ProgramFiles/Go/src/testing/testing.go:1259 +0x102
testing.runTests(0xc000138000, {0x614300, 0x17, 0x17}, {0x37d42d, 0x4b5961, 0x617d80})
	D:/ProgramFiles/Go/src/testing/testing.go:1596 +0x43f
testing.(*M).Run(0xc000138000)
	D:/ProgramFiles/Go/src/testing/testing.go:1504 +0x51d
main.main()
	_testmain.go:87 +0x14b

goroutine 97618 [chan send, 9 minutes]:
6.824/kvraft.run_client.func1()
	D:/Go/src/6.824/src/kvraft/test_test.go:101 +0x2d
6.824/kvraft.run_client(0x4bcd66, 0xc0000a4780, 0xc000521b30, 0x9, 0xc00093f810)
	D:/Go/src/6.824/src/kvraft/test_test.go:106 +0x107
created by 6.824/kvraft.spawn_clients_and_wait
	D:/Go/src/6.824/src/kvraft/test_test.go:113 +0x51

goroutine 97609 [chan send, 9 minutes]:
6.824/kvraft.run_client.func1()
	D:/Go/src/6.824/src/kvraft/test_test.go:101 +0x2d
6.824/kvraft.run_client(0xc000598de0, 0xc0000a4780, 0x120, 0xc000598cc0, 0xc00093f810)
	D:/Go/src/6.824/src/kvraft/test_test.go:106 +0x107
created by 6.824/kvraft.spawn_clients_and_wait
	D:/Go/src/6.824/src/kvraft/test_test.go:113 +0x51

goroutine 305985 [sleep]:
time.Sleep(0x4c4b400)
	D:/ProgramFiles/Go/src/runtime/time.go:193 +0x133
6.824/raft.(*Raft).heartTicker(0xc00014c2d0, 0xc00093f090)
	D:/Go/src/6.824/src/raft/raft.go:610 +0x4f
created by 6.824/raft.(*Raft).BeLeader
	D:/Go/src/6.824/src/raft/raft.go:602 +0xcf

goroutine 97616 [chan send, 9 minutes]:
6.824/kvraft.run_client.func1()
	D:/Go/src/6.824/src/kvraft/test_test.go:101 +0x2d
6.824/kvraft.run_client(0xc000770600, 0xc0000a4780, 0x113e, 0xc000428a20, 0xc00093f810)
	D:/Go/src/6.824/src/kvraft/test_test.go:106 +0x107
created by 6.824/kvraft.spawn_clients_and_wait
	D:/Go/src/6.824/src/kvraft/test_test.go:113 +0x51

goroutine 17999596 [runnable]:
6.824/raft.(*Raft).AppendLog路dwrap路16()
	D:/Go/src/6.824/src/raft/raft.go:397
runtime.goexit()
	D:/ProgramFiles/Go/src/runtime/asm_amd64.s:1581 +0x1
created by 6.824/raft.(*Raft).AppendLog
	D:/Go/src/6.824/src/raft/raft.go:397 +0x552

goroutine 97615 [chan send, 9 minutes]:
6.824/kvraft.run_client.func1()
	D:/Go/src/6.824/src/kvraft/test_test.go:101 +0x2d
6.824/kvraft.run_client(0xc000056960, 0xc0000a4780, 0xc00077dfd0, 0x44b20d, 0xc00093f810)
	D:/Go/src/6.824/src/kvraft/test_test.go:106 +0x107
created by 6.824/kvraft.spawn_clients_and_wait
	D:/Go/src/6.824/src/kvraft/test_test.go:113 +0x51

goroutine 97620 [chan send, 9 minutes]:
6.824/kvraft.run_client.func1()
	D:/Go/src/6.824/src/kvraft/test_test.go:101 +0x2d
6.824/kvraft.run_client(0xc000598ae0, 0xc0000a4780, 0xc00065bfd0, 0x44b20d, 0xc00093f810)
	D:/Go/src/6.824/src/kvraft/test_test.go:106 +0x107
created by 6.824/kvraft.spawn_clients_and_wait
	D:/Go/src/6.824/src/kvraft/test_test.go:113 +0x51

goroutine 97610 [chan send, 9 minutes]:
6.824/kvraft.run_client.func1()
	D:/Go/src/6.824/src/kvraft/test_test.go:101 +0x2d
6.824/kvraft.run_client(0xc00037a000, 0xc0000a4780, 0x28a, 0xc000599620, 0xc00093f810)
	D:/Go/src/6.824/src/kvraft/test_test.go:106 +0x107
created by 6.824/kvraft.spawn_clients_and_wait
	D:/Go/src/6.824/src/kvraft/test_test.go:113 +0x51

goroutine 297031 [chan receive]:
6.824/kvraft.(*KVServer).doExecute(0xc00061d180)
	D:/Go/src/6.824/src/kvraft/server.go:123 +0x70
created by 6.824/kvraft.StartKVServer
	D:/Go/src/6.824/src/kvraft/server.go:198 +0x207

goroutine 306054 [sleep]:
time.Sleep(0x4c4b400)
	D:/ProgramFiles/Go/src/runtime/time.go:193 +0x133
6.824/raft.(*Raft).heartTicker(0xc00014c2d0, 0xc00093f090)
	D:/Go/src/6.824/src/raft/raft.go:610 +0x4f
created by 6.824/raft.(*Raft).BeLeader
	D:/Go/src/6.824/src/raft/raft.go:602 +0xcf

goroutine 188181 [chan send, 9 minutes]:
6.824/kvraft.GenericTest.func1.1()
	D:/Go/src/6.824/src/kvraft/test_test.go:256 +0x3f
6.824/kvraft.GenericTest.func1(0x11, 0xc00057ec60, 0xc00024e4e0)
	D:/Go/src/6.824/src/kvraft/test_test.go:291 +0x5f9
6.824/kvraft.run_client(0xc000667ef0, 0xc0000a4780, 0xc000fcbfd0, 0x44b20d, 0xc0005c3040)
	D:/Go/src/6.824/src/kvraft/test_test.go:103 +0xe4
created by 6.824/kvraft.spawn_clients_and_wait
	D:/Go/src/6.824/src/kvraft/test_test.go:113 +0x51

goroutine 97619 [chan send, 9 minutes]:
6.824/kvraft.run_client.func1()
	D:/Go/src/6.824/src/kvraft/test_test.go:101 +0x2d
6.824/kvraft.run_client(0xc0002622c0, 0xc0000a4780, 0x28a, 0xc000428000, 0xc00093f810)
	D:/Go/src/6.824/src/kvraft/test_test.go:106 +0x107
created by 6.824/kvraft.spawn_clients_and_wait
	D:/Go/src/6.824/src/kvraft/test_test.go:113 +0x51

goroutine 97617 [chan send, 9 minutes]:
6.824/kvraft.run_client.func1()
	D:/Go/src/6.824/src/kvraft/test_test.go:101 +0x2d
6.824/kvraft.run_client(0xc00050ff20, 0xc0000a4780, 0xc000659fd0, 0x44b20d, 0xc00093f810)
	D:/Go/src/6.824/src/kvraft/test_test.go:106 +0x107
created by 6.824/kvraft.spawn_clients_and_wait
	D:/Go/src/6.824/src/kvraft/test_test.go:113 +0x51

goroutine 97622 [chan send, 9 minutes]:
6.824/kvraft.run_client.func1()
	D:/Go/src/6.824/src/kvraft/test_test.go:101 +0x2d
6.824/kvraft.run_client(0xc00050c960, 0xc0000a4780, 0xc000923fd0, 0x44b20d, 0xc00093f810)
	D:/Go/src/6.824/src/kvraft/test_test.go:106 +0x107
created by 6.824/kvraft.spawn_clients_and_wait
	D:/Go/src/6.824/src/kvraft/test_test.go:113 +0x51

goroutine 297026 [sleep]:
time.Sleep(0x9c67100)
	D:/ProgramFiles/Go/src/runtime/time.go:193 +0x133
6.824/raft.(*Raft).electionTicker(0xc00014c4b0)
	D:/Go/src/6.824/src/raft/raft.go:622 +0x95
created by 6.824/raft.Make
	D:/Go/src/6.824/src/raft/raft.go:664 +0x2a7

goroutine 97623 [chan send, 9 minutes]:
6.824/kvraft.run_client.func1()
	D:/Go/src/6.824/src/kvraft/test_test.go:101 +0x2d
6.824/kvraft.run_client(0x0, 0xc0000a4780, 0x0, 0x0, 0xc00093f810)
	D:/Go/src/6.824/src/kvraft/test_test.go:106 +0x107
created by 6.824/kvraft.spawn_clients_and_wait
	D:/Go/src/6.824/src/kvraft/test_test.go:113 +0x51

goroutine 97612 [chan send, 9 minutes]:
6.824/kvraft.run_client.func1()
	D:/Go/src/6.824/src/kvraft/test_test.go:101 +0x2d
6.824/kvraft.run_client(0xc00014c4b0, 0xc0000a4780, 0xc0008ed000, 0xecd, 0xc00093f810)
	D:/Go/src/6.824/src/kvraft/test_test.go:106 +0x107
created by 6.824/kvraft.spawn_clients_and_wait
	D:/Go/src/6.824/src/kvraft/test_test.go:113 +0x51

goroutine 188179 [chan send, 9 minutes]:
6.824/kvraft.GenericTest.func1.1()
	D:/Go/src/6.824/src/kvraft/test_test.go:256 +0x3f
6.824/kvraft.GenericTest.func1(0xf, 0xc00057ec30, 0xc00024e4e0)
	D:/Go/src/6.824/src/kvraft/test_test.go:291 +0x5f9
6.824/kvraft.run_client(0xc00014c2d0, 0xc0000a4780, 0xc000b6a000, 0x4422, 0xc0005c3040)
	D:/Go/src/6.824/src/kvraft/test_test.go:103 +0xe4
created by 6.824/kvraft.spawn_clients_and_wait
	D:/Go/src/6.824/src/kvraft/test_test.go:113 +0x51

goroutine 97611 [chan send, 9 minutes]:
6.824/kvraft.run_client.func1()
	D:/Go/src/6.824/src/kvraft/test_test.go:101 +0x2d
6.824/kvraft.run_client(0xc00050fe60, 0xc0000a4780, 0x28a, 0xc00050fd40, 0xc00093f810)
	D:/Go/src/6.824/src/kvraft/test_test.go:106 +0x107
created by 6.824/kvraft.spawn_clients_and_wait
	D:/Go/src/6.824/src/kvraft/test_test.go:113 +0x51

goroutine 97560 [select]:
6.824/labrpc.MakeNetwork.func1()
	D:/Go/src/6.824/src/labrpc/labrpc.go:153 +0xbe
created by 6.824/labrpc.MakeNetwork
	D:/Go/src/6.824/src/labrpc/labrpc.go:151 +0x17b

goroutine 97621 [chan send, 9 minutes]:
6.824/kvraft.run_client.func1()
	D:/Go/src/6.824/src/kvraft/test_test.go:101 +0x2d
6.824/kvraft.run_client(0x2f39e9, 0xc0000a4780, 0x0, 0x496200, 0xc00093f810)
	D:/Go/src/6.824/src/kvraft/test_test.go:106 +0x107
created by 6.824/kvraft.spawn_clients_and_wait
	D:/Go/src/6.824/src/kvraft/test_test.go:113 +0x51

goroutine 97613 [chan send, 9 minutes]:
6.824/kvraft.run_client.func1()
	D:/Go/src/6.824/src/kvraft/test_test.go:101 +0x2d
6.824/kvraft.run_client(0xc000599140, 0xc0000a4780, 0x28a, 0xc000599020, 0xc00093f810)
	D:/Go/src/6.824/src/kvraft/test_test.go:106 +0x107
created by 6.824/kvraft.spawn_clients_and_wait
	D:/Go/src/6.824/src/kvraft/test_test.go:113 +0x51

goroutine 97614 [chan send, 9 minutes]:
6.824/kvraft.run_client.func1()
	D:/Go/src/6.824/src/kvraft/test_test.go:101 +0x2d
6.824/kvraft.run_client(0x0, 0xc0000a4780, 0xc0004e3fd0, 0x44d7c6, 0xc00093f810)
	D:/Go/src/6.824/src/kvraft/test_test.go:106 +0x107
created by 6.824/kvraft.spawn_clients_and_wait
	D:/Go/src/6.824/src/kvraft/test_test.go:113 +0x51

goroutine 97559 [chan receive, 9 minutes]:
6.824/kvraft.GenericTest(0xc00024e4e0, {0x4b3258, 0x2}, 0x14, 0x5, 0x0, 0x1, 0x0, 0x3e8, 0x0)
	D:/Go/src/6.824/src/kvraft/test_test.go:334 +0xf88
6.824/kvraft.TestSnapshotRecoverManyClients3B(0x502400)
	D:/Go/src/6.824/src/kvraft/test_test.go:695 +0x45
testing.tRunner(0xc00024e4e0, 0x4c9278)
	D:/ProgramFiles/Go/src/testing/testing.go:1259 +0x102
created by testing.(*T).Run
	D:/ProgramFiles/Go/src/testing/testing.go:1306 +0x35a

goroutine 296990 [sleep]:
time.Sleep(0x93d1cc0)
	D:/ProgramFiles/Go/src/runtime/time.go:193 +0x133
6.824/raft.(*Raft).electionTicker(0xc00014c2d0)
	D:/Go/src/6.824/src/raft/raft.go:622 +0x95
created by 6.824/raft.Make
	D:/Go/src/6.824/src/raft/raft.go:664 +0x2a7

goroutine 297030 [sleep]:
time.Sleep(0xc751640)
	D:/ProgramFiles/Go/src/runtime/time.go:193 +0x133
6.824/raft.(*Raft).electionTicker(0xc00014c690)
	D:/Go/src/6.824/src/raft/raft.go:622 +0x95
created by 6.824/raft.Make
	D:/Go/src/6.824/src/raft/raft.go:664 +0x2a7

goroutine 297029 [chan receive]:
6.824/kvraft.(*KVServer).doExecute(0xc00061d0e0)
	D:/Go/src/6.824/src/kvraft/server.go:123 +0x70
created by 6.824/kvraft.StartKVServer
	D:/Go/src/6.824/src/kvraft/server.go:198 +0x207

goroutine 188163 [chan receive, 9 minutes]:
6.824/kvraft.spawn_clients_and_wait(0xc00024e4e0, 0xc0000a4780, 0x14, 0xc0005c3040)
	D:/Go/src/6.824/src/kvraft/test_test.go:117 +0x185
created by 6.824/kvraft.GenericTest
	D:/Go/src/6.824/src/kvraft/test_test.go:253 +0x6bd

goroutine 17999521 [runnable]:
encoding/gob.(*Decoder).compileDec(0xc0000be600, 0xab19e0, 0xc0000507c0)
	D:/ProgramFiles/Go/src/encoding/gob/decode.go:1132 +0x844
encoding/gob.(*Decoder).getDecEnginePtr(0xc0000be600, 0x499920, 0xc0000507c0)
	D:/ProgramFiles/Go/src/encoding/gob/decode.go:1147 +0x145
encoding/gob.(*Decoder).decOpFor(0xc0000be600, 0x502400, {0x502400, 0x498ae0}, {0x46c2ba, 0x6}, 0x0)
	D:/ProgramFiles/Go/src/encoding/gob/decode.go:854 +0x52d
encoding/gob.(*Decoder).compileDec(0xc0000be600, 0xab19b0, 0xc0000514c0)
	D:/ProgramFiles/Go/src/encoding/gob/decode.go:1128 +0x6e8
encoding/gob.(*Decoder).getDecEnginePtr(0xc0000be600, 0x487640, 0xc0000514c0)
	D:/ProgramFiles/Go/src/encoding/gob/decode.go:1147 +0x145
encoding/gob.(*Decoder).decodeValue(0xc0000be600, 0xea1c78, {0x487640, 0xc000aaf500, 0xc0000be618})
	D:/ProgramFiles/Go/src/encoding/gob/decode.go:1192 +0xf3
encoding/gob.(*Decoder).recvType(0xc0000be600, 0x42)
	D:/ProgramFiles/Go/src/encoding/gob/decoder.go:67 +0x13c
encoding/gob.(*Decoder).decodeTypeSequence(0xc0000be600, 0x0)
	D:/ProgramFiles/Go/src/encoding/gob/decoder.go:154 +0x6d
encoding/gob.(*Decoder).DecodeValue(0xc0000be600, {0x477480, 0xc000d01a10, 0xc000ea1d70})
	D:/ProgramFiles/Go/src/encoding/gob/decoder.go:214 +0x18f
encoding/gob.(*Decoder).Decode(0xc0000be600, {0x477480, 0xc000d01a10})
	D:/ProgramFiles/Go/src/encoding/gob/decoder.go:191 +0x137
6.824/labgob.(*LabDecoder).Decode(0xc000ea1e00, {0x477480, 0xc000d01a10})
	D:/Go/src/6.824/src/labgob/labgob.go:55 +0x54
6.824/labrpc.(*ClientEnd).Call(0xc0004619c0, {0x4b49f9, 0xc000ea1f50}, {0x487340, 0xc000ab14d0}, {0x477480, 0xc000d01a10})
	D:/Go/src/6.824/src/labrpc/labrpc.go:116 +0x326
6.824/kvraft.(*Clerk).Execute.func1(0x1, {0x1, {0x4c1d7a, 0x2}, {0x0, 0x0}, 0x1859e73a, 0xdd})
	D:/Go/src/6.824/src/kvraft/client.go:47 +0x11f
created by 6.824/kvraft.(*Clerk).Execute
	D:/Go/src/6.824/src/kvraft/client.go:45 +0x1b2

goroutine 297027 [chan receive]:
6.824/kvraft.(*KVServer).doExecute(0xc00061d040)
	D:/Go/src/6.824/src/kvraft/server.go:123 +0x70
created by 6.824/kvraft.StartKVServer
	D:/Go/src/6.824/src/kvraft/server.go:198 +0x207

goroutine 188182 [chan send, 9 minutes]:
6.824/kvraft.GenericTest.func1.1()
	D:/Go/src/6.824/src/kvraft/test_test.go:256 +0x3f
6.824/kvraft.GenericTest.func1(0x12, 0xc00057ec90, 0xc00024e4e0)
	D:/Go/src/6.824/src/kvraft/test_test.go:291 +0x5f9
6.824/kvraft.run_client(0xc000df8000, 0xc0000a4780, 0x4654, 0xc000056480, 0xc0005c3040)
	D:/Go/src/6.824/src/kvraft/test_test.go:103 +0xe4
created by 6.824/kvraft.spawn_clients_and_wait
	D:/Go/src/6.824/src/kvraft/test_test.go:113 +0x51

goroutine 188178 [select]:
6.824/kvraft.(*Clerk).Execute(0xc0002cd100, 0xc001367c70, 0xc001367c58)
	D:/Go/src/6.824/src/kvraft/client.go:52 +0x219
6.824/kvraft.(*Clerk).Get(0xc001367cd8, {0x4c1d7a, 0xa})
	D:/Go/src/6.824/src/kvraft/client.go:74 +0x127
6.824/kvraft.Get(0xc0000a4780, 0x2, {0x4c1d7a, 0x2}, 0xc0002e2780, 0xe)
	D:/Go/src/6.824/src/kvraft/test_test.go:43 +0xbb
6.824/kvraft.GenericTest.func1(0xe, 0xc00057ec00, 0xc00024e4e0)
	D:/Go/src/6.824/src/kvraft/test_test.go:284 +0x3e5
6.824/kvraft.run_client(0xc000056d20, 0xc0000a4780, 0xc001367fd0, 0x44b20d, 0xc0005c3040)
	D:/Go/src/6.824/src/kvraft/test_test.go:103 +0xe4
created by 6.824/kvraft.spawn_clients_and_wait
	D:/Go/src/6.824/src/kvraft/test_test.go:113 +0x51

goroutine 296992 [sleep]:
time.Sleep(0xe9a6740)
	D:/ProgramFiles/Go/src/runtime/time.go:193 +0x133
6.824/raft.(*Raft).electionTicker(0xc00014c3c0)
	D:/Go/src/6.824/src/raft/raft.go:622 +0x95
created by 6.824/raft.Make
	D:/Go/src/6.824/src/raft/raft.go:664 +0x2a7

goroutine 188183 [chan send, 9 minutes]:
6.824/kvraft.GenericTest.func1.1()
	D:/Go/src/6.824/src/kvraft/test_test.go:256 +0x3f
6.824/kvraft.GenericTest.func1(0x13, 0xc0001d6420, 0xc00024e4e0)
	D:/Go/src/6.824/src/kvraft/test_test.go:291 +0x5f9
6.824/kvraft.run_client(0xc000e6c0b0, 0xc0000a4780, 0xa6, 0xc000a0a900, 0xc0005c3040)
	D:/Go/src/6.824/src/kvraft/test_test.go:103 +0xe4
created by 6.824/kvraft.spawn_clients_and_wait
	D:/Go/src/6.824/src/kvraft/test_test.go:113 +0x51

goroutine 296993 [chan receive]:
6.824/kvraft.(*KVServer).doExecute(0xc00061cfa0)
	D:/Go/src/6.824/src/kvraft/server.go:123 +0x70
created by 6.824/kvraft.StartKVServer
	D:/Go/src/6.824/src/kvraft/server.go:198 +0x207

goroutine 188180 [chan send, 9 minutes]:
6.824/kvraft.GenericTest.func1.1()
	D:/Go/src/6.824/src/kvraft/test_test.go:256 +0x3f
6.824/kvraft.GenericTest.func1(0x10, 0xc00057ebd0, 0xc00024e4e0)
	D:/Go/src/6.824/src/kvraft/test_test.go:291 +0x5f9
6.824/kvraft.run_client(0xc0000fe000, 0xc0000a4780, 0x7ae, 0xc000a0a660, 0xc0005c3040)
	D:/Go/src/6.824/src/kvraft/test_test.go:103 +0xe4
created by 6.824/kvraft.spawn_clients_and_wait
	D:/Go/src/6.824/src/kvraft/test_test.go:113 +0x51

goroutine 297028 [sleep]:
time.Sleep(0x119557c0)
	D:/ProgramFiles/Go/src/runtime/time.go:193 +0x133
6.824/raft.(*Raft).electionTicker(0xc00014c5a0)
	D:/Go/src/6.824/src/raft/raft.go:622 +0x95
created by 6.824/raft.Make
	D:/Go/src/6.824/src/raft/raft.go:664 +0x2a7

goroutine 17999513 [runnable]:
6.824/raft.(*Raft).AppendLog路dwrap路16()
	D:/Go/src/6.824/src/raft/raft.go:397
runtime.goexit()
	D:/ProgramFiles/Go/src/runtime/asm_amd64.s:1581 +0x1
created by 6.824/raft.(*Raft).AppendLog
	D:/Go/src/6.824/src/raft/raft.go:397 +0x552

goroutine 296991 [chan receive]:
6.824/kvraft.(*KVServer).doExecute(0xc00061cf00)
	D:/Go/src/6.824/src/kvraft/server.go:123 +0x70
created by 6.824/kvraft.StartKVServer
	D:/Go/src/6.824/src/kvraft/server.go:198 +0x207
exit status 2
FAIL	6.824/kvraft	600.131s
