Test: InstallSnapshot RPC (3B) ...
  ... Passed --   2.9  3  2041   63
Test: snapshot size is reasonable (3B) ...
  ... Passed --   6.9  3  4381  800
Test: ops complete fast enough (3B) ...
  ... Passed --   7.8  3  5057    0
Test: restarts, snapshots, one client (3B) ...
  ... Passed --  19.4  5 14343 2047
Test: restarts, snapshots, many clients (3B) ...
runtime: VirtualAlloc of 824645148672 bytes failed with errno=1455
fatal error: out of memory

runtime stack:
runtime.throw({0x10954dc, 0x2c138b55000})
	D:/ProgramFiles/Go/src/runtime/panic.go:1198 +0x76
runtime.sysUsed(0x2c000000000, 0xc000ae6000)
	D:/ProgramFiles/Go/src/runtime/mem_windows.go:83 +0x1c9
runtime.(*mheap).allocSpan(0x120fcc0, 0x6000573, 0x0, 0x1)
	D:/ProgramFiles/Go/src/runtime/mheap.go:1268 +0x3a5
runtime.(*mheap).alloc.func1()
	D:/ProgramFiles/Go/src/runtime/mheap.go:913 +0x69
runtime.systemstack()
	D:/ProgramFiles/Go/src/runtime/asm_amd64.s:383 +0x4e

goroutine 94470 [running]:
runtime.systemstack_switch()
	D:/ProgramFiles/Go/src/runtime/asm_amd64.s:350 fp=0xc000707c30 sp=0xc000707c28 pc=0xf37620
runtime.(*mheap).alloc(0xc000ae6000, 0x6000573, 0x5e, 0x0)
	D:/ProgramFiles/Go/src/runtime/mheap.go:907 +0x73 fp=0xc000707c80 sp=0xc000707c30 pc=0xef6753
runtime.(*mcache).allocLarge(0x27434050598, 0xc000ae4c00, 0x0, 0x1)
	D:/ProgramFiles/Go/src/runtime/mcache.go:227 +0x89 fp=0xc000707ce0 sp=0xc000707c80 pc=0xee6fc9
runtime.mallocgc(0xc000ae4c00, 0x0, 0x0)
	D:/ProgramFiles/Go/src/runtime/malloc.go:1082 +0x5c5 fp=0xc000707d60 sp=0xc000707ce0 pc=0xedd5a5
6.824/raft.clone(...)
	D:/Go/src/6.824/src/raft/persister.go:25
6.824/raft.(*Persister).SaveStateAndSnapshot(0xc0002f8540, {0xc00000e140, 0x5f, 0x1020014}, {0x665, 0xc000ae4c00, 0xc000419178})
	D:/Go/src/6.824/src/raft/persister.go:63 +0xfb fp=0xc000707db0 sp=0xc000707d60 pc=0x1029afb
6.824/raft.(*Raft).CondInstallSnapshot(0xc000198870, 0x1095793, 0xc0004ccd80, {0x665, 0xc000ae4c00, 0xc000418e10})
	D:/Go/src/6.824/src/raft/raft.go:187 +0x298 fp=0xc000707e28 sp=0xc000707db0 pc=0x102a6d8
6.824/kvraft.(*KVServer).doExecute(0xc000419130)
	D:/Go/src/6.824/src/kvraft/server.go:158 +0x555 fp=0xc000707fc8 sp=0xc000707e28 pc=0x1043d35
6.824/kvraft.StartKVServer·dwrap·17()
	D:/Go/src/6.824/src/kvraft/server.go:198 +0x26 fp=0xc000707fe0 sp=0xc000707fc8 pc=0x1044086
runtime.goexit()
	D:/ProgramFiles/Go/src/runtime/asm_amd64.s:1581 +0x1 fp=0xc000707fe8 sp=0xc000707fe0 pc=0xf399a1
created by 6.824/kvraft.StartKVServer
	D:/Go/src/6.824/src/kvraft/server.go:198 +0x207

goroutine 1 [chan receive]:
testing.(*T).Run(0xc0000856c0, {0x109b990, 0xf3c253}, 0x10a9278)
	D:/ProgramFiles/Go/src/testing/testing.go:1307 +0x375
testing.runTests.func1(0xc0000856c0)
	D:/ProgramFiles/Go/src/testing/testing.go:1598 +0x6e
testing.tRunner(0xc0000856c0, 0xc0000c3d18)
	D:/ProgramFiles/Go/src/testing/testing.go:1259 +0x102
testing.runTests(0xc000106000, {0x11f4300, 0x17, 0x17}, {0xf5d42d, 0x95961, 0x11f7d80})
	D:/ProgramFiles/Go/src/testing/testing.go:1596 +0x43f
testing.(*M).Run(0xc000106000)
	D:/ProgramFiles/Go/src/testing/testing.go:1504 +0x51d
main.main()
	_testmain.go:87 +0x14b

goroutine 94459 [sleep]:
time.Sleep(0x12a05f200)
	D:/ProgramFiles/Go/src/runtime/time.go:193 +0x133
6.824/kvraft.GenericTest(0xc0001f2000, {0x1093258, 0x2}, 0x14, 0x5, 0x0, 0x1, 0x0, 0x3e8, 0x0)
	D:/Go/src/6.824/src/kvraft/test_test.go:298 +0x787
6.824/kvraft.TestSnapshotRecoverManyClients3B(0xc0001d7520)
	D:/Go/src/6.824/src/kvraft/test_test.go:695 +0x45
testing.tRunner(0xc0001f2000, 0x10a9278)
	D:/ProgramFiles/Go/src/testing/testing.go:1259 +0x102
created by testing.(*T).Run
	D:/ProgramFiles/Go/src/testing/testing.go:1306 +0x35a

goroutine 135054 [semacquire]:
sync.runtime_SemacquireMutex(0xc000004120, 0xc0, 0xc000ae46c0)
	D:/ProgramFiles/Go/src/runtime/sema.go:71 +0x25
sync.(*Mutex).lockSlow(0xc000198870)
	D:/ProgramFiles/Go/src/sync/mutex.go:138 +0x165
sync.(*Mutex).Lock(...)
	D:/ProgramFiles/Go/src/sync/mutex.go:81
6.824/raft.(*Raft).lock(...)
	D:/Go/src/6.824/src/raft/raft.go:468
6.824/raft.(*Raft).Snapshot(0xc000198870, 0x5b5, {0xc000976a00, 0x18b9, 0x31ad})
	D:/Go/src/6.824/src/raft/raft.go:193 +0x6a
created by 6.824/kvraft.(*KVServer).SnapShot
	D:/Go/src/6.824/src/kvraft/server.go:107 +0x185

goroutine 135212 [semacquire]:
errors.New(...)
	D:/ProgramFiles/Go/src/errors/errors.go:59
encoding/gob.overflow(...)
	D:/ProgramFiles/Go/src/encoding/gob/decode.go:113
encoding/gob.(*Decoder).compileDec(0xc000112880, 0x10, 0xc0000cf480)
	D:/ProgramFiles/Go/src/encoding/gob/decode.go:1116 +0x32b
encoding/gob.(*Decoder).getDecEnginePtr(0xc000112880, 0x1067640, 0xc0000cf480)
	D:/ProgramFiles/Go/src/encoding/gob/decode.go:1147 +0x145
encoding/gob.(*Decoder).decodeValue(0xc000112880, 0x779a20, {0x1067640, 0xc00026b600, 0xc000112898})
	D:/ProgramFiles/Go/src/encoding/gob/decode.go:1192 +0xf3
encoding/gob.(*Decoder).recvType(0xc000112880, 0x48)
	D:/ProgramFiles/Go/src/encoding/gob/decoder.go:67 +0x13c
encoding/gob.(*Decoder).decodeTypeSequence(0xc000112880, 0x0)
	D:/ProgramFiles/Go/src/encoding/gob/decoder.go:154 +0x6d
encoding/gob.(*Decoder).DecodeValue(0xc000112880, {0xc0001cb6c0, 0xc0005b98f0, 0xc000779b18})
	D:/ProgramFiles/Go/src/encoding/gob/decoder.go:214 +0x18f
encoding/gob.(*Decoder).Decode(0xc000112880, {0xc0001cb6c0, 0xc0005b98f0})
	D:/ProgramFiles/Go/src/encoding/gob/decoder.go:191 +0x137
6.824/labgob.(*LabDecoder).Decode(0xc000779c30, {0xc0001cb6c0, 0xc0005b98f0})
	D:/Go/src/6.824/src/labgob/labgob.go:55 +0x54
6.824/labrpc.(*Service).dispatch(0xc0002f84c0, {0x1095798, 0x9}, {{0x105f740, 0xc0004ccd80}, {0x1095793, 0xe}, {0x10e2400, 0x10578c0}, {0xc0001c4000, ...}, ...})
	D:/Go/src/6.824/src/labrpc/labrpc.go:487 +0x238
6.824/labrpc.(*Server).dispatch(0xc000004108, {{0x105f740, 0xc0004ccd80}, {0x1095793, 0xe}, {0x10e2400, 0x10578c0}, {0xc0001c4000, 0x423, 0x7d7}, ...})
	D:/Go/src/6.824/src/labrpc/labrpc.go:420 +0x1fe
6.824/labrpc.(*Network).processReq.func1()
	D:/Go/src/6.824/src/labrpc/labrpc.go:240 +0x58
created by 6.824/labrpc.(*Network).processReq
	D:/Go/src/6.824/src/labrpc/labrpc.go:239 +0x1df

goroutine 94486 [select]:
6.824/kvraft.(*Clerk).Execute(0xc0002f8940, 0xc00020bc70, 0xc00020bc58)
	D:/Go/src/6.824/src/kvraft/client.go:52 +0x219
6.824/kvraft.(*Clerk).Get(0xc00020bcd8, {0x10a1d7a, 0x9})
	D:/Go/src/6.824/src/kvraft/client.go:74 +0x127
6.824/kvraft.Get(0xc00005e240, 0x2, {0x10a1d7a, 0x2}, 0xc0000c06e0, 0xe)
	D:/Go/src/6.824/src/kvraft/test_test.go:43 +0xbb
6.824/kvraft.GenericTest.func1(0xe, 0xc0001d0c00, 0xc0001f2000)
	D:/Go/src/6.824/src/kvraft/test_test.go:284 +0x3e5
6.824/kvraft.run_client(0x109cd66, 0xc00005e240, 0xc00032dea0, 0x9, 0xc0004191d0)
	D:/Go/src/6.824/src/kvraft/test_test.go:103 +0xe4
created by 6.824/kvraft.spawn_clients_and_wait
	D:/Go/src/6.824/src/kvraft/test_test.go:113 +0x51

goroutine 94464 [chan receive]:
6.824/kvraft.(*KVServer).doExecute(0xc000418f50)
	D:/Go/src/6.824/src/kvraft/server.go:123 +0x70
created by 6.824/kvraft.StartKVServer
	D:/Go/src/6.824/src/kvraft/server.go:198 +0x207

goroutine 134620 [semacquire]:
time.NewTimer(0xc000418e10)
	D:/ProgramFiles/Go/src/time/sleep.go:87 +0x2e
time.After(...)
	D:/ProgramFiles/Go/src/time/sleep.go:161
6.824/labrpc.(*Network).processReq(0xc000418e10, {{0x105f740, 0xc000540e40}, {0x10949f9, 0xb}, {0x10e2400, 0x1067340}, {0xc0007962c0, 0x5b, 0xa5}, ...})
	D:/Go/src/6.824/src/labrpc/labrpc.go:254 +0x3bb
created by 6.824/labrpc.MakeNetwork.func1
	D:/Go/src/6.824/src/labrpc/labrpc.go:157 +0x3e

goroutine 94488 [select]:
6.824/kvraft.(*Clerk).Execute(0xc0002f89c0, 0xc0007c1c80, 0xc0007c1c68)
	D:/Go/src/6.824/src/kvraft/client.go:52 +0x219
6.824/kvraft.(*Clerk).Append(0x9, {0x10a1d7e, 0xc0007c1d50}, {0xc00000b8a0, 0xc000248100})
	D:/Go/src/6.824/src/kvraft/client.go:103 +0x150
6.824/kvraft.Append(0xc00005e240, 0x2, {0x10a1d7e, 0x2}, {0xc00000b8a0, 0x9}, 0xc0000c06e0, 0x10)
	D:/Go/src/6.824/src/kvraft/test_test.go:77 +0xd5
6.824/kvraft.GenericTest.func1(0x10, 0xc0001d0c60, 0xc0001f2000)
	D:/Go/src/6.824/src/kvraft/test_test.go:272 +0x587
6.824/kvraft.run_client(0x0, 0xc00005e240, 0xc0003f18f0, 0x16c36e958cb7914c, 0xc0004191d0)
	D:/Go/src/6.824/src/kvraft/test_test.go:103 +0xe4
created by 6.824/kvraft.spawn_clients_and_wait
	D:/Go/src/6.824/src/kvraft/test_test.go:113 +0x51

goroutine 135228 [semacquire]:
sync.runtime_SemacquireMutex(0x0, 0x40, 0x10)
	D:/ProgramFiles/Go/src/runtime/sema.go:71 +0x25
sync.(*Mutex).lockSlow(0xc000198000)
	D:/ProgramFiles/Go/src/sync/mutex.go:138 +0x165
sync.(*Mutex).Lock(...)
	D:/ProgramFiles/Go/src/sync/mutex.go:81
6.824/raft.(*Raft).lock(...)
	D:/Go/src/6.824/src/raft/raft.go:468
6.824/raft.(*Raft).Snapshot(0xc000198000, 0x5cc, {0xc000652a00, 0x1939, 0x32ad})
	D:/Go/src/6.824/src/raft/raft.go:193 +0x6a
created by 6.824/kvraft.(*KVServer).SnapShot
	D:/Go/src/6.824/src/kvraft/server.go:107 +0x185

goroutine 135149 [select]:
6.824/labrpc.(*Network).processReq(0xc000418e10, {{0x105f740, 0xc0004ccdb0}, {0x1095793, 0xe}, {0x10e2400, 0x10578c0}, {0xc0008f8000, 0x423, 0x7d7}, ...})
	D:/Go/src/6.824/src/labrpc/labrpc.go:251 +0x41c
created by 6.824/labrpc.MakeNetwork.func1
	D:/Go/src/6.824/src/labrpc/labrpc.go:157 +0x3e

goroutine 134869 [chan receive]:
6.824/labrpc.(*ClientEnd).Call(0xc0000c0f40, {0x10949f9, 0xc000584fc0}, {0x1067340, 0xc0002476b0}, {0x1057480, 0xc000492d68})
	D:/Go/src/6.824/src/labrpc/labrpc.go:112 +0x26e
6.824/kvraft.(*Clerk).Execute.func1(0x4, {0x1, {0x10a1d7a, 0x2}, {0x0, 0x0}, 0xf96695a5, 0x53})
	D:/Go/src/6.824/src/kvraft/client.go:47 +0x11f
created by 6.824/kvraft.(*Clerk).Execute
	D:/Go/src/6.824/src/kvraft/client.go:45 +0x1b2

goroutine 135223 [semacquire]:
sync.runtime_SemacquireMutex(0xc0000040f0, 0xa0, 0x102b502)
	D:/ProgramFiles/Go/src/runtime/sema.go:71 +0x25
sync.(*Mutex).lockSlow(0xc000198000)
	D:/ProgramFiles/Go/src/sync/mutex.go:138 +0x165
sync.(*Mutex).Lock(...)
	D:/ProgramFiles/Go/src/sync/mutex.go:81
6.824/raft.(*Raft).lock(...)
	D:/Go/src/6.824/src/raft/raft.go:468
6.824/raft.(*Raft).Snapshot(0xc000198000, 0x5c7, {0xc0005e6000, 0x1918, 0x326b})
	D:/Go/src/6.824/src/raft/raft.go:193 +0x6a
created by 6.824/kvraft.(*KVServer).SnapShot
	D:/Go/src/6.824/src/kvraft/server.go:107 +0x185

goroutine 94484 [select]:
6.824/kvraft.(*Clerk).Execute(0xc0002f88c0, 0xc00018bc80, 0xc00018bc68)
	D:/Go/src/6.824/src/kvraft/client.go:52 +0x219
6.824/kvraft.(*Clerk).Append(0x9, {0x10a1d76, 0xc00018bd50}, {0xc00000bac0, 0xc000147c20})
	D:/Go/src/6.824/src/kvraft/client.go:103 +0x150
6.824/kvraft.Append(0xc00005e240, 0x2, {0x10a1d76, 0x2}, {0xc00000bac0, 0x9}, 0xc0000c06e0, 0xc)
	D:/Go/src/6.824/src/kvraft/test_test.go:77 +0xd5
6.824/kvraft.GenericTest.func1(0xc, 0xc0001d0ba0, 0xc0001f2000)
	D:/Go/src/6.824/src/kvraft/test_test.go:272 +0x587
6.824/kvraft.run_client(0x102bc52, 0xc00005e240, 0xc0001341a0, 0x7, 0xc0004191d0)
	D:/Go/src/6.824/src/kvraft/test_test.go:103 +0xe4
created by 6.824/kvraft.spawn_clients_and_wait
	D:/Go/src/6.824/src/kvraft/test_test.go:113 +0x51

goroutine 134817 [chan receive]:
6.824/labrpc.(*ClientEnd).Call(0xc0000c0e80, {0x10949f9, 0x10578c0}, {0x1067340, 0xc00001f4a0}, {0x1057480, 0xc000838930})
	D:/Go/src/6.824/src/labrpc/labrpc.go:112 +0x26e
6.824/kvraft.(*Clerk).Execute.func1(0x2, {0x1, {0x10a1d78, 0x2}, {0x0, 0x0}, 0xb8dba1c2, 0x40})
	D:/Go/src/6.824/src/kvraft/client.go:47 +0x11f
created by 6.824/kvraft.(*Clerk).Execute
	D:/Go/src/6.824/src/kvraft/client.go:45 +0x1b2

goroutine 94489 [select]:
6.824/kvraft.(*Clerk).Execute(0xc0002f8a00, 0xc0007bbc70, 0xc0007bbc58)
	D:/Go/src/6.824/src/kvraft/client.go:52 +0x219
6.824/kvraft.(*Clerk).Get(0xc0007bbcd8, {0x10a1d80, 0x9})
	D:/Go/src/6.824/src/kvraft/client.go:74 +0x127
6.824/kvraft.Get(0xc00005e240, 0x2, {0x10a1d80, 0x2}, 0xc0000c06e0, 0x11)
	D:/Go/src/6.824/src/kvraft/test_test.go:43 +0xbb
6.824/kvraft.GenericTest.func1(0x11, 0xc0001d0c90, 0xc0001f2000)
	D:/Go/src/6.824/src/kvraft/test_test.go:284 +0x3e5
6.824/kvraft.run_client(0x10794a0, 0xc00005e240, 0x16c36e98c459ae98, 0x106f300, 0xc0004191d0)
	D:/Go/src/6.824/src/kvraft/test_test.go:103 +0xe4
created by 6.824/kvraft.spawn_clients_and_wait
	D:/Go/src/6.824/src/kvraft/test_test.go:113 +0x51

goroutine 94478 [select]:
6.824/kvraft.(*Clerk).Execute(0xc0002f8740, 0xc00070fc80, 0xc00070fc68)
	D:/Go/src/6.824/src/kvraft/client.go:52 +0x219
6.824/kvraft.(*Clerk).Append(0x8, {0x109cd6c, 0xc00070fd50}, {0xc0006adb80, 0xc00070fd08})
	D:/Go/src/6.824/src/kvraft/client.go:103 +0x150
6.824/kvraft.Append(0xc00005e240, 0x2, {0x109cd6c, 0x1}, {0xc0006adb80, 0x8}, 0xc0000c06e0, 0x6)
	D:/Go/src/6.824/src/kvraft/test_test.go:77 +0xd5
6.824/kvraft.GenericTest.func1(0x6, 0xc0001d0a80, 0xc0001f2000)
	D:/Go/src/6.824/src/kvraft/test_test.go:272 +0x587
6.824/kvraft.run_client(0xc000560000, 0xc00005e240, 0xc00070ffd0, 0x102b20d, 0xc0004191d0)
	D:/Go/src/6.824/src/kvraft/test_test.go:103 +0xe4
created by 6.824/kvraft.spawn_clients_and_wait
	D:/Go/src/6.824/src/kvraft/test_test.go:113 +0x51

goroutine 94474 [select]:
6.824/kvraft.(*Clerk).Execute(0xc0002f8a80, 0xc00015dc70, 0xc00015dc58)
	D:/Go/src/6.824/src/kvraft/client.go:52 +0x219
6.824/kvraft.(*Clerk).Get(0xc00015dcd8, {0x109cd68, 0x8})
	D:/Go/src/6.824/src/kvraft/client.go:74 +0x127
6.824/kvraft.Get(0xc00005e240, 0x2, {0x109cd68, 0x1}, 0xc0000c06e0, 0x2)
	D:/Go/src/6.824/src/kvraft/test_test.go:43 +0xbb
6.824/kvraft.GenericTest.func1(0x2, 0xc0001d0cf0, 0xc0001f2000)
	D:/Go/src/6.824/src/kvraft/test_test.go:284 +0x3e5
6.824/kvraft.run_client(0xc00013ef00, 0xc00005e240, 0xc00015dfd0, 0x102b20d, 0xc0004191d0)
	D:/Go/src/6.824/src/kvraft/test_test.go:103 +0xe4
created by 6.824/kvraft.spawn_clients_and_wait
	D:/Go/src/6.824/src/kvraft/test_test.go:113 +0x51

goroutine 135203 [select]:
6.824/labrpc.(*Network).processReq(0xc000418e10, {{0x105f740, 0xc0004ccdb0}, {0x1095793, 0xe}, {0x10e2400, 0x10578c0}, {0xc000860000, 0x3f4, 0x7a8}, ...})
	D:/Go/src/6.824/src/labrpc/labrpc.go:251 +0x41c
created by 6.824/labrpc.MakeNetwork.func1
	D:/Go/src/6.824/src/labrpc/labrpc.go:157 +0x3e

goroutine 94471 [chan receive]:
6.824/kvraft.spawn_clients_and_wait(0xc0001f2000, 0xc00005e240, 0x14, 0xc0004191d0)
	D:/Go/src/6.824/src/kvraft/test_test.go:117 +0x185
created by 6.824/kvraft.GenericTest
	D:/Go/src/6.824/src/kvraft/test_test.go:253 +0x6bd

goroutine 94475 [select]:
6.824/kvraft.(*Clerk).Execute(0xc0002f8b40, 0xc000691c70, 0xc000691c58)
	D:/Go/src/6.824/src/kvraft/client.go:52 +0x219
6.824/kvraft.(*Clerk).Get(0xc000691cd8, {0x109cd69, 0x8})
	D:/Go/src/6.824/src/kvraft/client.go:74 +0x127
6.824/kvraft.Get(0xc00005e240, 0x2, {0x109cd69, 0x1}, 0xc0000c06e0, 0x3)
	D:/Go/src/6.824/src/kvraft/test_test.go:43 +0xbb
6.824/kvraft.GenericTest.func1(0x3, 0xc0001d0d80, 0xc0001f2000)
	D:/Go/src/6.824/src/kvraft/test_test.go:284 +0x3e5
6.824/kvraft.run_client(0xc00013ecc0, 0xc00005e240, 0x28a, 0xc00013eb40, 0xc0004191d0)
	D:/Go/src/6.824/src/kvraft/test_test.go:103 +0xe4
created by 6.824/kvraft.spawn_clients_and_wait
	D:/Go/src/6.824/src/kvraft/test_test.go:113 +0x51

goroutine 134767 [select]:
6.824/kvraft.(*KVServer).Do(0xc000418eb0, 0xc00016dd10, 0xc00087faa0)
	D:/Go/src/6.824/src/kvraft/server.go:71 +0x2f4
reflect.Value.call({0xc0000da120, 0xc0004da008, 0xc0006fdb10}, {0x10934cd, 0x4}, {0xc0006fdc68, 0x3, 0xc0006fdb40})
	D:/ProgramFiles/Go/src/reflect/value.go:543 +0x814
reflect.Value.Call({0xc0000da120, 0xc0004da008, 0xc0000c4c10}, {0xc0006fdc68, 0x3, 0x3})
	D:/ProgramFiles/Go/src/reflect/value.go:339 +0xc5
6.824/labrpc.(*Service).dispatch(0xc0002f8080, {0x1094a02, 0x2}, {{0x105f740, 0xc000540440}, {0x10949f9, 0xb}, {0x10e2400, 0x1067340}, {0xc00049c790, ...}, ...})
	D:/Go/src/6.824/src/labrpc/labrpc.go:496 +0x39d
6.824/labrpc.(*Server).dispatch(0xc0000040c0, {{0x105f740, 0xc000540440}, {0x10949f9, 0xb}, {0x10e2400, 0x1067340}, {0xc00049c790, 0x5c, 0xa6}, ...})
	D:/Go/src/6.824/src/labrpc/labrpc.go:420 +0x1fe
6.824/labrpc.(*Network).processReq.func1()
	D:/Go/src/6.824/src/labrpc/labrpc.go:240 +0x58
created by 6.824/labrpc.(*Network).processReq
	D:/Go/src/6.824/src/labrpc/labrpc.go:239 +0x1df

goroutine 135148 [chan receive]:
6.824/labrpc.(*ClientEnd).Call(0xc0000c0080, {0x1095793, 0x10e2400}, {0x10578c0, 0xc0003ccd80}, {0x1057900, 0xc000670880})
	D:/Go/src/6.824/src/labrpc/labrpc.go:112 +0x26e
6.824/raft.(*Raft).sendAppendLog(...)
	D:/Go/src/6.824/src/raft/raft.go:455
6.824/raft.(*Raft).sendMsg.func1(0x4)
	D:/Go/src/6.824/src/raft/raft.go:298 +0x90
created by 6.824/raft.(*Raft).sendMsg
	D:/Go/src/6.824/src/raft/raft.go:296 +0x44f

goroutine 135227 [semacquire]:
sync.runtime_SemacquireMutex(0xc000458780, 0x28, 0xed559d)
	D:/ProgramFiles/Go/src/runtime/sema.go:71 +0x25
sync.(*Mutex).lockSlow(0xc000198000)
	D:/ProgramFiles/Go/src/sync/mutex.go:138 +0x165
sync.(*Mutex).Lock(...)
	D:/ProgramFiles/Go/src/sync/mutex.go:81
6.824/raft.(*Raft).lock(...)
	D:/Go/src/6.824/src/raft/raft.go:468
6.824/raft.(*Raft).Snapshot(0xc000198000, 0x5cb, {0xc00064f500, 0x1931, 0x329d})
	D:/Go/src/6.824/src/raft/raft.go:193 +0x6a
created by 6.824/kvraft.(*KVServer).SnapShot
	D:/Go/src/6.824/src/kvraft/server.go:107 +0x185

goroutine 135164 [semacquire]:
sync.runtime_SemacquireMutex(0xc0009d3398, 0xbd, 0x60)
	D:/ProgramFiles/Go/src/runtime/sema.go:71 +0x25
sync.(*Mutex).lockSlow(0xc000419130)
	D:/ProgramFiles/Go/src/sync/mutex.go:138 +0x165
sync.(*Mutex).Lock(...)
	D:/ProgramFiles/Go/src/sync/mutex.go:81
6.824/kvraft.(*KVServer).lock(...)
	D:/Go/src/6.824/src/kvraft/server.go:35
6.824/kvraft.(*KVServer).Do(0xc000419130, 0xc00033eab0, 0xc00046d8c0)
	D:/Go/src/6.824/src/kvraft/server.go:44 +0x79
reflect.Value.call({0xc0000da120, 0xc0004da1e8, 0xc0009d3b10}, {0x10934cd, 0x4}, {0xc0009d3c68, 0x3, 0xc0009d3b40})
	D:/ProgramFiles/Go/src/reflect/value.go:543 +0x814
reflect.Value.Call({0xc0000da120, 0xc0004da1e8, 0xc0002328c8}, {0xc0009d3c68, 0x3, 0x3})
	D:/ProgramFiles/Go/src/reflect/value.go:339 +0xc5
6.824/labrpc.(*Service).dispatch(0xc0002f85c0, {0x1094a02, 0x2}, {{0x105f740, 0xc0005fc120}, {0x10949f9, 0xb}, {0x10e2400, 0x1067340}, {0xc00096c420, ...}, ...})
	D:/Go/src/6.824/src/labrpc/labrpc.go:496 +0x39d
6.824/labrpc.(*Server).dispatch(0xc000004120, {{0x105f740, 0xc0005fc120}, {0x10949f9, 0xb}, {0x10e2400, 0x1067340}, {0xc00096c420, 0x5b, 0xa5}, ...})
	D:/Go/src/6.824/src/labrpc/labrpc.go:420 +0x1fe
6.824/labrpc.(*Network).processReq.func1()
	D:/Go/src/6.824/src/labrpc/labrpc.go:240 +0x58
created by 6.824/labrpc.(*Network).processReq
	D:/Go/src/6.824/src/labrpc/labrpc.go:239 +0x1df

goroutine 94473 [semacquire]:
6.824/kvraft.NextValue(...)
	D:/Go/src/6.824/src/kvraft/test_test.go:127
6.824/kvraft.GenericTest.func1(0x1, 0xc0001d0d50, 0xc0001f2000)
	D:/Go/src/6.824/src/kvraft/test_test.go:274 +0x5c7
6.824/kvraft.run_client(0xc000385020, 0xc00005e240, 0xc00077c600, 0xe, 0xc0004191d0)
	D:/Go/src/6.824/src/kvraft/test_test.go:103 +0xe4
created by 6.824/kvraft.spawn_clients_and_wait
	D:/Go/src/6.824/src/kvraft/test_test.go:113 +0x51

goroutine 135195 [semacquire]:
sync.runtime_SemacquireMutex(0xc000867398, 0xbd, 0x60)
	D:/ProgramFiles/Go/src/runtime/sema.go:71 +0x25
sync.(*Mutex).lockSlow(0xc000419130)
	D:/ProgramFiles/Go/src/sync/mutex.go:138 +0x165
sync.(*Mutex).Lock(...)
	D:/ProgramFiles/Go/src/sync/mutex.go:81
6.824/kvraft.(*KVServer).lock(...)
	D:/Go/src/6.824/src/kvraft/server.go:35
6.824/kvraft.(*KVServer).Do(0xc000419130, 0xc000854060, 0xc00072b8a8)
	D:/Go/src/6.824/src/kvraft/server.go:44 +0x79
reflect.Value.call({0xc0000da120, 0xc0004da1e8, 0xc000867b10}, {0x10934cd, 0x4}, {0xc000867c68, 0x3, 0xc000867b40})
	D:/ProgramFiles/Go/src/reflect/value.go:543 +0x814
reflect.Value.Call({0xc0000da120, 0xc0004da1e8, 0xc0000c4598}, {0xc000867c68, 0x3, 0x3})
	D:/ProgramFiles/Go/src/reflect/value.go:339 +0xc5
6.824/labrpc.(*Service).dispatch(0xc0002f85c0, {0x1094a02, 0x2}, {{0x105f740, 0xc0004cdcd0}, {0x10949f9, 0xb}, {0x10e2400, 0x1067340}, {0xc00096c9a0, ...}, ...})
	D:/Go/src/6.824/src/labrpc/labrpc.go:496 +0x39d
6.824/labrpc.(*Server).dispatch(0xc000004120, {{0x105f740, 0xc0004cdcd0}, {0x10949f9, 0xb}, {0x10e2400, 0x1067340}, {0xc00096c9a0, 0x5c, 0xa6}, ...})
	D:/Go/src/6.824/src/labrpc/labrpc.go:420 +0x1fe
6.824/labrpc.(*Network).processReq.func1()
	D:/Go/src/6.824/src/labrpc/labrpc.go:240 +0x58
created by 6.824/labrpc.(*Network).processReq
	D:/Go/src/6.824/src/labrpc/labrpc.go:239 +0x1df

goroutine 135240 [chan receive]:
6.824/labrpc.(*ClientEnd).Call(0xc0000c01c0, {0x1095fac, 0x40}, {0x10579c0, 0xc0001bc0a0}, {0x1057a00, 0xc000640010})
	D:/Go/src/6.824/src/labrpc/labrpc.go:112 +0x26e
6.824/raft.(*Raft).sendRequestVote(...)
	D:/Go/src/6.824/src/raft/raft.go:459
6.824/raft.(*Raft).election.func1(0x3)
	D:/Go/src/6.824/src/raft/raft.go:490 +0xa5
created by 6.824/raft.(*Raft).election
	D:/Go/src/6.824/src/raft/raft.go:488 +0x29e

goroutine 134856 [chan receive]:
6.824/labrpc.(*ClientEnd).Call(0xc0000c1000, {0x10949f9, 0xc00090ff50}, {0x1067340, 0xc0001b3260}, {0x1057480, 0xc0009d4e28})
	D:/Go/src/6.824/src/labrpc/labrpc.go:112 +0x26e
6.824/kvraft.(*Clerk).Execute.func1(0x4, {0x1, {0x10a1d7c, 0x2}, {0x0, 0x0}, 0xe2bc0d35, 0x44})
	D:/Go/src/6.824/src/kvraft/client.go:47 +0x11f
created by 6.824/kvraft.(*Clerk).Execute
	D:/Go/src/6.824/src/kvraft/client.go:45 +0x1b2

goroutine 135239 [semacquire]:
reflect.(*structType).Field(0x1080160, 0x1)
	D:/ProgramFiles/Go/src/reflect/type.go:1254 +0x137
reflect.(*rtype).Field(0x1080160, 0xc00048fb88)
	D:/ProgramFiles/Go/src/reflect/type.go:962 +0x6b
encoding/gob.(*Encoder).sendActualType(0xc0005b7860, {0x10da340, 0xc00016c990}, 0xc000357bc0, 0xc000578380, {0x10e2400, 0x1080160})
	D:/ProgramFiles/Go/src/encoding/gob/encoder.go:121 +0x471
encoding/gob.(*Encoder).sendType(0x38, {0x10da340, 0xc00016c990}, 0xc000040c00, {0x10e2400, 0x1080160})
	D:/ProgramFiles/Go/src/encoding/gob/encoder.go:169 +0x105
encoding/gob.(*Encoder).sendTypeDescriptor(0xc0005b7860, {0x10da340, 0xc00016c990}, 0x20, 0xc000578300)
	D:/ProgramFiles/Go/src/encoding/gob/encoder.go:191 +0xa5
encoding/gob.(*Encoder).EncodeValue(0xc0005b7860, {0x10579c0, 0xc0001bc080, 0x10579c0})
	D:/ProgramFiles/Go/src/encoding/gob/encoder.go:244 +0x3b9
encoding/gob.(*Encoder).Encode(0x10579c0, {0x10579c0, 0xc0001bc080})
	D:/ProgramFiles/Go/src/encoding/gob/encoder.go:176 +0xa5
6.824/labgob.(*LabEncoder).Encode(0xc0004da328, {0x10579c0, 0xc0001bc080})
	D:/Go/src/6.824/src/labgob/labgob.go:34 +0x45
6.824/labrpc.(*ClientEnd).Call(0xc0000c01a0, {0x1095fac, 0x1095793}, {0x10579c0, 0xc0001bc080}, {0x1057a00, 0xc000671fd0})
	D:/Go/src/6.824/src/labrpc/labrpc.go:93 +0x125
6.824/raft.(*Raft).sendRequestVote(...)
	D:/Go/src/6.824/src/raft/raft.go:459
6.824/raft.(*Raft).election.func1(0x2)
	D:/Go/src/6.824/src/raft/raft.go:490 +0xa5
created by 6.824/raft.(*Raft).election
	D:/Go/src/6.824/src/raft/raft.go:488 +0x29e

goroutine 94477 [select]:
6.824/kvraft.(*Clerk).Execute(0xc00043c000, 0xc000713c70, 0xc000713c58)
	D:/Go/src/6.824/src/kvraft/client.go:52 +0x219
6.824/kvraft.(*Clerk).Get(0xc000713cd8, {0x109cd6b, 0x8})
	D:/Go/src/6.824/src/kvraft/client.go:74 +0x127
6.824/kvraft.Get(0xc00005e240, 0x2, {0x109cd6b, 0x1}, 0xc0000c06e0, 0x5)
	D:/Go/src/6.824/src/kvraft/test_test.go:43 +0xbb
6.824/kvraft.GenericTest.func1(0x5, 0xc00017e000, 0xc0001f2000)
	D:/Go/src/6.824/src/kvraft/test_test.go:284 +0x3e5
6.824/kvraft.run_client(0x109cd66, 0xc00005e240, 0x0, 0x0, 0xc0004191d0)
	D:/Go/src/6.824/src/kvraft/test_test.go:103 +0xe4
created by 6.824/kvraft.spawn_clients_and_wait
	D:/Go/src/6.824/src/kvraft/test_test.go:113 +0x51

goroutine 135224 [semacquire]:
sync.runtime_SemacquireMutex(0xc0000040d8, 0x0, 0xc000ae4fc0)
	D:/ProgramFiles/Go/src/runtime/sema.go:71 +0x25
sync.(*Mutex).lockSlow(0xc000198000)
	D:/ProgramFiles/Go/src/sync/mutex.go:138 +0x165
sync.(*Mutex).Lock(...)
	D:/ProgramFiles/Go/src/sync/mutex.go:81
6.824/raft.(*Raft).lock(...)
	D:/Go/src/6.824/src/raft/raft.go:468
6.824/raft.(*Raft).Snapshot(0xc000198000, 0x5c8, {0xc0005e9500, 0x1920, 0x327b})
	D:/Go/src/6.824/src/raft/raft.go:193 +0x6a
created by 6.824/kvraft.(*KVServer).SnapShot
	D:/Go/src/6.824/src/kvraft/server.go:107 +0x185

goroutine 105954 [semacquire]:
sync.runtime_SemacquireMutex(0xf1374e, 0x48, 0xf13780)
	D:/ProgramFiles/Go/src/runtime/sema.go:71 +0x25
sync.(*Mutex).lockSlow(0xc000198000)
	D:/ProgramFiles/Go/src/sync/mutex.go:138 +0x165
sync.(*Mutex).Lock(...)
	D:/ProgramFiles/Go/src/sync/mutex.go:81
6.824/raft.(*Raft).lock(...)
	D:/Go/src/6.824/src/raft/raft.go:468
6.824/raft.(*Raft).sendMsg(0xc000198000, 0x1)
	D:/Go/src/6.824/src/raft/raft.go:266 +0x79
6.824/raft.(*Raft).heartTicker(0xc000198000, 0xc000418e10)
	D:/Go/src/6.824/src/raft/raft.go:611 +0x5e
created by 6.824/raft.(*Raft).BeLeader
	D:/Go/src/6.824/src/raft/raft.go:602 +0xcf

goroutine 135162 [chan receive]:
6.824/labrpc.(*ClientEnd).Call(0xc000096560, {0x10949f9, 0xc000261030}, {0x1067340, 0xc00033e420}, {0x1057480, 0xc00046d128})
	D:/Go/src/6.824/src/labrpc/labrpc.go:112 +0x26e
6.824/kvraft.(*Clerk).Execute.func1(0x2, {0x1, {0x109cd6b, 0x1}, {0x0, 0x0}, 0x2a8efdf9, 0x4b})
	D:/Go/src/6.824/src/kvraft/client.go:47 +0x11f
created by 6.824/kvraft.(*Clerk).Execute
	D:/Go/src/6.824/src/kvraft/client.go:45 +0x1b2

goroutine 94460 [select]:
6.824/labrpc.MakeNetwork.func1()
	D:/Go/src/6.824/src/labrpc/labrpc.go:153 +0xbe
created by 6.824/labrpc.MakeNetwork
	D:/Go/src/6.824/src/labrpc/labrpc.go:151 +0x17b

goroutine 94490 [select]:
6.824/kvraft.(*Clerk).Execute(0xc0002f8a40, 0xc0007bdc70, 0xc0007bdc58)
	D:/Go/src/6.824/src/kvraft/client.go:52 +0x219
6.824/kvraft.(*Clerk).Get(0xc0007bdcd8, {0x10a1d82, 0x9})
	D:/Go/src/6.824/src/kvraft/client.go:74 +0x127
6.824/kvraft.Get(0xc00005e240, 0x2, {0x10a1d82, 0x2}, 0xc0000c06e0, 0x12)
	D:/Go/src/6.824/src/kvraft/test_test.go:43 +0xbb
6.824/kvraft.GenericTest.func1(0x12, 0xc0001d0cc0, 0xc0001f2000)
	D:/Go/src/6.824/src/kvraft/test_test.go:284 +0x3e5
6.824/kvraft.run_client(0x16c36e997f417c7c, 0xc00005e240, 0xc0000d66b0, 0x16c36e997f50b7b4, 0xc0004191d0)
	D:/Go/src/6.824/src/kvraft/test_test.go:103 +0xe4
created by 6.824/kvraft.spawn_clients_and_wait
	D:/Go/src/6.824/src/kvraft/test_test.go:113 +0x51

goroutine 135243 [semacquire]:
errors.New(...)
	D:/ProgramFiles/Go/src/errors/errors.go:59
encoding/gob.overflow(...)
	D:/ProgramFiles/Go/src/encoding/gob/decode.go:113
encoding/gob.(*Decoder).compileDec(0xc0004acf80, 0x16c510, 0xc0000ce940)
	D:/ProgramFiles/Go/src/encoding/gob/decode.go:1116 +0x32b
encoding/gob.(*Decoder).getDecEnginePtr(0xc0004acf80, 0x1073820, 0xc0000ce940)
	D:/ProgramFiles/Go/src/encoding/gob/decode.go:1147 +0x145
encoding/gob.(*Decoder).decOpFor(0xc0004acf80, 0xb8c00, {0x10e2400, 0x1058200}, {0xc00078c9c0, 0x10}, 0x1073820)
	D:/ProgramFiles/Go/src/encoding/gob/decode.go:854 +0x52d
encoding/gob.(*Decoder).decOpFor(0xc0004acf80, 0x10e2400, {0x10e2400, 0x105b540}, {0x104b9d8, 0x5}, 0x0)
	D:/ProgramFiles/Go/src/encoding/gob/decode.go:844 +0x715
encoding/gob.(*Decoder).compileDec(0xc0004acf80, 0x16c4e0, 0xc0000ce8c0)
	D:/ProgramFiles/Go/src/encoding/gob/decode.go:1128 +0x6e8
encoding/gob.(*Decoder).getDecEnginePtr(0xc0004acf80, 0x1073960, 0xc0000ce8c0)
	D:/ProgramFiles/Go/src/encoding/gob/decode.go:1147 +0x145
encoding/gob.(*Decoder).decOpFor(0xc0004acf80, 0x10e2400, {0x10e2400, 0x1076de0}, {0x104cc8a, 0x7}, 0x0)
	D:/ProgramFiles/Go/src/encoding/gob/decode.go:854 +0x52d
encoding/gob.(*Decoder).compileDec(0xc0004acf80, 0x10, 0xc0000cf480)
	D:/ProgramFiles/Go/src/encoding/gob/decode.go:1128 +0x6e8
encoding/gob.(*Decoder).getDecEnginePtr(0xc0004acf80, 0x1067640, 0xc0000cf480)
	D:/ProgramFiles/Go/src/encoding/gob/decode.go:1147 +0x145
encoding/gob.(*Decoder).decodeValue(0xc0004acf80, 0x501a20, {0x1067640, 0xc0003571c0, 0xc0004acf98})
	D:/ProgramFiles/Go/src/encoding/gob/decode.go:1192 +0xf3
encoding/gob.(*Decoder).recvType(0xc0004acf80, 0x45)
	D:/ProgramFiles/Go/src/encoding/gob/decoder.go:67 +0x13c
encoding/gob.(*Decoder).decodeTypeSequence(0xc0004acf80, 0x0)
	D:/ProgramFiles/Go/src/encoding/gob/decoder.go:154 +0x6d
encoding/gob.(*Decoder).DecodeValue(0xc0004acf80, {0xc000578500, 0xc0004da148, 0xc000501b18})
	D:/ProgramFiles/Go/src/encoding/gob/decoder.go:214 +0x18f
encoding/gob.(*Decoder).Decode(0xc0004acf80, {0xc000578500, 0xc0004da148})
	D:/ProgramFiles/Go/src/encoding/gob/decoder.go:191 +0x137
6.824/labgob.(*LabDecoder).Decode(0xc000501c30, {0xc000578500, 0xc0004da148})
	D:/Go/src/6.824/src/labgob/labgob.go:55 +0x54
6.824/labrpc.(*Service).dispatch(0xc0002f8600, {0x1095fb1, 0xb}, {{0x105f740, 0xc0004ccf90}, {0x1095fac, 0x10}, {0x10e2400, 0x10579c0}, {0xc0000be680, ...}, ...})
	D:/Go/src/6.824/src/labrpc/labrpc.go:487 +0x238
6.824/labrpc.(*Server).dispatch(0xc000004120, {{0x105f740, 0xc0004ccf90}, {0x1095fac, 0x10}, {0x10e2400, 0x10579c0}, {0xc0000be680, 0x6e, 0xc6}, ...})
	D:/Go/src/6.824/src/labrpc/labrpc.go:420 +0x1fe
6.824/labrpc.(*Network).processReq.func1()
	D:/Go/src/6.824/src/labrpc/labrpc.go:240 +0x58
created by 6.824/labrpc.(*Network).processReq
	D:/Go/src/6.824/src/labrpc/labrpc.go:239 +0x1df

goroutine 135168 [chan receive]:
6.824/labrpc.(*ClientEnd).Call(0xc0000c1200, {0x10949f9, 0xc00040f920}, {0x1067340, 0xc00033fc50}, {0x1057480, 0xc00072a480})
	D:/Go/src/6.824/src/labrpc/labrpc.go:112 +0x26e
6.824/kvraft.(*Clerk).Execute.func1(0x3, {0x1, {0x10a1d80, 0x2}, {0x0, 0x0}, 0x41ac9142, 0x53})
	D:/Go/src/6.824/src/kvraft/client.go:47 +0x11f
created by 6.824/kvraft.(*Clerk).Execute
	D:/Go/src/6.824/src/kvraft/client.go:45 +0x1b2

goroutine 94472 [select]:
6.824/kvraft.(*Clerk).Execute(0xc0002f8ac0, 0xc000621c70, 0xc000621c58)
	D:/Go/src/6.824/src/kvraft/client.go:52 +0x219
6.824/kvraft.(*Clerk).Get(0xc000621cd8, {0x109cd66, 0x8})
	D:/Go/src/6.824/src/kvraft/client.go:74 +0x127
6.824/kvraft.Get(0xc00005e240, 0x2, {0x109cd66, 0x1}, 0xc0000c06e0, 0x0)
	D:/Go/src/6.824/src/kvraft/test_test.go:43 +0xbb
6.824/kvraft.GenericTest.func1(0x0, 0xc0001d0d20, 0xc0001f2000)
	D:/Go/src/6.824/src/kvraft/test_test.go:284 +0x3e5
6.824/kvraft.run_client(0xc00013efc0, 0xc00005e240, 0xc000621fd0, 0x102b20d, 0xc0004191d0)
	D:/Go/src/6.824/src/kvraft/test_test.go:103 +0xe4
created by 6.824/kvraft.spawn_clients_and_wait
	D:/Go/src/6.824/src/kvraft/test_test.go:113 +0x51

goroutine 135144 [select]:
6.824/kvraft.(*KVServer).Do(0xc000418eb0, 0xc000247800, 0xc000484228)
	D:/Go/src/6.824/src/kvraft/server.go:71 +0x2f4
reflect.Value.call({0xc0000da120, 0xc0004da008, 0xc000703b10}, {0x10934cd, 0x4}, {0xc000703c68, 0x3, 0xc000703b40})
	D:/ProgramFiles/Go/src/reflect/value.go:543 +0x814
reflect.Value.Call({0xc0000da120, 0xc0004da008, 0xc0000077a0}, {0xc000703c68, 0x3, 0x3})
	D:/ProgramFiles/Go/src/reflect/value.go:339 +0xc5
6.824/labrpc.(*Service).dispatch(0xc0002f8080, {0x1094a02, 0x2}, {{0x105f740, 0xc000541140}, {0x10949f9, 0xb}, {0x10e2400, 0x1067340}, {0xc000796580, ...}, ...})
	D:/Go/src/6.824/src/labrpc/labrpc.go:496 +0x39d
6.824/labrpc.(*Server).dispatch(0xc0000040c0, {{0x105f740, 0xc000541140}, {0x10949f9, 0xb}, {0x10e2400, 0x1067340}, {0xc000796580, 0x5b, 0xa5}, ...})
	D:/Go/src/6.824/src/labrpc/labrpc.go:420 +0x1fe
6.824/labrpc.(*Network).processReq.func1()
	D:/Go/src/6.824/src/labrpc/labrpc.go:240 +0x58
created by 6.824/labrpc.(*Network).processReq
	D:/Go/src/6.824/src/labrpc/labrpc.go:239 +0x1df

goroutine 134834 [semacquire]:
time.NewTimer(0xc000418e10)
	D:/ProgramFiles/Go/src/time/sleep.go:87 +0x2e
time.After(...)
	D:/ProgramFiles/Go/src/time/sleep.go:161
6.824/labrpc.(*Network).processReq(0xc000418e10, {{0x105f740, 0xc0005407e0}, {0x10949f9, 0xb}, {0x10e2400, 0x1067340}, {0xc00096c0b0, 0x5c, 0xa6}, ...})
	D:/Go/src/6.824/src/labrpc/labrpc.go:254 +0x3bb
created by 6.824/labrpc.MakeNetwork.func1
	D:/Go/src/6.824/src/labrpc/labrpc.go:157 +0x3e

goroutine 94482 [select]:
6.824/kvraft.(*Clerk).Execute(0xc0002f8840, 0xc00018dc80, 0xc00018dc68)
	D:/Go/src/6.824/src/kvraft/client.go:52 +0x219
6.824/kvraft.(*Clerk).Append(0x9, {0x10a1d72, 0xc00018dd50}, {0xc0009828a0, 0xc00018dd08})
	D:/Go/src/6.824/src/kvraft/client.go:103 +0x150
6.824/kvraft.Append(0xc00005e240, 0x2, {0x10a1d72, 0x2}, {0xc0009828a0, 0x9}, 0xc0000c06e0, 0xa)
	D:/Go/src/6.824/src/kvraft/test_test.go:77 +0xd5
6.824/kvraft.GenericTest.func1(0xa, 0xc0001d0b40, 0xc0001f2000)
	D:/Go/src/6.824/src/kvraft/test_test.go:272 +0x587
6.824/kvraft.run_client(0xc0001982d0, 0xc00005e240, 0xc000693900, 0xc2a, 0xc0004191d0)
	D:/Go/src/6.824/src/kvraft/test_test.go:103 +0xe4
created by 6.824/kvraft.spawn_clients_and_wait
	D:/Go/src/6.824/src/kvraft/test_test.go:113 +0x51

goroutine 94462 [running]:
	goroutine running on other thread; stack unavailable
created by 6.824/kvraft.StartKVServer
	D:/Go/src/6.824/src/kvraft/server.go:198 +0x207

goroutine 94468 [chan receive]:
6.824/kvraft.(*KVServer).doExecute(0xc000419090)
	D:/Go/src/6.824/src/kvraft/server.go:123 +0x70
created by 6.824/kvraft.StartKVServer
	D:/Go/src/6.824/src/kvraft/server.go:198 +0x207

goroutine 135193 [chan receive]:
6.824/labrpc.(*ClientEnd).Call(0xc0000c0900, {0x10949f9, 0xc00004ffa0}, {0x1067340, 0xc0006b5b30}, {0x1057480, 0xc00072b5f0})
	D:/Go/src/6.824/src/labrpc/labrpc.go:112 +0x26e
6.824/kvraft.(*Clerk).Execute.func1(0x0, {0x1, {0x10a1d84, 0x2}, {0x0, 0x0}, 0xcdf92691, 0x46})
	D:/Go/src/6.824/src/kvraft/client.go:47 +0x11f
created by 6.824/kvraft.(*Clerk).Execute
	D:/Go/src/6.824/src/kvraft/client.go:45 +0x1b2

goroutine 135198 [chan receive]:
6.824/labrpc.(*ClientEnd).Call(0xc0000c0060, {0x1095793, 0x10e2400}, {0x10578c0, 0xc0002ee180}, {0x1057900, 0xc0006718f0})
	D:/Go/src/6.824/src/labrpc/labrpc.go:112 +0x26e
6.824/raft.(*Raft).sendAppendLog(...)
	D:/Go/src/6.824/src/raft/raft.go:455
6.824/raft.(*Raft).sendMsg.func1(0x3)
	D:/Go/src/6.824/src/raft/raft.go:298 +0x90
created by 6.824/raft.(*Raft).sendMsg
	D:/Go/src/6.824/src/raft/raft.go:296 +0x44f

goroutine 94483 [select]:
6.824/kvraft.(*Clerk).Execute(0xc0002f8880, 0xc00020dc70, 0xc00020dc58)
	D:/Go/src/6.824/src/kvraft/client.go:52 +0x219
6.824/kvraft.(*Clerk).Get(0xc00020dcd8, {0x10a1d74, 0x9})
	D:/Go/src/6.824/src/kvraft/client.go:74 +0x127
6.824/kvraft.Get(0xc00005e240, 0x2, {0x10a1d74, 0x2}, 0xc0000c06e0, 0xb)
	D:/Go/src/6.824/src/kvraft/test_test.go:43 +0xbb
6.824/kvraft.GenericTest.func1(0xb, 0xc0001d0b70, 0xc0001f2000)
	D:/Go/src/6.824/src/kvraft/test_test.go:284 +0x3e5
6.824/kvraft.run_client(0xc00009fea0, 0xc00005e240, 0xc00020dfd0, 0x102b20d, 0xc0004191d0)
	D:/Go/src/6.824/src/kvraft/test_test.go:103 +0xe4
created by 6.824/kvraft.spawn_clients_and_wait
	D:/Go/src/6.824/src/kvraft/test_test.go:113 +0x51

goroutine 94485 [select]:
6.824/kvraft.(*Clerk).Execute(0xc0002f8900, 0xc000211c70, 0xc000211c58)
	D:/Go/src/6.824/src/kvraft/client.go:52 +0x219
6.824/kvraft.(*Clerk).Get(0xc000211cd8, {0x10a1d78, 0x9})
	D:/Go/src/6.824/src/kvraft/client.go:74 +0x127
6.824/kvraft.Get(0xc00005e240, 0x2, {0x10a1d78, 0x2}, 0xc0000c06e0, 0xd)
	D:/Go/src/6.824/src/kvraft/test_test.go:43 +0xbb
6.824/kvraft.GenericTest.func1(0xd, 0xc0001d0bd0, 0xc0001f2000)
	D:/Go/src/6.824/src/kvraft/test_test.go:284 +0x3e5
6.824/kvraft.run_client(0xc000384120, 0xc00005e240, 0xc000211fd0, 0x102b20d, 0xc0004191d0)
	D:/Go/src/6.824/src/kvraft/test_test.go:103 +0xe4
created by 6.824/kvraft.spawn_clients_and_wait
	D:/Go/src/6.824/src/kvraft/test_test.go:113 +0x51

goroutine 135242 [semacquire]:
time.NewTimer(0xc000418e10)
	D:/ProgramFiles/Go/src/time/sleep.go:88 +0x4e
time.After(...)
	D:/ProgramFiles/Go/src/time/sleep.go:161
6.824/labrpc.(*Network).processReq(0xc000418e10, {{0x105f740, 0xc0004ccf90}, {0x1095fac, 0x10}, {0x10e2400, 0x10579c0}, {0xc0000be680, 0x6e, 0xc6}, ...})
	D:/Go/src/6.824/src/labrpc/labrpc.go:254 +0x3bb
created by 6.824/labrpc.MakeNetwork.func1
	D:/Go/src/6.824/src/labrpc/labrpc.go:157 +0x3e

goroutine 94463 [semacquire]:
encoding/gob.(*Encoder).newEncoderState(...)
	D:/ProgramFiles/Go/src/encoding/gob/encode.go:82
encoding/gob.(*Encoder).encodeStruct(0xc0005b79a0, 0xc0005b79d8, 0xc00009ca50, {0x1073820, 0xc000380030, 0xc000b17600})
	D:/ProgramFiles/Go/src/encoding/gob/encode.go:310 +0xc9
encoding/gob.encOpFor.func4(0x1073820, 0xc000380030, {0x1073820, 0xc000380030, 0x10139c2})
	D:/ProgramFiles/Go/src/encoding/gob/encode.go:581 +0xec
encoding/gob.(*Encoder).encodeArray(0x105b540, 0xc0001ee0a8, {0x105b540, 0xc0001ee0a8, 0xc0001ee090}, 0xc000089e90, 0x1, 0x3, 0x0)
	D:/ProgramFiles/Go/src/encoding/gob/encode.go:351 +0x29d
encoding/gob.encOpFor.func1(0xc0001183f0, 0xc000357f80, {0x105b540, 0xc0001ee0a8, 0xc000357fc0})
	D:/ProgramFiles/Go/src/encoding/gob/encode.go:551 +0x136
encoding/gob.(*Encoder).encodeStruct(0xc0005b79a0, 0xc0005b79d8, 0xc00009ca38, {0x1073960, 0xc0001ee090, 0xc000b17888})
	D:/ProgramFiles/Go/src/encoding/gob/encode.go:328 +0x2d1
encoding/gob.encOpFor.func4(0xc000140060, 0xc000357f40, {0x1073960, 0xc0001ee090, 0xed39e9})
	D:/ProgramFiles/Go/src/encoding/gob/encode.go:581 +0xec
encoding/gob.(*Encoder).encodeStruct(0xc0005b79a0, 0xc0005b79d8, 0xc00009c9d8, {0x1085ce0, 0xc0005781c0, 0x680000c000b179b8})
	D:/ProgramFiles/Go/src/encoding/gob/encode.go:328 +0x2d1
encoding/gob.(*Encoder).encode(0xc0005b79a0, 0xc00016cc30, {0x1067640, 0xc0005781c0, 0x2030000}, 0xc0000cf480)
	D:/ProgramFiles/Go/src/encoding/gob/encode.go:701 +0x1d7
encoding/gob.(*Encoder).sendActualType(0xc0005b79a0, {0x10da340, 0xc00016cbd0}, 0xc000357f00, 0xc0000cfbc0, {0x10e2400, 0x1079620})
	D:/ProgramFiles/Go/src/encoding/gob/encoder.go:106 +0x1cd
encoding/gob.(*Encoder).sendType(0x1069ec0, {0x10da340, 0xc00016cbd0}, 0xc0005b79d8, {0x10e2400, 0x1079620})
	D:/ProgramFiles/Go/src/encoding/gob/encoder.go:169 +0x105
encoding/gob.(*Encoder).sendActualType(0xc0005b79a0, {0x10da340, 0xc00016cbd0}, 0xc000357f00, 0xc000578040, {0x10e2400, 0x105bc40})
	D:/ProgramFiles/Go/src/encoding/gob/encoder.go:126 +0x32e
encoding/gob.(*Encoder).sendType(0x38, {0x10da340, 0xc00016cbd0}, 0xc000040c00, {0x10e2400, 0x105bc40})
	D:/ProgramFiles/Go/src/encoding/gob/encoder.go:169 +0x105
encoding/gob.(*Encoder).sendTypeDescriptor(0xc0005b79a0, {0x10da340, 0xc00016cbd0}, 0x20, 0xc000578040)
	D:/ProgramFiles/Go/src/encoding/gob/encoder.go:191 +0xa5
encoding/gob.(*Encoder).EncodeValue(0xc0005b79a0, {0x105bc40, 0xc0008389f0, 0x105bc40})
	D:/ProgramFiles/Go/src/encoding/gob/encoder.go:244 +0x3b9
encoding/gob.(*Encoder).Encode(0x105bc40, {0x105bc40, 0xc0008389f0})
	D:/ProgramFiles/Go/src/encoding/gob/encoder.go:176 +0xa5
6.824/labgob.(*LabEncoder).Encode(0xc0004da348, {0x105bc40, 0xc0008389f0})
	D:/Go/src/6.824/src/labgob/labgob.go:34 +0x45
6.824/raft.(*Raft).getRaftStateData(0xc0001980f0)
	D:/Go/src/6.824/src/raft/raft.go:135 +0x72
6.824/raft.(*Raft).persist(0xc0001980f0)
	D:/Go/src/6.824/src/raft/raft.go:141 +0x1e
6.824/raft.(*Raft).BeCandidate(0xc0001980f0)
	D:/Go/src/6.824/src/raft/raft.go:593 +0x3d
6.824/raft.(*Raft).electionTicker(0xc0001980f0)
	D:/Go/src/6.824/src/raft/raft.go:630 +0x127
created by 6.824/raft.Make
	D:/Go/src/6.824/src/raft/raft.go:664 +0x2a7

goroutine 135038 [semacquire]:
sync.runtime_SemacquireMutex(0xc000b13398, 0xbd, 0x60)
	D:/ProgramFiles/Go/src/runtime/sema.go:71 +0x25
sync.(*Mutex).lockSlow(0xc000419130)
	D:/ProgramFiles/Go/src/sync/mutex.go:138 +0x165
sync.(*Mutex).Lock(...)
	D:/ProgramFiles/Go/src/sync/mutex.go:81
6.824/kvraft.(*KVServer).lock(...)
	D:/Go/src/6.824/src/kvraft/server.go:35
6.824/kvraft.(*KVServer).Do(0xc000419130, 0xc0006b5560, 0xc0009d5308)
	D:/Go/src/6.824/src/kvraft/server.go:44 +0x79
reflect.Value.call({0xc0000da120, 0xc0004da1e8, 0xc000b13b10}, {0x10934cd, 0x4}, {0xc000b13c68, 0x3, 0xc000b13b40})
	D:/ProgramFiles/Go/src/reflect/value.go:543 +0x814
reflect.Value.Call({0xc0000da120, 0xc0004da1e8, 0xc0000c47a8}, {0xc000b13c68, 0x3, 0x3})
	D:/ProgramFiles/Go/src/reflect/value.go:339 +0xc5
6.824/labrpc.(*Service).dispatch(0xc0002f85c0, {0x1094a02, 0x2}, {{0x105f740, 0xc000540ba0}, {0x10949f9, 0xb}, {0x10e2400, 0x1067340}, {0xc000684480, ...}, ...})
	D:/Go/src/6.824/src/labrpc/labrpc.go:496 +0x39d
6.824/labrpc.(*Server).dispatch(0xc000004120, {{0x105f740, 0xc000540ba0}, {0x10949f9, 0xb}, {0x10e2400, 0x1067340}, {0xc000684480, 0x67, 0xb1}, ...})
	D:/Go/src/6.824/src/labrpc/labrpc.go:420 +0x1fe
6.824/labrpc.(*Network).processReq.func1()
	D:/Go/src/6.824/src/labrpc/labrpc.go:240 +0x58
created by 6.824/labrpc.(*Network).processReq
	D:/Go/src/6.824/src/labrpc/labrpc.go:239 +0x1df

goroutine 134975 [chan receive]:
6.824/labrpc.(*ClientEnd).Call(0xc0000c1240, {0x10949f9, 0x10578c0}, {0x1067340, 0xc000679ef0}, {0x1057480, 0xc000a27b00})
	D:/Go/src/6.824/src/labrpc/labrpc.go:112 +0x26e
6.824/kvraft.(*Clerk).Execute.func1(0x0, {0x1, {0x10a1d82, 0x2}, {0x0, 0x0}, 0xb577fdb6, 0x49})
	D:/Go/src/6.824/src/kvraft/client.go:47 +0x11f
created by 6.824/kvraft.(*Clerk).Execute
	D:/Go/src/6.824/src/kvraft/client.go:45 +0x1b2

goroutine 135241 [chan receive]:
6.824/labrpc.(*ClientEnd).Call(0xc0000c01e0, {0x1095fac, 0x1095793}, {0x10579c0, 0xc0001bc0c0}, {0x1057a00, 0xc000671c40})
	D:/Go/src/6.824/src/labrpc/labrpc.go:112 +0x26e
6.824/raft.(*Raft).sendRequestVote(...)
	D:/Go/src/6.824/src/raft/raft.go:459
6.824/raft.(*Raft).election.func1(0x4)
	D:/Go/src/6.824/src/raft/raft.go:490 +0xa5
created by 6.824/raft.(*Raft).election
	D:/Go/src/6.824/src/raft/raft.go:488 +0x29e

goroutine 94467 [semacquire]:
encoding/gob.NewEncoder(...)
	D:/ProgramFiles/Go/src/encoding/gob/encoder.go:38
6.824/labgob.NewEncoder({0x10da340, 0xc0001e9da0})
	D:/Go/src/6.824/src/labgob/labgob.go:28 +0xe7
6.824/raft.(*Raft).getRaftStateData(0xc0001982d0)
	D:/Go/src/6.824/src/raft/raft.go:134 +0x3d
6.824/raft.(*Raft).persist(0xc0001982d0)
	D:/Go/src/6.824/src/raft/raft.go:141 +0x1e
6.824/raft.(*Raft).BeCandidate(0xc0001982d0)
	D:/Go/src/6.824/src/raft/raft.go:593 +0x3d
6.824/raft.(*Raft).electionTicker(0xc0001982d0)
	D:/Go/src/6.824/src/raft/raft.go:630 +0x127
created by 6.824/raft.Make
	D:/Go/src/6.824/src/raft/raft.go:664 +0x2a7

goroutine 94476 [select]:
6.824/kvraft.(*Clerk).Execute(0xc0002f86c0, 0xc00068fc80, 0xc00068fc68)
	D:/Go/src/6.824/src/kvraft/client.go:52 +0x219
6.824/kvraft.(*Clerk).Append(0x8, {0x109cd6a, 0xc00068fd50}, {0xc000670df0, 0xc0001de2e0})
	D:/Go/src/6.824/src/kvraft/client.go:103 +0x150
6.824/kvraft.Append(0xc00005e240, 0x2, {0x109cd6a, 0x1}, {0xc000670df0, 0x8}, 0xc0000c06e0, 0x4)
	D:/Go/src/6.824/src/kvraft/test_test.go:77 +0xd5
6.824/kvraft.GenericTest.func1(0x4, 0xc0001d0db0, 0xc0001f2000)
	D:/Go/src/6.824/src/kvraft/test_test.go:272 +0x587
6.824/kvraft.run_client(0xc00013eba0, 0xc00005e240, 0x0, 0x0, 0xc0004191d0)
	D:/Go/src/6.824/src/kvraft/test_test.go:103 +0xe4
created by 6.824/kvraft.spawn_clients_and_wait
	D:/Go/src/6.824/src/kvraft/test_test.go:113 +0x51

goroutine 135202 [chan receive]:
6.824/labrpc.(*ClientEnd).Call(0xc0000c0080, {0x1095793, 0x10e2400}, {0x10578c0, 0xc0005116e0}, {0x1057900, 0xc000681d90})
	D:/Go/src/6.824/src/labrpc/labrpc.go:112 +0x26e
6.824/raft.(*Raft).sendAppendLog(...)
	D:/Go/src/6.824/src/raft/raft.go:455
6.824/raft.(*Raft).sendMsg.func1(0x4)
	D:/Go/src/6.824/src/raft/raft.go:298 +0x90
created by 6.824/raft.(*Raft).sendMsg
	D:/Go/src/6.824/src/raft/raft.go:296 +0x44f

goroutine 94480 [select]:
6.824/kvraft.(*Clerk).Execute(0xc0002f87c0, 0xc0005bdc80, 0xc0005bdc68)
	D:/Go/src/6.824/src/kvraft/client.go:52 +0x219
6.824/kvraft.(*Clerk).Append(0x8, {0x109cd6e, 0xc0005bdd50}, {0xc000671778, 0xc0001ded60})
	D:/Go/src/6.824/src/kvraft/client.go:103 +0x150
6.824/kvraft.Append(0xc00005e240, 0x2, {0x109cd6e, 0x1}, {0xc000671778, 0x8}, 0xc0000c06e0, 0x8)
	D:/Go/src/6.824/src/kvraft/test_test.go:77 +0xd5
6.824/kvraft.GenericTest.func1(0x8, 0xc0001d0ae0, 0xc0001f2000)
	D:/Go/src/6.824/src/kvraft/test_test.go:272 +0x587
6.824/kvraft.run_client(0xc00053c840, 0xc00005e240, 0x28a, 0xc0003ca2a0, 0xc0004191d0)
	D:/Go/src/6.824/src/kvraft/test_test.go:103 +0xe4
created by 6.824/kvraft.spawn_clients_and_wait
	D:/Go/src/6.824/src/kvraft/test_test.go:113 +0x51

goroutine 134769 [chan receive]:
6.824/labrpc.(*ClientEnd).Call(0xc0000c0ac0, {0x10949f9, 0xc00073df50}, {0x1067340, 0xc0001b2030}, {0x1057480, 0xc0009d40d8})
	D:/Go/src/6.824/src/labrpc/labrpc.go:112 +0x26e
6.824/kvraft.(*Clerk).Execute.func1(0x1, {0x3, {0x109cd6e, 0x1}, {0xc000671778, 0x8}, 0x15b54a2c, 0x54})
	D:/Go/src/6.824/src/kvraft/client.go:47 +0x11f
created by 6.824/kvraft.(*Clerk).Execute
	D:/Go/src/6.824/src/kvraft/client.go:45 +0x1b2

goroutine 135199 [chan receive]:
6.824/labrpc.(*ClientEnd).Call(0xc0000c0080, {0x1095793, 0x10e2400}, {0x10578c0, 0xc0002ee360}, {0x1057900, 0xc00000b4b0})
	D:/Go/src/6.824/src/labrpc/labrpc.go:112 +0x26e
6.824/raft.(*Raft).sendAppendLog(...)
	D:/Go/src/6.824/src/raft/raft.go:455
6.824/raft.(*Raft).sendMsg.func1(0x4)
	D:/Go/src/6.824/src/raft/raft.go:298 +0x90
created by 6.824/raft.(*Raft).sendMsg
	D:/Go/src/6.824/src/raft/raft.go:296 +0x44f

goroutine 135055 [semacquire]:
sync.runtime_SemacquireMutex(0x28a, 0xe0, 0x105f740)
	D:/ProgramFiles/Go/src/runtime/sema.go:71 +0x25
sync.(*Mutex).lockSlow(0xc000198870)
	D:/ProgramFiles/Go/src/sync/mutex.go:138 +0x165
sync.(*Mutex).Lock(...)
	D:/ProgramFiles/Go/src/sync/mutex.go:81
6.824/raft.(*Raft).lock(...)
	D:/Go/src/6.824/src/raft/raft.go:468
6.824/raft.(*Raft).Snapshot(0xc000198870, 0x5b6, {0xc0009ba000, 0x18b9, 0x31ad})
	D:/Go/src/6.824/src/raft/raft.go:193 +0x6a
created by 6.824/kvraft.(*KVServer).SnapShot
	D:/Go/src/6.824/src/kvraft/server.go:107 +0x185

goroutine 94481 [select]:
6.824/kvraft.(*Clerk).Execute(0xc0002f8800, 0xc00018fc80, 0xc00018fc68)
	D:/Go/src/6.824/src/kvraft/client.go:52 +0x219
6.824/kvraft.(*Clerk).Append(0x8, {0x109cd6f, 0xc00018fd50}, {0xc0006ad8b8, 0xc0004653a0})
	D:/Go/src/6.824/src/kvraft/client.go:103 +0x150
6.824/kvraft.Append(0xc00005e240, 0x2, {0x109cd6f, 0x1}, {0xc0006ad8b8, 0x8}, 0xc0000c06e0, 0x9)
	D:/Go/src/6.824/src/kvraft/test_test.go:77 +0xd5
6.824/kvraft.GenericTest.func1(0x9, 0xc0001d0b10, 0xc0001f2000)
	D:/Go/src/6.824/src/kvraft/test_test.go:272 +0x587
6.824/kvraft.run_client(0xc000086b40, 0xc00005e240, 0xc0001341a0, 0x3, 0xc0004191d0)
	D:/Go/src/6.824/src/kvraft/test_test.go:103 +0xe4
created by 6.824/kvraft.spawn_clients_and_wait
	D:/Go/src/6.824/src/kvraft/test_test.go:113 +0x51

goroutine 134835 [semacquire]:
encoding/gob.(*encBuffer).WriteString(...)
	D:/ProgramFiles/Go/src/encoding/gob/encode.go:60
encoding/gob.encString(0xc0001186f0, 0xc00026b880, {0x105f740, 0xc000838c68, 0x5})
	D:/ProgramFiles/Go/src/encoding/gob/encode.go:256 +0xed
encoding/gob.(*Encoder).encodeStruct(0xc00071b9a0, 0xc00071b9d8, 0xc00009ccd8, {0x1072d80, 0xc000838c60, 0xc0008a99e8})
	D:/ProgramFiles/Go/src/encoding/gob/encode.go:328 +0x2d1
encoding/gob.(*Encoder).encode(0xc00071b9a0, 0xc0001e9860, {0x1057480, 0xc000838c60, 0xc000138440}, 0xc000138440)
	D:/ProgramFiles/Go/src/encoding/gob/encode.go:701 +0x1d7
encoding/gob.(*Encoder).EncodeValue(0xc00071b9a0, {0x1057480, 0xc000838c60, 0xc00071b9a0})
	D:/ProgramFiles/Go/src/encoding/gob/encoder.go:251 +0x42e
6.824/labgob.(*LabEncoder).EncodeValue(0xc0005b99b0, {0x1057480, 0xc000838c60, 0xc0008a9c68})
	D:/Go/src/6.824/src/labgob/labgob.go:39 +0x66
6.824/labrpc.(*Service).dispatch(0xc0002f8080, {0x1094a02, 0x2}, {{0x105f740, 0xc0005407e0}, {0x10949f9, 0xb}, {0x10e2400, 0x1067340}, {0xc00096c0b0, ...}, ...})
	D:/Go/src/6.824/src/labrpc/labrpc.go:501 +0x3df
6.824/labrpc.(*Server).dispatch(0xc0000040c0, {{0x105f740, 0xc0005407e0}, {0x10949f9, 0xb}, {0x10e2400, 0x1067340}, {0xc00096c0b0, 0x5c, 0xa6}, ...})
	D:/Go/src/6.824/src/labrpc/labrpc.go:420 +0x1fe
6.824/labrpc.(*Network).processReq.func1()
	D:/Go/src/6.824/src/labrpc/labrpc.go:240 +0x58
created by 6.824/labrpc.(*Network).processReq
	D:/Go/src/6.824/src/labrpc/labrpc.go:239 +0x1df

goroutine 94461 [semacquire]:
sync.runtime_SemacquireMutex(0xc000afff60, 0xf3, 0xcf8fad3c3bd0)
	D:/ProgramFiles/Go/src/runtime/sema.go:71 +0x25
sync.(*Mutex).lockSlow(0xc000198000)
	D:/ProgramFiles/Go/src/sync/mutex.go:138 +0x165
sync.(*Mutex).Lock(...)
	D:/ProgramFiles/Go/src/sync/mutex.go:81
6.824/raft.(*Raft).lock(...)
	D:/Go/src/6.824/src/raft/raft.go:468
6.824/raft.(*Raft).electionTicker(0xc000198000)
	D:/Go/src/6.824/src/raft/raft.go:623 +0xb6
created by 6.824/raft.Make
	D:/Go/src/6.824/src/raft/raft.go:664 +0x2a7

goroutine 94479 [select]:
6.824/kvraft.(*Clerk).Execute(0xc0002f8780, 0xc0005c1c70, 0xc0005c1c58)
	D:/Go/src/6.824/src/kvraft/client.go:52 +0x219
6.824/kvraft.(*Clerk).Get(0xc0005c1cd8, {0x109cd6d, 0x8})
	D:/Go/src/6.824/src/kvraft/client.go:74 +0x127
6.824/kvraft.Get(0xc00005e240, 0x2, {0x109cd6d, 0x1}, 0xc0000c06e0, 0x7)
	D:/Go/src/6.824/src/kvraft/test_test.go:43 +0xbb
6.824/kvraft.GenericTest.func1(0x7, 0xc0001d0ab0, 0xc0001f2000)
	D:/Go/src/6.824/src/kvraft/test_test.go:284 +0x3e5
6.824/kvraft.run_client(0xc000086cc0, 0xc00005e240, 0xa7, 0xc0000869c0, 0xc0004191d0)
	D:/Go/src/6.824/src/kvraft/test_test.go:103 +0xe4
created by 6.824/kvraft.spawn_clients_and_wait
	D:/Go/src/6.824/src/kvraft/test_test.go:113 +0x51

goroutine 135166 [semacquire]:
time.NewTimer(0xc000418e10)
	D:/ProgramFiles/Go/src/time/sleep.go:87 +0x2e
time.After(...)
	D:/ProgramFiles/Go/src/time/sleep.go:161
6.824/labrpc.(*Network).processReq(0xc000418e10, {{0x105f740, 0xc000540370}, {0x10949f9, 0xb}, {0x10e2400, 0x1067340}, {0xc000684180, 0x67, 0xb1}, ...})
	D:/Go/src/6.824/src/labrpc/labrpc.go:254 +0x3bb
created by 6.824/labrpc.MakeNetwork.func1
	D:/Go/src/6.824/src/labrpc/labrpc.go:157 +0x3e

goroutine 94491 [select]:
6.824/kvraft.(*Clerk).Execute(0xc0002f8700, 0xc0007c7c70, 0xc0007c7c58)
	D:/Go/src/6.824/src/kvraft/client.go:52 +0x219
6.824/kvraft.(*Clerk).Get(0xc0007c7cd8, {0x10a1d84, 0x9})
	D:/Go/src/6.824/src/kvraft/client.go:74 +0x127
6.824/kvraft.Get(0xc00005e240, 0x2, {0x10a1d84, 0x2}, 0xc0000c06e0, 0x13)
	D:/Go/src/6.824/src/kvraft/test_test.go:43 +0xbb
6.824/kvraft.GenericTest.func1(0x13, 0xc0001d0a50, 0xc0001f2000)
	D:/Go/src/6.824/src/kvraft/test_test.go:284 +0x3e5
6.824/kvraft.run_client(0x16c36e9680758578, 0xc00005e240, 0x10794a0, 0xc0002474a0, 0xc0004191d0)
	D:/Go/src/6.824/src/kvraft/test_test.go:103 +0xe4
created by 6.824/kvraft.spawn_clients_and_wait
	D:/Go/src/6.824/src/kvraft/test_test.go:113 +0x51

goroutine 105816 [semacquire]:
sync.runtime_SemacquireMutex(0xf1374e, 0x48, 0xf13780)
	D:/ProgramFiles/Go/src/runtime/sema.go:71 +0x25
sync.(*Mutex).lockSlow(0xc000198000)
	D:/ProgramFiles/Go/src/sync/mutex.go:138 +0x165
sync.(*Mutex).Lock(...)
	D:/ProgramFiles/Go/src/sync/mutex.go:81
6.824/raft.(*Raft).lock(...)
	D:/Go/src/6.824/src/raft/raft.go:468
6.824/raft.(*Raft).sendMsg(0xc000198000, 0x1)
	D:/Go/src/6.824/src/raft/raft.go:266 +0x79
6.824/raft.(*Raft).heartTicker(0xc000198000, 0xc000418e10)
	D:/Go/src/6.824/src/raft/raft.go:611 +0x5e
created by 6.824/raft.(*Raft).BeLeader
	D:/Go/src/6.824/src/raft/raft.go:602 +0xcf

goroutine 94469 [semacquire]:
sync.runtime_SemacquireMutex(0xc000133f60, 0xf3, 0xcf8f998ae690)
	D:/ProgramFiles/Go/src/runtime/sema.go:71 +0x25
sync.(*Mutex).lockSlow(0xc000198870)
	D:/ProgramFiles/Go/src/sync/mutex.go:138 +0x165
sync.(*Mutex).Lock(...)
	D:/ProgramFiles/Go/src/sync/mutex.go:81
6.824/raft.(*Raft).lock(...)
	D:/Go/src/6.824/src/raft/raft.go:468
6.824/raft.(*Raft).electionTicker(0xc000198870)
	D:/Go/src/6.824/src/raft/raft.go:623 +0xb6
created by 6.824/raft.Make
	D:/Go/src/6.824/src/raft/raft.go:664 +0x2a7

goroutine 94465 [semacquire]:
6.824/raft.clone(...)
	D:/Go/src/6.824/src/raft/persister.go:25
6.824/raft.(*Persister).SaveRaftState(0xc0002f82c0, {0xc000259c00, 0x3c0, 0x1ea30cb4})
	D:/Go/src/6.824/src/raft/persister.go:42 +0x93
6.824/raft.(*Raft).persist(0xc0001981e0)
	D:/Go/src/6.824/src/raft/raft.go:142 +0x38
6.824/raft.(*Raft).BeCandidate(0xc0001981e0)
	D:/Go/src/6.824/src/raft/raft.go:593 +0x3d
6.824/raft.(*Raft).electionTicker(0xc0001981e0)
	D:/Go/src/6.824/src/raft/raft.go:630 +0x127
created by 6.824/raft.Make
	D:/Go/src/6.824/src/raft/raft.go:664 +0x2a7

goroutine 134894 [select]:
6.824/kvraft.(*KVServer).Do(0xc000418eb0, 0xc000855950, 0xc000484a98)
	D:/Go/src/6.824/src/kvraft/server.go:71 +0x2f4
reflect.Value.call({0xc0000da120, 0xc0004da008, 0xc000b2fb10}, {0x10934cd, 0x4}, {0xc000b2fc68, 0x3, 0xc000b2fb40})
	D:/ProgramFiles/Go/src/reflect/value.go:543 +0x814
reflect.Value.Call({0xc0000da120, 0xc0004da008, 0xc0005b90f0}, {0xc000b2fc68, 0x3, 0x3})
	D:/ProgramFiles/Go/src/reflect/value.go:339 +0xc5
6.824/labrpc.(*Service).dispatch(0xc0002f8080, {0x1094a02, 0x2}, {{0x105f740, 0xc0004cde40}, {0x10949f9, 0xb}, {0x10e2400, 0x1067340}, {0xc000796000, ...}, ...})
	D:/Go/src/6.824/src/labrpc/labrpc.go:496 +0x39d
6.824/labrpc.(*Server).dispatch(0xc0000040c0, {{0x105f740, 0xc0004cde40}, {0x10949f9, 0xb}, {0x10e2400, 0x1067340}, {0xc000796000, 0x5b, 0xa5}, ...})
	D:/Go/src/6.824/src/labrpc/labrpc.go:420 +0x1fe
6.824/labrpc.(*Network).processReq.func1()
	D:/Go/src/6.824/src/labrpc/labrpc.go:240 +0x58
created by 6.824/labrpc.(*Network).processReq
	D:/Go/src/6.824/src/labrpc/labrpc.go:239 +0x1df

goroutine 94466 [chan receive]:
6.824/kvraft.(*KVServer).doExecute(0xc000418ff0)
	D:/Go/src/6.824/src/kvraft/server.go:123 +0x70
created by 6.824/kvraft.StartKVServer
	D:/Go/src/6.824/src/kvraft/server.go:198 +0x207

goroutine 94487 [select]:
6.824/kvraft.(*Clerk).Execute(0xc0002f8980, 0xc0007bfc70, 0xc0007bfc58)
	D:/Go/src/6.824/src/kvraft/client.go:52 +0x219
6.824/kvraft.(*Clerk).Get(0xc0007bfcd8, {0x10a1d7c, 0x9})
	D:/Go/src/6.824/src/kvraft/client.go:74 +0x127
6.824/kvraft.Get(0xc00005e240, 0x2, {0x10a1d7c, 0x2}, 0xc0000c06e0, 0xf)
	D:/Go/src/6.824/src/kvraft/test_test.go:43 +0xbb
6.824/kvraft.GenericTest.func1(0xf, 0xc0001d0c30, 0xc0001f2000)
	D:/Go/src/6.824/src/kvraft/test_test.go:284 +0x3e5
6.824/kvraft.run_client(0x124eda0, 0xc00005e240, 0x0, 0x10794a0, 0xc0004191d0)
	D:/Go/src/6.824/src/kvraft/test_test.go:103 +0xe4
created by 6.824/kvraft.spawn_clients_and_wait
	D:/Go/src/6.824/src/kvraft/test_test.go:113 +0x51

goroutine 134870 [select]:
6.824/labrpc.(*Network).processReq(0xc000418e10, {{0x105f740, 0xc0005408e0}, {0x10949f9, 0xb}, {0x10e2400, 0x1067340}, {0xc00049c840, 0x5c, 0xa6}, ...})
	D:/Go/src/6.824/src/labrpc/labrpc.go:251 +0x41c
created by 6.824/labrpc.MakeNetwork.func1
	D:/Go/src/6.824/src/labrpc/labrpc.go:157 +0x3e

goroutine 135246 [semacquire]:
time.NewTimer(0xc000418e10)
	D:/ProgramFiles/Go/src/time/sleep.go:88 +0x4e
time.After(...)
	D:/ProgramFiles/Go/src/time/sleep.go:161
6.824/labrpc.(*Network).processReq(0xc000418e10, {{0x105f740, 0xc0004ccf70}, {0x1095fac, 0x10}, {0x10e2400, 0x10579c0}, {0xc0000be9c0, 0x6e, 0xc6}, ...})
	D:/Go/src/6.824/src/labrpc/labrpc.go:254 +0x3bb
created by 6.824/labrpc.MakeNetwork.func1
	D:/Go/src/6.824/src/labrpc/labrpc.go:157 +0x3e

goroutine 135194 [semacquire]:
time.NewTimer(0xc000418e10)
	D:/ProgramFiles/Go/src/time/sleep.go:87 +0x2e
time.After(...)
	D:/ProgramFiles/Go/src/time/sleep.go:161
6.824/labrpc.(*Network).processReq(0xc000418e10, {{0x105f740, 0xc0004cdcd0}, {0x10949f9, 0xb}, {0x10e2400, 0x1067340}, {0xc00096c9a0, 0x5c, 0xa6}, ...})
	D:/Go/src/6.824/src/labrpc/labrpc.go:254 +0x3bb
created by 6.824/labrpc.MakeNetwork.func1
	D:/Go/src/6.824/src/labrpc/labrpc.go:157 +0x3e

goroutine 134866 [chan receive]:
6.824/labrpc.(*ClientEnd).Call(0xc0000c0b80, {0x10949f9, 0xc0008fffd0}, {0x1067340, 0xc000247200}, {0x1057480, 0xc0004929d8})
	D:/Go/src/6.824/src/labrpc/labrpc.go:112 +0x26e
6.824/kvraft.(*Clerk).Execute.func1(0x3, {0x3, {0x109cd6f, 0x1}, {0xc0006ad8b8, 0x8}, 0x63f600f6, 0x49})
	D:/Go/src/6.824/src/kvraft/client.go:47 +0x11f
created by 6.824/kvraft.(*Clerk).Execute
	D:/Go/src/6.824/src/kvraft/client.go:45 +0x1b2

goroutine 134993 [select]:
6.824/kvraft.(*KVServer).Do(0xc000418eb0, 0xc00033e3c0, 0xc000493c08)
	D:/Go/src/6.824/src/kvraft/server.go:71 +0x2f4
reflect.Value.call({0xc0000da120, 0xc0004da008, 0xc000739b10}, {0x10934cd, 0x4}, {0xc000739c68, 0x3, 0xc000739b40})
	D:/ProgramFiles/Go/src/reflect/value.go:543 +0x814
reflect.Value.Call({0xc0000da120, 0xc0004da008, 0xc0002612c8}, {0xc000739c68, 0x3, 0x3})
	D:/ProgramFiles/Go/src/reflect/value.go:339 +0xc5
6.824/labrpc.(*Service).dispatch(0xc0002f8080, {0x1094a02, 0x2}, {{0x105f740, 0xc0004cdb20}, {0x10949f9, 0xb}, {0x10e2400, 0x1067340}, {0xc00096c160, ...}, ...})
	D:/Go/src/6.824/src/labrpc/labrpc.go:496 +0x39d
6.824/labrpc.(*Server).dispatch(0xc0000040c0, {{0x105f740, 0xc0004cdb20}, {0x10949f9, 0xb}, {0x10e2400, 0x1067340}, {0xc00096c160, 0x65, 0xaf}, ...})
	D:/Go/src/6.824/src/labrpc/labrpc.go:420 +0x1fe
6.824/labrpc.(*Network).processReq.func1()
	D:/Go/src/6.824/src/labrpc/labrpc.go:240 +0x58
created by 6.824/labrpc.(*Network).processReq
	D:/Go/src/6.824/src/labrpc/labrpc.go:239 +0x1df

goroutine 135238 [chan receive]:
6.824/labrpc.(*ClientEnd).Call(0xc0000c0160, {0x1095fac, 0xc000725fb8}, {0x10579c0, 0xc0001bc060}, {0x1057a00, 0xc000671e30})
	D:/Go/src/6.824/src/labrpc/labrpc.go:112 +0x26e
6.824/raft.(*Raft).sendRequestVote(...)
	D:/Go/src/6.824/src/raft/raft.go:459
6.824/raft.(*Raft).election.func1(0x0)
	D:/Go/src/6.824/src/raft/raft.go:490 +0xa5
created by 6.824/raft.(*Raft).election
	D:/Go/src/6.824/src/raft/raft.go:488 +0x29e

goroutine 135165 [chan receive]:
6.824/labrpc.(*ClientEnd).Call(0xc0000c0cc0, {0x10949f9, 0xc000bc1fa0}, {0x1067340, 0xc00033f1d0}, {0x1057480, 0xc00046de18})
	D:/Go/src/6.824/src/labrpc/labrpc.go:112 +0x26e
6.824/kvraft.(*Clerk).Execute.func1(0x3, {0x3, {0x10a1d72, 0x2}, {0xc0009828a0, 0x9}, 0xffe0fb2a, 0x47})
	D:/Go/src/6.824/src/kvraft/client.go:47 +0x11f
created by 6.824/kvraft.(*Clerk).Execute
	D:/Go/src/6.824/src/kvraft/client.go:45 +0x1b2

goroutine 135163 [semacquire]:
time.NewTimer(0xc000418e10)
	D:/ProgramFiles/Go/src/time/sleep.go:87 +0x2e
time.After(...)
	D:/ProgramFiles/Go/src/time/sleep.go:161
6.824/labrpc.(*Network).processReq(0xc000418e10, {{0x105f740, 0xc0005fc120}, {0x10949f9, 0xb}, {0x10e2400, 0x1067340}, {0xc00096c420, 0x5b, 0xa5}, ...})
	D:/Go/src/6.824/src/labrpc/labrpc.go:254 +0x3bb
created by 6.824/labrpc.MakeNetwork.func1
	D:/Go/src/6.824/src/labrpc/labrpc.go:157 +0x3e

goroutine 134868 [semacquire]:
6.824/labrpc.(*Service).dispatch(0xc0002f8080, {0x1094a02, 0x2}, {{0x105f740, 0xc000540170}, {0x10949f9, 0xb}, {0x10e2400, 0x1067340}, {0xc00049c420, ...}, ...})
	D:/Go/src/6.824/src/labrpc/labrpc.go:499 +0x3a9
6.824/labrpc.(*Server).dispatch(0xc0000040c0, {{0x105f740, 0xc000540170}, {0x10949f9, 0xb}, {0x10e2400, 0x1067340}, {0xc00049c420, 0x65, 0xaf}, ...})
	D:/Go/src/6.824/src/labrpc/labrpc.go:420 +0x1fe
6.824/labrpc.(*Network).processReq.func1()
	D:/Go/src/6.824/src/labrpc/labrpc.go:240 +0x58
created by 6.824/labrpc.(*Network).processReq
	D:/Go/src/6.824/src/labrpc/labrpc.go:239 +0x1df

goroutine 134807 [chan receive]:
6.824/labrpc.(*ClientEnd).Call(0xc0000c07c0, {0x10949f9, 0xc000c23fa0}, {0x1067340, 0xc000642b70}, {0x1057480, 0xc000560480})
	D:/Go/src/6.824/src/labrpc/labrpc.go:112 +0x26e
6.824/kvraft.(*Clerk).Execute.func1(0x4, {0x3, {0x109cd6a, 0x1}, {0xc000670df0, 0x8}, 0x122fb25f, 0x4a})
	D:/Go/src/6.824/src/kvraft/client.go:47 +0x11f
created by 6.824/kvraft.(*Clerk).Execute
	D:/Go/src/6.824/src/kvraft/client.go:45 +0x1b2

goroutine 134783 [semacquire]:
encoding/gob.(*Decoder).compileDec(0xc000112900, 0x1e9800, 0xc0000cf480)
	D:/ProgramFiles/Go/src/encoding/gob/decode.go:1108 +0x19d
encoding/gob.(*Decoder).getDecEnginePtr(0xc000112900, 0x1067640, 0xc0000cf480)
	D:/ProgramFiles/Go/src/encoding/gob/decode.go:1147 +0x145
encoding/gob.(*Decoder).decodeValue(0xc000112900, 0xa97c78, {0x1067640, 0xc00026b7c0, 0xc000112918})
	D:/ProgramFiles/Go/src/encoding/gob/decode.go:1192 +0xf3
encoding/gob.(*Decoder).recvType(0xc000112900, 0x42)
	D:/ProgramFiles/Go/src/encoding/gob/decoder.go:67 +0x13c
encoding/gob.(*Decoder).decodeTypeSequence(0xc000112900, 0x0)
	D:/ProgramFiles/Go/src/encoding/gob/decoder.go:154 +0x6d
encoding/gob.(*Decoder).DecodeValue(0xc000112900, {0x1057480, 0xc000492570, 0xc000a97d70})
	D:/ProgramFiles/Go/src/encoding/gob/decoder.go:214 +0x18f
encoding/gob.(*Decoder).Decode(0xc000112900, {0x1057480, 0xc000492570})
	D:/ProgramFiles/Go/src/encoding/gob/decoder.go:191 +0x137
6.824/labgob.(*LabDecoder).Decode(0xc000a97e00, {0x1057480, 0xc000492570})
	D:/Go/src/6.824/src/labgob/labgob.go:55 +0x54
6.824/labrpc.(*ClientEnd).Call(0xc0000c0940, {0x10949f9, 0xc000a97fa0}, {0x1067340, 0xc000246c90}, {0x1057480, 0xc000492570})
	D:/Go/src/6.824/src/labrpc/labrpc.go:116 +0x326
6.824/kvraft.(*Clerk).Execute.func1(0x3, {0x3, {0x109cd6c, 0x1}, {0xc0006adb80, 0x8}, 0xeede84a9, 0x4b})
	D:/Go/src/6.824/src/kvraft/client.go:47 +0x11f
created by 6.824/kvraft.(*Clerk).Execute
	D:/Go/src/6.824/src/kvraft/client.go:45 +0x1b2

goroutine 134853 [select]:
6.824/kvraft.(*KVServer).Do(0xc000418eb0, 0xc0001b2840, 0xc0009d4948)
	D:/Go/src/6.824/src/kvraft/server.go:71 +0x2f4
reflect.Value.call({0xc0000da120, 0xc0004da008, 0xc0007fdb10}, {0x10934cd, 0x4}, {0xc0007fdc68, 0x3, 0xc0007fdb40})
	D:/ProgramFiles/Go/src/reflect/value.go:543 +0x814
reflect.Value.Call({0xc0000da120, 0xc0004da008, 0xc000260198}, {0xc0007fdc68, 0x3, 0x3})
	D:/ProgramFiles/Go/src/reflect/value.go:339 +0xc5
6.824/labrpc.(*Service).dispatch(0xc0002f8080, {0x1094a02, 0x2}, {{0x105f740, 0xc0004cdf50}, {0x10949f9, 0xb}, {0x10e2400, 0x1067340}, {0xc00006e000, ...}, ...})
	D:/Go/src/6.824/src/labrpc/labrpc.go:496 +0x39d
6.824/labrpc.(*Server).dispatch(0xc0000040c0, {{0x105f740, 0xc0004cdf50}, {0x10949f9, 0xb}, {0x10e2400, 0x1067340}, {0xc00006e000, 0x65, 0xaf}, ...})
	D:/Go/src/6.824/src/labrpc/labrpc.go:420 +0x1fe
6.824/labrpc.(*Network).processReq.func1()
	D:/Go/src/6.824/src/labrpc/labrpc.go:240 +0x58
created by 6.824/labrpc.(*Network).processReq
	D:/Go/src/6.824/src/labrpc/labrpc.go:239 +0x1df

goroutine 135036 [chan receive]:
6.824/labrpc.(*ClientEnd).Call(0xc0000c1140, {0x10949f9, 0xc00048dfa0}, {0x1067340, 0xc0006b4fc0}, {0x1057480, 0xc0009d4ee8})
	D:/Go/src/6.824/src/labrpc/labrpc.go:112 +0x26e
6.824/kvraft.(*Clerk).Execute.func1(0x3, {0x3, {0x10a1d7e, 0x2}, {0xc00000b8a0, 0x9}, 0x4ceb0125, 0x4e})
	D:/Go/src/6.824/src/kvraft/client.go:47 +0x11f
created by 6.824/kvraft.(*Clerk).Execute
	D:/Go/src/6.824/src/kvraft/client.go:45 +0x1b2

goroutine 135182 [semacquire]:
sync.runtime_SemacquireMutex(0x20, 0x0, 0x30000)
	D:/ProgramFiles/Go/src/runtime/sema.go:71 +0x25
sync.(*Mutex).lockSlow(0xc000198000)
	D:/ProgramFiles/Go/src/sync/mutex.go:138 +0x165
sync.(*Mutex).Lock(...)
	D:/ProgramFiles/Go/src/sync/mutex.go:81
6.824/raft.(*Raft).lock(...)
	D:/Go/src/6.824/src/raft/raft.go:468
6.824/raft.(*Raft).sendMsg(0xc000198000, 0x1023021)
	D:/Go/src/6.824/src/raft/raft.go:266 +0x79
6.824/raft.(*Raft).heartTicker(0xc000198000, 0xc000418e10)
	D:/Go/src/6.824/src/raft/raft.go:611 +0x5e
created by 6.824/raft.(*Raft).BeLeader
	D:/Go/src/6.824/src/raft/raft.go:602 +0xcf

goroutine 135142 [chan receive]:
6.824/labrpc.(*ClientEnd).Call(0xc0000c15e0, {0x10949f9, 0x10578c0}, {0x1067340, 0xc000247350}, {0x1057480, 0xc0009d5e48})
	D:/Go/src/6.824/src/labrpc/labrpc.go:112 +0x26e
6.824/kvraft.(*Clerk).Execute.func1(0x3, {0x1, {0x109cd69, 0x1}, {0x0, 0x0}, 0xad137f98, 0x49})
	D:/Go/src/6.824/src/kvraft/client.go:47 +0x11f
created by 6.824/kvraft.(*Clerk).Execute
	D:/Go/src/6.824/src/kvraft/client.go:45 +0x1b2

goroutine 134850 [select]:
6.824/labrpc.(*Network).processReq(0xc000418e10, {{0x105f740, 0xc0004cdf50}, {0x10949f9, 0xb}, {0x10e2400, 0x1067340}, {0xc00006e000, 0x65, 0xaf}, ...})
	D:/Go/src/6.824/src/labrpc/labrpc.go:251 +0x41c
created by 6.824/labrpc.MakeNetwork.func1
	D:/Go/src/6.824/src/labrpc/labrpc.go:157 +0x3e

goroutine 135200 [select]:
6.824/labrpc.(*Network).processReq(0xc000418e10, {{0x105f740, 0xc0004ccdb0}, {0x1095793, 0xe}, {0x10e2400, 0x10578c0}, {0xc000066800, 0x3f4, 0x7a8}, ...})
	D:/Go/src/6.824/src/labrpc/labrpc.go:251 +0x41c
created by 6.824/labrpc.MakeNetwork.func1
	D:/Go/src/6.824/src/labrpc/labrpc.go:157 +0x3e

goroutine 134818 [semacquire]:
encoding/gob.overflow(...)
	D:/ProgramFiles/Go/src/encoding/gob/decode.go:113
encoding/gob.(*Decoder).compileDec(0xc0004acf00, 0x679fb0, 0xc0000ce4c0)
	D:/ProgramFiles/Go/src/encoding/gob/decode.go:1116 +0x30f
encoding/gob.(*Decoder).getDecEnginePtr(0xc0004acf00, 0x10735a0, 0xc0000ce4c0)
	D:/ProgramFiles/Go/src/encoding/gob/decode.go:1147 +0x145
encoding/gob.(*Decoder).decOpFor(0xc0004acf00, 0x10e2400, {0x10e2400, 0x10735a0}, {0x104e65e, 0xa}, 0x0)
	D:/ProgramFiles/Go/src/encoding/gob/decode.go:854 +0x52d
encoding/gob.(*Decoder).compileDec(0xc0004acf00, 0x679f80, 0xc0000ce780)
	D:/ProgramFiles/Go/src/encoding/gob/decode.go:1128 +0x6e8
encoding/gob.(*Decoder).getDecEnginePtr(0xc0004acf00, 0x1079920, 0xc0000ce780)
	D:/ProgramFiles/Go/src/encoding/gob/decode.go:1147 +0x145
encoding/gob.(*Decoder).decOpFor(0xc0004acf00, 0x10e2400, {0x10e2400, 0x1078ae0}, {0x104c2ba, 0x6}, 0x0)
	D:/ProgramFiles/Go/src/encoding/gob/decode.go:854 +0x52d
encoding/gob.(*Decoder).compileDec(0xc0004acf00, 0x679f50, 0xc0000cf480)
	D:/ProgramFiles/Go/src/encoding/gob/decode.go:1128 +0x6e8
encoding/gob.(*Decoder).getDecEnginePtr(0xc0004acf00, 0x1067640, 0xc0000cf480)
	D:/ProgramFiles/Go/src/encoding/gob/decode.go:1147 +0x145
encoding/gob.(*Decoder).decodeValue(0xc0004acf00, 0xbbdc78, {0x1067640, 0xc0003568c0, 0xc0004acf18})
	D:/ProgramFiles/Go/src/encoding/gob/decode.go:1192 +0xf3
encoding/gob.(*Decoder).recvType(0xc0004acf00, 0x42)
	D:/ProgramFiles/Go/src/encoding/gob/decoder.go:67 +0x13c
encoding/gob.(*Decoder).decodeTypeSequence(0xc0004acf00, 0x0)
	D:/ProgramFiles/Go/src/encoding/gob/decoder.go:154 +0x6d
encoding/gob.(*Decoder).DecodeValue(0xc0004acf00, {0x1057480, 0xc000560a08, 0xc000bbdd70})
	D:/ProgramFiles/Go/src/encoding/gob/decoder.go:214 +0x18f
encoding/gob.(*Decoder).Decode(0xc0004acf00, {0x1057480, 0xc000560a08})
	D:/ProgramFiles/Go/src/encoding/gob/decoder.go:191 +0x137
6.824/labgob.(*LabDecoder).Decode(0xc000bbde00, {0x1057480, 0xc000560a08})
	D:/Go/src/6.824/src/labgob/labgob.go:55 +0x54
6.824/labrpc.(*ClientEnd).Call(0xc0000c0dc0, {0x10949f9, 0xc000965f50}, {0x1067340, 0xc0007b8510}, {0x1057480, 0xc000560a08})
	D:/Go/src/6.824/src/labrpc/labrpc.go:116 +0x326
6.824/kvraft.(*Clerk).Execute.func1(0x2, {0x3, {0x10a1d76, 0x2}, {0xc00000bac0, 0x9}, 0x101b2c4, 0x46})
	D:/Go/src/6.824/src/kvraft/client.go:47 +0x11f
created by 6.824/kvraft.(*Clerk).Execute
	D:/Go/src/6.824/src/kvraft/client.go:45 +0x1b2

goroutine 134766 [semacquire]:
time.NewTimer(0xc000418e10)
	D:/ProgramFiles/Go/src/time/sleep.go:87 +0x2e
time.After(...)
	D:/ProgramFiles/Go/src/time/sleep.go:161
6.824/labrpc.(*Network).processReq(0xc000418e10, {{0x105f740, 0xc000540440}, {0x10949f9, 0xb}, {0x10e2400, 0x1067340}, {0xc00049c790, 0x5c, 0xa6}, ...})
	D:/Go/src/6.824/src/labrpc/labrpc.go:254 +0x3bb
created by 6.824/labrpc.MakeNetwork.func1
	D:/Go/src/6.824/src/labrpc/labrpc.go:157 +0x3e

goroutine 135244 [semacquire]:
time.NewTimer(0xc000418e10)
	D:/ProgramFiles/Go/src/time/sleep.go:88 +0x4e
time.After(...)
	D:/ProgramFiles/Go/src/time/sleep.go:161
6.824/labrpc.(*Network).processReq(0xc000418e10, {{0x105f740, 0xc0004cced0}, {0x1095fac, 0x10}, {0x10e2400, 0x10579c0}, {0xc0000be820, 0x6e, 0xc6}, ...})
	D:/Go/src/6.824/src/labrpc/labrpc.go:254 +0x3bb
created by 6.824/labrpc.MakeNetwork.func1
	D:/Go/src/6.824/src/labrpc/labrpc.go:157 +0x3e

goroutine 134652 [chan receive]:
6.824/labrpc.(*ClientEnd).Call(0xc0000c1300, {0x10949f9, 0xc000c05fa0}, {0x1067340, 0xc0001b20c0}, {0x1057480, 0xc0001dda70})
	D:/Go/src/6.824/src/labrpc/labrpc.go:112 +0x26e
6.824/kvraft.(*Clerk).Execute.func1(0x3, {0x1, {0x109cd68, 0x1}, {0x0, 0x0}, 0x24a8aff5, 0x52})
	D:/Go/src/6.824/src/kvraft/client.go:47 +0x11f
created by 6.824/kvraft.(*Clerk).Execute
	D:/Go/src/6.824/src/kvraft/client.go:45 +0x1b2

goroutine 134808 [semacquire]:
time.NewTimer(0xc000418e10)
	D:/ProgramFiles/Go/src/time/sleep.go:88 +0x4e
time.After(...)
	D:/ProgramFiles/Go/src/time/sleep.go:161
6.824/labrpc.(*Network).processReq(0xc000418e10, {{0x105f740, 0xc0004cdb20}, {0x10949f9, 0xb}, {0x10e2400, 0x1067340}, {0xc00096c160, 0x65, 0xaf}, ...})
	D:/Go/src/6.824/src/labrpc/labrpc.go:254 +0x3bb
created by 6.824/labrpc.MakeNetwork.func1
	D:/Go/src/6.824/src/labrpc/labrpc.go:157 +0x3e

goroutine 135143 [select]:
6.824/labrpc.(*Network).processReq(0xc000418e10, {{0x105f740, 0xc000541140}, {0x10949f9, 0xb}, {0x10e2400, 0x1067340}, {0xc000796580, 0x5b, 0xa5}, ...})
	D:/Go/src/6.824/src/labrpc/labrpc.go:251 +0x41c
created by 6.824/labrpc.MakeNetwork.func1
	D:/Go/src/6.824/src/labrpc/labrpc.go:157 +0x3e

goroutine 135150 [semacquire]:
sync.runtime_SemacquireMutex(0x4, 0x40, 0x3)
	D:/ProgramFiles/Go/src/runtime/sema.go:71 +0x25
sync.(*Mutex).lockSlow(0xc000198870)
	D:/ProgramFiles/Go/src/sync/mutex.go:138 +0x165
sync.(*Mutex).Lock(...)
	D:/ProgramFiles/Go/src/sync/mutex.go:81
6.824/raft.(*Raft).lock(...)
	D:/Go/src/6.824/src/raft/raft.go:468
6.824/raft.(*Raft).AppendLog(0xc000198870, 0xc0003cd5c0, 0xc000670c60)
	D:/Go/src/6.824/src/raft/raft.go:326 +0x72
reflect.Value.call({0xc0000da2a0, 0xc0004da208, 0xc000a11b10}, {0x10934cd, 0x4}, {0xc000a11c68, 0x3, 0xc000a11b40})
	D:/ProgramFiles/Go/src/reflect/value.go:543 +0x814
reflect.Value.Call({0xc0000da2a0, 0xc0004da208, 0xc0000078d0}, {0xc000a11c68, 0x3, 0x3})
	D:/ProgramFiles/Go/src/reflect/value.go:339 +0xc5
6.824/labrpc.(*Service).dispatch(0xc0002f8600, {0x1095798, 0x9}, {{0x105f740, 0xc0004ccdb0}, {0x1095793, 0xe}, {0x10e2400, 0x10578c0}, {0xc0008f8000, ...}, ...})
	D:/Go/src/6.824/src/labrpc/labrpc.go:496 +0x39d
6.824/labrpc.(*Server).dispatch(0xc000004120, {{0x105f740, 0xc0004ccdb0}, {0x1095793, 0xe}, {0x10e2400, 0x10578c0}, {0xc0008f8000, 0x423, 0x7d7}, ...})
	D:/Go/src/6.824/src/labrpc/labrpc.go:420 +0x1fe
6.824/labrpc.(*Network).processReq.func1()
	D:/Go/src/6.824/src/labrpc/labrpc.go:240 +0x58
created by 6.824/labrpc.(*Network).processReq
	D:/Go/src/6.824/src/labrpc/labrpc.go:239 +0x1df

goroutine 135226 [semacquire]:
sync.runtime_SemacquireMutex(0x28a, 0x80, 0x105f740)
	D:/ProgramFiles/Go/src/runtime/sema.go:71 +0x25
sync.(*Mutex).lockSlow(0xc000198000)
	D:/ProgramFiles/Go/src/sync/mutex.go:138 +0x165
sync.(*Mutex).Lock(...)
	D:/ProgramFiles/Go/src/sync/mutex.go:81
6.824/raft.(*Raft).lock(...)
	D:/Go/src/6.824/src/raft/raft.go:468
6.824/raft.(*Raft).Snapshot(0xc000198000, 0x5ca, {0xc00064c000, 0x1929, 0x328d})
	D:/Go/src/6.824/src/raft/raft.go:193 +0x6a
created by 6.824/kvraft.(*KVServer).SnapShot
	D:/Go/src/6.824/src/kvraft/server.go:107 +0x185

goroutine 134867 [semacquire]:
time.NewTimer(0xc000418e10)
	D:/ProgramFiles/Go/src/time/sleep.go:87 +0x2e
time.After(...)
	D:/ProgramFiles/Go/src/time/sleep.go:161
6.824/labrpc.(*Network).processReq(0xc000418e10, {{0x105f740, 0xc000540170}, {0x10949f9, 0xb}, {0x10e2400, 0x1067340}, {0xc00049c420, 0x65, 0xaf}, ...})
	D:/Go/src/6.824/src/labrpc/labrpc.go:254 +0x3bb
created by 6.824/labrpc.MakeNetwork.func1
	D:/Go/src/6.824/src/labrpc/labrpc.go:157 +0x3e

goroutine 134977 [select]:
6.824/kvraft.(*KVServer).Do(0xc000418eb0, 0xc0007b8750, 0xc000a27e00)
	D:/Go/src/6.824/src/kvraft/server.go:71 +0x2f4
reflect.Value.call({0xc0000da120, 0xc0004da008, 0xc000789b10}, {0x10934cd, 0x4}, {0xc000789c68, 0x3, 0xc000789b40})
	D:/ProgramFiles/Go/src/reflect/value.go:543 +0x814
reflect.Value.Call({0xc0000da120, 0xc0004da008, 0xc0005b8bd0}, {0xc000789c68, 0x3, 0x3})
	D:/ProgramFiles/Go/src/reflect/value.go:339 +0xc5
6.824/labrpc.(*Service).dispatch(0xc0002f8080, {0x1094a02, 0x2}, {{0x105f740, 0xc000540d20}, {0x10949f9, 0xb}, {0x10e2400, 0x1067340}, {0xc00049c210, ...}, ...})
	D:/Go/src/6.824/src/labrpc/labrpc.go:496 +0x39d
6.824/labrpc.(*Server).dispatch(0xc0000040c0, {{0x105f740, 0xc000540d20}, {0x10949f9, 0xb}, {0x10e2400, 0x1067340}, {0xc00049c210, 0x5c, 0xa6}, ...})
	D:/Go/src/6.824/src/labrpc/labrpc.go:420 +0x1fe
6.824/labrpc.(*Network).processReq.func1()
	D:/Go/src/6.824/src/labrpc/labrpc.go:240 +0x58
created by 6.824/labrpc.(*Network).processReq
	D:/Go/src/6.824/src/labrpc/labrpc.go:239 +0x1df

goroutine 135169 [semacquire]:
time.NewTimer(0xc000418e10)
	D:/ProgramFiles/Go/src/time/sleep.go:87 +0x2e
time.After(...)
	D:/ProgramFiles/Go/src/time/sleep.go:161
6.824/labrpc.(*Network).processReq(0xc000418e10, {{0x105f740, 0xc000540cb0}, {0x10949f9, 0xb}, {0x10e2400, 0x1067340}, {0xc00096c630, 0x5c, 0xa6}, ...})
	D:/Go/src/6.824/src/labrpc/labrpc.go:254 +0x3bb
created by 6.824/labrpc.MakeNetwork.func1
	D:/Go/src/6.824/src/labrpc/labrpc.go:157 +0x3e

goroutine 135225 [semacquire]:
encoding/gob.(*Encoder).sendActualType(0xc0005b7360, {0x10da340, 0xc000679a10}, 0xc000356380, 0xc000578040, {0x10e2400, 0x105bc40})
	D:/ProgramFiles/Go/src/encoding/gob/encoder.go:113 +0x23a
encoding/gob.(*Encoder).sendType(0x38, {0x10da340, 0xc000679a10}, 0xc000041000, {0x10e2400, 0x105bc40})
	D:/ProgramFiles/Go/src/encoding/gob/encoder.go:169 +0x105
encoding/gob.(*Encoder).sendTypeDescriptor(0xc0005b7360, {0x10da340, 0xc000679a10}, 0x20, 0xc000578040)
	D:/ProgramFiles/Go/src/encoding/gob/encoder.go:191 +0xa5
encoding/gob.(*Encoder).EncodeValue(0xc0005b7360, {0x105bc40, 0xc000485f08, 0x105bc40})
	D:/ProgramFiles/Go/src/encoding/gob/encoder.go:244 +0x3b9
encoding/gob.(*Encoder).Encode(0x105bc40, {0x105bc40, 0xc000485f08})
	D:/ProgramFiles/Go/src/encoding/gob/encoder.go:176 +0xa5
6.824/labgob.(*LabEncoder).Encode(0xc0004da000, {0x105bc40, 0xc000485f08})
	D:/Go/src/6.824/src/labgob/labgob.go:34 +0x45
6.824/raft.(*Raft).getRaftStateData(0xc000198000)
	D:/Go/src/6.824/src/raft/raft.go:135 +0x72
6.824/raft.(*Raft).Snapshot(0xc000198000, 0xc0001e5740, {0xc0005eca00, 0x1929, 0x328d})
	D:/Go/src/6.824/src/raft/raft.go:204 +0x145
created by 6.824/kvraft.(*KVServer).SnapShot
	D:/Go/src/6.824/src/kvraft/server.go:107 +0x185

goroutine 135236 [semacquire]:
encoding/gob.(*Decoder).decOpFor(0xc0004ac980, 0xb8c00, {0x10e2400, 0x1058200}, {0xc0001ac9c0, 0x10}, 0x1073820)
	D:/ProgramFiles/Go/src/encoding/gob/decode.go:858 +0x54a
encoding/gob.(*Decoder).decOpFor(0xc0004ac980, 0x10e2400, {0x10e2400, 0x105b540}, {0x104b9d8, 0x5}, 0x0)
	D:/ProgramFiles/Go/src/encoding/gob/decode.go:844 +0x715
encoding/gob.(*Decoder).compileDec(0xc0004ac980, 0x679da0, 0xc0000ce8c0)
	D:/ProgramFiles/Go/src/encoding/gob/decode.go:1128 +0x6e8
encoding/gob.(*Decoder).getDecEnginePtr(0xc0004ac980, 0x1073960, 0xc0000ce8c0)
	D:/ProgramFiles/Go/src/encoding/gob/decode.go:1147 +0x145
encoding/gob.(*Decoder).decOpFor(0xc0004ac980, 0x10e2400, {0x10e2400, 0x1076de0}, {0x104cc8a, 0x7}, 0x0)
	D:/ProgramFiles/Go/src/encoding/gob/decode.go:854 +0x52d
encoding/gob.(*Decoder).compileDec(0xc0004ac980, 0x10, 0xc0000cf480)
	D:/ProgramFiles/Go/src/encoding/gob/decode.go:1128 +0x6e8
encoding/gob.(*Decoder).getDecEnginePtr(0xc0004ac980, 0x1067640, 0xc0000cf480)
	D:/ProgramFiles/Go/src/encoding/gob/decode.go:1147 +0x145
encoding/gob.(*Decoder).decodeValue(0xc0004ac980, 0xbeba20, {0x1067640, 0xc000356700, 0xc0004ac998})
	D:/ProgramFiles/Go/src/encoding/gob/decode.go:1192 +0xf3
encoding/gob.(*Decoder).recvType(0xc0004ac980, 0x48)
	D:/ProgramFiles/Go/src/encoding/gob/decoder.go:67 +0x13c
encoding/gob.(*Decoder).decodeTypeSequence(0xc0004ac980, 0x0)
	D:/ProgramFiles/Go/src/encoding/gob/decoder.go:154 +0x6d
encoding/gob.(*Decoder).DecodeValue(0xc0004ac980, {0xc0001cb6c0, 0xc0004da018, 0xc000bebb18})
	D:/ProgramFiles/Go/src/encoding/gob/decoder.go:214 +0x18f
encoding/gob.(*Decoder).Decode(0xc0004ac980, {0xc0001cb6c0, 0xc0004da018})
	D:/ProgramFiles/Go/src/encoding/gob/decoder.go:191 +0x137
6.824/labgob.(*LabDecoder).Decode(0xc000bebc30, {0xc0001cb6c0, 0xc0004da018})
	D:/Go/src/6.824/src/labgob/labgob.go:55 +0x54
6.824/labrpc.(*Service).dispatch(0xc0002f84c0, {0x1095798, 0x9}, {{0x105f740, 0xc0004ccd80}, {0x1095793, 0xe}, {0x10e2400, 0x10578c0}, {0xc0008f9000, ...}, ...})
	D:/Go/src/6.824/src/labrpc/labrpc.go:487 +0x238
6.824/labrpc.(*Server).dispatch(0xc000004108, {{0x105f740, 0xc0004ccd80}, {0x1095793, 0xe}, {0x10e2400, 0x10578c0}, {0xc0008f9000, 0x3f4, 0x7a8}, ...})
	D:/Go/src/6.824/src/labrpc/labrpc.go:420 +0x1fe
6.824/labrpc.(*Network).processReq.func1()
	D:/Go/src/6.824/src/labrpc/labrpc.go:240 +0x58
created by 6.824/labrpc.(*Network).processReq
	D:/Go/src/6.824/src/labrpc/labrpc.go:239 +0x1df

goroutine 134448 [chan receive]:
6.824/labrpc.(*ClientEnd).Call(0xc0000c1460, {0x10949f9, 0xc000617fa0}, {0x1067340, 0xc000818b10}, {0x1057480, 0xc000484570})
	D:/Go/src/6.824/src/labrpc/labrpc.go:112 +0x26e
6.824/kvraft.(*Clerk).Execute.func1(0x3, {0x1, {0x109cd66, 0x1}, {0x0, 0x0}, 0x245642b9, 0x4e})
	D:/Go/src/6.824/src/kvraft/client.go:47 +0x11f
created by 6.824/kvraft.(*Clerk).Execute
	D:/Go/src/6.824/src/kvraft/client.go:45 +0x1b2

goroutine 134857 [semacquire]:
time.NewTimer(0xc000418e10)
	D:/ProgramFiles/Go/src/time/sleep.go:87 +0x2e
time.After(...)
	D:/ProgramFiles/Go/src/time/sleep.go:161
6.824/labrpc.(*Network).processReq(0xc000418e10, {{0x105f740, 0xc0005409d0}, {0x10949f9, 0xb}, {0x10e2400, 0x1067340}, {0xc00006e210, 0x5c, 0xa6}, ...})
	D:/Go/src/6.824/src/labrpc/labrpc.go:254 +0x3bb
created by 6.824/labrpc.MakeNetwork.func1
	D:/Go/src/6.824/src/labrpc/labrpc.go:157 +0x3e

goroutine 135174 [semacquire]:
sync.runtime_SemacquireMutex(0x0, 0x0, 0x0)
	D:/ProgramFiles/Go/src/runtime/sema.go:71 +0x25
sync.(*Mutex).lockSlow(0xc000198870)
	D:/ProgramFiles/Go/src/sync/mutex.go:138 +0x165
sync.(*Mutex).Lock(...)
	D:/ProgramFiles/Go/src/sync/mutex.go:81
6.824/raft.(*Raft).lock(...)
	D:/Go/src/6.824/src/raft/raft.go:468
6.824/raft.(*Raft).RequestVote(0xc000198870, 0xc00009b1e0, 0xc000680f90)
	D:/Go/src/6.824/src/raft/raft.go:510 +0x58
reflect.Value.call({0xc0000da540, 0xc0004da248, 0xc000a7bb10}, {0x10934cd, 0x4}, {0xc000a7bc68, 0x3, 0xc000a7bb40})
	D:/ProgramFiles/Go/src/reflect/value.go:543 +0x814
reflect.Value.Call({0xc0000da540, 0xc0004da248, 0xc0005b8338}, {0xc000a7bc68, 0x3, 0x3})
	D:/ProgramFiles/Go/src/reflect/value.go:339 +0xc5
6.824/labrpc.(*Service).dispatch(0xc0002f8600, {0x1095fb1, 0xb}, {{0x105f740, 0xc0004ccdb0}, {0x1095fac, 0x10}, {0x10e2400, 0x10579c0}, {0xc00041a3c0, ...}, ...})
	D:/Go/src/6.824/src/labrpc/labrpc.go:496 +0x39d
6.824/labrpc.(*Server).dispatch(0xc000004120, {{0x105f740, 0xc0004ccdb0}, {0x1095fac, 0x10}, {0x10e2400, 0x10579c0}, {0xc00041a3c0, 0x68, 0xc0}, ...})
	D:/Go/src/6.824/src/labrpc/labrpc.go:420 +0x1fe
6.824/labrpc.(*Network).processReq.func1()
	D:/Go/src/6.824/src/labrpc/labrpc.go:240 +0x58
created by 6.824/labrpc.(*Network).processReq
	D:/Go/src/6.824/src/labrpc/labrpc.go:239 +0x1df

goroutine 134765 [chan receive]:
6.824/labrpc.(*ClientEnd).Call(0xc0000c0d00, {0x10949f9, 0xc000885fa0}, {0x1067340, 0xc0007deed0}, {0x1057480, 0xc0006122d0})
	D:/Go/src/6.824/src/labrpc/labrpc.go:112 +0x26e
6.824/kvraft.(*Clerk).Execute.func1(0x2, {0x1, {0x10a1d74, 0x2}, {0x0, 0x0}, 0x6e853de0, 0x4b})
	D:/Go/src/6.824/src/kvraft/client.go:47 +0x11f
created by 6.824/kvraft.(*Clerk).Execute
	D:/Go/src/6.824/src/kvraft/client.go:45 +0x1b2

goroutine 135147 [chan receive]:
6.824/labrpc.(*ClientEnd).Call(0xc0000c0060, {0x1095793, 0x10e2400}, {0x10578c0, 0xc0003ccc60}, {0x1057900, 0xc0004715b0})
	D:/Go/src/6.824/src/labrpc/labrpc.go:112 +0x26e
6.824/raft.(*Raft).sendAppendLog(...)
	D:/Go/src/6.824/src/raft/raft.go:455
6.824/raft.(*Raft).sendMsg.func1(0x3)
	D:/Go/src/6.824/src/raft/raft.go:298 +0x90
created by 6.824/raft.(*Raft).sendMsg
	D:/Go/src/6.824/src/raft/raft.go:296 +0x44f

goroutine 135211 [select]:
6.824/labrpc.(*Network).processReq(0xc000418e10, {{0x105f740, 0xc0004ccd80}, {0x1095793, 0xe}, {0x10e2400, 0x10578c0}, {0xc0001c4000, 0x423, 0x7d7}, ...})
	D:/Go/src/6.824/src/labrpc/labrpc.go:251 +0x41c
created by 6.824/labrpc.MakeNetwork.func1
	D:/Go/src/6.824/src/labrpc/labrpc.go:157 +0x3e

goroutine 135186 [semacquire]:
sync.runtime_SemacquireMutex(0xc0008a5398, 0xbd, 0x60)
	D:/ProgramFiles/Go/src/runtime/sema.go:71 +0x25
sync.(*Mutex).lockSlow(0xc000419130)
	D:/ProgramFiles/Go/src/sync/mutex.go:138 +0x165
sync.(*Mutex).Lock(...)
	D:/ProgramFiles/Go/src/sync/mutex.go:81
6.824/kvraft.(*KVServer).lock(...)
	D:/Go/src/6.824/src/kvraft/server.go:35
6.824/kvraft.(*KVServer).Do(0xc000419130, 0xc0006b42d0, 0xc00072a8a0)
	D:/Go/src/6.824/src/kvraft/server.go:44 +0x79
reflect.Value.call({0xc0000da120, 0xc0004da1e8, 0xc0008a5b10}, {0x10934cd, 0x4}, {0xc0008a5c68, 0x3, 0xc0008a5b40})
	D:/ProgramFiles/Go/src/reflect/value.go:543 +0x814
reflect.Value.Call({0xc0000da120, 0xc0004da1e8, 0xc000232d58}, {0xc0008a5c68, 0x3, 0x3})
	D:/ProgramFiles/Go/src/reflect/value.go:339 +0xc5
6.824/labrpc.(*Service).dispatch(0xc0002f85c0, {0x1094a02, 0x2}, {{0x105f740, 0xc000540cb0}, {0x10949f9, 0xb}, {0x10e2400, 0x1067340}, {0xc00096c630, ...}, ...})
	D:/Go/src/6.824/src/labrpc/labrpc.go:496 +0x39d
6.824/labrpc.(*Server).dispatch(0xc000004120, {{0x105f740, 0xc000540cb0}, {0x10949f9, 0xb}, {0x10e2400, 0x1067340}, {0xc00096c630, 0x5c, 0xa6}, ...})
	D:/Go/src/6.824/src/labrpc/labrpc.go:420 +0x1fe
6.824/labrpc.(*Network).processReq.func1()
	D:/Go/src/6.824/src/labrpc/labrpc.go:240 +0x58
created by 6.824/labrpc.(*Network).processReq
	D:/Go/src/6.824/src/labrpc/labrpc.go:239 +0x1df

goroutine 135237 [sync.Cond.Wait]:
sync.runtime_notifyListWait(0xc000356e50, 0x0)
	D:/ProgramFiles/Go/src/runtime/sema.go:513 +0x146
sync.(*Cond).Wait(0xc000907fd0)
	D:/ProgramFiles/Go/src/sync/cond.go:56 +0x8c
6.824/raft.(*Raft).election(0xc0001980f0, 0x1023022)
	D:/Go/src/6.824/src/raft/raft.go:503 +0x311
created by 6.824/raft.(*Raft).electionTicker
	D:/Go/src/6.824/src/raft/raft.go:631 +0x185

goroutine 135245 [semacquire]:
encoding/gob.(*Decoder).compileDec(0xc0004ad000, 0x16c960, 0xc000578600)
	D:/ProgramFiles/Go/src/encoding/gob/decode.go:1108 +0x19d
encoding/gob.(*Decoder).getDecEnginePtr(0xc0004ad000, 0x578500, 0xc000578600)
	D:/ProgramFiles/Go/src/encoding/gob/decode.go:1147 +0x145
encoding/gob.(*Decoder).decodeValue(0xc0004ad000, 0x578500, {0xc000578500, 0xc0004da228, 0x1087780})
	D:/ProgramFiles/Go/src/encoding/gob/decode.go:1192 +0xf3
encoding/gob.(*Decoder).DecodeValue(0xc0004ad000, {0xc000578500, 0xc0004da228, 0xc000501b18})
	D:/ProgramFiles/Go/src/encoding/gob/decoder.go:216 +0x1b7
encoding/gob.(*Decoder).Decode(0xc0004ad000, {0xc000578500, 0xc0004da228})
	D:/ProgramFiles/Go/src/encoding/gob/decoder.go:191 +0x137
6.824/labgob.(*LabDecoder).Decode(0xc000501c30, {0xc000578500, 0xc0004da228})
	D:/Go/src/6.824/src/labgob/labgob.go:55 +0x54
6.824/labrpc.(*Service).dispatch(0xc0002f80c0, {0x1095fb1, 0xb}, {{0x105f740, 0xc0004cced0}, {0x1095fac, 0x10}, {0x10e2400, 0x10579c0}, {0xc0000be820, ...}, ...})
	D:/Go/src/6.824/src/labrpc/labrpc.go:487 +0x238
6.824/labrpc.(*Server).dispatch(0xc0000040c0, {{0x105f740, 0xc0004cced0}, {0x1095fac, 0x10}, {0x10e2400, 0x10579c0}, {0xc0000be820, 0x6e, 0xc6}, ...})
	D:/Go/src/6.824/src/labrpc/labrpc.go:420 +0x1fe
6.824/labrpc.(*Network).processReq.func1()
	D:/Go/src/6.824/src/labrpc/labrpc.go:240 +0x58
created by 6.824/labrpc.(*Network).processReq
	D:/Go/src/6.824/src/labrpc/labrpc.go:239 +0x1df

goroutine 135173 [semacquire]:
time.NewTimer(0xc000418e10)
	D:/ProgramFiles/Go/src/time/sleep.go:87 +0x2e
time.After(...)
	D:/ProgramFiles/Go/src/time/sleep.go:161
6.824/labrpc.(*Network).processReq(0xc000418e10, {{0x105f740, 0xc0004ccdb0}, {0x1095fac, 0x10}, {0x10e2400, 0x10579c0}, {0xc00041a3c0, 0x68, 0xc0}, ...})
	D:/Go/src/6.824/src/labrpc/labrpc.go:254 +0x3bb
created by 6.824/labrpc.MakeNetwork.func1
	D:/Go/src/6.824/src/labrpc/labrpc.go:157 +0x3e

goroutine 134691 [semacquire]:
encoding/gob.(*encBuffer).WriteString(...)
	D:/ProgramFiles/Go/src/encoding/gob/encode.go:60
encoding/gob.encString(0xc0001186f0, 0xc000356980, {0x105f740, 0xc000407b98, 0x5})
	D:/ProgramFiles/Go/src/encoding/gob/encode.go:256 +0xed
encoding/gob.(*Encoder).encodeStruct(0xc0005b7540, 0xc0005b7578, 0xc00009ccd8, {0x1072d80, 0xc000407b90, 0xc0002a19e8})
	D:/ProgramFiles/Go/src/encoding/gob/encode.go:328 +0x2d1
encoding/gob.(*Encoder).encode(0xc0005b7540, 0xc00016c0c0, {0x1057480, 0xc000407b90, 0xc000138440}, 0xc000138440)
	D:/ProgramFiles/Go/src/encoding/gob/encode.go:701 +0x1d7
encoding/gob.(*Encoder).EncodeValue(0xc0005b7540, {0x1057480, 0xc000407b90, 0xc0005b7540})
	D:/ProgramFiles/Go/src/encoding/gob/encoder.go:251 +0x42e
6.824/labgob.(*LabEncoder).EncodeValue(0xc0004da130, {0x1057480, 0xc000407b90, 0xc0002a1c68})
	D:/Go/src/6.824/src/labgob/labgob.go:39 +0x66
6.824/labrpc.(*Service).dispatch(0xc0002f8080, {0x1094a02, 0x2}, {{0x105f740, 0xc000540e40}, {0x10949f9, 0xb}, {0x10e2400, 0x1067340}, {0xc0007962c0, ...}, ...})
	D:/Go/src/6.824/src/labrpc/labrpc.go:501 +0x3df
6.824/labrpc.(*Server).dispatch(0xc0000040c0, {{0x105f740, 0xc000540e40}, {0x10949f9, 0xb}, {0x10e2400, 0x1067340}, {0xc0007962c0, 0x5b, 0xa5}, ...})
	D:/Go/src/6.824/src/labrpc/labrpc.go:420 +0x1fe
6.824/labrpc.(*Network).processReq.func1()
	D:/Go/src/6.824/src/labrpc/labrpc.go:240 +0x58
created by 6.824/labrpc.(*Network).processReq
	D:/Go/src/6.824/src/labrpc/labrpc.go:239 +0x1df

goroutine 135172 [chan receive]:
6.824/labrpc.(*ClientEnd).Call(0xc0000c0080, {0x1095fac, 0xc0000c0020}, {0x10579c0, 0xc00009afc0}, {0x1057a00, 0xc000680de0})
	D:/Go/src/6.824/src/labrpc/labrpc.go:112 +0x26e
6.824/raft.(*Raft).sendRequestVote(...)
	D:/Go/src/6.824/src/raft/raft.go:459
6.824/raft.(*Raft).election.func1(0x4)
	D:/Go/src/6.824/src/raft/raft.go:490 +0xa5
created by 6.824/raft.(*Raft).election
	D:/Go/src/6.824/src/raft/raft.go:488 +0x29e

goroutine 134480 [select]:
6.824/labrpc.(*Network).processReq(0xc000418e10, {{0x105f740, 0xc000540f50}, {0x10949f9, 0xb}, {0x10e2400, 0x1067340}, {0xc00096c790, 0x5b, 0xa5}, ...})
	D:/Go/src/6.824/src/labrpc/labrpc.go:251 +0x41c
created by 6.824/labrpc.MakeNetwork.func1
	D:/Go/src/6.824/src/labrpc/labrpc.go:157 +0x3e

goroutine 134976 [semacquire]:
time.NewTimer(0xc000418e10)
	D:/ProgramFiles/Go/src/time/sleep.go:87 +0x2e
time.After(...)
	D:/ProgramFiles/Go/src/time/sleep.go:161
6.824/labrpc.(*Network).processReq(0xc000418e10, {{0x105f740, 0xc000540d20}, {0x10949f9, 0xb}, {0x10e2400, 0x1067340}, {0xc00049c210, 0x5c, 0xa6}, ...})
	D:/Go/src/6.824/src/labrpc/labrpc.go:254 +0x3bb
created by 6.824/labrpc.MakeNetwork.func1
	D:/Go/src/6.824/src/labrpc/labrpc.go:157 +0x3e

goroutine 135179 [semacquire]:
sync.runtime_SemacquireMutex(0x20, 0x0, 0x30000)
	D:/ProgramFiles/Go/src/runtime/sema.go:71 +0x25
sync.(*Mutex).lockSlow(0xc000198000)
	D:/ProgramFiles/Go/src/sync/mutex.go:138 +0x165
sync.(*Mutex).Lock(...)
	D:/ProgramFiles/Go/src/sync/mutex.go:81
6.824/raft.(*Raft).lock(...)
	D:/Go/src/6.824/src/raft/raft.go:468
6.824/raft.(*Raft).sendMsg(0xc000198000, 0x1023021)
	D:/Go/src/6.824/src/raft/raft.go:266 +0x79
6.824/raft.(*Raft).heartTicker(0xc000198000, 0xc000418e10)
	D:/Go/src/6.824/src/raft/raft.go:611 +0x5e
created by 6.824/raft.(*Raft).BeLeader
	D:/Go/src/6.824/src/raft/raft.go:602 +0xcf

goroutine 135204 [semacquire]:
sync.runtime_SemacquireMutex(0x4, 0x40, 0x3)
	D:/ProgramFiles/Go/src/runtime/sema.go:71 +0x25
sync.(*Mutex).lockSlow(0xc000198870)
	D:/ProgramFiles/Go/src/sync/mutex.go:138 +0x165
sync.(*Mutex).Lock(...)
	D:/ProgramFiles/Go/src/sync/mutex.go:81
6.824/raft.(*Raft).lock(...)
	D:/Go/src/6.824/src/raft/raft.go:468
6.824/raft.(*Raft).AppendLog(0xc000198870, 0xc0005a96e0, 0xc000470170)
	D:/Go/src/6.824/src/raft/raft.go:326 +0x72
reflect.Value.call({0xc0000da2a0, 0xc0004da208, 0xc000af7b10}, {0x10934cd, 0x4}, {0xc000af7c68, 0x3, 0xc000af7b40})
	D:/ProgramFiles/Go/src/reflect/value.go:543 +0x814
reflect.Value.Call({0xc0000da2a0, 0xc0004da208, 0xc0005b8b00}, {0xc000af7c68, 0x3, 0x3})
	D:/ProgramFiles/Go/src/reflect/value.go:339 +0xc5
6.824/labrpc.(*Service).dispatch(0xc0002f8600, {0x1095798, 0x9}, {{0x105f740, 0xc0004ccdb0}, {0x1095793, 0xe}, {0x10e2400, 0x10578c0}, {0xc000860000, ...}, ...})
	D:/Go/src/6.824/src/labrpc/labrpc.go:496 +0x39d
6.824/labrpc.(*Server).dispatch(0xc000004120, {{0x105f740, 0xc0004ccdb0}, {0x1095793, 0xe}, {0x10e2400, 0x10578c0}, {0xc000860000, 0x3f4, 0x7a8}, ...})
	D:/Go/src/6.824/src/labrpc/labrpc.go:420 +0x1fe
6.824/labrpc.(*Network).processReq.func1()
	D:/Go/src/6.824/src/labrpc/labrpc.go:240 +0x58
created by 6.824/labrpc.(*Network).processReq
	D:/Go/src/6.824/src/labrpc/labrpc.go:239 +0x1df

goroutine 135167 [semacquire]:
sync.runtime_SemacquireMutex(0xc0004eb398, 0xbd, 0x60)
	D:/ProgramFiles/Go/src/runtime/sema.go:71 +0x25
sync.(*Mutex).lockSlow(0xc000419130)
	D:/ProgramFiles/Go/src/sync/mutex.go:138 +0x165
sync.(*Mutex).Lock(...)
	D:/ProgramFiles/Go/src/sync/mutex.go:81
6.824/kvraft.(*KVServer).lock(...)
	D:/Go/src/6.824/src/kvraft/server.go:35
6.824/kvraft.(*KVServer).Do(0xc000419130, 0xc00033f6e0, 0xc00072a1e0)
	D:/Go/src/6.824/src/kvraft/server.go:44 +0x79
reflect.Value.call({0xc0000da120, 0xc0004da1e8, 0xc0004ebb10}, {0x10934cd, 0x4}, {0xc0004ebc68, 0x3, 0xc0004ebb40})
	D:/ProgramFiles/Go/src/reflect/value.go:543 +0x814
reflect.Value.Call({0xc0000da120, 0xc0004da1e8, 0xc000232b28}, {0xc0004ebc68, 0x3, 0x3})
	D:/ProgramFiles/Go/src/reflect/value.go:339 +0xc5
6.824/labrpc.(*Service).dispatch(0xc0002f85c0, {0x1094a02, 0x2}, {{0x105f740, 0xc000540370}, {0x10949f9, 0xb}, {0x10e2400, 0x1067340}, {0xc000684180, ...}, ...})
	D:/Go/src/6.824/src/labrpc/labrpc.go:496 +0x39d
6.824/labrpc.(*Server).dispatch(0xc000004120, {{0x105f740, 0xc000540370}, {0x10949f9, 0xb}, {0x10e2400, 0x1067340}, {0xc000684180, 0x67, 0xb1}, ...})
	D:/Go/src/6.824/src/labrpc/labrpc.go:420 +0x1fe
6.824/labrpc.(*Network).processReq.func1()
	D:/Go/src/6.824/src/labrpc/labrpc.go:240 +0x58
created by 6.824/labrpc.(*Network).processReq
	D:/Go/src/6.824/src/labrpc/labrpc.go:239 +0x1df

goroutine 135201 [semacquire]:
sync.runtime_SemacquireMutex(0x4, 0x40, 0x3)
	D:/ProgramFiles/Go/src/runtime/sema.go:71 +0x25
sync.(*Mutex).lockSlow(0xc000198870)
	D:/ProgramFiles/Go/src/sync/mutex.go:138 +0x165
sync.(*Mutex).Lock(...)
	D:/ProgramFiles/Go/src/sync/mutex.go:81
6.824/raft.(*Raft).lock(...)
	D:/Go/src/6.824/src/raft/raft.go:468
6.824/raft.(*Raft).AppendLog(0xc000198870, 0xc0002ee660, 0xc00000b8e0)
	D:/Go/src/6.824/src/raft/raft.go:326 +0x72
reflect.Value.call({0xc0000da2a0, 0xc0004da208, 0xc000afbb10}, {0x10934cd, 0x4}, {0xc000afbc68, 0x3, 0xc000afbb40})
	D:/ProgramFiles/Go/src/reflect/value.go:543 +0x814
reflect.Value.Call({0xc0000da2a0, 0xc0004da208, 0xc0000c4770}, {0xc000afbc68, 0x3, 0x3})
	D:/ProgramFiles/Go/src/reflect/value.go:339 +0xc5
6.824/labrpc.(*Service).dispatch(0xc0002f8600, {0x1095798, 0x9}, {{0x105f740, 0xc0004ccdb0}, {0x1095793, 0xe}, {0x10e2400, 0x10578c0}, {0xc000066800, ...}, ...})
	D:/Go/src/6.824/src/labrpc/labrpc.go:496 +0x39d
6.824/labrpc.(*Server).dispatch(0xc000004120, {{0x105f740, 0xc0004ccdb0}, {0x1095793, 0xe}, {0x10e2400, 0x10578c0}, {0xc000066800, 0x3f4, 0x7a8}, ...})
	D:/Go/src/6.824/src/labrpc/labrpc.go:420 +0x1fe
6.824/labrpc.(*Network).processReq.func1()
	D:/Go/src/6.824/src/labrpc/labrpc.go:240 +0x58
created by 6.824/labrpc.(*Network).processReq
	D:/Go/src/6.824/src/labrpc/labrpc.go:239 +0x1df

goroutine 134963 [select]:
6.824/kvraft.(*KVServer).Do(0xc000418eb0, 0xc0008550e0, 0xc000243b18)
	D:/Go/src/6.824/src/kvraft/server.go:71 +0x2f4
reflect.Value.call({0xc0000da120, 0xc0004da008, 0xc0001b1b10}, {0x10934cd, 0x4}, {0xc0001b1c68, 0x3, 0xc0001b1b40})
	D:/ProgramFiles/Go/src/reflect/value.go:543 +0x814
reflect.Value.Call({0xc0000da120, 0xc0004da008, 0xc0005b82b0}, {0xc0001b1c68, 0x3, 0x3})
	D:/ProgramFiles/Go/src/reflect/value.go:339 +0xc5
6.824/labrpc.(*Service).dispatch(0xc0002f8080, {0x1094a02, 0x2}, {{0x105f740, 0xc000540f50}, {0x10949f9, 0xb}, {0x10e2400, 0x1067340}, {0xc00096c790, ...}, ...})
	D:/Go/src/6.824/src/labrpc/labrpc.go:496 +0x39d
6.824/labrpc.(*Server).dispatch(0xc0000040c0, {{0x105f740, 0xc000540f50}, {0x10949f9, 0xb}, {0x10e2400, 0x1067340}, {0xc00096c790, 0x5b, 0xa5}, ...})
	D:/Go/src/6.824/src/labrpc/labrpc.go:420 +0x1fe
6.824/labrpc.(*Network).processReq.func1()
	D:/Go/src/6.824/src/labrpc/labrpc.go:240 +0x58
created by 6.824/labrpc.(*Network).processReq
	D:/Go/src/6.824/src/labrpc/labrpc.go:239 +0x1df

goroutine 134893 [semacquire]:
time.NewTimer(0xc000418e10)
	D:/ProgramFiles/Go/src/time/sleep.go:88 +0x4e
time.After(...)
	D:/ProgramFiles/Go/src/time/sleep.go:161
6.824/labrpc.(*Network).processReq(0xc000418e10, {{0x105f740, 0xc0004cde40}, {0x10949f9, 0xb}, {0x10e2400, 0x1067340}, {0xc000796000, 0x5b, 0xa5}, ...})
	D:/Go/src/6.824/src/labrpc/labrpc.go:254 +0x3bb
created by 6.824/labrpc.MakeNetwork.func1
	D:/Go/src/6.824/src/labrpc/labrpc.go:157 +0x3e

goroutine 135235 [select]:
6.824/labrpc.(*Network).processReq(0xc000418e10, {{0x105f740, 0xc0004ccd80}, {0x1095793, 0xe}, {0x10e2400, 0x10578c0}, {0xc0008f9000, 0x3f4, 0x7a8}, ...})
	D:/Go/src/6.824/src/labrpc/labrpc.go:251 +0x41c
created by 6.824/labrpc.MakeNetwork.func1
	D:/Go/src/6.824/src/labrpc/labrpc.go:157 +0x3e

goroutine 134858 [select]:
6.824/kvraft.(*KVServer).Do(0xc000418eb0, 0xc0001b36e0, 0xc0009d51d0)
	D:/Go/src/6.824/src/kvraft/server.go:71 +0x2f4
reflect.Value.call({0xc0000da120, 0xc0004da008, 0xc0008edb10}, {0x10934cd, 0x4}, {0xc0008edc68, 0x3, 0xc0008edb40})
	D:/ProgramFiles/Go/src/reflect/value.go:543 +0x814
reflect.Value.Call({0xc0000da120, 0xc0004da008, 0xc000260428}, {0xc0008edc68, 0x3, 0x3})
	D:/ProgramFiles/Go/src/reflect/value.go:339 +0xc5
6.824/labrpc.(*Service).dispatch(0xc0002f8080, {0x1094a02, 0x2}, {{0x105f740, 0xc0005409d0}, {0x10949f9, 0xb}, {0x10e2400, 0x1067340}, {0xc00006e210, ...}, ...})
	D:/Go/src/6.824/src/labrpc/labrpc.go:496 +0x39d
6.824/labrpc.(*Server).dispatch(0xc0000040c0, {{0x105f740, 0xc0005409d0}, {0x10949f9, 0xb}, {0x10e2400, 0x1067340}, {0xc00006e210, 0x5c, 0xa6}, ...})
	D:/Go/src/6.824/src/labrpc/labrpc.go:420 +0x1fe
6.824/labrpc.(*Network).processReq.func1()
	D:/Go/src/6.824/src/labrpc/labrpc.go:240 +0x58
created by 6.824/labrpc.(*Network).processReq
	D:/Go/src/6.824/src/labrpc/labrpc.go:239 +0x1df

goroutine 134892 [chan receive]:
6.824/labrpc.(*ClientEnd).Call(0xc0000c0a00, {0x10949f9, 0xc00090bfa0}, {0x1067340, 0xc000855470}, {0x1057480, 0xc000484768})
	D:/Go/src/6.824/src/labrpc/labrpc.go:112 +0x26e
6.824/kvraft.(*Clerk).Execute.func1(0x1, {0x1, {0x109cd6d, 0x1}, {0x0, 0x0}, 0x2629740b, 0x4e})
	D:/Go/src/6.824/src/kvraft/client.go:47 +0x11f
created by 6.824/kvraft.(*Clerk).Execute
	D:/Go/src/6.824/src/kvraft/client.go:45 +0x1b2

goroutine 134871 [semacquire]:
encoding/gob.(*encBuffer).WriteString(...)
	D:/ProgramFiles/Go/src/encoding/gob/encode.go:60
encoding/gob.encString(0xc0001186f0, 0xc00026bc80, {0x105f740, 0xc000493178, 0x5})
	D:/ProgramFiles/Go/src/encoding/gob/encode.go:256 +0xed
encoding/gob.(*Encoder).encodeStruct(0xc00071bae0, 0xc00071bb18, 0xc00009ccd8, {0x1072d80, 0xc000493170, 0xc00069f9e8})
	D:/ProgramFiles/Go/src/encoding/gob/encode.go:328 +0x2d1
encoding/gob.(*Encoder).encode(0xc00071bae0, 0xc0001e9d70, {0x1057480, 0xc000493170, 0xc000138440}, 0xc000138440)
	D:/ProgramFiles/Go/src/encoding/gob/encode.go:701 +0x1d7
encoding/gob.(*Encoder).EncodeValue(0xc00071bae0, {0x1057480, 0xc000493170, 0xc00071bae0})
	D:/ProgramFiles/Go/src/encoding/gob/encoder.go:251 +0x42e
6.824/labgob.(*LabEncoder).EncodeValue(0xc0005b9ac0, {0x1057480, 0xc000493170, 0xc00069fc68})
	D:/Go/src/6.824/src/labgob/labgob.go:39 +0x66
6.824/labrpc.(*Service).dispatch(0xc0002f8080, {0x1094a02, 0x2}, {{0x105f740, 0xc0005408e0}, {0x10949f9, 0xb}, {0x10e2400, 0x1067340}, {0xc00049c840, ...}, ...})
	D:/Go/src/6.824/src/labrpc/labrpc.go:501 +0x3df
6.824/labrpc.(*Server).dispatch(0xc0000040c0, {{0x105f740, 0xc0005408e0}, {0x10949f9, 0xb}, {0x10e2400, 0x1067340}, {0xc00049c840, 0x5c, 0xa6}, ...})
	D:/Go/src/6.824/src/labrpc/labrpc.go:420 +0x1fe
6.824/labrpc.(*Network).processReq.func1()
	D:/Go/src/6.824/src/labrpc/labrpc.go:240 +0x58
created by 6.824/labrpc.(*Network).processReq
	D:/Go/src/6.824/src/labrpc/labrpc.go:239 +0x1df

goroutine 135247 [semacquire]:
encoding/gob.(*Decoder).compileDec(0xc0004ad080, 0x10, 0xc0000cf480)
	D:/ProgramFiles/Go/src/encoding/gob/decode.go:1108 +0x19d
encoding/gob.(*Decoder).getDecEnginePtr(0xc0004ad080, 0x1067640, 0xc0000cf480)
	D:/ProgramFiles/Go/src/encoding/gob/decode.go:1147 +0x145
encoding/gob.(*Decoder).decodeValue(0xc0004ad080, 0x501a20, {0x1067640, 0xc000357e80, 0xc0004ad098})
	D:/ProgramFiles/Go/src/encoding/gob/decode.go:1192 +0xf3
encoding/gob.(*Decoder).recvType(0xc0004ad080, 0x45)
	D:/ProgramFiles/Go/src/encoding/gob/decoder.go:67 +0x13c
encoding/gob.(*Decoder).decodeTypeSequence(0xc0004ad080, 0x0)
	D:/ProgramFiles/Go/src/encoding/gob/decoder.go:154 +0x6d
encoding/gob.(*Decoder).DecodeValue(0xc0004ad080, {0xc000578500, 0xc0004da338, 0xc000501b18})
	D:/ProgramFiles/Go/src/encoding/gob/decoder.go:214 +0x18f
encoding/gob.(*Decoder).Decode(0xc0004ad080, {0xc000578500, 0xc0004da338})
	D:/ProgramFiles/Go/src/encoding/gob/decoder.go:191 +0x137
6.824/labgob.(*LabDecoder).Decode(0xc000501c30, {0xc000578500, 0xc0004da338})
	D:/Go/src/6.824/src/labgob/labgob.go:55 +0x54
6.824/labrpc.(*Service).dispatch(0xc0002f84c0, {0x1095fb1, 0xb}, {{0x105f740, 0xc0004ccf70}, {0x1095fac, 0x10}, {0x10e2400, 0x10579c0}, {0xc0000be9c0, ...}, ...})
	D:/Go/src/6.824/src/labrpc/labrpc.go:487 +0x238
6.824/labrpc.(*Server).dispatch(0xc000004108, {{0x105f740, 0xc0004ccf70}, {0x1095fac, 0x10}, {0x10e2400, 0x10579c0}, {0xc0000be9c0, 0x6e, 0xc6}, ...})
	D:/Go/src/6.824/src/labrpc/labrpc.go:420 +0x1fe
6.824/labrpc.(*Network).processReq.func1()
	D:/Go/src/6.824/src/labrpc/labrpc.go:240 +0x58
created by 6.824/labrpc.(*Network).processReq
	D:/Go/src/6.824/src/labrpc/labrpc.go:239 +0x1df

goroutine 135037 [select]:
6.824/labrpc.(*Network).processReq(0xc000418e10, {{0x105f740, 0xc000540ba0}, {0x10949f9, 0xb}, {0x10e2400, 0x1067340}, {0xc000684480, 0x67, 0xb1}, ...})
	D:/Go/src/6.824/src/labrpc/labrpc.go:251 +0x41c
created by 6.824/labrpc.MakeNetwork.func1
	D:/Go/src/6.824/src/labrpc/labrpc.go:157 +0x3e
exit status 2
FAIL	6.824/kvraft	39.980s
