Test: InstallSnapshot RPC (3B) ...
  ... Passed --   2.9  3  2358   63
Test: snapshot size is reasonable (3B) ...
  ... Passed --   6.5  3  4777  800
Test: ops complete fast enough (3B) ...
  ... Passed --   8.3  3  4737    0
Test: restarts, snapshots, one client (3B) ...
  ... Passed --  20.3  5 17743 2196
Test: restarts, snapshots, many clients (3B) ...
unexpected fault address 0xffffffffffffffff
fatal error: fault
[signal 0xc0000005 code=0x0 addr=0xffffffffffffffff pc=0x596c3f]

goroutine 279702 [running]:
runtime.throw({0x6f3780, 0xf})
	D:/ProgramFiles/Go/src/runtime/panic.go:1198 +0x76 fp=0xc0006d32f0 sp=0xc0006d32c0 pc=0x568e56
runtime.sigpanic()
	D:/ProgramFiles/Go/src/runtime/signal_windows.go:260 +0x10c fp=0xc0006d3338 sp=0xc0006d32f0 pc=0x57d3ac
aeshashbody()
	D:/ProgramFiles/Go/src/runtime/asm_amd64.s:1324 +0x39f fp=0xc0006d3340 sp=0xc0006d3338 pc=0x596c3f
runtime.mapaccess1_faststr(0x6ca640, 0xc000bce3f0, {0x2c6aa90800000000, 0xc000776e70})
	D:/ProgramFiles/Go/src/runtime/map_faststr.go:79 +0xa2 fp=0xc0006d33a8 sp=0xc0006d3340 pc=0x542b62
6.824/kvraft.(*KVServer).Do(0xc000327900, 0xc00029c5d0, 0xc000423230)
	D:/Go/src/6.824/src/kvraft/server.go:53 +0x11a fp=0xc0006d3478 sp=0xc0006d33a8 pc=0x6a30da
runtime.call32(0xc00018c6c0, 0xc000416a60, 0x0, 0x0, 0x0, 0x18, 0xc0006d39b8)
	D:/ProgramFiles/Go/src/runtime/asm_amd64.s:626 +0x50 fp=0xc0006d34a8 sp=0xc0006d3478 pc=0x597c30
runtime.reflectcall(0x6b7480, 0xc000423230, 0x4, 0x6f6bfd, 0x0, 0x12, 0x6b7480)
	<autogenerated>:1 +0x3c fp=0xc0006d34e8 sp=0xc0006d34a8 pc=0x59bf3c
reflect.Value.call({0xc000052180, 0xc000416a60, 0xc0004ebb10}, {0x6f34cd, 0x4}, {0xc0004ebc68, 0x3, 0xc0004ebb40})
	D:/ProgramFiles/Go/src/reflect/value.go:543 +0x814 fp=0xc0006d3ad8 sp=0xc0006d34e8 pc=0x5f7354
reflect.Value.Call({0xc000052180, 0xc000416a60, 0xc0002233e0}, {0xc0004ebc68, 0x3, 0x3})
	D:/ProgramFiles/Go/src/reflect/value.go:339 +0xc5 fp=0xc0006d3b50 sp=0xc0006d3ad8 pc=0x5f6905
6.824/labrpc.(*Service).dispatch(0xc001a98800, {0x6f4a02, 0x2}, {{0x6bf740, 0xc0004973f0}, {0x6f49f9, 0xb}, {0x742400, 0x6c7340}, {0xc0001c60c0, ...}, ...})
	D:/Go/src/6.824/src/labrpc/labrpc.go:496 +0x39d fp=0xc0006d3dc0 sp=0xc0006d3b50 pc=0x6857bd
6.824/labrpc.(*Server).dispatch(0xc0007e4498, {{0x6bf740, 0xc0004973f0}, {0x6f49f9, 0xb}, {0x742400, 0x6c7340}, {0xc0001c60c0, 0x68, 0xb2}, ...})
	D:/Go/src/6.824/src/labrpc/labrpc.go:420 +0x1fe fp=0xc0006d3f50 sp=0xc0006d3dc0 pc=0x684dde
6.824/labrpc.(*Network).processReq.func1()
	D:/Go/src/6.824/src/labrpc/labrpc.go:240 +0x58 fp=0xc0006d3fe0 sp=0xc0006d3f50 pc=0x683ff8
runtime.goexit()
	D:/ProgramFiles/Go/src/runtime/asm_amd64.s:1581 +0x1 fp=0xc0006d3fe8 sp=0xc0006d3fe0 pc=0x5999a1
created by 6.824/labrpc.(*Network).processReq
	D:/Go/src/6.824/src/labrpc/labrpc.go:239 +0x1df

goroutine 1 [chan receive]:
testing.(*T).Run(0xc0001304e0, {0x6fb990, 0x59c253}, 0x709278)
	D:/ProgramFiles/Go/src/testing/testing.go:1307 +0x375
testing.runTests.func1(0xc0001304e0)
	D:/ProgramFiles/Go/src/testing/testing.go:1598 +0x6e
testing.tRunner(0xc0001304e0, 0xc00007dd18)
	D:/ProgramFiles/Go/src/testing/testing.go:1259 +0x102
testing.runTests(0xc00013a000, {0x854300, 0x17, 0x17}, {0x5bd42d, 0x6f5961, 0x857d80})
	D:/ProgramFiles/Go/src/testing/testing.go:1596 +0x43f
testing.(*M).Run(0xc00013a000)
	D:/ProgramFiles/Go/src/testing/testing.go:1504 +0x51d
main.main()
	_testmain.go:87 +0x14b

goroutine 106543 [sleep]:
time.Sleep(0x12a05f200)
	D:/ProgramFiles/Go/src/runtime/time.go:193 +0x133
6.824/kvraft.GenericTest(0xc000338000, {0x6f3258, 0x2}, 0x14, 0x5, 0x0, 0x1, 0x0, 0x3e8, 0x0)
	D:/Go/src/6.824/src/kvraft/test_test.go:298 +0x787
6.824/kvraft.TestSnapshotRecoverManyClients3B(0xc0002f5a00)
	D:/Go/src/6.824/src/kvraft/test_test.go:695 +0x45
testing.tRunner(0xc000338000, 0x709278)
	D:/ProgramFiles/Go/src/testing/testing.go:1259 +0x102
created by testing.(*T).Run
	D:/ProgramFiles/Go/src/testing/testing.go:1306 +0x35a

goroutine 279751 [select]:
6.824/labrpc.(*Network).processReq(0xc0005680a0, {{0x6bf740, 0xc0004966e0}, {0x6f49f9, 0xb}, {0x742400, 0x6c7340}, {0xc000332630, 0x66, 0xb0}, ...})
	D:/Go/src/6.824/src/labrpc/labrpc.go:251 +0x41c
created by 6.824/labrpc.MakeNetwork.func1
	D:/Go/src/6.824/src/labrpc/labrpc.go:157 +0x3e

goroutine 279393 [chan receive]:
6.824/labrpc.(*ClientEnd).Call(0xc000344020, {0x6f49f9, 0xc001231fa0}, {0x6c7340, 0xc000f0e2d0}, {0x6b7480, 0xc00045e918})
	D:/Go/src/6.824/src/labrpc/labrpc.go:112 +0x26e
6.824/kvraft.(*Clerk).Execute.func1(0x4, {0x1, {0x6fcd6a, 0x1}, {0x0, 0x0}, 0xb48308aa, 0x9c})
	D:/Go/src/6.824/src/kvraft/client.go:47 +0x11f
created by 6.824/kvraft.(*Clerk).Execute
	D:/Go/src/6.824/src/kvraft/client.go:45 +0x1b2

goroutine 223210 [select]:
6.824/kvraft.(*Clerk).Execute(0xc00048f380, 0xc00034fc70, 0xc00034fc58)
	D:/Go/src/6.824/src/kvraft/client.go:52 +0x219
6.824/kvraft.(*Clerk).Get(0xc00034fcd8, {0x701d7a, 0x9})
	D:/Go/src/6.824/src/kvraft/client.go:74 +0x127
6.824/kvraft.Get(0xc00019e840, 0x2, {0x701d7a, 0x2}, 0xc000044920, 0xe)
	D:/Go/src/6.824/src/kvraft/test_test.go:43 +0xbb
6.824/kvraft.GenericTest.func1(0xe, 0xc000346960, 0xc000338000)
	D:/Go/src/6.824/src/kvraft/test_test.go:284 +0x3e5
6.824/kvraft.run_client(0x68c252, 0xc00019e840, 0xc00012c000, 0x10, 0xc001029090)
	D:/Go/src/6.824/src/kvraft/test_test.go:103 +0xe4
created by 6.824/kvraft.spawn_clients_and_wait
	D:/Go/src/6.824/src/kvraft/test_test.go:113 +0x51

goroutine 279734 [runnable]:
sync.runtime_SemacquireMutex(0x2, 0x34, 0x9)
	D:/ProgramFiles/Go/src/runtime/sema.go:71 +0x25
sync.(*Mutex).lockSlow(0xc00097c2d0)
	D:/ProgramFiles/Go/src/sync/mutex.go:138 +0x165
sync.(*Mutex).Lock(...)
	D:/ProgramFiles/Go/src/sync/mutex.go:81
6.824/raft.(*Raft).lock(...)
	D:/Go/src/6.824/src/raft/raft.go:468
6.824/raft.(*Raft).Snapshot(0xc00097c2d0, 0x201a, {0xc001595500, 0x319c, 0x62b8})
	D:/Go/src/6.824/src/raft/raft.go:193 +0x6a
created by 6.824/kvraft.(*KVServer).SnapShot
	D:/Go/src/6.824/src/kvraft/server.go:107 +0x185

goroutine 279530 [select]:
6.824/labrpc.(*Network).processReq(0xc0005680a0, {{0x6bf740, 0xc0004972c0}, {0x6f49f9, 0xb}, {0x742400, 0x6c7340}, {0xc00024c790, 0x5d, 0xa7}, ...})
	D:/Go/src/6.824/src/labrpc/labrpc.go:251 +0x41c
created by 6.824/labrpc.MakeNetwork.func1
	D:/Go/src/6.824/src/labrpc/labrpc.go:157 +0x3e

goroutine 279829 [semacquire]:
sync.runtime_SemacquireMutex(0x4, 0x40, 0x3)
	D:/ProgramFiles/Go/src/runtime/sema.go:71 +0x25
sync.(*Mutex).lockSlow(0xc00097c2d0)
	D:/ProgramFiles/Go/src/sync/mutex.go:138 +0x165
sync.(*Mutex).Lock(...)
	D:/ProgramFiles/Go/src/sync/mutex.go:81
6.824/raft.(*Raft).lock(...)
	D:/Go/src/6.824/src/raft/raft.go:468
6.824/raft.(*Raft).AppendLog(0xc00097c2d0, 0xc0004e4d20, 0xc000b6b450)
	D:/Go/src/6.824/src/raft/raft.go:326 +0x72
reflect.Value.call({0xc000052300, 0xc000416758, 0xc000cafb10}, {0x6f34cd, 0x4}, {0xc000cafc68, 0x3, 0xc000cafb40})
	D:/ProgramFiles/Go/src/reflect/value.go:543 +0x814
reflect.Value.Call({0xc000052300, 0xc000416758, 0xc00053f4a8}, {0xc000cafc68, 0x3, 0x3})
	D:/ProgramFiles/Go/src/reflect/value.go:339 +0xc5
6.824/labrpc.(*Service).dispatch(0xc000749940, {0x6f5798, 0x9}, {{0x6bf740, 0xc000a6edc0}, {0x6f5793, 0xe}, {0x742400, 0x6b78c0}, {0xc0007c3c00, ...}, ...})
	D:/Go/src/6.824/src/labrpc/labrpc.go:496 +0x39d
6.824/labrpc.(*Server).dispatch(0xc00069ff80, {{0x6bf740, 0xc000a6edc0}, {0x6f5793, 0xe}, {0x742400, 0x6b78c0}, {0xc0007c3c00, 0x317, 0x6cd}, ...})
	D:/Go/src/6.824/src/labrpc/labrpc.go:420 +0x1fe
6.824/labrpc.(*Network).processReq.func1()
	D:/Go/src/6.824/src/labrpc/labrpc.go:240 +0x58
created by 6.824/labrpc.(*Network).processReq
	D:/Go/src/6.824/src/labrpc/labrpc.go:239 +0x1df

goroutine 106544 [select]:
6.824/labrpc.MakeNetwork.func1()
	D:/Go/src/6.824/src/labrpc/labrpc.go:153 +0xbe
created by 6.824/labrpc.MakeNetwork
	D:/Go/src/6.824/src/labrpc/labrpc.go:151 +0x17b

goroutine 279515 [chan receive]:
6.824/labrpc.(*ClientEnd).Call(0xc000098e40, {0x6f5793, 0x742400}, {0x6b78c0, 0xc000d91500}, {0x6b7900, 0xc000bd14c0})
	D:/Go/src/6.824/src/labrpc/labrpc.go:112 +0x26e
6.824/raft.(*Raft).sendAppendLog(...)
	D:/Go/src/6.824/src/raft/raft.go:455
6.824/raft.(*Raft).sendMsg.func1(0x1)
	D:/Go/src/6.824/src/raft/raft.go:298 +0x90
created by 6.824/raft.(*Raft).sendMsg
	D:/Go/src/6.824/src/raft/raft.go:296 +0x44f

goroutine 279608 [select]:
6.824/labrpc.(*Network).processReq(0xc0005680a0, {{0x6bf740, 0xc0004969a0}, {0x6f49f9, 0xb}, {0x742400, 0x6c7340}, {0xc000332000, 0x5d, 0xa7}, ...})
	D:/Go/src/6.824/src/labrpc/labrpc.go:251 +0x41c
created by 6.824/labrpc.MakeNetwork.func1
	D:/Go/src/6.824/src/labrpc/labrpc.go:157 +0x3e

goroutine 279607 [chan receive]:
6.824/labrpc.(*ClientEnd).Call(0xc0003444a0, {0x6f49f9, 0xc0003c1aa0}, {0x6c7340, 0xc0003a4db0}, {0x6b7480, 0xc000cb7170})
	D:/Go/src/6.824/src/labrpc/labrpc.go:112 +0x26e
6.824/kvraft.(*Clerk).Execute.func1(0x2, {0x1, {0x701d72, 0x2}, {0x0, 0x0}, 0x817a920a, 0x90})
	D:/Go/src/6.824/src/kvraft/client.go:47 +0x11f
created by 6.824/kvraft.(*Clerk).Execute
	D:/Go/src/6.824/src/kvraft/client.go:45 +0x1b2

goroutine 279858 [runnable]:
6.824/raft.(*Raft).sendMsg·dwrap·13()
	D:/Go/src/6.824/src/raft/raft.go:296
runtime.goexit()
	D:/ProgramFiles/Go/src/runtime/asm_amd64.s:1581 +0x1
created by 6.824/raft.(*Raft).sendMsg
	D:/Go/src/6.824/src/raft/raft.go:296 +0x44f

goroutine 223211 [select]:
6.824/kvraft.(*Clerk).Execute(0xc00048f3c0, 0xc001083c80, 0xc001083c68)
	D:/Go/src/6.824/src/kvraft/client.go:52 +0x219
6.824/kvraft.(*Clerk).Append(0x9, {0x701d7c, 0xc001083d50}, {0xc0000df3b0, 0xc001083d08})
	D:/Go/src/6.824/src/kvraft/client.go:103 +0x150
6.824/kvraft.Append(0xc00019e840, 0x2, {0x701d7c, 0x2}, {0xc0000df3b0, 0x9}, 0xc000044920, 0xf)
	D:/Go/src/6.824/src/kvraft/test_test.go:77 +0xd5
6.824/kvraft.GenericTest.func1(0xf, 0xc000346a80, 0xc000338000)
	D:/Go/src/6.824/src/kvraft/test_test.go:272 +0x587
6.824/kvraft.run_client(0xc000aca1e0, 0xc00019e840, 0xc001083fd0, 0x68b20d, 0xc001029090)
	D:/Go/src/6.824/src/kvraft/test_test.go:103 +0xe4
created by 6.824/kvraft.spawn_clients_and_wait
	D:/Go/src/6.824/src/kvraft/test_test.go:113 +0x51

goroutine 222416 [sleep]:
time.Sleep(0x4c4b400)
	D:/ProgramFiles/Go/src/runtime/time.go:193 +0x133
6.824/raft.(*Raft).heartTicker(0xc00097c3c0, 0xc0005680a0)
	D:/Go/src/6.824/src/raft/raft.go:610 +0x4f
created by 6.824/raft.(*Raft).BeLeader
	D:/Go/src/6.824/src/raft/raft.go:602 +0xcf

goroutine 279830 [chan receive]:
6.824/labrpc.(*ClientEnd).Call(0xc000344560, {0x6f49f9, 0xc000ab1f50}, {0x6c7340, 0xc0024f4c60}, {0x6b7480, 0xc000622a80})
	D:/Go/src/6.824/src/labrpc/labrpc.go:112 +0x26e
6.824/kvraft.(*Clerk).Execute.func1(0x2, {0x3, {0x701d74, 0x2}, {0xc000bd1d10, 0x9}, 0x255e4f5, 0x8d})
	D:/Go/src/6.824/src/kvraft/client.go:47 +0x11f
created by 6.824/kvraft.(*Clerk).Execute
	D:/Go/src/6.824/src/kvraft/client.go:45 +0x1b2

goroutine 279526 [chan receive]:
6.824/labrpc.(*ClientEnd).Call(0xc0005d3c60, {0x6f49f9, 0xc0001fbfa0}, {0x6c7340, 0xc00059e540}, {0x6b7480, 0xc0004484f8})
	D:/Go/src/6.824/src/labrpc/labrpc.go:112 +0x26e
6.824/kvraft.(*Clerk).Execute.func1(0x1, {0x3, {0x701d84, 0x2}, {0xc000195510, 0x9}, 0x4a12fd28, 0x8d})
	D:/Go/src/6.824/src/kvraft/client.go:47 +0x11f
created by 6.824/kvraft.(*Clerk).Execute
	D:/Go/src/6.824/src/kvraft/client.go:45 +0x1b2

goroutine 279795 [chan receive]:
6.824/labrpc.(*ClientEnd).Call(0xc000098e40, {0x6f5793, 0x742400}, {0x6b78c0, 0xc000929f80}, {0x6b7900, 0xc000bd1d20})
	D:/Go/src/6.824/src/labrpc/labrpc.go:112 +0x26e
6.824/raft.(*Raft).sendAppendLog(...)
	D:/Go/src/6.824/src/raft/raft.go:455
6.824/raft.(*Raft).sendMsg.func1(0x1)
	D:/Go/src/6.824/src/raft/raft.go:298 +0x90
created by 6.824/raft.(*Raft).sendMsg
	D:/Go/src/6.824/src/raft/raft.go:296 +0x44f

goroutine 223041 [select]:
6.824/kvraft.(*Clerk).Execute(0xc00048f100, 0xc000f3fc70, 0xc000f3fc58)
	D:/Go/src/6.824/src/kvraft/client.go:52 +0x219
6.824/kvraft.(*Clerk).Get(0xc000f3fcd8, {0x6fcd6b, 0x8})
	D:/Go/src/6.824/src/kvraft/client.go:74 +0x127
6.824/kvraft.Get(0xc00019e840, 0x2, {0x6fcd6b, 0x1}, 0xc000044920, 0x5)
	D:/Go/src/6.824/src/kvraft/test_test.go:43 +0xbb
6.824/kvraft.GenericTest.func1(0x5, 0xc0004e7f20, 0xc000338000)
	D:/Go/src/6.824/src/kvraft/test_test.go:284 +0x3e5
6.824/kvraft.run_client(0xc0003fad80, 0xc00019e840, 0xc0000809e0, 0x7, 0xc001029090)
	D:/Go/src/6.824/src/kvraft/test_test.go:103 +0xe4
created by 6.824/kvraft.spawn_clients_and_wait
	D:/Go/src/6.824/src/kvraft/test_test.go:113 +0x51

goroutine 223037 [select]:
6.824/kvraft.(*Clerk).Execute(0xc00048f000, 0xc0003ddc70, 0xc0003ddc58)
	D:/Go/src/6.824/src/kvraft/client.go:52 +0x219
6.824/kvraft.(*Clerk).Get(0xc0003ddcd8, {0x6fcd67, 0x8})
	D:/Go/src/6.824/src/kvraft/client.go:74 +0x127
6.824/kvraft.Get(0xc00019e840, 0x2, {0x6fcd67, 0x1}, 0xc000044920, 0x1)
	D:/Go/src/6.824/src/kvraft/test_test.go:43 +0xbb
6.824/kvraft.GenericTest.func1(0x1, 0xc0004e7aa0, 0xc000338000)
	D:/Go/src/6.824/src/kvraft/test_test.go:284 +0x3e5
6.824/kvraft.run_client(0xc000aca060, 0xc00019e840, 0xc0003ddfd0, 0x68b20d, 0xc001029090)
	D:/Go/src/6.824/src/kvraft/test_test.go:103 +0xe4
created by 6.824/kvraft.spawn_clients_and_wait
	D:/Go/src/6.824/src/kvraft/test_test.go:113 +0x51

goroutine 223205 [select]:
6.824/kvraft.(*Clerk).Execute(0xc00048f240, 0xc000965c70, 0xc000965c58)
	D:/Go/src/6.824/src/kvraft/client.go:52 +0x219
6.824/kvraft.(*Clerk).Get(0xc000965cd8, {0x6fcd6f, 0x8})
	D:/Go/src/6.824/src/kvraft/client.go:74 +0x127
6.824/kvraft.Get(0xc00019e840, 0x2, {0x6fcd6f, 0x1}, 0xc000044920, 0x9)
	D:/Go/src/6.824/src/kvraft/test_test.go:43 +0xbb
6.824/kvraft.GenericTest.func1(0x9, 0xc0003463c0, 0xc000338000)
	D:/Go/src/6.824/src/kvraft/test_test.go:284 +0x3e5
6.824/kvraft.run_client(0xc0003adba0, 0xc00019e840, 0xc000965fd0, 0x68b20d, 0xc001029090)
	D:/Go/src/6.824/src/kvraft/test_test.go:103 +0xe4
created by 6.824/kvraft.spawn_clients_and_wait
	D:/Go/src/6.824/src/kvraft/test_test.go:113 +0x51

goroutine 279652 [chan receive]:
6.824/labrpc.(*ClientEnd).Call(0xc000344860, {0x6f49f9, 0xc000fddfa0}, {0x6c7340, 0xc0024f48a0}, {0x6b7480, 0xc000088138})
	D:/Go/src/6.824/src/labrpc/labrpc.go:112 +0x26e
6.824/kvraft.(*Clerk).Execute.func1(0x1, {0x3, {0x701d7c, 0x2}, {0xc0000df3b0, 0x9}, 0x3d7a219b, 0x8d})
	D:/Go/src/6.824/src/kvraft/client.go:47 +0x11f
created by 6.824/kvraft.(*Clerk).Execute
	D:/Go/src/6.824/src/kvraft/client.go:45 +0x1b2

goroutine 279821 [runnable]:
6.824/raft.(*Raft).sendMsg·dwrap·13()
	D:/Go/src/6.824/src/raft/raft.go:296
runtime.goexit()
	D:/ProgramFiles/Go/src/runtime/asm_amd64.s:1581 +0x1
created by 6.824/raft.(*Raft).sendMsg
	D:/Go/src/6.824/src/raft/raft.go:296 +0x44f

goroutine 279810 [runnable]:
6.824/raft.(*Raft).sendMsg·dwrap·13()
	D:/Go/src/6.824/src/raft/raft.go:296
runtime.goexit()
	D:/ProgramFiles/Go/src/runtime/asm_amd64.s:1581 +0x1
created by 6.824/raft.(*Raft).sendMsg
	D:/Go/src/6.824/src/raft/raft.go:296 +0x44f

goroutine 223208 [select]:
6.824/kvraft.(*Clerk).Execute(0xc00048f300, 0xc0006b5c70, 0xc0006b5c58)
	D:/Go/src/6.824/src/kvraft/client.go:52 +0x219
6.824/kvraft.(*Clerk).Get(0xc0006b5cd8, {0x701d76, 0x9})
	D:/Go/src/6.824/src/kvraft/client.go:74 +0x127
6.824/kvraft.Get(0xc00019e840, 0x2, {0x701d76, 0x2}, 0xc000044920, 0xc)
	D:/Go/src/6.824/src/kvraft/test_test.go:43 +0xbb
6.824/kvraft.GenericTest.func1(0xc, 0xc000346720, 0xc000338000)
	D:/Go/src/6.824/src/kvraft/test_test.go:284 +0x3e5
6.824/kvraft.run_client(0xc0003faa80, 0xc00019e840, 0xc0006b5fd0, 0x68b20d, 0xc001029090)
	D:/Go/src/6.824/src/kvraft/test_test.go:103 +0xe4
created by 6.824/kvraft.spawn_clients_and_wait
	D:/Go/src/6.824/src/kvraft/test_test.go:113 +0x51

goroutine 223202 [select]:
6.824/kvraft.(*Clerk).Execute(0xc00048f140, 0xc0002b1c70, 0xc0002b1c58)
	D:/Go/src/6.824/src/kvraft/client.go:52 +0x219
6.824/kvraft.(*Clerk).Get(0xc0002b1cd8, {0x6fcd6c, 0x8})
	D:/Go/src/6.824/src/kvraft/client.go:74 +0x127
6.824/kvraft.Get(0xc00019e840, 0x2, {0x6fcd6c, 0x1}, 0xc000044920, 0x6)
	D:/Go/src/6.824/src/kvraft/test_test.go:43 +0xbb
6.824/kvraft.GenericTest.func1(0x6, 0xc000346060, 0xc000338000)
	D:/Go/src/6.824/src/kvraft/test_test.go:284 +0x3e5
6.824/kvraft.run_client(0x68bc52, 0xc00019e840, 0xc0000a84c0, 0x9, 0xc001029090)
	D:/Go/src/6.824/src/kvraft/test_test.go:103 +0xe4
created by 6.824/kvraft.spawn_clients_and_wait
	D:/Go/src/6.824/src/kvraft/test_test.go:113 +0x51

goroutine 279612 [select]:
6.824/kvraft.(*KVServer).Do(0xc000327900, 0xc0005556e0, 0xc000cb7668)
	D:/Go/src/6.824/src/kvraft/server.go:71 +0x2f4
reflect.Value.call({0xc000052180, 0xc000416a60, 0xc000a69b10}, {0x6f34cd, 0x4}, {0xc000a69c68, 0x3, 0xc000a69b40})
	D:/ProgramFiles/Go/src/reflect/value.go:543 +0x814
reflect.Value.Call({0xc000052180, 0xc000416a60, 0xc0007a9920}, {0xc000a69c68, 0x3, 0x3})
	D:/ProgramFiles/Go/src/reflect/value.go:339 +0xc5
6.824/labrpc.(*Service).dispatch(0xc001a98800, {0x6f4a02, 0x2}, {{0x6bf740, 0xc0004962b0}, {0x6f49f9, 0xb}, {0x742400, 0x6c7340}, {0xc0003322c0, ...}, ...})
	D:/Go/src/6.824/src/labrpc/labrpc.go:496 +0x39d
6.824/labrpc.(*Server).dispatch(0xc0007e4498, {{0x6bf740, 0xc0004962b0}, {0x6f49f9, 0xb}, {0x742400, 0x6c7340}, {0xc0003322c0, 0x5c, 0xa6}, ...})
	D:/Go/src/6.824/src/labrpc/labrpc.go:420 +0x1fe
6.824/labrpc.(*Network).processReq.func1()
	D:/Go/src/6.824/src/labrpc/labrpc.go:240 +0x58
created by 6.824/labrpc.(*Network).processReq
	D:/Go/src/6.824/src/labrpc/labrpc.go:239 +0x1df

goroutine 279777 [semacquire]:
sync.runtime_SemacquireMutex(0xc00064b398, 0xbd, 0x60)
	D:/ProgramFiles/Go/src/runtime/sema.go:71 +0x25
sync.(*Mutex).lockSlow(0xc000327900)
	D:/ProgramFiles/Go/src/sync/mutex.go:138 +0x165
sync.(*Mutex).Lock(...)
	D:/ProgramFiles/Go/src/sync/mutex.go:81
6.824/kvraft.(*KVServer).lock(...)
	D:/Go/src/6.824/src/kvraft/server.go:35
6.824/kvraft.(*KVServer).Do(0xc000327900, 0xc000eb0420, 0xc0003aaac8)
	D:/Go/src/6.824/src/kvraft/server.go:44 +0x79
reflect.Value.call({0xc000052180, 0xc000416a60, 0xc00064bb10}, {0x6f34cd, 0x4}, {0xc00064bc68, 0x3, 0xc00064bb40})
	D:/ProgramFiles/Go/src/reflect/value.go:543 +0x814
reflect.Value.Call({0xc000052180, 0xc000416a60, 0xc0003bed68}, {0xc00064bc68, 0x3, 0x3})
	D:/ProgramFiles/Go/src/reflect/value.go:339 +0xc5
6.824/labrpc.(*Service).dispatch(0xc001a98800, {0x6f4a02, 0x2}, {{0x6bf740, 0xc000496f20}, {0x6f49f9, 0xb}, {0x742400, 0x6c7340}, {0xc00024c0b0, ...}, ...})
	D:/Go/src/6.824/src/labrpc/labrpc.go:496 +0x39d
6.824/labrpc.(*Server).dispatch(0xc0007e4498, {{0x6bf740, 0xc000496f20}, {0x6f49f9, 0xb}, {0x742400, 0x6c7340}, {0xc00024c0b0, 0x5d, 0xa7}, ...})
	D:/Go/src/6.824/src/labrpc/labrpc.go:420 +0x1fe
6.824/labrpc.(*Network).processReq.func1()
	D:/Go/src/6.824/src/labrpc/labrpc.go:240 +0x58
created by 6.824/labrpc.(*Network).processReq
	D:/Go/src/6.824/src/labrpc/labrpc.go:239 +0x1df

goroutine 279769 [select]:
6.824/labrpc.(*Network).processReq(0xc0005680a0, {{0x6bf740, 0xc000a6edc0}, {0x6f5793, 0xe}, {0x742400, 0x6b78c0}, {0xc000078700, 0x2ba, 0x670}, ...})
	D:/Go/src/6.824/src/labrpc/labrpc.go:251 +0x41c
created by 6.824/labrpc.MakeNetwork.func1
	D:/Go/src/6.824/src/labrpc/labrpc.go:157 +0x3e

goroutine 279799 [chan receive]:
6.824/labrpc.(*ClientEnd).Call(0xc000098e40, {0x6f5793, 0x742400}, {0x6b78c0, 0xc000792900}, {0x6b7900, 0xc000b6afc0})
	D:/Go/src/6.824/src/labrpc/labrpc.go:112 +0x26e
6.824/raft.(*Raft).sendAppendLog(...)
	D:/Go/src/6.824/src/raft/raft.go:455
6.824/raft.(*Raft).sendMsg.func1(0x1)
	D:/Go/src/6.824/src/raft/raft.go:298 +0x90
created by 6.824/raft.(*Raft).sendMsg
	D:/Go/src/6.824/src/raft/raft.go:296 +0x44f

goroutine 223203 [select]:
6.824/kvraft.(*Clerk).Execute(0xc00048f1c0, 0xc000091c70, 0xc000091c58)
	D:/Go/src/6.824/src/kvraft/client.go:52 +0x219
6.824/kvraft.(*Clerk).Get(0xc000091cd8, {0x6fcd6d, 0x8})
	D:/Go/src/6.824/src/kvraft/client.go:74 +0x127
6.824/kvraft.Get(0xc00019e840, 0x2, {0x6fcd6d, 0x1}, 0xc000044920, 0x7)
	D:/Go/src/6.824/src/kvraft/test_test.go:43 +0xbb
6.824/kvraft.GenericTest.func1(0x7, 0xc000346180, 0xc000338000)
	D:/Go/src/6.824/src/kvraft/test_test.go:284 +0x3e5
6.824/kvraft.run_client(0x68bc52, 0xc00019e840, 0xc0000809e0, 0x3, 0xc001029090)
	D:/Go/src/6.824/src/kvraft/test_test.go:103 +0xe4
created by 6.824/kvraft.spawn_clients_and_wait
	D:/Go/src/6.824/src/kvraft/test_test.go:113 +0x51

goroutine 279535 [chan receive]:
6.824/labrpc.(*ClientEnd).Call(0xc0005d3ea0, {0x6f49f9, 0xc000a51fa0}, {0x6c7340, 0xc000b3aab0}, {0x6b7480, 0xc000449170})
	D:/Go/src/6.824/src/labrpc/labrpc.go:112 +0x26e
6.824/kvraft.(*Clerk).Execute.func1(0x1, {0x1, {0x6fcd68, 0x1}, {0x0, 0x0}, 0x6583b235, 0x9b})
	D:/Go/src/6.824/src/kvraft/client.go:47 +0x11f
created by 6.824/kvraft.(*Clerk).Execute
	D:/Go/src/6.824/src/kvraft/client.go:45 +0x1b2

goroutine 279609 [select]:
6.824/kvraft.(*KVServer).Do(0xc000327900, 0xc000554360, 0xc000cb73c8)
	D:/Go/src/6.824/src/kvraft/server.go:71 +0x2f4
reflect.Value.call({0xc000052180, 0xc000416a60, 0xc000a6db10}, {0x6f34cd, 0x4}, {0xc000a6dc68, 0x3, 0xc000a6db40})
	D:/ProgramFiles/Go/src/reflect/value.go:543 +0x814
reflect.Value.Call({0xc000052180, 0xc000416a60, 0xc0007a97f8}, {0xc000a6dc68, 0x3, 0x3})
	D:/ProgramFiles/Go/src/reflect/value.go:339 +0xc5
6.824/labrpc.(*Service).dispatch(0xc001a98800, {0x6f4a02, 0x2}, {{0x6bf740, 0xc0004969a0}, {0x6f49f9, 0xb}, {0x742400, 0x6c7340}, {0xc000332000, ...}, ...})
	D:/Go/src/6.824/src/labrpc/labrpc.go:496 +0x39d
6.824/labrpc.(*Server).dispatch(0xc0007e4498, {{0x6bf740, 0xc0004969a0}, {0x6f49f9, 0xb}, {0x742400, 0x6c7340}, {0xc000332000, 0x5d, 0xa7}, ...})
	D:/Go/src/6.824/src/labrpc/labrpc.go:420 +0x1fe
6.824/labrpc.(*Network).processReq.func1()
	D:/Go/src/6.824/src/labrpc/labrpc.go:240 +0x58
created by 6.824/labrpc.(*Network).processReq
	D:/Go/src/6.824/src/labrpc/labrpc.go:239 +0x1df

goroutine 279770 [semacquire]:
sync.runtime_SemacquireMutex(0x4, 0x40, 0x3)
	D:/ProgramFiles/Go/src/runtime/sema.go:71 +0x25
sync.(*Mutex).lockSlow(0xc00097c2d0)
	D:/ProgramFiles/Go/src/sync/mutex.go:138 +0x165
sync.(*Mutex).Lock(...)
	D:/ProgramFiles/Go/src/sync/mutex.go:81
6.824/raft.(*Raft).lock(...)
	D:/Go/src/6.824/src/raft/raft.go:468
6.824/raft.(*Raft).AppendLog(0xc00097c2d0, 0xc000806a80, 0xc0013d5570)
	D:/Go/src/6.824/src/raft/raft.go:326 +0x72
reflect.Value.call({0xc000052300, 0xc000416758, 0xc00075bb10}, {0x6f34cd, 0x4}, {0xc00075bc68, 0x3, 0xc00075bb40})
	D:/ProgramFiles/Go/src/reflect/value.go:543 +0x814
reflect.Value.Call({0xc000052300, 0xc000416758, 0xc0003be948}, {0xc00075bc68, 0x3, 0x3})
	D:/ProgramFiles/Go/src/reflect/value.go:339 +0xc5
6.824/labrpc.(*Service).dispatch(0xc000749940, {0x6f5798, 0x9}, {{0x6bf740, 0xc000a6edc0}, {0x6f5793, 0xe}, {0x742400, 0x6b78c0}, {0xc000078700, ...}, ...})
	D:/Go/src/6.824/src/labrpc/labrpc.go:496 +0x39d
6.824/labrpc.(*Server).dispatch(0xc00069ff80, {{0x6bf740, 0xc000a6edc0}, {0x6f5793, 0xe}, {0x742400, 0x6b78c0}, {0xc000078700, 0x2ba, 0x670}, ...})
	D:/Go/src/6.824/src/labrpc/labrpc.go:420 +0x1fe
6.824/labrpc.(*Network).processReq.func1()
	D:/Go/src/6.824/src/labrpc/labrpc.go:240 +0x58
created by 6.824/labrpc.(*Network).processReq
	D:/Go/src/6.824/src/labrpc/labrpc.go:239 +0x1df

goroutine 279738 [semacquire]:
sync.runtime_SemacquireMutex(0x4, 0x40, 0x3)
	D:/ProgramFiles/Go/src/runtime/sema.go:71 +0x25
sync.(*Mutex).lockSlow(0xc00097c2d0)
	D:/ProgramFiles/Go/src/sync/mutex.go:138 +0x165
sync.(*Mutex).Lock(...)
	D:/ProgramFiles/Go/src/sync/mutex.go:81
6.824/raft.(*Raft).lock(...)
	D:/Go/src/6.824/src/raft/raft.go:468
6.824/raft.(*Raft).AppendLog(0xc00097c2d0, 0xc000928cc0, 0xc000bd1070)
	D:/Go/src/6.824/src/raft/raft.go:326 +0x72
reflect.Value.call({0xc000052300, 0xc000416758, 0xc000579b10}, {0x6f34cd, 0x4}, {0xc000579c68, 0x3, 0xc000579b40})
	D:/ProgramFiles/Go/src/reflect/value.go:543 +0x814
reflect.Value.Call({0xc000052300, 0xc000416758, 0xc00053e638}, {0xc000579c68, 0x3, 0x3})
	D:/ProgramFiles/Go/src/reflect/value.go:339 +0xc5
6.824/labrpc.(*Service).dispatch(0xc000749940, {0x6f5798, 0x9}, {{0x6bf740, 0xc000a6edc0}, {0x6f5793, 0xe}, {0x742400, 0x6b78c0}, {0xc0009822c0, ...}, ...})
	D:/Go/src/6.824/src/labrpc/labrpc.go:496 +0x39d
6.824/labrpc.(*Server).dispatch(0xc00069ff80, {{0x6bf740, 0xc000a6edc0}, {0x6f5793, 0xe}, {0x742400, 0x6b78c0}, {0xc0009822c0, 0x25a, 0x28a}, ...})
	D:/Go/src/6.824/src/labrpc/labrpc.go:420 +0x1fe
6.824/labrpc.(*Network).processReq.func1()
	D:/Go/src/6.824/src/labrpc/labrpc.go:240 +0x58
created by 6.824/labrpc.(*Network).processReq
	D:/Go/src/6.824/src/labrpc/labrpc.go:239 +0x1df

goroutine 279847 [runnable]:
6.824/kvraft.(*KVServer).SnapShot·dwrap·16()
	D:/Go/src/6.824/src/kvraft/server.go:107
runtime.goexit()
	D:/ProgramFiles/Go/src/runtime/asm_amd64.s:1581 +0x1
created by 6.824/kvraft.(*KVServer).SnapShot
	D:/Go/src/6.824/src/kvraft/server.go:107 +0x185

goroutine 279760 [runnable]:
6.824/raft.(*Raft).sendMsg·dwrap·13()
	D:/Go/src/6.824/src/raft/raft.go:296
runtime.goexit()
	D:/ProgramFiles/Go/src/runtime/asm_amd64.s:1581 +0x1
created by 6.824/raft.(*Raft).sendMsg
	D:/Go/src/6.824/src/raft/raft.go:296 +0x44f

goroutine 279860 [runnable]:
6.824/raft.(*Raft).sendMsg·dwrap·13()
	D:/Go/src/6.824/src/raft/raft.go:296
runtime.goexit()
	D:/ProgramFiles/Go/src/runtime/asm_amd64.s:1581 +0x1
created by 6.824/raft.(*Raft).sendMsg
	D:/Go/src/6.824/src/raft/raft.go:296 +0x44f

goroutine 223036 [sleep]:
time.Sleep(0x3e8)
	D:/ProgramFiles/Go/src/runtime/time.go:193 +0x133
6.824/kvraft.(*Clerk).Execute(0xc00048efc0, 0xc00072bc70, 0xc00072bc58)
	D:/Go/src/6.824/src/kvraft/client.go:42 +0x48
6.824/kvraft.(*Clerk).Get(0xc00072bcd8, {0x6fcd66, 0x8})
	D:/Go/src/6.824/src/kvraft/client.go:74 +0x127
6.824/kvraft.Get(0xc00019e840, 0x2, {0x6fcd66, 0x1}, 0xc000044920, 0x0)
	D:/Go/src/6.824/src/kvraft/test_test.go:43 +0xbb
6.824/kvraft.GenericTest.func1(0x0, 0xc0004e7950, 0xc000338000)
	D:/Go/src/6.824/src/kvraft/test_test.go:284 +0x3e5
6.824/kvraft.run_client(0xc00031ac60, 0xc00019e840, 0xa6, 0xc00027e120, 0xc001029090)
	D:/Go/src/6.824/src/kvraft/test_test.go:103 +0xe4
created by 6.824/kvraft.spawn_clients_and_wait
	D:/Go/src/6.824/src/kvraft/test_test.go:113 +0x51

goroutine 279529 [chan receive]:
6.824/labrpc.(*ClientEnd).Call(0xc0003449e0, {0x6f49f9, 0xc0016cffa0}, {0x6c7340, 0xc000b3a0c0}, {0x6b7480, 0xc0004489a8})
	D:/Go/src/6.824/src/labrpc/labrpc.go:112 +0x26e
6.824/kvraft.(*Clerk).Execute.func1(0x0, {0x1, {0x701d80, 0x2}, {0x0, 0x0}, 0x8cc42e45, 0x95})
	D:/Go/src/6.824/src/kvraft/client.go:47 +0x11f
created by 6.824/kvraft.(*Clerk).Execute
	D:/Go/src/6.824/src/kvraft/client.go:45 +0x1b2

goroutine 279704 [semacquire]:
sync.runtime_SemacquireMutex(0x4, 0x40, 0x3)
	D:/ProgramFiles/Go/src/runtime/sema.go:71 +0x25
sync.(*Mutex).lockSlow(0xc00097c2d0)
	D:/ProgramFiles/Go/src/sync/mutex.go:138 +0x165
sync.(*Mutex).Lock(...)
	D:/ProgramFiles/Go/src/sync/mutex.go:81
6.824/raft.(*Raft).lock(...)
	D:/Go/src/6.824/src/raft/raft.go:468
6.824/raft.(*Raft).AppendLog(0xc00097c2d0, 0xc0001857a0, 0xc001e479c0)
	D:/Go/src/6.824/src/raft/raft.go:326 +0x72
reflect.Value.call({0xc000052300, 0xc000416758, 0xc000205b10}, {0x6f34cd, 0x4}, {0xc000205c68, 0x3, 0xc000205b40})
	D:/ProgramFiles/Go/src/reflect/value.go:543 +0x814
reflect.Value.Call({0xc000052300, 0xc000416758, 0xc0000060c8}, {0xc000205c68, 0x3, 0x3})
	D:/ProgramFiles/Go/src/reflect/value.go:339 +0xc5
6.824/labrpc.(*Service).dispatch(0xc000749940, {0x6f5798, 0x9}, {{0x6bf740, 0xc000a6edc0}, {0x6f5793, 0xe}, {0x742400, 0x6b78c0}, {0xc000019100, ...}, ...})
	D:/Go/src/6.824/src/labrpc/labrpc.go:496 +0x39d
6.824/labrpc.(*Server).dispatch(0xc00069ff80, {{0x6bf740, 0xc000a6edc0}, {0x6f5793, 0xe}, {0x742400, 0x6b78c0}, {0xc000019100, 0x2c4, 0x67a}, ...})
	D:/Go/src/6.824/src/labrpc/labrpc.go:420 +0x1fe
6.824/labrpc.(*Network).processReq.func1()
	D:/Go/src/6.824/src/labrpc/labrpc.go:240 +0x58
created by 6.824/labrpc.(*Network).processReq
	D:/Go/src/6.824/src/labrpc/labrpc.go:239 +0x1df

goroutine 223040 [select]:
6.824/kvraft.(*Clerk).Execute(0xc00048f0c0, 0xc001097c70, 0xc001097c58)
	D:/Go/src/6.824/src/kvraft/client.go:52 +0x219
6.824/kvraft.(*Clerk).Get(0xc001097cd8, {0x6fcd6a, 0x8})
	D:/Go/src/6.824/src/kvraft/client.go:74 +0x127
6.824/kvraft.Get(0xc00019e840, 0x2, {0x6fcd6a, 0x1}, 0xc000044920, 0x4)
	D:/Go/src/6.824/src/kvraft/test_test.go:43 +0xbb
6.824/kvraft.GenericTest.func1(0x4, 0xc0004e7e00, 0xc000338000)
	D:/Go/src/6.824/src/kvraft/test_test.go:284 +0x3e5
6.824/kvraft.run_client(0xc0006b0dc0, 0xc00019e840, 0x28a, 0xc000aca240, 0xc001029090)
	D:/Go/src/6.824/src/kvraft/test_test.go:103 +0xe4
created by 6.824/kvraft.spawn_clients_and_wait
	D:/Go/src/6.824/src/kvraft/test_test.go:113 +0x51

goroutine 279759 [runnable]:
6.824/raft.(*Raft).sendMsg·dwrap·13()
	D:/Go/src/6.824/src/raft/raft.go:296
runtime.goexit()
	D:/ProgramFiles/Go/src/runtime/asm_amd64.s:1581 +0x1
created by 6.824/raft.(*Raft).sendMsg
	D:/Go/src/6.824/src/raft/raft.go:296 +0x44f

goroutine 222393 [chan receive]:
6.824/kvraft.(*KVServer).doExecute(0xc0000c8460)
	D:/Go/src/6.824/src/kvraft/server.go:123 +0x70
created by 6.824/kvraft.StartKVServer
	D:/Go/src/6.824/src/kvraft/server.go:198 +0x207

goroutine 279531 [select]:
6.824/kvraft.(*KVServer).Do(0xc000327900, 0xc000b3a540, 0xc000448d08)
	D:/Go/src/6.824/src/kvraft/server.go:71 +0x2f4
reflect.Value.call({0xc000052180, 0xc000416a60, 0xc000991b10}, {0x6f34cd, 0x4}, {0xc000991c68, 0x3, 0xc000991b40})
	D:/ProgramFiles/Go/src/reflect/value.go:543 +0x814
reflect.Value.Call({0xc000052180, 0xc000416a60, 0xc0003be2a0}, {0xc000991c68, 0x3, 0x3})
	D:/ProgramFiles/Go/src/reflect/value.go:339 +0xc5
6.824/labrpc.(*Service).dispatch(0xc001a98800, {0x6f4a02, 0x2}, {{0x6bf740, 0xc0004972c0}, {0x6f49f9, 0xb}, {0x742400, 0x6c7340}, {0xc00024c790, ...}, ...})
	D:/Go/src/6.824/src/labrpc/labrpc.go:496 +0x39d
6.824/labrpc.(*Server).dispatch(0xc0007e4498, {{0x6bf740, 0xc0004972c0}, {0x6f49f9, 0xb}, {0x742400, 0x6c7340}, {0xc00024c790, 0x5d, 0xa7}, ...})
	D:/Go/src/6.824/src/labrpc/labrpc.go:420 +0x1fe
6.824/labrpc.(*Network).processReq.func1()
	D:/Go/src/6.824/src/labrpc/labrpc.go:240 +0x58
created by 6.824/labrpc.(*Network).processReq
	D:/Go/src/6.824/src/labrpc/labrpc.go:239 +0x1df

goroutine 279750 [chan receive]:
6.824/labrpc.(*ClientEnd).Call(0xc000344320, {0x6f49f9, 0x6b78c0}, {0x6c7340, 0xc000d95bf0}, {0x6b7480, 0xc000dcea98})
	D:/Go/src/6.824/src/labrpc/labrpc.go:112 +0x26e
6.824/kvraft.(*Clerk).Execute.func1(0x4, {0x3, {0x6fcd6e, 0x1}, {0xc000837308, 0x8}, 0x7b0b27d3, 0x8f})
	D:/Go/src/6.824/src/kvraft/client.go:47 +0x11f
created by 6.824/kvraft.(*Clerk).Execute
	D:/Go/src/6.824/src/kvraft/client.go:45 +0x1b2

goroutine 279828 [select]:
6.824/labrpc.(*Network).processReq(0xc0005680a0, {{0x6bf740, 0xc000a6edc0}, {0x6f5793, 0xe}, {0x742400, 0x6b78c0}, {0xc0007c3c00, 0x317, 0x6cd}, ...})
	D:/Go/src/6.824/src/labrpc/labrpc.go:251 +0x41c
created by 6.824/labrpc.MakeNetwork.func1
	D:/Go/src/6.824/src/labrpc/labrpc.go:157 +0x3e

goroutine 223214 [select]:
6.824/kvraft.(*Clerk).Execute(0xc00048f480, 0xc0008a5c80, 0xc0008a5c68)
	D:/Go/src/6.824/src/kvraft/client.go:52 +0x219
6.824/kvraft.(*Clerk).Append(0x9, {0x701d82, 0xc0008a5d50}, {0xc001456cc0, 0xc0008a5d08})
	D:/Go/src/6.824/src/kvraft/client.go:103 +0x150
6.824/kvraft.Append(0xc00019e840, 0x2, {0x701d82, 0x2}, {0xc001456cc0, 0x9}, 0xc000044920, 0x12)
	D:/Go/src/6.824/src/kvraft/test_test.go:77 +0xd5
6.824/kvraft.GenericTest.func1(0x12, 0xc000346de0, 0xc000338000)
	D:/Go/src/6.824/src/kvraft/test_test.go:272 +0x587
6.824/kvraft.run_client(0xc000aca2a0, 0xc00019e840, 0x120, 0xc000aca0c0, 0xc001029090)
	D:/Go/src/6.824/src/kvraft/test_test.go:103 +0xe4
created by 6.824/kvraft.spawn_clients_and_wait
	D:/Go/src/6.824/src/kvraft/test_test.go:113 +0x51

goroutine 279570 [chan receive]:
6.824/labrpc.(*ClientEnd).Call(0xc0003443e0, {0x6f49f9, 0xc00015ffa0}, {0x6c7340, 0xc001059320}, {0x6b7480, 0xc000005980})
	D:/Go/src/6.824/src/labrpc/labrpc.go:112 +0x26e
6.824/kvraft.(*Clerk).Execute.func1(0x3, {0x1, {0x6fcd6f, 0x1}, {0x0, 0x0}, 0x709c9e92, 0x87})
	D:/Go/src/6.824/src/kvraft/client.go:47 +0x11f
created by 6.824/kvraft.(*Clerk).Execute
	D:/Go/src/6.824/src/kvraft/client.go:45 +0x1b2

goroutine 223035 [chan receive]:
6.824/kvraft.spawn_clients_and_wait(0xc000338000, 0xc00019e840, 0x14, 0xc001029090)
	D:/Go/src/6.824/src/kvraft/test_test.go:117 +0x185
created by 6.824/kvraft.GenericTest
	D:/Go/src/6.824/src/kvraft/test_test.go:253 +0x6bd

goroutine 279743 [chan receive]:
6.824/labrpc.(*ClientEnd).Call(0xc000098e40, {0x6f5793, 0x683065}, {0x6b78c0, 0xc0009298c0}, {0x6b7900, 0xc0013d51e0})
	D:/Go/src/6.824/src/labrpc/labrpc.go:112 +0x26e
6.824/raft.(*Raft).sendAppendLog(...)
	D:/Go/src/6.824/src/raft/raft.go:455
6.824/raft.(*Raft).sendMsg.func1(0x1)
	D:/Go/src/6.824/src/raft/raft.go:298 +0x90
created by 6.824/raft.(*Raft).sendMsg
	D:/Go/src/6.824/src/raft/raft.go:296 +0x44f

goroutine 279654 [select]:
6.824/kvraft.(*KVServer).Do(0xc000327900, 0xc0024f4ed0, 0xc0000883c0)
	D:/Go/src/6.824/src/kvraft/server.go:71 +0x2f4
reflect.Value.call({0xc000052180, 0xc000416a60, 0xc0004efb10}, {0x6f34cd, 0x4}, {0xc0004efc68, 0x3, 0xc0004efb40})
	D:/ProgramFiles/Go/src/reflect/value.go:543 +0x814
reflect.Value.Call({0xc000052180, 0xc000416a60, 0xc0007a9fb8}, {0xc0004efc68, 0x3, 0x3})
	D:/ProgramFiles/Go/src/reflect/value.go:339 +0xc5
6.824/labrpc.(*Service).dispatch(0xc001a98800, {0x6f4a02, 0x2}, {{0x6bf740, 0xc000497050}, {0x6f49f9, 0xb}, {0x742400, 0x6c7340}, {0xc0004fe540, ...}, ...})
	D:/Go/src/6.824/src/labrpc/labrpc.go:496 +0x39d
6.824/labrpc.(*Server).dispatch(0xc0007e4498, {{0x6bf740, 0xc000497050}, {0x6f49f9, 0xb}, {0x742400, 0x6c7340}, {0xc0004fe540, 0x68, 0xb2}, ...})
	D:/Go/src/6.824/src/labrpc/labrpc.go:420 +0x1fe
6.824/labrpc.(*Network).processReq.func1()
	D:/Go/src/6.824/src/labrpc/labrpc.go:240 +0x58
created by 6.824/labrpc.(*Network).processReq
	D:/Go/src/6.824/src/labrpc/labrpc.go:239 +0x1df

goroutine 222386 [sleep]:
time.Sleep(0x11861580)
	D:/ProgramFiles/Go/src/runtime/time.go:193 +0x133
6.824/raft.(*Raft).electionTicker(0xc00097c1e0)
	D:/Go/src/6.824/src/raft/raft.go:622 +0x95
created by 6.824/raft.Make
	D:/Go/src/6.824/src/raft/raft.go:664 +0x2a7

goroutine 222391 [semacquire]:
sync.runtime_SemacquireMutex(0xc0002079a8, 0x0, 0x1)
	D:/ProgramFiles/Go/src/runtime/sema.go:71 +0x25
sync.(*Mutex).lockSlow(0xc000327900)
	D:/ProgramFiles/Go/src/sync/mutex.go:138 +0x165
sync.(*Mutex).Lock(...)
	D:/ProgramFiles/Go/src/sync/mutex.go:81
6.824/kvraft.(*KVServer).lock(...)
	D:/Go/src/6.824/src/kvraft/server.go:35
6.824/kvraft.(*KVServer).doExecute(0xc000327900)
	D:/Go/src/6.824/src/kvraft/server.go:124 +0xb9
created by 6.824/kvraft.StartKVServer
	D:/Go/src/6.824/src/kvraft/server.go:198 +0x207

goroutine 279755 [runnable]:
6.824/raft.(*Raft).sendMsg·dwrap·13()
	D:/Go/src/6.824/src/raft/raft.go:296
runtime.goexit()
	D:/ProgramFiles/Go/src/runtime/asm_amd64.s:1581 +0x1
created by 6.824/raft.(*Raft).sendMsg
	D:/Go/src/6.824/src/raft/raft.go:296 +0x44f

goroutine 279849 [runnable]:
6.824/kvraft.(*KVServer).SnapShot·dwrap·16()
	D:/Go/src/6.824/src/kvraft/server.go:107
runtime.goexit()
	D:/ProgramFiles/Go/src/runtime/asm_amd64.s:1581 +0x1
created by 6.824/kvraft.(*KVServer).SnapShot
	D:/Go/src/6.824/src/kvraft/server.go:107 +0x185

goroutine 279536 [select]:
6.824/labrpc.(*Network).processReq(0xc0005680a0, {{0x6bf740, 0xc000385ed0}, {0x6f49f9, 0xb}, {0x742400, 0x6c7340}, {0xc00024c9a0, 0x5c, 0xa6}, ...})
	D:/Go/src/6.824/src/labrpc/labrpc.go:251 +0x41c
created by 6.824/labrpc.MakeNetwork.func1
	D:/Go/src/6.824/src/labrpc/labrpc.go:157 +0x3e

goroutine 223215 [select]:
6.824/kvraft.(*Clerk).Execute(0xc00048ef80, 0xc000b75c80, 0xc000b75c68)
	D:/Go/src/6.824/src/kvraft/client.go:52 +0x219
6.824/kvraft.(*Clerk).Append(0x9, {0x701d84, 0xc000b75d50}, {0xc000195510, 0xc000b75d08})
	D:/Go/src/6.824/src/kvraft/client.go:103 +0x150
6.824/kvraft.Append(0xc00019e840, 0x2, {0x701d84, 0x2}, {0xc000195510, 0x9}, 0xc000044920, 0x13)
	D:/Go/src/6.824/src/kvraft/test_test.go:77 +0xd5
6.824/kvraft.GenericTest.func1(0x13, 0xc0004e7830, 0xc000338000)
	D:/Go/src/6.824/src/kvraft/test_test.go:272 +0x587
6.824/kvraft.run_client(0xc00031ab00, 0xc00019e840, 0xa8, 0xc000057500, 0xc001029090)
	D:/Go/src/6.824/src/kvraft/test_test.go:103 +0xe4
created by 6.824/kvraft.spawn_clients_and_wait
	D:/Go/src/6.824/src/kvraft/test_test.go:113 +0x51

goroutine 279532 [chan receive]:
6.824/labrpc.(*ClientEnd).Call(0xc0005d3f60, {0x6f49f9, 0xc000961fa0}, {0x6c7340, 0xc000b3a5a0}, {0x6b7480, 0xc000448dc8})
	D:/Go/src/6.824/src/labrpc/labrpc.go:112 +0x26e
6.824/kvraft.(*Clerk).Execute.func1(0x2, {0x1, {0x6fcd69, 0x1}, {0x0, 0x0}, 0x1f5a112, 0x96})
	D:/Go/src/6.824/src/kvraft/client.go:47 +0x11f
created by 6.824/kvraft.(*Clerk).Execute
	D:/Go/src/6.824/src/kvraft/client.go:45 +0x1b2

goroutine 279397 [chan receive]:
6.824/labrpc.(*ClientEnd).Call(0xc000098e40, {0x6f5793, 0x742400}, {0x6b78c0, 0xc000a70de0}, {0x6b7900, 0xc001e463d0})
	D:/Go/src/6.824/src/labrpc/labrpc.go:112 +0x26e
6.824/raft.(*Raft).sendAppendLog(...)
	D:/Go/src/6.824/src/raft/raft.go:455
6.824/raft.(*Raft).sendMsg.func1(0x1)
	D:/Go/src/6.824/src/raft/raft.go:298 +0x90
created by 6.824/raft.(*Raft).sendMsg
	D:/Go/src/6.824/src/raft/raft.go:296 +0x44f

goroutine 279543 [select]:
6.824/labrpc.(*Network).processReq(0xc0005680a0, {{0x6bf740, 0xc000496570}, {0x6f49f9, 0xb}, {0x742400, 0x6c7340}, {0xc00031a840, 0x5c, 0xa6}, ...})
	D:/Go/src/6.824/src/labrpc/labrpc.go:251 +0x41c
created by 6.824/labrpc.MakeNetwork.func1
	D:/Go/src/6.824/src/labrpc/labrpc.go:157 +0x3e

goroutine 279859 [runnable]:
6.824/raft.(*Raft).sendMsg·dwrap·13()
	D:/Go/src/6.824/src/raft/raft.go:296
runtime.goexit()
	D:/ProgramFiles/Go/src/runtime/asm_amd64.s:1581 +0x1
created by 6.824/raft.(*Raft).sendMsg
	D:/Go/src/6.824/src/raft/raft.go:296 +0x44f

goroutine 279572 [select]:
6.824/kvraft.(*KVServer).Do(0xc000327900, 0xc001059710, 0xc000005bd8)
	D:/Go/src/6.824/src/kvraft/server.go:71 +0x2f4
reflect.Value.call({0xc000052180, 0xc000416a60, 0xc000e01b10}, {0x6f34cd, 0x4}, {0xc000e01c68, 0x3, 0xc000e01b40})
	D:/ProgramFiles/Go/src/reflect/value.go:543 +0x814
reflect.Value.Call({0xc000052180, 0xc000416a60, 0xc000222178}, {0xc000e01c68, 0x3, 0x3})
	D:/ProgramFiles/Go/src/reflect/value.go:339 +0xc5
6.824/labrpc.(*Service).dispatch(0xc001a98800, {0x6f4a02, 0x2}, {{0x6bf740, 0xc000496830}, {0x6f49f9, 0xb}, {0x742400, 0x6c7340}, {0xc00030b290, ...}, ...})
	D:/Go/src/6.824/src/labrpc/labrpc.go:496 +0x39d
6.824/labrpc.(*Server).dispatch(0xc0007e4498, {{0x6bf740, 0xc000496830}, {0x6f49f9, 0xb}, {0x742400, 0x6c7340}, {0xc00030b290, 0x5c, 0xa6}, ...})
	D:/Go/src/6.824/src/labrpc/labrpc.go:420 +0x1fe
6.824/labrpc.(*Network).processReq.func1()
	D:/Go/src/6.824/src/labrpc/labrpc.go:240 +0x58
created by 6.824/labrpc.(*Network).processReq
	D:/Go/src/6.824/src/labrpc/labrpc.go:239 +0x1df

goroutine 279653 [select]:
6.824/labrpc.(*Network).processReq(0xc0005680a0, {{0x6bf740, 0xc000497050}, {0x6f49f9, 0xb}, {0x742400, 0x6c7340}, {0xc0004fe540, 0x68, 0xb2}, ...})
	D:/Go/src/6.824/src/labrpc/labrpc.go:251 +0x41c
created by 6.824/labrpc.MakeNetwork.func1
	D:/Go/src/6.824/src/labrpc/labrpc.go:157 +0x3e

goroutine 279539 [chan receive]:
6.824/labrpc.(*ClientEnd).Call(0xc000344620, {0x6f49f9, 0xc0002affa0}, {0x6c7340, 0xc000f0f410}, {0x6b7480, 0xc0006221c8})
	D:/Go/src/6.824/src/labrpc/labrpc.go:112 +0x26e
6.824/kvraft.(*Clerk).Execute.func1(0x4, {0x1, {0x701d76, 0x2}, {0x0, 0x0}, 0xcd0f6bb5, 0x94})
	D:/Go/src/6.824/src/kvraft/client.go:47 +0x11f
created by 6.824/kvraft.(*Clerk).Execute
	D:/Go/src/6.824/src/kvraft/client.go:45 +0x1b2

goroutine 279315 [chan receive]:
6.824/labrpc.(*ClientEnd).Call(0xc0003446e0, {0x6f49f9, 0xc000e65e60}, {0x6c7340, 0xc000acf6e0}, {0x6b7480, 0xc000cf3638})
	D:/Go/src/6.824/src/labrpc/labrpc.go:112 +0x26e
6.824/kvraft.(*Clerk).Execute.func1(0x1, {0x1, {0x701d78, 0x2}, {0x0, 0x0}, 0x40eca6e7, 0x8e})
	D:/Go/src/6.824/src/kvraft/client.go:47 +0x11f
created by 6.824/kvraft.(*Clerk).Execute
	D:/Go/src/6.824/src/kvraft/client.go:45 +0x1b2

goroutine 279802 [select]:
6.824/labrpc.(*Network).processReq(0xc0005680a0, {{0x6bf740, 0xc000a6edc0}, {0x6f5793, 0xe}, {0x742400, 0x6b78c0}, {0xc0007c3500, 0x2e8, 0x69e}, ...})
	D:/Go/src/6.824/src/labrpc/labrpc.go:251 +0x41c
created by 6.824/labrpc.MakeNetwork.func1
	D:/Go/src/6.824/src/labrpc/labrpc.go:157 +0x3e

goroutine 222390 [sleep]:
time.Sleep(0xfdad680)
	D:/ProgramFiles/Go/src/runtime/time.go:193 +0x133
6.824/raft.(*Raft).electionTicker(0xc00097c3c0)
	D:/Go/src/6.824/src/raft/raft.go:622 +0x95
created by 6.824/raft.Make
	D:/Go/src/6.824/src/raft/raft.go:664 +0x2a7

goroutine 279471 [runnable]:
6.824/kvraft.(*KVServer).Do(0xc000327900, 0xc000c9eb70, 0xc000d78e70)
	D:/Go/src/6.824/src/kvraft/server.go:71 +0x2f4
reflect.Value.call({0xc000052180, 0xc000416a60, 0xc000ea1b10}, {0x6f34cd, 0x4}, {0xc000ea1c68, 0x3, 0xc000ea1b40})
	D:/ProgramFiles/Go/src/reflect/value.go:543 +0x814
reflect.Value.Call({0xc000052180, 0xc000416a60, 0xc0000ab538}, {0xc000ea1c68, 0x3, 0x3})
	D:/ProgramFiles/Go/src/reflect/value.go:339 +0xc5
6.824/labrpc.(*Service).dispatch(0xc001a98800, {0x6f4a02, 0x2}, {{0x6bf740, 0xc000385d80}, {0x6f49f9, 0xb}, {0x742400, 0x6c7340}, {0xc00030b1e0, ...}, ...})
	D:/Go/src/6.824/src/labrpc/labrpc.go:496 +0x39d
6.824/labrpc.(*Server).dispatch(0xc0007e4498, {{0x6bf740, 0xc000385d80}, {0x6f49f9, 0xb}, {0x742400, 0x6c7340}, {0xc00030b1e0, 0x5c, 0xa6}, ...})
	D:/Go/src/6.824/src/labrpc/labrpc.go:420 +0x1fe
6.824/labrpc.(*Network).processReq.func1()
	D:/Go/src/6.824/src/labrpc/labrpc.go:240 +0x58
created by 6.824/labrpc.(*Network).processReq
	D:/Go/src/6.824/src/labrpc/labrpc.go:239 +0x1df

goroutine 279798 [runnable]:
sync.runtime_SemacquireMutex(0xc000a6eda0, 0x93, 0xe)
	D:/ProgramFiles/Go/src/runtime/sema.go:71 +0x25
sync.(*Mutex).lockSlow(0xc00097c3c0)
	D:/ProgramFiles/Go/src/sync/mutex.go:138 +0x165
sync.(*Mutex).Lock(...)
	D:/ProgramFiles/Go/src/sync/mutex.go:81
6.824/raft.(*Raft).lock(...)
	D:/Go/src/6.824/src/raft/raft.go:468
6.824/raft.(*Raft).receiveAppendReplay(0xc00097c3c0, 0x0, 0x2, 0xc000b6ab30)
	D:/Go/src/6.824/src/raft/raft.go:407 +0x5d
6.824/raft.(*Raft).sendMsg.func1(0x0)
	D:/Go/src/6.824/src/raft/raft.go:300 +0xad
created by 6.824/raft.(*Raft).sendMsg
	D:/Go/src/6.824/src/raft/raft.go:296 +0x44f

goroutine 279544 [semacquire]:
sync.runtime_SemacquireMutex(0x599ae7, 0xfe, 0x60)
	D:/ProgramFiles/Go/src/runtime/sema.go:71 +0x25
sync.(*Mutex).lockSlow(0xc000327900)
	D:/ProgramFiles/Go/src/sync/mutex.go:138 +0x165
sync.(*Mutex).Lock(...)
	D:/ProgramFiles/Go/src/sync/mutex.go:81
6.824/kvraft.(*KVServer).lock(...)
	D:/Go/src/6.824/src/kvraft/server.go:35
6.824/kvraft.(*KVServer).Do(0xc000327900, 0xc000f0fd40, 0xc000622768)
	D:/Go/src/6.824/src/kvraft/server.go:44 +0x79
reflect.Value.call({0xc000052180, 0xc000416a60, 0xc000cb3b10}, {0x6f34cd, 0x4}, {0xc000cb3c68, 0x3, 0xc000cb3b40})
	D:/ProgramFiles/Go/src/reflect/value.go:543 +0x814
reflect.Value.Call({0xc000052180, 0xc000416a60, 0xc0000079e8}, {0xc000cb3c68, 0x3, 0x3})
	D:/ProgramFiles/Go/src/reflect/value.go:339 +0xc5
6.824/labrpc.(*Service).dispatch(0xc001a98800, {0x6f4a02, 0x2}, {{0x6bf740, 0xc000496570}, {0x6f49f9, 0xb}, {0x742400, 0x6c7340}, {0xc00031a840, ...}, ...})
	D:/Go/src/6.824/src/labrpc/labrpc.go:496 +0x39d
6.824/labrpc.(*Server).dispatch(0xc0007e4498, {{0x6bf740, 0xc000496570}, {0x6f49f9, 0xb}, {0x742400, 0x6c7340}, {0xc00031a840, 0x5c, 0xa6}, ...})
	D:/Go/src/6.824/src/labrpc/labrpc.go:420 +0x1fe
6.824/labrpc.(*Network).processReq.func1()
	D:/Go/src/6.824/src/labrpc/labrpc.go:240 +0x58
created by 6.824/labrpc.(*Network).processReq
	D:/Go/src/6.824/src/labrpc/labrpc.go:239 +0x1df

goroutine 223204 [select]:
6.824/kvraft.(*Clerk).Execute(0xc00048f200, 0xc000d9bc80, 0xc000d9bc68)
	D:/Go/src/6.824/src/kvraft/client.go:52 +0x219
6.824/kvraft.(*Clerk).Append(0x8, {0x6fcd6e, 0xc000d9bd50}, {0xc000837308, 0xc000d9bd08})
	D:/Go/src/6.824/src/kvraft/client.go:103 +0x150
6.824/kvraft.Append(0xc00019e840, 0x2, {0x6fcd6e, 0x1}, {0xc000837308, 0x8}, 0xc000044920, 0x8)
	D:/Go/src/6.824/src/kvraft/test_test.go:77 +0xd5
6.824/kvraft.GenericTest.func1(0x8, 0xc0003462a0, 0xc000338000)
	D:/Go/src/6.824/src/kvraft/test_test.go:272 +0x587
6.824/kvraft.run_client(0x68bc52, 0xc00019e840, 0xc0000a84c0, 0x6, 0xc001029090)
	D:/Go/src/6.824/src/kvraft/test_test.go:103 +0xe4
created by 6.824/kvraft.spawn_clients_and_wait
	D:/Go/src/6.824/src/kvraft/test_test.go:113 +0x51

goroutine 279832 [semacquire]:
sync.runtime_SemacquireMutex(0xc00062b398, 0xbd, 0x60)
	D:/ProgramFiles/Go/src/runtime/sema.go:71 +0x25
sync.(*Mutex).lockSlow(0xc000327900)
	D:/ProgramFiles/Go/src/sync/mutex.go:138 +0x165
sync.(*Mutex).Lock(...)
	D:/ProgramFiles/Go/src/sync/mutex.go:81
6.824/kvraft.(*KVServer).lock(...)
	D:/Go/src/6.824/src/kvraft/server.go:35
6.824/kvraft.(*KVServer).Do(0xc000327900, 0xc0024f5290, 0xc000622cd8)
	D:/Go/src/6.824/src/kvraft/server.go:44 +0x79
reflect.Value.call({0xc000052180, 0xc000416a60, 0xc00062bb10}, {0x6f34cd, 0x4}, {0xc00062bc68, 0x3, 0xc00062bb40})
	D:/ProgramFiles/Go/src/reflect/value.go:543 +0x814
reflect.Value.Call({0xc000052180, 0xc000416a60, 0xc00053f658}, {0xc00062bc68, 0x3, 0x3})
	D:/ProgramFiles/Go/src/reflect/value.go:339 +0xc5
6.824/labrpc.(*Service).dispatch(0xc001a98800, {0x6f4a02, 0x2}, {{0x6bf740, 0xc000496b40}, {0x6f49f9, 0xb}, {0x742400, 0x6c7340}, {0xc0001c6900, ...}, ...})
	D:/Go/src/6.824/src/labrpc/labrpc.go:496 +0x39d
6.824/labrpc.(*Server).dispatch(0xc0007e4498, {{0x6bf740, 0xc000496b40}, {0x6f49f9, 0xb}, {0x742400, 0x6c7340}, {0xc0001c6900, 0x68, 0xb2}, ...})
	D:/Go/src/6.824/src/labrpc/labrpc.go:420 +0x1fe
6.824/labrpc.(*Network).processReq.func1()
	D:/Go/src/6.824/src/labrpc/labrpc.go:240 +0x58
created by 6.824/labrpc.(*Network).processReq
	D:/Go/src/6.824/src/labrpc/labrpc.go:239 +0x1df

goroutine 279767 [select]:
6.824/labrpc.(*Network).processReq(0xc0005680a0, {{0x6bf740, 0xc000a6edc0}, {0x6f5793, 0xe}, {0x742400, 0x6b78c0}, {0xc000078000, 0x28c, 0x642}, ...})
	D:/Go/src/6.824/src/labrpc/labrpc.go:251 +0x41c
created by 6.824/labrpc.MakeNetwork.func1
	D:/Go/src/6.824/src/labrpc/labrpc.go:157 +0x3e

goroutine 279493 [chan receive]:
6.824/labrpc.(*ClientEnd).Call(0xc000098e40, {0x6f5793, 0x742400}, {0x6b78c0, 0xc000f4de00}, {0x6b7900, 0xc000bd0c50})
	D:/Go/src/6.824/src/labrpc/labrpc.go:112 +0x26e
6.824/raft.(*Raft).sendAppendLog(...)
	D:/Go/src/6.824/src/raft/raft.go:455
6.824/raft.(*Raft).sendMsg.func1(0x1)
	D:/Go/src/6.824/src/raft/raft.go:298 +0x90
created by 6.824/raft.(*Raft).sendMsg
	D:/Go/src/6.824/src/raft/raft.go:296 +0x44f

goroutine 279835 [runnable]:
6.824/raft.(*Raft).receiveAppendReplay·dwrap·19()
	D:/Go/src/6.824/src/raft/raft.go:451
runtime.goexit()
	D:/ProgramFiles/Go/src/runtime/asm_amd64.s:1581 +0x1
created by 6.824/raft.(*Raft).receiveAppendReplay
	D:/Go/src/6.824/src/raft/raft.go:451 +0x2c5

goroutine 279533 [select]:
6.824/labrpc.(*Network).processReq(0xc0005680a0, {{0x6bf740, 0xc000385ff0}, {0x6f49f9, 0xb}, {0x742400, 0x6c7340}, {0xc00024c840, 0x5c, 0xa6}, ...})
	D:/Go/src/6.824/src/labrpc/labrpc.go:251 +0x41c
created by 6.824/labrpc.MakeNetwork.func1
	D:/Go/src/6.824/src/labrpc/labrpc.go:157 +0x3e

goroutine 279820 [runnable]:
6.824/raft.(*Raft).sendMsg·dwrap·13()
	D:/Go/src/6.824/src/raft/raft.go:296
runtime.goexit()
	D:/ProgramFiles/Go/src/runtime/asm_amd64.s:1581 +0x1
created by 6.824/raft.(*Raft).sendMsg
	D:/Go/src/6.824/src/raft/raft.go:296 +0x44f

goroutine 223212 [select]:
6.824/kvraft.(*Clerk).Execute(0xc00048f400, 0xc0008a7c80, 0xc0008a7c68)
	D:/Go/src/6.824/src/kvraft/client.go:52 +0x219
6.824/kvraft.(*Clerk).Append(0x9, {0x701d7e, 0xc0008a7d50}, {0xc001456b50, 0xc0008a7d08})
	D:/Go/src/6.824/src/kvraft/client.go:103 +0x150
6.824/kvraft.Append(0xc00019e840, 0x2, {0x701d7e, 0x2}, {0xc001456b50, 0x9}, 0xc000044920, 0x10)
	D:/Go/src/6.824/src/kvraft/test_test.go:77 +0xd5
6.824/kvraft.GenericTest.func1(0x10, 0xc000346ba0, 0xc000338000)
	D:/Go/src/6.824/src/kvraft/test_test.go:272 +0x587
6.824/kvraft.run_client(0xc00031a2c0, 0xc00019e840, 0x0, 0x0, 0xc001029090)
	D:/Go/src/6.824/src/kvraft/test_test.go:103 +0xe4
created by 6.824/kvraft.spawn_clients_and_wait
	D:/Go/src/6.824/src/kvraft/test_test.go:113 +0x51

goroutine 279761 [runnable]:
6.824/raft.(*Raft).sendMsg·dwrap·13()
	D:/Go/src/6.824/src/raft/raft.go:296
runtime.goexit()
	D:/ProgramFiles/Go/src/runtime/asm_amd64.s:1581 +0x1
created by 6.824/raft.(*Raft).sendMsg
	D:/Go/src/6.824/src/raft/raft.go:296 +0x44f

goroutine 279813 [runnable]:
6.824/raft.(*Raft).sendMsg·dwrap·13()
	D:/Go/src/6.824/src/raft/raft.go:296
runtime.goexit()
	D:/ProgramFiles/Go/src/runtime/asm_amd64.s:1581 +0x1
created by 6.824/raft.(*Raft).sendMsg
	D:/Go/src/6.824/src/raft/raft.go:296 +0x44f

goroutine 279559 [semacquire]:
sync.runtime_SemacquireMutex(0x4, 0x40, 0x3)
	D:/ProgramFiles/Go/src/runtime/sema.go:71 +0x25
sync.(*Mutex).lockSlow(0xc00097c2d0)
	D:/ProgramFiles/Go/src/sync/mutex.go:138 +0x165
sync.(*Mutex).Lock(...)
	D:/ProgramFiles/Go/src/sync/mutex.go:81
6.824/raft.(*Raft).lock(...)
	D:/Go/src/6.824/src/raft/raft.go:468
6.824/raft.(*Raft).AppendLog(0xc00097c2d0, 0xc0009281e0, 0xc000bd04f0)
	D:/Go/src/6.824/src/raft/raft.go:326 +0x72
reflect.Value.call({0xc000052300, 0xc000416758, 0xc00074fb10}, {0x6f34cd, 0x4}, {0xc00074fc68, 0x3, 0xc00074fb40})
	D:/ProgramFiles/Go/src/reflect/value.go:543 +0x814
reflect.Value.Call({0xc000052300, 0xc000416758, 0xc00053e000}, {0xc00074fc68, 0x3, 0x3})
	D:/ProgramFiles/Go/src/reflect/value.go:339 +0xc5
6.824/labrpc.(*Service).dispatch(0xc000749940, {0x6f5798, 0x9}, {{0x6bf740, 0xc000a6edc0}, {0x6f5793, 0xe}, {0x742400, 0x6b78c0}, {0xc000bcd8c0, ...}, ...})
	D:/Go/src/6.824/src/labrpc/labrpc.go:496 +0x39d
6.824/labrpc.(*Server).dispatch(0xc00069ff80, {{0x6bf740, 0xc000a6edc0}, {0x6f5793, 0xe}, {0x742400, 0x6b78c0}, {0xc000bcd8c0, 0x1fe, 0x28a}, ...})
	D:/Go/src/6.824/src/labrpc/labrpc.go:420 +0x1fe
6.824/labrpc.(*Network).processReq.func1()
	D:/Go/src/6.824/src/labrpc/labrpc.go:240 +0x58
created by 6.824/labrpc.(*Network).processReq
	D:/Go/src/6.824/src/labrpc/labrpc.go:239 +0x1df

goroutine 279812 [runnable]:
6.824/raft.(*Raft).sendMsg·dwrap·13()
	D:/Go/src/6.824/src/raft/raft.go:296
runtime.goexit()
	D:/ProgramFiles/Go/src/runtime/asm_amd64.s:1581 +0x1
created by 6.824/raft.(*Raft).sendMsg
	D:/Go/src/6.824/src/raft/raft.go:296 +0x44f

goroutine 223039 [select]:
6.824/kvraft.(*Clerk).Execute(0xc00048f080, 0xc0003d9c70, 0xc0003d9c58)
	D:/Go/src/6.824/src/kvraft/client.go:52 +0x219
6.824/kvraft.(*Clerk).Get(0xc0003d9cd8, {0x6fcd69, 0x8})
	D:/Go/src/6.824/src/kvraft/client.go:74 +0x127
6.824/kvraft.Get(0xc00019e840, 0x2, {0x6fcd69, 0x1}, 0xc000044920, 0x3)
	D:/Go/src/6.824/src/kvraft/test_test.go:43 +0xbb
6.824/kvraft.GenericTest.func1(0x3, 0xc0004e7ce0, 0xc000338000)
	D:/Go/src/6.824/src/kvraft/test_test.go:284 +0x3e5
6.824/kvraft.run_client(0xc00224bd70, 0xc00019e840, 0xc0003d9fd0, 0x68b20d, 0xc001029090)
	D:/Go/src/6.824/src/kvraft/test_test.go:103 +0xe4
created by 6.824/kvraft.spawn_clients_and_wait
	D:/Go/src/6.824/src/kvraft/test_test.go:113 +0x51

goroutine 279831 [select]:
6.824/labrpc.(*Network).processReq(0xc0005680a0, {{0x6bf740, 0xc000496b40}, {0x6f49f9, 0xb}, {0x742400, 0x6c7340}, {0xc0001c6900, 0x68, 0xb2}, ...})
	D:/Go/src/6.824/src/labrpc/labrpc.go:251 +0x41c
created by 6.824/labrpc.MakeNetwork.func1
	D:/Go/src/6.824/src/labrpc/labrpc.go:157 +0x3e

goroutine 279825 [runnable]:
6.824/raft.(*Raft).sendMsg·dwrap·13()
	D:/Go/src/6.824/src/raft/raft.go:296
runtime.goexit()
	D:/ProgramFiles/Go/src/runtime/asm_amd64.s:1581 +0x1
created by 6.824/raft.(*Raft).sendMsg
	D:/Go/src/6.824/src/raft/raft.go:296 +0x44f

goroutine 222389 [runnable]:
encoding/gob.encodeReflectValue(0xc000e66580, {0x6bf740, 0xc00018a500, 0x98}, 0x7095c0, 0x0)
	D:/ProgramFiles/Go/src/encoding/gob/encode.go:356 +0x13f
encoding/gob.(*Encoder).encodeMap(0xc0002c3a40, 0x6d6200, {0x6ca640, 0xc0010e9290, 0x53eb0c}, 0xc00066bb68, 0x4a00678a15, 0x3600000000857a40, 0x2)
	D:/ProgramFiles/Go/src/encoding/gob/encode.go:374 +0x298
encoding/gob.encOpFor.func3(0xc0003e2900, 0xc000e66540, {0x6ca640, 0xc0010e9290, 0xc00066bbc8})
	D:/ProgramFiles/Go/src/encoding/gob/encode.go:571 +0x185
encoding/gob.(*Encoder).encodeSingle(0x6ca640, 0xc0010e9290, 0xc0003cba80, {0x6ca640, 0xc0010e9290, 0xc00066bc38})
	D:/ProgramFiles/Go/src/encoding/gob/encode.go:301 +0x219
encoding/gob.(*Encoder).encode(0xc0002c3a40, 0xc0010e9a70, {0x6ca640, 0xc0010e9290, 0xc0003cba80}, 0xc0003cba80)
	D:/ProgramFiles/Go/src/encoding/gob/encode.go:703 +0x1ac
encoding/gob.(*Encoder).EncodeValue(0xc0002c3a40, {0x6ca640, 0xc0010e9290, 0x6ca640})
	D:/ProgramFiles/Go/src/encoding/gob/encoder.go:251 +0x42e
encoding/gob.(*Encoder).Encode(0x6ca640, {0x6ca640, 0xc0010e9290})
	D:/ProgramFiles/Go/src/encoding/gob/encoder.go:176 +0xa5
6.824/labgob.(*LabEncoder).Encode(0xc0003bf310, {0x6ca640, 0xc0010e9290})
	D:/Go/src/6.824/src/labgob/labgob.go:34 +0x45
6.824/kvraft.(*KVServer).SnapShot(0xc000327680)
	D:/Go/src/6.824/src/kvraft/server.go:104 +0x85
6.824/kvraft.(*KVServer).doExecute(0xc000327680)
	D:/Go/src/6.824/src/kvraft/server.go:153 +0x4f6
created by 6.824/kvraft.StartKVServer
	D:/Go/src/6.824/src/kvraft/server.go:198 +0x207

goroutine 279758 [runnable]:
6.824/raft.(*Raft).sendMsg·dwrap·13()
	D:/Go/src/6.824/src/raft/raft.go:296
runtime.goexit()
	D:/ProgramFiles/Go/src/runtime/asm_amd64.s:1581 +0x1
created by 6.824/raft.(*Raft).sendMsg
	D:/Go/src/6.824/src/raft/raft.go:296 +0x44f

goroutine 222392 [sleep]:
time.Sleep(0xf053700)
	D:/ProgramFiles/Go/src/runtime/time.go:193 +0x133
6.824/raft.(*Raft).electionTicker(0xc00097c4b0)
	D:/Go/src/6.824/src/raft/raft.go:622 +0x95
created by 6.824/raft.Make
	D:/Go/src/6.824/src/raft/raft.go:664 +0x2a7

goroutine 279528 [select]:
6.824/kvraft.(*KVServer).Do(0xc000327900, 0xc000b3a090, 0xc000448900)
	D:/Go/src/6.824/src/kvraft/server.go:71 +0x2f4
reflect.Value.call({0xc000052180, 0xc000416a60, 0xc000995b10}, {0x6f34cd, 0x4}, {0xc000995c68, 0x3, 0xc000995b40})
	D:/ProgramFiles/Go/src/reflect/value.go:543 +0x814
reflect.Value.Call({0xc000052180, 0xc000416a60, 0xc0003be178}, {0xc000995c68, 0x3, 0x3})
	D:/ProgramFiles/Go/src/reflect/value.go:339 +0xc5
6.824/labrpc.(*Service).dispatch(0xc001a98800, {0x6f4a02, 0x2}, {{0x6bf740, 0xc000385b60}, {0x6f49f9, 0xb}, {0x742400, 0x6c7340}, {0xc0001c6c00, ...}, ...})
	D:/Go/src/6.824/src/labrpc/labrpc.go:496 +0x39d
6.824/labrpc.(*Server).dispatch(0xc0007e4498, {{0x6bf740, 0xc000385b60}, {0x6f49f9, 0xb}, {0x742400, 0x6c7340}, {0xc0001c6c00, 0x68, 0xb2}, ...})
	D:/Go/src/6.824/src/labrpc/labrpc.go:420 +0x1fe
6.824/labrpc.(*Network).processReq.func1()
	D:/Go/src/6.824/src/labrpc/labrpc.go:240 +0x58
created by 6.824/labrpc.(*Network).processReq
	D:/Go/src/6.824/src/labrpc/labrpc.go:239 +0x1df

goroutine 223213 [select]:
6.824/kvraft.(*Clerk).Execute(0xc00048f440, 0xc000b21c70, 0xc000b21c58)
	D:/Go/src/6.824/src/kvraft/client.go:52 +0x219
6.824/kvraft.(*Clerk).Get(0xc000b21cd8, {0x701d80, 0x9})
	D:/Go/src/6.824/src/kvraft/client.go:74 +0x127
6.824/kvraft.Get(0xc00019e840, 0x2, {0x701d80, 0x2}, 0xc000044920, 0x11)
	D:/Go/src/6.824/src/kvraft/test_test.go:43 +0xbb
6.824/kvraft.GenericTest.func1(0x11, 0xc000346cc0, 0xc000338000)
	D:/Go/src/6.824/src/kvraft/test_test.go:284 +0x3e5
6.824/kvraft.run_client(0x68c252, 0xc00019e840, 0xc0003f64a0, 0x7, 0xc001029090)
	D:/Go/src/6.824/src/kvraft/test_test.go:103 +0xe4
created by 6.824/kvraft.spawn_clients_and_wait
	D:/Go/src/6.824/src/kvraft/test_test.go:113 +0x51

goroutine 279843 [select]:
6.824/labrpc.(*Network).processReq(0xc0005680a0, {{0x6bf740, 0xc000496420}, {0x6f49f9, 0xb}, {0x742400, 0x6c7340}, {0xc00024c160, 0x5c, 0xa6}, ...})
	D:/Go/src/6.824/src/labrpc/labrpc.go:251 +0x41c
created by 6.824/labrpc.MakeNetwork.func1
	D:/Go/src/6.824/src/labrpc/labrpc.go:157 +0x3e

goroutine 279650 [select]:
6.824/kvraft.(*KVServer).Do(0xc000327900, 0xc000597bf0, 0xc000cb7a70)
	D:/Go/src/6.824/src/kvraft/server.go:71 +0x2f4
reflect.Value.call({0xc000052180, 0xc000416a60, 0xc00058fb10}, {0x6f34cd, 0x4}, {0xc00058fc68, 0x3, 0xc00058fb40})
	D:/ProgramFiles/Go/src/reflect/value.go:543 +0x814
reflect.Value.Call({0xc000052180, 0xc000416a60, 0xc0007a9be0}, {0xc00058fc68, 0x3, 0x3})
	D:/ProgramFiles/Go/src/reflect/value.go:339 +0xc5
6.824/labrpc.(*Service).dispatch(0xc001a98800, {0x6f4a02, 0x2}, {{0x6bf740, 0xc000497190}, {0x6f49f9, 0xb}, {0x742400, 0x6c7340}, {0xc0004fe180, ...}, ...})
	D:/Go/src/6.824/src/labrpc/labrpc.go:496 +0x39d
6.824/labrpc.(*Server).dispatch(0xc0007e4498, {{0x6bf740, 0xc000497190}, {0x6f49f9, 0xb}, {0x742400, 0x6c7340}, {0xc0004fe180, 0x68, 0xb2}, ...})
	D:/Go/src/6.824/src/labrpc/labrpc.go:420 +0x1fe
6.824/labrpc.(*Network).processReq.func1()
	D:/Go/src/6.824/src/labrpc/labrpc.go:240 +0x58
created by 6.824/labrpc.(*Network).processReq
	D:/Go/src/6.824/src/labrpc/labrpc.go:239 +0x1df

goroutine 223207 [select]:
6.824/kvraft.(*Clerk).Execute(0xc00048f2c0, 0xc0009e5c80, 0xc0009e5c68)
	D:/Go/src/6.824/src/kvraft/client.go:52 +0x219
6.824/kvraft.(*Clerk).Append(0x9, {0x701d74, 0xc0009e5d50}, {0xc000bd1d10, 0xc0009e5d08})
	D:/Go/src/6.824/src/kvraft/client.go:103 +0x150
6.824/kvraft.Append(0xc00019e840, 0x2, {0x701d74, 0x2}, {0xc000bd1d10, 0x9}, 0xc000044920, 0xb)
	D:/Go/src/6.824/src/kvraft/test_test.go:77 +0xd5
6.824/kvraft.GenericTest.func1(0xb, 0xc000346600, 0xc000338000)
	D:/Go/src/6.824/src/kvraft/test_test.go:272 +0x587
6.824/kvraft.run_client(0xc0003ada20, 0xc00019e840, 0xc0009e5fd0, 0x68b20d, 0xc001029090)
	D:/Go/src/6.824/src/kvraft/test_test.go:103 +0xe4
created by 6.824/kvraft.spawn_clients_and_wait
	D:/Go/src/6.824/src/kvraft/test_test.go:113 +0x51

goroutine 222395 [chan receive]:
6.824/kvraft.(*KVServer).doExecute(0xc0000c8640)
	D:/Go/src/6.824/src/kvraft/server.go:123 +0x70
created by 6.824/kvraft.StartKVServer
	D:/Go/src/6.824/src/kvraft/server.go:198 +0x207

goroutine 223206 [select]:
6.824/kvraft.(*Clerk).Execute(0xc00048f280, 0xc000351c70, 0xc000351c58)
	D:/Go/src/6.824/src/kvraft/client.go:52 +0x219
6.824/kvraft.(*Clerk).Get(0xc000351cd8, {0x701d72, 0x9})
	D:/Go/src/6.824/src/kvraft/client.go:74 +0x127
6.824/kvraft.Get(0xc00019e840, 0x2, {0x701d72, 0x2}, 0xc000044920, 0xa)
	D:/Go/src/6.824/src/kvraft/test_test.go:43 +0xbb
6.824/kvraft.GenericTest.func1(0xa, 0xc0003464e0, 0xc000338000)
	D:/Go/src/6.824/src/kvraft/test_test.go:284 +0x3e5
6.824/kvraft.run_client(0xc0006b0840, 0xc00019e840, 0x28a, 0xc000aca0c0, 0xc001029090)
	D:/Go/src/6.824/src/kvraft/test_test.go:103 +0xe4
created by 6.824/kvraft.spawn_clients_and_wait
	D:/Go/src/6.824/src/kvraft/test_test.go:113 +0x51

goroutine 279740 [select]:
6.824/labrpc.(*Network).processReq(0xc0005680a0, {{0x6bf740, 0xc000a6edc0}, {0x6f5793, 0xe}, {0x742400, 0x6b78c0}, {0xc000983340, 0x25c, 0x28a}, ...})
	D:/Go/src/6.824/src/labrpc/labrpc.go:251 +0x41c
created by 6.824/labrpc.MakeNetwork.func1
	D:/Go/src/6.824/src/labrpc/labrpc.go:157 +0x3e

goroutine 279775 [chan receive]:
6.824/labrpc.(*ClientEnd).Call(0xc0003447a0, {0x6f49f9, 0xc000b79fd0}, {0x6c7340, 0xc000305f80}, {0x6b7480, 0xc0003aa858})
	D:/Go/src/6.824/src/labrpc/labrpc.go:112 +0x26e
6.824/kvraft.(*Clerk).Execute.func1(0x4, {0x1, {0x701d7a, 0x2}, {0x0, 0x0}, 0x91cdf81a, 0x85})
	D:/Go/src/6.824/src/kvraft/client.go:47 +0x11f
created by 6.824/kvraft.(*Clerk).Execute
	D:/Go/src/6.824/src/kvraft/client.go:45 +0x1b2

goroutine 279811 [runnable]:
6.824/raft.(*Raft).sendMsg·dwrap·13()
	D:/Go/src/6.824/src/raft/raft.go:296
runtime.goexit()
	D:/ProgramFiles/Go/src/runtime/asm_amd64.s:1581 +0x1
created by 6.824/raft.(*Raft).sendMsg
	D:/Go/src/6.824/src/raft/raft.go:296 +0x44f

goroutine 279776 [select]:
6.824/labrpc.(*Network).processReq(0xc0005680a0, {{0x6bf740, 0xc000496f20}, {0x6f49f9, 0xb}, {0x742400, 0x6c7340}, {0xc00024c0b0, 0x5d, 0xa7}, ...})
	D:/Go/src/6.824/src/labrpc/labrpc.go:251 +0x41c
created by 6.824/labrpc.MakeNetwork.func1
	D:/Go/src/6.824/src/labrpc/labrpc.go:157 +0x3e

goroutine 279527 [select]:
6.824/labrpc.(*Network).processReq(0xc0005680a0, {{0x6bf740, 0xc000385b60}, {0x6f49f9, 0xb}, {0x742400, 0x6c7340}, {0xc0001c6c00, 0x68, 0xb2}, ...})
	D:/Go/src/6.824/src/labrpc/labrpc.go:251 +0x41c
created by 6.824/labrpc.MakeNetwork.func1
	D:/Go/src/6.824/src/labrpc/labrpc.go:157 +0x3e

goroutine 279541 [select]:
6.824/kvraft.(*KVServer).Do(0xc000327900, 0xc000f0f890, 0xc0006224b0)
	D:/Go/src/6.824/src/kvraft/server.go:71 +0x2f4
reflect.Value.call({0xc000052180, 0xc000416a60, 0xc000cabb10}, {0x6f34cd, 0x4}, {0xc000cabc68, 0x3, 0xc000cabb40})
	D:/ProgramFiles/Go/src/reflect/value.go:543 +0x814
reflect.Value.Call({0xc000052180, 0xc000416a60, 0xc0000078c0}, {0xc000cabc68, 0x3, 0x3})
	D:/ProgramFiles/Go/src/reflect/value.go:339 +0xc5
6.824/labrpc.(*Service).dispatch(0xc001a98800, {0x6f4a02, 0x2}, {{0x6bf740, 0xc000496c90}, {0x6f49f9, 0xb}, {0x742400, 0x6c7340}, {0xc00031a4d0, ...}, ...})
	D:/Go/src/6.824/src/labrpc/labrpc.go:496 +0x39d
6.824/labrpc.(*Server).dispatch(0xc0007e4498, {{0x6bf740, 0xc000496c90}, {0x6f49f9, 0xb}, {0x742400, 0x6c7340}, {0xc00031a4d0, 0x5d, 0xa7}, ...})
	D:/Go/src/6.824/src/labrpc/labrpc.go:420 +0x1fe
6.824/labrpc.(*Network).processReq.func1()
	D:/Go/src/6.824/src/labrpc/labrpc.go:240 +0x58
created by 6.824/labrpc.(*Network).processReq
	D:/Go/src/6.824/src/labrpc/labrpc.go:239 +0x1df

goroutine 279823 [runnable]:
6.824/raft.(*Raft).sendMsg·dwrap·13()
	D:/Go/src/6.824/src/raft/raft.go:296
runtime.goexit()
	D:/ProgramFiles/Go/src/runtime/asm_amd64.s:1581 +0x1
created by 6.824/raft.(*Raft).sendMsg
	D:/Go/src/6.824/src/raft/raft.go:296 +0x44f

goroutine 279571 [select]:
6.824/labrpc.(*Network).processReq(0xc0005680a0, {{0x6bf740, 0xc000496830}, {0x6f49f9, 0xb}, {0x742400, 0x6c7340}, {0xc00030b290, 0x5c, 0xa6}, ...})
	D:/Go/src/6.824/src/labrpc/labrpc.go:251 +0x41c
created by 6.824/labrpc.MakeNetwork.func1
	D:/Go/src/6.824/src/labrpc/labrpc.go:157 +0x3e

goroutine 279519 [chan receive]:
6.824/labrpc.(*ClientEnd).Call(0xc000098e40, {0x6f5793, 0x742400}, {0x6b78c0, 0xc000d91b60}, {0x6b7900, 0xc0013d4e00})
	D:/Go/src/6.824/src/labrpc/labrpc.go:112 +0x26e
6.824/raft.(*Raft).sendAppendLog(...)
	D:/Go/src/6.824/src/raft/raft.go:455
6.824/raft.(*Raft).sendMsg.func1(0x1)
	D:/Go/src/6.824/src/raft/raft.go:298 +0x90
created by 6.824/raft.(*Raft).sendMsg
	D:/Go/src/6.824/src/raft/raft.go:296 +0x44f

goroutine 279816 [runnable]:
6.824/raft.(*Raft).sendMsg·dwrap·13()
	D:/Go/src/6.824/src/raft/raft.go:296
runtime.goexit()
	D:/ProgramFiles/Go/src/runtime/asm_amd64.s:1581 +0x1
created by 6.824/raft.(*Raft).sendMsg
	D:/Go/src/6.824/src/raft/raft.go:296 +0x44f

goroutine 222394 [sleep]:
time.Sleep(0xd1cef00)
	D:/ProgramFiles/Go/src/runtime/time.go:193 +0x133
6.824/raft.(*Raft).electionTicker(0xc00097c5a0)
	D:/Go/src/6.824/src/raft/raft.go:622 +0x95
created by 6.824/raft.Make
	D:/Go/src/6.824/src/raft/raft.go:664 +0x2a7

goroutine 279824 [runnable]:
6.824/raft.(*Raft).sendMsg·dwrap·13()
	D:/Go/src/6.824/src/raft/raft.go:296
runtime.goexit()
	D:/ProgramFiles/Go/src/runtime/asm_amd64.s:1581 +0x1
created by 6.824/raft.(*Raft).sendMsg
	D:/Go/src/6.824/src/raft/raft.go:296 +0x44f

goroutine 279491 [select]:
6.824/kvraft.(*KVServer).Do(0xc000327900, 0xc000f0e690, 0xc00045eb70)
	D:/Go/src/6.824/src/kvraft/server.go:71 +0x2f4
reflect.Value.call({0xc000052180, 0xc000416a60, 0xc00066fb10}, {0x6f34cd, 0x4}, {0xc00066fc68, 0x3, 0xc00066fb40})
	D:/ProgramFiles/Go/src/reflect/value.go:543 +0x814
reflect.Value.Call({0xc000052180, 0xc000416a60, 0xc000007498}, {0xc00066fc68, 0x3, 0x3})
	D:/ProgramFiles/Go/src/reflect/value.go:339 +0xc5
6.824/labrpc.(*Service).dispatch(0xc001a98800, {0x6f4a02, 0x2}, {{0x6bf740, 0xc000496130}, {0x6f49f9, 0xb}, {0x742400, 0x6c7340}, {0xc00031a210, ...}, ...})
	D:/Go/src/6.824/src/labrpc/labrpc.go:496 +0x39d
6.824/labrpc.(*Server).dispatch(0xc0007e4498, {{0x6bf740, 0xc000496130}, {0x6f49f9, 0xb}, {0x742400, 0x6c7340}, {0xc00031a210, 0x5c, 0xa6}, ...})
	D:/Go/src/6.824/src/labrpc/labrpc.go:420 +0x1fe
6.824/labrpc.(*Network).processReq.func1()
	D:/Go/src/6.824/src/labrpc/labrpc.go:240 +0x58
created by 6.824/labrpc.(*Network).processReq
	D:/Go/src/6.824/src/labrpc/labrpc.go:239 +0x1df

goroutine 279818 [runnable]:
6.824/raft.(*Raft).sendMsg·dwrap·13()
	D:/Go/src/6.824/src/raft/raft.go:296
runtime.goexit()
	D:/ProgramFiles/Go/src/runtime/asm_amd64.s:1581 +0x1
created by 6.824/raft.(*Raft).sendMsg
	D:/Go/src/6.824/src/raft/raft.go:296 +0x44f

goroutine 279540 [select]:
6.824/labrpc.(*Network).processReq(0xc0005680a0, {{0x6bf740, 0xc000496c90}, {0x6f49f9, 0xb}, {0x742400, 0x6c7340}, {0xc00031a4d0, 0x5d, 0xa7}, ...})
	D:/Go/src/6.824/src/labrpc/labrpc.go:251 +0x41c
created by 6.824/labrpc.MakeNetwork.func1
	D:/Go/src/6.824/src/labrpc/labrpc.go:157 +0x3e

goroutine 279819 [runnable]:
6.824/raft.(*Raft).sendMsg·dwrap·13()
	D:/Go/src/6.824/src/raft/raft.go:296
runtime.goexit()
	D:/ProgramFiles/Go/src/runtime/asm_amd64.s:1581 +0x1
created by 6.824/raft.(*Raft).sendMsg
	D:/Go/src/6.824/src/raft/raft.go:296 +0x44f

goroutine 279518 [runnable]:
sync.runtime_SemacquireMutex(0xc000a6eda0, 0x93, 0xe)
	D:/ProgramFiles/Go/src/runtime/sema.go:71 +0x25
sync.(*Mutex).lockSlow(0xc00097c3c0)
	D:/ProgramFiles/Go/src/sync/mutex.go:138 +0x165
sync.(*Mutex).Lock(...)
	D:/ProgramFiles/Go/src/sync/mutex.go:81
6.824/raft.(*Raft).lock(...)
	D:/Go/src/6.824/src/raft/raft.go:468
6.824/raft.(*Raft).receiveAppendReplay(0xc00097c3c0, 0x0, 0x2, 0xc00224abf0)
	D:/Go/src/6.824/src/raft/raft.go:407 +0x5d
6.824/raft.(*Raft).sendMsg.func1(0x0)
	D:/Go/src/6.824/src/raft/raft.go:300 +0xad
created by 6.824/raft.(*Raft).sendMsg
	D:/Go/src/6.824/src/raft/raft.go:296 +0x44f

goroutine 279788 [semacquire]:
sync.runtime_SemacquireMutex(0x4, 0x40, 0x3)
	D:/ProgramFiles/Go/src/runtime/sema.go:71 +0x25
sync.(*Mutex).lockSlow(0xc00097c2d0)
	D:/ProgramFiles/Go/src/sync/mutex.go:138 +0x165
sync.(*Mutex).Lock(...)
	D:/ProgramFiles/Go/src/sync/mutex.go:81
6.824/raft.(*Raft).lock(...)
	D:/Go/src/6.824/src/raft/raft.go:468
6.824/raft.(*Raft).AppendLog(0xc00097c2d0, 0xc000559da0, 0xc00261a210)
	D:/Go/src/6.824/src/raft/raft.go:326 +0x72
reflect.Value.call({0xc000052300, 0xc000416758, 0xc000ca7b10}, {0x6f34cd, 0x4}, {0xc000ca7c68, 0x3, 0xc000ca7b40})
	D:/ProgramFiles/Go/src/reflect/value.go:543 +0x814
reflect.Value.Call({0xc000052300, 0xc000416758, 0xc0000078b8}, {0xc000ca7c68, 0x3, 0x3})
	D:/ProgramFiles/Go/src/reflect/value.go:339 +0xc5
6.824/labrpc.(*Service).dispatch(0xc000749940, {0x6f5798, 0x9}, {{0x6bf740, 0xc000a6edc0}, {0x6f5793, 0xe}, {0x742400, 0x6b78c0}, {0xc000987500, ...}, ...})
	D:/Go/src/6.824/src/labrpc/labrpc.go:496 +0x39d
6.824/labrpc.(*Server).dispatch(0xc00069ff80, {{0x6bf740, 0xc000a6edc0}, {0x6f5793, 0xe}, {0x742400, 0x6b78c0}, {0xc000987500, 0x32f9, 0x3471}, ...})
	D:/Go/src/6.824/src/labrpc/labrpc.go:420 +0x1fe
6.824/labrpc.(*Network).processReq.func1()
	D:/Go/src/6.824/src/labrpc/labrpc.go:240 +0x58
created by 6.824/labrpc.(*Network).processReq
	D:/Go/src/6.824/src/labrpc/labrpc.go:239 +0x1df

goroutine 279558 [select]:
6.824/labrpc.(*Network).processReq(0xc0005680a0, {{0x6bf740, 0xc000a6edc0}, {0x6f5793, 0xe}, {0x742400, 0x6b78c0}, {0xc000bcd8c0, 0x1fe, 0x28a}, ...})
	D:/Go/src/6.824/src/labrpc/labrpc.go:251 +0x41c
created by 6.824/labrpc.MakeNetwork.func1
	D:/Go/src/6.824/src/labrpc/labrpc.go:157 +0x3e

goroutine 223038 [select]:
6.824/kvraft.(*Clerk).Execute(0xc00048f040, 0xc000f3bc70, 0xc000f3bc58)
	D:/Go/src/6.824/src/kvraft/client.go:52 +0x219
6.824/kvraft.(*Clerk).Get(0xc000f3bcd8, {0x6fcd68, 0x8})
	D:/Go/src/6.824/src/kvraft/client.go:74 +0x127
6.824/kvraft.Get(0xc00019e840, 0x2, {0x6fcd68, 0x1}, 0xc000044920, 0x2)
	D:/Go/src/6.824/src/kvraft/test_test.go:43 +0xbb
6.824/kvraft.GenericTest.func1(0x2, 0xc0004e7bc0, 0xc000338000)
	D:/Go/src/6.824/src/kvraft/test_test.go:284 +0x3e5
6.824/kvraft.run_client(0x68c252, 0xc00019e840, 0xc0005a5a40, 0xd, 0xc001029090)
	D:/Go/src/6.824/src/kvraft/test_test.go:103 +0xe4
created by 6.824/kvraft.spawn_clients_and_wait
	D:/Go/src/6.824/src/kvraft/test_test.go:113 +0x51

goroutine 223209 [select]:
6.824/kvraft.(*Clerk).Execute(0xc00048f340, 0xc0011bdc70, 0xc0011bdc58)
	D:/Go/src/6.824/src/kvraft/client.go:52 +0x219
6.824/kvraft.(*Clerk).Get(0xc0011bdcd8, {0x701d78, 0x9})
	D:/Go/src/6.824/src/kvraft/client.go:74 +0x127
6.824/kvraft.Get(0xc00019e840, 0x2, {0x701d78, 0x2}, 0xc000044920, 0xd)
	D:/Go/src/6.824/src/kvraft/test_test.go:43 +0xbb
6.824/kvraft.GenericTest.func1(0xd, 0xc000346840, 0xc000338000)
	D:/Go/src/6.824/src/kvraft/test_test.go:284 +0x3e5
6.824/kvraft.run_client(0xc000aca2a0, 0xc00019e840, 0xc0011bdfd0, 0x68b20d, 0xc001029090)
	D:/Go/src/6.824/src/kvraft/test_test.go:103 +0xe4
created by 6.824/kvraft.spawn_clients_and_wait
	D:/Go/src/6.824/src/kvraft/test_test.go:113 +0x51

goroutine 222387 [chan receive]:
6.824/kvraft.(*KVServer).doExecute(0xc0003274f0)
	D:/Go/src/6.824/src/kvraft/server.go:123 +0x70
created by 6.824/kvraft.StartKVServer
	D:/Go/src/6.824/src/kvraft/server.go:198 +0x207

goroutine 279756 [runnable]:
6.824/raft.(*Raft).sendMsg·dwrap·13()
	D:/Go/src/6.824/src/raft/raft.go:296
runtime.goexit()
	D:/ProgramFiles/Go/src/runtime/asm_amd64.s:1581 +0x1
created by 6.824/raft.(*Raft).sendMsg
	D:/Go/src/6.824/src/raft/raft.go:296 +0x44f

goroutine 279787 [select]:
6.824/labrpc.(*Network).processReq(0xc0005680a0, {{0x6bf740, 0xc000a6edc0}, {0x6f5793, 0xe}, {0x742400, 0x6b78c0}, {0xc000987500, 0x32f9, 0x3471}, ...})
	D:/Go/src/6.824/src/labrpc/labrpc.go:251 +0x41c
created by 6.824/labrpc.MakeNetwork.func1
	D:/Go/src/6.824/src/labrpc/labrpc.go:157 +0x3e

goroutine 222388 [sleep]:
time.Sleep(0xc1988c0)
	D:/ProgramFiles/Go/src/runtime/time.go:193 +0x133
6.824/raft.(*Raft).electionTicker(0xc00097c2d0)
	D:/Go/src/6.824/src/raft/raft.go:622 +0x95
created by 6.824/raft.Make
	D:/Go/src/6.824/src/raft/raft.go:664 +0x2a7

goroutine 279316 [select]:
6.824/labrpc.(*Network).processReq(0xc0005680a0, {{0x6bf740, 0xc000496e10}, {0x6f49f9, 0xb}, {0x742400, 0x6c7340}, {0xc00031a160, 0x5d, 0xa7}, ...})
	D:/Go/src/6.824/src/labrpc/labrpc.go:251 +0x41c
created by 6.824/labrpc.MakeNetwork.func1
	D:/Go/src/6.824/src/labrpc/labrpc.go:157 +0x3e

goroutine 279700 [chan receive]:
6.824/labrpc.(*ClientEnd).Call(0xc000344aa0, {0x6f49f9, 0xc0003c38c0}, {0x6c7340, 0xc00029c180}, {0x6b7480, 0xc000422eb8})
	D:/Go/src/6.824/src/labrpc/labrpc.go:112 +0x26e
6.824/kvraft.(*Clerk).Execute.func1(0x0, {0x3, {0x701d82, 0x2}, {0xc001456cc0, 0x9}, 0x31bded68, 0x8d})
	D:/Go/src/6.824/src/kvraft/client.go:47 +0x11f
created by 6.824/kvraft.(*Clerk).Execute
	D:/Go/src/6.824/src/kvraft/client.go:45 +0x1b2

goroutine 279470 [select]:
6.824/labrpc.(*Network).processReq(0xc0005680a0, {{0x6bf740, 0xc000385d80}, {0x6f49f9, 0xb}, {0x742400, 0x6c7340}, {0xc00030b1e0, 0x5c, 0xa6}, ...})
	D:/Go/src/6.824/src/labrpc/labrpc.go:251 +0x41c
created by 6.824/labrpc.MakeNetwork.func1
	D:/Go/src/6.824/src/labrpc/labrpc.go:157 +0x3e

goroutine 279469 [chan receive]:
6.824/labrpc.(*ClientEnd).Call(0xc0005d3de0, {0x6f49f9, 0xc000f01fa0}, {0x6c7340, 0xc000c9e660}, {0x6b7480, 0xc000d78ac8})
	D:/Go/src/6.824/src/labrpc/labrpc.go:112 +0x26e
6.824/kvraft.(*Clerk).Execute.func1(0x1, {0x1, {0x6fcd67, 0x1}, {0x0, 0x0}, 0xd28c525d, 0x8d})
	D:/Go/src/6.824/src/kvraft/client.go:47 +0x11f
created by 6.824/kvraft.(*Clerk).Execute
	D:/Go/src/6.824/src/kvraft/client.go:45 +0x1b2

goroutine 279815 [runnable]:
reflect.Value.NumField({0x6e5ce0, 0xc00008d380, 0x199})
	D:/ProgramFiles/Go/src/reflect/value.go:1709 +0xb0
encoding/gob.(*Encoder).encodeStruct(0xc0004d9e00, 0xc0004d9e38, 0xc0001860d8, {0x6e5ce0, 0xc00008d380, 0x8b0000c000da9a58})
	D:/ProgramFiles/Go/src/encoding/gob/encode.go:315 +0x20e
encoding/gob.(*Encoder).encode(0xc0004d9e00, 0x5a33e9, {0x6c7640, 0xc00008d380, 0x66ff57}, 0xc0000514c0)
	D:/ProgramFiles/Go/src/encoding/gob/encode.go:701 +0x1d7
encoding/gob.(*Encoder).sendActualType(0xc0004d9e00, {0x73a340, 0xc000275cb0}, 0xc000b9a740, 0xc00008d300, {0x742400, 0x6e65e0})
	D:/ProgramFiles/Go/src/encoding/gob/encoder.go:106 +0x1cd
encoding/gob.(*Encoder).sendType(0x38, {0x73a340, 0xc000275cb0}, 0xc000040800, {0x742400, 0x6e65e0})
	D:/ProgramFiles/Go/src/encoding/gob/encoder.go:169 +0x105
encoding/gob.(*Encoder).sendTypeDescriptor(0xc0004d9e00, {0x73a340, 0xc000275cb0}, 0x20, 0xc00008d280)
	D:/ProgramFiles/Go/src/encoding/gob/encoder.go:191 +0xa5
encoding/gob.(*Encoder).EncodeValue(0xc0004d9e00, {0x6b78c0, 0xc0007f3b60, 0x6b78c0})
	D:/ProgramFiles/Go/src/encoding/gob/encoder.go:244 +0x3b9
encoding/gob.(*Encoder).Encode(0x6b78c0, {0x6b78c0, 0xc0007f3b60})
	D:/ProgramFiles/Go/src/encoding/gob/encoder.go:176 +0xa5
6.824/labgob.(*LabEncoder).Encode(0xc0007a8340, {0x6b78c0, 0xc0007f3b60})
	D:/Go/src/6.824/src/labgob/labgob.go:34 +0x45
6.824/labrpc.(*ClientEnd).Call(0xc000098e80, {0x6f5793, 0x742400}, {0x6b78c0, 0xc0007f3b60}, {0x6b7900, 0xc00261b090})
	D:/Go/src/6.824/src/labrpc/labrpc.go:93 +0x125
6.824/raft.(*Raft).sendAppendLog(...)
	D:/Go/src/6.824/src/raft/raft.go:455
6.824/raft.(*Raft).sendMsg.func1(0x3)
	D:/Go/src/6.824/src/raft/raft.go:298 +0x90
created by 6.824/raft.(*Raft).sendMsg
	D:/Go/src/6.824/src/raft/raft.go:296 +0x44f

goroutine 279610 [chan receive]:
6.824/labrpc.(*ClientEnd).Call(0xc0003440e0, {0x6f49f9, 0x6b78c0}, {0x6c7340, 0xc0005543c0}, {0x6b7480, 0xc000cb7428})
	D:/Go/src/6.824/src/labrpc/labrpc.go:112 +0x26e
6.824/kvraft.(*Clerk).Execute.func1(0x4, {0x1, {0x6fcd6b, 0x1}, {0x0, 0x0}, 0xcc76b21c, 0x8b})
	D:/Go/src/6.824/src/kvraft/client.go:47 +0x11f
created by 6.824/kvraft.(*Clerk).Execute
	D:/Go/src/6.824/src/kvraft/client.go:45 +0x1b2

goroutine 279537 [select]:
6.824/kvraft.(*KVServer).Do(0xc000327900, 0xc000b3afc0, 0xc000449428)
	D:/Go/src/6.824/src/kvraft/server.go:71 +0x2f4
reflect.Value.call({0xc000052180, 0xc000416a60, 0xc000647b10}, {0x6f34cd, 0x4}, {0xc000647c68, 0x3, 0xc000647b40})
	D:/ProgramFiles/Go/src/reflect/value.go:543 +0x814
reflect.Value.Call({0xc000052180, 0xc000416a60, 0xc0003be4f0}, {0xc000647c68, 0x3, 0x3})
	D:/ProgramFiles/Go/src/reflect/value.go:339 +0xc5
6.824/labrpc.(*Service).dispatch(0xc001a98800, {0x6f4a02, 0x2}, {{0x6bf740, 0xc000385ed0}, {0x6f49f9, 0xb}, {0x742400, 0x6c7340}, {0xc00024c9a0, ...}, ...})
	D:/Go/src/6.824/src/labrpc/labrpc.go:496 +0x39d
6.824/labrpc.(*Server).dispatch(0xc0007e4498, {{0x6bf740, 0xc000385ed0}, {0x6f49f9, 0xb}, {0x742400, 0x6c7340}, {0xc00024c9a0, 0x5c, 0xa6}, ...})
	D:/Go/src/6.824/src/labrpc/labrpc.go:420 +0x1fe
6.824/labrpc.(*Network).processReq.func1()
	D:/Go/src/6.824/src/labrpc/labrpc.go:240 +0x58
created by 6.824/labrpc.(*Network).processReq
	D:/Go/src/6.824/src/labrpc/labrpc.go:239 +0x1df

goroutine 279848 [runnable]:
6.824/kvraft.(*KVServer).SnapShot·dwrap·16()
	D:/Go/src/6.824/src/kvraft/server.go:107
runtime.goexit()
	D:/ProgramFiles/Go/src/runtime/asm_amd64.s:1581 +0x1
created by 6.824/kvraft.(*KVServer).SnapShot
	D:/Go/src/6.824/src/kvraft/server.go:107 +0x185

goroutine 279737 [select]:
6.824/labrpc.(*Network).processReq(0xc0005680a0, {{0x6bf740, 0xc000a6edc0}, {0x6f5793, 0xe}, {0x742400, 0x6b78c0}, {0xc0009822c0, 0x25a, 0x28a}, ...})
	D:/Go/src/6.824/src/labrpc/labrpc.go:251 +0x41c
created by 6.824/labrpc.MakeNetwork.func1
	D:/Go/src/6.824/src/labrpc/labrpc.go:157 +0x3e

goroutine 279545 [select]:
6.824/kvraft.(*KVServer).Do(0xc000327900, 0xc0000f9da0, 0xc00069e318)
	D:/Go/src/6.824/src/kvraft/server.go:71 +0x2f4
reflect.Value.call({0xc000052180, 0xc000416a60, 0xc000ea5b10}, {0x6f34cd, 0x4}, {0xc000ea5c68, 0x3, 0xc000ea5b40})
	D:/ProgramFiles/Go/src/reflect/value.go:543 +0x814
reflect.Value.Call({0xc000052180, 0xc000416a60, 0xc0000060d0}, {0xc000ea5c68, 0x3, 0x3})
	D:/ProgramFiles/Go/src/reflect/value.go:339 +0xc5
6.824/labrpc.(*Service).dispatch(0xc001a98800, {0x6f4a02, 0x2}, {{0x6bf740, 0xc000496e10}, {0x6f49f9, 0xb}, {0x742400, 0x6c7340}, {0xc00031a160, ...}, ...})
	D:/Go/src/6.824/src/labrpc/labrpc.go:496 +0x39d
6.824/labrpc.(*Server).dispatch(0xc0007e4498, {{0x6bf740, 0xc000496e10}, {0x6f49f9, 0xb}, {0x742400, 0x6c7340}, {0xc00031a160, 0x5d, 0xa7}, ...})
	D:/Go/src/6.824/src/labrpc/labrpc.go:420 +0x1fe
6.824/labrpc.(*Network).processReq.func1()
	D:/Go/src/6.824/src/labrpc/labrpc.go:240 +0x58
created by 6.824/labrpc.(*Network).processReq
	D:/Go/src/6.824/src/labrpc/labrpc.go:239 +0x1df

goroutine 279814 [runnable]:
6.824/raft.(*Raft).sendMsg·dwrap·13()
	D:/Go/src/6.824/src/raft/raft.go:296
runtime.goexit()
	D:/ProgramFiles/Go/src/runtime/asm_amd64.s:1581 +0x1
created by 6.824/raft.(*Raft).sendMsg
	D:/Go/src/6.824/src/raft/raft.go:296 +0x44f

goroutine 279850 [runnable]:
6.824/kvraft.(*KVServer).SnapShot·dwrap·16()
	D:/Go/src/6.824/src/kvraft/server.go:107
runtime.goexit()
	D:/ProgramFiles/Go/src/runtime/asm_amd64.s:1581 +0x1
created by 6.824/kvraft.(*KVServer).SnapShot
	D:/Go/src/6.824/src/kvraft/server.go:107 +0x185

goroutine 279534 [select]:
6.824/kvraft.(*KVServer).Do(0xc000327900, 0xc000b3aa80, 0xc0004490c8)
	D:/Go/src/6.824/src/kvraft/server.go:71 +0x2f4
reflect.Value.call({0xc000052180, 0xc000416a60, 0xc000753b10}, {0x6f34cd, 0x4}, {0xc000753c68, 0x3, 0xc000753b40})
	D:/ProgramFiles/Go/src/reflect/value.go:543 +0x814
reflect.Value.Call({0xc000052180, 0xc000416a60, 0xc0003be3c8}, {0xc000753c68, 0x3, 0x3})
	D:/ProgramFiles/Go/src/reflect/value.go:339 +0xc5
6.824/labrpc.(*Service).dispatch(0xc001a98800, {0x6f4a02, 0x2}, {{0x6bf740, 0xc000385ff0}, {0x6f49f9, 0xb}, {0x742400, 0x6c7340}, {0xc00024c840, ...}, ...})
	D:/Go/src/6.824/src/labrpc/labrpc.go:496 +0x39d
6.824/labrpc.(*Server).dispatch(0xc0007e4498, {{0x6bf740, 0xc000385ff0}, {0x6f49f9, 0xb}, {0x742400, 0x6c7340}, {0xc00024c840, 0x5c, 0xa6}, ...})
	D:/Go/src/6.824/src/labrpc/labrpc.go:420 +0x1fe
6.824/labrpc.(*Network).processReq.func1()
	D:/Go/src/6.824/src/labrpc/labrpc.go:240 +0x58
created by 6.824/labrpc.(*Network).processReq
	D:/Go/src/6.824/src/labrpc/labrpc.go:239 +0x1df

goroutine 279842 [chan receive]:
6.824/labrpc.(*ClientEnd).Call(0xc0003441a0, {0x6f49f9, 0xc0003bee88}, {0x6c7340, 0xc000eb0d20}, {0x6b7480, 0xc0003aad98})
	D:/Go/src/6.824/src/labrpc/labrpc.go:112 +0x26e
6.824/kvraft.(*Clerk).Execute.func1(0x2, {0x1, {0x6fcd6c, 0x1}, {0x0, 0x0}, 0x31f0d012, 0x97})
	D:/Go/src/6.824/src/kvraft/client.go:47 +0x11f
created by 6.824/kvraft.(*Clerk).Execute
	D:/Go/src/6.824/src/kvraft/client.go:45 +0x1b2

goroutine 279817 [runnable]:
6.824/raft.(*Raft).sendMsg·dwrap·13()
	D:/Go/src/6.824/src/raft/raft.go:296
runtime.goexit()
	D:/ProgramFiles/Go/src/runtime/asm_amd64.s:1581 +0x1
created by 6.824/raft.(*Raft).sendMsg
	D:/Go/src/6.824/src/raft/raft.go:296 +0x44f

goroutine 279768 [semacquire]:
sync.runtime_SemacquireMutex(0x4, 0x40, 0x3)
	D:/ProgramFiles/Go/src/runtime/sema.go:71 +0x25
sync.(*Mutex).lockSlow(0xc00097c2d0)
	D:/ProgramFiles/Go/src/sync/mutex.go:138 +0x165
sync.(*Mutex).Lock(...)
	D:/ProgramFiles/Go/src/sync/mutex.go:81
6.824/raft.(*Raft).lock(...)
	D:/Go/src/6.824/src/raft/raft.go:468
6.824/raft.(*Raft).AppendLog(0xc00097c2d0, 0xc000d69f80, 0xc0013d51d0)
	D:/Go/src/6.824/src/raft/raft.go:326 +0x72
reflect.Value.call({0xc000052300, 0xc000416758, 0xc00073db10}, {0x6f34cd, 0x4}, {0xc00073dc68, 0x3, 0xc00073db40})
	D:/ProgramFiles/Go/src/reflect/value.go:543 +0x814
reflect.Value.Call({0xc000052300, 0xc000416758, 0xc0003be780}, {0xc00073dc68, 0x3, 0x3})
	D:/ProgramFiles/Go/src/reflect/value.go:339 +0xc5
6.824/labrpc.(*Service).dispatch(0xc000749940, {0x6f5798, 0x9}, {{0x6bf740, 0xc000a6edc0}, {0x6f5793, 0xe}, {0x742400, 0x6b78c0}, {0xc000078000, ...}, ...})
	D:/Go/src/6.824/src/labrpc/labrpc.go:496 +0x39d
6.824/labrpc.(*Server).dispatch(0xc00069ff80, {{0x6bf740, 0xc000a6edc0}, {0x6f5793, 0xe}, {0x742400, 0x6b78c0}, {0xc000078000, 0x28c, 0x642}, ...})
	D:/Go/src/6.824/src/labrpc/labrpc.go:420 +0x1fe
6.824/labrpc.(*Network).processReq.func1()
	D:/Go/src/6.824/src/labrpc/labrpc.go:240 +0x58
created by 6.824/labrpc.(*Network).processReq
	D:/Go/src/6.824/src/labrpc/labrpc.go:239 +0x1df

goroutine 279701 [select]:
6.824/labrpc.(*Network).processReq(0xc0005680a0, {{0x6bf740, 0xc0004973f0}, {0x6f49f9, 0xb}, {0x742400, 0x6c7340}, {0xc0001c60c0, 0x68, 0xb2}, ...})
	D:/Go/src/6.824/src/labrpc/labrpc.go:251 +0x41c
created by 6.824/labrpc.MakeNetwork.func1
	D:/Go/src/6.824/src/labrpc/labrpc.go:157 +0x3e

goroutine 279754 [chan receive]:
6.824/labrpc.(*ClientEnd).Call(0xc000098e40, {0x6f5793, 0x0}, {0x6b78c0, 0xc00035bd40}, {0x6b7900, 0xc00224bf40})
	D:/Go/src/6.824/src/labrpc/labrpc.go:112 +0x26e
6.824/raft.(*Raft).sendAppendLog(...)
	D:/Go/src/6.824/src/raft/raft.go:455
6.824/raft.(*Raft).sendMsg.func1(0x1)
	D:/Go/src/6.824/src/raft/raft.go:298 +0x90
created by 6.824/raft.(*Raft).sendMsg
	D:/Go/src/6.824/src/raft/raft.go:296 +0x44f

goroutine 279752 [select]:
6.824/kvraft.(*KVServer).Do(0xc000327900, 0xc0010e4270, 0xc000dced38)
	D:/Go/src/6.824/src/kvraft/server.go:71 +0x2f4
reflect.Value.call({0xc000052180, 0xc000416a60, 0xc000575b10}, {0x6f34cd, 0x4}, {0xc000575c68, 0x3, 0xc000575b40})
	D:/ProgramFiles/Go/src/reflect/value.go:543 +0x814
reflect.Value.Call({0xc000052180, 0xc000416a60, 0xc000182400}, {0xc000575c68, 0x3, 0x3})
	D:/ProgramFiles/Go/src/reflect/value.go:339 +0xc5
6.824/labrpc.(*Service).dispatch(0xc001a98800, {0x6f4a02, 0x2}, {{0x6bf740, 0xc0004966e0}, {0x6f49f9, 0xb}, {0x742400, 0x6c7340}, {0xc000332630, ...}, ...})
	D:/Go/src/6.824/src/labrpc/labrpc.go:496 +0x39d
6.824/labrpc.(*Server).dispatch(0xc0007e4498, {{0x6bf740, 0xc0004966e0}, {0x6f49f9, 0xb}, {0x742400, 0x6c7340}, {0xc000332630, 0x66, 0xb0}, ...})
	D:/Go/src/6.824/src/labrpc/labrpc.go:420 +0x1fe
6.824/labrpc.(*Network).processReq.func1()
	D:/Go/src/6.824/src/labrpc/labrpc.go:240 +0x58
created by 6.824/labrpc.(*Network).processReq
	D:/Go/src/6.824/src/labrpc/labrpc.go:239 +0x1df

goroutine 279703 [select]:
6.824/labrpc.(*Network).processReq(0xc0005680a0, {{0x6bf740, 0xc000a6edc0}, {0x6f5793, 0xe}, {0x742400, 0x6b78c0}, {0xc000019100, 0x2c4, 0x67a}, ...})
	D:/Go/src/6.824/src/labrpc/labrpc.go:251 +0x41c
created by 6.824/labrpc.MakeNetwork.func1
	D:/Go/src/6.824/src/labrpc/labrpc.go:157 +0x3e

goroutine 279757 [runnable]:
6.824/raft.(*Raft).sendMsg·dwrap·13()
	D:/Go/src/6.824/src/raft/raft.go:296
runtime.goexit()
	D:/ProgramFiles/Go/src/runtime/asm_amd64.s:1581 +0x1
created by 6.824/raft.(*Raft).sendMsg
	D:/Go/src/6.824/src/raft/raft.go:296 +0x44f

goroutine 279844 [semacquire]:
sync.runtime_SemacquireMutex(0xc0004eb398, 0xbd, 0x60)
	D:/ProgramFiles/Go/src/runtime/sema.go:71 +0x25
sync.(*Mutex).lockSlow(0xc000327900)
	D:/ProgramFiles/Go/src/sync/mutex.go:138 +0x165
sync.(*Mutex).Lock(...)
	D:/ProgramFiles/Go/src/sync/mutex.go:81
6.824/kvraft.(*KVServer).lock(...)
	D:/Go/src/6.824/src/kvraft/server.go:35
6.824/kvraft.(*KVServer).Do(0xc000327900, 0xc000eb1920, 0xc0003ab020)
	D:/Go/src/6.824/src/kvraft/server.go:44 +0x79
reflect.Value.call({0xc000052180, 0xc000416a60, 0xc0004ebb10}, {0x6f34cd, 0x4}, {0xc0004ebc68, 0x3, 0xc0004ebb40})
	D:/ProgramFiles/Go/src/reflect/value.go:543 +0x814
reflect.Value.Call({0xc000052180, 0xc000416a60, 0xc0003befa0}, {0xc0004ebc68, 0x3, 0x3})
	D:/ProgramFiles/Go/src/reflect/value.go:339 +0xc5
6.824/labrpc.(*Service).dispatch(0xc001a98800, {0x6f4a02, 0x2}, {{0x6bf740, 0xc000496420}, {0x6f49f9, 0xb}, {0x742400, 0x6c7340}, {0xc00024c160, ...}, ...})
	D:/Go/src/6.824/src/labrpc/labrpc.go:496 +0x39d
6.824/labrpc.(*Server).dispatch(0xc0007e4498, {{0x6bf740, 0xc000496420}, {0x6f49f9, 0xb}, {0x742400, 0x6c7340}, {0xc00024c160, 0x5c, 0xa6}, ...})
	D:/Go/src/6.824/src/labrpc/labrpc.go:420 +0x1fe
6.824/labrpc.(*Network).processReq.func1()
	D:/Go/src/6.824/src/labrpc/labrpc.go:240 +0x58
created by 6.824/labrpc.(*Network).processReq
	D:/Go/src/6.824/src/labrpc/labrpc.go:239 +0x1df

goroutine 279542 [chan receive]:
6.824/labrpc.(*ClientEnd).Call(0xc000344260, {0x6f49f9, 0xc001233fa0}, {0x6c7340, 0xc000f0f920}, {0x6b7480, 0xc000622558})
	D:/Go/src/6.824/src/labrpc/labrpc.go:112 +0x26e
6.824/kvraft.(*Clerk).Execute.func1(0x3, {0x1, {0x6fcd6d, 0x1}, {0x0, 0x0}, 0x682786cc, 0x96})
	D:/Go/src/6.824/src/kvraft/client.go:47 +0x11f
created by 6.824/kvraft.(*Clerk).Execute
	D:/Go/src/6.824/src/kvraft/client.go:45 +0x1b2

goroutine 279490 [select]:
6.824/labrpc.(*Network).processReq(0xc0005680a0, {{0x6bf740, 0xc000496130}, {0x6f49f9, 0xb}, {0x742400, 0x6c7340}, {0xc00031a210, 0x5c, 0xa6}, ...})
	D:/Go/src/6.824/src/labrpc/labrpc.go:251 +0x41c
created by 6.824/labrpc.MakeNetwork.func1
	D:/Go/src/6.824/src/labrpc/labrpc.go:157 +0x3e

goroutine 279649 [select]:
6.824/labrpc.(*Network).processReq(0xc0005680a0, {{0x6bf740, 0xc000497190}, {0x6f49f9, 0xb}, {0x742400, 0x6c7340}, {0xc0004fe180, 0x68, 0xb2}, ...})
	D:/Go/src/6.824/src/labrpc/labrpc.go:251 +0x41c
created by 6.824/labrpc.MakeNetwork.func1
	D:/Go/src/6.824/src/labrpc/labrpc.go:157 +0x3e

goroutine 279803 [semacquire]:
sync.runtime_SemacquireMutex(0x4, 0x40, 0x3)
	D:/ProgramFiles/Go/src/runtime/sema.go:71 +0x25
sync.(*Mutex).lockSlow(0xc00097c2d0)
	D:/ProgramFiles/Go/src/sync/mutex.go:138 +0x165
sync.(*Mutex).Lock(...)
	D:/ProgramFiles/Go/src/sync/mutex.go:81
6.824/raft.(*Raft).lock(...)
	D:/Go/src/6.824/src/raft/raft.go:468
6.824/raft.(*Raft).AppendLog(0xc00097c2d0, 0xc000793860, 0xc000b6a1b0)
	D:/Go/src/6.824/src/raft/raft.go:326 +0x72
reflect.Value.call({0xc000052300, 0xc000416758, 0xc000721b10}, {0x6f34cd, 0x4}, {0xc000721c68, 0x3, 0xc000721b40})
	D:/ProgramFiles/Go/src/reflect/value.go:543 +0x814
reflect.Value.Call({0xc000052300, 0xc000416758, 0xc00053ec68}, {0xc000721c68, 0x3, 0x3})
	D:/ProgramFiles/Go/src/reflect/value.go:339 +0xc5
6.824/labrpc.(*Service).dispatch(0xc000749940, {0x6f5798, 0x9}, {{0x6bf740, 0xc000a6edc0}, {0x6f5793, 0xe}, {0x742400, 0x6b78c0}, {0xc0007c3500, ...}, ...})
	D:/Go/src/6.824/src/labrpc/labrpc.go:496 +0x39d
6.824/labrpc.(*Server).dispatch(0xc00069ff80, {{0x6bf740, 0xc000a6edc0}, {0x6f5793, 0xe}, {0x742400, 0x6b78c0}, {0xc0007c3500, 0x2e8, 0x69e}, ...})
	D:/Go/src/6.824/src/labrpc/labrpc.go:420 +0x1fe
6.824/labrpc.(*Network).processReq.func1()
	D:/Go/src/6.824/src/labrpc/labrpc.go:240 +0x58
created by 6.824/labrpc.(*Network).processReq
	D:/Go/src/6.824/src/labrpc/labrpc.go:239 +0x1df

goroutine 279517 [runnable]:
sync.runtime_SemacquireMutex(0xc000a6ee20, 0x93, 0xe)
	D:/ProgramFiles/Go/src/runtime/sema.go:71 +0x25
sync.(*Mutex).lockSlow(0xc00097c3c0)
	D:/ProgramFiles/Go/src/sync/mutex.go:138 +0x165
sync.(*Mutex).Lock(...)
	D:/ProgramFiles/Go/src/sync/mutex.go:81
6.824/raft.(*Raft).lock(...)
	D:/Go/src/6.824/src/raft/raft.go:468
6.824/raft.(*Raft).receiveAppendReplay(0xc00097c3c0, 0x4, 0x2, 0xc0013d46b0)
	D:/Go/src/6.824/src/raft/raft.go:407 +0x5d
6.824/raft.(*Raft).sendMsg.func1(0x4)
	D:/Go/src/6.824/src/raft/raft.go:300 +0xad
created by 6.824/raft.(*Raft).sendMsg
	D:/Go/src/6.824/src/raft/raft.go:296 +0x44f

goroutine 279741 [semacquire]:
sync.runtime_SemacquireMutex(0x4, 0x40, 0x3)
	D:/ProgramFiles/Go/src/runtime/sema.go:71 +0x25
sync.(*Mutex).lockSlow(0xc00097c2d0)
	D:/ProgramFiles/Go/src/sync/mutex.go:138 +0x165
sync.(*Mutex).Lock(...)
	D:/ProgramFiles/Go/src/sync/mutex.go:81
6.824/raft.(*Raft).lock(...)
	D:/Go/src/6.824/src/raft/raft.go:468
6.824/raft.(*Raft).AppendLog(0xc00097c2d0, 0xc0009293e0, 0xc000bd1910)
	D:/Go/src/6.824/src/raft/raft.go:326 +0x72
reflect.Value.call({0xc000052300, 0xc000416758, 0xc000719b10}, {0x6f34cd, 0x4}, {0xc000719c68, 0x3, 0xc000719b40})
	D:/ProgramFiles/Go/src/reflect/value.go:543 +0x814
reflect.Value.Call({0xc000052300, 0xc000416758, 0xc00053e998}, {0xc000719c68, 0x3, 0x3})
	D:/ProgramFiles/Go/src/reflect/value.go:339 +0xc5
6.824/labrpc.(*Service).dispatch(0xc000749940, {0x6f5798, 0x9}, {{0x6bf740, 0xc000a6edc0}, {0x6f5793, 0xe}, {0x742400, 0x6b78c0}, {0xc000983340, ...}, ...})
	D:/Go/src/6.824/src/labrpc/labrpc.go:496 +0x39d
6.824/labrpc.(*Server).dispatch(0xc00069ff80, {{0x6bf740, 0xc000a6edc0}, {0x6f5793, 0xe}, {0x742400, 0x6b78c0}, {0xc000983340, 0x25c, 0x28a}, ...})
	D:/Go/src/6.824/src/labrpc/labrpc.go:420 +0x1fe
6.824/labrpc.(*Network).processReq.func1()
	D:/Go/src/6.824/src/labrpc/labrpc.go:240 +0x58
created by 6.824/labrpc.(*Network).processReq
	D:/Go/src/6.824/src/labrpc/labrpc.go:239 +0x1df

goroutine 279611 [select]:
6.824/labrpc.(*Network).processReq(0xc0005680a0, {{0x6bf740, 0xc0004962b0}, {0x6f49f9, 0xb}, {0x742400, 0x6c7340}, {0xc0003322c0, 0x5c, 0xa6}, ...})
	D:/Go/src/6.824/src/labrpc/labrpc.go:251 +0x41c
created by 6.824/labrpc.MakeNetwork.func1
	D:/Go/src/6.824/src/labrpc/labrpc.go:157 +0x3e

goroutine 279481 [chan receive]:
6.824/labrpc.(*ClientEnd).Call(0xc000098e40, {0x6f5793, 0x742400}, {0x6b78c0, 0xc0002ec540}, {0x6b7900, 0xc000447af0})
	D:/Go/src/6.824/src/labrpc/labrpc.go:112 +0x26e
6.824/raft.(*Raft).sendAppendLog(...)
	D:/Go/src/6.824/src/raft/raft.go:455
6.824/raft.(*Raft).sendMsg.func1(0x1)
	D:/Go/src/6.824/src/raft/raft.go:298 +0x90
created by 6.824/raft.(*Raft).sendMsg
	D:/Go/src/6.824/src/raft/raft.go:296 +0x44f

goroutine 279415 [chan receive]:
6.824/labrpc.(*ClientEnd).Call(0xc000344920, {0x6f49f9, 0xc00052fe00}, {0x6c7340, 0xc0001e3ad0}, {0x6b7480, 0xc0008c40f0})
	D:/Go/src/6.824/src/labrpc/labrpc.go:112 +0x26e
6.824/kvraft.(*Clerk).Execute.func1(0x4, {0x3, {0x701d7e, 0x2}, {0xc001456b50, 0x9}, 0xe0e002b2, 0x8c})
	D:/Go/src/6.824/src/kvraft/client.go:47 +0x11f
created by 6.824/kvraft.(*Clerk).Execute
	D:/Go/src/6.824/src/kvraft/client.go:45 +0x1b2

goroutine 279822 [runnable]:
6.824/raft.(*Raft).sendMsg·dwrap·13()
	D:/Go/src/6.824/src/raft/raft.go:296
runtime.goexit()
	D:/ProgramFiles/Go/src/runtime/asm_amd64.s:1581 +0x1
created by 6.824/raft.(*Raft).sendMsg
	D:/Go/src/6.824/src/raft/raft.go:296 +0x44f
exit status 2
FAIL	6.824/kvraft	47.062s
