Test (2C): basic persistence ...
  ... Passed --   2.5  3  148   37353    6
Test (2C): more persistence ...
  ... Passed --  19.5  5 2724  583136   16
Test (2C): partitioned leader and one follower crash, leader restarts ...
  ... Passed --   1.3  3   64   16074    4
Test (2C): Figure 8 ...
  ... Passed --  49.0  5 2924 1676686  116
Test (2C): unreliable agreement ...
  ... Passed --   1.7  5 1096  372698  246
Test (2C): Figure 8 (unreliable) ...
--- FAIL: TestFigure8Unreliable2C (46.40s)
    config.go:546: one(5410) failed to reach agreement cause time out
Test (2C): churn ...
  ... Passed --  16.3  5 4156 7118776  692
Test (2C): unreliable churn ...
  ... Passed --  16.6  5 4615 4068105  811
FAIL
exit status 1
FAIL	6.824/raft	153.289s
