Test (2C): basic persistence ...
labgob warning: Decoding into a non-default variable/field int may not work
  ... Passed --   2.9  3  102   25543    6
Test (2C): more persistence ...
  ... Passed --  16.4  5 1512  318586   16
Test (2C): partitioned leader and one follower crash, leader restarts ...
  ... Passed --   1.5  3   44   10600    4
Test (2C): Figure 8 ...
  ... Passed --  50.8  5 3116 1314301  118
Test (2C): unreliable agreement ...
  ... Passed --   1.8  5 1108  375073  246
Test (2C): Figure 8 (unreliable) ...
--- FAIL: TestFigure8Unreliable2C (46.40s)
    config.go:546: one(5659) failed to reach agreement cause time out
Test (2C): churn ...
  ... Passed --  16.6  5 11532 79624426 1662
Test (2C): unreliable churn ...
  ... Passed --  16.3  5 3476 3204426  605
FAIL
exit status 1
FAIL	6.824/raft	152.570s
