Test (2C): basic persistence ...
labgob warning: Decoding into a non-default variable/field int may not work
  ... Passed --   2.6  3   96   24104    6
Test (2C): more persistence ...
  ... Passed --  16.4  5 1664  343663   16
Test (2C): partitioned leader and one follower crash, leader restarts ...
  ... Passed --   1.5  3   44   10600    4
Test (2C): Figure 8 ...
  ... Passed --  38.7  5 2308  850257   99
Test (2C): unreliable agreement ...
  ... Passed --   1.7  5 1096  377463  246
Test (2C): Figure 8 (unreliable) ...
--- FAIL: TestFigure8Unreliable2C (51.15s)
    config.go:546: one(2111) failed to reach agreement cause time out
Test (2C): churn ...
  ... Passed --  16.6  5 6680 15066180 1132
Test (2C): unreliable churn ...
  ... Passed --  16.2  5 4460 7698591  844
FAIL
exit status 1
FAIL	6.824/raft	144.814s
