Test (2C): basic persistence ...
labgob warning: Decoding into a non-default variable/field int may not work
  ... Passed --   2.7  3  102   25437    6
Test (2C): more persistence ...
  ... Passed --  16.1  5 1640  341774   16
Test (2C): partitioned leader and one follower crash, leader restarts ...
  ... Passed --   1.1  3   40   10059    4
Test (2C): Figure 8 ...
  ... Passed --  47.5  5 2852 1187638  112
Test (2C): unreliable agreement ...
  ... Passed --   1.6  5 1096  376473  246
Test (2C): Figure 8 (unreliable) ...
--- FAIL: TestFigure8Unreliable2C (50.43s)
    config.go:546: one(7280) failed to reach agreement cause time out
Test (2C): churn ...
  ... Passed --  16.3  5 7560 44550424 1536
Test (2C): unreliable churn ...
  ... Passed --  16.2  5 2040 1303955  170
FAIL
exit status 1
FAIL	6.824/raft	152.189s
