Test: unreliable 1...
2022/01/27 13:44:37 3760294119272905332 send argType:1 index:1
2022/01/27 13:44:37 3760294119272905332 send argType:1 index:1
2022/01/27 13:44:37 3760294119272905332 send argType:1 index:1
2022/01/27 13:44:37 3760294119272905332 send argType:1 index:1
2022/01/27 13:44:37 3760294119272905332 send argType:1 index:1
2022/01/27 13:44:37 3760294119272905332 send argType:1 index:1
2022/01/27 13:44:38 3760294119272905332 send argType:1 index:1
2022/01/27 13:44:42 3760294119272905332 send argType:1 index:2
2022/01/27 13:44:42 3760294119272905332 send argType:1 index:2
2022/01/27 13:44:42 3760294119272905332 send argType:1 index:2
2022/01/27 13:44:42 3760294119272905332 send argType:1 index:2
2022/01/27 13:44:42 3760294119272905332 send argType:1 index:3
2022/01/27 13:44:43 3760294119272905332 send argType:1 index:3
2022/01/27 13:44:43 3760294119272905332 send argType:1 index:3
2022/01/27 13:44:43 3760294119272905332 send argType:1 index:3
2022/01/27 13:44:43 3760294119272905332 send argType:2 index:4
2022/01/27 13:44:59 3760294119272905332 send argType:1 index:5
2022/01/27 13:44:59 3760294119272905332 send argType:1 index:5
2022/01/27 13:44:59 3760294119272905332 send argType:1 index:5
2022/01/27 13:44:59 3760294119272905332 send argType:1 index:5
2022/01/27 13:44:59 3760294119272905332 send argType:2 index:6
  ... Passed
Test: unreliable 2...
2022/01/27 13:45:11 3708306365381036563 send argType:1 index:1
2022/01/27 13:45:11 3708306365381036563 send argType:1 index:1
2022/01/27 13:45:11 3708306365381036563 send argType:1 index:1
2022/01/27 13:45:18 3708306365381036563 send argType:1 index:2
2022/01/27 13:45:19 3708306365381036563 send argType:1 index:3
2022/01/27 13:45:19 3708306365381036563 send argType:1 index:3
2022/01/27 13:45:19 3708306365381036563 send argType:1 index:3
2022/01/27 13:45:19 3708306365381036563 send argType:1 index:3
2022/01/27 13:45:19 3708306365381036563 send argType:2 index:4
2022/01/27 13:45:20 3708306365381036563 send argType:2 index:5
2022/01/27 13:45:20 3708306365381036563 send argType:2 index:5
2022/01/27 13:45:20 3708306365381036563 send argType:2 index:5
2022/01/27 13:45:21 3708306365381036563 send argType:2 index:5
2022/01/27 13:45:21 3708306365381036563 send argType:1 index:6
2022/01/27 13:45:22 3708306365381036563 send argType:1 index:6
2022/01/27 13:45:22 3708306365381036563 send argType:1 index:6
2022/01/27 13:45:22 3708306365381036563 send argType:1 index:6
2022/01/27 13:45:22 3708306365381036563 send argType:1 index:7
panic: runtime error: slice bounds out of range [:824638860577] with capacity 512

goroutine 29581 [running]:
6.824/raft.(*Raft).CutLog(...)
	D:/Go/src/6.824/src/raft/raft.go:104
6.824/raft.(*Raft).AppendLog(0xc0000a03c0, 0xc00025c180, 0xc0003662f0)
	D:/Go/src/6.824/src/raft/raft.go:381 +0x69c
reflect.Value.call({0xc000052240, 0xc00020c628, 0xc0003e3b10}, {0x319479, 0x4}, {0xc0003e3c68, 0x3, 0xc0003e3b40})
	D:/ProgramFiles/Go/src/reflect/value.go:543 +0x814
reflect.Value.Call({0xc000052240, 0xc00020c628, 0xc0003e8398}, {0xc0003e3c68, 0x3, 0x3})
	D:/ProgramFiles/Go/src/reflect/value.go:339 +0xc5
6.824/labrpc.(*Service).dispatch(0xc000377a40, {0x31b6c9, 0x9}, {{0x2e4420, 0xc000207d50}, {0x31b6c4, 0xe}, {0x368de0, 0x2dbde0}, {0xc000079800, ...}, ...})
	D:/Go/src/6.824/src/labrpc/labrpc.go:496 +0x39d
6.824/labrpc.(*Server).dispatch(0xc000478cc0, {{0x2e4420, 0xc000207d50}, {0x31b6c4, 0xe}, {0x368de0, 0x2dbde0}, {0xc000079800, 0x2bd, 0x581}, ...})
	D:/Go/src/6.824/src/labrpc/labrpc.go:420 +0x1fe
6.824/labrpc.(*Network).processReq.func1()
	D:/Go/src/6.824/src/labrpc/labrpc.go:240 +0x58
created by 6.824/labrpc.(*Network).processReq
	D:/Go/src/6.824/src/labrpc/labrpc.go:239 +0x1df
exit status 2
FAIL	6.824/shardkv	47.403s
