Test: one client (3A) ...
==================
WARNING: DATA RACE
Read at 0x00c0000edaf8 by goroutine 205:
  6.824/raft.(*Raft).applyInvalidLog()
      D:/Go/src/6.824/src/raft/raft.go:328 +0x6f
  6.824/raft.(*Raft).AppendLog路dwrap路16()
      D:/Go/src/6.824/src/raft/raft.go:389 +0x64

Previous write at 0x00c0000edaf8 by goroutine 194:
  [failed to restore the stack]

Goroutine 205 (running) created at:
  6.824/raft.(*Raft).AppendLog()
      D:/Go/src/6.824/src/raft/raft.go:389 +0xb9e
  runtime.call32()
      D:/ProgramFiles/Go/src/runtime/asm_amd64.s:626 +0x4f
  reflect.Value.Call()
      D:/ProgramFiles/Go/src/reflect/value.go:339 +0xd7
  6.824/labrpc.(*Service).dispatch()
      D:/Go/src/6.824/src/labrpc/labrpc.go:496 +0x49b
  6.824/labrpc.(*Server).dispatch()
      D:/Go/src/6.824/src/labrpc/labrpc.go:420 +0x265
  6.824/labrpc.(*Network).processReq.func1()
      D:/Go/src/6.824/src/labrpc/labrpc.go:240 +0x9c

Goroutine 194 (finished) created at:
  6.824/labrpc.(*Network).processReq()
      D:/Go/src/6.824/src/labrpc/labrpc.go:239 +0x293
  6.824/labrpc.MakeNetwork.func1路dwrap路1()
      D:/Go/src/6.824/src/labrpc/labrpc.go:157 +0x9c
==================
--- FAIL: TestBasic3A (16.88s)
    testing.go:1152: race detected during execution of test
FAIL
exit status 1
FAIL	6.824/kvraft	29.385s
