Test: InstallSnapshot RPC (3B) ...
  ... Passed --   2.8  3  2572   63
Test: snapshot size is reasonable (3B) ...
  ... Passed --   7.1  3  4731  800
Test: ops complete fast enough (3B) ...
  ... Passed --   7.3  3  5580    0
Test: restarts, snapshots, one client (3B) ...
  ... Passed --  20.4  5 18236 2907
Test: restarts, snapshots, many clients (3B) ...
panic: runtime error: index out of range [824637612758] with length 26

goroutine 149895 [running]:
6.824/raft.(*Raft).GetLogTerm(...)
	D:/Go/src/6.824/src/raft/raft.go:101
6.824/raft.(*Raft).sendMsg(0xc00011a4b0, 0x1)
	D:/Go/src/6.824/src/raft/raft.go:292 +0x530
6.824/raft.(*Raft).Start(0xc00011a4b0, {0xc82f40, 0xc000779400})
	D:/Go/src/6.824/src/raft/raft.go:259 +0x1bc
6.824/kvraft.(*KVServer).Do(0xc00033d2c0, 0xc000431620, 0xc000f649f0)
	D:/Go/src/6.824/src/kvraft/server.go:61 +0x265
reflect.Value.call({0xc0000da120, 0xc0003843e0, 0xc0003f9b10}, {0xca35ed, 0x4}, {0xc0003f9c68, 0x3, 0xc0003f9b40})
	D:/ProgramFiles/Go/src/reflect/value.go:543 +0x814
reflect.Value.Call({0xc0000da120, 0xc0003843e0, 0xc0002f93d8}, {0xc0003f9c68, 0x3, 0x3})
	D:/ProgramFiles/Go/src/reflect/value.go:339 +0xc5
6.824/labrpc.(*Service).dispatch(0xc000050b40, {0xca4b22, 0x2}, {{0xc6f780, 0xc000a5e150}, {0xca4b19, 0xb}, {0xcf2520, 0xc773e0}, {0xc00057e0b0, ...}, ...})
	D:/Go/src/6.824/src/labrpc/labrpc.go:496 +0x39d
6.824/labrpc.(*Server).dispatch(0xc0001d64c8, {{0xc6f780, 0xc000a5e150}, {0xca4b19, 0xb}, {0xcf2520, 0xc773e0}, {0xc00057e0b0, 0x5b, 0xa5}, ...})
	D:/Go/src/6.824/src/labrpc/labrpc.go:420 +0x1fe
6.824/labrpc.(*Network).processReq.func1()
	D:/Go/src/6.824/src/labrpc/labrpc.go:240 +0x58
created by 6.824/labrpc.(*Network).processReq
	D:/Go/src/6.824/src/labrpc/labrpc.go:239 +0x1df
exit status 2
FAIL	6.824/kvraft	42.154s
