Test: InstallSnapshot RPC (3B) ...
  ... Passed --   2.3  3  2390   63
Test: snapshot size is reasonable (3B) ...
  ... Passed --   6.6  3  4756  800
Test: ops complete fast enough (3B) ...
  ... Passed --   6.3  3  4667    0
Test: restarts, snapshots, one client (3B) ...
  ... Passed --  20.6  5 19026 2876
Test: restarts, snapshots, many clients (3B) ...
panic: test timed out after 10m0s

goroutine 19632455 [running]:
testing.(*M).startAlarm.func1()
	D:/ProgramFiles/Go/src/testing/testing.go:1788 +0x8e
created by time.goFunc
	D:/ProgramFiles/Go/src/time/sleep.go:180 +0x31

goroutine 1 [chan receive, 9 minutes]:
testing.(*T).Run(0xc000130340, {0xa2bab0, 0x8cc253}, 0xa39398)
	D:/ProgramFiles/Go/src/testing/testing.go:1307 +0x375
testing.runTests.func1(0xc000130340)
	D:/ProgramFiles/Go/src/testing/testing.go:1598 +0x6e
testing.tRunner(0xc000130340, 0xc00007dd18)
	D:/ProgramFiles/Go/src/testing/testing.go:1259 +0x102
testing.runTests(0xc000138000, {0xb852e0, 0x17, 0x17}, {0x8ed42d, 0xa25a81, 0xb88d60})
	D:/ProgramFiles/Go/src/testing/testing.go:1596 +0x43f
testing.(*M).Run(0xc000138000)
	D:/ProgramFiles/Go/src/testing/testing.go:1504 +0x51d
main.main()
	_testmain.go:87 +0x14b

goroutine 113981 [chan send, 9 minutes]:
6.824/kvraft.GenericTest.func1.1()
	D:/Go/src/6.824/src/kvraft/test_test.go:256 +0x3f
6.824/kvraft.GenericTest.func1(0xf, 0xc000d40300, 0xc00030e1a0)
	D:/Go/src/6.824/src/kvraft/test_test.go:291 +0x5f9
6.824/kvraft.run_client(0xc000a75340, 0xc0004d0000, 0x28a, 0xc0009acf60, 0xc0007ea500)
	D:/Go/src/6.824/src/kvraft/test_test.go:103 +0xe4
created by 6.824/kvraft.spawn_clients_and_wait
	D:/Go/src/6.824/src/kvraft/test_test.go:113 +0x51

goroutine 113984 [chan send, 9 minutes]:
6.824/kvraft.GenericTest.func1.1()
	D:/Go/src/6.824/src/kvraft/test_test.go:256 +0x3f
6.824/kvraft.GenericTest.func1(0x12, 0xc000d40660, 0xc00030e1a0)
	D:/Go/src/6.824/src/kvraft/test_test.go:291 +0x5f9
6.824/kvraft.run_client(0xc00031d340, 0xc0004d0000, 0x28a, 0xc000cc0780, 0xc0007ea500)
	D:/Go/src/6.824/src/kvraft/test_test.go:103 +0xe4
created by 6.824/kvraft.spawn_clients_and_wait
	D:/Go/src/6.824/src/kvraft/test_test.go:113 +0x51

goroutine 113978 [chan send, 9 minutes]:
6.824/kvraft.GenericTest.func1.1()
	D:/Go/src/6.824/src/kvraft/test_test.go:256 +0x3f
6.824/kvraft.GenericTest.func1(0xc, 0xc000799f80, 0xc00030e1a0)
	D:/Go/src/6.824/src/kvraft/test_test.go:291 +0x5f9
6.824/kvraft.run_client(0xc000a6d080, 0xc0004d0000, 0x28a, 0xc000cc0de0, 0xc0007ea500)
	D:/Go/src/6.824/src/kvraft/test_test.go:103 +0xe4
created by 6.824/kvraft.spawn_clients_and_wait
	D:/Go/src/6.824/src/kvraft/test_test.go:113 +0x51

goroutine 113973 [runnable]:
6.824/kvraft.(*Clerk).Execute(0xc000a06c00, 0xc0003493b0, 0xc000759c68)
	D:/Go/src/6.824/src/kvraft/client.go:52 +0x1b2
6.824/kvraft.(*Clerk).Append(0xc000a06c00, {0xa2ce8d, 0x1}, {0xc000322b20, 0x7})
	D:/Go/src/6.824/src/kvraft/client.go:103 +0x1ad
6.824/kvraft.Append(0xc0004d0000, 0x2, {0xa2ce8d, 0x1}, {0xc000322b20, 0x7}, 0xc00024a700, 0x7)
	D:/Go/src/6.824/src/kvraft/test_test.go:77 +0xd5
6.824/kvraft.GenericTest.func1(0x7, 0xc0007992c0, 0xc00030e1a0)
	D:/Go/src/6.824/src/kvraft/test_test.go:272 +0x587
6.824/kvraft.run_client(0xc00014c5a0, 0xc0004d0000, 0xc000942000, 0x1008, 0xc0007ea500)
	D:/Go/src/6.824/src/kvraft/test_test.go:103 +0xe4
created by 6.824/kvraft.spawn_clients_and_wait
	D:/Go/src/6.824/src/kvraft/test_test.go:113 +0x51

goroutine 113954 [select]:
6.824/labrpc.MakeNetwork.func1()
	D:/Go/src/6.824/src/labrpc/labrpc.go:153 +0xbe
created by 6.824/labrpc.MakeNetwork
	D:/Go/src/6.824/src/labrpc/labrpc.go:151 +0x17b

goroutine 157472 [sleep]:
time.Sleep(0x10089d40)
	D:/ProgramFiles/Go/src/runtime/time.go:193 +0x133
6.824/raft.(*Raft).electionTicker(0xc00014c780)
	D:/Go/src/6.824/src/raft/raft.go:627 +0x95
created by 6.824/raft.Make
	D:/Go/src/6.824/src/raft/raft.go:668 +0x27b

goroutine 15064794 [sleep]:
time.Sleep(0x4c4b400)
	D:/ProgramFiles/Go/src/runtime/time.go:193 +0x133
6.824/raft.(*Raft).heartTicker(0xc00014c1e0, 0xc0004a7db0)
	D:/Go/src/6.824/src/raft/raft.go:615 +0x4f
created by 6.824/raft.(*Raft).BeLeader
	D:/Go/src/6.824/src/raft/raft.go:607 +0xcf

goroutine 15064803 [sleep]:
time.Sleep(0x4c4b400)
	D:/ProgramFiles/Go/src/runtime/time.go:193 +0x133
6.824/raft.(*Raft).heartTicker(0xc00014c1e0, 0xc0004a7db0)
	D:/Go/src/6.824/src/raft/raft.go:615 +0x4f
created by 6.824/raft.(*Raft).BeLeader
	D:/Go/src/6.824/src/raft/raft.go:607 +0xcf

goroutine 113982 [chan send, 9 minutes]:
6.824/kvraft.GenericTest.func1.1()
	D:/Go/src/6.824/src/kvraft/test_test.go:256 +0x3f
6.824/kvraft.GenericTest.func1(0x10, 0xc000d40420, 0xc00030e1a0)
	D:/Go/src/6.824/src/kvraft/test_test.go:291 +0x5f9
6.824/kvraft.run_client(0xc000a6db80, 0xc0004d0000, 0x28a, 0xc000817f20, 0xc0007ea500)
	D:/Go/src/6.824/src/kvraft/test_test.go:103 +0xe4
created by 6.824/kvraft.spawn_clients_and_wait
	D:/Go/src/6.824/src/kvraft/test_test.go:113 +0x51

goroutine 113979 [chan send, 9 minutes]:
6.824/kvraft.GenericTest.func1.1()
	D:/Go/src/6.824/src/kvraft/test_test.go:256 +0x3f
6.824/kvraft.GenericTest.func1(0xd, 0xc000d400c0, 0xc00030e1a0)
	D:/Go/src/6.824/src/kvraft/test_test.go:291 +0x5f9
6.824/kvraft.run_client(0xc000c7fc80, 0xc0004d0000, 0x95710a, 0xc0000e8b60, 0xc0007ea500)
	D:/Go/src/6.824/src/kvraft/test_test.go:103 +0xe4
created by 6.824/kvraft.spawn_clients_and_wait
	D:/Go/src/6.824/src/kvraft/test_test.go:113 +0x51

goroutine 157506 [sleep]:
time.Sleep(0x10642ac0)
	D:/ProgramFiles/Go/src/runtime/time.go:193 +0x133
6.824/raft.(*Raft).electionTicker(0xc00014c870)
	D:/Go/src/6.824/src/raft/raft.go:627 +0x95
created by 6.824/raft.Make
	D:/Go/src/6.824/src/raft/raft.go:668 +0x27b

goroutine 157466 [sleep]:
time.Sleep(0xed77040)
	D:/ProgramFiles/Go/src/runtime/time.go:193 +0x133
6.824/raft.(*Raft).electionTicker(0xc00014c000)
	D:/Go/src/6.824/src/raft/raft.go:627 +0x95
created by 6.824/raft.Make
	D:/Go/src/6.824/src/raft/raft.go:668 +0x27b

goroutine 157470 [sleep]:
time.Sleep(0xa5f0780)
	D:/ProgramFiles/Go/src/runtime/time.go:193 +0x133
6.824/raft.(*Raft).electionTicker(0xc00014c1e0)
	D:/Go/src/6.824/src/raft/raft.go:627 +0x95
created by 6.824/raft.Make
	D:/Go/src/6.824/src/raft/raft.go:668 +0x27b

goroutine 113965 [chan receive, 9 minutes]:
6.824/kvraft.spawn_clients_and_wait(0xc00030e1a0, 0xc0004d0000, 0x14, 0xc0007ea500)
	D:/Go/src/6.824/src/kvraft/test_test.go:117 +0x185
created by 6.824/kvraft.GenericTest
	D:/Go/src/6.824/src/kvraft/test_test.go:253 +0x6bd

goroutine 157468 [sleep]:
time.Sleep(0x10bfb840)
	D:/ProgramFiles/Go/src/runtime/time.go:193 +0x133
6.824/raft.(*Raft).electionTicker(0xc00014c0f0)
	D:/Go/src/6.824/src/raft/raft.go:627 +0x95
created by 6.824/raft.Make
	D:/Go/src/6.824/src/raft/raft.go:668 +0x27b

goroutine 113905 [chan receive, 9 minutes]:
6.824/kvraft.GenericTest(0xc00030e1a0, {0xa23378, 0x2}, 0x14, 0x5, 0x0, 0x1, 0x0, 0x3e8, 0x0)
	D:/Go/src/6.824/src/kvraft/test_test.go:334 +0xf88
6.824/kvraft.TestSnapshotRecoverManyClients3B(0x0)
	D:/Go/src/6.824/src/kvraft/test_test.go:695 +0x45
testing.tRunner(0xc00030e1a0, 0xa39398)
	D:/ProgramFiles/Go/src/testing/testing.go:1259 +0x102
created by testing.(*T).Run
	D:/ProgramFiles/Go/src/testing/testing.go:1306 +0x35a

goroutine 113976 [chan send, 9 minutes]:
6.824/kvraft.GenericTest.func1.1()
	D:/Go/src/6.824/src/kvraft/test_test.go:256 +0x3f
6.824/kvraft.GenericTest.func1(0xa, 0xc000799620, 0xc00030e1a0)
	D:/Go/src/6.824/src/kvraft/test_test.go:291 +0x5f9
6.824/kvraft.run_client(0x9bc7b2, 0xc0004d0000, 0xc00009c000, 0x8, 0xc0007ea500)
	D:/Go/src/6.824/src/kvraft/test_test.go:103 +0xe4
created by 6.824/kvraft.spawn_clients_and_wait
	D:/Go/src/6.824/src/kvraft/test_test.go:113 +0x51

goroutine 113980 [chan send, 9 minutes]:
6.824/kvraft.GenericTest.func1.1()
	D:/Go/src/6.824/src/kvraft/test_test.go:256 +0x3f
6.824/kvraft.GenericTest.func1(0xe, 0xc000d401e0, 0xc00030e1a0)
	D:/Go/src/6.824/src/kvraft/test_test.go:291 +0x5f9
6.824/kvraft.run_client(0xc0001efc80, 0xc0004d0000, 0xb2, 0xc0001ef8c0, 0xc0007ea500)
	D:/Go/src/6.824/src/kvraft/test_test.go:103 +0xe4
created by 6.824/kvraft.spawn_clients_and_wait
	D:/Go/src/6.824/src/kvraft/test_test.go:113 +0x51

goroutine 113983 [chan send, 9 minutes]:
6.824/kvraft.GenericTest.func1.1()
	D:/Go/src/6.824/src/kvraft/test_test.go:256 +0x3f
6.824/kvraft.GenericTest.func1(0x11, 0xc000d40540, 0xc00030e1a0)
	D:/Go/src/6.824/src/kvraft/test_test.go:291 +0x5f9
6.824/kvraft.run_client(0xc000234000, 0xc0004d0000, 0x28a, 0xc0009ad3e0, 0xc0007ea500)
	D:/Go/src/6.824/src/kvraft/test_test.go:103 +0xe4
created by 6.824/kvraft.spawn_clients_and_wait
	D:/Go/src/6.824/src/kvraft/test_test.go:113 +0x51

goroutine 113985 [chan send, 9 minutes]:
6.824/kvraft.GenericTest.func1.1()
	D:/Go/src/6.824/src/kvraft/test_test.go:256 +0x3f
6.824/kvraft.GenericTest.func1(0x13, 0xc0007989c0, 0xc00030e1a0)
	D:/Go/src/6.824/src/kvraft/test_test.go:291 +0x5f9
6.824/kvraft.run_client(0xc000a6cb00, 0xc0004d0000, 0x28a, 0xc000817ce0, 0xc0007ea500)
	D:/Go/src/6.824/src/kvraft/test_test.go:103 +0xe4
created by 6.824/kvraft.spawn_clients_and_wait
	D:/Go/src/6.824/src/kvraft/test_test.go:113 +0x51

goroutine 157473 [chan receive]:
6.824/kvraft.(*KVServer).doExecute(0xc0002b1180)
	D:/Go/src/6.824/src/kvraft/server.go:123 +0x70
created by 6.824/kvraft.StartKVServer
	D:/Go/src/6.824/src/kvraft/server.go:200 +0x229

goroutine 113975 [chan send, 9 minutes]:
6.824/kvraft.GenericTest.func1.1()
	D:/Go/src/6.824/src/kvraft/test_test.go:256 +0x3f
6.824/kvraft.GenericTest.func1(0x9, 0xc000799500, 0xc00030e1a0)
	D:/Go/src/6.824/src/kvraft/test_test.go:291 +0x5f9
6.824/kvraft.run_client(0xc00014c3c0, 0xc0004d0000, 0xc000857300, 0x101a, 0xc0007ea500)
	D:/Go/src/6.824/src/kvraft/test_test.go:103 +0xe4
created by 6.824/kvraft.spawn_clients_and_wait
	D:/Go/src/6.824/src/kvraft/test_test.go:113 +0x51

goroutine 113974 [chan send, 9 minutes]:
6.824/kvraft.GenericTest.func1.1()
	D:/Go/src/6.824/src/kvraft/test_test.go:256 +0x3f
6.824/kvraft.GenericTest.func1(0x8, 0xc0007993e0, 0xc00030e1a0)
	D:/Go/src/6.824/src/kvraft/test_test.go:291 +0x5f9
6.824/kvraft.run_client(0x9bc112, 0xc0004d0000, 0xc000080620, 0xc, 0xc0007ea500)
	D:/Go/src/6.824/src/kvraft/test_test.go:103 +0xe4
created by 6.824/kvraft.spawn_clients_and_wait
	D:/Go/src/6.824/src/kvraft/test_test.go:113 +0x51

goroutine 113977 [chan send, 9 minutes]:
6.824/kvraft.GenericTest.func1.1()
	D:/Go/src/6.824/src/kvraft/test_test.go:256 +0x3f
6.824/kvraft.GenericTest.func1(0xb, 0xc000799e60, 0xc00030e1a0)
	D:/Go/src/6.824/src/kvraft/test_test.go:291 +0x5f9
6.824/kvraft.run_client(0x9bc112, 0xc0004d0000, 0xc000a1dfd0, 0x9d024d, 0xc0007ea500)
	D:/Go/src/6.824/src/kvraft/test_test.go:103 +0xe4
created by 6.824/kvraft.spawn_clients_and_wait
	D:/Go/src/6.824/src/kvraft/test_test.go:113 +0x51

goroutine 157469 [chan receive]:
6.824/kvraft.(*KVServer).doExecute(0xc0002b0960)
	D:/Go/src/6.824/src/kvraft/server.go:123 +0x70
created by 6.824/kvraft.StartKVServer
	D:/Go/src/6.824/src/kvraft/server.go:200 +0x229

goroutine 157471 [chan receive]:
6.824/kvraft.(*KVServer).doExecute(0xc0002b0d20)
	D:/Go/src/6.824/src/kvraft/server.go:123 +0x70
created by 6.824/kvraft.StartKVServer
	D:/Go/src/6.824/src/kvraft/server.go:200 +0x229

goroutine 15064791 [sleep]:
time.Sleep(0x4c4b400)
	D:/ProgramFiles/Go/src/runtime/time.go:193 +0x133
6.824/raft.(*Raft).heartTicker(0xc00014c1e0, 0xc0004a7db0)
	D:/Go/src/6.824/src/raft/raft.go:615 +0x4f
created by 6.824/raft.(*Raft).BeLeader
	D:/Go/src/6.824/src/raft/raft.go:607 +0xcf

goroutine 157507 [chan receive]:
6.824/kvraft.(*KVServer).doExecute(0xc0002b1270)
	D:/Go/src/6.824/src/kvraft/server.go:123 +0x70
created by 6.824/kvraft.StartKVServer
	D:/Go/src/6.824/src/kvraft/server.go:200 +0x229

goroutine 157467 [chan receive]:
6.824/kvraft.(*KVServer).doExecute(0xc0002b0370)
	D:/Go/src/6.824/src/kvraft/server.go:123 +0x70
created by 6.824/kvraft.StartKVServer
	D:/Go/src/6.824/src/kvraft/server.go:200 +0x229
exit status 2
FAIL	6.824/kvraft	600.060s
