Test: InstallSnapshot RPC (3B) ...
  ... Passed --   4.7  3  1215   63
Test: snapshot size is reasonable (3B) ...
  ... Passed --   4.2  3  3417  800
Test: ops complete fast enough (3B) ...
  ... Passed --   5.7  3  4186    0
Test: restarts, snapshots, one client (3B) ...
  ... Passed --  21.1  5 16164 2697
Test: restarts, snapshots, many clients (3B) ...
  ... Passed --  21.5  5 95240 17699
Test: unreliable net, snapshots, many clients (3B) ...
  ... Passed --  30.5  5  4235  137
Test: unreliable net, restarts, snapshots, many clients (3B) ...
  ... Passed --  39.4  5  4509  199
Test: unreliable net, restarts, partitions, snapshots, many clients (3B) ...
  ... Passed --  36.5  5  4047  154
Test: unreliable net, restarts, partitions, snapshots, random keys, many clients (3B) ...
panic: runtime error: index out of range [21] with length 20

goroutine 509390 [running]:
6.824/raft.(*Raft).GetLogTerm(...)
	D:/Go/src/6.824/src/raft/raft.go:101
6.824/raft.(*Raft).sendMsg(0xc00022a4b0, 0x10)
	D:/Go/src/6.824/src/raft/raft.go:292 +0x530
6.824/raft.(*Raft).heartTicker(0xc00022a4b0, 0xc0002ec410)
	D:/Go/src/6.824/src/raft/raft.go:616 +0x5e
created by 6.824/raft.(*Raft).BeLeader
	D:/Go/src/6.824/src/raft/raft.go:607 +0xcf
exit status 2
FAIL	6.824/kvraft	169.457s
