Test: InstallSnapshot RPC (3B) ...
  ... Passed --   3.7  3  2492   63
Test: snapshot size is reasonable (3B) ...
  ... Passed --   3.3  3  4221  800
Test: ops complete fast enough (3B) ...
  ... Passed --   4.9  3  5116    0
Test: restarts, snapshots, one client (3B) ...
  ... Passed --  20.0  5 18520 2527
Test: restarts, snapshots, many clients (3B) ...
  ... Passed --  21.2  5 37450 5661
Test: unreliable net, snapshots, many clients (3B) ...
  ... Passed --  35.0  5  4193  173
Test: unreliable net, restarts, snapshots, many clients (3B) ...
  ... Passed --  30.9  5  3643  224
Test: unreliable net, restarts, partitions, snapshots, many clients (3B) ...
  ... Passed --  37.2  5  3968  146
Test: unreliable net, restarts, partitions, snapshots, random keys, many clients (3B) ...
panic: test timed out after 10m0s

goroutine 389432 [running]:
testing.(*M).startAlarm.func1()
	D:/ProgramFiles/Go/src/testing/testing.go:1788 +0x8e
created by time.goFunc
	D:/ProgramFiles/Go/src/time/sleep.go:180 +0x31

goroutine 1 [chan receive, 7 minutes]:
testing.(*T).Run(0xc0000856c0, {0x1191014, 0x102c253}, 0x11993c0)
	D:/ProgramFiles/Go/src/testing/testing.go:1307 +0x375
testing.runTests.func1(0xc0000856c0)
	D:/ProgramFiles/Go/src/testing/testing.go:1598 +0x6e
testing.tRunner(0xc0000856c0, 0xc0000c3d18)
	D:/ProgramFiles/Go/src/testing/testing.go:1259 +0x102
testing.runTests(0xc000106000, {0x12e52e0, 0x17, 0x17}, {0x104d42d, 0x185a81, 0x12e8d60})
	D:/ProgramFiles/Go/src/testing/testing.go:1596 +0x43f
testing.(*M).Run(0xc000106000)
	D:/ProgramFiles/Go/src/testing/testing.go:1504 +0x51d
main.main()
	_testmain.go:87 +0x14b

goroutine 286800 [semacquire, 6 minutes]:
sync.runtime_SemacquireMutex(0xc0005cdc08, 0xe7, 0xc0005cdc08)
	D:/ProgramFiles/Go/src/runtime/sema.go:71 +0x25
sync.(*Mutex).lockSlow(0xc000064788)
	D:/ProgramFiles/Go/src/sync/mutex.go:138 +0x165
sync.(*Mutex).Lock(...)
	D:/ProgramFiles/Go/src/sync/mutex.go:81
6.824/raft.(*Raft).Kill(0xc000595dc0)
	D:/Go/src/6.824/src/raft/raft.go:577 +0x45
6.824/kvraft.(*KVServer).Kill(...)
	D:/Go/src/6.824/src/kvraft/server.go:91
6.824/kvraft.(*config).ShutdownServer(0xc0001d60c0, 0x2)
	D:/Go/src/6.824/src/kvraft/config.go:280 +0x1a5
6.824/kvraft.GenericTest(0xc0001d9a00, {0x1183378, 0x2}, 0xf, 0x7, 0x1, 0x1, 0x1, 0x3e8, 0x1)
	D:/Go/src/6.824/src/kvraft/test_test.go:318 +0xea5
6.824/kvraft.TestSnapshotUnreliableRecoverConcurrentPartitionLinearizable3B(0xc000225d40)
	D:/Go/src/6.824/src/kvraft/test_test.go:715 +0x45
testing.tRunner(0xc0001d9a00, 0x11993c0)
	D:/ProgramFiles/Go/src/testing/testing.go:1259 +0x102
created by testing.(*T).Run
	D:/ProgramFiles/Go/src/testing/testing.go:1306 +0x35a

goroutine 313831 [chan receive, 6 minutes]:
6.824/labrpc.(*Network).processReq.func2()
	D:/Go/src/6.824/src/labrpc/labrpc.go:258 +0x1f
created by 6.824/labrpc.(*Network).processReq
	D:/Go/src/6.824/src/labrpc/labrpc.go:257 +0x4db

goroutine 389413 [sleep]:
time.Sleep(0x1312d00)
	D:/ProgramFiles/Go/src/runtime/time.go:193 +0x133
6.824/labrpc.(*Network).processReq(0xc00053e780, {{0x114f780, 0xc00051bf80}, {0x11858b3, 0xe}, {0x11d2520, 0x1147900}, {0xc0001bb560, 0xdd, 0x120}, ...})
	D:/Go/src/6.824/src/labrpc/labrpc.go:225 +0xc5
created by 6.824/labrpc.MakeNetwork.func1
	D:/Go/src/6.824/src/labrpc/labrpc.go:157 +0x3e

goroutine 313814 [chan receive, 6 minutes]:
6.824/labrpc.(*Network).processReq.func2()
	D:/Go/src/6.824/src/labrpc/labrpc.go:258 +0x1f
created by 6.824/labrpc.(*Network).processReq
	D:/Go/src/6.824/src/labrpc/labrpc.go:257 +0x4db

goroutine 389414 [sleep]:
time.Sleep(0x121eac0)
	D:/ProgramFiles/Go/src/runtime/time.go:193 +0x133
6.824/labrpc.(*Network).processReq(0xc00053e780, {{0x114f780, 0xc00051bf60}, {0x11858b3, 0xe}, {0x11d2520, 0x1147900}, {0xc0004697a0, 0xdd, 0x120}, ...})
	D:/Go/src/6.824/src/labrpc/labrpc.go:225 +0xc5
created by 6.824/labrpc.MakeNetwork.func1
	D:/Go/src/6.824/src/labrpc/labrpc.go:157 +0x3e

goroutine 389405 [chan receive]:
6.824/labrpc.(*ClientEnd).Call(0xc0003e6960, {0x11858b3, 0x1113065}, {0x1147900, 0xc00023f020}, {0x1147940, 0xc00060d360})
	D:/Go/src/6.824/src/labrpc/labrpc.go:112 +0x26e
6.824/raft.(*Raft).sendAppendLog(...)
	D:/Go/src/6.824/src/raft/raft.go:460
6.824/raft.(*Raft).sendMsg.func1(0x1)
	D:/Go/src/6.824/src/raft/raft.go:302 +0x90
created by 6.824/raft.(*Raft).sendMsg
	D:/Go/src/6.824/src/raft/raft.go:300 +0x4a5

goroutine 313834 [chan receive, 6 minutes]:
6.824/labrpc.(*Network).processReq.func2()
	D:/Go/src/6.824/src/labrpc/labrpc.go:258 +0x1f
created by 6.824/labrpc.(*Network).processReq
	D:/Go/src/6.824/src/labrpc/labrpc.go:257 +0x4db

goroutine 308212 [chan send, 6 minutes]:
6.824/kvraft.GenericTest.func1.1()
	D:/Go/src/6.824/src/kvraft/test_test.go:256 +0x3f
6.824/kvraft.GenericTest.func1(0x4, 0xc0001c6dc0, 0xc0001d9a00)
	D:/Go/src/6.824/src/kvraft/test_test.go:291 +0x5f9
6.824/kvraft.run_client(0xc0004a35c0, 0xc0001d60c0, 0xc000365fd0, 0x111b62d, 0xc0000534a0)
	D:/Go/src/6.824/src/kvraft/test_test.go:103 +0xe4
created by 6.824/kvraft.spawn_clients_and_wait
	D:/Go/src/6.824/src/kvraft/test_test.go:113 +0x51

goroutine 313172 [semacquire, 6 minutes]:
sync.runtime_SemacquireMutex(0xc0005ef398, 0xbd, 0x60)
	D:/ProgramFiles/Go/src/runtime/sema.go:71 +0x25
sync.(*Mutex).lockSlow(0xc00026ba40)
	D:/ProgramFiles/Go/src/sync/mutex.go:138 +0x165
sync.(*Mutex).Lock(...)
	D:/ProgramFiles/Go/src/sync/mutex.go:81
6.824/kvraft.(*KVServer).lock(...)
	D:/Go/src/6.824/src/kvraft/server.go:35
6.824/kvraft.(*KVServer).Do(0xc00026ba40, 0xc00030f080, 0xc00010c108)
	D:/Go/src/6.824/src/kvraft/server.go:44 +0x79
reflect.Value.call({0xc00005e060, 0xc000169208, 0xc0005efb10}, {0x11835ed, 0x4}, {0xc0005efc68, 0x3, 0xc0005efb40})
	D:/ProgramFiles/Go/src/reflect/value.go:543 +0x814
reflect.Value.Call({0xc00005e060, 0xc000169208, 0xc0001a6dd8}, {0xc0005efc68, 0x3, 0x3})
	D:/ProgramFiles/Go/src/reflect/value.go:339 +0xc5
6.824/labrpc.(*Service).dispatch(0xc0003cd340, {0x1184b22, 0x2}, {{0x114f780, 0xc00017c090}, {0x1184b19, 0xb}, {0x11d2520, 0x11573e0}, {0xc000252160, ...}, ...})
	D:/Go/src/6.824/src/labrpc/labrpc.go:496 +0x39d
6.824/labrpc.(*Server).dispatch(0xc00027a4f8, {{0x114f780, 0xc00017c090}, {0x1184b19, 0xb}, {0x11d2520, 0x11573e0}, {0xc000252160, 0x5b, 0xa5}, ...})
	D:/Go/src/6.824/src/labrpc/labrpc.go:420 +0x1fe
6.824/labrpc.(*Network).processReq.func1()
	D:/Go/src/6.824/src/labrpc/labrpc.go:240 +0x58
created by 6.824/labrpc.(*Network).processReq
	D:/Go/src/6.824/src/labrpc/labrpc.go:239 +0x1df

goroutine 313816 [chan receive, 6 minutes]:
6.824/labrpc.(*Network).processReq.func2()
	D:/Go/src/6.824/src/labrpc/labrpc.go:258 +0x1f
created by 6.824/labrpc.(*Network).processReq
	D:/Go/src/6.824/src/labrpc/labrpc.go:257 +0x4db

goroutine 313283 [semacquire, 6 minutes]:
sync.runtime_SemacquireMutex(0xc000653398, 0xbd, 0x60)
	D:/ProgramFiles/Go/src/runtime/sema.go:71 +0x25
sync.(*Mutex).lockSlow(0xc00026ba40)
	D:/ProgramFiles/Go/src/sync/mutex.go:138 +0x165
sync.(*Mutex).Lock(...)
	D:/ProgramFiles/Go/src/sync/mutex.go:81
6.824/kvraft.(*KVServer).lock(...)
	D:/Go/src/6.824/src/kvraft/server.go:35
6.824/kvraft.(*KVServer).Do(0xc00026ba40, 0xc000548a20, 0xc00059f368)
	D:/Go/src/6.824/src/kvraft/server.go:44 +0x79
reflect.Value.call({0xc00005e060, 0xc000169208, 0xc000653b10}, {0x11835ed, 0x4}, {0xc000653c68, 0x3, 0xc000653b40})
	D:/ProgramFiles/Go/src/reflect/value.go:543 +0x814
reflect.Value.Call({0xc00005e060, 0xc000169208, 0xc000278c48}, {0xc000653c68, 0x3, 0x3})
	D:/ProgramFiles/Go/src/reflect/value.go:339 +0xc5
6.824/labrpc.(*Service).dispatch(0xc0003cd340, {0x1184b22, 0x2}, {{0x114f780, 0xc00017c5d0}, {0x1184b19, 0xb}, {0x11d2520, 0x11573e0}, {0xc000394160, ...}, ...})
	D:/Go/src/6.824/src/labrpc/labrpc.go:496 +0x39d
6.824/labrpc.(*Server).dispatch(0xc00027a4f8, {{0x114f780, 0xc00017c5d0}, {0x1184b19, 0xb}, {0x11d2520, 0x11573e0}, {0xc000394160, 0x64, 0xae}, ...})
	D:/Go/src/6.824/src/labrpc/labrpc.go:420 +0x1fe
6.824/labrpc.(*Network).processReq.func1()
	D:/Go/src/6.824/src/labrpc/labrpc.go:240 +0x58
created by 6.824/labrpc.(*Network).processReq
	D:/Go/src/6.824/src/labrpc/labrpc.go:239 +0x1df

goroutine 313232 [semacquire, 6 minutes]:
sync.runtime_SemacquireMutex(0x1147900, 0x1, 0x12d7910)
	D:/ProgramFiles/Go/src/runtime/sema.go:71 +0x25
sync.(*Mutex).lockSlow(0xc000064788)
	D:/ProgramFiles/Go/src/sync/mutex.go:138 +0x165
sync.(*Mutex).Lock(...)
	D:/ProgramFiles/Go/src/sync/mutex.go:81
6.824/raft.(*Raft).commitLog(0xc000064780, {0xc00010b700, 0x1e, 0xc00053e780})
	D:/Go/src/6.824/src/raft/raft.go:313 +0x56
created by 6.824/raft.(*Raft).AppendLog
	D:/Go/src/6.824/src/raft/raft.go:402 +0x638

goroutine 313843 [chan receive, 6 minutes]:
6.824/labrpc.(*Network).processReq.func2()
	D:/Go/src/6.824/src/labrpc/labrpc.go:258 +0x1f
created by 6.824/labrpc.(*Network).processReq
	D:/Go/src/6.824/src/labrpc/labrpc.go:257 +0x4db

goroutine 308222 [chan send, 6 minutes]:
6.824/kvraft.GenericTest.func1.1()
	D:/Go/src/6.824/src/kvraft/test_test.go:256 +0x3f
6.824/kvraft.GenericTest.func1(0xe, 0xc0001c6d40, 0xc0001d9a00)
	D:/Go/src/6.824/src/kvraft/test_test.go:291 +0x5f9
6.824/kvraft.run_client(0xc0005b2b40, 0xc0001d60c0, 0x120, 0xc000428540, 0xc0000534a0)
	D:/Go/src/6.824/src/kvraft/test_test.go:103 +0xe4
created by 6.824/kvraft.spawn_clients_and_wait
	D:/Go/src/6.824/src/kvraft/test_test.go:113 +0x51

goroutine 308210 [chan send, 6 minutes]:
6.824/kvraft.GenericTest.func1.1()
	D:/Go/src/6.824/src/kvraft/test_test.go:256 +0x3f
6.824/kvraft.GenericTest.func1(0x2, 0xc0001c75c0, 0xc0001d9a00)
	D:/Go/src/6.824/src/kvraft/test_test.go:291 +0x5f9
6.824/kvraft.run_client(0x111c732, 0xc0001d60c0, 0xc0000c6780, 0xe, 0xc0000534a0)
	D:/Go/src/6.824/src/kvraft/test_test.go:103 +0xe4
created by 6.824/kvraft.spawn_clients_and_wait
	D:/Go/src/6.824/src/kvraft/test_test.go:113 +0x51

goroutine 388345 [sleep]:
time.Sleep(0x4c4b400)
	D:/ProgramFiles/Go/src/runtime/time.go:193 +0x133
6.824/raft.(*Raft).heartTicker(0xc0004b4000, 0xc00053e780)
	D:/Go/src/6.824/src/raft/raft.go:615 +0x4f
created by 6.824/raft.(*Raft).BeLeader
	D:/Go/src/6.824/src/raft/raft.go:607 +0xcf

goroutine 308211 [chan send, 6 minutes]:
6.824/kvraft.GenericTest.func1.1()
	D:/Go/src/6.824/src/kvraft/test_test.go:256 +0x3f
6.824/kvraft.GenericTest.func1(0x3, 0xc000221840, 0xc0001d9a00)
	D:/Go/src/6.824/src/kvraft/test_test.go:291 +0x5f9
6.824/kvraft.run_client(0xc0004a27e0, 0xc0001d60c0, 0x120, 0xc000406840, 0xc0000534a0)
	D:/Go/src/6.824/src/kvraft/test_test.go:103 +0xe4
created by 6.824/kvraft.spawn_clients_and_wait
	D:/Go/src/6.824/src/kvraft/test_test.go:113 +0x51

goroutine 286801 [select]:
6.824/labrpc.MakeNetwork.func1()
	D:/Go/src/6.824/src/labrpc/labrpc.go:153 +0xbe
created by 6.824/labrpc.MakeNetwork
	D:/Go/src/6.824/src/labrpc/labrpc.go:151 +0x17b

goroutine 308213 [chan send, 6 minutes]:
6.824/kvraft.GenericTest.func1.1()
	D:/Go/src/6.824/src/kvraft/test_test.go:256 +0x3f
6.824/kvraft.GenericTest.func1(0x5, 0xc0001c6e40, 0xc0001d9a00)
	D:/Go/src/6.824/src/kvraft/test_test.go:291 +0x5f9
6.824/kvraft.run_client(0xc00000ad50, 0xc0001d60c0, 0xc000679fd0, 0x111b62d, 0xc0000534a0)
	D:/Go/src/6.824/src/kvraft/test_test.go:103 +0xe4
created by 6.824/kvraft.spawn_clients_and_wait
	D:/Go/src/6.824/src/kvraft/test_test.go:113 +0x51

goroutine 389406 [chan receive]:
6.824/labrpc.(*ClientEnd).Call(0xc0003e6980, {0x11858b3, 0xc0004075c0}, {0x1147900, 0xc00023f080}, {0x1147940, 0xc00037ff60})
	D:/Go/src/6.824/src/labrpc/labrpc.go:112 +0x26e
6.824/raft.(*Raft).sendAppendLog(...)
	D:/Go/src/6.824/src/raft/raft.go:460
6.824/raft.(*Raft).sendMsg.func1(0x2)
	D:/Go/src/6.824/src/raft/raft.go:302 +0x90
created by 6.824/raft.(*Raft).sendMsg
	D:/Go/src/6.824/src/raft/raft.go:300 +0x4a5

goroutine 308193 [chan send, 6 minutes]:
6.824/kvraft.GenericTest.func1.1()
	D:/Go/src/6.824/src/kvraft/test_test.go:256 +0x3f
6.824/kvraft.GenericTest.func1(0x1, 0xc0001c7540, 0xc0001d9a00)
	D:/Go/src/6.824/src/kvraft/test_test.go:291 +0x5f9
6.824/kvraft.run_client(0xc000212050, 0xc0001d60c0, 0xc0004ddfd0, 0x111b62d, 0xc0000534a0)
	D:/Go/src/6.824/src/kvraft/test_test.go:103 +0xe4
created by 6.824/kvraft.spawn_clients_and_wait
	D:/Go/src/6.824/src/kvraft/test_test.go:113 +0x51

goroutine 308218 [chan send, 6 minutes]:
6.824/kvraft.GenericTest.func1.1()
	D:/Go/src/6.824/src/kvraft/test_test.go:256 +0x3f
6.824/kvraft.GenericTest.func1(0xa, 0xc0001c7240, 0xc0001d9a00)
	D:/Go/src/6.824/src/kvraft/test_test.go:291 +0x5f9
6.824/kvraft.run_client(0xc000087380, 0xc0001d60c0, 0xc000263fd0, 0x111b62d, 0xc0000534a0)
	D:/Go/src/6.824/src/kvraft/test_test.go:103 +0xe4
created by 6.824/kvraft.spawn_clients_and_wait
	D:/Go/src/6.824/src/kvraft/test_test.go:113 +0x51

goroutine 312554 [chan send, 6 minutes]:
6.824/raft.(*Raft).commitLog(0xc000064780, {0xc00010b700, 0x18, 0xc00053e780})
	D:/Go/src/6.824/src/raft/raft.go:326 +0x135
created by 6.824/raft.(*Raft).AppendLog
	D:/Go/src/6.824/src/raft/raft.go:402 +0x638

goroutine 301684 [chan receive, 6 minutes]:
6.824/kvraft.(*KVServer).doExecute(0xc000696050)
	D:/Go/src/6.824/src/kvraft/server.go:123 +0x70
created by 6.824/kvraft.StartKVServer
	D:/Go/src/6.824/src/kvraft/server.go:200 +0x229

goroutine 308216 [chan send, 6 minutes]:
6.824/kvraft.GenericTest.func1.1()
	D:/Go/src/6.824/src/kvraft/test_test.go:256 +0x3f
6.824/kvraft.GenericTest.func1(0x8, 0xc0001c70c0, 0xc0001d9a00)
	D:/Go/src/6.824/src/kvraft/test_test.go:291 +0x5f9
6.824/kvraft.run_client(0xc00008eea0, 0xc0001d60c0, 0x120, 0xc0004073e0, 0xc0000534a0)
	D:/Go/src/6.824/src/kvraft/test_test.go:103 +0xe4
created by 6.824/kvraft.spawn_clients_and_wait
	D:/Go/src/6.824/src/kvraft/test_test.go:113 +0x51

goroutine 313654 [semacquire, 6 minutes]:
sync.runtime_SemacquireMutex(0xc000601398, 0xbd, 0x60)
	D:/ProgramFiles/Go/src/runtime/sema.go:71 +0x25
sync.(*Mutex).lockSlow(0xc00026ba40)
	D:/ProgramFiles/Go/src/sync/mutex.go:138 +0x165
sync.(*Mutex).Lock(...)
	D:/ProgramFiles/Go/src/sync/mutex.go:81
6.824/kvraft.(*KVServer).lock(...)
	D:/Go/src/6.824/src/kvraft/server.go:35
6.824/kvraft.(*KVServer).Do(0xc00026ba40, 0xc0004e0540, 0xc0003ce900)
	D:/Go/src/6.824/src/kvraft/server.go:44 +0x79
reflect.Value.call({0xc00005e060, 0xc000169208, 0xc000601b10}, {0x11835ed, 0x4}, {0xc000601c68, 0x3, 0xc000601b40})
	D:/ProgramFiles/Go/src/reflect/value.go:543 +0x814
reflect.Value.Call({0xc00005e060, 0xc000169208, 0xc0003ea870}, {0xc000601c68, 0x3, 0x3})
	D:/ProgramFiles/Go/src/reflect/value.go:339 +0xc5
6.824/labrpc.(*Service).dispatch(0xc0003cd340, {0x1184b22, 0x2}, {{0x114f780, 0xc00028b110}, {0x1184b19, 0xb}, {0x11d2520, 0x11573e0}, {0xc00022e160, ...}, ...})
	D:/Go/src/6.824/src/labrpc/labrpc.go:496 +0x39d
6.824/labrpc.(*Server).dispatch(0xc00027a4f8, {{0x114f780, 0xc00028b110}, {0x1184b19, 0xb}, {0x11d2520, 0x11573e0}, {0xc00022e160, 0x5b, 0xa5}, ...})
	D:/Go/src/6.824/src/labrpc/labrpc.go:420 +0x1fe
6.824/labrpc.(*Network).processReq.func1()
	D:/Go/src/6.824/src/labrpc/labrpc.go:240 +0x58
created by 6.824/labrpc.(*Network).processReq
	D:/Go/src/6.824/src/labrpc/labrpc.go:239 +0x1df

goroutine 301682 [chan receive, 6 minutes]:
6.824/kvraft.(*KVServer).doExecute(0xc000696000)
	D:/Go/src/6.824/src/kvraft/server.go:123 +0x70
created by 6.824/kvraft.StartKVServer
	D:/Go/src/6.824/src/kvraft/server.go:200 +0x229

goroutine 312649 [semacquire, 6 minutes]:
sync.runtime_SemacquireMutex(0xc00068df60, 0x65, 0x0)
	D:/ProgramFiles/Go/src/runtime/sema.go:71 +0x25
sync.(*Mutex).lockSlow(0xc000064788)
	D:/ProgramFiles/Go/src/sync/mutex.go:138 +0x165
sync.(*Mutex).Lock(...)
	D:/ProgramFiles/Go/src/sync/mutex.go:81
6.824/raft.(*Raft).commitLog(0xc000064780, {0xc00010b700, 0x1a, 0x0})
	D:/Go/src/6.824/src/raft/raft.go:313 +0x56
created by 6.824/raft.(*Raft).AppendLog
	D:/Go/src/6.824/src/raft/raft.go:402 +0x638

goroutine 301644 [chan receive, 6 minutes]:
6.824/kvraft.(*KVServer).doExecute(0xc000696960)
	D:/Go/src/6.824/src/kvraft/server.go:123 +0x70
created by 6.824/kvraft.StartKVServer
	D:/Go/src/6.824/src/kvraft/server.go:200 +0x229

goroutine 311543 [semacquire, 6 minutes]:
sync.runtime_SemacquireMutex(0xc0003b4968, 0xf7, 0x3b9aca00)
	D:/ProgramFiles/Go/src/runtime/sema.go:71 +0x25
sync.(*Mutex).lockSlow(0xc00026ba40)
	D:/ProgramFiles/Go/src/sync/mutex.go:138 +0x165
sync.(*Mutex).Lock(...)
	D:/ProgramFiles/Go/src/sync/mutex.go:81
6.824/kvraft.(*KVServer).lock(...)
	D:/Go/src/6.824/src/kvraft/server.go:35
6.824/kvraft.(*KVServer).Do(0xc00026ba40, 0xc000444390, 0xc0003321b0)
	D:/Go/src/6.824/src/kvraft/server.go:74 +0x31f
reflect.Value.call({0xc00005e060, 0xc000169208, 0xc0001cbb10}, {0x11835ed, 0x4}, {0xc0001cbc68, 0x3, 0xc0001cbb40})
	D:/ProgramFiles/Go/src/reflect/value.go:543 +0x814
reflect.Value.Call({0xc00005e060, 0xc000169208, 0xc000006058}, {0xc0001cbc68, 0x3, 0x3})
	D:/ProgramFiles/Go/src/reflect/value.go:339 +0xc5
6.824/labrpc.(*Service).dispatch(0xc0003cd340, {0x1184b22, 0x2}, {{0x114f780, 0xc00028b7a0}, {0x1184b19, 0xb}, {0x11d2520, 0x11573e0}, {0xc000252840, ...}, ...})
	D:/Go/src/6.824/src/labrpc/labrpc.go:496 +0x39d
6.824/labrpc.(*Server).dispatch(0xc00027a4f8, {{0x114f780, 0xc00028b7a0}, {0x1184b19, 0xb}, {0x11d2520, 0x11573e0}, {0xc000252840, 0x5c, 0xa6}, ...})
	D:/Go/src/6.824/src/labrpc/labrpc.go:420 +0x1fe
6.824/labrpc.(*Network).processReq.func1()
	D:/Go/src/6.824/src/labrpc/labrpc.go:240 +0x58
created by 6.824/labrpc.(*Network).processReq
	D:/Go/src/6.824/src/labrpc/labrpc.go:239 +0x1df

goroutine 313068 [semacquire, 6 minutes]:
sync.runtime_SemacquireMutex(0xc000093398, 0xbd, 0x60)
	D:/ProgramFiles/Go/src/runtime/sema.go:71 +0x25
sync.(*Mutex).lockSlow(0xc00026ba40)
	D:/ProgramFiles/Go/src/sync/mutex.go:138 +0x165
sync.(*Mutex).Lock(...)
	D:/ProgramFiles/Go/src/sync/mutex.go:81
6.824/kvraft.(*KVServer).lock(...)
	D:/Go/src/6.824/src/kvraft/server.go:35
6.824/kvraft.(*KVServer).Do(0xc00026ba40, 0xc0002b25a0, 0xc000005638)
	D:/Go/src/6.824/src/kvraft/server.go:44 +0x79
reflect.Value.call({0xc00005e060, 0xc000169208, 0xc000093b10}, {0x11835ed, 0x4}, {0xc000093c68, 0x3, 0xc000093b40})
	D:/ProgramFiles/Go/src/reflect/value.go:543 +0x814
reflect.Value.Call({0xc00005e060, 0xc000169208, 0xc0000c4d48}, {0xc000093c68, 0x3, 0x3})
	D:/ProgramFiles/Go/src/reflect/value.go:339 +0xc5
6.824/labrpc.(*Service).dispatch(0xc0003cd340, {0x1184b22, 0x2}, {{0x114f780, 0xc000491df0}, {0x1184b19, 0xb}, {0x11d2520, 0x11573e0}, {0xc00022e000, ...}, ...})
	D:/Go/src/6.824/src/labrpc/labrpc.go:496 +0x39d
6.824/labrpc.(*Server).dispatch(0xc00027a4f8, {{0x114f780, 0xc000491df0}, {0x1184b19, 0xb}, {0x11d2520, 0x11573e0}, {0xc00022e000, 0x66, 0xb0}, ...})
	D:/Go/src/6.824/src/labrpc/labrpc.go:420 +0x1fe
6.824/labrpc.(*Network).processReq.func1()
	D:/Go/src/6.824/src/labrpc/labrpc.go:240 +0x58
created by 6.824/labrpc.(*Network).processReq
	D:/Go/src/6.824/src/labrpc/labrpc.go:239 +0x1df

goroutine 312623 [semacquire, 6 minutes]:
sync.runtime_SemacquireMutex(0x46, 0x1, 0x12d7920)
	D:/ProgramFiles/Go/src/runtime/sema.go:71 +0x25
sync.(*Mutex).lockSlow(0xc000064788)
	D:/ProgramFiles/Go/src/sync/mutex.go:138 +0x165
sync.(*Mutex).Lock(...)
	D:/ProgramFiles/Go/src/sync/mutex.go:81
6.824/raft.(*Raft).commitLog(0xc000064780, {0xc00010b700, 0x19, 0xc00053e780})
	D:/Go/src/6.824/src/raft/raft.go:313 +0x56
created by 6.824/raft.(*Raft).AppendLog
	D:/Go/src/6.824/src/raft/raft.go:402 +0x638

goroutine 313833 [chan receive, 6 minutes]:
6.824/labrpc.(*Network).processReq.func2()
	D:/Go/src/6.824/src/labrpc/labrpc.go:258 +0x1f
created by 6.824/labrpc.(*Network).processReq
	D:/Go/src/6.824/src/labrpc/labrpc.go:257 +0x4db

goroutine 313729 [chan receive, 6 minutes]:
6.824/labrpc.(*Network).processReq.func2()
	D:/Go/src/6.824/src/labrpc/labrpc.go:258 +0x1f
created by 6.824/labrpc.(*Network).processReq
	D:/Go/src/6.824/src/labrpc/labrpc.go:257 +0x4db

goroutine 308192 [chan send, 6 minutes]:
6.824/kvraft.GenericTest.func1.1()
	D:/Go/src/6.824/src/kvraft/test_test.go:256 +0x3f
6.824/kvraft.GenericTest.func1(0x0, 0xc0001c7580, 0xc0001d9a00)
	D:/Go/src/6.824/src/kvraft/test_test.go:291 +0x5f9
6.824/kvraft.run_client(0xc000132210, 0xc0001d60c0, 0xa6, 0xc000087500, 0xc0000534a0)
	D:/Go/src/6.824/src/kvraft/test_test.go:103 +0xe4
created by 6.824/kvraft.spawn_clients_and_wait
	D:/Go/src/6.824/src/kvraft/test_test.go:113 +0x51

goroutine 308214 [chan send, 6 minutes]:
6.824/kvraft.GenericTest.func1.1()
	D:/Go/src/6.824/src/kvraft/test_test.go:256 +0x3f
6.824/kvraft.GenericTest.func1(0x6, 0xc0001c6f80, 0xc0001d9a00)
	D:/Go/src/6.824/src/kvraft/test_test.go:291 +0x5f9
6.824/kvraft.run_client(0xc00008ea20, 0xc0001d60c0, 0x120, 0xc000406fc0, 0xc0000534a0)
	D:/Go/src/6.824/src/kvraft/test_test.go:103 +0xe4
created by 6.824/kvraft.spawn_clients_and_wait
	D:/Go/src/6.824/src/kvraft/test_test.go:113 +0x51

goroutine 312681 [semacquire, 6 minutes]:
sync.runtime_SemacquireMutex(0x1, 0x1, 0x12d7920)
	D:/ProgramFiles/Go/src/runtime/sema.go:71 +0x25
sync.(*Mutex).lockSlow(0xc000064788)
	D:/ProgramFiles/Go/src/sync/mutex.go:138 +0x165
sync.(*Mutex).Lock(...)
	D:/ProgramFiles/Go/src/sync/mutex.go:81
6.824/raft.(*Raft).commitLog(0xc000064780, {0xc00010b700, 0x1c, 0xc00053e780})
	D:/Go/src/6.824/src/raft/raft.go:313 +0x56
created by 6.824/raft.(*Raft).AppendLog
	D:/Go/src/6.824/src/raft/raft.go:402 +0x638

goroutine 389442 [sleep]:
time.Sleep(0x1036640)
	D:/ProgramFiles/Go/src/runtime/time.go:193 +0x133
6.824/labrpc.(*Network).processReq(0xc00053e780, {{0x114f780, 0xc00051bfa0}, {0x11858b3, 0xe}, {0x11d2520, 0x1147900}, {0xc00021d200, 0xdd, 0x120}, ...})
	D:/Go/src/6.824/src/labrpc/labrpc.go:225 +0xc5
created by 6.824/labrpc.MakeNetwork.func1
	D:/Go/src/6.824/src/labrpc/labrpc.go:157 +0x3e

goroutine 301419 [sleep]:
time.Sleep(0xd59f800)
	D:/ProgramFiles/Go/src/runtime/time.go:193 +0x133
6.824/raft.(*Raft).electionTicker(0xc0004b40f0)
	D:/Go/src/6.824/src/raft/raft.go:627 +0x95
created by 6.824/raft.Make
	D:/Go/src/6.824/src/raft/raft.go:668 +0x27b

goroutine 301416 [chan send, 6 minutes]:
6.824/kvraft.(*KVServer).doExecute(0xc00026ba40)
	D:/Go/src/6.824/src/kvraft/server.go:149 +0x485
created by 6.824/kvraft.StartKVServer
	D:/Go/src/6.824/src/kvraft/server.go:200 +0x229

goroutine 312809 [semacquire, 6 minutes]:
sync.runtime_SemacquireMutex(0xa, 0x1, 0x12d7920)
	D:/ProgramFiles/Go/src/runtime/sema.go:71 +0x25
sync.(*Mutex).lockSlow(0xc000064788)
	D:/ProgramFiles/Go/src/sync/mutex.go:138 +0x165
sync.(*Mutex).Lock(...)
	D:/ProgramFiles/Go/src/sync/mutex.go:81
6.824/raft.(*Raft).commitLog(0xc000064780, {0xc00010b700, 0x1d, 0xc00053e780})
	D:/Go/src/6.824/src/raft/raft.go:313 +0x56
created by 6.824/raft.(*Raft).AppendLog
	D:/Go/src/6.824/src/raft/raft.go:402 +0x638

goroutine 308217 [chan send, 6 minutes]:
6.824/kvraft.GenericTest.func1.1()
	D:/Go/src/6.824/src/kvraft/test_test.go:256 +0x3f
6.824/kvraft.GenericTest.func1(0x9, 0xc0001c7180, 0xc0001d9a00)
	D:/Go/src/6.824/src/kvraft/test_test.go:291 +0x5f9
6.824/kvraft.run_client(0xc00005b320, 0xc0001d60c0, 0x120, 0xc000086e40, 0xc0000534a0)
	D:/Go/src/6.824/src/kvraft/test_test.go:103 +0xe4
created by 6.824/kvraft.spawn_clients_and_wait
	D:/Go/src/6.824/src/kvraft/test_test.go:113 +0x51

goroutine 301418 [chan receive, 6 minutes]:
6.824/kvraft.(*KVServer).doExecute(0xc000696910)
	D:/Go/src/6.824/src/kvraft/server.go:123 +0x70
created by 6.824/kvraft.StartKVServer
	D:/Go/src/6.824/src/kvraft/server.go:200 +0x229

goroutine 308215 [chan send, 6 minutes]:
6.824/kvraft.GenericTest.func1.1()
	D:/Go/src/6.824/src/kvraft/test_test.go:256 +0x3f
6.824/kvraft.GenericTest.func1(0x7, 0xc0001c7040, 0xc0001d9a00)
	D:/Go/src/6.824/src/kvraft/test_test.go:291 +0x5f9
6.824/kvraft.run_client(0xc000226480, 0xc0001d60c0, 0x120, 0xc0004a35c0, 0xc0000534a0)
	D:/Go/src/6.824/src/kvraft/test_test.go:103 +0xe4
created by 6.824/kvraft.spawn_clients_and_wait
	D:/Go/src/6.824/src/kvraft/test_test.go:113 +0x51

goroutine 313815 [chan receive, 6 minutes]:
6.824/labrpc.(*Network).processReq.func2()
	D:/Go/src/6.824/src/labrpc/labrpc.go:258 +0x1f
created by 6.824/labrpc.(*Network).processReq
	D:/Go/src/6.824/src/labrpc/labrpc.go:257 +0x4db

goroutine 313842 [chan receive, 6 minutes]:
6.824/labrpc.(*Network).processReq.func2()
	D:/Go/src/6.824/src/labrpc/labrpc.go:258 +0x1f
created by 6.824/labrpc.(*Network).processReq
	D:/Go/src/6.824/src/labrpc/labrpc.go:257 +0x4db

goroutine 313346 [semacquire, 6 minutes]:
sync.runtime_SemacquireMutex(0xc0005fd398, 0xbd, 0x60)
	D:/ProgramFiles/Go/src/runtime/sema.go:71 +0x25
sync.(*Mutex).lockSlow(0xc00026ba40)
	D:/ProgramFiles/Go/src/sync/mutex.go:138 +0x165
sync.(*Mutex).Lock(...)
	D:/ProgramFiles/Go/src/sync/mutex.go:81
6.824/kvraft.(*KVServer).lock(...)
	D:/Go/src/6.824/src/kvraft/server.go:35
6.824/kvraft.(*KVServer).Do(0xc00026ba40, 0xc00022de30, 0xc00058bd10)
	D:/Go/src/6.824/src/kvraft/server.go:44 +0x79
reflect.Value.call({0xc00005e060, 0xc000169208, 0xc0005fdb10}, {0x11835ed, 0x4}, {0xc0005fdc68, 0x3, 0xc0005fdb40})
	D:/ProgramFiles/Go/src/reflect/value.go:543 +0x814
reflect.Value.Call({0xc00005e060, 0xc000169208, 0xc000238150}, {0xc0005fdc68, 0x3, 0x3})
	D:/ProgramFiles/Go/src/reflect/value.go:339 +0xc5
6.824/labrpc.(*Service).dispatch(0xc0003cd340, {0x1184b22, 0x2}, {{0x114f780, 0xc00017c480}, {0x1184b19, 0xb}, {0x11d2520, 0x11573e0}, {0xc0003942c0, ...}, ...})
	D:/Go/src/6.824/src/labrpc/labrpc.go:496 +0x39d
6.824/labrpc.(*Server).dispatch(0xc00027a4f8, {{0x114f780, 0xc00017c480}, {0x1184b19, 0xb}, {0x11d2520, 0x11573e0}, {0xc0003942c0, 0x5c, 0xa6}, ...})
	D:/Go/src/6.824/src/labrpc/labrpc.go:420 +0x1fe
6.824/labrpc.(*Network).processReq.func1()
	D:/Go/src/6.824/src/labrpc/labrpc.go:240 +0x58
created by 6.824/labrpc.(*Network).processReq
	D:/Go/src/6.824/src/labrpc/labrpc.go:239 +0x1df

goroutine 308219 [chan send, 6 minutes]:
6.824/kvraft.GenericTest.func1.1()
	D:/Go/src/6.824/src/kvraft/test_test.go:256 +0x3f
6.824/kvraft.GenericTest.func1(0xb, 0xc0001c72c0, 0xc0001d9a00)
	D:/Go/src/6.824/src/kvraft/test_test.go:291 +0x5f9
6.824/kvraft.run_client(0xc00008f200, 0xc0001d60c0, 0x120, 0xc000407500, 0xc0000534a0)
	D:/Go/src/6.824/src/kvraft/test_test.go:103 +0xe4
created by 6.824/kvraft.spawn_clients_and_wait
	D:/Go/src/6.824/src/kvraft/test_test.go:113 +0x51

goroutine 389404 [chan receive]:
6.824/labrpc.(*ClientEnd).Call(0xc0003e6940, {0x11858b3, 0x1113065}, {0x1147900, 0xc00023efc0}, {0x1147940, 0xc00009e030})
	D:/Go/src/6.824/src/labrpc/labrpc.go:112 +0x26e
6.824/raft.(*Raft).sendAppendLog(...)
	D:/Go/src/6.824/src/raft/raft.go:460
6.824/raft.(*Raft).sendMsg.func1(0x0)
	D:/Go/src/6.824/src/raft/raft.go:302 +0x90
created by 6.824/raft.(*Raft).sendMsg
	D:/Go/src/6.824/src/raft/raft.go:300 +0x4a5

goroutine 308221 [chan send, 6 minutes]:
6.824/kvraft.GenericTest.func1.1()
	D:/Go/src/6.824/src/kvraft/test_test.go:256 +0x3f
6.824/kvraft.GenericTest.func1(0xd, 0xc0001c74c0, 0xc0001d9a00)
	D:/Go/src/6.824/src/kvraft/test_test.go:291 +0x5f9
6.824/kvraft.run_client(0xc0002aeb40, 0xc0001d60c0, 0x120, 0xc000504c60, 0xc0000534a0)
	D:/Go/src/6.824/src/kvraft/test_test.go:103 +0xe4
created by 6.824/kvraft.spawn_clients_and_wait
	D:/Go/src/6.824/src/kvraft/test_test.go:113 +0x51

goroutine 389407 [chan receive]:
6.824/labrpc.(*ClientEnd).Call(0xc0003e69c0, {0x11858b3, 0x1113065}, {0x1147900, 0xc00023f0e0}, {0x1147940, 0xc0002b8940})
	D:/Go/src/6.824/src/labrpc/labrpc.go:112 +0x26e
6.824/raft.(*Raft).sendAppendLog(...)
	D:/Go/src/6.824/src/raft/raft.go:460
6.824/raft.(*Raft).sendMsg.func1(0x4)
	D:/Go/src/6.824/src/raft/raft.go:302 +0x90
created by 6.824/raft.(*Raft).sendMsg
	D:/Go/src/6.824/src/raft/raft.go:300 +0x4a5

goroutine 308191 [chan receive, 6 minutes]:
6.824/kvraft.spawn_clients_and_wait(0xc0001d9a00, 0xc0001d60c0, 0xf, 0xc0000534a0)
	D:/Go/src/6.824/src/kvraft/test_test.go:117 +0x185
created by 6.824/kvraft.GenericTest
	D:/Go/src/6.824/src/kvraft/test_test.go:253 +0x6bd

goroutine 301633 [sleep]:
time.Sleep(0xf8e8b40)
	D:/ProgramFiles/Go/src/runtime/time.go:193 +0x133
6.824/raft.(*Raft).electionTicker(0xc0004b41e0)
	D:/Go/src/6.824/src/raft/raft.go:627 +0x95
created by 6.824/raft.Make
	D:/Go/src/6.824/src/raft/raft.go:668 +0x27b

goroutine 389408 [chan receive]:
6.824/labrpc.(*ClientEnd).Call(0xc0003e69e0, {0x11858b3, 0x1113065}, {0x1147900, 0xc00023f140}, {0x1147940, 0xc000443b40})
	D:/Go/src/6.824/src/labrpc/labrpc.go:112 +0x26e
6.824/raft.(*Raft).sendAppendLog(...)
	D:/Go/src/6.824/src/raft/raft.go:460
6.824/raft.(*Raft).sendMsg.func1(0x5)
	D:/Go/src/6.824/src/raft/raft.go:302 +0x90
created by 6.824/raft.(*Raft).sendMsg
	D:/Go/src/6.824/src/raft/raft.go:300 +0x4a5

goroutine 389409 [chan receive]:
6.824/labrpc.(*ClientEnd).Call(0xc0003e6a00, {0x11858b3, 0x1113065}, {0x1147900, 0xc00023f1a0}, {0x1147940, 0xc00060d290})
	D:/Go/src/6.824/src/labrpc/labrpc.go:112 +0x26e
6.824/raft.(*Raft).sendAppendLog(...)
	D:/Go/src/6.824/src/raft/raft.go:460
6.824/raft.(*Raft).sendMsg.func1(0x6)
	D:/Go/src/6.824/src/raft/raft.go:302 +0x90
created by 6.824/raft.(*Raft).sendMsg
	D:/Go/src/6.824/src/raft/raft.go:300 +0x4a5

goroutine 301683 [sleep]:
time.Sleep(0xdf28e80)
	D:/ProgramFiles/Go/src/runtime/time.go:193 +0x133
6.824/raft.(*Raft).electionTicker(0xc0004b42d0)
	D:/Go/src/6.824/src/raft/raft.go:627 +0x95
created by 6.824/raft.Make
	D:/Go/src/6.824/src/raft/raft.go:668 +0x27b

goroutine 308220 [chan send, 6 minutes]:
6.824/kvraft.GenericTest.func1.1()
	D:/Go/src/6.824/src/kvraft/test_test.go:256 +0x3f
6.824/kvraft.GenericTest.func1(0xc, 0xc0001c7380, 0xc0001d9a00)
	D:/Go/src/6.824/src/kvraft/test_test.go:291 +0x5f9
6.824/kvraft.run_client(0xc000093440, 0xc0001d60c0, 0x120, 0xc000087800, 0xc0000534a0)
	D:/Go/src/6.824/src/kvraft/test_test.go:103 +0xe4
created by 6.824/kvraft.spawn_clients_and_wait
	D:/Go/src/6.824/src/kvraft/test_test.go:113 +0x51

goroutine 301417 [sleep]:
time.Sleep(0xd0dacc0)
	D:/ProgramFiles/Go/src/runtime/time.go:193 +0x133
6.824/raft.(*Raft).electionTicker(0xc0004b4000)
	D:/Go/src/6.824/src/raft/raft.go:627 +0x95
created by 6.824/raft.Make
	D:/Go/src/6.824/src/raft/raft.go:668 +0x27b

goroutine 313016 [semacquire, 6 minutes]:
sync.runtime_SemacquireMutex(0x1029ae7, 0xfe, 0x60)
	D:/ProgramFiles/Go/src/runtime/sema.go:71 +0x25
sync.(*Mutex).lockSlow(0xc00026ba40)
	D:/ProgramFiles/Go/src/sync/mutex.go:138 +0x165
sync.(*Mutex).Lock(...)
	D:/ProgramFiles/Go/src/sync/mutex.go:81
6.824/kvraft.(*KVServer).lock(...)
	D:/Go/src/6.824/src/kvraft/server.go:35
6.824/kvraft.(*KVServer).Do(0xc00026ba40, 0xc00029b740, 0xc000351ad0)
	D:/Go/src/6.824/src/kvraft/server.go:44 +0x79
reflect.Value.call({0xc00005e060, 0xc000169208, 0xc0005ebb10}, {0x11835ed, 0x4}, {0xc0005ebc68, 0x3, 0xc0005ebb40})
	D:/ProgramFiles/Go/src/reflect/value.go:543 +0x814
reflect.Value.Call({0xc00005e060, 0xc000169208, 0xc0003ea250}, {0xc0005ebc68, 0x3, 0x3})
	D:/ProgramFiles/Go/src/reflect/value.go:339 +0xc5
6.824/labrpc.(*Service).dispatch(0xc0003cd340, {0x1184b22, 0x2}, {{0x114f780, 0xc00028b650}, {0x1184b19, 0xb}, {0x11d2520, 0x11573e0}, {0xc00022e370, ...}, ...})
	D:/Go/src/6.824/src/labrpc/labrpc.go:496 +0x39d
6.824/labrpc.(*Server).dispatch(0xc00027a4f8, {{0x114f780, 0xc00028b650}, {0x1184b19, 0xb}, {0x11d2520, 0x11573e0}, {0xc00022e370, 0x5b, 0xa5}, ...})
	D:/Go/src/6.824/src/labrpc/labrpc.go:420 +0x1fe
6.824/labrpc.(*Network).processReq.func1()
	D:/Go/src/6.824/src/labrpc/labrpc.go:240 +0x58
created by 6.824/labrpc.(*Network).processReq
	D:/Go/src/6.824/src/labrpc/labrpc.go:239 +0x1df

goroutine 312857 [semacquire, 6 minutes]:
sync.runtime_SemacquireMutex(0xc0002ab398, 0xbd, 0x60)
	D:/ProgramFiles/Go/src/runtime/sema.go:71 +0x25
sync.(*Mutex).lockSlow(0xc00026ba40)
	D:/ProgramFiles/Go/src/sync/mutex.go:138 +0x165
sync.(*Mutex).Lock(...)
	D:/ProgramFiles/Go/src/sync/mutex.go:81
6.824/kvraft.(*KVServer).lock(...)
	D:/Go/src/6.824/src/kvraft/server.go:35
6.824/kvraft.(*KVServer).Do(0xc00026ba40, 0xc000256d50, 0xc000004a38)
	D:/Go/src/6.824/src/kvraft/server.go:44 +0x79
reflect.Value.call({0xc00005e060, 0xc000169208, 0xc0002abb10}, {0x11835ed, 0x4}, {0xc0002abc68, 0x3, 0xc0002abb40})
	D:/ProgramFiles/Go/src/reflect/value.go:543 +0x814
reflect.Value.Call({0xc00005e060, 0xc000169208, 0xc0000c4b80}, {0xc0002abc68, 0x3, 0x3})
	D:/ProgramFiles/Go/src/reflect/value.go:339 +0xc5
6.824/labrpc.(*Service).dispatch(0xc0003cd340, {0x1184b22, 0x2}, {{0x114f780, 0xc00017c1e0}, {0x1184b19, 0xb}, {0x11d2520, 0x11573e0}, {0xc000394210, ...}, ...})
	D:/Go/src/6.824/src/labrpc/labrpc.go:496 +0x39d
6.824/labrpc.(*Server).dispatch(0xc00027a4f8, {{0x114f780, 0xc00017c1e0}, {0x1184b19, 0xb}, {0x11d2520, 0x11573e0}, {0xc000394210, 0x65, 0xaf}, ...})
	D:/Go/src/6.824/src/labrpc/labrpc.go:420 +0x1fe
6.824/labrpc.(*Network).processReq.func1()
	D:/Go/src/6.824/src/labrpc/labrpc.go:240 +0x58
created by 6.824/labrpc.(*Network).processReq
	D:/Go/src/6.824/src/labrpc/labrpc.go:239 +0x1df

goroutine 312456 [semacquire, 6 minutes]:
sync.runtime_SemacquireMutex(0xc0002c5398, 0xbd, 0x60)
	D:/ProgramFiles/Go/src/runtime/sema.go:71 +0x25
sync.(*Mutex).lockSlow(0xc00026ba40)
	D:/ProgramFiles/Go/src/sync/mutex.go:138 +0x165
sync.(*Mutex).Lock(...)
	D:/ProgramFiles/Go/src/sync/mutex.go:81
6.824/kvraft.(*KVServer).lock(...)
	D:/Go/src/6.824/src/kvraft/server.go:35
6.824/kvraft.(*KVServer).Do(0xc00026ba40, 0xc000604a50, 0xc000322d08)
	D:/Go/src/6.824/src/kvraft/server.go:44 +0x79
reflect.Value.call({0xc00005e060, 0xc000169208, 0xc0002c5b10}, {0x11835ed, 0x4}, {0xc0002c5c68, 0x3, 0xc0002c5b40})
	D:/ProgramFiles/Go/src/reflect/value.go:543 +0x814
reflect.Value.Call({0xc00005e060, 0xc000169208, 0xc0000c5f10}, {0xc0002c5c68, 0x3, 0x3})
	D:/ProgramFiles/Go/src/reflect/value.go:339 +0xc5
6.824/labrpc.(*Service).dispatch(0xc0003cd340, {0x1184b22, 0x2}, {{0x114f780, 0xc00028b3b0}, {0x1184b19, 0xb}, {0x11d2520, 0x11573e0}, {0xc00022e420, ...}, ...})
	D:/Go/src/6.824/src/labrpc/labrpc.go:496 +0x39d
6.824/labrpc.(*Server).dispatch(0xc00027a4f8, {{0x114f780, 0xc00028b3b0}, {0x1184b19, 0xb}, {0x11d2520, 0x11573e0}, {0xc00022e420, 0x64, 0xae}, ...})
	D:/Go/src/6.824/src/labrpc/labrpc.go:420 +0x1fe
6.824/labrpc.(*Network).processReq.func1()
	D:/Go/src/6.824/src/labrpc/labrpc.go:240 +0x58
created by 6.824/labrpc.(*Network).processReq
	D:/Go/src/6.824/src/labrpc/labrpc.go:239 +0x1df
exit status 2
FAIL	6.824/kvraft	600.083s
