Test: InstallSnapshot RPC (3B) ...
  ... Passed --   3.7  3  2738   63
Test: snapshot size is reasonable (3B) ...
  ... Passed --   6.4  3  4766  800
Test: ops complete fast enough (3B) ...
  ... Passed --   7.0  3  5355    0
Test: restarts, snapshots, one client (3B) ...
  ... Passed --  20.3  5 21366 3294
Test: restarts, snapshots, many clients (3B) ...
  ... Passed --  21.1  5 22899 3515
Test: unreliable net, snapshots, many clients (3B) ...
  ... Passed --  31.6  5  3958  179
Test: unreliable net, restarts, snapshots, many clients (3B) ...
  ... Passed --  29.2  5  2842  185
Test: unreliable net, restarts, partitions, snapshots, many clients (3B) ...
  ... Passed --  47.2  5  4352  186
Test: unreliable net, restarts, partitions, snapshots, random keys, many clients (3B) ...
2021/12/23 22:15:52 call elemId:0 time:1640268903037310200
2021/12/23 22:15:52 call elemId:1 time:1640268904004973800
2021/12/23 22:15:52 return elemId:0 time:1640268904052185600
2021/12/23 22:15:52 return elemId:1 time:1640268907150965500
2021/12/23 22:15:52 call elemId:2 time:1640268907150965500
2021/12/23 22:15:52 return elemId:2 time:1640268911662652600
2021/12/23 22:15:52 call elemId:3 time:1640268912128923000
2021/12/23 22:15:52 return elemId:3 time:1640268913223816600
2021/12/23 22:15:52 call elemId:11 time:1640268918163173300
2021/12/23 22:15:52 call elemId:4 time:1640268918365204100
2021/12/23 22:15:52 return elemId:4 time:1640268918425832200
2021/12/23 22:15:52 call elemId:5 time:1640268918471236000
2021/12/23 22:15:52 return elemId:5 time:1640268919517436100
2021/12/23 22:15:52 call elemId:6 time:1640268919548138600
2021/12/23 22:15:52 return elemId:6 time:1640268919626089300
2021/12/23 22:15:52 call elemId:7 time:1640268919719048800
2021/12/23 22:15:52 return elemId:7 time:1640268919780244800
2021/12/23 22:15:52 call elemId:8 time:1640268919873204200
2021/12/23 22:15:52 return elemId:8 time:1640268919920601100
2021/12/23 22:15:52 call elemId:9 time:1640268920327561400
2021/12/23 22:15:52 return elemId:9 time:1640268920388378700
2021/12/23 22:15:52 call elemId:12 time:1640268920388378700
2021/12/23 22:15:52 call elemId:10 time:1640268921322573400
2021/12/23 22:15:52 return elemId:10 time:1640268921382857300
2021/12/23 22:15:52 return elemId:11 time:1640268921382857300
2021/12/23 22:15:52 call elemId:13 time:1640268927765934900
2021/12/23 22:15:52 return elemId:12 time:1640268928707113000
2021/12/23 22:15:52 return elemId:13 time:1640268929839165400
2021/12/23 22:15:52 call elemId:14 time:1640268934808203500
2021/12/23 22:15:52 call elemId:19 time:1640268934808203500
2021/12/23 22:15:52 return elemId:14 time:1640268934947677600
2021/12/23 22:15:52 call elemId:15 time:1640268935023943700
2021/12/23 22:15:52 call elemId:16 time:1640268935039341600
2021/12/23 22:15:52 return elemId:15 time:1640268935054906400
2021/12/23 22:15:52 call elemId:20 time:1640268935092684100
2021/12/23 22:15:52 return elemId:16 time:1640268935135752300
2021/12/23 22:15:52 call elemId:17 time:1640268935401014200
2021/12/23 22:15:52 call elemId:22 time:1640268935455920700
2021/12/23 22:15:52 return elemId:17 time:1640268935455920700
2021/12/23 22:15:52 call elemId:18 time:1640268936015958200
2021/12/23 22:15:52 return elemId:18 time:1640268936062401200
2021/12/23 22:15:52 return elemId:19 time:1640268936062401200
2021/12/23 22:15:52 return elemId:20 time:1640268936124173900
2021/12/23 22:15:52 call elemId:21 time:1640268940542213900
2021/12/23 22:15:52 return elemId:21 time:1640268940668449600
2021/12/23 22:15:52 return elemId:22 time:1640268941413923300
2021/12/23 22:15:52 call elemId:23 time:1640268943595318000
2021/12/23 22:15:52 return elemId:23 time:1640268945902322600
2021/12/23 22:15:52 call elemId:3 time:1640268902726149800
2021/12/23 22:15:52 call elemId:1 time:1640268902726149800
2021/12/23 22:15:52 call elemId:2 time:1640268902726149800
2021/12/23 22:15:52 call elemId:0 time:1640268902726149800
2021/12/23 22:15:52 return elemId:0 time:1640268906838717000
2021/12/23 22:15:52 call elemId:4 time:1640268906838717000
2021/12/23 22:15:52 return elemId:1 time:1640268906983065800
2021/12/23 22:15:52 return elemId:2 time:1640268909046975700
2021/12/23 22:15:52 return elemId:3 time:1640268912128138400
2021/12/23 22:15:52 return elemId:4 time:1640268912159721200
2021/12/23 22:15:52 call elemId:5 time:1640268913223816600
2021/12/23 22:15:52 return elemId:5 time:1640268913286172800
2021/12/23 22:15:52 call elemId:7 time:1640268919220627700
2021/12/23 22:15:52 call elemId:10 time:1640268919672903100
2021/12/23 22:15:52 call elemId:6 time:1640268920140463200
2021/12/23 22:15:52 return elemId:6 time:1640268920219633300
2021/12/23 22:15:52 return elemId:7 time:1640268920388378700
2021/12/23 22:15:52 call elemId:8 time:1640268920515138200
2021/12/23 22:15:52 call elemId:13 time:1640268920544924700
2021/12/23 22:15:52 call elemId:9 time:1640268920575179800
2021/12/23 22:15:52 return elemId:8 time:1640268920575179800
2021/12/23 22:15:52 return elemId:9 time:1640268920606320300
2021/12/23 22:15:52 return elemId:10 time:1640268920716493400
2021/12/23 22:15:52 call elemId:11 time:1640268920856109100
2021/12/23 22:15:52 return elemId:11 time:1640268920982270000
2021/12/23 22:15:52 call elemId:12 time:1640268921028856000
2021/12/23 22:15:52 return elemId:12 time:1640268922070314700
2021/12/23 22:15:52 return elemId:13 time:1640268929003112300
2021/12/23 22:15:52 call elemId:14 time:1640268930928144300
2021/12/23 22:15:52 return elemId:14 time:1640268930974936000
2021/12/23 22:15:52 call elemId:15 time:1640268935038339800
2021/12/23 22:15:52 call elemId:16 time:1640268935091655200
2021/12/23 22:15:52 return elemId:15 time:1640268935092684100
2021/12/23 22:15:52 return elemId:16 time:1640268935135752300
2021/12/23 22:15:52 call elemId:17 time:1640268935163547600
2021/12/23 22:15:52 return elemId:17 time:1640268935194553700
2021/12/23 22:15:52 call elemId:18 time:1640268935229357300
2021/12/23 22:15:52 return elemId:18 time:1640268935363348500
2021/12/23 22:15:52 call elemId:19 time:1640268935455920700
2021/12/23 22:15:52 return elemId:19 time:1640268935488344400
2021/12/23 22:15:52 call elemId:20 time:1640268935688322200
2021/12/23 22:15:52 return elemId:20 time:1640268935720056800
2021/12/23 22:15:52 call elemId:21 time:1640268935906506300
2021/12/23 22:15:52 return elemId:21 time:1640268936016949300
2021/12/23 22:15:52 call elemId:22 time:1640268945902322600
2021/12/23 22:15:52 return elemId:22 time:1640268947040601900
2021/12/23 22:15:52 call elemId:0 time:1640268903069582700
2021/12/23 22:15:52 return elemId:0 time:1640268903129722000
2021/12/23 22:15:52 call elemId:1 time:1640268914766581500
2021/12/23 22:15:52 return elemId:1 time:1640268914798864600
2021/12/23 22:15:52 call elemId:2 time:1640268918163173300
2021/12/23 22:15:52 return elemId:2 time:1640268918255527500
2021/12/23 22:15:52 call elemId:3 time:1640268918256530700
2021/12/23 22:15:52 call elemId:4 time:1640268918303268100
2021/12/23 22:15:52 return elemId:3 time:1640268918317799300
2021/12/23 22:15:52 return elemId:4 time:1640268918365204100
2021/12/23 22:15:52 call elemId:5 time:1640268918411387500
2021/12/23 22:15:52 call elemId:10 time:1640268918426832200
2021/12/23 22:15:52 return elemId:5 time:1640268918455949600
2021/12/23 22:15:52 call elemId:6 time:1640268919374975900
2021/12/23 22:15:52 return elemId:6 time:1640268919486415300
2021/12/23 22:15:52 call elemId:7 time:1640268919780244800
2021/12/23 22:15:52 return elemId:7 time:1640268919827450700
2021/12/23 22:15:52 call elemId:8 time:1640268919873204200
2021/12/23 22:15:52 return elemId:8 time:1640268919935695000
2021/12/23 22:15:52 call elemId:9 time:1640268920591274800
2021/12/23 22:15:52 return elemId:9 time:1640268920638092000
2021/12/23 22:15:52 return elemId:10 time:1640268927954387000
2021/12/23 22:15:52 call elemId:11 time:1640268932420781600
2021/12/23 22:15:52 return elemId:11 time:1640268932484371800
2021/12/23 22:15:52 call elemId:16 time:1640268934808203500
2021/12/23 22:15:52 call elemId:15 time:1640268934808203500
2021/12/23 22:15:52 call elemId:12 time:1640268934976263600
2021/12/23 22:15:52 return elemId:12 time:1640268935025949600
2021/12/23 22:15:52 call elemId:13 time:1640268935135752300
2021/12/23 22:15:52 call elemId:14 time:1640268935176540600
2021/12/23 22:15:52 return elemId:13 time:1640268935177547700
2021/12/23 22:15:52 return elemId:14 time:1640268935229357300
2021/12/23 22:15:52 return elemId:15 time:1640268935906506300
2021/12/23 22:15:52 return elemId:16 time:1640268935952717000
2021/12/23 22:15:52 call elemId:17 time:1640268937091628800
2021/12/23 22:15:52 return elemId:17 time:1640268942427709600
2021/12/23 22:15:52 call elemId:18 time:1640268949510031400
2021/12/23 22:15:52 return elemId:18 time:1640268949553188700
2021/12/23 22:15:52 call elemId:0 time:1640268902726149800
2021/12/23 22:15:52 return elemId:0 time:1640268906870637600
2021/12/23 22:15:52 call elemId:1 time:1640268914798864600
2021/12/23 22:15:52 return elemId:1 time:1640268915904858900
2021/12/23 22:15:52 call elemId:4 time:1640268918163173300
2021/12/23 22:15:52 call elemId:2 time:1640268918209049700
2021/12/23 22:15:52 return elemId:2 time:1640268918256530700
2021/12/23 22:15:52 call elemId:3 time:1640268918379670800
2021/12/23 22:15:52 return elemId:3 time:1640268918426832200
2021/12/23 22:15:52 return elemId:4 time:1640268919251647600
2021/12/23 22:15:52 call elemId:5 time:1640268919672903100
2021/12/23 22:15:52 return elemId:5 time:1640268919734420400
2021/12/23 22:15:52 call elemId:6 time:1640268920388378700
2021/12/23 22:15:52 return elemId:6 time:1640268920466102500
2021/12/23 22:15:52 call elemId:7 time:1640268920606320300
2021/12/23 22:15:52 return elemId:7 time:1640268920638092000
2021/12/23 22:15:52 call elemId:8 time:1640268920731855700
2021/12/23 22:15:52 return elemId:8 time:1640268920794005700
2021/12/23 22:15:52 call elemId:10 time:1640268921526592600
2021/12/23 22:15:52 call elemId:9 time:1640268922319830400
2021/12/23 22:15:52 return elemId:9 time:1640268928755412800
2021/12/23 22:15:52 return elemId:10 time:1640268929173243600
2021/12/23 22:15:52 call elemId:11 time:1640268932484371800
2021/12/23 22:15:52 return elemId:11 time:1640268933530191200
2021/12/23 22:15:52 call elemId:12 time:1640268935176540600
2021/12/23 22:15:52 call elemId:18 time:1640268935177547700
2021/12/23 22:15:52 return elemId:12 time:1640268935229357300
2021/12/23 22:15:52 call elemId:13 time:1640268935595505700
2021/12/23 22:15:52 return elemId:13 time:1640268935641662100
2021/12/23 22:15:52 call elemId:14 time:1640268935845662600
2021/12/23 22:15:52 call elemId:17 time:1640268936124173900
2021/12/23 22:15:52 call elemId:16 time:1640268936186782100
2021/12/23 22:15:52 return elemId:14 time:1640268937959837600
2021/12/23 22:15:52 call elemId:19 time:1640268940668449600
2021/12/23 22:15:52 call elemId:15 time:1640268940714522200
2021/12/23 22:15:52 return elemId:15 time:1640268940779026400
2021/12/23 22:15:52 return elemId:16 time:1640268940871061700
2021/12/23 22:15:52 return elemId:17 time:1640268941476858600
2021/12/23 22:15:52 return elemId:18 time:1640268941540333700
2021/12/23 22:15:52 return elemId:19 time:1640268944839640200
2021/12/23 22:15:52 call elemId:20 time:1640268949553188700
2021/12/23 22:15:52 return elemId:20 time:1640268950594314100
2021/12/23 22:15:52 call elemId:0 time:1640268902726149800
2021/12/23 22:15:52 call elemId:3 time:1640268902726149800
2021/12/23 22:15:52 return elemId:0 time:1640268902960387400
2021/12/23 22:15:52 call elemId:2 time:1640268902960387400
2021/12/23 22:15:52 call elemId:1 time:1640268903023053900
2021/12/23 22:15:52 return elemId:1 time:1640268903069582700
2021/12/23 22:15:52 return elemId:2 time:1640268904004973800
2021/12/23 22:15:52 call elemId:5 time:1640268904052185600
2021/12/23 22:15:52 call elemId:4 time:1640268905187685200
2021/12/23 22:15:52 return elemId:3 time:1640268905997149200
2021/12/23 22:15:52 return elemId:4 time:1640268909358266100
2021/12/23 22:15:52 return elemId:5 time:1640268911631365800
2021/12/23 22:15:52 call elemId:6 time:1640268915904858900
2021/12/23 22:15:52 return elemId:6 time:1640268915966630600
2021/12/23 22:15:52 call elemId:7 time:1640268918163173300
2021/12/23 22:15:52 call elemId:13 time:1640268918163173300
2021/12/23 22:15:52 call elemId:8 time:1640268918255527500
2021/12/23 22:15:52 return elemId:7 time:1640268918286444900
2021/12/23 22:15:52 call elemId:9 time:1640268918286444900
2021/12/23 22:15:52 return elemId:8 time:1640268918303268100
2021/12/23 22:15:52 return elemId:9 time:1640268919329842500
2021/12/23 22:15:52 call elemId:10 time:1640268919780244800
2021/12/23 22:15:52 return elemId:10 time:1640268919827450700
2021/12/23 22:15:52 call elemId:11 time:1640268920466102500
2021/12/23 22:15:52 return elemId:11 time:1640268920515138200
2021/12/23 22:15:52 call elemId:12 time:1640268920575179800
2021/12/23 22:15:52 return elemId:12 time:1640268920606320300
2021/12/23 22:15:52 call elemId:15 time:1640268920716493400
2021/12/23 22:15:52 call elemId:14 time:1640268920794005700
2021/12/23 22:15:52 return elemId:13 time:1640268922319830400
2021/12/23 22:15:52 return elemId:14 time:1640268927181209300
2021/12/23 22:15:52 return elemId:15 time:1640268927221062300
2021/12/23 22:15:52 call elemId:16 time:1640268933530191200
2021/12/23 22:15:52 return elemId:16 time:1640268933719213000
2021/12/23 22:15:52 call elemId:19 time:1640268934808203500
2021/12/23 22:15:52 call elemId:22 time:1640268934947677600
2021/12/23 22:15:52 call elemId:17 time:1640268935364351000
2021/12/23 22:15:52 return elemId:17 time:1640268935401014200
2021/12/23 22:15:52 call elemId:18 time:1640268935534643200
2021/12/23 22:15:52 return elemId:18 time:1640268935579006400
2021/12/23 22:15:52 return elemId:19 time:1640268935828054800
2021/12/23 22:15:52 call elemId:20 time:1640268936062401200
2021/12/23 22:15:52 return elemId:20 time:1640268936110127600
2021/12/23 22:15:52 call elemId:21 time:1640268936186782100
2021/12/23 22:15:52 return elemId:21 time:1640268936280032200
2021/12/23 22:15:52 return elemId:22 time:1640268941290312900
2021/12/23 22:15:52 call elemId:23 time:1640268950594314100
2021/12/23 22:15:52 return elemId:23 time:1640268952714567000
2021/12/23 22:15:52 call elemId:1 time:1640268902726149800
2021/12/23 22:15:52 call elemId:0 time:1640268902726149800
2021/12/23 22:15:52 return elemId:0 time:1640268906885868800
2021/12/23 22:15:52 return elemId:1 time:1640268913034924800
2021/12/23 22:15:52 call elemId:2 time:1640268915966630600
2021/12/23 22:15:52 return elemId:2 time:1640268918019613200
2021/12/23 22:15:52 call elemId:3 time:1640268918237668500
2021/12/23 22:15:52 return elemId:3 time:1640268918286444900
2021/12/23 22:15:52 call elemId:4 time:1640268918317799300
2021/12/23 22:15:52 return elemId:4 time:1640268918379670800
2021/12/23 22:15:52 call elemId:6 time:1640268920029653800
2021/12/23 22:15:52 call elemId:5 time:1640268920029653800
2021/12/23 22:15:52 return elemId:5 time:1640268920077008400
2021/12/23 22:15:52 return elemId:6 time:1640268920091969600
2021/12/23 22:15:52 call elemId:7 time:1640268920139462600
2021/12/23 22:15:52 return elemId:7 time:1640268920188293500
2021/12/23 22:15:52 call elemId:8 time:1640268920513139200
2021/12/23 22:15:52 return elemId:8 time:1640268920544924700
2021/12/23 22:15:52 call elemId:9 time:1640268920918230900
2021/12/23 22:15:52 return elemId:9 time:1640268920981268600
2021/12/23 22:15:52 call elemId:10 time:1640268921382857300
2021/12/23 22:15:52 return elemId:10 time:1640268921526592600
2021/12/23 22:15:52 call elemId:11 time:1640268933719213000
2021/12/23 22:15:52 return elemId:11 time:1640268933779784500
2021/12/23 22:15:52 call elemId:18 time:1640268934808203500
2021/12/23 22:15:52 call elemId:12 time:1640268934808203500
2021/12/23 22:15:52 return elemId:12 time:1640268934991012900
2021/12/23 22:15:52 call elemId:13 time:1640268935007520800
2021/12/23 22:15:52 return elemId:13 time:1640268935038339800
2021/12/23 22:15:52 call elemId:14 time:1640268935107178400
2021/12/23 22:15:52 call elemId:15 time:1640268935135752300
2021/12/23 22:15:52 call elemId:16 time:1640268935135752300
2021/12/23 22:15:52 return elemId:14 time:1640268935135752300
2021/12/23 22:15:52 return elemId:15 time:1640268935176540600
2021/12/23 22:15:52 return elemId:16 time:1640268935177547700
2021/12/23 22:15:52 call elemId:17 time:1640268935782170300
2021/12/23 22:15:52 return elemId:17 time:1640268935845662600
2021/12/23 22:15:52 return elemId:18 time:1640268936015958200
2021/12/23 22:15:52 call elemId:19 time:1640268936016949300
2021/12/23 22:15:52 return elemId:19 time:1640268937056386000
2021/12/23 22:15:52 call elemId:21 time:1640268937539531200
2021/12/23 22:15:52 call elemId:20 time:1640268940779026400
2021/12/23 22:15:52 return elemId:20 time:1640268940808610100
2021/12/23 22:15:52 return elemId:21 time:1640268941806214100
2021/12/23 22:15:52 call elemId:22 time:1640268952714567000
2021/12/23 22:15:52 return elemId:22 time:1640268952770937100
2021/12/23 22:15:52 call elemId:1 time:1640268902726149800
2021/12/23 22:15:52 call elemId:0 time:1640268905968077000
2021/12/23 22:15:52 return elemId:0 time:1640268912379427800
2021/12/23 22:15:52 return elemId:1 time:1640268913076189400
2021/12/23 22:15:52 call elemId:2 time:1640268918019613200
2021/12/23 22:15:52 return elemId:2 time:1640268918163173300
2021/12/23 22:15:52 call elemId:3 time:1640268918163173300
2021/12/23 22:15:52 return elemId:3 time:1640268918255527500
2021/12/23 22:15:52 call elemId:4 time:1640268918365204100
2021/12/23 22:15:52 return elemId:4 time:1640268918411387500
2021/12/23 22:15:52 call elemId:5 time:1640268919391848900
2021/12/23 22:15:52 return elemId:5 time:1640268919423948000
2021/12/23 22:15:52 call elemId:6 time:1640268919548138600
2021/12/23 22:15:52 call elemId:7 time:1640268919626089300
2021/12/23 22:15:52 return elemId:6 time:1640268919672903100
2021/12/23 22:15:52 return elemId:7 time:1640268919672903100
2021/12/23 22:15:52 call elemId:8 time:1640268919874204900
2021/12/23 22:15:52 return elemId:8 time:1640268919920601100
2021/12/23 22:15:52 call elemId:9 time:1640268920327561400
2021/12/23 22:15:52 return elemId:9 time:1640268920404307000
2021/12/23 22:15:52 call elemId:10 time:1640268920513139200
2021/12/23 22:15:52 return elemId:10 time:1640268920575179800
2021/12/23 22:15:52 call elemId:11 time:1640268920606320300
2021/12/23 22:15:52 return elemId:11 time:1640268920668896900
2021/12/23 22:15:52 call elemId:12 time:1640268920684975300
2021/12/23 22:15:52 return elemId:12 time:1640268920731855700
2021/12/23 22:15:52 call elemId:13 time:1640268920982270000
2021/12/23 22:15:52 return elemId:13 time:1640268921028856000
2021/12/23 22:15:52 call elemId:14 time:1640268921274660300
2021/12/23 22:15:52 return elemId:14 time:1640268921322573400
2021/12/23 22:15:52 call elemId:15 time:1640268933779784500
2021/12/23 22:15:52 return elemId:15 time:1640268934807205100
2021/12/23 22:15:52 call elemId:21 time:1640268934808203500
2021/12/23 22:15:52 call elemId:22 time:1640268934808203500
2021/12/23 22:15:52 call elemId:16 time:1640268935091655200
2021/12/23 22:15:52 return elemId:16 time:1640268935135752300
2021/12/23 22:15:52 call elemId:17 time:1640268935229357300
2021/12/23 22:15:52 call elemId:18 time:1640268935363348500
2021/12/23 22:15:52 return elemId:17 time:1640268935364351000
2021/12/23 22:15:52 return elemId:18 time:1640268935396561400
2021/12/23 22:15:52 call elemId:19 time:1640268935455920700
2021/12/23 22:15:52 return elemId:19 time:1640268935501267700
2021/12/23 22:15:52 call elemId:20 time:1640268936325087400
2021/12/23 22:15:52 return elemId:20 time:1640268936373581500
2021/12/23 22:15:52 return elemId:21 time:1640268936916143700
2021/12/23 22:15:52 return elemId:22 time:1640268942271654200
2021/12/23 22:15:52 call elemId:23 time:1640268952770937100
2021/12/23 22:15:52 return elemId:23 time:1640268952803997300
2021/12/23 22:15:52 call elemId:0 time:1640268903006619200
2021/12/23 22:15:52 return elemId:0 time:1640268903037310200
2021/12/23 22:15:52 call elemId:1 time:1640268913286172800
2021/12/23 22:15:52 return elemId:1 time:1640268913317242700
2021/12/23 22:15:52 call elemId:3 time:1640268918317799300
2021/12/23 22:15:52 call elemId:2 time:1640268918365204100
2021/12/23 22:15:52 return elemId:2 time:1640268918425832200
2021/12/23 22:15:52 call elemId:6 time:1640268919236112200
2021/12/23 22:15:52 return elemId:3 time:1640268919343786800
2021/12/23 22:15:52 call elemId:4 time:1640268919485412800
2021/12/23 22:15:52 return elemId:4 time:1640268919548138600
2021/12/23 22:15:52 call elemId:5 time:1640268920219633300
2021/12/23 22:15:52 return elemId:5 time:1640268920282512300
2021/12/23 22:15:52 return elemId:6 time:1640268920404307000
2021/12/23 22:15:52 call elemId:7 time:1640268920466102500
2021/12/23 22:15:52 return elemId:7 time:1640268920515138200
2021/12/23 22:15:52 call elemId:8 time:1640268920638092000
2021/12/23 22:15:52 return elemId:8 time:1640268920698658700
2021/12/23 22:15:52 call elemId:9 time:1640268930974936000
2021/12/23 22:15:52 return elemId:9 time:1640268931005944400
2021/12/23 22:15:52 call elemId:10 time:1640268935039341600
2021/12/23 22:15:52 return elemId:10 time:1640268935091655200
2021/12/23 22:15:52 call elemId:11 time:1640268935100733800
2021/12/23 22:15:52 return elemId:11 time:1640268935163547600
2021/12/23 22:15:52 call elemId:12 time:1640268935364351000
2021/12/23 22:15:52 return elemId:12 time:1640268935401014200
2021/12/23 22:15:52 call elemId:13 time:1640268935828054800
2021/12/23 22:15:52 return elemId:13 time:1640268936015958200
2021/12/23 22:15:52 call elemId:14 time:1640268936465556800
2021/12/23 22:15:52 return elemId:14 time:1640268936511406800
2021/12/23 22:15:52 call elemId:15 time:1640268947040601900
2021/12/23 22:15:52 return elemId:15 time:1640268947098619300
2021/12/23 22:15:52 call elemId:0 time:1640268903160981900
2021/12/23 22:15:52 return elemId:0 time:1640268905187685200
2021/12/23 22:15:52 call elemId:1 time:1640268913317242700
2021/12/23 22:15:52 return elemId:1 time:1640268913348291600
2021/12/23 22:15:52 call elemId:7 time:1640268918163173300
2021/12/23 22:15:52 call elemId:2 time:1640268919251647600
2021/12/23 22:15:52 call elemId:3 time:1640268919283018800
2021/12/23 22:15:52 return elemId:2 time:1640268919297377400
2021/12/23 22:15:52 return elemId:3 time:1640268919329842500
2021/12/23 22:15:52 call elemId:4 time:1640268919423948000
2021/12/23 22:15:52 return elemId:4 time:1640268919485412800
2021/12/23 22:15:52 call elemId:5 time:1640268919734420400
2021/12/23 22:15:52 return elemId:5 time:1640268919780771200
2021/12/23 22:15:52 call elemId:11 time:1640268919842700500
2021/12/23 22:15:52 call elemId:6 time:1640268919935695000
2021/12/23 22:15:52 return elemId:6 time:1640268920029653800
2021/12/23 22:15:52 return elemId:7 time:1640268920311588500
2021/12/23 22:15:52 call elemId:10 time:1640268920388378700
2021/12/23 22:15:52 call elemId:8 time:1640268920638092000
2021/12/23 22:15:52 return elemId:8 time:1640268920684975300
2021/12/23 22:15:52 call elemId:9 time:1640268922070314700
2021/12/23 22:15:52 return elemId:9 time:1640268927315307000
2021/12/23 22:15:52 return elemId:10 time:1640268927765934900
2021/12/23 22:15:52 return elemId:11 time:1640268928536589000
2021/12/23 22:15:52 call elemId:12 time:1640268931005944400
2021/12/23 22:15:52 return elemId:12 time:1640268931053053200
2021/12/23 22:15:52 call elemId:13 time:1640268934901529100
2021/12/23 22:15:52 return elemId:13 time:1640268934947677600
2021/12/23 22:15:52 call elemId:15 time:1640268934977266900
2021/12/23 22:15:52 call elemId:14 time:1640268934991012900
2021/12/23 22:15:52 call elemId:16 time:1640268935025949600
2021/12/23 22:15:52 return elemId:14 time:1640268935026902200
2021/12/23 22:15:52 return elemId:15 time:1640268935039341600
2021/12/23 22:15:52 return elemId:16 time:1640268935057903400
2021/12/23 22:15:52 call elemId:17 time:1640268935194553700
2021/12/23 22:15:52 return elemId:17 time:1640268935229357300
2021/12/23 22:15:52 call elemId:18 time:1640268935396561400
2021/12/23 22:15:52 return elemId:18 time:1640268935455920700
2021/12/23 22:15:52 call elemId:19 time:1640268935488344400
2021/12/23 22:15:52 return elemId:19 time:1640268935518454200
2021/12/23 22:15:52 call elemId:23 time:1640268936015958200
2021/12/23 22:15:52 call elemId:20 time:1640268936373581500
2021/12/23 22:15:52 return elemId:20 time:1640268936465556800
2021/12/23 22:15:52 call elemId:21 time:1640268937056386000
2021/12/23 22:15:52 return elemId:21 time:1640268940542213900
2021/12/23 22:15:52 call elemId:22 time:1640268940808610100
2021/12/23 22:15:52 return elemId:22 time:1640268940901634200
2021/12/23 22:15:52 return elemId:23 time:1640268941540333700
2021/12/23 22:15:52 call elemId:24 time:1640268947098619300
2021/12/23 22:15:52 return elemId:24 time:1640268947113888300
2021/12/23 22:15:52 call elemId:0 time:1640268906885868800
2021/12/23 22:15:52 call elemId:1 time:1640268906983065800
2021/12/23 22:15:52 return elemId:0 time:1640268912066443300
2021/12/23 22:15:52 return elemId:1 time:1640268912253911600
2021/12/23 22:15:52 call elemId:2 time:1640268913348291600
2021/12/23 22:15:52 return elemId:2 time:1640268913379216100
2021/12/23 22:15:52 call elemId:3 time:1640268918163173300
2021/12/23 22:15:52 return elemId:3 time:1640268918209049700
2021/12/23 22:15:52 call elemId:4 time:1640268918255527500
2021/12/23 22:15:52 return elemId:4 time:1640268918286444900
2021/12/23 22:15:52 call elemId:16 time:1640268919329842500
2021/12/23 22:15:52 call elemId:5 time:1640268919780771200
2021/12/23 22:15:52 return elemId:5 time:1640268919827450700
2021/12/23 22:15:52 call elemId:15 time:1640268919920601100
2021/12/23 22:15:52 call elemId:7 time:1640268920077008400
2021/12/23 22:15:52 call elemId:6 time:1640268920091969600
2021/12/23 22:15:52 return elemId:6 time:1640268920139462600
2021/12/23 22:15:52 return elemId:7 time:1640268920140463200
2021/12/23 22:15:52 call elemId:8 time:1640268920188293500
2021/12/23 22:15:52 return elemId:8 time:1640268920234907300
2021/12/23 22:15:52 call elemId:9 time:1640268920281980300
2021/12/23 22:15:52 call elemId:10 time:1640268920282512300
2021/12/23 22:15:52 call elemId:17 time:1640268920311588500
2021/12/23 22:15:52 return elemId:10 time:1640268920327561400
2021/12/23 22:15:52 return elemId:9 time:1640268920327561400
2021/12/23 22:15:52 call elemId:11 time:1640268920515138200
2021/12/23 22:15:52 return elemId:11 time:1640268920544924700
2021/12/23 22:15:52 call elemId:12 time:1640268920748149100
2021/12/23 22:15:52 return elemId:12 time:1640268920856109100
2021/12/23 22:15:52 call elemId:13 time:1640268921166130400
2021/12/23 22:15:52 return elemId:13 time:1640268921228252300
2021/12/23 22:15:52 call elemId:14 time:1640268921382857300
2021/12/23 22:15:52 return elemId:14 time:1640268924732595500
2021/12/23 22:15:52 return elemId:15 time:1640268927284094100
2021/12/23 22:15:52 return elemId:16 time:1640268928141704400
2021/12/23 22:15:52 return elemId:17 time:1640268930928144300
2021/12/23 22:15:52 call elemId:18 time:1640268931053053200
2021/12/23 22:15:52 return elemId:18 time:1640268931098622100
2021/12/23 22:15:52 call elemId:19 time:1640268934870474000
2021/12/23 22:15:52 call elemId:20 time:1640268934900525300
2021/12/23 22:15:52 return elemId:19 time:1640268934915692200
2021/12/23 22:15:52 call elemId:21 time:1640268934933448000
2021/12/23 22:15:52 return elemId:20 time:1640268934934452600
2021/12/23 22:15:52 return elemId:21 time:1640268934977266900
2021/12/23 22:15:52 call elemId:22 time:1640268935057903400
2021/12/23 22:15:52 return elemId:22 time:1640268935107178400
2021/12/23 22:15:52 call elemId:23 time:1640268935364351000
2021/12/23 22:15:52 call elemId:26 time:1640268935401014200
2021/12/23 22:15:52 return elemId:23 time:1640268935455920700
2021/12/23 22:15:52 call elemId:24 time:1640268935549331600
2021/12/23 22:15:52 return elemId:24 time:1640268935595505700
2021/12/23 22:15:52 call elemId:25 time:1640268935720056800
2021/12/23 22:15:52 return elemId:25 time:1640268935796669400
2021/12/23 22:15:52 return elemId:26 time:1640268936435011100
2021/12/23 22:15:52 call elemId:27 time:1640268936916143700
2021/12/23 22:15:52 return elemId:27 time:1640268940668449600
2021/12/23 22:15:52 call elemId:28 time:1640268947113888300
2021/12/23 22:15:52 return elemId:28 time:1640268947164886800
2021/12/23 22:15:52 call elemId:0 time:1640268902726149800
2021/12/23 22:15:52 call elemId:1 time:1640268902726149800
2021/12/23 22:15:52 return elemId:0 time:1640268903006619200
2021/12/23 22:15:52 return elemId:1 time:1640268905858953400
2021/12/23 22:15:52 call elemId:2 time:1640268906870637600
2021/12/23 22:15:52 return elemId:2 time:1640268912302150100
2021/12/23 22:15:52 call elemId:3 time:1640268913379216100
2021/12/23 22:15:52 return elemId:3 time:1640268913425962900
2021/12/23 22:15:52 call elemId:5 time:1640268918163173300
2021/12/23 22:15:52 call elemId:6 time:1640268918163173300
2021/12/23 22:15:52 call elemId:4 time:1640268918425832200
2021/12/23 22:15:52 return elemId:4 time:1640268918471236000
2021/12/23 22:15:52 return elemId:5 time:1640268919204223500
2021/12/23 22:15:52 return elemId:6 time:1640268919283018800
2021/12/23 22:15:52 call elemId:7 time:1640268919338713300
2021/12/23 22:15:52 call elemId:13 time:1640268919343786800
2021/12/23 22:15:52 return elemId:7 time:1640268919374975900
2021/12/23 22:15:52 call elemId:8 time:1640268919517436100
2021/12/23 22:15:52 call elemId:9 time:1640268919672903100
2021/12/23 22:15:52 return elemId:8 time:1640268919719048800
2021/12/23 22:15:52 return elemId:9 time:1640268919719048800
2021/12/23 22:15:52 call elemId:10 time:1640268919827450700
2021/12/23 22:15:52 return elemId:10 time:1640268919873204200
2021/12/23 22:15:52 call elemId:11 time:1640268919982668600
2021/12/23 22:15:52 return elemId:11 time:1640268920029653800
2021/12/23 22:15:52 call elemId:12 time:1640268920234907300
2021/12/23 22:15:52 return elemId:12 time:1640268920281980300
2021/12/23 22:15:52 return elemId:13 time:1640268920513139200
2021/12/23 22:15:52 call elemId:14 time:1640268920716493400
2021/12/23 22:15:52 return elemId:14 time:1640268920794005700
2021/12/23 22:15:52 call elemId:15 time:1640268921228252300
2021/12/23 22:15:52 return elemId:15 time:1640268921274660300
2021/12/23 22:15:52 call elemId:16 time:1640268931098622100
2021/12/23 22:15:52 return elemId:16 time:1640268931145874100
2021/12/23 22:15:52 call elemId:17 time:1640268934808203500
2021/12/23 22:15:52 call elemId:18 time:1640268934852854100
2021/12/23 22:15:52 return elemId:17 time:1640268934880545300
2021/12/23 22:15:52 return elemId:18 time:1640268934900525300
2021/12/23 22:15:52 call elemId:19 time:1640268934947677600
2021/12/23 22:15:52 return elemId:19 time:1640268934991978300
2021/12/23 22:15:52 call elemId:20 time:1640268935501267700
2021/12/23 22:15:52 call elemId:21 time:1640268935518454200
2021/12/23 22:15:52 return elemId:20 time:1640268935534643200
2021/12/23 22:15:52 return elemId:21 time:1640268935549331600
2021/12/23 22:15:52 call elemId:22 time:1640268935673070200
2021/12/23 22:15:52 return elemId:22 time:1640268935737018500
2021/12/23 22:15:52 call elemId:23 time:1640268935737018500
2021/12/23 22:15:52 return elemId:23 time:1640268935782170300
2021/12/23 22:15:52 call elemId:24 time:1640268936062401200
2021/12/23 22:15:52 return elemId:24 time:1640268936186782100
2021/12/23 22:15:52 call elemId:25 time:1640268937959837600
2021/12/23 22:15:52 return elemId:25 time:1640268941554565100
2021/12/23 22:15:52 call elemId:26 time:1640268947164886800
2021/12/23 22:15:52 return elemId:26 time:1640268947217797800
2021/12/23 22:15:52 call elemId:0 time:1640268905858953400
2021/12/23 22:15:52 return elemId:0 time:1640268913034924800
2021/12/23 22:15:52 call elemId:1 time:1640268913425962900
2021/12/23 22:15:52 return elemId:1 time:1640268913488442700
2021/12/23 22:15:52 call elemId:3 time:1640268918163173300
2021/12/23 22:15:52 call elemId:2 time:1640268918471236000
2021/12/23 22:15:52 return elemId:2 time:1640268918519530400
2021/12/23 22:15:52 return elemId:3 time:1640268919236112200
2021/12/23 22:15:52 call elemId:4 time:1640268919329842500
2021/12/23 22:15:52 return elemId:4 time:1640268919391848900
2021/12/23 22:15:52 call elemId:5 time:1640268919827450700
2021/12/23 22:15:52 return elemId:5 time:1640268919873204200
2021/12/23 22:15:52 call elemId:6 time:1640268920404307000
2021/12/23 22:15:52 return elemId:6 time:1640268920513139200
2021/12/23 22:15:52 call elemId:7 time:1640268931145874100
2021/12/23 22:15:52 return elemId:7 time:1640268932313114800
2021/12/23 22:15:52 call elemId:8 time:1640268934880545300
2021/12/23 22:15:52 call elemId:13 time:1640268934901529100
2021/12/23 22:15:52 return elemId:8 time:1640268934933448000
2021/12/23 22:15:52 call elemId:9 time:1640268934934452600
2021/12/23 22:15:52 call elemId:10 time:1640268934991978300
2021/12/23 22:15:52 return elemId:9 time:1640268934991978300
2021/12/23 22:15:52 return elemId:10 time:1640268935023943700
2021/12/23 22:15:52 call elemId:11 time:1640268935177547700
2021/12/23 22:15:52 return elemId:11 time:1640268935229357300
2021/12/23 22:15:52 call elemId:12 time:1640268935641662100
2021/12/23 22:15:52 return elemId:12 time:1640268935688322200
2021/12/23 22:15:52 call elemId:14 time:1640268935952717000
2021/12/23 22:15:52 call elemId:15 time:1640268936435011100
2021/12/23 22:15:52 return elemId:13 time:1640268937091628800
2021/12/23 22:15:52 return elemId:14 time:1640268941290312900
2021/12/23 22:15:52 return elemId:15 time:1640268941960862500
2021/12/23 22:15:52 call elemId:16 time:1640268947217797800
2021/12/23 22:15:52 return elemId:16 time:1640268947279858400
2021/12/23 22:15:52 call elemId:0 time:1640268902976527200
2021/12/23 22:15:52 return elemId:0 time:1640268903023053900
2021/12/23 22:15:52 call elemId:1 time:1640268903129722000
2021/12/23 22:15:52 return elemId:1 time:1640268903160981900
2021/12/23 22:15:52 call elemId:2 time:1640268913488442700
2021/12/23 22:15:52 return elemId:2 time:1640268913536149700
2021/12/23 22:15:52 call elemId:3 time:1640268918163173300
2021/12/23 22:15:52 return elemId:3 time:1640268918237668500
2021/12/23 22:15:52 call elemId:4 time:1640268918286444900
2021/12/23 22:15:52 return elemId:4 time:1640268918365204100
2021/12/23 22:15:52 call elemId:5 time:1640268919780771200
2021/12/23 22:15:52 call elemId:6 time:1640268919827450700
2021/12/23 22:15:52 return elemId:5 time:1640268919842700500
2021/12/23 22:15:52 return elemId:6 time:1640268919874204900
2021/12/23 22:15:52 call elemId:7 time:1640268920544924700
2021/12/23 22:15:52 return elemId:7 time:1640268920591274800
2021/12/23 22:15:52 call elemId:8 time:1640268920668896900
2021/12/23 22:15:52 call elemId:9 time:1640268920698658700
2021/12/23 22:15:52 return elemId:8 time:1640268920716493400
2021/12/23 22:15:52 return elemId:9 time:1640268920748149100
2021/12/23 22:15:52 call elemId:10 time:1640268920794005700
2021/12/23 22:15:52 return elemId:10 time:1640268920856109100
2021/12/23 22:15:52 call elemId:11 time:1640268932314119300
2021/12/23 22:15:52 return elemId:11 time:1640268932344211400
2021/12/23 22:15:52 call elemId:12 time:1640268934991978300
2021/12/23 22:15:52 return elemId:12 time:1640268935039341600
2021/12/23 22:15:52 call elemId:13 time:1640268936280032200
2021/12/23 22:15:52 return elemId:13 time:1640268936325087400
2021/12/23 22:15:52 call elemId:14 time:1640268947279858400
2021/12/23 22:15:52 return elemId:14 time:1640268947335147400
2021/12/23 22:15:52 call elemId:0 time:1640268902726149800
2021/12/23 22:15:52 return elemId:0 time:1640268905968077000
2021/12/23 22:15:52 call elemId:1 time:1640268905997149200
2021/12/23 22:15:52 return elemId:1 time:1640268912409137600
2021/12/23 22:15:52 call elemId:2 time:1640268913536149700
2021/12/23 22:15:52 return elemId:2 time:1640268913584085800
2021/12/23 22:15:52 call elemId:10 time:1640268918163173300
2021/12/23 22:15:52 call elemId:3 time:1640268918286444900
2021/12/23 22:15:52 return elemId:3 time:1640268918365204100
2021/12/23 22:15:52 call elemId:4 time:1640268918425832200
2021/12/23 22:15:52 return elemId:4 time:1640268918471236000
2021/12/23 22:15:52 call elemId:6 time:1640268918503700300
2021/12/23 22:15:52 call elemId:5 time:1640268919297377400
2021/12/23 22:15:52 return elemId:5 time:1640268919338713300
2021/12/23 22:15:52 return elemId:6 time:1640268919780244800
2021/12/23 22:15:52 call elemId:7 time:1640268919920601100
2021/12/23 22:15:52 return elemId:7 time:1640268919982668600
2021/12/23 22:15:52 call elemId:8 time:1640268920404307000
2021/12/23 22:15:52 return elemId:8 time:1640268920466102500
2021/12/23 22:15:52 call elemId:9 time:1640268921028856000
2021/12/23 22:15:52 return elemId:9 time:1640268921166130400
2021/12/23 22:15:52 return elemId:10 time:1640268927563101700
2021/12/23 22:15:52 call elemId:11 time:1640268932344211400
2021/12/23 22:15:52 return elemId:11 time:1640268932389613300
2021/12/23 22:15:52 call elemId:12 time:1640268934808203500
2021/12/23 22:15:52 call elemId:13 time:1640268934808203500
2021/12/23 22:15:52 call elemId:14 time:1640268934808203500
2021/12/23 22:15:52 return elemId:12 time:1640268934870474000
2021/12/23 22:15:52 return elemId:13 time:1640268934901529100
2021/12/23 22:15:52 return elemId:14 time:1640268934901529100
2021/12/23 22:15:52 call elemId:15 time:1640268934901529100
2021/12/23 22:15:52 call elemId:16 time:1640268934947677600
2021/12/23 22:15:52 return elemId:15 time:1640268934976263600
2021/12/23 22:15:52 return elemId:16 time:1640268935007520800
2021/12/23 22:15:52 call elemId:17 time:1640268935026902200
2021/12/23 22:15:52 return elemId:17 time:1640268935091655200
2021/12/23 22:15:52 call elemId:18 time:1640268935229357300
2021/12/23 22:15:52 return elemId:18 time:1640268935364351000
2021/12/23 22:15:52 call elemId:21 time:1640268935796669400
2021/12/23 22:15:52 call elemId:19 time:1640268936110127600
2021/12/23 22:15:52 return elemId:19 time:1640268936186782100
2021/12/23 22:15:52 call elemId:20 time:1640268940668449600
2021/12/23 22:15:52 return elemId:20 time:1640268940714522200
2021/12/23 22:15:52 return elemId:21 time:1640268942474280900
2021/12/23 22:15:52 call elemId:22 time:1640268947335147400
2021/12/23 22:15:52 return elemId:22 time:1640268949476968600
2021/12/23 22:15:52 call elemId:1 time:1640268902726149800
2021/12/23 22:15:52 call elemId:0 time:1640268902726149800
2021/12/23 22:15:52 return elemId:0 time:1640268902976527200
2021/12/23 22:15:52 return elemId:1 time:1640268912252905900
2021/12/23 22:15:52 call elemId:2 time:1640268913584085800
2021/12/23 22:15:52 return elemId:2 time:1640268914766581500
2021/12/23 22:15:52 call elemId:3 time:1640268918163173300
2021/12/23 22:15:52 call elemId:5 time:1640268918163173300
2021/12/23 22:15:52 return elemId:3 time:1640268918317799300
2021/12/23 22:15:52 call elemId:4 time:1640268918455949600
2021/12/23 22:15:52 return elemId:4 time:1640268918503700300
2021/12/23 22:15:52 call elemId:7 time:1640268918519530400
2021/12/23 22:15:52 call elemId:9 time:1640268919204223500
2021/12/23 22:15:52 return elemId:5 time:1640268919220627700
2021/12/23 22:15:52 call elemId:6 time:1640268919486415300
2021/12/23 22:15:52 return elemId:6 time:1640268919548138600
2021/12/23 22:15:52 return elemId:7 time:1640268919672903100
2021/12/23 22:15:52 call elemId:8 time:1640268919719048800
2021/12/23 22:15:52 return elemId:8 time:1640268919780771200
2021/12/23 22:15:52 return elemId:9 time:1640268920388378700
2021/12/23 22:15:52 call elemId:10 time:1640268920856109100
2021/12/23 22:15:52 return elemId:10 time:1640268920918230900
2021/12/23 22:15:52 call elemId:11 time:1640268920981268600
2021/12/23 22:15:52 return elemId:11 time:1640268921028856000
2021/12/23 22:15:52 call elemId:12 time:1640268932389613300
2021/12/23 22:15:52 return elemId:12 time:1640268932420781600
2021/12/23 22:15:52 call elemId:13 time:1640268934808203500
2021/12/23 22:15:52 call elemId:14 time:1640268934808203500
2021/12/23 22:15:52 return elemId:13 time:1640268934852854100
2021/12/23 22:15:52 return elemId:14 time:1640268934901529100
2021/12/23 22:15:52 call elemId:15 time:1640268934915692200
2021/12/23 22:15:52 return elemId:15 time:1640268934947677600
2021/12/23 22:15:52 call elemId:16 time:1640268935054906400
2021/12/23 22:15:52 return elemId:16 time:1640268935100733800
2021/12/23 22:15:52 call elemId:17 time:1640268935135752300
2021/12/23 22:15:52 return elemId:17 time:1640268935176540600
2021/12/23 22:15:52 call elemId:18 time:1640268935229357300
2021/12/23 22:15:52 return elemId:18 time:1640268935364351000
2021/12/23 22:15:52 call elemId:19 time:1640268935579006400
2021/12/23 22:15:52 return elemId:19 time:1640268935626297200
2021/12/23 22:15:52 call elemId:20 time:1640268935626297200
2021/12/23 22:15:52 return elemId:20 time:1640268935673070200
2021/12/23 22:15:52 call elemId:21 time:1640268936511406800
2021/12/23 22:15:52 return elemId:21 time:1640268937539531200
2021/12/23 22:15:52 call elemId:22 time:1640268949476968600
2021/12/23 22:15:52 return elemId:22 time:1640268949510031400
info: wrote history visualization to C:\Users\未来\AppData\Local\Temp\1894904047.html
--- FAIL: TestSnapshotUnreliableRecoverConcurrentPartitionLinearizable3B (50.11s)
    test_test.go:376: history is not linearizable
FAIL
exit status 1
FAIL	6.824/kvraft	218.225s
