Test: InstallSnapshot RPC (3B) ...
  ... Passed --   3.6  3  1935   63
Test: snapshot size is reasonable (3B) ...
  ... Passed --   3.5  3  3699  800
Test: ops complete fast enough (3B) ...
  ... Passed --   5.1  3  4267    0
Test: restarts, snapshots, one client (3B) ...
  ... Passed --  20.3  5 21162 3200
Test: restarts, snapshots, many clients (3B) ...
  ... Passed --  21.3  5 67275 11933
Test: unreliable net, snapshots, many clients (3B) ...
  ... Passed --  29.7  5  3489  148
Test: unreliable net, restarts, snapshots, many clients (3B) ...
  ... Passed --  34.4  5  3006  188
Test: unreliable net, restarts, partitions, snapshots, many clients (3B) ...
--- FAIL: TestSnapshotUnreliableRecoverConcurrentPartition3B (12.73s)
    test_test.go:138: 4 missing element x 4 0 y in Append result 
Test: unreliable net, restarts, partitions, snapshots, random keys, many clients (3B) ...
  ... Passed --  67.3  7 14087  363
FAIL
exit status 1
FAIL	6.824/kvraft	198.342s
